sl-17
Belgije	Belgija	LOC	GPE-Belgium
Belgiji	Belgija	LOC	GPE-Belgium
Bert Logar	Bert Logar	PER	PER-Bert-Logar
Bokalova	Bokal	PER	PER-Damjana-Bokal
Croatia Airlines	Croatia Airlines	ORG	ORG-Croatia-Airlines
Damjana Bokal	Damjana Bokal	PER	PER-Damjana-Bokal
EPC	EPC	ORG	ORG-EPC-European-Consumer-Centre-Slovenia
EU	EU	ORG	ORG-European-Union
Evropi	Evropa	LOC	LOC-Europe
Evropskega potrošniškega centra	Evropski potrošniški center	ORG	ORG-EPC-European-Consumer-Centre-Slovenia
Frankfurtu	Frankfurt	LOC	GPE-Frankfurt-am-Main
Haarlemu	Haarlem	LOC	GPE-Haarlem
Irske	Irska	LOC	GPE-Ireland
Jadrana	Jadran	LOC	LOC-Adriatic-sea
Kenny Jacobs	Kenny Jacobs	PER	PER-Kenny-Jacobs
Logar	Logar	PER	PER-Bert-Logar
Martin Lindgren	Martin Lindgren	PER	PER-Martin-Lindgren
Martin Locher	Martin Locher	PER	PER-Martin-Locher
Nemčiji	Nemčija	LOC	GPE-Germany
Orci	Orca	ORG	ORG-Organisation-of-Croatia-Airlines-Workers
Portugalskem	Portugalska	LOC	GPE-Portugal
Posvetu	Po svetu	PRO	PRO-Po-svetu
Pulj	Pulj	LOC	GPE-Pulj
Pulja	Pulj	LOC	GPE-Pulj
Pulju	Pulj	LOC	GPE-Pulj
Ryanair	Ryanair	ORG	ORG-Ryanair
Ryanaira	Ryanair	ORG	ORG-Ryanair
Ryanairovi	Ryanairov	ORG	ORG-Ryanair
Ryanairu	Ryanair	ORG	ORG-Ryanair
Rynaira	Rynair	ORG	ORG-Ryanair
SPF	SPF	ORG	ORG-SPF-Svensk-Pilotförening
Slovenija	Slovenija	LOC	GPE-Slovenia
Sloveniji	Slovenija	LOC	GPE-Slovenia
VC	VC	ORG	ORG-Vereinigung-Cockpit
Vereinigung Cockpit	Vereinigung Cockpit	ORG	ORG-Vereinigung-Cockpit
Zadar	Zadar	LOC	GPE-Zadar
Zadra	Zadar	LOC	GPE-Zadar
Zadru	Zadar	LOC	GPE-Zadar
Zagrebško	Zagrebški	LOC	GPE-Zagreb
Zagrebško	Zagrebški	ORG	GPE-Zagreb
sindikat Orca	sindikat Orca	ORG	ORG-Organisation-of-Croatia-Airlines-Workers
Španiji	Španija	LOC	GPE-Spain
Švedske	Švedska	LOC	GPE-Sweden
