sl-48
737	737	PRO	PRO-Boeing-737
Adria Airways	Adria Airways	ORG	ORG-Adria-Airways
Air New Zealand	Air New Zealand	ORG	ORG-Air-New-Zealand
AirlineRatings.com	AirlineRatings.com	PRO	PRO-AirlineRatings.com
Alaska Airlines	Alaska Airlines	ORG	ORG-Alaska-Airlines
All Nippon Airways	All Nippon Airways	ORG	ORG-All-Nippon-Airways
British Airways	British Airways	ORG	ORG-British-Airways
Cathay Pacific Airways	Cathay Pacific Airways	ORG	ORG-Cathay-Pacific-AIrways
Chicagu	Chicago	LOC	GPE-Chicago
EVA Air	EVA Air	ORG	ORG-EVA-Air
EasyJet	EasyJet	ORG	ORG-EasyJet
Emirates	Emirates	ORG	ORG-Emirates
Etihad Airways	Etihad Airways	ORG	ORG-Etihad-Airways
Finnair	Finnair	ORG	ORG-Finnair
Hawaiian Airlines	Hawaiian Airlines	ORG	ORG-Hawaiian-Airlines
Japan Airlines	Japan Airlines	ORG	ORG-Japan-Airlines
KLM	KLM	ORG	ORG-KLM
Lufthansa	Lufthansa	ORG	ORG-Lufthansa
Qantas	Qantas	ORG	ORG-Quantas
Qatar Airways	Qatar Airways	ORG	ORG-Qatar-Airways
Rimu	Rim	LOC	GPE-Rome
Royal Jordanian Airlines	Royal Jordanian Airlines	ORG	ORG-Royal-Jordanian-Airlines
Ryanair	Ryanair	ORG	ORG-Ryanair
Scandinavian Airline System	Scandinavian Airline System	ORG	ORG-Scandinavian-Airline-System
Southwest	Southwest	ORG	ORG-Southwest-Airlines
Swiss	Swiss	ORG	ORG-Swiss-International-Air-Lines
Virgin Atlantic	Virgin Atlantic	ORG	ORG-Virgin-Atlantic
Virgin Australia	Virgin Australia	ORG	ORG-Virgin-Australia
airlineratings.com	airlineratings.com	PRO	PRO-AirlineRatings.com
mednarodnim letališčem Düsseldorf	mednarodno letališče Düsseldorf	LOC	ORG-DUS-Düsseldorf-Airport
