sl-75
Agaba	Akaba	LOC	GPE-Aqaba
Alicante	Alicante	LOC	GPE-Alicante
Aman	Aman	LOC	GPE-Amman
Atene	Atene	LOC	GPE-Athens
Barcelona	Barcelona	LOC	GPE-Barcelona
Bari	Bari	LOC	GPE-Bari
Benetke	Benetke	LOC	GPE-Venice
Bratislave	Bratislava	LOC	GPE-Bratislava
Bratislavi	Bratislava	LOC	GPE-Bratislava
Brindisi	Brindisi	LOC	GPE-Brindisi
Budimpešta	Budimpešta	LOC	GPE-Budapest
Cagliari	Cagliari	LOC	GPE-Cagliari
Castelon	Castelon	LOC	GPE-Castellon
Catania	Catania	LOC	GPE-Catania
Ciper	Ciper	LOC	GPE-Cyprus
Dubaj	Dubaj	LOC	GPE-Dubai
Dunaj	Dunaj	LOC	GPE-Vienna
Dunaja	Dunaj	LOC	GPE-Vienna
Easyjet	Easyjet	ORG	ORG-EasyJet
Egipt	Egipt	LOC	GPE-Egypt
Eilat Ramon	Eilat Ramon	LOC	GPE-Eilat-Ramon
Faro	Faro	LOC	GPE-Faro
Fez	Fez	LOC	GPE-Fez
Fuerteventura	Fuerteventura	LOC	GPE-Fuerteventura
Gran Canaria	Gran Canaria	LOC	GPE-Gran-Canaria
Grčija	Grčija	LOC	GPE-Greece
Hurgada	Hurgada	LOC	GPE-Hurghada
Italija	Italija	LOC	GPE-Italy
Italije	Italija	LOC	GPE-Italy
Izrael	Izrael	LOC	GPE-Israel
Jordanija	Jordanija	LOC	GPE-Jordan
Lamezia	Lamezia	LOC	GPE-Lamezia
Lanzarote	Lanzarote	LOC	GPE-Lanzarote
Larmaca	Larnaca	LOC	GPE-Larnaca
Letališče Franza Liszta	Letališče Franza Liszta	LOC	LOC-Budapest-Ferenc-Liszt-International-Airport
Letališče Marco Polo	Letališče Marco Polo	LOC	LOC-Venice-Marco-Polo-Airport
Letališče Ronchi	Letališče Ronchi	LOC	LOC-Trieste-Airport
Letališče Schwechat	Letališče Schwechat	LOC	LOC-Vienna-International-Airport
Letališče Treviso	Letališče Treviso	LOC	LOC-Treviso-Airport
Lizbona	Lizbona	LOC	GPE-Lisbon
Madrid	Madrid	LOC	GPE-Madrid
Malaga	Malaga	LOC	GPE-Malaga
Malta	Malta	LOC	GPE-Malta
Malto	Malta	LOC	GPE-Malta
Marakeš	Marakeš	LOC	GPE-Marrakesh
Maroko	Maroko	LOC	GPE-Morocco
Marsa Alam	Marsa Alam	LOC	GPE-Marsa-Alam
Neapelj	Neapelj	LOC	GPE-Naples
Palermo	Palermo	LOC	GPE-Palermo
Palma de Malorca	Palma de Mallorca	LOC	GPE-Palma-de-Mallorca
Paphos	Paphos	LOC	GPE-Paphos
Porto	Porto	LOC	GPE-Porto
Portugalska	Portugalska	LOC	GPE-Portugal
Rim	Rim	LOC	GPE-Rome
Ryanair	Ryanair	ORG	ORG-Ryanair
Sevilia	Sevilla	LOC	GPE-Seville
Sevilla	Sevilla	LOC	GPE-Seville
Seville	Sevilla	LOC	GPE-Seville
Solun	Solun	LOC	GPE-Solun
Tel Aviv	Tel Aviv	LOC	GPE-Tel-Aviv
Tenerife	Tenerife	LOC	GPE-Tenerife
Trst	Trst	LOC	GPE-Trieste
Valencia	Valencia	LOC	GPE-Valencia
Valleta	Valleta	LOC	GPE-Valletta
Wizzair	Wizzair	ORG	ORG-Wizz-Air
Združeni arabski Emirati	Združeni arabski Emirati	LOC	GPE-UEA-United-Arab-Emirates
Španija	Španija	LOC	GPE-Spain
