ryanair wiki
Ryanair	Ryanair	ORG	244-14
Dublinie	Dublin	LOC	229-1
Europie	Europa	LOC	206-26
Boeing 737 - 800	Boeing 737 - 800	PRO	236-1
Tony’ego Ryana	Tonyka Ryan	PER	225-47
Waterford	Waterford	LOC	259-34
WAT	WAT	LOC	259-26
portu lotniczego Londyn - Gatwick	port lotniczy Londyn - Gatwick	LOC	210-57
LGW	LGW	LOC	248-91
Europy	Europa	LOC	206-26
Izraelu	Izrael	LOC	224-0
Cyprze	Cypra	LOC	255-45
Maroku	Maroko	LOC	209-10
Polsce	Polska	LOC	210-11
lotniska Strachowice	lotnisko Strachowice	LOC	248-41
WRO	WRO	LOC	259-28
Londynu - Stansted	Londyn - Stansted	LOC	248-57
STN	STN	LOC	221-55
Boeing 737-8AS	Boeing 737-8AS	PRO	236-1
Krakowie	Kraków	LOC	223-11
KRK	KRK	LOC	223-38
Ryanair Sun	Ryanair Sun	ORG	244-14
Poznania	Poznań	LOC	210-20
Zakintos	Zakintos	LOC	230-12
