pl-139
Ryanair	Ryanair	ORG	244-14
Irlandzkie Stowarzyszenie Pilotów IALPA	irlandzki stowarzyszenie pilot IAlPA	ORG	224-30
Ryanaira	Ryanaira	ORG	244-14
Europie	Europa	LOC	206-26
Afryce	Afryka	LOC	218-16
IALPA	IAlPA	ORG	224-6
FORSA	FORSA	ORG	254-11
Rzeczpospolita	Rzeczpospolita	PRO	244-18
Skycontrol	Skycontrol	ORG	221-14
Bernie	Bernie	LOC	236-14
Lugano	Lugano	LOC	248-16
Genewie	Genewo	LOC	226-3
Sion	Sion	LOC	221-15
Hiszpanii	Hiszpania	LOC	243-3
Belgii	Belgia	LOC	236-26
Portugalii	Portugalia	LOC	210-16
Włoszech	Włochy	LOC	259-3
Rz	Rz	PRO	244-18
Austrian Airlines	Austrian Airlines	ORG	218-2
