pl-833
Ryanair Sun	Ryanair Sun	ORG	244-14
Okręgowego Inspektoratu Pracy	okręgowy inspektorat praca	ORG	240-23
Polsce	Polska	LOC	210-11
Europie	Europa	LOC	206-26
Business Insider Polska	business Insider Polska	PRO	236-57
PiP	PiP	ORG	210-46
polskie	polski	LOC	xxx
Warsaw Aviation	Warsaw Aviation	ORG	259-9
Ryanair DAC	Ryanair dac	ORG	244-14
Michał Kaczmarzyk	Michał Kaczmarzyk	PER	209-77
Rynek Lotniczy	rynek lotniczy	PRO	244-24
Irlandii	Irlandia	LOC	224-3
ZUS-owi	ZUS	ORG	230-13
Justyna Boczkur	Justyna Boczkur	PER	204-5
CWR Poland	CWR Poland	ORG	255-14
Rynkiem Lotniczym	rynek lotniczy	PRO	244-55
Ryanaira	Ryanaira	ORG	244-14
Business Insider	business Insider	PRO	236-80
Belgii	Belgia	LOC	236-26
Hiszpanii	Hiszpania	LOC	243-3
Holandii	Holandia	LOC	243-4
Niemiec	Niemcy	LOC	238-8
Portugalii	Portugalia	LOC	210-16
Włoch	Włochy	LOC	259-10
