pl-678
Niemcy	Niemiec	LOC	238-9
Ryanair	Ryanair	ORG	244-14
Polski	Polska	LOC	210-14
Vereinigung Cockpit	Vereinigung Cockpit	ORG	247-4
VC	VC	ORG	247-16
Verdi	Verdi	ORG	247-7
Associated Press	Associated Press	ORG	218-24
polskich	polski	LOC	210-26
Krakowa	Kraków	LOC	223-11
Berlina	Berlin	LOC	236-29
Modlina	Modlin	LOC	209-19
Warszawą	Warszawa	LOC	259-12
Kolonii	Kolonia	LOC	223-13
Ryanaira	Ryanaira	ORG	244-14
Niemczech	Niemcy	LOC	238-8
Frankfurcie	Frankfurt	LOC	254-27
Berlinie	Berlin	LOC	236-29
Europie	Europa	LOC	206-26
Holandii	Holandia	LOC	243-4
Belgii	Belgia	LOC	236-26
Szwecji	Szwecja	LOC	221-13
