pl-183
Ryanair	Ryanair	ORG	244-14
Modlina	Modlin	LOC	209-19
Hiszpanii	Hiszpania	LOC	243-3
Belgii	Belgia	LOC	236-26
KRZYSZTOF KAPICA	KRZYSZTOF KAPiCa	PER	223-24
Warszawy	Warszawa	LOC	259-12
Lotniska w Modlinie	lotnisko w Modlin	LOC	248-17
Alicante	Alicante	LOC	218-15
Brukseli	Bruksela	LOC	236-20
Portugalii	Portugalia	LOC	210-16
FR1058	FR1058	PRO	254-16
Warszawa	Warszawa	LOC	259-12
Modlin	Modlin	LOC	209-19
Bruksela	Bruksela	LOC	236-20
Charleroi	Charlero	LOC	255-8
FR1057	FR1057	PRO	254-15
FR1001	FR1001	PRO	254-39
FR1002	FR1002	PRO	254-43
Ryanaira	Ryanaira	ORG	244-14
