pl-471
Ryanaira	Ryanaira	ORG	244-14
Polaków	Polak	PER	210-13
Dusseldorf	Dusseldorf	LOC	229-9
Bydgoszcz	Bydgoszcz	LOC	236-40
Modlina	Modlin	LOC	209-19
Kolonii	Kolonia	LOC	223-13
Memmingen	Memmingen	LOC	209-40
Sztokholmu	Sztokholm	LOC	221-18
Brukseli	Bruksela	LOC	236-20
Krakowem	Kraków	LOC	223-11
Berlinem	Berlin	LOC	236-29
Norymbergą	Norymberga	LOC	238-10
Sztokholmem	Sztokholm	LOC	221-18
Brukselą	Bruksela	LOC	236-20
Niemiec	Niemcy	LOC	238-8
Modlin	Modlin	LOC	209-19
Karlsruhe	Karlsruhe	LOC	223-21
Irlandii	Irlandia	LOC	224-3
VC	VC	ORG	247-16
Niemczech	Niemcy	LOC	238-8
Martin Locher	Martin Locher	PER	209-23
Ryanair	Ryanair	ORG	244-14
Locher	Locher	PER	248-23
Hiszpanii	Hiszpania	LOC	243-3
Portugalii	Portugalia	LOC	210-16
Belgii	Belgia	LOC	236-26
