sl-6
CFM International	CFM International	ORG	ORG-CFM-International
CFM-jeva	CFM	ORG	ORG-CFM-International
CFM56-7B	CFM56-7B	PRO	PRO-Motor CFM56-7B
Chesleyjem "Sully" Sullenbergerjem	Chesley "Sully" Sullenberger	PER	PER-Chelsey-Sullenberger
Dallasa	Dallas	LOC	GPE-Dallas
Filadelfije	Filadelfija	LOC	GPE-Philadelphia
Filadelfiji	Filadelfija	LOC	GPE-Philadeplhia
Flybe	Flybe	ORG	ORG-Flybe
Jennifer Riordan	Jennifer Riordan	PER	PER-Jennifer-Riordan
Jet2	Jet2	ORG	ORG-Jet2
New Mexica	New Mexico	LOC	GPE-New-Mexico
New Yorka	New York	LOC	GPE-New-York
Riordanova	Riordan	PER	PER-Jennifer-Riordan
Robert Sumwalt	Robert Sumwalt	PER	PER-Robert-Sumwalt
Ryanair	Ryanair	ORG	ORG-Ryanair
Southwest Airlines	Southwest Airlines	ORG	ORG-Southwest-Airlines
Southwest	Southwest	ORG	ORG-Southwest-Airlines
Southwestu	Southwest	ORG	ORG-Southwest-Airlines
Tammie Jo Shults	Tammie Jo Shults	PER	PER-Tammy-Jo-Shults
Thomas Cook Airlines	Thomas Cook Airlines	ORG	ORG-Thomas-Cook-Airlines
Virgin Atlantic	Virgin Atlantic	ORG	ORG-Virgin-Atlantic
ZDA	ZDA	LOC	GPE-USA
boeingih 737	boeing 737	PRO	PRO-Boeing-737
reki Hudson	reka Hudson	LOC	LOC-Hudson-river
