uk-282
Ryanair	Ryanair	ORG	ORG-Ryanair
ЄС	ЄС	LOC	ORG-European-Union
Європейський суд	Європейський суд	ORG	ORG-European-Court-of-Justice
Європейському Союзі	Європейський Союз	ORG	ORG-European-Union
Європейської комісії	Європейська комісія	ORG	ORG-European-Commission
Європейської федерації працівників транспорту	Європейська федерація працівників транспорту	ORG	ORG-ETF-European-Transport-Workers'-Federation
Європейські федерації працівників транспорту	Європейська федерація працівників транспорту	ORG	ORG-ETF-European-Transport-Workers'-Federation
Європою	Європа	LOC	GPE-Europe
Європі	Європа	LOC	GPE-Europe
Ірландії	Ірландія	LOC	GPE-Ireland
Іспанії	Іспанія	LOC	GPE-Spain
Італії	Італія	LOC	GPE-Italy
Бельгійського трудового суду	Бельгійський трудовий суд	ORG	ORG-Labor-Court-Belgium
Бельгії	Бельгія	LOC	GPE-Belgium
Брюсселем	Брюссель	LOC	GPE-Brussles
Віолета Булк	Віолета Булк	PER	PER-Violeta-Bulc
Джеймс Бартоломеуш	Джеймс Бартоломеуш	PER	PER-James-Bartholomeusz
Кенні Джейкобс	Кенні Джейкобс	PER	PER-Kenny-Jacobs
Кол Стенглер	Кол Стенглер	PER	PER-Cole-Stangler
Майкл О’Лірі	Майкл О'Лірі	PER	PER-Michael-O'Leary
Маріанна Тіссен	Маріанна Тіссен	PER	PER-Marianne-Thyssen
Міжнародною федерацією працівників транспорту	Міжнародна федерація працівників транспорту	ORG	ORG-ITF-International-Transport-Workers-Federation
Міжнародної федерації працівників транспорту	Міжнародна федерація працівників транспорту	ORG	ORG-ITF-International-Transport-Workers-Federation
Міжнародну	Міжнародна	ORG	ORG-ITF-International-Transport-Workers-Federation
Нідерландах	Нідерланди	LOC	GPE-Holland
Нідерландів	Нідерланди	LOC	GPE-Holland
Німеччині	Німеччина	LOC	GPE-Germany
Португалії	Португалія	LOC	GPE-Portugal
Сильва	Сильва	PER	PER-Gustavo-Silva
Сільва	Сільва	PER	PER-Gustavo-Silva
