bg_3071
 Ажа Биби	Ажа Биби	PER	PER-Asia-Bibi
 Памела Гелер	Памела Гелер	PER	PER-Pamela-Geller
ANS-ASSIST News Service	ANS-ASSIST News Service	ORG	ORG-Bibby-Financial-Services
American Thinker	American Thinker	PRO	PRO-American-Thinker
WND Books	WND Books	ORG	ORG-WND-Books
www.AmericanThinker.com	www.AmericanThinker.com	PRO	PRO-American-Thinker
www.AtlasShrugs.com	www.AtlasShrugs.com	PRO	PRO-AtlasShrugs-site
Ажа Биби	Ажа Биби	PER	PER-Asia-Bibi
Ажа	Ажа	PER	PER-Asia-Bibi
Алишба	Алишба	PER	PER-Alishba
Америка	Америка	LOC	LOC-America
Бога	Бог	PER	PER-God
Гелер	Гелер	PER	PER-Pamela-Geller
Господа	Господ	PER	PER-God
Живот за всеки	Живот за всеки	ORG	ORG-Life-For-All
Исламабад	Исламабад	LOC	GPE-Islamabad
Ксавие Уилям	Ксавие Уилям	PER	PER-Xavier-William
Майкъл Айърлънд	Майкъл Айърлънд	PER	PER-Michael-Ireland
Нашвил	Нашвил	LOC	GPE-Nashville
Пакистан	Пакистан	LOC	GPE-Pakistan
Памела Гелер	Памела Гелер	PER	PER-Pamela-Geller
Районния съд в Лахор	Районен съд в Лахор	ORG	ORG-Lahore-District-Court
Рождество	Рождество	EVT	EVT-Christmas
САЩ	САЩ	LOC	GPE-USA
Спрете ислямизацията на Америка: практическо ръководство за съпротива	Спрете ислямизацията на Америка: практическо ръководство за съпротива	PRO	PRO-Stop-the-Islamization-of-America-book
Уилям	Уилям	PER	PER-Xavier-William
Хюстън	Хюстън	LOC	GPE-Houston
„Живот за всеки” в Исламабад	„Живот за всеки” в Исламабад	ORG	ORG-Life-For-All-Islamabad
