ru-174
Пакистанские	пакистанский	LOC	13-26
министерства иностранных дел Пакистана	министерство иностранный дело Пакистан	ORG	32-12
Биби	Биби	PER	9-0
Асия Биби	Асия Биби	PER	11-4
Пакистана	Пакистан	LOC	13-23
Помощь Церкви в нужде»	помощь Церковь в нужде»	ORG	13-44
Франциском	Франциск	PER	8-9
Ватикане	Ватикан	LOC	14-7
Асия	Асия	PER	11-8
США	США	LOC	42-21
Великобритании	Великобритания	LOC	14-0
Канады	Канада	LOC	38-47
Мухаммада	Мухаммад	PER	32-19
Верховный суд	верховный суд	ORG	14-5
Карачи	Карачи	LOC	38-5
Лахоре	Лахор	LOC	48-2
Пешаваре	Пешавар	LOC	13-18
Исламабаде	Исламабад	LOC	43-0
Верховного суда	верховный суд	ORG	14-5
Пенджаба	Пенджаб	LOC	13-4
Салман Тасир	Салман Тасир	PER	42-17
Мумтаз Кадри	Мумтаз Кадри	PER	32-22
Исламабада	Исламабад	LOC	43-0
Русской православной церкви	русский православный церковь	ORG	30-11
Кирилл	Кирилл	PER	38-9
Пакистане	Пакистан	LOC	13-23
Корану	Коран	PRO	38-6
