ru-89
Пакистане	Пакистан	LOC	13-23
Асия Биби	Асия Биби	PER	11-4
Пакистанский суд	пакистанский суд	ORG	13-27
Асии Биби	Асия Биби	PER	11-26
Асию	Асия	PER	11-9
Мухаммеда	Мухаммед	PER	32-19
Пакистана	Пакистан	LOC	13-23
Имран Хан	Имран Хан	PER	43-5
Карачи	Карачи	LOC	38-5
Лахоре	Лахор	LOC	48-2
Пешаваре	Пешавар	LOC	13-18
Мултане	Мултан	LOC	32-4
TLP	TLP	ORG	21-24
Мухаммед Афзал Кадри	Мухаммед Афзал Кадри	PER	32-20
Верховного суда	верховный суд	ORG	14-5
Исламабаде	Исламабад	LOC	43-0
Верховный суд	верховный суд	ORG	14-5
Сахиб Нисар	Сахиб Нисар	PER	42-40
Шекхупуре	Шекхупур	LOC	47-1
Франс пресс	Франс пресс	ORG	8-18
Биби	Биби	PER	9-0
Мухаммеде	Мухаммед	PER	32-19
Секундер Кермани	Секундер Кермани	PER	42-50
Пенджаба	Пенджаб	LOC	13-4
Салман Тасир	Салман Тасир	PER	42-17
Мумтаз Кадри	Мумтаз Кадри	PER	32-22
Исламабада	Исламабад	LOC	43-0
Верховном суде	верховный суд	ORG	14-5
Корану	Коран	PRO	38-6
Хадиса	Хадиса	PRO	1-11
Ахмади	Ахмади	ORG	11-46
США	США	LOC	42-21
Афганистане	Афганистан	LOC	11-22
Асия	асия	PER	11-8
Асию Биби	Асия Биби	PER	11-3
