ru-143
Пакистане	Пакистан	LOC	13-23
Асии Биби	Асия Биби	PER	11-26
Верховным судом Пакистана	верховный суд Пакистан	ORG	14-1
пакистанские	пакистанский	LOC	13-26
Пакистана	Пакистан	LOC	13-23
Европу	Европа	LOC	26-6
Пакистан	Пакистан	LOC	13-23
ТЛП	ТЛП	ORG	4-9
пакистанское	пакистанский	LOC	13-26
Нур-уль-Хак Кадри	Нур-уль-Хак Кадри	PER	39-2
AFP	AFP	ORG	12-4
Общества защиты притесняемых народов ( GfbV	Общество защита притеснять народ ( GfbV	ORG	10-2
Ульрих Делиус (	Ульрих Делиус (	PER	27-3
Ulrich Delius	Ulrich Delius	PER	3-2
The Dawn	The Dawn	ORG	21-16
Верховного суда	верховный суд	ORG	14-5
Хадим Ризви	Хадим Ризви	PER	1-4
Имран Хан	Имран Хан	PER	43-5
Корана	Коран	PRO	38-6
Хан	Хан	PER	1-5
Асия Биби	Асия Биби	PER	11-4
Мухаммеда	Мухаммед	PER	32-19
Биби	Биби	PER	9-0
Асию Биби	Асия Биби	PER	11-3
