ru-113
Верховный суд Пакистана	верховный суд Пакистан	ORG	14-1
Асию Биби	Асия Биби	PER	11-3
Мухаммада	Мухаммад	PER	32-19
Асия Биби	Асия Биби	PER	11-4
Биби	Биби	PER	9-0
Верховный суд	верховный суд	ORG	14-5
Коран	Коран	PRO	38-6
Верховного суда	верховный суд	ORG	14-5
AFP	AFP	ORG	12-4
Карачи	Карачи	LOC	38-5
Лахоре	Лахор	LOC	48-2
Пешаваре	Пешавар	LOC	13-18
Пакистана	Пакистан	LOC	13-23
Исламабаде	Исламабад	LOC	43-0
Пакистане	Пакистан	LOC	13-23
Пенджаба	Пенджаб	LOC	13-4
Салман Тасир	Салман Тасир	PER	42-17
Мумтаз Кадри	Мумтаз Кадри	PER	32-22
Исламабада	Исламабад	LOC	43-0
Русской православной церкви	русский православный церковь	ORG	xxx
Кирилл	Кирилл	PER	38-9
Корану	Коран	PRO	38-6
Римши Масих	Римши Масих	PER	30-15
Корана	Коран	PRO	38-6
Таймура Разу	Таймур Раз	PER	4-12
Раза	раз	PER	xxx
Facebook	Фейсбук	PRO	xxx
