ru-147
Пакистане	Пакистан	LOC	13-23
Верховный суд Пакистана	верховный суд Пакистан	ORG	14-1
Асию Биби	Асия Биби	PER	11-3
Мухаммеда	Мухаммед	PER	32-19
Биби	Биби	PER	9-0
Верховного суда	верховный суд	ORG	14-5
Сакиб Нисар	Сакиб Нисар	PER	42-16
Иисусу	Иисус	PER	43-7
Техрик - э Лаббейк	Техрик - эра Лаббейк	ORG	4-17
CNN	CNN	ORG	46-8
Исламабаде	Исламабад	LOC	43-0
Лахоре	Лахор	LOC	48-2
Иттан	Иттан	LOC	43-19
Асия	асия	PER	11-8
Асию	Асия	PER	11-9
Мухаммеде	Мухаммед	PER	32-19
Асии	Асия	PER	11-31
Пенджаб	Пенджаб	LOC	13-4
Салман Тасир	Салман Тасир	PER	42-17
Мумтаз Кадри	Мумтаз Кадри	PER	32-22
Тасира	Тасир	PER	4-1
Асии Биби	Асия Биби	PER	11-26
Кирилл	Кирилл	PER	38-9
Франциском	Франциск	PER	8-9
Пакистана	Пакистан	LOC	13-23
Мамнуну Хусейну	Мамнун Хусейн	PER	32-17
Ватикане	Ватикан	LOC	14-7
Асия Биби	Асия Биби	PER	11-4
Иисуса Христа	Иисус Христос	PER	43-9
