ru-2019-4
Пакистана	Пакистан	LOC	13-23
Асия Биби	Асия Биби	PER	11-4
МИД Пакистана	МИД Пакистан	ORG	32-14
ТАСС	ТАСС	ORG	4-14
Верховного суда	верховный суд	ORG	14-5
Министерстве иностранных дел Пакистана	Министерство иностранный дело Пакистан	ORG	32-12
Мухаммад Файсал	Мухаммад Файсал	PER	32-19
Асию Биби	Асия Биби	PER	11-3
Биби	Биби	PER	9-0
Мамнуну Хусейну	Мамнун Хусейн	PER	32-17
Асии Биби	Асия Биби	PER	11-26
Кирилл	Кирилл	PER	38-9
Пенджаб	Пенджаб	LOC	13-4
Асии	Асия	PER	11-31
Великобританию	Великобритания	LOC	14-0
Соединенные Штаты	Соединить Штат	LOC	42-39
Канаду	Канада	LOC	38-17
Асию	Асия	PER	11-9
Нидерландах	Нидерланды	LOC	39-6
