ru-126
Пакистане	Пакистан	LOC	13-23
Верховного суда	верховный суд	ORG	14-5
Асию Биби	Асия Биби	PER	11-3
Имрана Хана	Имран Хан	PER	43-5
Техрик - э-Лабаик	Техрик - э-лабаик	ORG	4-11
Джамаат уд-Дава	Джамаат уд-дав	ORG	44-34
Хафизом Саидом	Хафиз Саид	PER	1-6
ООН	ООН	ORG	10-1
Техрик - э-Лабаик»	Техрик - э-лабаик»	ORG	4-11
Хадимом Хусейном Ризви	Хадим Хусейн Ризви	PER	1-7
Ризви	Ризви	PER	30-0
Асии Биби	Асия Биби	PER	11-26
The Guardian	The Guardian	PRO	21-15
Пакистана	Пакистан	LOC	13-23
Китае	Китай	LOC	38-1
Асия Биби	асия Биби	PER	11-4
Мухаммада	Мухаммад	PER	32-19
Биби	Биби	PER	9-0
Верховный суд	верховный суд	ORG	14-5
Пенджаба	Пенджаб	LOC	13-4
Салман Тасир	Салман Тасир	PER	42-17
Мумтаз Кадри	Мумтаз Кадри	PER	32-22
Исламабада	Исламабад	LOC	43-0
Русской православной церкви	русский православный церковь	ORG	30-11
Кирилл	Кирилл	PER	38-9
Корану	Коран	PRO	38-6
