ru-172
Пакистане	Пакистан	PER	13-24
КИЕВ	КИЕВ	LOC	38-61
УНН	унн	ORG	27-4
Асия Биби	Асия Биби	PER	11-4
Норин	Норин	PER	39-4
США	США	LOC	42-21
Reuters	Reuters	ORG	37-19
Биби	Биби	PER	9-0
Иисуса Христа	Иисус Христос	PER	43-9
Мухаммед	Мухаммед	PER	32-19
Асии Биби	Асия Биби	PER	11-26
пакистанец	пакистанец	PER	13-14
высшим судом Пакистана	высший суд Пакистан	ORG	14-1
Шахбаз Бхатти	Шахбаз Бхатти	PER	47-2
Пенджаб	Пенджаб	LOC	13-4
Салман Тасир	Салман Тасир	PER	42-17
Верховный суд Пакистана	верховный суд Пакистан	ORG	14-1
Верховным судом	верховный суд	ORG	14-5
Китая	Китай	LOC	38-1
Синьцзян-Уйгурском автономном районе	Синьцзян-Урскирск автономный район	LOC	42-34
СУАР	СУАР	LOC	42-56
