ru-132
Асии Биби	Асия Биби	PER	11-26
Асии Норин	Асия Норин	PER	11-53
Великобритании	Великобритания	LOC	14-0
США	США	LOC	42-21
Канаде	Канада	LOC	38-14
Ашик Масих	Ашик Масих	PER	11-11
Ashiq Masih	Ashiq Masih	PER	12-6
Пакистане	Пакистан	LOC	13-23
Верховный суд	верховный суд	ORG	14-5
Масих	Масих	PER	32-8
Deutsche Welle Asia	Deutsche Welle Asia	PRO	24-15
пакистанские	пакистанский	LOC	13-26
Биби	Биби	PER	9-0
Техрик - э-Лабаик»	Техрик - э-лабаик»	ORG	4-11
TLP	TLP	ORG	xxx
Асию Биби	Асия Биби	PER	11-3
Саиф Мулук	Саиф Мулук	PER	42-38
Saif Mulook	Saif Mulook	PER	15-44
Пакистан	Пакистан	LOC	13-23
Пакистана	Пакистан	LOC	13-23
Фавад Чаудри	Фавад Чаудри	PER	8-14
Асия Биби	асия Биби	PER	11-4
Мухаммада	Мухаммад	PER	32-19
Исламабадом	Исламабад	LOC	43-10
Равалпинди	Равалпинди	LOC	30-5
Пенджаб	Пенджаб	LOC	13-4
Пенджаба	Пенджаб	LOC	13-4
Салман Тасир	Салман Тасир	PER	42-17
Мумтаз Кадри	Мумтаз Кадри	PER	32-22
Корану	Коран	PRO	38-6
Таймура Разу	Таймур Раз	PER	4-12
Раза	раз	PER	30-20
Facebook	Фейсбук	PRO	xxx
