ru-145
Пакистане	Пакистан	LOC	13-23
Исламабад	Исламабад	LOC	43-0
Карачи	Карачи	LOC	38-5
Пешаваре	Пешавар	LOC	13-18
Биби	Биби	PER	9-0
Техрик - э-Лабайк Пакистан	Техрик - э-Лабайк Пакистан	ORG	4-10
Хадим Хусейн Ризви	Хадим Хусейн Ризви	PER	1-7
Пакистана	Пакистан	LOC	13-23
Имрана Хана	Имран Хан	PER	43-5
Верховного суда	верховный суд	ORG	14-5
Хадим Резви	Хадим Резви	PER	1-13
Пророка	Пророк	PER	13-28
Пакистан	Пакистан	LOC	13-23
Асия Биби	асия Биби	PER	11-4
Асия Норин	Асия Норин	PER	11-44
Иттан Вали	Иттан Вали	LOC	43-4
Лахора	Лахор	LOC	48-2
Панджаб	Панджаб	LOC	13-4
Асия	Асия	PER	11-8
Иттан Вали.	Иттан Вали.	LOC	43-4
Пророке	Пророка	PER	13-28
Пенджаб	Пенджаб	LOC	13-4
Верховный суд Пакистана	верховный суд Пакистан	ORG	xxx
Франции	Франция	LOC	xxx
Кирилл	Кирилл	PER	xxx
