pl-461
Angeli Merkel	Angela Merkel	PER	PER-Angela-Merkel
Europy	Europa	LOC	LOC-Europe
Federacja Rosyjska	Federacja Rosyjska	LOC	GPE-Russia
Instytutu Jagiellońskiego	Instytut Jagielloński	ORG	ORG-Jagiellonian-Institute
Marcin Roszkowski	Marcin Roszkowski	PER	PER-Marcin-Roszkowski
Mateusza Morawieckiego	Mateusz Morawiecki	PER	PER-Mateusz-Morawiecki
Merkel	Merkel	PER	PER-Angela-Merkel
Morawiecki	Morawiecki	PER	PER-Mateusz-Morawiecki
Niemcy	Niemcy	LOC	GPE-Germany
Nord Stream 2	Nord Stream 2	PRO	PRO-Nord-Stream-2
Norwegii	Norwegia	LOC	GPE-Norway
PAP	PAP	ORG	ORG-PAP-Polish-Press-Agency
Polska	Polska	LOC	GPE-Poland
Polski	Polska	LOC	GPE-Poland
Rosja	Rosja	LOC	GPE-Russia
Roszkowski	Roszkowski	PER	PER-Marcin-Roszkowski
Ukraina	Ukraina	LOC	GPE-Ukraine
Ukrainie	Ukraina	LOC	GPE-Ukraine
Ukrainę	Ukraina	LOC	GPE-Ukraine
