pl-1023
 Andrzejem Dudą	Andrzej Duda	PER	PER-Andrzej-Duda
Andrzejem Dudą	Andrzej Duda	PER	PER-Andrzej-Duda
Angeli Merkel	Angela Merkel	PER	PER-Angela-Merkel
Berlina	Berlin	LOC	GPE-Berlin
Duda	Duda	PER	PER-Andrzej-Duda
Europy Zachodniej	Europa  Zachodnia	LOC	LOC-Western-Europe
Europy Środkowej	Europa Środkowa	LOC	LOC-Central-Europe
Europy	Europa	LOC	LOC-Europe
Gazprom	Gazprom	ORG	ORG-Gazprom
Gazpromu	Gazprom	ORG	ORG-Gazprom
Komisji Europejskiej	Komisja Europejska	ORG	ORG-European-Commission
Konrad Szymański	Konrad Szymański	PER	PER-Konrad-Szymański
Mateuszem Morawieckim	Mateusz Morawiecki	PER	PER-Mateusz-Morawiecki
Merkel	Merkel	PER	PER-Angela-Merkel
Morawiecki	Morawiecki	PER	PER-Mateusz-Morawiecki
Niemcami	Niemcy	LOC	GPE-Germany
Niemiec	Niemcy	LOC	GPE-Germany
Nord Stream 2	Nord Stream 2	PRO	PRO-Nord-Stream-2
Nord Streamu 2	Nord Stream 2	PRO	PRO-Nord-Stream-2
Polska	Polska	LOC	GPE-Poland
Radiu RMF FM	Radio RMF FM	PRO	PRO-RMF
Warszawie	Warszawa	LOC	GPE-Warsaw
