pl-1058
BiznesAlert.pl	BiznesAlert.pl	PRO	PRO-BiznesAlert-pl
ClientEarth	ClientEarth	ORG	ORG-ClientEarth
DPA	DPA	ORG	ORG-DPA
Danii	Dania	LOC	GPE-Denmark
Europy	Europa	LOC	LOC-Europe
Finlandii	Finlandia	LOC	GPE-Finland
Gazprom	Gazprom	ORG	ORG-Gazprom
NABU	NABU	ORG	ORG-NABU-NGO
NDR	NDR	PRO	PRO-NDR
Niemczech	Niemcy	LOC	GPE-Germany
Niemiec	Niemcy	LOC	GPE-Germany
Niemiecka Unia Ochrony Przyrody	Niemiecka Unia Ochrony Przyrody	ORG	ORG-NABU-NGO
Nord Stream 2 AG	Nord Stream 2 AG	ORG	ORG-Nord-Stream-2-AG
Nord Stream 2	Nord Stream 2	PRO	PRO-Nord-Stream-2
Rosji	Rosja	LOC	GPE-Russia
Szwecji	Szwecja	LOC	GPE-Sweden
Urząd Ochrony Konkurencji i Konsumenta	Urząd Ochrony Konkurencji i Konsumenta	ORG	ORG-UOKiK-Office
Wiedomosti	Wiedomosti	PRO	PRO-Wiedomosti
Wojciech Jakóbik	Wojciech Jakóbik	PER	PER-Wojciech-Jakóbik
Zatoce Greifswaldzkiej	Zatoka Greifswaldzka	LOC	LOC-Bay-of-Greifswald
