pl-1354
Austria	Austria	LOC	GPE-Austria
Austriacy	Austriacy	PER	GPE-Austria
Brukseli	Bruksela	LOC	GPE-Brussles
KE	KE	ORG	ORG-European-Commission
Komisja Europejska	Komisja Europejska	ORG	ORG-European-Commission
Komisją Europejską	Komisja Europejska	ORG	ORG-European-Commission
Morze Bałtyckie	Morze Bałtyckie	LOC	LOC-Baltic-Sea
Niemcami	Niemcy	LOC	GPE-Germany
Niemcy	Niemcy	LOC	GPE-Germany
Niemiec	Niemcy	LOC	GPE-Germany
Nord Stream 2	Nord Stream 2	PRO	PRO-Nord-Stream-2
Nord Streamu 2	Nord Stream 2	PRO	PRO-Nord-Stream-2
OMV	OMV	ORG	ORG-OMV
PAP	PAP	ORG	ORG-PAP-Polish-Press-Agency
Polska	Polska	LOC	GPE-Poland
Radzie UE	Rada UE	ORG	ORG-European-Council
Radzie Unii Europejskiej	Rada Unii Europejskiej	ORG	ORG-European-Council
Rosją	Rosja	LOC	GPE-Russia
Rosję	Rosja	LOC	GPE-Russia
UE	UE	ORG	ORG-European-Union
Ukrainą	Ukraina	LOC	GPE-Ukraine
Ukrainę	Ukraina	LOC	GPE-Ukraine
