472
meryl streepová	meryl streepová	PER	240
donald trump	donald trump	PER	1
new york	new york	LOC	4
bratislava	bratislava	LOC	241
shakespeare in the park	shakespeare in the park	LOC	242
new yorku	new york	LOC	4
donalda trumpa	donald trump	PER	1
oscara	oscar	MISC	243
kiss me, kate	kiss me, kate	MISC	244
streepová	streepová	PER	240
trumpa	trump	PER	1
meryl streep	meryl streep	PER	240
nyc	nyc	LOC	4
abc news	abc news	ORG	245
streepovej	streepová	PER	240
mama mia	mama mia	MISC	246
christine baranski	christine baranski	PER	247
hillary clintonovú	hillary clintonová	PER	3
new york times	new york times	ORG	5
hillary clintonovej	hillary clintonová	PER	3
republikánov	republikáni	ORG	118
clintonová	clintonová	PER	3
demokratov	demokrati	ORG	112
politico	politico	MISC	248
američanov	američania	PER	17
clintonovú	clintonová	PER	3
