sl-116
Trumpovih	Trumpov	PER	836-0
ZDA	ZDA	LOC	1053-0
Grover Cleveland	Grover Cleveland	PER	865-9
New Yorka	New York	LOC	905-3
Jamesa Blaina	James Blain	PER	1013-20
republikancu	republikanec	PER	990-0
Indiane	Indiana	LOC	888-10
Benjaminu Harrisonu	Benjamin Harrison	PER	796-6
Cleveland	Cleveland	LOC	896-4
Harrisona	Harrison	PER	911-3
Jasona Weaverja	Jason Weaver	PER	1013-17
Iowe	Iowe	LOC	888-24
Buffala	Buffalo	LOC	796-23
Clevelandu	Cleveland	LOC	896-4
Kip svobode	kip svoboda	PRO	1041-14
John Adams	John Adams	PER	1013-7
Johna Adamsa	John Adams	PER	1013-7
Thomas Jefferson	Thomas Jefferson	PER	836-3
Adamsova	Adamsov	PER	878-21
Deklaracije neodvisnosti	deklaracija neodvisnost	PRO	963-15
Britanci	Britanec	PER	796-16
Adams	Adams	PER	878-19
Jeffersona	Jefferson	PER	1013-16
Franciji	Francija	LOC	980-5
John	John	PER	1013-8
Quincy Adams	Quincy Adams	PER	1013-8
John Quincy Adams	John Quincy Adams	PER	1013-8
Andrew Jackson	Andrew Jackson	PER	878-8
Demokratske stranke	demokratski stranka	ORG	963-8
Martin	Martin	PER	931-5
Van Buren	van Buren	PER	931-5
Jacksonov	Jacksonov	ORG	1013-13
Martin Van Buren	Martin van Buren	PER	931-5
Pravnik	pravnik	PER	xxx
Jacksonove	Jacksonov	PER	1013-19
William Harrison	William Harrison	PER	950-10
Jamesa Polka	James Polk	PER	1013-14
Benjamin Harrison	Benjamin Harrison	PER	796-6
Pravnika	pravnik	PER	xxx
Ohiu	Ohio	LOC	1005-3
Groverja Clevelanda	Grover Cleveland	PER	865-9
Harrisonova	Harrisonov	ORG	911-7
Harrisonovih	Harrisonov	PER	911-32
Republikanci	Republikanec	PER	990-7
William Howard Taft	William Howard Taft	PER	950-7
Ohia	Ohio	LOC	1005-3
Williama Bryana	William Bryan	PER	950-13
demokrati	demokrat	ORG	963-3
Theodore Roosevelt	Theodore Roosevelt	PER	836-4
Taft	Taft	PER	836-6
ameriškega sodišča	ameriški sodišče	ORG	xxx
Herbert	Herbert	PER	911-4
Kalifornije	Kalifornija	LOC	1041-21
Herbert Hoover	Herbert Hoover	PER	911-4
Stanforda	Stanford	ORG	816-8
Avstraliji	Avstralija	LOC	878-17
Kitajski	Kitajska	LOC	1041-2
prve svetovne vojne	prvi svetoven vojna	EVT	921-25
Hoover	Hoover	PER	911-21
Franklinu Rooseveltu	Franklin Roosevelt	PER	980-4
Gerald Ford	Gerald Ford	PER	865-19
Politik	politik	PER	921-13
Omahi Watergate	Omaha Watergate	LOC	1005-17
Richard Nixon	Richard Nixon	PER	990-18
Ford	Ford	PER	980-19
Nixona	Nixon	PER	905-15
republikancev	republikanec	PER	990-1
Sovjetske zveze	sovjetski zveza	LOC	816-6
demokrat	demokrat	PER	xxx
Jimmy Carter	Jimmy Carter	PER	1013-9
Georgie	Georgia	LOC	865-5
Sovjetsko zvezo	sovjetski zveza	LOC	816-6
Iranom	Iran	LOC	888-7
Edwardom Kennedyjem	Edward Kennedy	PER	998-13
republikanski	republikanski	ORG	990-8
Ronald Reagan	Ronald Reagan	PER	990-16
George H. W. Bush	George H. W. Bush	PER	865-15
Starejši Bush	star Bush	PER	xxx
Ronalda Reagana	Ronald Reagan	PER	990-17
Michaela Dukakisa	Michael Dukakis	PER	931-9
republikanci	republikanec	PER	990-1
Billa Clintona	Bill Clinton	PER	796-21
Clinton	Clinton	PER	897-0
Bushu	Bush	PER	797-0
Ross Perot	Ross Perot	PER	990-19
