sl-196
Pompeo	Pompeo	PER	923-3
Izraelu	Izrael	LOC	889-14
Golanske planote	golanski planota	LOC	868-3
Mike Pompeo	Mike Pompeo	PER	935-5
Benjaminom Netanjahujem	Benjamin Netanjahu	PER	805-14
Golansko planoto	golanski planota	LOC	868-3
Izrael	Izrael	LOC	889-7
Siriji	Sirija	LOC	820-11
Zahodnem bregu	zahoden breg	LOC	1058-3
Palestince	Palestinec	PER	923-4
Donalda Trumpa	Donald Trump	PER	968-2
AFP	AFP	ORG	882-2
Trump	Trump	PER	848-0
izraelsko	izraelski	LOC	xxx
Netanjahujem	Netanjahu	PER	907-17
BDS	BDS	ORG	xxx
Washingtonu	Washington	LOC	951-2
To	ta	ORG	xxx
Izraela	Izrael	LOC	890-0
Palestinci	Palestinec	PER	923-4
Ju탑ni Afriki	ju탑en Afrika	LOC	1017-2
Bli탑njega vzhoda	bli탑nji vzhod	LOC	805-9
Trumpa	Trump	PER	848-0
Psagot	Psagot	LOC	923-17
Ramale	Ramale	LOC	993-7
Trumpovo	Trumpov	PER	848-0
