sl-203
Biden	Biden	PER	xxx
papežem	papež	PER	923-6
Frančiškom	Frančišek	PER	982-4
ZDA	ZDA	LOC	1059-0
Joe Biden	Joe Biden	PER	1017-3
Johnom F. Kennedyjem	John F. Kennedy	PER	1017-20
Bidnova	Bidnov	PER	xxx
papežu	papež	PER	xxx
Angelo Merkel	Angela Merkel	PER	882-7
Borisom Johnsonom	Boris Johnson	PER	805-3
Emmanuelom Macronom	Emmanuel Macron	PER	1000-13
Donald Trump	Donald Trump	PER	968-2
To	ta	LOC	xxx
Organizacijo za varnost in sodelovanje v Evropi	organizacija za varnost in sodelovanje v Evropa	ORG	1006-23
Ovse	Ovse	ORG	1006-21
Ovseju	OVSE	ORG	xxx
Urszula Gacek	Urszula Gacek	PER	1035-10
demokrati	demokrat	PER	968-0
republikanci	republikanec	PER	993-0
Staroste	starosta	PER	820-1
Južne Afrike	južen Afrika	LOC	1017-2
Nelson Mandela	Nelson Mandela	PER	907-2
Trumpovo	Trumpov	PER	850-0
Trumpa	Trump	PER	850-0
Mary Robinson	Mary Robinson	PER	936-12
Kenije	Kenija	LOC	1043-15
Zimbabveja	Zimbabve	LOC	1059-6
Šrilanke	Šrilanka	LOC	1064-7
Trumpovi	Trumpov	PER	850-0
Las Vegasa	Las Vegas	LOC	1050-23
Sheldon Adelson	Sheldon Adelson	PER	820-10
Ta	ta	PER	xxx
Las Review-Journal	Las Reviewejournal	PRO	1050-24
Adelsonovi	Adelsonov	ORG	882-8
Trump	Trump	PER	850-0
Washingtonu	Washington	LOC	951-2
Trumpovega	Trumpov	PER	850-0
Bele hiše	bel hiša	ORG	805-2
Kayleigh McEnany	Kayleigh Mcenany	PER	1043-5
Washingtona	Washingtona	LOC	951-2
Muriel Bowser	Muriel Bowser	PER	936-15
