sl-21
Melanii	Melania	PER	936-5
Jill	Jill	PER	1018-20
Donald Trump	Donald Trump	PER	969-2
ZDA	ZDA	LOC	1059-0
Joeja Bidna	Joe Bidn	PER	1018-1
Demokratu	Demokrat	PER	xxx
Trumpu	Trump	PER	851-1
Melania	Melania	PER	936-5
Donalda Trumpa	Donald Trump	PER	969-2
Melanijino	Melanijin	PER	936-6
Barronom	Barron	PER	806-11
New Yorku	New York	LOC	907-0
Beli hiši	bel hiša	LOC	806-2
Michelle Obama	Michelle Obama	PER	936-7
Barack	Barack	PER	806-5
Michelle	Michelle	PER	936-7
Jackie Kennedy	Jackie Kennedy	PER	1018-4
Johna F. Kennedyja	John F. Kennedy	PER	1018-18
Amerika	Amerika	LOC	883-2
Hillary Clinton	Hillary Clinton	PER	912-1
Eleanor Roosevelt	Eleanor Roosevelt	PER	1000-17
Trump	Trump	PER	851-1
Mary Jordan	Mary Jordan	PER	936-9
Umetnost	umetnost	PRO	1035-18
Betty Ford	Betty Ford	PER	806-6
Washington Posta	Washington Post	PRO	951-3
Melanijini	Melanijin	PER	936-6
Trum-pu	Trumep	PER	851-4
Jill Biden	Jill Biden	PER	1018-7
Belo hišo	bel hiša	LOC	806-2
Bidnovim	Bidnov	PER	806-10
Bidnov	Bidnov	PER	806-9
Hunter	Hunter	PER	912-0
Hunterju Bidnu	Hunter Bidn	PER	912-25
Joeju	Joe	PER	1018-14
Beauja	Beau	PER	806-13
Američani	Američan	PER	883-0
Bele hiše	bel hiša	ORG	806-2
Melanii Trump	Melania Trump	PER	936-5
