sl-206
Mark Kelly	Mark Kelly	PER	936-2
Arizoni	Arizona	LOC	882-3
demokratov	demokrat	PER	969-0
republikanka	republikanka	PER	993-8
Martha McSally	Martha Mcsally	PER	936-3
Donalda Trumpa	Donald Trump	PER	969-2
ZDA	ZDA	LOC	1059-0
Kelly	Kelly	PER	1043-6
demokratom	demokrat	PER	969-0
McSallyjeva	Mcsallyjev	PER	936-4
Johna McCaina	John Mccain	PER	1017-8
Maricopa	Maricop	LOC	936-18
Pima	Pim	LOC	923-16
John McCain	John Mccain	PER	1017-8
Gabrielle Giffords	Gabrielle Giffords	PER	868-6
Tucsonu	Tucson	LOC	850-4
Nasine	Nasin	ORG	907-16
Scotta Kellyja	Scott Kelly	PER	820-3
ISS	ISS	ORG	890-12
Scott	Scott	PER	820-3
republikanci	republikanec	PER	993-0
demokratska stranka	demokratski stranka	ORG	969-3
Kitajsko	Kitajska	LOC	1043-2
McSallyjeve	Mcsallyjev	PER	936-4
Trumpom	Trump	PER	850-0
njen	njen	PER	xxx
Trumpov	Trumpov	PER	850-0
pandemijo covida-19	pandemija covida-19	MISC	xxx
Bushevo	Bushev	PER	806-7
Savski Arabiji	savski Arabija	LOC	820-14
Čeprav	čeprav	PER	xxx
Trumpa	Trump	PER	850-0
New York Times	New York Times	MISC	907-7
Trump	Trump	PER	850-0
Arizona Central	Arizona Central	MISC	882-3
Crystal Mercado	Crystal Mercado	PER	899-22
Kellyja	Kelly	PER	1043-6
Mehiko	Mehika	LOC	936-11
Jim Rhodes	Jim Rhodes	PER	1017-18
demokratih	demokrat	ORG	969-0
