sl-47
Louis DeJoy	Louis Dejoy	PER	1051-2
Reuters	Reuters	ORG	996-1
DeJoy	Dejoy	PER	972-3
ZDA	ZDA	LOC	1063-0
Donalda Trumpa	Donald Trump	PER	972-8
Trumpovih	Trumpov	PER	858-0
Trump	Trump	PER	858-0
Trumpa	Trump	PER	858-0
DeJoyja	Dejoy	PER	972-3
demokratom	demokrat	PER	972-1
Pensilvaniji	Pensilvanija	LOC	926-0
Pensilvanijo	Pensilvanija	LOC	926-0
DeJoyju	Dejoy	PER	972-3
Kalifornija	Kalifornija	LOC	1045-1
Delaware	Delaware	LOC	973-5
Maine	Maine	LOC	938-21
Massachusetts	Massachusetts	LOC	xxx
Washington	Washington	LOC	952-0
Severna Karolina	severen Karolina	LOC	821-2
Severne Karoline	severen Karolina	LOC	821-2
Pensilvanije	Pensilvanija	LOC	926-0
Josepha Bidna	Joseph Bidn	PER	1020-4
Pošta	pošta	ORG	xxx
demokratov	demokrat	PER	973-0
DeJoyjevo	Dejoyjev	PER	973-1
jugu	jug	LOC	996-19
konservativnimi	konservativen	PER	xxx
demokrati	demokrat	PER	973-0
Nancy Pelosi	Nancy Pelosi	PER	909-7
Fox News	Fox News	MISC	983-5
