cs-40
Baltské moře	Baltské moře	LOC	LOC-Baltic-Sea
Bohuslava Sobotky	Bohuslav Sobotka	PER	PER-Bohuslav-Sobotka
Evropa	Evropa	LOC	LOC-Europe
Evropskou unii	Evropská unie	ORG	ORG-European-Union
Kiska	Kiska	PER	PER-Andrej-Kiska
Kreml	Kreml	LOC	LOC-Kremlin
Mapy.cz	Mapy.cz	PRO	PRO-Mapy.cz
Moskvě	Moskva	LOC	GPE-Moscow
NATO	NATO	ORG	ORG-NATO
Nord Stream 2	Nord Stream 2	PRO	PRO-Nord-Stream-2
Nord Stream	Nord Stream	PRO	PRO-Nord-Stream-1
Němci	Němci	PER	GPE-Germany
Německa	Německo	LOC	GPE-Germany
Polska	Polsko	LOC	GPE-Poland
Rakušané	Rakušané	PER	GPE-Austria
Ruska	Rusko	LOC	GPE-Russia
Rusko	Rusko	LOC	GPE-Russia
Slovenska	Slovensko	LOC	GPE-Slovakia
Ukrajinu	Ukrajina	LOC	GPE-Ukraine
střední Evropě	střední Evropa	LOC	LOC-Central-Europe
západní Evropy	západní Evropa	LOC	LOC-Western-Europe
Česko	Česko	LOC	GPE-Czech-Republic
