cs-151
Angelou Merkelovou	Angela Merkelová	PER	PER-Angela-Merkel
Baltské moře	Baltské moře	LOC	LOC-Baltic-Sea
EK	EK	ORG	ORG-European-Commission
Evropské komise	Evropská komise	ORG	ORG-European-Commission
Evropské unie	Evropská unie	ORG	ORG-European-Union
Evropy	Evropa	LOC	LOC-Europe
Gazprom	Gazprom	ORG	ORG-Gazprom
Maroš Šefčovič	Maroš Šefčovič	PER	PER-Maros-Sefcovic
Moskvě	Moskva	LOC	GPE-Moscow
Naftogaz	Naftogaz	ORG	ORG-Naftogaz
Nord Stream 2	Nord Stream 2	PRO	PRO-Nord-Stream-2
Nord Stream	Nord Stream	PRO	PRO-Nord-Stream-1
Německa	Německo	LOC	GPE-Germany
Prahy	Praha	LOC	GPE-Prague
Ruska	Rusko	LOC	GPE-Russia
Rusko	Rusko	LOC	GPE-Russia
Ukrajinu	Ukrajina	LOC	GPE-Ukraine
Ukrajiny	Ukrajina	LOC	GPE-Ukraine
Vladimir Putin	Vladimir Putin	PER	PER-Vladimir-Putin
Šefčovič	Šefčovič	PER	PER-Maros-Sefcovic
