cs-420
Baltským mořem	Baltské moře	LOC	LOC-Baltic-Sea
Donalda Trumpa	Donald Trump	PER	PER-Donald-Trump
Dánsko	Dánsko	LOC	GPE-Denmark
Evropu	Evropa	LOC	LOC-Europe
Evropy	Evropa	LOC	LOC-Europe
Evropě	Evropa	LOC	LOC-Europe
MACHÁČEK	MACHÁČEK	PER	PER-Jan-Machacek
MPO	MPO	ORG	ORG-Ministry-of-Industry-and-Trade-Czech-Republic
Milan Řepka	Milan Řepka	PER	PER-Milan-Repka
NATO	NATO	ORG	ORG-NATO
Nord Stream 1	Nord Stream 1	PRO	PRO-Nord-Stream-1
Nord Stream 2	Nord Stream 2	PRO	PRO-Nord-Stream-2
Nord Stream	Nord Stream	PRO	PRO-Nord-Stream-1
Němci	Němci	PER	GPE-Germany
Německem	Německo	LOC	GPE-Germany
PRAHA	PRAHA	LOC	GPE-Prague
Polska	Polsko	LOC	GPE-Poland
Polsko	Polsko	LOC	GPE-Poland
Reuters	Reuters	ORG	ORG-Reuters
Ruskem	Rusko	LOC	GPE-Russia
Rusko	Rusko	LOC	GPE-Russia
Rusku	Rusko	LOC	GPE-Russia
Slovenska	Slovensko	LOC	GPE-Slovakia
Slovensko	Slovensko	LOC	GPE-Slovakia
Trump	Trump	PER	PER-Donald-Trump
Trumpa	Trump	PER	PER-Donald-Trump
Trumpův	Trump	PER	PER-Donald-Trump
USA	USA	LOC	GPE-USA
Ukrajina	Ukrajina	LOC	GPE-Ukraine
Ukrajinu	Ukrajina	LOC	GPE-Ukraine
Ukrajiny	Ukrajina	LOC	GPE-Ukraine
anexi Krymu	anexe Krymu	EVT	EVT-Annexation-of-Crimea
baltské státy	baltské státy	LOC	LOC-Baltic-countries
iDnes.cz	iDnes.cz	PRO	PRO-iDnes.cz
severských států	severské státy	LOC	LOC-Nordic-Countries
západní Evropy	západní Evropa	LOC	LOC-Western-Europe
Českou republiku	Česká republika	LOC	GPE-Czech-Republic
Česká republika	Česká republika	LOC	GPE-Czech-Republic
České republiky	Česká republika	LOC	GPE-Czech-Republic
Švédsko	Švédsko	LOC	GPE-Sweden
