cs-296
Angely Merkelové	Angela Merklová	PER	PER-Angela-Merkel
Baltského moře	Baltské moře	LOC	LOC-Baltic-Sea
Barrasso	Barrasso	PER	PER-John-Barrasso
CDU	CDU	ORG	ORG-Christlich-Demokratische-Union
Cory Gardner	Cory Gardner	PER	PER-Cory-Gardner
Evropa	Evropa	LOC	LOC-Europe
Evropy	Evropa	LOC	LOC-Europe
Evropě	Evropa	LOC	LOC-Europe
Handelsblatt	Handelsblatt	PRO	PRO-Handelsblatt
John Barrasso	John Barrasso	PER	PER-John-Barrasso
Kataru	Katar	LOC	GPE-Qatar
Nizozemska	Nizozemsko	LOC	GPE-Holland
Norbert Brackmann	Norbert Brackmann	PER	PER-Norbert-Brackmann
Nord Stream 2	Nord Stream 2	PRO	PRO-Nord-Stream-2
Norska	Norsko	LOC	GPE-Norway
Němců	Němci	PER	GPE-Germany
Republikánští senátoři	Republikánští senátoři	PER	ORG-Republican-Party-USA
Ruska	Rusko	LOC	GPE-Russia
Spojené státy	Spojené státy	LOC	GPE-USA
Spojených států	Spojené státy	LOC	GPE-USA
USA	USA	LOC	GPE-USA
