cs-89
Alexander Novak	Alexander Novak	PER	PER-Aleksandr-Novak
Baltského moře	Baltské moře	LOC	LOC-Baltic-Sea
EU	EU	ORG	ORG-European-Union
Evropské komise	Evropská komise	ORG	ORG-European-Commission
Evropské unie	Evropská unie	ORG	ORG-European-Union
Evropy	Evropa	LOC	LOC-Europe
Finsko	Finsko	LOC	GPE-Finland
Finsku	Finsko	LOC	GPE-Finland
Gazprom	Gazprom	ORG	ORG-Gazprom
Helsinky	Helsinky	LOC	GPE-Helsinki
Kyjev	Kyjev	LOC	GPE-Kiev
Maroši Šefčovičovi	Maroš Šefčovičov	PER	PER-Maros-Sefcovic
Nord Stream 2	Nord Stream 2	PRO	PRO-Nord-Stream-2
Německa	Německo	LOC	GPE-Germany
Polsku	Polsko	LOC	GPE-Poland
Ruska	Rusko	LOC	GPE-Russia
Rusko	Rusko	LOC	GPE-Russia
Rusku	Rusko	LOC	GPE-Russia
Rusové	Rusové	PER	GPE-Russia
Slovensko	Slovensko	LOC	GPE-Slovakia
Ukrajincům	Ukrajinci	PER	GPE-Ukraine
Ukrajinu	Ukrajina	LOC	GPE-Ukraine
Ukrajiny	Ukrajina	LOC	GPE-Ukraine
Ukrajině	Ukrajina	LOC	GPE-Ukraine
finské ministerstvo hospodářství	finské ministerstvo hospodářství	ORG	ORG-Ministry-of-Economy-Finland
Česká republika	Česká republika	LOC	GPE-Czech-Republic
