cs-1024
Adriatického moře	Adriatické moře	LOC	LOC-Adriatic-sea
Ankaře	Ankara	LOC	GPE-Ankara
Bojku Borisovovi	Bojko Borisov	PER	PER-Boyko-Borisov
Borisova	Borisov	PER	PER-Boyko-Borisov
Borisovovi	Borisov	PER	PER-Boyko-Borisov
Bulharsko	Bulharsko	LOC	GPE-Bulgaria
Evropské unie	Evropská unie	ORG	ORG-European-Union
Evropy	Evropa	LOC	LOC-Europe
Gazprom	Gazprom	ORG	ORG-Gazprom
Itálie	Itálie	LOC	GPE-Italy
Kreml	Kreml	LOC	LOC-Kremlin
Kremlu	Kreml	LOC	LOC-Kremlin
Maďarska	Maďarsko	LOC	GPE-Hungary
Maďarsko	Maďarsko	LOC	GPE-Hungary
Moskva	Moskva	LOC	GPE-Moscow
Moskvy	Moskva	LOC	GPE-Moscow
Ruska	Rusko	LOC	GPE-Russia
South Stream	South Stream	PRO	PRO-South-Stream
South Streamu	South Stream	PRO	PRO-South-Stream
Spojených států	Spojené státy	LOC	GPE-USA
Srbsko	Srbsko	LOC	GPE-Serbia
Turecka	Turecko	LOC	GPE-Turkey
Tureckem	Turecko	LOC	GPE-Turkey
Turkish Stream	Turkish Stream	PRO	PRO-Turkish-Stream
Ukrajiny	Ukrajina	LOC	GPE-Ukraine
Vladimir Putin	Vladimir Putin	PER	PER-Vladimir-Putin
západní Balkán	západní Balkán	LOC	LOC-Western-Balkans
Černého moře	Černé moře	LOC	LOC-Black-Sea
Řecko	Řecko	LOC	GPE-Greece
