pl-1771
Ayr	Ayr	LOC	GPE-Ayr
Barbara Drozdowicz	Barbara Drozdowicz	PER	PER-Barbara-Drozdowicz
Barry	Barry	LOC	GPE-Barry
Belfastem	Belfast	LOC	GPE-Belfast
Brexicie	Brexit	EVT	EVT-Brexit
Brexit	Brexit	EVT	EVT-Brexit
Brytyjczyków	Brytyjczycy	PER	GPE-Great-Britain
East European Resource Centre	East European Resource Centre	ORG	ORG-EERC-East-European-Resource-Centre
Evening Standard	Evening Standard	PRO	PRO-Evening-Standard
Hammersmith	Hammersmith	LOC	LOC-Hammersmith
Joanna Bagniewska	Joanna Bagniewska	PER	PER-Joanna-Bagniewska
London School of Economics	London School of Economics	ORG	ORG-London-School-of-Economics-and-Political-Science
Marta Krupińska	Marta Krupińska	PER	PER-Marta-Krupińska
May	May	PER	PER-Theresa-May
Newcastle	Newcastle	LOC	GPE-Newcastle
Polacy	Polacy	PER	GPE-Poland
Polakami	Polacy	PER	GPE-Poland
Polaków	Polacy	PER	GPE-Poland
Polka	Polka	PER	GPE-Poland
Polskim Ośrodku Społeczno-Kulturalnym	Polski Ośrodek Społeczno-Kulturalny	ORG	ORG-POSK-Polish-Social-and-Cultural-Association
Roch Dunin-Wąsowicz	Roch Dunin-Wąsowicz	PER	PER-Roch-Dunin-Wąsowicz
Theresa May	Theresa May	PER	PER-Theresa-May
UE	UE	ORG	ORG-European-Union
Unii Europejskiej	Unia Europejska	ORG	ORG-European-Union
Unię Europejską	Unia Europejska	ORG	ORG-European-Union
Wielka Brytania	Wielka Brytania	LOC	GPE-Great-Britain
Wielkiej Brytanii	Wielka Brytania	LOC	GPE-Great-Britain
Wspólnotę	Wspólnota	ORG	ORG-European-Union
