pl-419
 UE	UE	ORG	ORG-European-Union
Brexicie	Brexit	EVT	EVT-Brexit
Brexitu	Brexit	EVT	EVT-Brexit
Chinach	Chiny	LOC	GPE-China
KE	KE	ORG	ORG-European-Commission
Komisja Europejska	Komisja Europejska	ORG	ORG-European-Commission
Konrad Szymański	Konrad Szymański	PER	PER-Konrad-Szymański
May	May	PER	PER-Theresa-May
PAP	PAP	ORG	ORG-PAP-Polish-Press-Agency
Polaków	Polacy	PER	GPE-Poland
Polska	Polska	LOC	GPE-Poland
Polski	Polska	LOC	GPE-Poland
Rady UE	Rada UE	ORG	ORG-European-Council
Schinas	Schinas	PER	PER-Margaritis-Schinas
Szymański	Szymański	PER	PER-Konrad-Szymański
Theresy May	Theresa May	PER	PER-Theresa-May
UE	UE	ORG	ORG-European-Union
W. Brytanii	W. Brytania	LOC	GPE-Great-Britain
Wielka Brytania	Wielka Brytania	LOC	GPE-Great-Britain
Wielkiej Brytanii	Wielka Brytania	LOC	GPE-Great-Britain
Wielką Brytanię	Wielka Brytania	LOC	GPE-Great-Britain
Wspólnoty	Wspólnota	ORG	ORG-European-Union
Zjednoczone Królestwo	Zjednoczone Królestwo	LOC	GPE-Great-Britain
