pl-652
Berkshire	Berkshire	LOC	GPE-Berkshire
Bruksela	Bruksela	LOC	GPE-Brussles
Brytyjczycy	Brytyjczycy	PER	GPE-Great-Britain
Donald Tusk	Donald Tusk	PER	PER-Donald-Tusk
Emmanuel Macron	Emmanuel Macron	PER	PER-Emmanuel-Macron
Francja	Francja	LOC	GPE-France
Izbę Lordów	Izba Lordów	ORG	ORG-House-of-Lords
Japonia	Japonia	LOC	GPE-Japan
Kanada	Kanada	LOC	GPE-Canada
Kanadą	Kanada	LOC	GPE-Canada
Komisja Europejska	Komisja Europejska	ORG	ORG-European-Commission
Królewskiej Akademii Wojskowej Sandhurst	Królewska Akademia Wojskowa Sandhurst	ORG	ORG-Royal-Military-Academy-Sandhurst
Londyn	Londyn	LOC	GPE-London
Londynowi	Londyn	LOC	GPE-London
Londynu	Londyn	LOC	GPE-London
Macron	Macron	PER	PER-Emmanuel-Macron
Macrona	Macron	PER	PER-Emmanuel-Macron
May	May	PER	PER-Theresa-May
Michel Barnier	Michel Barnier	PER	PER-Michel-Barnier
Paryż	Paryż	LOC	GPE-Paris
Rady Europejskiej	Rada Europejska	ORG	ORG-European-Council
Theresą May	Theresa May	PER	PER-Theresa-May
Trybunału Sprawiedliwości	Trybunał Sprawiedliwości	ORG	ORG-European-Court-of-Justice
UE	UE	ORG	ORG-European-Union
Unia Europejską	Unia Europejska	ORG	ORG-European-Union
Unia	Unia	ORG	ORG-European-Union
Unii Europejskiej	Unia Europejska	ORG	ORG-European-Union
Unią	Unia	ORG	ORG-European-Union
Unię	Unia	ORG	ORG-European-Union
Wielka Brytania	Wielka Brytania	LOC	GPE-Great-Britain
Wielkiej Brytanii	Wielka Brytania	LOC	GPE-Great-Britain
Wysp	Wyspy	LOC	GPE-Great-Britain
brexicie	Brexit	EVT	EVT-Brexit
brexit	Brexit	EVT	EVT-Brexit
