pl-187
Aaron Banks	Aaron Banks	PER	PER-Arron-Banks
Andrew Adonis	Andrew Adonis	PER	PER-Andrew-Adonis
Brexit	Brexit	EVT	EVT-Brexit
Brukselą	Bruksela	LOC	GPE-Brussles
Brukselę	Bruksela	LOC	GPE-Brussles
Brytyjczycy	Brytyjczycy	PER	GPE-Great-Britain
Brytyjczyków	Brytyjczycy	PER	GPE-Great-Britain
Channel Five	Channel Five	PRO	PRO-Channel-5
Farage'a	Farage	PER	PER-Nigel-Farage
Farage	Farage	PER	PER-Nigel-Farage
Guardian	Guardian	PRO	PRO-The-Guardian
Liberalni Demokraci	Liberalni Demokraci	ORG	ORG-Scottish-Liberal-Democrats
Liberalnych Demokratów	Liberalni Demokraci	ORG	ORG-Scottish-Liberal-Democrats
Londyn	Londyn	LOC	GPE-London
Londynu	Londyn	LOC	GPE-London
Nick Clegg	Nick Clegg	PER	PER-Nick-Clegg
Nigel Farage	Nigel Farage	PER	PER-Nigel-Farage
Nigelem	Nigel	PER	PER-Nigel-Farage
Partii Pracy	Partia Pracy	ORG	ORG-Labour-Party-UK
Theresy May	Theresa May	PER	PER-Theresa-May
Tom Brake	Tom Brake	PER	PER-Tom-Brake
Tony Blair	Tony Blair	PER	PER-Tony-Blair
Twitterze	Twitter	PRO	PRO-Twitter
UE	UE	ORG	ORG-European-Union
Unii Europejskiej	Unia Europejska	ORG	ORG-European-Union
Wielka Brytania	Wielka Brytania	LOC	GPE-Great-Britain
Wspólnoty	Wspólnota	ORG	ORG-European-Union
Wspólnotę	Wspólnota	ORG	ORG-European-Union
brexitu	Brexit	EVT	EVT-Brexit
brytyjski parlament	Brytyjski Parlament	ORG	ORG-British-Parlament
