pl-413
 EBI	EBI	ORG	ORG-EBI
 UE	UE	ORG	ORG-European-Union
Bank	Bank	ORG	ORG-EBI
Brexitu	Brexit	EVT	EVT-Brexit
Brukseli	Bruksela	LOC	GPE-Brussles
Chorwacją	Chorwacja	LOC	GPE-Croatia
Cyprem	Cypr	LOC	GPE-Cyprus
EBI	EBI	ORG	ORG-EBI
EFIS	EFIS	ORG	ORG-EFSI-European-Fund-for-Strategic-Investments
Europejski Fundusz Inwestycji Strategicznych	Europejski Fundusz Inwestycji Strategicznych	ORG	ORG-EFSI-European-Fund-for-Strategic-Investments
Francji	Francja	LOC	GPE-France
Fundusz	Fundusz	ORG	ORG-EFSI-European-Fund-for-Strategic-Investments
Grecją	Grecja	LOC	GPE-Greece
Hiszpanii	Hiszpania	LOC	GPE-Spain
Hoyer	Hoyer	PER	PER-Werner-Hoyer
Komisji Europejskiej	Komisja Europejska	ORG	ORG-European-Commission
Niemczech	Niemcy	LOC	GPE-Germany
PESCO	PESCO	PRO	PRO-PESCO
Polsce	Polska	LOC	GPE-Poland
Polska	Polska	LOC	GPE-Poland
Polski	Polska	LOC	GPE-Poland
Turcji	Turcja	LOC	GPE-Turkey
Turcją 	Turcja	LOC	GPE-Turkey
UE	UE	ORG	ORG-European-Union
Unii Europejskiej	Unia Europejska	ORG	ORG-European-Union
Werner Hoyer	Werner Hoyer	PER	PER-Werner-Hoyer
Wielka Brytania	Wielka Brytania	LOC	GPE-Great-Britain
Wyspach	Wyspy	LOC	GPE-Great-Britain
Włoszech	Włochy	LOC	GPE-Italy
Zjednoczonego Królestwa	Zjednoczone Królestwo	LOC	GPE-Great-Britain
bank	Bank	ORG	ORG-Bank-of-England
plan Junckera	Plan Junckera	PRO	PRO-Juncker-Plan
planu Junckera	Plan Junckera	PRO	PRO-Juncker-Plan
