pl-16
Anglii	Anglia	LOC	GPE-England
Brexicie	Brexit	EVT	EVT-Brexit
Brexit	Brexit	EVT	EVT-Brexit
Brytyjczyka	Brytyjczyk	PER	GPE-Great-Britain
Centre for Research and Analysis of Migration	Centre for Research and Analysis of Migration	ORG	ORG-Centre-for-Research-and-Analysis-of-Migration
Centrum Badań i Analiz nad Migracją	Centrum Badań i Analiz nad Migracją	ORG	ORG-Centre-for-Research-and-Analysis-of-Migration
David Cameron	David Cameron	PER	PER-David-Cameron
Europy	Europa	LOC	LOC-Europe
George Freeman	George Freeman	PER	PER-George-Freeman
London School of Economics	London School of Economics	ORG	ORG-London-School-of-Economics-and-Political-Science
MSZ	MSZ	ORG	ORG-Ministry-of-Foreign-Affairs-Poland
May	May	PER	PER-Theresa-May
Millbrow Care Home	Millbrow Care Home	LOC	LOC-Millbrow-Care-Home
Nigel Farage	Nigel Farage	PER	PER-Nigel-Farage
Partii Niepodległości Wielkiej Brytanii	Partia Niepodległości Wielkiej Brytanii	ORG	ORG-UK-Independence-Party
Polacy	Polacy	PER	GPE-Poland
Polaków	Polacy	PER	GPE-Poland
The Guardian	The Guardian	PRO	PRO-The-Guardian
Theresy May	Theresa May	PER	PER-Theresa-May
Tony Travers	Tony Travers	PER	PER-Tony-Travers
UE	UE	ORG	ORG-European-Union
UKIP	UKIP	ORG	ORG-UK-Independence-Party
University College London's Centre	University College London's Centre	ORG	ORG-University-College-London
Widnes	Widnes	LOC	LOC-Widnes
Wielkiej Brytanii	Wielka Brytania	LOC	GPE-Great-Britain
Witold Waszczykowski	Witold Waszczykowski	PER	PER-Witold-Waszczykowski
Wydziału Pracy i Zasiłków	Wydział Pracy i Zasiłków	ORG	ORG-Department-of-Labour-and-Benefits
Wyspach	Wyspy	LOC	GPE-Great-Britain
brexicie	Brexit	EVT	EVT-Brexit
torysi	torysi	PER	ORG-Tories
