pl-1758
Alexandra Park	Alexandra Park	LOC	LOC-Alexandra-Park
Belfast	Belfast	LOC	GPE-Belfast
Belfastem	Belfast	LOC	GPE-Belfast
Belfastu	Belfast	LOC	GPE-Belfast
Belfaście	Belfast	LOC	GPE-Belfast
Brian McKee	Brian McKee	PER	PER-Brian-McKee
Brukseli	Bruksela	LOC	GPE-Brussles
Brytyjczycy	Brytyjczycy	PER	GPE-Great-Britain
Ciaran Shannon	Ciaran Shannon	PER	PER-Ciaran-Shannon
Dublinem	Dublin	LOC	GPE-Dublin
Dublinie	Dublin	LOC	GPE-Dublin
Houben Centre	Houben Centre	ORG	ORG-Houben-Centre
Irlandii Płn.	Irlandia Płn.	LOC	GPE-Northern-Ireland
Irlandii	Irlandia	LOC	GPE-Ireland
Irlandią Płn.	Irlandia Płn.	LOC	GPE-Northern-Ireland
Irlandią	Irlandia	LOC	GPE-Ireland
John Lynch	John Lynch	PER	PER-John-Lynch
Kłopotami	Kłopoty	EVT	EVT-The-Troubles
Kłopoty	Kłopoty	EVT	EVT-The-Troubles
Kłopotów	Kłopoty	EVT	EVT-The-Troubles
Londyn	Londyn	LOC	GPE-London
Londynu	Londyn	LOC	GPE-London
Newry	Newry	LOC	GPE-Newry
Republiką Irlandii	Republika Irlandii	LOC	GPE-Ireland
Shannon	Shannon	PER	PER-Ciaran-Shannon
Shannonowi	Shannon	PER	PER-Ciaran-Shannon
Theresy May	Theresa May	PER	PER-Theresa-May
UE	UE	ORG	ORG-European-Union
Unii	Unia	ORG	ORG-European-Union
Unią	Unia	ORG	ORG-European-Union
Wlk. Brytanii	Wlk. Brytania	LOC	GPE-Great-Britain
brexicie	Brexit	EVT	EVT-Brexit
brexit	Brexit	EVT	EVT-Brexit
brexitu	Brexit	EVT	EVT-Brexit
porozumienie wielkopiątkowe	Porozumienie wielkopiątkowe	PRO	PRO-GFA-Good-Friday-Agreement
porozumieniu wielkopiątkowemu	Porozumienie wielkopiątkowe	PRO	PRO-GFA-Good-Friday-Agreement
the Troubles	The Troubles	EVT	EVT-The-Troubles
