pl-503
Anglii	Anglia	LOC	GPE-England
Brexicie	Brexit	EVT	EVT-Brexit
Brexitu	Brexit	EVT	EVT-Brexit
Brukseli	Bruksela	LOC	GPE-Brussles
David Davis	David Davis	PER	PER-David-Davis
Davis	Davis	PER	PER-David-Davis
Davisa	Davis	PER	PER-David-Davis
Davos	Davos	LOC	GPE-Davos
Europejskiego Trybunału Sprawiedliwości	Europejski Trybunał Sprawiedliwości	ORG	ORG-European-Court-of-Justice
Hammonda	Hammond	PER	PER-Philip-Hammond
Hammondowi	Hammond	PER	PER-Philip-Hammond
Jacob Rees-Mogg	Jacob Rees-Mogg	PER	PER-Jacob-Rees-Mogg
Jakub Krupa	Jakub Krupa	PER	PER-Jakub-Krupa
Londyn	Londyn	LOC	GPE-London
Londynu	Londyn	LOC	GPE-London
May	May	PER	PER-Theresa-May
PAP	PAP	ORG	ORG-PAP-Polish-Press-Agency
Partii Konserwatywnej	Partia Konserwatywna	ORG	ORG-Conservative-and-Unionist-Party-UK
Philip Hammond	Philip Hammond	PER	PER-Philip-Hammond
Rady Europejskiej	Rada Europejska	ORG	ORG-European-Council
Teesport	Teesport	LOC	LOC-Teesport
UE	UE	ORG	ORG-European-Union
Unii Europejskiej	Unia Europejska	ORG	ORG-European-Union
Unią Europejską	Unia Europejska	ORG	ORG-European-Union
W.Brytania	W.Brytania	LOC	GPE-Great-Britain
Wieka Brytania	Wieka Brytania	LOC	GPE-Great-Britain
Wielka Brytania	Wielka Brytania	LOC	GPE-Great-Britain
Wielkiej Brytanii	Wielka Brytania	LOC	GPE-Great-Britain
Światowym Forum Gospodarczym	Światowe Forum Gospodarcze	EVT	EVT-World-Economic-Forum-Davos
