pl-1743
A320	A320	PRO	PRO-Airbus-A320
A321	A321	PRO	PRO-Airbus-A321
AOC	AOC	PRO	PRO-AOC-Air-Operators-Certificate
Alitalii	Alitalia	ORG	ORG-Alitalia
Alitalią	Alitalia	ORG	ORG-Alitalia
Brexicie	Brexit	EVT	EVT-Brexit
Brexitem	Brexit	EVT	EVT-Brexit
Europie Środkowo-Wschodniej	Europa Środkowo-Wschodnia	LOC	LOC-Central-Eastern-Europe
Europie	Europa	LOC	LOC-Europe
Europy Środkowo-Wschodniej	Europa Środkowo-Wschodnia	LOC	LOC-Central-Eastern-Europe
Gatwick	Gatwick	LOC	LOC-Gatwick-Airport
Jozsef Varadi	Jozsef Varadi	PER	PER-Jozsef-Varadi
Londynem	Londyn	LOC	GPE-London
Londynie	Londyn	LOC	GPE-London
Luton	Luton	LOC	LOC-Luton-Airport
Monarch	Monarch	ORG	ORG-Monarch-Airlines
Norwegian	Norwegian	ORG	ORG-Norwegian
Norwegiana	Norwegian	ORG	ORG-Norwegian
Unia	Unia	ORG	ORG-European-Union
Unii	Unia	ORG	ORG-European-Union
Varadi	Varadi	PER	PER-Jozsef-Varadi
W. Brytanii	W. Brytania	LOC	GPE-Great-Britain
W. Brytanię	W. Brytania	LOC	GPE-Great-Britain
Wielkiej Brytanii	Wielka Brytania	LOC	GPE-Great-Britain
Wizz Air UK	Wizz Air UK	ORG	ORG-Wizz-Air-UK
Wizz Air	Wizz Air	ORG	ORG-Wizz-Air
Wizz Aira	Wizz Aira	ORG	ORG-Wizz-Air
Wyspach	Wyspy	LOC	GPE-Great-Britain
Włoszech	Włochy	LOC	GPE-Italy
Światowej Organizacji Handlu	Światowa Organizacja Handlu	ORG	ORG-WTO-World-Trade-Organization
