pl-1351
Airbus	Airbus	ORG	ORG-Airbus-SE
Airbusa	Airbus	ORG	ORG-Airbus-SE
Brexit	Brexit	EVT	EVT-Brexit
Brexitu	Brexit	EVT	EVT-Brexit
Brytyjczycy	Brytyjczycy	PER	GPE-Great-Britain
Chin	Chiny	LOC	GPE-China
Greg Clark	Greg Clark	PER	PER-Greg-Clark
Philipa Hammonda	Philip Hammond	PER	PER-Philip-Hammond
Stanów Zjednoczonych	Stany Zjednoczone	LOC	GPE-USA
The Times	The Times	PRO	PRO-The-Times
Theresę May	Theresa May	PER	PER-Theresa-May
Timesem	Times	PRO	PRO-The-Times
Tom Williams	Tom Williams	PER	PER-Tom-Williams
UE	UE	ORG	ORG-European-Union
Wielka Brytania	Wielka Brytania	LOC	GPE-Great-Britain
Wielkiej Brytanii	Wielka Brytania	LOC	GPE-Great-Britain
Williams	Williams	PER	PER-Tom-Williams
Wspólnoty	Wspólnota	ORG	ORG-European-Union
Wspólnotę	Wspólnota	ORG	ORG-European-Union
