pl-1686
 UE	UE	ORG	ORG-European-Union
EFS	EFS	ORG	ORG-The-European-Pillar-of-Social-Rights
Europa	Europa	LOC	LOC-Europe
Europejski Filar Praw Socjalnych	Europejski Filar Praw Socjalnych	ORG	ORG-The-European-Pillar-of-Social-Rights
Göteborgu	Göteborg	LOC	GPE-Göteborg
Komisji ds. Zatrudnienia i Spraw Socjalnych Parlamentu Europejskiego	Komisja ds. Zatrudnienia i Spraw Socjalnych Parlamentu Europejskiego	ORG	ORG-EMPL-European-Parliaments-Committee-on-Employment-and-Social-Affairs
PE	PE	ORG	ORG-European-Parliament
Partii Konserwatywnej	Partia Konserwatywna	ORG	ORG-Conservative-and-Unionist-Party-UK
Partii Pracy	Partia Pracy	ORG	ORG-Labour-Party-UK
Partię Konserwatywną	Partia Konserwatywna	ORG	ORG-Conservative-and-Unionist-Party-UK
Republika Czeska	Republika Czeska	LOC	GPE-Czech-Republic
Republikę Czeską	Republika Czeska	LOC	GPE-Czech-Republic
Siôn Simon	Siôn Simon	PER	PER-Siôn-Simon
UE	UE	ORG	ORG-European-Union
Unia Europejska	Unia Europejska	ORG	ORG-European-Union
Wielka Brytania	Wielka Brytania	LOC	GPE-Great-Britain
Wielkiej Brytanii	Wielka Brytania	LOC	GPE-Great-Britain
brexitem	Brexit	EVT	EVT-Brexit
brexitu	Brexit	EVT	EVT-Brexit
