pl-1480
Andrzej Gil	Andrzej Gil	PER	PER-Andrzej-Gil
Brexitu	Brexit	EVT	EVT-Brexit
Debacie Dnia	Debata Dnia	PRO	PRO-Debata-Dnia
Edyta Hołdyńska	Edyta Hołdyńska	PER	PER-Edyta-Hołdyńska
Europie	Europa	LOC	LOC-Europe
Frans Timmermans	Frans Timmermans	PER	PER-Frans-Timmermans
Fransa Timmermansa	Frans Timmermans	PER	PER-Frans-Timmermans
Fransowi Timmermansowi	Frans Timmermans	PER	PER-Frans-Timmermans
Fundacji FIBRE	Fundacja FIBRE	ORG	ORG-FIBRE
Jacek Czaputowicz	Jacek Czaputowicz	PER	PER-Jacek-Czaputowicz
Jacek Turczyk	Jacek Turczyk	PER	PER-Jacek-Turczyk
Jackiem Czaputowiczem	Jacek Czaputowicz	PER	PER-Jacek-Czaputowicz
Julią Przyłębską	Julia Przyłębska	PER	PER-Julia-Przyłębska
KE	KE	ORG	ORG-European-Commission
Kamil Zajączkowski	Kamil Zajączkowski	PER	PER-Kamil-Zajączkowski
Kancelarii Prezydenta	Kancelaria Prezydenta	ORG	ORG-The-Presidents-Office-Poland
Komisja Europejska	Komisja Europejska	ORG	ORG-European-Commission
Komisji Europejskiej	Komisja Europejska	ORG	ORG-European-Commission
Komisją Europejską	Komisja Europejska	ORG	ORG-European-Commission
Krzysztofa Kokoszczyńskiego	Krzysztof Kokoszczyński	PER	PER-Krzysztof-Kokoszczyński
Krzysztofem Szczerskim	Krzysztof Szczerski	PER	PER-Krzysztof-Szczerski
Mateuszem Morawieckim	Mateusz Morawiecki	PER	PER-Mateusz-Morawiecki
Małgorzatą Gersdorf	Małgorzata Gersdorf	PER	PER-Małgorzata-Gersdorf
PAP	PAP	ORG	ORG-PAP-Polish-Press-Agency
Pawłem Muchą	Paweł Mucha	PER	PER-Paweł-Mucha
Piotr Wąż	Piotr Wąż	PER	PER-Piotr-Wąż
Polsce	Polska	LOC	GPE-Poland
Polska	Polska	LOC	GPE-Poland
Polski	Polska	LOC	GPE-Poland
Polskie Radio 24	Polskie Radio 24	PRO	PRO-Polskie-Radio-24
Polskiego Radia 24	Polskie Radio 24	PRO	PRO-Polskie-Radio-24
Polskim Radiu 24	Polskie Radio 24	PRO	PRO-Polskie-Radio-24
Polską	Polska	LOC	GPE-Poland
Roaman Mańki	Roman Mańka	PER	PER-Roman-Mańka
Sejmie	Sejm	ORG	ORG-Sejm-of-the-Republic-of-Poland
Sądu Najwyższego	Sąd Najwyższy	ORG	ORG-Supreme-Court-of-Poland
Tomasz Wróblewski	Tomasz Wróblewski	PER	PER-Tomasz-Wróblewski
Tomasza Wróblewskiego	Tomasz Wróblewski	PER	PER-Tomasz-Wróblewski
Trybunału Konstytucyjnego	Trybunał Konstytucyjny	ORG	ORG-Constitutional-Tribunal-Poland
Uniwersytetu Warszawskiego	Uniwersytet Warszawski	ORG	ORG-University-of-Warsaw
Warsaw Enterprise Institute	Warsaw Enterprise Institute	ORG	ORG-Warsaw-Enterprise-Institute
Warszawie	Warszawa	LOC	GPE-Warsaw
Wiktora Orbana	Wiktor Orban	PER	PER-Viktor-Orban
Węgrami	Węgry	LOC	GPE-Hungary
Węgrzech	Węgry	LOC	GPE-Hungary
