pl-566
Atlantyku	Atlantyk	LOC	LOC-Atlantic-Ocean
Blair	Blair	PER	PER-Tony-Blair
Blaira	Blair	PER	PER-Tony-Blair
Brexitu	Brexit	EVT	EVT-Brexit
Brytyjczycy	Brytyjczycy	PER	GPE-Great-Britain
Brytyjczyków	Brytyjczycy	PER	GPE-Great-Britain
Europa	Europa	LOC	LOC-Europe
Europie	Europa	LOC	LOC-Europe
Europie	Europie	LOC	LOC-Europe
Europy	Europa	LOC	LOC-Europe
Instytut na rzecz Globalnej Zmiany	Instytut na rzecz Globalnej Zmiany	ORG	ORG-Institute-for-Global-Change
Irlandii Północnej	Irlandia Północna	LOC	LOC-Irlends-countries
Irlandią	Irlandia	LOC	GPE-Ireland
Nigel Farage	Nigel Farage	PER	PER-Nigel-Farage
Partii Niepodległości Zjednoczonego Królestwa	Partia Niepodległości Zjednoczonego Królestwa	ORG	ORG-UK-Independence-Party
Polaków	Polacy	PER	GPE-Poland
Theresy May 	Theresa May	PER	PER-Theresa-May
Tony Blair	Tony Blair	PER	PER-Tony-Blair
UE	UE	ORG	ORG-European-Union
USA	USA	LOC	GPE-USA
Unii Europejskiej	Unia Europejska	ORG	ORG-European-Union
Unią Europejską	Unia Europejska	ORG	ORG-European-Union
W. Brytanii	W. Brytania	LOC	GPE-Great-Britain
Wielka Brytania	Wielka Brytania	LOC	GPE-Great-Britain
Wielkiej Brytanii	Wielka Brytania	LOC	GPE-Great-Britain
Wspólnoty	Wspólnota	ORG	ORG-European-Union
brytyjski parlament	brytyjski parlament	ORG	ORG-British-Parlament
brytyjskiego parlamentu	Brytyjski Parlament	ORG	ORG-British-Parlament
