pl-715
Atlantic Council	Atlantic Council	ORG	ORG-Atlantic-Council
Austrii	Austria	LOC	GPE-Austria
Brexicie	Brexit	EVT	EVT-Brexit
Brexit	Brexit	EVT	EVT-Brexit
Brexitem	Brexit	EVT	EVT-Brexit
Brukselą	Bruksela	LOC	GPE-Brussles
Centralny Ośrodek Informacji Gospodarczej	Centralny Ośrodek Informacji Gospodarczej	ORG	ORG-Central-Business-Information-Centre
EasyJet Europe	EasyJet Europe	ORG	ORG-EasyJet-Europe
EasyJet	EasyJet	ORG	ORG-EasyJet
Europy Środkowej	Europa Środkowa	LOC	LOC-Central-Europe
Jan Buczek	Jan Buczek	PER	PER-Jan-Buczek
Jarosław Nowrotek	Jarosław Nowrotek	PER	PER-Jarosław-Nowrotek
Jonathan Knott	Jonathan Knott	PER	PER-Jonathan-Knott
Kanału La Manche	Kanał La Manche	LOC	LOC-English-Channel
Klub Jagielloński	Klub Jagielloński	ORG	ORG-Jagiellonian-Club
Londynu	Londyn	LOC	GPE-London
Marcin Roszkowski	Marcin Roszkowski	PER	PER-Marcin-Roszkowski
Michał Kobosko	Michał Kobosko	PER	PER-Michał-Kobosko
Parlamentu Europejskiego	Parlament Europejski	ORG	ORG-European-Parliament
Polsce	Polska	LOC	GPE-Poland
Rządy Pieniądza	Rządy Pieniądza	PRO	PRO-Rządy-Pieniądza
UE	UE	ORG	ORG-European-Union
Unii Europejskiej	Unia Europejska	ORG	ORG-European-Union
Unią Europejską	Unia Europejska	ORG	ORG-European-Union
Unią	Unia	ORG	ORG-European-Union
Warszawie	Warszawa	LOC	GPE-Warsaw
Wielkiej Brytanii	Wielka Brytania	LOC	GPE-Great-Britain
Wielką Brytanią	Wielka Brytania	LOC	GPE-Great-Britain
Wschodniej	Wschodnia	LOC	LOC-Western-Europe
Wspólnoty	Wspólnota	ORG	ORG-European-Union
Zjednoczone Królestwo	Zjednoczone Królestwo	LOC	GPE-Great-Britain
Zrzeszenia Międzynarodowych Przewoźników Drogowych	Zrzeszenie Międzynarodowych Przewoźników Drogowych	ORG	ORG-ZMPD-Zrzeszenie-Międzynarodowych-Przewoźn
