pl-1643
Boris Johnson	Boris Johnson	PER	PER-Boris-Johnson
Borisa Johnsona	Borisa Johnson	PER	PER-Boris-Johnson
Brexicie	Brexit	EVT	EVT-Brexit
BuzzFeed	BuzzFeed	PRO	PRO-Buzzfeed-website
Donaldzie Trumpie	Donald Trump	PER	PER-Donald-Trump
Hammond	Hammond	PER	PER-Philip-Hammond
Irlandia Północna	Irlandia Północna	LOC	LOC-Irlends-countries
Irlandii Północnej	Irlandia Północna	LOC	LOC-Irlends-countries
Irlandii	Irlandia	LOC	GPE-Ireland
Irlandią	Irlandia	LOC	GPE-Ireland
Johnson	Johnson	PER	PER-Boris-Johnson
Johnsona	Johnson	PER	PER-Boris-Johnson
Londyn	Londyn	LOC	GPE-London
Michel Barnier	Michel Barnier	PER	PER-Michel-Barnier
Ministerstwa Spraw Zagranicznych Wielkiej Brytanii	Ministerstwo Spraw Zagranicznych Wielkiej Brytanii	ORG	ORG-Ministry-of-Foreign-Affairs-UK
Philipie Hammondzie	Philip Hammond	PER	PER-Philip-Hammond
Theresy May	Theresa May	PER	PER-Theresa-May
Trumpa	Trump	PER	PER-Donald-Trump
UE	UE	ORG	ORG-European-Union
Unii Europejskiej	Unia Europejska	ORG	ORG-European-Union
Unią Europejską	Unia Europejska	ORG	ORG-European-Union
Wielka Brytania	Wielka Brytania	LOC	GPE-Great-Britain
Wielkiej Brytanii	Wielka Brytania	LOC	GPE-Great-Britain
Wielką Brytanię	Wielka Brytania	LOC	GPE-Great-Britain
Wspólnotą	Wspólnotą	ORG	ORG-European-Union
brexicie	Brexit	EVT	EVT-Brexit
brexitem	Brexit	EVT	EVT-Brexit
brexitu	Brexit	EVT	EVT-Brexit
