pl-170
Andrzej Duda	Andrzej Duda	PER	PER-Andrzej-Duda
Anglia	Anglia	LOC	GPE-England
BBC	BBC	PRO	PRO-BBC
Brexit	Brexit	EVT	EVT-Brexit
Danegeld	Danegeld	PRO	PRO-Danegeld
Davida Davisa	David Davis	PER	PER-David-Davis
Davos	Davos	LOC	GPE-Davos
EEA	EEA	ORG	ORG-EEA-European-Economic-Area
Europejskiej Przestrzeni Gospodarczej	Europejska Przestrzeń Gospodarcza	ORG	ORG-EEA-European-Economic-Area
Londynowi	Londyn	LOC	GPE-London
Mateusz Morawiecki	Mateusz Morawiecki	PER	PER-Mateusz-Morawiecki
Morawiecki	Morawiecki	PER	PER-Mateusz-Morawiecki
Morawieckiego	Morawiecki	PER	PER-Mateusz-Morawiecki
Norwegia	Norwegia	LOC	GPE-Norway
Polski	Polska	LOC	GPE-Poland
Polskę	Polska	LOC	GPE-Poland
Szwajcaria	Szwajcaria	LOC	GPE-Switzerland
UE	UE	ORG	ORG-European-Union
Unii Europejskiej	Unia Europejska	ORG	ORG-European-Union
Unii	Unia	ORG	ORG-European-Union
Unią Europejską	Unia Europejska	ORG	ORG-European-Union
Wielka Brytania	Wielka Brytania	LOC	GPE-Great-Britain
Wielkiej Brytanii	Wielka Brytania	LOC	GPE-Great-Britain
Wielką Brytanią	Wielka Brytania	LOC	GPE-Great-Britain
Wielką Brytanię	Wielka Brytania	LOC	GPE-Great-Britain
Wikingom	Wikingowie	PER	PER-Vikings
Wspólnotą	Wspólnota	ORG	ORG-European-Union
Zjednoczonym Królestwem	Zjednoczone Królestwo	LOC	GPE-Great-Britain
brexitowi	Brexit	EVT	EVT-Brexit
brexitu	Brexit	EVT	EVT-Brexit
wspólnoty	Wspólnota	ORG	ORG-European-Union
Światowego Forum Ekonomicznego	Światowe Forum Ekonomiczne	EVT	EVT-World-Economic-Forum-Davos
Światowym Forum Ekonomicznym w Davos	Światowe Forum Ekonomicznym w Davos	EVT	EVT-World-Economic-Forum-Davos
