pl-22
Brexitu	Brexit	EVT	EVT-Brexit
Brytyjczycy	Brytyjczycy	PER	GPE-Great-Britain
Domagała	Domagała	PER	PER-Łukasz-Domagała
Europejczykami	Europejczycy	PER	LOC-Europe
Europie	Europa	LOC	LOC-Europe
Europę	Europa	LOC	LOC-Europe
Eurostat	Eurostat	ORG	ORG-Eurostat
II wojnie światowej	II Wojna Światowa	EVT	EVT-World-War-II
Ignacy Dudkiewicz	Ignacy Dudkiewicz	PER	PER-Ignacy-Dudkiewicz
OFOP	OFOP	ORG	ORG-OFOP
Ogólnopolska Federacja Organizacji Pozarządowych	Ogólnopolska Federacja Organizacji Pozarządowych	ORG	ORG-OFIP-Polish-Non-Governmental-Organizations-Forum
Ogólnopolskiego Forum Inicjatyw Pozarządowych	Ogólnopolskie Forum Inicjatyw Pozarządowych	EVT	EVT-National-Forum-of-Non-Governmental-Initiatives
Polaków	Polacy	PER	GPE-Poland
Polsce	Polska	LOC	GPE-Poland
Polski	Polska	LOC	GPE-Poland
Polską	Polska	LOC	GPE-Poland
Stała Konferencja do spraw Europejskich	Stała Konferencja do spraw Europejskich	EVT	EVT-Standing-Conference-on-European-Affairs
Traktatu o Unii	Traktat o Unii	PRO	PRO-TUE-Treaty-on-European-Union
Traktatu	Traktat	PRO	PRO-TUE-Treaty-on-European-Union
UE	UE	ORG	ORG-European-Union
Unia Europejska	Unia Europejska	ORG	ORG-European-Union
Unia	Unia	ORG	ORG-European-Union
Unii Europejskiej	Unia Europejska	ORG	ORG-European-Union
Unii	Unia	ORG	ORG-European-Union
Unią	Unia	ORG	ORG-European-Union
VIII OFIP	VIII OFIP	EVT	EVT-National-Forum-of-Non-Governmental-Initiatives
Wielkiej Brytanii	Wielka Brytania	LOC	GPE-Great-Britain
Ł.D.	Ł.D.	PER	PER-Łukasz-Domagała
Łukasz Domagała	Łukasz Domagała	PER	PER-Łukasz-Domagała
