pl-1514
Anglii	Anglia	LOC	GPE-England
Barbara Drozdowicz	Barbara Drozdowicz	PER	PER-Barbara-Drozdowicz
Brexicie	Brexit	EVT	EVT-Brexit
Brexit	Brexit	EVT	EVT-Brexit
Cambridge Analytica	Cambridge Analytica	ORG	ORG-Cambridge-Analytica
East European Resource Centre	East European Resource Centre	ORG	ORG-EERC-East-European-Resource-Centre
Henryce Bochniarz	Henryka Bochniarz	PER	PER-Henryka-Bochniarz
Home Office	Home Office	ORG	ORG-Home-Office-UK
Konfederacja Lewiatan	Konfederacja Lewiatan	ORG	ORG-Confederation-of-Lewiatans
Konfederacji Lewiatan	Konfederacja Lewiatan	ORG	ORG-Confederation-of-Lewiatans
Londynie	Londyn	LOC	GPE-London
MSW	MSW	ORG	ORG-Home-Office-UK
PRL	PRL	LOC	GPE-Poland
Polacy	Polacy	PER	GPE-Poland
Polaków	Polacy	PER	GPE-Poland
Polska	Polska	LOC	GPE-Poland
Polski	Polska	LOC	GPE-Poland
Rz	Rz	PRO	PRO-Rzeczpospolita
Rzeczpospolita	Rzeczpospolita	PRO	PRO-Rzeczpospolita
Theresa May	Theresa May	PER	PER-Theresa-May
UE	UE	ORG	ORG-European-Union
UK	UK	LOC	GPE-Great-Britain
Unii	Unia	ORG	ORG-European-Union
Wielka Brytania	Wielka Brytania	LOC	GPE-Great-Britain
Wielkiej Brytanii	Wielka Brytania	LOC	GPE-Great-Britain
Wielką Brytanią	Wielka Brytania	LOC	GPE-Great-Britain
Wyspach Brytyjskich	Wyspy Brytyjskie	LOC	GPE-Great-Britain
Wyspach	Wyspy	LOC	GPE-Great-Britain
Zjednoczonym Królestwie	Zjednoczone Królestwo	LOC	GPE-Great-Britain
