pl-118
Alantra Partners	Alantra Partners	ORG	ORG-Alantra-Partners-SA
BBC Radio 4	BBC Radio 4	PRO	PRO-BBC-Radio-4
Banco Mare Nostrum	Banco Mare Nostrum	ORG	ORG-Banco-Mare-Nostrum-SA
Bank of America	Bank of America	ORG	ORG-Bank-of-America
Bankię	Bankia	ORG	ORG-Bankia
Bloomberg	Bloomberg	ORG	ORG-Bloomberg-LP
Brexit	Brexit	EVT	EVT-Brexit
Deutsche Bank	Deutsche Bank	ORG	ORG-Deutsche-Bank
Europie	Europa	LOC	LOC-Europe
Europy	Europa	LOC	LOC-Europe
Frankfurcie nad Menem	Frankfurt nad Menem	LOC	GPE-Frankfurt-am-Main
Goldman Sachs	Goldman Sachs	ORG	ORG-Goldman-Sachs
HSBC	HSBC	ORG	ORG-HSBC
Hiszpanie	Hiszpanie	PER	GPE-Spain
KKR Co.	KKR Co.	ORG	ORG-KKR-Co-Inc
Londyn	Londyn	LOC	GPE-London
Londynie	Londyn	LOC	GPE-London
Londynu	Londyn	LOC	GPE-London
Michael Bloomberg	Michael Bloomberg	PER	PER-Michael-Bloomberg
Morgan Stanley	Morgan Stanley	ORG	ORG-Morgan-Stanley
Nowego Jorku	Nowy Jork	LOC	GPE-New-York
Paryżu	Paryż	LOC	GPE-Paris
Q-Park	Q-Park	ORG	ORG-Q-Park
Unii Europejskiej	Unia Europejska	ORG	ORG-European-Union
Wielkiej Brytanii	Wielka Brytania	LOC	GPE-Great-Britain
brexit	Brexit	EVT	EVT-Brexit
brexitu	Brexit	EVT	EVT-Brexit
