pl-1984
Anglicy	Anglicy	PER	GPE-Great-Britain
BBC	BBC	PRO	PRO-BBC
Brexit	Brexit	EVT	EVT-Brexit
Brexitowi	Brexit	EVT	EVT-Brexit
Brexitu	Brexit	EVT	EVT-Brexit
Bruksela	Bruksela	LOC	GPE-Brussles
Erdoğana	Erdoğan	PER	PER-Recep-Tayyip-Erdoğan
Gina Miller	Gina Miller	PER	PER-Gina-Miller
Głos Ludu	Głos Ludu	ORG	ORG-Peoples-Vote
Huberta Parry'ego	Hubert Parry	PER	PER-Hubert-Parry
Jerusalem	Jerusalem	PRO	PRO-title-Jerusalem
KOD	KOD	ORG	ORG-KOD-Poland
Liberałów	Liberałowie	ORG	ORG-Labour-Party-UK
Londyn	Londyn	LOC	GPE-London
Londynie	Londyn	LOC	GPE-London
Londynu	Londyn	LOC	GPE-London
MetTaskforce	MetTaskforce	ORG	ORG-MetTaskforce
Metropolitan Police London	Metropolitan Police London	ORG	ORG-Metropolitan-Police-London
Miller	Miller	PER	PER-Gina-Miller
Orbana	Orban	PER	PER-Viktor-Orban
Partii Konserwatywnej	Partia Konserwatywna	ORG	ORG-Conservative-and-Unionist-Party-UK
Partii Pracy	Partia Pracy	ORG	ORG-Labour-Party-UK
People's Vote	People's Vote	ORG	ORG-Peoples-Vote
Pokurcza	Pokurcz	PER	PER-Pokurcz
Putina	Putin	PER	PER-Vladimir-Putin
Rule Brittania	Rule Brittania	PRO	PRO-Rule-Brittania
Sky News	Sky News	PRO	PRO-Sky-News-TV
The Guardian	The Guardian	PRO	PRO-The-Guardian
Theresy May	Theresa May	PER	PER-Theresa-May
Trumpa	Trump	PER	PER-Donald-Trump
Turcja	Turcja	LOC	GPE-Turkey
Unii	Unia	ORG	ORG-European-Union
Vince Cable	Vince Cable	PER	PER-Vince-Cable
Włochy	Włochy	LOC	GPE-Italy
brexit	Brexit	EVT	EVT-Brexit
brexitu	Brexit	EVT	EVT-Brexit
