bg_3037
Пакистан	пакистан	LOC	13-2
Тоня Димитрова	тоня димитрова	PER	4-24
Мохамед	мохамед	PER	32-0
Ася Биби	ася биби	PER	11-1
Ася	ася	PER	11-6
Карачи	карачи	LOC	38-5
Лахор	лахор	LOC	48-1
Пешавар	пешавар	LOC	13-18
Мултан	мултан	LOC	32-7
Аллах	аллах	PER	11-19
Шарджийл Моглани	шарджийл моглани	PER	47-4
Бог	бог	PER	9-19
Джавед Масих	джавед масих	PER	44-8
Ватикана	ватикан	LOC	14-7
Бенедикт	бенедикт	PER	9-14
Франциск	франциск	PER	8-3
Мумтаз Кадри	мумтаз кадър	PER	32-1
Кадри	кадър	PER	38-2
Афганистан	афганистан	LOC	11-22
NOVA	nova	PRO	31-23
Instagram	instagram	PRO	20-14
Facebook	facebook	PRO	xxx
