bg_3070_2
Ажа Биби	ажа биби	PER	11-25
Джеръми Рейнълдс	джеръми рейнълдс	PER	44-22
ASSIST News Service	assist news service	ORG	12-35
Пакистан	пакистан	LOC	13-2
Рождество	рождество	EVT	30-8
Торино	торино	LOC	4-20
Ла Стампа	ла стампа	PRO	48-3
Паоло Афатато	паоло афата	PER	13-43
Рождество Христово	рождество христово	EVT	30-8
Мултан	мултан	LOC	32-7
Пенджаб	пенджаб	LOC	13-4
Ажа	ажа	PER	11-83
Върховният съд на Пакистан	върховен съд на пакистан	ORG	14-1
Годината на милосърдието	година на милосърдие	EVT	23-9
Ашик Масих	ашик масих	PER	11-11
Джоузеф Надийм	джоузеф надийм	PER	44-32
Възраждане на образованието	възраждане на образование	ORG	14-17
Лахор	лахор	LOC	48-1
Иисус	иисус	PER	43-7
Мохамед	мохамед	PER	32-0
Иисус Христос	иисус христос	PER	43-11
Ашик	ашик	PER	11-18
Бог	бог	PER	9-5
Халил Тахир Синдху	халил тахир синдху	PER	1-16
Синдху	синдху	PER	42-14
Мамнун Хюсеин	мамнун хюсеин	PER	32-16
Хюсеин	хюсеин	PER	1-9
Саджад Масих Гил	саджад масих гил	PER	42-15
Гил	гил	PER	23-7
Нисар Шар	нисар шар	PER	39-13
Карачи	карачи	LOC	38-5
Сайфул Малук	сайфул малук	PER	42-5
