bg_3041
Асия Биби	асия биби	PER	11-0
пакистанския върховен съд	пакистански върховен съд	ORG	13-7
Исламабад	исламабад	LOC	43-0
Асошиейтед прес	асошиейтед прес	ORG	11-10
БТА	бта	ORG	9-7
Биби	биби	PER	9-6
Мохамед	мохамед	PER	32-0
Върховният съд на Пакистан	върховен съд на пакистан	ORG	14-1
Пакистан	пакистан	LOC	13-2
Фауад Хюсеин	фауад хюсеин	PER	8-2
Пенджаб	пенджаб	LOC	13-4
Терек е Лабайк	терек съм лабайк	ORG	4-2
Ашик Масих	ашик масих	PER	11-11
Италия	италия	LOC	43-1
Матео Салвини	матео салвини	PER	32-2
Салвини	салвини	PER	42-3
Ер Те Ел	ер аз ел	PRO	26-1
Холандия	холандия	LOC	1-0
Сайфул Мулок	сайфул мулок	PER	42-0
Мулок	мулок	PER	32-3
САЩ	сащ	LOC	42-1
Великобритания	великобритания	LOC	14-0
Канада	канада	LOC	38-0
Доналд Тръмп	доналд тръмп	PER	44-2
Тереза Мей	тереза мей	PER	4-3
АФП	афп	ORG	11-55
Джъстин Трюдо	джъстин трюдо	PER	44-4
Уилсън Чоудри	уилсън чоудри	PER	27-1
Асоциацията на пакистанските християни във Великобритания	асоциация на пакистански християнин във великобритания	ORG	11-12
Белгия	белгия	LOC	9-8
Нов фламандски алианс	нов фламандски алианс	ORG	39-1
Петер Люкс	петер люкс	PER	13-8
