bg_3071
Ажа Биби	ажа биби	PER	11-25
Майкъл Айърлънд	майкъл айърлънд	PER	32-44
Исламабад	исламабад	LOC	43-0
Пакистан	пакистан	LOC	13-2
Памела Гелер	памела гелер	PER	13-22
www.AtlasShrugs.com	www.atlasshrugs.com	PRO	49-19
Спрете ислямизацията на Америка : практическо ръководство за съпротива”	спра-(се) ислямизация на америка : практически ръководство за съпротива”	PRO	42-51
WND Books	wnd books	ORG	49-30
САЩ	сащ	LOC	42-1
American Thinker	american thinker	PRO	12-67
www.AmericanThinker.com)	www.americanthinker.com)	PRO	49-24
Хюстън	хюстън	LOC	1-14
Нашвил	нашвил	LOC	39-19
Америка	америка	LOC	11-20
Рождество	рождество	EVT	30-8
Гелер	гелер	PER	23-11
Ажа	ажа	PER	11-69
Ксавие Уилям	ксавие уилям	PER	38-42
Уилям	уилям	PER	27-2
Живот за всеки	живот за всеки	ORG	xxx
Районния съд в Лахор	районен съд в лахор	ORG	30-9
Бога	бог	PER	9-16
Алишба	алишба	PER	11-42
Господа	господин	PER	23-1
