bg-3051
Ася Биби	ася биби	PER	11-1
Върховният съд на Пакистан	върховен съд на пакистан	ORG	14-1
Сакиб Нисар	сакиб нисар	PER	42-11
Исламабад	исламабад	LOC	43-0
Мохамед	мохамед	PER	32-0
Шейхупура	шейхупура	LOC	47-1
Лахор	лахор	LOC	48-1
Ася	ася	PER	11-6
Пакистан	пакистан	LOC	13-2
Врата на Надеждата	врата на надежда	ORG	14-15
Брита Милованцева	брита милованцева	PER	9-36
Главният съд в Лахор	главен съд в лахор	ORG	23-3
Асия Биби	асия биби	PER	11-0
Файсалабад	файсалабад	LOC	8-6
Сайфул Малок	сайфул малок	PER	42-0
Катанвала	катанвам	LOC	38-22
Миан Нисар	миан нисар	PER	32-18
Малок	малок	PER	32-10
Аса	аса	PER	11-40
Кхоса	кхоса	PER	38-63
Асма	асма	PER	11-17
Исма	исма	PER	43-18
Корана	коран	PRO	38-6
Асиф Кхоса	асиф кхоса	PER	11-73
Мазхар Хан	мазхар хан	PER	32-29
