bg_3016
Асиа Биби	асиа биби	PER	11-14
пакистанска	пакистански	PER	xxx
Пакистан	пакистан	LOC	13-2
Асиа	асиа	PER	11-17
Итан Уали	итан уали	LOC	43-3
Шейкипура	шейкипура	LOC	47-1
Мохамед	мохамед	PER	32-0
раздел 295 В от	раздел 295 в от	PRO	xxx
НК на Пакистан	нк на пакистан	PRO	39-15
Навид Икбал	навид икбал	PER	39-16
Пенджаб	пенджаб	LOC	13-4
Интернет	интернет	PRO	43-13
Върховния съд на Лахор	върховен съд на лахор	ORG	14-1
Асиф Али Зардари	асиф али зардари	PER	11-52
Пинджаб	пинджаб	LOC	13-4
CNN	cnn	ORG	46-0
Чаудри Мухамад Джахангир	чаудри мухамад джахангир	PER	xxx
Висшия съд на Лахор	висш съд на лахор	ORG	14-3
Кари Салим	кари салим	PER	38-51
