sl-165
Brezar	Brezar	PER	PER-Martin-Brezar
Brezarjevi	Brezar	PER	PER-Martin-Brezar
Kočevja	Kočevje	LOC	GPE-Kočevje
Kočevju	Kočevje	LOC	GPE-Kočevje
Kunič	Kunič	PER	PER-Miha-Kunič
Marko Črešnovar	Marko Črešnovar	PER	PER-Marko-Črešnovar
Martin Brezar	Martin Brezar	PER	PER-Martin-Brezar
Martina Brezarja	Martin Brezar	PER	PER-Martin-Brezar
Martinu Brezarju	Martin Brezar	PER	PER-Martin-Brezar
Mihe Kuniča	Miha Kunič	PER	PER-Miha-Kunič
Osterman	Osterman	LOC	LOC-Osterman-pub
Petek	Petek	PER	PER-Sašo-Petek
Petka	Petek	PER	PER-Sašo-Petek
Petkom	Petek	PER	PER-Sašo-Petek
Petkovi	Petek	PER	PER-Sašo-Petek
Petkovo	Petek	PER	PER-Sašo-Petek
Saša Petka	Sašo Petek	PER	PER-Sašo-Petek
Vanja F. Rejc	Vanja F. Rejc	PER	PER-Vanja-F-Rejc
ljubljanskega višjega sodišča	ljubljansko višje sodišče	ORG	ORG-Ljubljana-Higher-Court
