sl-149
Andrewa Parkerja Bowlesa	Andrew Parker Bowles	PER	PER-Andrew-Parker-Bowles
Anglije	Anglija	LOC	GPE-England
Avstraliji	Avstralija	LOC	GPE-Australia
Bild	Bild	PRO	PRO-Bild
Camilla Shand	Camilla Shand	PER	PER-Camilla-Duchess-of-Wales
Camilla	Camilla	PER	PER-Camilla-Duchess-of-Wales
Camille	Camilla	PER	PER-Camilla-Duchess-of-Wales
Charles	Charles	PER	PER-Charles-Prince-of-Wales
Charlesa	Charles	PER	PER-Charles-Prince-of-Wales
David Day	David Day	PER	PER-David-Day
Diana	Diana	PER	PER-Diana-Princess-of-Wales
Diano	Diana	PER	PER-Diana-Princess-of-Wales
Dorante	Dorante	PER	PER-SImon-Dorante-Day
Gosportu	Gosport	LOC	GPE-Gosport
Karen	Karen	PER	PER-Karen-Day
New Idea	New Idea	PRO	PRO-New-Idea-Magazine
Queenslandu	Queensland	LOC	GPE-Queensland
Scotland Yard	Scotland Yard	ORG	ORG-Metropolitan-Police-London
Simon Dorante - Day	Simon Dorante - Day	PER	PER-SImon-Dorante-Day
Tomu Parkerju Bowlesu	Tom Parker Bowles	PER	PER-Tom-Parker-Bowles
Williamu	William	PER	PER-Prince-William
