sl-38-2
Alp	Alpe	LOC	LOC-Alps
Alpah	Alpe	LOC	LOC-Alps
Alpe	Alpe	LOC	LOC-Alps
Arso	Arso	ORG	ORG-ARSO-Slovenian-Environment-Agency
Avstrije	Avstrija	LOC	GPE-Austria
Evropi	Evropa	LOC	LOC-Europe
Evropo	Evropa	LOC	LOC-Europe
Francijo	Francija	LOC	GPE-France
Gorenjskem	Gorenjska	LOC	LOC-Gorenjska
Kamniško-Savinjskimi Alpami	Kamniško-Savinjske Alpe	LOC	LOC-Kamnik-Savinja-Alps
Kredarici	Kredarica	LOC	LOC-Kredarica
Ljubljansko kotlino	Ljubljanska kotlina	LOC	LOC-Ljubljana-Basin
Nemčije	Nemčija	LOC	GPE-Germany
Pohorjem	Pohorje	LOC	LOC-Pohorje
Rok Nosan	Rok Nosan	PER	PER-Rok-Nosan
Skandinavije	Skandinavija	LOC	LOC-Scandinavia
Sloveniji	Slovenija	LOC	GPE-Slovenia
Veliko Britanijo	Velika Britanija	LOC	GPE-Great-Britain
dolini Save Bohinjke	dolina Save Bohinjke	LOC	LOC-Sava-Bohinjka-Valley
jugovzhodni	jugovzhodna	LOC	LOC-Southeast-Europe
vzhodni Evropi	vzhodna Evropa	LOC	LOC-Eastern-Europe
Švice	Švica	LOC	GPE-Switzerland
