pl-1886
Airbus Commercial Aircraft	Airbus Commercial Aircraft	ORG	ORG-Airbus-Commercial-Aircraft
Airbus	Airbus	ORG	ORG-Airbus-SE
Berenberg	Berenberg	ORG	ORG-Berenberg
Boris Johnson	Boris Johnson	PER	PER-Boris-Johnson
Brukselą	Bruksela	LOC	GPE-Brussles
Brytyjczycy	Brytyjczycy	PER	GPE-Great-Britain
Brytyjska Izba Handlowa	Brytyjska Izba Handlowa	ORG	ORG-British-Chambers-of-Commerce
CNN	CNN	PRO	PRO-CNN
Europejczyków	Europejczycy	PER	LOC-Europe
KPMG	KPMG	ORG	ORG-KPMG
Konfederacji Przemysłu Brytyjskiego	Konfederacja Przemysłu Brytyjskiego	ORG	ORG-CBI-Confederation-of-British-Industry
Londynu	Londyn	LOC	GPE-London
Narodowy Instytut Badań Ekonomicznych i Społecznych	Narodowy Instytut Badań Ekonomicznych i Społecznych	ORG	ORG-National-Institute-for-Economic-and-Social-Research-UK
Paul Drechsler	Paul Drechsler	PER	PER-Paul-Drechsler
Theresa May	Theresa May	PER	PER-Theresa-May
Tom Williams	Tom Williams	PER	PER-Tom-Williams
UE	UE	ORG	ORG-European-Union
Unii Europejskiej	Unia Europejska	ORG	ORG-European-Union
Wielka Brytania	Wielka Brytania	LOC	GPE-Great-Britain
Wielkiej Brytanii	Wielka Brytania	LOC	GPE-Great-Britain
Wspólnotę	Wspólnota	ORG	ORG-European-Union
Wyspy	Wyspy	LOC	GPE-Great-Britain
Yael Selfin	Yael Selfin	PER	PER-Yael-Selfin
Zjednoczonego Królestwa	Zjednoczone Królestwo	LOC	GPE-Great-Britain
brexicie	Brexit	EVT	EVT-Brexit
brexitem	Brexit	EVT	EVT-Brexit
brexitu	Brexit	EVT	EVT-Brexit
