pl-601
Appenzellera	Appenzeller	PER	PER-Gerd-Appenzeller
Berlinie	Berlin	LOC	GPE-Berlin
Brexit	Brexit	EVT	EVT-Brexit
Brexitem	Brexit	EVT	EVT-Brexit
Brukseli	Bruksela	LOC	GPE-Brussles
Europie	Europa	LOC	LOC-Europe
Europy	Europa	LOC	LOC-Europe
Fundacji Koerbera	Fundacja Koerbera	ORG	ORG-Körber-Foundation
Gerd Appenzeller	Gerd Appenzeller	PER	PER-Gerd-Appenzeller
Grupy Wyszehradzkiej	Grupa Wyszehradzka	ORG	ORG-Visegrád-Group
II wojny światowej	II Wojna Światowa	EVT	EVT-World-War-II
Mateusz Morawiecki	Mateusz Morawiecki	PER	PER-Mateusz-Morawiecki
Morawieckiego	Morawiecki	PER	PER-Mateusz-Morawiecki
PAP	PAP	ORG	ORG-PAP-Polish-Press-Agency
PiS	PiS	ORG	ORG-PiS-Law-and-Justice
Polsce	Polska	LOC	GPE-Poland
Polska	Polska	LOC	GPE-Poland
Polski	Polska	LOC	GPE-Poland
Tagesspiegel	Tagesspiegel	PRO	PRO-Tagesspiegel
Tagesspiegla	Tagesspiegl	PRO	PRO-Tagesspiegel
UE	UE	ORG	ORG-European-Union
Warszawie	Warszawa	LOC	GPE-Warsaw
Zachodzie	Zachód	LOC	LOC-West
