pl-1557
Chicago	Chicago	LOC	GPE-Chicago
Cypru	Cypr	LOC	GPE-Cyprus
Harry	Harry	PER	PER-Prince-Harry
Indii	India	LOC	GPE-India
Janusz Sibora	Janusz Sibora	PER	PER-Janusz-Sibora
Januszem Siborą	Janusz Sibora	PER	PER-Janusz-Sibora
Karol	Karol	PER	PER-Charles-Prince-of-Wales
Londynie	Londyn	LOC	GPE-London
Malty	Malta	LOC	GPE-Malta
Meghan Markle	Meghan Markle	PER	PER-Meghan-Markle-Duchess-of-Sussex
Pakistanu	Pakistan	LOC	GPE-Pakistan
RPA	RPA	LOC	GPE-RPA
Rzeczpospolita	Rzeczpospolita	PRO	PRO-Rzeczpospolita
Sri Lanki	Sri Lanka	LOC	GPE-Sri-Lanka
Sussex	Sussex	LOC	GPE-Sussex
UE	UE	ORG	ORG-European-Union
Wielka Brytania	Wielka Brytania	LOC	GPE-Great-Britain
Wspólnocie Narodów	Wspólnota Narodów	ORG	ORG-The-Commonwealth
Wspólnoty Narodów	Wspólnota Narodów	ORG	ORG-The-Commonwealth
Wspólnotę Narodów	Wspólnota Narodów	ORG	ORG-The-Commonwealth
brexitu	Brexit	EVT	EVT-Brexit
Łukasz Lubański	Łukasz Lubański	PER	PER-Łukasz-Dominiak
