pl-640
Brexicie	Brexit	EVT	EVT-Brexit
Brexit	Brexit	EVT	EVT-Brexit
Brexitu	Brexit	EVT	EVT-Brexit
Bruksela	Bruksela	LOC	GPE-Brussles
Brukseli	Bruksela	LOC	GPE-Brussles
Brytyjczyków	Brytyjczycy	PER	GPE-Great-Britain
City	City	LOC	LOC-City-of-London
Francja	Francja	LOC	GPE-France
Komisja	Komisja	ORG	ORG-European-Commission
Komisji Europejskiej	Komisja Europejska	ORG	ORG-European-Commission
Komisji	Komisja	ORG	ORG-European-Commission
Komisją	Komisja	ORG	ORG-European-Commission
Londynem	Londyn	LOC	GPE-London
Londynu	Londyn	LOC	GPE-London
Luksemburg	Luksemburg	LOC	GPE-Luxembourg
Niemcy	Niemcy	LOC	GPE-Germany
Paryż	Paryż	LOC	GPE-Paris
Szwecja	Szwecja	LOC	GPE-Sweden
Theresy May	Theresa May	PER	PER-Theresa-May
USA	USA	LOC	GPE-USA
Unia	Unia	ORG	ORG-European-Union
Unii	Unia	ORG	ORG-European-Union
Unię	Unia	ORG	ORG-European-Union
W. Brytanii	W. Brytania	LOC	GPE-Great-Britain
W. Brytanią	W. Brytania	LOC	GPE-Great-Britain
W. Brytanię	W. Brytania	LOC	GPE-Great-Britain
