pl-1678
Anglii	Anglia	LOC	GPE-England
Austrii	Austria	LOC	GPE-Austria
Brexitu	Brexit	EVT	EVT-Brexit
Diesla	Diesel	PRO	PRO-Diesel
Discovery	Discovery	PRO	PRO-Discovery-Jaguar
I-Pace	I-Pace	PRO	PRO-I-PACE
Indii	Indie	LOC	GPE-India
JLR	JLR	ORG	ORG-JLR
Jaguar Land Rover	Jaguar Land Rover	ORG	ORG-Jaguar-Land-Rover
Ken Gregor	Ken Gregor	PER	PER-Ken-Gregor
Nitra	Nitra	LOC	GPE-Nitra
Range Rovery Sport	Range Rovery Sport	PRO	PRO-Range-Rovery-Sport
Range Rovery	Range Rovery	PRO	PRO-Range-Rover
Solihull	Solihull	LOC	GPE-Solihull
Słowacji	Słowacja	LOC	GPE-Slovakia
Słowację	Słowacja	LOC	GPE-Slovakia
Tata Motors	Tata Motors	ORG	ORG-Tata-Motors
Wielkiej Brytanii	Wielka Brytania	LOC	GPE-Great-Britain
agencja Reutera	Agencja Reutera	ORG	ORG-Reuters
brexitu	Brexit	EVT	EVT-Brexit
