pl-461
AP	AP	ORG	ORG-AP-The-Associated-Press
Amsterdamie	Amsterdam	LOC	GPE-Amsterdam
Brexicie	Brexit	EVT	EVT-Brexit
Brexit	Brexit	EVT	EVT-Brexit
Brexitu	Brexit	EVT	EVT-Brexit
Brytyjczycy	Brytyjczycy	PER	GPE-Great-Britain
Brytyjczyków	Brytyjczycy	PER	GPE-Great-Britain
Christiaan Alberdingk Thijm	Christiaan Alberdingk Thijm	PER	PER-Christiaan-Alberdingk-Thijm
Europy	Europa	LOC	LOC-Europe
Holandia	Holandia	LOC	GPE-Holland
Holandii	Holandia	LOC	GPE-Holland
Luksemburga	Luksemburg	LOC	GPE-Luxembourg
Luksemburgu	Luksemburg	LOC	GPE-Luxembourg
Stephen Huyton	Stephen Huyton	PER	PER-Stephen-Huyton
Trybunału Sprawiedliwości UE	Trybunał Sprawiedliwości UE	ORG	ORG-European-Court-of-Justice
Trybunału Sprawiedliwości Unii Europejskiej	Trybunał Sprawiedliwości Unii Europejskiej	ORG	ORG-European-Court-of-Justice
Trybunału UE	Trybunał UE	ORG	ORG-European-Court-of-Justice
UE	UE	ORG	ORG-European-Union
Unii Europejskiej	Unia Europejska	ORG	ORG-European-Union
Unii	Unia	ORG	ORG-European-Union
W. Brytanii	W. Brytania	LOC	GPE-Great-Britain
Wielkiej Brytanii	Wielka Brytania	LOC	GPE-Great-Britain
