pl-1891
Berlina	Berlin	LOC	GPE-Berlin
Berlinie	Berlin	LOC	GPE-Berlin
Europa	Europa	LOC	LOC-Europe
Europie	Europa	LOC	LOC-Europe
Europy	Europa	LOC	LOC-Europe
Kolonii	Kolonia	LOC	GPE-Cologne
Kopenhadze	Kopenhaga	LOC	GPE-Copenhagen
Lizbonie	Lizbona	LOC	GPE-Lisbon
Londynie	Londyn	LOC	GPE-London
March for a new Europe	March for a new Europe	EVT	EVT-March-for-a-new-Europe
Monachium	Monachium	LOC	GPE-Munich
Niemcy	Niemcy	LOC	GPE-Germany
Niemczech	Niemcy	LOC	GPE-Germany
Niemiec	Niemcy	LOC	GPE-Germany
Sören Brandes	Sören Brandes	PER	PER-Sören-Brandes
UE	UE	ORG	ORG-European-Union
Unii Europejskiej	Unia Europejska	ORG	ORG-European-Union
Unią	Unia	ORG	ORG-European-Union
Wielkiej Brytanii	Wielka Brytania	LOC	GPE-Great-Britain
brexitu	Brexit	EVT	EVT-Brexit
brexitu	Brexitu	EVT	EVT-Brexit
dpa	DPA	ORG	ORG-DPA
