pl-1530
Belgii	Belgia	LOC	GPE-Belgium
Europie	Europa	LOC	LOC-Europe
Francji	Francja	LOC	GPE-France
Holandii	Holandia	LOC	GPE-Holland
Interreg	Interreg	PRO	PRO-Interreg
Irlandii	Irlandia	LOC	GPE-Ireland
KE	KE	ORG	ORG-European-Commission
KR	KR	ORG	ORG-CoR-European-Committee-of-the-Regions
Karl-Heinz Lambertz	Karl-Heinz Lambertz	PER	PER-Karl-Heinz-Lambertz
Komisja	Komisja	ORG	ORG-European-Commission
Komisję	Komisja	ORG	ORG-European-Commission
Komitet Regionów	Komitet Regionów	ORG	ORG-CoR-European-Committee-of-the-Regions
Komitet	Komitet	ORG	ORG-CoR-European-Committee-of-the-Regions
Lambertz	Lambertz	PER	PER-Karl-Heinz-Lambertz
UE	UE	ORG	ORG-European-Union
Unii Europejskiej	Unia Europejska	ORG	ORG-European-Union
Unii	Unia	ORG	ORG-European-Union
Wielkiej Brytanii	Wielka Brytania	LOC	GPE-Great-Britain
brexit	Brexit	EVT	EVT-Brexit
brexitu	Brexit	EVT	EVT-Brexit
