pl-232
Akcenta	Akcenta	ORG	ORG-Akcenta
Brexitem	Brexit	EVT	EVT-Brexit
Brexitu	Brexit	EVT	EVT-Brexit
Czech	Czechy	LOC	GPE-Czech-Republic
Czechy	Czechy	LOC	GPE-Czech-Republic
GUS	GUS	ORG	ORG-GUS-Poland
Holandii	Holandia	LOC	GPE-Holland
Holandię	Holandia	LOC	GPE-Holland
Maciej Witucki	Maciej Witucki	PER	PER-Maciej-Witucki
Migracje Zarobkowe Polaków VIII	Migracje Zarobkowe Polaków VIII	PRO	PRO-Wage-migrations-of-Poles-VIII
Niemcy	Niemcy	LOC	GPE-Germany
Niemczech	Niemcy	LOC	GPE-Germany
Polacy	Polacy	PER	GPE-Poland
Polaków	Polacy	PER	GPE-Poland
Polski	Polska	LOC	GPE-Poland
Radosław Jarema	Radosław Jarema	PER	PER-Radosław-Jarema
The Migration Advisory Committee	The Migration Advisory Committee	ORG	ORG-The-Migration-Advisory-Committee
Wielka Brytania	Wielka Brytania	LOC	GPE-Great-Britain
Wielkiej Brytanii	Wielka Brytania	LOC	GPE-Great-Britain
Wielką Brytanię	Wielka Brytania	LOC	GPE-Great-Britain
Work Service	Work Service	ORG	ORG-Work-Service
Wyspach	Wyspy	LOC	GPE-Great-Britain
Wyspy	Wyspy	LOC	GPE-Great-Britain
Zjednoczonym Królestwem	Zjednoczone Królestwo	LOC	GPE-Great-Britain
