pl-1955
Brexicie	Brexit	EVT	EVT-Brexit
Brexitu	Brexit	EVT	EVT-Brexit
Brytyjczycy	Brytyjczycy	PER	GPE-Great-Britain
Chin	Chiny	LOC	GPE-China
Europa	Europa	LOC	LOC-Europe
Europy	Europa	LOC	LOC-Europe
Europą	Europa	LOC	LOC-Europe
MSC	MSC	EVT	EVT-MSC-Munich-Security-Conference
MSZ	MSZ	ORG	ORG-Ministry-of-Foreign-Affairs-Poland
May	May	PER	PER-Theresa-May
Monachijska Konferencja Bezpieczeństwa	Monachijska Konferencja Bezpieczeństwa	EVT	EVT-MSC-Munich-Security-Conference
Monachijskiej Konferencji Bezpieczeństwa	Monachijska Konferencja Bezpieczeństwa	EVT	EVT-MSC-Munich-Security-Conference
Niemiec	Niemcy	LOC	GPE-Germany
PAP	PAP	ORG	ORG-PAP-Polish-Press-Agency
Sigmar Gabriel	Sigmar Gabriel	PER	PER-Sigmar-Gabriel
UE	UE	ORG	ORG-European-Union
USA	USA	LOC	GPE-USA
Wielka Brytania	Wielka Brytania	LOC	GPE-Great-Britain
Wielkiej Brytanii	Wielka Brytania	LOC	GPE-Great-Britain
Wspólnotę	Wspólnota	ORG	ORG-European-Union
