pl-683
Brexit	Brexit	EVT	EVT-Brexit
Brukseli	Bruksela	LOC	GPE-Brussles
Brukselą	Bruksela	LOC	GPE-Brussles
Brytyjczycy	Brytyjczycy	PER	GPE-Great-Britain
Brytyjczyk	Brytyjczyk	PER	GPE-Great-Britain
BuzzFeed	BuzzFeed	PRO	PRO-Buzzfeed-website
Europejski Komitet Społeczno-Ekonomiczny	Europejski Komitet Społeczno-Ekonomiczny	ORG	ORG-EESC-The-European-Economic-and-Social-Committee
Kanadą	Kanada	LOC	GPE-Canada
Komisji Europejskiej	Komisja Europejska	ORG	ORG-European-Commission
Komitet Regionów	Komitet Regionów	ORG	ORG-CoR-European-Committee-of-the-Regions
Londyn	Londyn	LOC	GPE-London
Londynowi	Londyn	LOC	GPE-London
Michel Barnier	Michel Barnier	PER	PER-Michel-Barnier
Stanami Zjednoczonymi	Stany Zjednoczone	LOC	GPE-USA
Trybunale Obrachunkowym	Trybunał Obrachunkowy	ORG	ORG-ECA-European-Court-of-Auditors
Trybunale Sprawiedliwości	Trybunał Sprawiedliwości	ORG	ORG-European-Court-of-Justice
Trybunału Sprawiedliwości	Trybunał Sprawiedliwości	ORG	ORG-European-Court-of-Justice
UE	UE	ORG	ORG-European-Union
WTO	WTO	ORG	ORG-WTO-World-Trade-Organization
Wielka Brytania	Wielka Brytania	LOC	GPE-Great-Britain
Wielkiej Brytanii	Wielka Brytania	LOC	GPE-Great-Britain
brexicie	Brexit	EVT	EVT-Brexit
brexitu	Brexit	EVT	EVT-Brexit
parlamencie	Parlament	ORG	ORG-European-Parliament
Światowej Organizacji Handlu	Światowa Organizacja Handlu	ORG	ORG-WTO-World-Trade-Organization
