pl-517
Adam Langleben	Adam Langleben	PER	PER-Adam-Langleben
Anglii	Anglia	LOC	GPE-England
Barnet	Barnet	LOC	LOC-London-Barnet
Barry Rawlings	Barry Rawlings	PER	PER-Barry-Rawlings
Boris Johnson	Boris Johnson	PER	PER-Boris-Johnson
Brexit	Brexit	EVT	EVT-Brexit
Brexitu	Brexit	EVT	EVT-Brexit
Corbyn	Corbyn	PER	PER-Jeremy-Corbyn
Guardian	Guardian	PRO	PRO-The-Guardian
Howard	Howard	PER	PER-Michael-Howard
Jeremy'ego Corbyna	Jeremy Corbyn	PER	PER-Jeremy-Corbyn
Liberalni Demokraci	Liberalni Demokraci	ORG	ORG-Scottish-Liberal-Democrats
Liberalnych Demokratów	Liberalni Demokraci	ORG	ORG-Scottish-Liberal-Democrats
Londynie	Londyn	LOC	GPE-London
Londynu	Londyn	LOC	GPE-London
MSZ	MSZ	ORG	ORG-Ministry-of-Foreign-Affairs-UK
May	May	PER	PER-Theresa-May
Partia Konserwatywna	Partia Konserwatywna	ORG	ORG-Conservative-and-Unionist-Party-UK
Partia Pracy	Partia Pracy	ORG	ORG-Labour-Party-UK
Partii Konserwatywnej	Partia Konserwatywna	ORG	ORG-Conservative-and-Unionist-Party-UK
Partii Niepodległości Zjednoczonego Królestwa	Partia Niepodległości Zjednoczonego Królestwa	ORG	ORG-UK-Independence-Party
Partii Pracy	Partia Pracy	ORG	ORG-Labour-Party-UK
Telegraph	Telegraph	PRO	PRO-The-Daily-Telegraph
The Times	The Times	PRO	PRO-The-Times
Theresa	Theresa	PER	PER-Theresa-May
Times	Times	PRO	PRO-The-Times
Timesowi	Times	PRO	PRO-The-Times
UE	UE	ORG	ORG-European-Union
UKIP	UKIP	ORG	ORG-UK-Independence-Party
Unii Europejskiej	Unia Europejska	ORG	ORG-European-Union
Wielka Brytania	Wielka Brytania	LOC	GPE-Great-Britain
Wielkiej Brytanii	Wielka Brytania	LOC	GPE-Great-Britain
Windrush	Windrush	PRO	PRO-Windrush
laburzyści	laburzyści	PER	ORG-Labour-Party-UK
torysów	torysi	PER	ORG-Tories
