pl-1816
Alan Duncan	Alan Duncan	PER	PER-Alan-Duncan
Brexit	Brexit	EVT	EVT-Brexit
Brexitu	Brexit	EVT	EVT-Brexit
Daniel Kawczynski	Daniel Kawczynski	PER	PER-Daniel-Czyżewski
Daniel Kawczyński	Daniel Kawczyński	PER	PER-Daniel-Kawczyński
Daniela Kawczyńskiego	Daniel Kawczyński	PER	PER-Daniel-Kawczyński
Izba Gmin	Izba Gmin	ORG	ORG-House-of-Commons
Izbie Gmin	Izba Gmin	ORG	ORG-House-of-Commons
Marcin Kmiecinski	Marcin Kmiecinski	PER	PER-Marcin-Kmiecinski
Niemcami	Niemcy	LOC	GPE-Germany
Niemcy	Niemcy	LOC	GPE-Germany
PAP	PAP	ORG	ORG-PAP-Polish-Press-Agency
Partii Konserwatywnej	Partia Konserwatywna	ORG	ORG-Conservative-and-Unionist-Party-UK
Partii Konserwatywnej	Partii Konserwatywnej	ORG	ORG-Conservative-and-Unionist-Party-UK
PiS	PiS	ORG	ORG-PiS-Law-and-Justice
Piechociński	Piechociński	PER	PER-Janusz-Piechociński
Polakom	Polacy	PER	GPE-Poland
Polski	Polska	LOC	GPE-Poland
Polską	Polska	LOC	GPE-Poland
UE	UE	ORG	ORG-European-Union
Wielka Brytania	Wielka Brytania	LOC	GPE-Great-Britain
Wielkiej Brytanii	Wielka Brytania	LOC	GPE-Great-Britain
