pl-1949
Barnier	Barnier	PER	PER-Michel-Barnier
Brexicie	Brexit	EVT	EVT-Brexit
Brexitu	Brexit	EVT	EVT-Brexit
Brukseli	Bruksela	LOC	GPE-Brussles
DUP	DUP	ORG	ORG-DUP-Democratic-Unionist-Party
Demokratycznej Partii Unionistów	Demokratyczna Partia Unionistów	ORG	ORG-DUP-Democratic-Unionist-Party
Donald Tusk	Donald Tusk	PER	PER-Donald-Tusk
Grzegorz Paluch	Grzegorz Paluch	PER	PER-Grzegorz-Paluch
Irlandii Północnej	Irlandia Północna	LOC	LOC-Irlends-countries
Irlandii	Irlandia	LOC	GPE-Ireland
Irlandią Północną	Irlandia Północna	LOC	LOC-Irlends-countries
Irlandią	Irlandia	LOC	GPE-Ireland
Londyn	Londyn	LOC	GPE-London
Londynie	Londyn	LOC	GPE-London
PAP	PAP	ORG	ORG-PAP-Polish-Press-Agency
Parlamentowi Europejskiemu	Parlament Europejski	ORG	ORG-European-Parliament
Rady Europejskiej	Rada Europejska	ORG	ORG-European-Council
Theresy May	Theresa May	PER	PER-Theresa-May
Theresą May	Theresa May	PER	PER-Theresa-May
Tusk	Tusk	PER	PER-Donald-Tusk
UE	UE	ORG	ORG-European-Union
Wielkiej Brytanii	Wielka Brytania	LOC	GPE-Great-Britain
Wielką Brytanią	Wielka Brytania	LOC	GPE-Great-Britain
Zjednoczonego Królestwa	Zjednoczone Królestwo	LOC	GPE-Great-Britain
