pl-374
 May	May	PER	PER-Theresa-May
Australii	Australia	LOC	GPE-Australia
Banku Japonii	Bank Japonii	ORG	ORG-BoJ-Bank-of-Japan
BoC	BoC	ORG	ORG-BoC-Bank-of-Canada
BoE	BoE	ORG	ORG-Bank-of-England
BoJ	BoJ	ORG	ORG-BoJ-Bank-of-Japan
Brexit	Brexit	EVT	EVT-Brexit
Brexitu	Brexit	EVT	EVT-Brexit
Draghi	Draghi	PER	PER-Mario-Draghi
EBC	EBC	ORG	ORG-European-Central-Bank
Europejskim Obszarze Gospodarczym	Europejski Obszar Gospodarczy	ORG	ORG-EEA-European-Economic-Area
FOMC	FOMC	ORG	ORG-FOMC
Fed	Fed	ORG	ORG-Fed
G7	G7	ORG	ORG-G7
Harry'ego	Harry	PER	PER-Prince-Harry
Japonii	Japonia	LOC	GPE-Japan
Kanadzie	Kanada	LOC	GPE-Canada
Kim	Kim	PER	PER-Kim-Dzong-Un
Lowe’a	Lowe	PER	PER-Philip-Lowe
May	May	PER	PER-Theresa-May
Meghan Markle	Meghan Markle	PER	PER-Meghan-Markle-Duchess-of-Sussex
Mundial	Mundial	EVT	EVT-FIFA-World-Cup-2018
NAFTA	NAFTA	PRO	PRO-NAFTA
Polsce	Polska	LOC	GPE-Poland
RBA	RBA	ORG	ORG-RBA
Rady Prezesów	Rada Prezesów	ORG	ORG-EBC-Governing-Council
Trump	Trump	PER	PER-Donald-Trump
UE	UE	ORG	ORG-European-Union
USA	USA	LOC	GPE-USA
Wielkiej Brytanii	Wielka Brytania	LOC	GPE-Great-Britain
Wlk. Brytanii	Wlk. Brytania	LOC	GPE-Great-Britain
