pl-1567
Afryki	Afryka	LOC	LOC-Africa
Amber Rudd	Amber Rudd	PER	PER-Amber-Rudd
Anglikami	Anglicy	PER	GPE-Great-Britain
Anna	Anna	PER	PER-Anna
Anny	Anna	PER	PER-Anna
Australii	Australia	LOC	GPE-Australia
Bartek	Bartek	PER	PER-Bartek
Brexitem	Brexit	EVT	EVT-Brexit
Brexitu	Brexit	EVT	EVT-Brexit
Brexodus	Brexodus	EVT	EVT-Brexit
Brytyjczycy	Brytyjczycy	PER	GPE-Great-Britain
Czech	Czechy	LOC	GPE-Czech-Republic
Czechach	Czechy	LOC	GPE-Czech-Republic
Czechy	Czechy	LOC	GPE-Czech-Republic
Czesi	Czesi	PER	GPE-Czech-Republic
Empire Windrush	Empire Windrush	PRO	PRO-Windrush
Europy Wschodniej	Europa Wschodnia	LOC	LOC-Eastern-Europe
Gosi	Gosia	PER	PER-Gosia
Gosia	Gosia	PER	PER-Gosia
Instytutu Sobieskiego	Instytut Sobieskiego	ORG	ORG-Sobieski-Institute
Janusza Kobeszko	Janusz Kobeszko	PER	PER-Janusz-Kobeszko
Kanady	Kanada	LOC	GPE-Canada
Karaibów	Karaiby	LOC	LOC-Caribbean
Londynie	Londyn	LOC	GPE-London
MSW	MSW	ORG	ORG-Home-Office-UK
Polakiem	Polak	PER	GPE-Poland
Polaków	Polacy	PER	GPE-Poland
Polka	Polka	PER	GPE-Poland
Polsce	Polska	LOC	GPE-Poland
Polski	Polska	LOC	GPE-Poland
Polską	Polska	LOC	GPE-Poland
Wielkiej Brytanii	Wielka Brytania	LOC	GPE-Great-Britain
Windrush	Windrush	PRO	PRO-Windrush
Wyspach	Wyspy	LOC	GPE-Great-Britain
Wyspy	Wyspy	LOC	GPE-Great-Britain
Zjednoczone Królestwo	Zjednoczone Królestwo	LOC	GPE-Great-Britain
Zjednoczonego Królestwa	Zjednoczone Królestwo	LOC	GPE-Great-Britain
drugiej wojnie światowej	Druga Wojna Światowa	EVT	EVT-World-War-II
money.pl	money.pl	PRO	PRO-money.pl
wyspiarzom	Wyspiarze	PER	GPE-Great-Britain
