pl-1240
Biała księga	Biała księga	PRO	PRO-White-paper-Poland
Brexicie	Brexit	EVT	EVT-Brexit
Brexit	Brexit	EVT	EVT-Brexit
Brexitem	Brexit	EVT	EVT-Brexit
Brexitu	Brexit	EVT	EVT-Brexit
Bruksela	Bruksela	LOC	GPE-Brussles
Brukseli	Bruksela	LOC	GPE-Brussles
Brukselą	Bruksela	LOC	GPE-Brussles
Brytyjczykami	Brytyjczycy	PER	GPE-Great-Britain
Donald Tusk	Donald Tusk	PER	PER-Donald-Tusk
Europejczyków	Europejczycy	PER	LOC-Europe
KE	KE	ORG	ORG-European-Commission
Londynem	Londyn	LOC	GPE-London
Mateusz Morawiecki	Mateusz Morawiecki	PER	PER-Mateusz-Morawiecki
Morawiecki	Morawiecki	PER	PER-Mateusz-Morawiecki
NATO	NATO	ORG	ORG-NATO
Polaków	Polacy	PER	GPE-Poland
Polsce	Polska	LOC	GPE-Poland
Polska	Polska	LOC	GPE-Poland
Polski	Polska	LOC	GPE-Poland
Rada Europejska	Rada Europejska	ORG	ORG-European-Council
Rady Europejskiej	Rada Europejska	ORG	ORG-European-Council
Robert Lighthizer	Robert Lighthizer	PER	PER-Robert-Lighthizer
Siergieja Skripala	Siergiej Skripal	PER	PER-Siergiej-Skripal
Tusk	Tusk	PER	PER-Donald-Tusk
Twitterze	Twitter	PRO	PRO-Twitter
UE	UE	ORG	ORG-European-Union
USA	USA	LOC	GPE-USA
Unii Europejskiej	Unia Europejska	ORG	ORG-European-Union
Unii	Unia	ORG	ORG-European-Union
Unię Europejską	Unia Europejska	ORG	ORG-European-Union
Wielka Brytania	Wielka Brytania	LOC	GPE-Great-Britain
Wielkiej Brytanii	Wielka Brytania	LOC	GPE-Great-Britain
Wspólnoty	Wspólnota	ORG	ORG-European-Union
Wyspy	Wyspy	LOC	GPE-Great-Britain
