pl-1510
Brytyjczyków	Brytyjczycy	PER	GPE-Great-Britain
Irlandii Północnej	Irlandia Północna	LOC	LOC-Irlends-countries
Kleiber	Kleiber	PER	PER-Michał-Kleiber
Partii Konserwatywnej	Partia Konserwatywna	ORG	ORG-Conservative-and-Unionist-Party-UK
Partii Pracy	Partia Pracy	ORG	ORG-Labour-Party-UK
Partią Pracy	Partia Pracy	ORG	ORG-Labour-Party-UK
Polskiej Akademii Nauk	Polska Akademia Nauk	ORG	ORG-PAN-Polish-Academy-of-Sciences
Theresy May	Theresa May	PER	PER-Theresa-May
UE	UE	ORG	ORG-European-Union
Unii	Unia	ORG	ORG-European-Union
Unię	Unia	ORG	ORG-European-Union
Wielka Brytania	Wielka Brytania	LOC	GPE-Great-Britain
Wielka Brytanią	Wielka Brytanią	LOC	GPE-Great-Britain
Wielkiej Brytanii	Wielka Brytania	LOC	GPE-Great-Britain
Wspólnoty	Wspólnota	ORG	ORG-European-Union
brexicie	Brexit	EVT	EVT-Brexit
brexit	Brexit	EVT	EVT-Brexit
brexitem	Brexit	EVT	EVT-Brexit
brexitowi	Brexit	EVT	EVT-Brexit
brexitu	Brexit	EVT	EVT-Brexit
brytyjski parlament	Brytyjski Parlament	ORG	ORG-British-Parlament
