cs-209
BBC	BBC	PRO	PRO-BBC-website
Británie	Británie	LOC	GPE-Great-Britain
Británii	Británie	LOC	GPE-Great-Britain
Bruselu	Brusel	LOC	GPE-Brussles
EU	EU	ORG	ORG-European-Union
Evropské komise	Evropská komise	ORG	ORG-European-Commission
Evropské unie	Evropská unie	ORG	ORG-European-Union
Financial Times	Financial Times	PRO	PRO-Financial-Times
Guy Verhofstadt	Guy Verhofstadt	PER	PER-Guy-Verhofstadt
Mayovou	Mayová	PER	PER-Theresa-May
Mayová	Mayová	PER	PER-Theresa-May
Mayové	Mayová	PER	PER-Theresa-May
Reuters	Reuters	ORG	ORG-Reuters
Theresa Mayová	Theresa Mayová	PER	PER-Theresa-May
Unie	Unie	ORG	ORG-European-Union
Valdis Dombrovskis	Valdis Dombrovskis	PER	PER-Valdis-Dombrovskis
Velkou Británii	Velká Británie	PER	GPE-Great-Britain
brexit	brexit	EVT	EVT-Brexit
brexitem	brexit	EVT	EVT-Brexit
brexitu	brexit	EVT	EVT-Brexit
evropského parlamentu	evropský parlament	ORG	ORG-European-Parliament
evropského soudu	evropský soud	ORG	ORG-European-Court-of-Justice
Číně	Čína	LOC	GPE-China
