cs-261
Austrálie	Austrálie	LOC	GPE-Australia
Británie	Británie	LOC	GPE-Great-Britain
Brunej	Brunej	LOC	GPE-Brunei
Chile	Chile	LOC	GPE-Chile
EU	EU	ORG	ORG-European-Union
FT	FT	PRO	PRO-Financial-Times
Financial Times	Financial Times	PRO	PRO-Financial-Times
Greg Hands	Greg Hands	PER	PER-Greg-Hands
Japonska	Japonsko	LOC	GPE-Japan
Japonsko	Japonsko	LOC	GPE-Japan
Jihočínského moře	Jihočínské moře	LOC	LOC-South-China-Sea
Kanada	Kanada	LOC	GPE-Canada
Londýn	Londýn	LOC	GPE-London
Londýna	Londýn	LOC	GPE-London
Malajsie	Malajsie	LOC	GPE-Malaysia
Mexiko	Mexiko	LOC	GPE-Mexico
Nového Zélandu	Nový Zéland	LOC	GPE-New-Zealand
Nový Zéland	Nový Zéland	LOC	GPE-New-Zealand
Peru	Peru	LOC	GPE-Peru
Singapur	Singapur	LOC	GPE-Singapore
Spojené státy	Spojené státy	LOC	GPE-USA
Spojených státu	Spojené státy	LOC	GPE-USA
TPP	TPP	ORG	ORG-TPP-Trans-Pacific-Partnership
Tichého oceánu	Tichý oceán	LOC	LOC-Pacific-Ocean
Transpacifické partnerství	Transpacifické partnerství	ORG	ORG-TPP-Trans-Pacific-Partnership
USA	USA	LOC	GPE-USA
Vietnam	Vietnam	LOC	GPE-Vietnam
brexitu	brexit	EVT	EVT-Brexit
