cs-210
Borisem Johnsonem	Boris Johnson	PER	PER-Boris-Johnson
Británie	Británie	LOC	GPE-Great-Britain
Británii	Británie	LOC	GPE-Great-Britain
Británií	Británie	LOC	GPE-Great-Britain
Davidem Davisem	David Davis	PER	PER-David-Davis
Downing Street	Downing Street	LOC	LOC-Downing-Street
EU	EU	ORG	ORG-European-Union
Evropskou unií	Evropská unie	ORG	ORG-European-Union
Irskou republikou	Irská republika	LOC	GPE-Ireland
Konzervativní straně	Konzervativní strana	ORG	ORG-Conservative-and-Unionist-Party-UK
Londýn	Londýn	LOC	GPE-London
Londýna	Londýn	LOC	GPE-London
Mayová	Mayová	PER	PER-Theresa-May
Michel Barnier	Michel Barnier	PER	PER-Michel-Barnier
Severním Irskem	Severní Irsko	LOC	GPE-Northern-Ireland
Theresa Mayová	Theresa Mayová	PER	PER-Theresa-May
Unie	Unie	ORG	ORG-European-Union
brexit	brexit	EVT	EVT-Brexit
brexitu	brexit	EVT	EVT-Brexit
irského ostrova	irský ostrov	LOC	LOC-Irish-Island
