cs-1074
Anglii	Anglie	LOC	GPE-England
BBC	BBC	PRO	PRO-BBC
Basildonu	Basildon	LOC	GPE-Basildon
Bedworthu	Bedworth	LOC	GPE-Bedworth
Essex	Essex	LOC	GPE-Essex
Konzervativci	Konzervativci	PER	ORG-Conservative-and-Unionist-Party-UK
Labouristům	Labouristé	PER	ORG-Labour-Party-UK
Londýn	Londýn	LOC	GPE-London
Londýna	Londýn	LOC	GPE-London
Londýně	Londýn	LOC	GPE-London
Nuneatonu	Nuneaton	LOC	GPE-Nuneaton
Peterboroughu	Peterborough	LOC	GPE-Peterborough
Plymouth	Plymouth	LOC	GPE-Plymouth
Strany nezávislosti Spojeného království	Strana nezávislosti Spojeného království	ORG	ORG-UK-Independence-Party
Theresy Mayové	Theresa Mayová	PER	PER-Theresa-May
Toryové	Toryové	PER	ORG-Conservative-and-Unionist-Party-UK
Traffordu	Trafford	LOC	GPE-Trafford
UKIP	UKIP	ORG	ORG-UK-Independence-Party
Wandsworth	Wandsworth	LOC	GPE-Wandsworth
Warwickshire	Warwickshire	LOC	GPE-Warwickshire
konzervativci	konzervativci	PER	ORG-Conservative-and-Unionist-Party-UK
labouristy	labouristé	PER	ORG-Labour-Party-UK
labouristé	labouristé	PER	ORG-Labour-Party-UK
