bg-1087
Франс прес	Франс прес	ORG	ORG-France-Presse
Брекзит	Брекзит	EVT	EVT-Brexit
Лондон	Лондон	LOC	GPE-London
ЕС	ЕС	ORG	ORG-European-Union
Обединеното кралство	Обединеното кралство	LOC	GPE-Great-Britain
Европейския съюз	Европейски съюз	ORG	ORG-European-Union
Брюксел	Брюксел	LOC	GPE-Brussles
Мишел Барние	Мишел Барние	PER	PER-Michel-Barnier
британците	британци	PER	GPE-Great-Britain
Северна Ирландия	Северна Ирландия	LOC	GPE-Northern-Ireland
Република Ирландия	Република Ирландия	LOC	GPE-Ireland
Европейския съвет	Европейски съвет	ORG	ORG-European-Council
Доналд Туск	Доналд Туск	PER	PER-Donald-Tusk
европейци	европейци	PER	PER-Europe
британци	британци	PER	GPE-Great-Britain
Великобритания	Великобритания	LOC	GPE-Great-Britain
Флоренция	Флоренция	LOC	GPE-Florence
Тереза Мей	Тереза Мей	PER	PER-Theresa-May
лондонското Сити	Лондонско Сити	LOC	GPE-City-of-London
Европейската комисия	Европейска комисия	ORG	ORG-European-Commission
Световната търговска организация	Световна търговска организация	ORG	ORG-WTO-World-Trade-Organization
БТА	БТА	ORG	ORG-Bulgarian-News-Agency
