bg-1232
The Independent	The Independent	PRO	PRO-The-Independent
Брюксел	Брюксел	LOC	GPE-Brussles
ЕС	ЕС	ORG	ORG-European-Union
Брекзит	Брекзит	EVT	EVT-Brexit
евродепутати	евродепутати	PER	ORG-European-Parlament
Европейския съюз	Европейски съюз	ORG	ORG-European-Union
Дейвид Дейвис	Дейвид Дейвис	PER	PER-David-Davis
евродепутатите	евродепутати	PER	ORG-European-Parlament
Великобритания	Великобритания	LOC	GPE-Great-Britain
Юлиян Марков	Юлиян Марков	PER	PER-Yuliyan-Markov
Информационна агенция "Фокус"	Информационна агенция Фокус	ORG	ORG-Focus-News-Agency
Европейския съвет	Европейски съвет	ORG	ORG-European-Council
Доналд Туск	Доналд Туск	PER	PER-Donald-Tusk
AFP	AFP	ORG	ORG-France-Presse
Лондон	Лондон	LOC	GPE-London
Туск	Туск	PER	PER-Donald-Tusk
Иван Христов	Иван Христов	PER	PER-Ivan-Hristov
Обединеното кралство	Обединеното кралство	LOC	GPE-Great-Britain
Die Frankfurter Allgemeine Zeitung	Die Frankfurter Allgemeine Zeitung	PRO	PRO-Frankfurter-Allgemeine-Zeitung
Тереза Герова	Тереза Герова	PER	PER-Theresa-Gerova
