bg-771
Великобритания	Великобритания	LOC	GPE-Great-Britain
Европейския съюз	Европейски съюз	ORG	ORG-European-Union
ЕС	ЕС	ORG	ORG-European-Union
Мишел Барние	Мишел Барние	PER	PER-Michel-Barnier
Лондон	Лондон	LOC	GPE-London
Дейвид Дейвис	Дейвид Дейвис	PER	PER-David-Davis
Тереза Мей	Тереза Мей	PER	PER-Theresa-May
Брекзит	Брекзит	EVT	EVT-Brexit
британците	британци	PER	GPE-Great-Britain
консерваторите	консерватори	PER	ORG-Conservative-and-Unionist-Party-UK
Мей	Мей	PER	PER-Theresa-May
Барние	Барние	PER	PER-Michel-Barnier
Брюксел	Брюксел	LOC	GPE-Brussles
Унивеситета в Есекс	Унивеситет в Есекс	ORG	ORG-University-of-Essex
Есекс	Есекс	LOC	GPE-Essex
САЩ	САЩ	LOC	GPE-USA
консервативната партия	Консервативна партия	ORG	ORG-Conservative-and-Unionist-Party-UK
Тереза Май	Тереза Мей	PER	PER-Theresa-May
торите	тори	PER	ORG-Conservative-and-Unionist-Party-UK
Борис Джонсън	Борис Джонсън	PER	PER-Boris-Johnson
Уинстън Чърчил	Уинстън Чърчил	PER	PER-Winston-Churchill
Джон Мейджър	Джон Мейджър	PER	PER-John-Major
Джонсън	Джонсън	PER	PER-Boris-Johnson
Джейкъб Рийс-Мог	Джейкъб Рийс-Мог	PER	PER-Jacob-Rees-Mogg
Ана Субри	Ана Субри	PER	PER-Anna-Soubry
лейбъристите	лейбъристи	PER	ORG-Labour-Party-UK
Джереми Корбин	Джереми Корбин	PER	PER-Jeremy-Corbyn
