bg-1871
Ангела Меркел	Ангела Меркел	PER	PER-Angela-Merkel
Тереза Мей	Тереза Мей	PER	PER-Theresa-May
Брекзит	Брекзит	EVT	EVT-Brexit
Берлин	Берлин	LOC	GPE-Berlin
Брекзита	Брекзит	EVT	EVT-Brexit
Великобритания	Великобритания	LOC	GPE-Great-Britain
ЕС	ЕС	ORG	ORG-European-Union
Ройтерс	Ройтерс	ORG	ORG-Reuters
Меркел	Меркел	PER	PER-Angela-Merkel
Лондон	Лондон	LOC	GPE-London
Брюксел	Брюксел	LOC	GPE-Brussles
британците	британци	PER	GPE-Great-Britain
Европейския съд	Европейски съд	ORG	ORG-European-Court-of-Justice
Обединеното кралство	Обединеното кралство	LOC	GPE-Great-Britain
Мей	Мей	PER	PER-Theresa-May
Иран	Иран	LOC	GPE-Iran
Техеран	Техеран	LOC	GPE-Tehran
ТАСС	ТАСС	ORG	ORG-TASS-Agency
Сирия	Сирия	LOC	GPE-Syria
Турция	Турция	LOC	GPE-Turkey
НАТО	НАТО	ORG	ORG-NATO
