bg-807
Мишел Барние	Мишел Барние	PER	PER-Michel-Barnier
Великобритания	Великобритания	LOC	GPE-Great-Britain
ЕС	ЕС	ORG	ORG-European-Union
Брекзит	Брекзит	EVT	EVT-Brexit
Европейският съюз	Европейски съюз	ORG	ORG-European-Union
ТАСС	ТАСС	ORG	ORG-TASS-Agency
Барние	Барние	PER	PER-Michel-Barnier
Дейвид Дейвис	Дейвид Дейвис	PER	PER-David-Davis
Лондон	Лондон	LOC	GPE-London
Брюксел	Брюксел	LOC	GPE-Brussles
Прес Асошиейшън	Прес Асошиейшън	ORG	ORG-Press-Association
Тереза Мей	Тереза Мей	PER	PER-Theresa-May
Евросъюза	Евросъюз	ORG	ORG-European-Union
Таймс	Таймс	PRO	PRO-The-Times
Мей	Мей	PER	PER-Theresa-May
Обединеното кралство	Обединеното кралство	LOC	GPE-Great-Britain
Консервативната партия	Консервативна партия	ORG	ORG-Conservative-and-Unionist-Party-UK
Борис Джонсън	Борис Джонсън	PER	PER-Boris-Johnson
Майкъл Гоув	Майкъл Гоув	PER	PER-Michael-Gove
Джейкъб Рийс-Мог	Джейкъб Рийс-Мог	PER	PER-Jacob-Rees-Mogg
Джонсън	Джонсън	PER	PER-Boris-Johnson
ТРУД	Труд	PER	PRO-Trud
