bg-1501
The Independent	The Independent	PRO	PRO-The-Independent
лейбъристите	лейбъристи	PER	ORG-Labour-Party-UK
консерватори	консерватори	PER	ORG-Conservative-and-Unionist-Party-UK
София	София	LOC	GPE-Sofia
Джереми Корбин	Джереми Корбин	PER	PER-Jeremy-Corbyn
Брекзит	Брекзит	EVT	EVT-Brexit
Киър Стармър	Киър Стармър	PER	PER-Keir-Starmer
Корбин	Корбин	PER	PER-Jeremy-Corbyn
Европейския съюз	Европейски съюз	ORG	ORG-European-Union
Ана Соубри	Ана Соубри	PER	PER-Anna-Soubry
Кларк	Кларк	PER	PER-Greg-Clark
ЕС	ЕС	ORG	ORG-European-Union
Тереза Мей	Тереза Мей	PER	PER-Theresa-May
Андрю Мар	Андрю Мар	PER	PER-Andrew-Marr
ВВС	ВВС	ORG	ORG-BBC-Ltd
Юлиян Марков	Юлиян Марков	PER	PER-Yuliyan-Markov
Информационна агенция "Фокус"	Информационна агенция Фокус	ORG	ORG-Focus-News-Agency
Лондон	Лондон	LOC	GPE-London
Великобритания	Великобритания	LOC	GPE-Great-Britain
Брюксел	Брюксел	LOC	GPE-Brussles
Sunday Express	Sunday Express	PRO	PRO-Sunday-Express
