bg-1104
The Daily Express	The Daily Express	PRO	PRO-The-Daily-Express
Великобритания	Великобритания	LOC	GPE-Great-Britain
Лондон	Лондон	LOC	GPE-London
Брекзит	Брекзит	EVT	EVT-Brexit
The Guardian	The Guardian	PRO	PRO-The-Guardian
Дейвид Дейвис	Дейвид Дейвис	PER	PER-David-Davis
Дейвис	Дейвис	PER	PER-David-Davis
Обединеното кралство	Обединеното кралство	LOC	GPE-Great-Britain
ЕС	ЕС	ORG	ORG-European-Union
Тереза Мей	Тереза Мей	PER	PER-Theresa-May
Европейският съд	Европейски съд	ORG	ORG-European-Court-of-Justice
Юлиян Марков	Юлиян Марков	PER	PER-Yuliyan-Markov
Европейският съюз	Европейски съюз	ORG	ORG-European-Union
Галилео	Галилео	PRO	PRO-Galileo
Daily Exspress	Daily Express	PRO	PRO-Daily-Express
Европейската комисия	Европейска комисия	ORG	ORG-European-Commission
Евросъюза	Евросъюз	ORG	ORG-European-Union
Бирмингам	Бирмингам	LOC	GPE-Birmingham
Кеир Стармър	Кеир Стармър	PER	PER-Keir-Starmer
Брюксел	Брюксел	LOC	GPE-Brussles
Стармър	Стармър	PER	PER-Keir-Starmer
