bg-1450
Брекзит	Брекзит	EVT	EVT-Brexit
Великобритания	Великобритания	LOC	GPE-Great-Britain
ЕС	ЕС	ORG	ORG-European-Union
Евросъюза	Евросъюз	ORG	ORG-European-Union
Скай нюз	Скай нюз	PRO	PRO-Sky-News
Обединеното кралство	Обединеното кралство	LOC	GPE-Great-Britain
Гринуич	Гринуич	LOC	LOC-Greenwich
Брюксел	Брюксел	LOC	GPE-Brussles
Тереза Мей	Тереза Мей	PER	PER-Theresa-May
Ройтерс	Ройтерс	ORG	ORG-Reuters
Бойко Борисов	Бойко Борисов	PER	PER-Boyko-Borisov
Лондон	Лондон	LOC	GPE-London
София	София	LOC	GPE-Sofia
Мишел Барние	Мишел Барние	PER	PER-Michel-Barnier
Борисов	Борисов	PER	PER-Boyko-Borisov
Българското председателство	Българско председателство	EVT	EVT-Bulgarian-Presidency-EU
Барние	Барние	PER	PER-Michel-Barnier
българите	българи	PER	GPE-Bulgaria
България	България	LOC	GPE-Bulgaria
Европейския съд	Европейски съд	ORG	ORG-European-Court-of-Justice
Норвегия	Норвегия	LOC	GPE-Norway
Франция	Франция	LOC	GPE-France
Мей	Мей	PER	PER-Theresa-May
Европейския съвет	Европейски съвет	ORG	ORG-European-Council
Северна Ирландия	Северна Ирландия	LOC	GPE-Northern-Ireland
Дъблин	Дъблин	LOC	GPE-Dublin
Белфаст	Белфаст	LOC	GPE-Belfast
Тереза Май	Тереза Мей	PER	PER-Theresa-May
Доналд Туск	Доналд Туск	PER	PER-Donald-Tusk
