bg-994
Morning Star	Morning Star	ORG	ORG-Morningstar
Европейския съюз	Европейски съюз	ORG	ORG-European-Union
Великобритания	Великобритания	LOC	GPE-Great-Britain
ЕС	ЕС	ORG	ORG-European-Union
Брюксел	Брюксел	LOC	GPE-Brussles
Северна Ирландия	Северна Ирландия	LOC	GPE-Northern-Ireland
Брекзит	Брекзит	EVT	EVT-Brexit
Дейвид Дейвис	Дейвид Дейвис	PER	PER-David-Davis
The Times	The Times	PRO	PRO-The-Times
Обединеното кралство	Обединеното кралство	LOC	GPE-Great-Britain
Консервативна партия	Консервативна партия	ORG	ORG-Conservative-and-Unionist-Party-UK
Дейвис	Дейвис	PER	PER-David-Davis
Република Ирландия	Република Ирландия	LOC	GPE-Ireland
Лондон	Лондон	LOC	GPE-London
Европейската комисия	Европейска комисия	ORG	ORG-European-Commission
Европейския съд	Европейски съд	ORG	ORG-European-Court-of-Justice
Тереза Мей	Тереза Мей	PER	PER-Theresa-May
Европейския съвет	Европейски съвет	ORG	ORG-European-Council
Доналд Туск	Доналд Туск	PER	PER-Donald-Tusk
Мей	Мей	PER	PER-Theresa-May
Британия	Британия	LOC	GPE-Britain
Ирландско море	Ирландско море	LOC	LOC-Irish-Sea
ЕК	ЕК	ORG	ORG-European-Commission
Мишел Барние	Мишел Барние	PER	PER-Michel-Barnier
Иван Христов	Иван Христов	PER	PER-Ivan-Hristov
Лейбъристка	Лейбъристка	ORG	ORG-Labour-Party-UK
Шотландска национална партия	Шотландска национална партия	ORG	ORG-Scottish-National-Party
Ирландия	Ирландия	LOC	GPE-Ireland
Лейбъристката партия	Лейбъристка партия	ORG	ORG-Labour-Party-UK
Кир Стармър	Кир Стармър	PER	PER-Keir-Starmer
Саймън Кавъни	Саймън Кавъни	PER	PER-Simon-Coveney
Кавъни	Кавъни	PER	PER-Simon-Coveney
Виктор Турмаков	Виктор Турмаков	PER	PER-Viktor-Turmakov
Reuters	Reuters	ORG	ORG-Reuters
Барние	Барние	PER	PER-Michel-Barnier
