bg-343
Великобритания	Великобритания	LOC	GPE-Great-Britain
Брекзит	Брекзит	EVT	EVT-Brexit
британците	британци	PER	GPE-Great-Britain
референдума за Брекзит	референдум от 2016 г. за излизане на Великобритания от съюза	EVT	EVT-Brexit-Referendum
Брюксел	Брюксел	LOC	GPE-Brussles
Лейбъристката партия	Лейбъристка партия	ORG	ORG-Labour-Party-UK
Чука Умуна	Чука Умуна	PER	PER-Chuka-Umunna
ЕС	ЕС	ORG	ORG-European-Union
Европа	Европа	LOC	LOC-Europe
член 50	член 50	PRO	PRO-Article-50
университета Уестминстър	университет Уестминстър	ORG	ORG-University-of-Westminster
Адам	Адам	PER	PER-Adam-Lazowski
Лазовски	Лазовски	PER	PER-Adam-Lazowski
Тереза Мей	Тереза Мей	PER	PER-Theresa-May
Лисабонския договор	Лисабонски договор	PRO	PRO-Treaty-of-Lisbon
Мишел Барние	Мишел Барние	PER	PER-Michel-Barnier
лейбъристите	лейбъристи	PER	ORG-Labour-Party-UK
Кър	Кър	PER	PER-John-Kerr
Дейвид Дейвис	Дейвид Дейвис	PER	PER-David-Davis
bnr.bg	bnr.bg	PRO	PRO-bnr.bg
Днес+	Днес+	ORG	ORG-DnesPlus
