bg-1761
Мей	Мей	PER	PER-Theresa-May
ЕС	ЕС	ORG	ORG-European-Union
Брекзит	Брекзит	EVT	EVT-Brexit
Великобритания	Великобритания	LOC	GPE-Great-Britain
Тереза Мей	Тереза Мей	PER	PER-Theresa-May
Меншън хаус	Меншън хаус	LOC	LOC-Mansion-House
Лондон	Лондон	LOC	GPE-London
Брюксел	Брюксел	LOC	GPE-Brussles
Северна Ирландия	Северна Ирландия	LOC	GPE-Northern-Ireland
Ирландия	Ирландия	LOC	GPE-Ireland
Обединеното кралство	Обединеното кралство	LOC	GPE-Great-Britain
Канада	Канада	LOC	GPE-Canada
Норвегия	Норвегия	LOC	GPE-Norway
Европейският съд	Европейски съд	ORG	ORG-European-Court-of-Justice
Европейския съд	Европейски съд	ORG	ORG-European-Court-of-Justice
Европейската агенция по лекарствата	Европейска агенция по лекарствата	ORG	ORG-European-Medicines-Agency
Европейската агенция по химикалите	Европейска агенция по химикалите	ORG	ORG-European-Chemicals-Agency
Европейската агенция за авиационна безопасност	Европейска агенция за авиационна безопасност	ORG	ORG-European-Aviation-Safety-Agency
Уеб Медия Груп	Уеб Медия Груп	ORG	ORG-Web-Media-Group
Закона за авторското право и сродните му права	Закон за авторското право и сродните му права	PRO	PRO-Bulgarian-Copyright-and-Related-Rights-Act
WEB MEDIA GROUP	Web media group	ORG	ORG-Web-Media-Group
