bg-1296
The Guardian	The Guardian	PRO	PRO-The-Guardian
консерваторите	консерватори	PER	ORG-Conservative-and-Unionist-Party-UK
Лондон	Лондон	LOC	GPE-London
Майкъл Хезълтайн	Майкъл Хезълтайн	PER	PER-Michael-Haseltine
Тереза Мей	Тереза Мей	PER	PER-Theresa-May
Европейския съюз	Европейски съюз	ORG	ORG-European-Union
Мей	Мей	PER	PER-Theresa-May
Хезълтайн	Хезълтайн	PER	PER-Michael-Haseltine
Великобритания	Великобритания	LOC	GPE-Great-Britain
ЕС	ЕС	ORG	ORG-European-Union
Observer	Observer	PRO	PRO-Observer
Европа	Европа	LOC	LOC-Europe
Ирландия	Ирландия	LOC	GPE-Ireland
Тони Блеър	Тони Блеър	PER	PER-Tony-Blair
Джон Мейджър	Джон Мейджър	PER	PER-John-Major
Юлиян Марков	Юлиян Марков	PER	PER-Yuliyan-Markov
Информационна агенция "Фокус"	Информационна агенция Фокус	ORG	ORG-Focus-News-Agency
Брюксел	Брюксел	LOC	GPE-Brussles
Брекзит	Брекзит	EVT	EVT-Brexit
Мишел Барние	Мишел Барние	PER	PER-Michel-Barnier
Алеш Шмелар	Алеш Шмелар	PER	PER-Ales-Chmelar
Норвегия	Норвегия	LOC	GPE-Norway
Канада	Канада	LOC	GPE-Canada
Европейската агенция за сигурността на полетите	Европейска агенция за сигурността на полетите	ORG	ORG-European-Aviation-Safety-Agency
Европейския парламент	Европейски парламент	ORG	ORG-European-Parlament
Ги Верхофстад	Ги Верхофстад	PER	PER-Guy-Verhofstad
Манфред Вебер	Манфред Вебер	PER	PER-Manfred-Weber
ЕНП	ЕНП	ORG	ORG-EPP
ЕП	ЕП	ORG	ORG-European-Parlament
Виктор Турмаков	Виктор Турмаков	PER	PER-Viktor-Turmakov
