sl-14
Avstrije	Avstrija	LOC	GPE-Austria
Avstrijo	Avstrija	LOC	GPE-Austria
Berlin	Berlin	LOC	GPE-Berlin
Evropi	Evropa	LOC	LOC-Europe
Evropske unije	Evropska unija	ORG	ORG-European-Union
FPÖ	FPÖ	ORG	ORG-Freedom-Party-of-Austria
Gamlitz	Gamlitz	LOC	GPE-Gamlitz
Gomilici	Gomilica	LOC	GPE-Gamlitz
Gradcu	Gradec	LOC	GPE-Graz
Heinz-Christian Strache	Heinz-Christian Strache	PER	PER-Heinz-Christian-Strache
Kneisslova	Kneissl	PER	PER-Karin-Kneissl
Krim	Krim	LOC	GPE-Crimea
Ljudsko stranko	Ljudska stranka	ORG	ORG-ÖVP-Austrian-Peoples-Party
Merklovi	Merkel	PER	PER-Angela-Merkel
Nata	NATO	ORG	ORG-NATO
Nemčijo	Nemčija	LOC	GPE-Germany
Putin	Putin	PER	PER-Vladimir-Putin
Rusije	Rusija	LOC	GPE-Russia
Rusijo	Rusija	LOC	GPE-Russia
Sebastian Kurz	Sebastian Kurz	PER	PER-Sebastian-Kurz
Severni tok 2	Severni tok 2	PRO	PRO-Nord-Stream-2
Siriji	Sirija	LOC	GPE-Syria
Slovenijo	Slovenija	LOC	GPE-Slovenia
Svobodnjaki	Svobodnjaki	ORG	ORG-Freedom-Party-of-Austria
Ukrajini	Ukrajina	LOC	GPE-Ukraine
Wolfgangom Meilingerjem	Wolfgang Meilinger	PER	PER-Wolfgang-Meilinger
Zahodom	Zahod	LOC	LOC-West
avstrijske Štajerske	avstrijska Štajerska	LOC	GPE-Austrian-Styria
avstrijskem Štajerskem	avstrijska Štajerska	LOC	GPE-Austrian-Styria
vzhodu Ukrajine	vzhod Ukrajine	LOC	LOC-East-Ukraine
ÖVP	ÖVP	ORG	ORG-ÖVP-Austrian-Peoples-Party
