sl-18
AFP	AFP	ORG	ORG-AFP-Agence-France-Press
Aleksandrom Novakom	Aleksander Novak	PER	PER-Aleksandr-Novak
Altmaier	Altmaier	PER	PER-Peter-Altmaier
Baltskega morja	Baltsko morje	LOC	LOC-Baltic-Sea
Berlinu	Berlin	LOC	GPE-Berlin
EU	EU	ORG	ORG-European-Union
Evropo	Evropa	LOC	LOC-Europe
Evropske komisije	Evropska komisija	ORG	ORG-European-Commission
Gazprom	Gazprom	ORG	ORG-Gazprom
Kijev	Kijev	LOC	GPE-Kiev
Marošom Šefčovičem	Maroš Šefčovič	PER	PER-Maros-Sefcovic
Moskva	Moskva	LOC	GPE-Moscow
Naftogazom	Naftogaz	ORG	ORG-Naftogaz
Nemčije	Nemčija	LOC	GPE-Germany
Pavlom Klinkinom	Pavlo Klimkin	PER	PER-Pavlo-Klimkin
Rusija	Rusija	LOC	GPE-Russia
Rusije	Rusija	LOC	GPE-Russia
Severni tok 2	Severni tok 2	PRO	PRO-Nord-Stream-2
Tass	Tass	ORG	ORG-TASS-Agency
Ukrajina	Ukrajina	LOC	GPE-Ukraine
Ukrajine	Ukrajina	LOC	GPE-Ukraine
Ukrajini	Ukrajina	LOC	GPE-Ukraine
dpa	dpa	ORG	ORG-DPA
vzhodu Ukrajine	vzhod Ukrajine	LOC	LOC-East-Ukraine
Šefčovič	Šefčovič	PER	PER-Maros-Sefcovic
