sl-49
(lizbonski) pogodbi	lizbonska pogodba	PRO	PRO-Treaty-of-Lisbon
ALDE	ALDE	ORG	ORG-ALDE
Američani	Američani	PER	GPE-USA
Angela Merkel	Angela Merkel	PER	PER-Angela-Merkel
Belgijo	Belgija	LOC	GPE-Belgium
Bližnjim vzhodom	Bližnji vzhod	LOC	LOC-Near-East
Charlesa Michela	Charles Michel	PER	PER-Charles-Michel
Dimitrij Rupel	Dimitrij Rupel	PER	PER-Dimitrij-Rupel
EPP	EPP	ORG	ORG-EPP-European-Peoples-Party
EU	EU	ORG	ORG-European-Union
Emmanuel Macron	Emmanuel Macron	PER	PER-Emmanuel-Macron
Evropo	Evropa	LOC	LOC-Europe
Evropska unija	Evropska unija	ORG	ORG-European-Union
Evropske centralne banke	Evropska centralna banka	ORG	ORG-European-Central-Bank
Evropske ljudske stranke	Evropska ljudska stranka	ORG	ORG-EPP-European-Peoples-Party
Evropske unije	Evropska unija	ORG	ORG-European-Union
Evropskega sveta	Evropski svet	ORG	ORG-European-Council
Evropski svet	Evropski svet	ORG	ORG-European-Council
Evropski uniji	Evropska unija	ORG	ORG-European-Union
Evropsko unijo	Evropska unija	ORG	ORG-European-Union
Francija	Francija	LOC	GPE-France
Franciji	Francija	LOC	GPE-France
Francozi	Francozi	PER	GPE-France
Italijo	Italija	LOC	GPE-Italy
Josep Borell	Josep Borrell	PER	PER-Josep-Borrell
Konferenca o prihodnosti Evrope	Konferenca o prihodnosti Evrope	EVT	EVT-Conference-on-the-Future-of-Europe
Konference o evropski prihodnosti	Konferenca o evropski prihodnosti	EVT	EVT-Conference-on-the-Future-of-Europe
Macron	Macron	PER	PER-Emmanuel-Macron
Merklova	Merkel	PER	PER-Angela-Merkel
Nata	NATO	ORG	ORG-NATO
Natom	Nato	ORG	ORG-NATO
Nemci	Nemci	PER	GPE-Germany
Nemčija	Nemčija	LOC	GPE-Germany
Nemčijo	Nemčija	LOC	GPE-Germany
Nizozemskem	Nizozemska	LOC	GPE-The-Netherlands
Nizozemsko	Nizozemska	LOC	GPE-The-Netherlands
PES	PES	ORG	ORG-PES-Party-of-European-Socialists
Parizu	Pariz	LOC	GPE-Paris
Pogodbo o ustavi za Evropo	Pogodba o ustavi za Evropo	PRO	PRO-Treaty-Establishing-a-Constitution-for-Europe
Portugalci	Portugalci	PER	GPE-Portugal
Portugalski	Portugalska	LOC	GPE-Portugal
Ruse	Rusi	PER	GPE-Russia
Rusi	Rusi	PER	GPE-Russia
Rusija	Rusija	LOC	GPE-Russia
Rusiji	Rusija	LOC	GPE-Russia
Rusijo	Rusija	LOC	GPE-Russia
Severni tok	Severni tok	PRO	PRO-Nord-Stream-1
Slovenci	Slovenci	PER	GPE-Slovenia
Slovenija	Slovenija	LOC	GPE-Slovenia
Sloveniji	Slovenija	LOC	GPE-Slovenia
Stranke evropskih socialistov	Stranka evropskih socialistov	ORG	ORG-PES-Party-of-European-Socialists
Stranke zavezništva liberalcev in demokratov za Evropo	Stranka zavezništva liberalcev in demokratov za Evropo	ORG	ORG-ALDE
Trump	Trump	PER	PER-Donald-Trump
Turčijo	Turčija	LOC	GPE-Turkey
Ukrajina	Ukrajina	LOC	GPE-Ukraine
Ukrajinci	Ukrajinci	PER	GPE-Ukraine
Ukrajine	Ukrajina	LOC	GPE-Ukraine
Ukrajino	Ukrajina	LOC	GPE-Ukraine
Združenimi državami Amerike	Združene države Amerike	LOC	GPE-USA
Združeno kraljestvo	Združeno kraljestvo	LOC	GPE-Great-Britain
brexita	brexit	EVT	EVT-Brexit
evropske komisije	evropska komisija	ORG	ORG-European-Commission
priključitve Krima	priključitev Krima	EVT	EVT-Annexation-of-Crimea
vojne v Donbasu	vojna v Donbasu	EVT	EVT-War-in-Donbass
Španije	Španija	LOC	GPE-Spain
