sl-50
Donecku	Doneck	LOC	GPE-Donetsk
Kijevu	Kijev	LOC	GPE-Kiev
Putin	Putin	PER	PER-Vladimir-Putin
Putinova letna novinarska konferenca	Putinova letna novinarska konferenca	EVT	EVT-Vladimir-Putin-Annual-Press-Conference
Putinovem	Putin	PER	PER-Vladimir-Putin
Rdečem trgu	Rdeči trg	LOC	LOC-Red-Square
Rusija	Rusija	LOC	GPE-Russia
Rusijo	Rusija	LOC	GPE-Russia
Severni tok 2	Severni tok 2	PRO	PRO-Nord-Stream-2
Severni tok	Severni tok	PRO	PRO-Nord-Stream-1
Sovjetske zveze	Sovjetska zveza	LOC	GPE-Soviet-Union-USSR
Svetovne antidopinške agencije	Svetovna antidopinška agencija	ORG	ORG-World-Anti-Doping-Agency
Tass	Tass	ORG	ORG-TASS-Agency
Trump	Trump	PER	PER-Donald-Trump
Trumpu	Trump	PER	PER-Donald-Trump
Turški tok	Turški tok	PRO	PRO-TurkStream
Ukrajina	Ukrajina	LOC	GPE-Ukraine
Ukrajine	Ukrajina	LOC	GPE-Ukraine
Ukrajino	Ukrajina	LOC	GPE-Ukraine
Vladimirja Iljiča Lenina	Vladimir Iljič Lenin	PER	PER-Vladimir-Lenin
Vladimirja Zelenskega	Vladimir Zelenski	PER	PER-Volodymyr-Zelensky
WADA	WADA	ORG	ORG-World-Anti-Doping-Agency
ZDA	ZDA	LOC	GPE-USA
predstavniški dom ameriškega kongresa	predstavniški dom ameriškega kongresa	ORG	ORG-House-of-Representatives(USA)
republikanci	republikanci	PER	ORG-Republican-Party-USA
sporazum Start o jedrski razorožitvi	sporazum Start o jedrski razorožitvi	PRO	PRO-START
sporazuma iz Minska	sporazum iz Minska	PRO	PRO-Minsk-Protocol
