file18724323
PETR	Petr	PRO	915-6
BYSTROŇ	Bystroň	PRO	787-6
Bitva	bitva	EVT	787-3
Trump Chaos	Trump chaos	PER	824-8
ARD	ARD	ORG	872-15
CNN	CNN	ORG	893-0
Joe Bidena	Joe Bidena	PER	1008-0
Kamalu Harris	Kamala Harris	PER	1037-3
Donald Trump	Donald Trump	PER	954-0
Nevadě	Nevada	LOC	901-5
Wisconsinu	Wisconsin	LOC	946-2
Michiganu	Michigan	LOC	927-2
Pensylvánii	Pensylvánie	LOC	915-0
Gruzii	Gruzie	LOC	862-12
AfD	AfD	ORG	872-8
Petrem Bystroněm	Petr Bystroněm	PER	915-12
Bystroň	Bystroň	LOC	787-10
USA	USA	LOC	1029-0
Petr Bystroň	Petr Bystroň	PER	915-11
