file18907940
ON	on	PRO	1003-19
-	-	PRO	xxx
LINE	Line	PRO	1049-22
Američanů	Američan	PER	872-0
Biden	Biden	PER	787-0
Gates	Gates	PER	862-14
Merkelová	Merkelová	PER	927-15
Spojených státech	spojený stát	LOC	813-0
USA	USA	LOC	1030-0
President Elect	President Elect	PRO	915-14
Demokratické strany	demokratický strana	ORG	954-1
Joe Biden	Joe Biden	PER	1008-0
Donalda Trumpa	Donald Trumpa	PER	954-0
AP	AP	ORG	872-5
Bloomberg	Bloomberg	ORG	787-4
CNN	CNN	ORG	893-0
The Guardian	the Guardian	PRO	824-9
Trumpovi	Trumpe	PER	824-0
Pensylvánii	Pensylvánie	LOC	915-0
Trumpa	Trumpa	PER	824-0
Bidena	Bidena	PER	788-0
