file18724143
MÉDIA	médium	LOC	927-19
ČT	ČT	ORG	1036-1
Lubomír Zaorálek	Lubomír Zaorálek	PER	1049-0
Jakubem Železným	Jakub Železný	PER	1007-2
Rusku	Rusko	LOC	985-1
bolševická revoluce	bolševický revoluce	EVT	787-9
Kerenský	Kerenský	PER	1037-20
USA	USA	LOC	1029-0
Události a komentáře	událost a komentář	PRO	1029-2
Radě ČT	rada ČT	ORG	985-13
Jakub Železný	Jakub Železný	PER	1007-2
Lubomírem Zaorálkem	Lubomír Zaorálek	PER	1049-0
Zaorálka	Zaorálek	PER	1052-0
Zaorálek	Zaorálek	PER	1052-0
ČSSD	ČSSD	ORG	1036-2
Pražská výzva pro Irák	pražský výzva pro Irák	EVT	914-5
Jan Kavan	Jan Kavan	PER	1007-10
Vojtěch Filip	Vojtěch Filip	PER	1046-13
KSČM	KSČM	ORG	1037-11
