file18907981
ČR	ČR	LOC	1036-4
Trumpa	Trumpa	PER	824-0
Vondra	Vondra	PER	1046-17
Hejma	Hejma	PER	910-11
Best	Best	PER	788-9
Joch	Joch	PER	1008-6
Fištejn	Fištejn	PER	975-8
USA	USA	LOC	1030-0
CEVRO Institut	CEVRO institut	ORG	893-1
Donalda Trumpa	Donald Trumpa	PER	955-0
Spojených států	spojený stát	LOC	813-0
Erika Besta	Erika Besta	PER	997-28
Američanům	Američan	PER	872-0
Rusko	Rusko	LOC	985-7
Jefim Fištejn	Jefim Fištejn	PER	1008-9
Barack Obama Hejma	Barack Obama Hejma	PER	788-7
Trumpovo	Trumpův	PER	824-0
Američanů	Američan	PER	872-0
Americké volby	americký volba	EVT	872-1
Centra transatlantických vztahů	centrum transatlantický vztah	ORG	893-12
Alexandr Vondra	Alexandr Vondra	PER	872-17
Michala Horáčka	Michal Horáček	PER	927-20
Hillary Clintonová	Hillary Clintonová	PER	910-1
Český rozhlas	český rozhlas	PRO	1036-3
Fleet Sheet	Fleet Sheet	PRO	975-7
Erik Best	Erik Best	PER	997-3
Trump	Trump	PER	824-0
Clintonovou	Clintonová	PER	893-2
Republikánská strana	republikánský strana	ORG	985-4
Centrální banka	centrální banka	ORG	893-14
Donald Trump	Donald Trump	PER	955-0
