sl-24
Aleksandra Novaka	Aleksander Novak	PER	PER-Aleksandr-Novak
Atlantika	Atlantik	LOC	LOC-Atlantic-Ocean
Baltsko morje	Baltsko morje	LOC	LOC-Baltic-Sea
Brusljo	Bruselj	LOC	GPE-Brussles
Bruslju	Bruselj	LOC	GPE-Brussles
EU	EU	ORG	ORG-European-Union
Evropa	Evropa	LOC	LOC-Europe
Evropi	Evropa	LOC	LOC-Europe
Gazprom	Gazprom	ORG	ORG-Gazprom
Gazproma	Gazprom	ORG	ORG-Gazprom
Gazpromu	Gazprom	ORG	ORG-Gazprom
Kijev	Kijev	LOC	GPE-Kiev
Kijevom	Kijev	LOC	GPE-Kiev
Maroš Šefčovič	Maroš Šefčovič	PER	PER-Maros-Sefcovic
Minsku	Minsk	LOC	GPE-Minsk
Moskva	Moskva	LOC	GPE-Moscow
Moskvo	Moskva	LOC	GPE-Moscow
Naftogaza	Naftogaz	ORG	ORG-Naftogaz
Putin	Putin	PER	PER-Vladimir-Putin
Rusija	Rusija	LOC	GPE-Russia
Rusije	Rusija	LOC	GPE-Russia
Rusijo	Rusija	LOC	GPE-Russia
Severnega toka 1	Severni tok 1	PRO	PRO-Nord-Stream-1
Severni tok 2	Severni tok 2	PRO	PRO-Nord-Stream-2
Slovaškem	Slovaška	LOC	GPE-Slovakia
Turčijo	Turčija	LOC	GPE-Turkey
Turški tok	Turški tok	PRO	PRO-TurkStream
Ukrajina	Ukrajina	LOC	GPE-Ukraine
Ukrajine	Ukrajina	LOC	GPE-Ukraine
Ukrajino	Ukrajina	LOC	GPE-Ukraine
Vladimir Putin	Vladimir Putin	PER	PER-Vladimir-Putin
Zahodno Evropo	Zahodna Evropa	LOC	LOC-Western-Europe
evropske komisije	evropska komisija	ORG	ORG-European-Commission
južno Evropo	južna Evropa	LOC	LOC-Southern-Europe
srednjo	srednji	LOC	LOC-Central-Europe
