sl-34
3. svetovna vojna	3. svetovna vojna	EVT	EVT-World-War-III
Apostrof	Apostrof	PRO	PRO-Apostrophe
Avstrije	Avstrija	LOC	GPE-Austria
Azovsko morje	Azovsko morje	LOC	LOC-The-Sea-of-Azov
Evropi	Evropa	LOC	LOC-Europe
Igor Romanjenko	Igor Romanjenko	PER	PER-Igor-Romanenko
KIJEV	Kijev	LOC	GPE-Kiev
Kijev	Kijev	LOC	GPE-Kiev
Lenina	Lenin	PER	PER-Lenin
Mateusz Morawiecki	Mateusz Morawiecki	PER	PER-Mateusz-Morawiecki
Mike Pompeo	Mike Pompeo	PER	PER-Mike-Pompeo
Moskva	Moskva	LOC	GPE-Moscow
Moskvo	Moskva	LOC	GPE-Moscow
Nemčija	Nemčija	LOC	GPE-Germany
Pavlom Klimkinom	Pavlo Klimkin	PER	PER-Pavlo-Klimkin
Rusija	Rusija	LOC	GPE-Russia
Rusije	Rusija	LOC	GPE-Russia
Rusiji	Rusija	LOC	GPE-Russia
Rusijo	Rusija	LOC	GPE-Russia
Severni tok 1	Severni tok 1	PRO	PRO-Nord-Stream-1
Severni tok 2	Severni tok 2	PRO	PRO-Nord-Stream-2
Ukrajina	Ukrajina	LOC	GPE-Ukraine
Ukrajine	Ukrajina	LOC	GPE-Ukraine
Ukrajini	Ukrajina	LOC	GPE-Ukraine
Ukrajino	Ukrajina	LOC	GPE-Ukraine
ZDA	ZDA	LOC	GPE-USA
Zahod	Zahod	LOC	LOC-West
tretja svetovna vojna	tretja svetovna vojna	EVT	EVT-World-War-III
