sl-45
Aleksandrom Novakom	Aleksander Novak	PER	PER-Aleksandr-Novak
Aleksejem Milerjem	Aleksej Miler	PER	PER-Aleksey-Miller
Aleksejem Oršelom	Aleksej Oršel	PER	PER-Oleksiy-Orzhel
Andrejem Kobolevom	Andrej Kobolev	PER	PER-Andriy-Kobolyev
Bruslju	Bruselj	LOC	GPE-Brussels
EU	EU	ORG	ORG-European-Union
Evrope	Evropa	LOC	LOC-Europe
Evropsko unijo	Evropska unija	ORG	ORG-European-Union
Gazprom	Gazprom	ORG	ORG-Gazprom
Gazproma	Gazprom	ORG	ORG-Gazprom
Kijevu	Kijev	LOC	GPE-Kiev
LLC	LLC	ORG	ORG-LLC
Maroš Šefčovič	Maroš Šefčovič	PER	PER-Maros-Sefcovic
Naftogaz	Naftogaz	ORG	ORG-Naftogaz
Naftogaza	Naftogaz	ORG	ORG-Naftogaz
Rusija	Rusija	LOC	GPE-Russia
Rusije	Rusija	LOC	GPE-Russia
Rusijo	Rusija	LOC	GPE-Russia
Severni tok 2	Severni tok 2	PRO	PRO-Nord-Stream-2
Ukrajina	Ukrajina	LOC	GPE-Ukraine
Ukrajino	Ukrajina	LOC	GPE-Ukraine
evropske komisije	evropska komisija	ORG	ORG-European-Commission
Šefoviča	Šefčovič	PER	PER-Maros-Sefcovic
Šefčovič	Šefčovič	PER	PER-Maros-Sefcovic
Šefčoviča	Šefčovič	PER	PER-Maros-Sefcovic
