sl-47
Angelo Merkel	Angela Merkel	PER	PER-Angela-Merkel
Berlinu	Berlin	LOC	GPE-Berlin
Donalda Trumpa	Donald Trump	PER	PER-Donald-Trump
EU	EU	ORG	ORG-European-Union
Emmanuel Macron	Emmanuel Macron	PER	PER-Emmanuel-Macron
Evropske unije	Evropska unija	ORG	ORG-European-Union
Evropsko unijo	Evropska unija	ORG	ORG-European-Union
Gazpromu	Gazprom	ORG	ORG-Gazprom
Kijev	Kijev	LOC	GPE-Kiev
Kijevom	Kijev	LOC	GPE-Kiev
Macronu	Macron	PER	PER-Emmanuel-Macron
Maroš Šefčovič	Maroš Šefčovič	PER	PER-Maros-Sefcovic
Minsk	Minsk	LOC	GPE-Minsk
Moskva	Moskva	LOC	GPE-Moscow
Moskvi	Moskva	LOC	GPE-Moscow
Moskvo	Moskva	LOC	GPE-Moscow
Naftogazu	Naftogaz	ORG	ORG-Naftogaz
Nato	Nato	ORG	ORG-NATO
Parizu	Pariz	LOC	GPE-Paris
Putina	Putin	PER	PER-Vladimir-Putin
Rusija	Rusija	LOC	GPE-Russia
Rusije	Rusija	LOC	GPE-Russia
Rusijo	Rusija	LOC	GPE-Russia
Severni tok	Severni tok	PRO	PRO-Nord-Stream-2
Ukrajina	Ukrajina	LOC	GPE-Ukraine
Ukrajine	Ukrajina	LOC	GPE-Ukraine
Ukrajini	Ukrajina	LOC	GPE-Ukraine
Ukrajino	Ukrajina	LOC	GPE-Ukraine
Viktorja Janukoviča	Viktor Janukovič	PER	PER-Viktor-Yanukovych
Vladimir Putin	Vladimir Putin	PER	PER-Vladimir-Putin
Volodimir Zelenski	Volodimir Zelenski	PER	PER-Volodymyr-Zelensky
Zahodu	Zahod	LOC	LOC-West
Zelenskega	Zelenski	PER	PER-Volodymyr-Zelensky
Šefčovič	Šefčovič	PER	PER-Maros-Sefcovic
