sl-64
AFP	AFP	ORG	ORG-AFP-Agence-France-Press
Donalda Trumpa	Donald Trump	PER	PER-Donald-Trump
Donecku	Doneck	LOC	GPE-Donetsk
Evropsko unijo	Evropska unija	ORG	ORG-European-Union
Kijevu	Kijev	LOC	GPE-Kiev
Kitajski	Kitajska	LOC	GPE-China
Kitajsko	Kitajska	LOC	GPE-China
Kremlja	Kremelj 	ORG	ORG-Kremlin
Margarita Simonjan	Margarita Simonjan	PER	PER-Margarita-Simonyan
Moskva	Moskva	LOC	GPE-Moscow
Moskvi	Moskva	LOC	GPE-Moscow
Peking	Peking	LOC	GPE-Beijing
Putin	Putin	PER	PER-Vladimir-Putin
Putinova	Putin	PER	PER-Vladimir-Putin
Putinove	Putin	PER	PER-Vladimir-Putin
Putinovem	Putin	PER	PER-Vladimir-Putin
Rdečem trgu	Rdeči trg	LOC	LOC-Red-Square
Rusija	Rusija	LOC	GPE-Russia
Rusijo	Rusija	LOC	GPE-Russia
Russia Today	Russia Today	PRO	PRO-RT-Russia-Today
Severni tok 2	Severni tok 2	PRO	PRO-Nord-Stream-2
Severni tok	Severni tok	PRO	PRO-Nord-Stream-1
Sovjetske zveze	Sovjetska zveza	LOC	GPE-Soviet-Union-USSR
Svetovne antidopinške agencije	Svetovna antidopinška agencija	ORG	ORG-World-Anti-Doping-Agency
Tass	Tass	ORG	ORG-TASS-Agency
Trump	Trump	PER	PER-Donald-Trump
Trumpu	Trump	PER	PER-Donald-Trump
Turški tok	Turški tok	PRO	PRO-TurkStream
Ukrajina	Ukrajina	LOC	GPE-Ukraine
Ukrajine	Ukrajina	LOC	GPE-Ukraine
Ukrajino	Ukrajina	LOC	GPE-Ukraine
Vladimir Putin	Vladimir Putin	PER	PER-Vladimir-Putin
Vladimirja Iljiča Lenina	Vladimir Iljič Lenin	PER	PER-Vladimir-Lenin
Vladimirja Zelenskega	Vladimir Zelenski	PER	PER-Volodymyr-Zelensky
WADA	WADA	ORG	ORG-World-Anti-Doping-Agency
ZDA	ZDA	LOC	GPE-USA
predstavniški dom ameriškega kongresa	predstavniški dom ameriškega kongresa	ORG	ORG-House-of-Representatives(USA)
republikanci	republikanci	ORG	ORG-Republican-Party-USA
sporazum Start	sporazum Start	PRO	PRO-START
sporazuma iz Minska	sporazum iz Minska	PRO	PRO-Minsk-Protocol
