bg-5
Андрей Бабиш	Андрей Бабиш	PER	PER-Andrej-Babis
Бабиш	Бабиш	PER	PER-Andrej-Babis
Бойко Борисов	Бойко Борисов	PER	PER-Boyko-Borisov
Борисов	Борисов	PER	PER-Boyko-Borisov
Брекзит	Брекзит	EVT	EVT-Brexit
България	България	LOC	GPE-Bulgaria
Българското председателство на ЕС	Българско председателство на Съвета на ЕС	EVT	EVT-Bulgarian-Presidency-EU
Българското председателство на Съвета на ЕС	Българско председателство на Съвета на ЕС	EVT	EVT-Bulgarian-Presidency-EU
Великобритания	Великобритания	LOC	GPE-Great-Britain
Гърция	Гърция	LOC	GPE-Greece
Дъблинските регламенти	Дъблински регламенти	PRO	PRO-Dublin-System
Европа	Европа	LOC	LOC-Europe
ЕС	ЕС	ORG	ORG-European-Union
Румъния	Румъния	LOC	GPE-Romania
София	София	LOC	GPE-Sofia
Турция	Турция	LOC	GPE-Turkey
Хърватия	Хърватия	LOC	GPE-Republic-of-Croatia
Чехия	Чехия	LOC	GPE-Czech-Republic
Шенген	Шенген	LOC	LOC-Schengen
Шенгенското пространство	Шенгенско пространство	LOC	LOC-Schengen
