cs-2
Best for Britain	Best for Britain	ORG	ORG-Best-for-Britain
Daily Mail	Daily Mail	PRO	PRO-Daily-Mail
Daily Telegraph	Daily Telegraph	PRO	PRO-The-Daily-Telegraph
EU	EU	ORG	ORG-European-Union
Eloise Toddová	Eloise Toddová	PER	PER-Eloise-Todd
Evropské unie	Evropská unie	ORG	ORG-European-Union
George Soros	George Soros	PER	PER-George-Soros
George Sorose	George Soros	PER	PER-George-Soros
Guardian	Guardian	PRO	PRO-The-Guardian
International Monetary Fund	International Monetary Fund	ORG	ORG-International-Monetary-Fund
Londýn	Londýn	LOC	GPE-London
Maďarsku	Maďarsko	LOC	GPE-Hungary
Michael Spilotro	Michael Spilotro	PER	PER-Michael-Bloomberg
Rusku	Rusko	LOC	GPE-Russia
Sorose	Soros	PER	PER-George-Soros
Sorosovi	Soros	PER	PER-George-Soros
Sorosovo	Soros	PER	PER-George-Soros
Telegraph	Telegraph	PRO	PRO-The-Daily-Telegraph
Vědci pro EU	Vědci pro EU	PRO	PRO-Researchers-for-EU-campaign
brexit	brexit	EVT	EVT-Brexit
brexitu	brexit	EVT	EVT-Brexit
flickr.com	flickr.com	PRO	PRO-Flickr.com
