cs-213
Británie	Británie	LOC	GPE-Great-Britain
Británii	Británie	LOC	GPE-Great-Britain
Británií	Británie	LOC	GPE-Great-Britain
Britů	Britové	PER	GPE-Great-Britain
Corbyn	Corbyn	PER	PER-Jeremy-Corbyn
EU	EU	ORG	ORG-European-Union
Evropskou unií	Evropská unie	ORG	ORG-European-Union
Evropské unii	Evropská unie	ORG	ORG-European-Union
Farage	Farage	PER	PER-Nigel-Farage
Jeremy Corbyn	Jeremy Corbyn	PER	PER-Jeremy-Corbyn
Labouristická strana	Labouristická strana	ORG	ORG-Labour-Party-UK
Nicola Sturgeonová	Nicola Sturgeonová	PER	PER-Nicola-Sturgeon
Nigel Farage	Nigel Farage	PER	PER-Nigel-Farage
Observer	Observer	PRO	PRO-The-Observer
Skotové	Skotové	PER	GPE-Scotland
Skotska	Skotsko	LOC	GPE-Scotland
Skotů	Skotové	PER	GPE-Scotland
Strany nezávislosti Spojeného království	Strana nezávislosti Spojeného království	ORG	ORG-UK-Independence-Party
Sturgeonová	Sturgeonová	PER	PER-Nicola-Sturgeon
UKIP	UKIP	ORG	ORG-UK-Independence-Party
brexit	brexit	EVT	EVT-Brexit
brexitu	brexit	EVT	EVT-Brexit
labouristé	labouristé	PER	ORG-Labour-Party-UK
labouristů	labouristé	PER	ORG-Labour-Party-UK
