cs-228
AfD	AfD	ORG	ORG-AfG-Alternative-for-Germany
Alan Posener	Alan Posener	PER	PER-Alan-Posener
Alternativy pro Německo	Alternativa pro Německo	ORG	ORG-AfG-Alternative-for-Germany
Angely Merkelové	Angela Merklová	PER	PER-Angela-Merkel
Británii	Británie	LOC	GPE-Great-Britain
CDU	CDU	ORG	ORG-Christlich-Demokratische-Union
CSU 	CSU	ORG	ORG-CSU-Christian-Social-Union-in-Bavaria
Die Welt	Die Welt	PRO	PRO-Die-Welt
EU	EU	ORG	ORG-European-Union
Emmanuel Macron	Emmanuel Macron	PER	PER-Emmanuel-Macron
Evropského parlamentu	Evropský parlament	ORG	ORG-European-Parliament
Evropu	Evropa	LOC	LOC-Europe
Martin Schulz	Martin Schulz	PER	PER-Martin-Schulz
Německu	Německo	LOC	GPE-Germany
SPD	SPD	ORG	ORG-Sozialdemokratische-Partei-Deutschlands
Schulz	Schulz	PER	PER-Martin-Schulz
The Guardian	The Guardian	PRO	PRO-The-Guardian
brexit	brexit	EVT	EVT-Brexit
sociálních demokratů	sociální demokraté	PER	ORG-Sozialdemokratische-Partei-Deutschlands
