ua-1055
Іспанія	Іспанія	LOC	85-3
Brexit	Brexit	EVT	86-151
Гібралтару	Гібралтар	LOC	78-21
МЗС	МЗС	ORG	89-40
Хосеп Борель	Хосеп Борель	PER	52-13
Сполученим Королівством	сполучений королівство	LOC	101-20
ЄС	ЄС	LOC	81-1
Гібралтар	Гібралтар	LOC	78-21
Борель	Борель	PER	63-185
Великої Британії	великий Британія	LOC	68-22
Іспанією	Іспанія	LOC	85-2
Піренейського півострова	піренейський півострів	LOC	67-41
Гибралтарську скелю	гибралтарський скеля	LOC	78-49
Піренейським півостровом	піренейський півостров	LOC	67-41
Рада ЄС	рада ЄС	ORG	87-22
Євросоюзу	Євросоюз	LOC	81-2
Британії	Британія	LOC	63-100
Сполученого Королівства	сполучений королівство	LOC	101-20
Тереза Мей	Тереза Мей	PER	55-27
Мей	Мей	PER	89-39
Мінфін Британії	мінфін Британія	ORG	89-42
