ua-1011
Британія	Британія	LOC	63-104
Європейського суду	європейський суд	ORG	81-6
Мей	Мей	PER	89-39
Великої Британії	великий Британія	LOC	68-22
Brexit	Brexit	EVT	86-151
Британії	Британія	LOC	63-100
ЄС	ЄС	LOC	81-1
Лондона	Лондон	LOC	110-28
LBC	LBC	ORG	100-124
Європейським судом	європейський суд	ORG	81-6
Велику Британію	великий Британія	LOC	68-27
Раніл Джаявардена	Раніл джаявардений	PER	87-21
Північної Ірландії	північний Ірландія	LOC	67-38
Шейлеш Вара	Шейлеш Вара	PER	108-11
Домінік Рааб	Домінік Рааб	PER	103-27
Естер Маквей	Естер Маквей	PER	82-57
МЗС	МЗС	ORG	89-40
Борис Джонсон	Борис Джонсон	PER	63-7
Тереза Мей	Тереза Мей	PER	55-27
Мінфін Британії	мінфін Британія	ORG	89-42
