ua-1045
Мей	Мей	PER	89-39
Brexit	Brexit	EVT	86-151
КИЇВ	КИЇВ	LOC	96-50
УНН	УНН	ORG	83-14
Великої Британії	великий Британія	LOC	68-22
Тереза Мей	Тереза Мей	PER	xxx
Європейського Союзу	європейський союз	ORG	81-0
Reuters	Reuters	ORG	95-130
ЄС	ЄС	LOC	81-1
Європа	Європа	LOC	81-5
Німеччина	Німеччина	LOC	97-24
Мішель Барньє	Мішель Барньє	PER	89-45
Британія	Британія	LOC	63-104
Великою Британією	великий Британія	LOC	68-26
Євросоюзу	Євросоюз	LOC	81-2
Барньє	Барньє	PER	63-107
Лондоном	Лондон	LOC	110-29
Брюсселем	Брюссель	LOC	63-80
Велика Британія	великий Британія	LOC	68-28
Британії	Британія	LOC	63-100
Європарламент	Європарламент	ORG	81-4
Вестмінстер	Вестмінстер	LOC	68-33
Єврокомісія	Єврокомісія	ORG	81-7
