ua-1016
Тереза Мей	Тереза Мей	PER	55-27
Brexit	Brexit	EVT	86-151
Deutsche Welle	Deutsche Welle	ORG	79-111
Великої Британії	великий Британія	LOC	68-22
Британія	Британія	LOC	63-104
ЄС	ЄС	LOC	81-1
Євросоюзу	Євросоюз	LOC	81-2
Sky News	Sky News	ORG	69-123
Велика Британія	великий Британія	LOC	68-28
Європейському союзі	європейський союз	ORG	81-0
Великобританії	Великобританія	LOC	68-25
Раніл Джаявардена	Раніл джаявардений	PER	87-21
Північної Ірландії	північний Ірландія	LOC	67-38
Шейлеш Вара	Шейлеш Вара	PER	108-11
Домінік Рааб	Домінік Рааб	PER	103-27
Естер Маквей	Естер Маквей	PER	82-57
Британії	Британія	LOC	63-100
Мей	Мей	PER	89-39
МЗС	МЗС	ORG	89-40
Борис Джонсон	Борис Джонсон	PER	63-7
Мінфін Британії	мінфін Британія	ORG	xxx
