ua-1000
Британії	Британія	LOC	63-100
Brexit	Brexit	EVT	86-151
Великої Британії	великий Британія	LOC	68-22
Європейського союзу	європейський союз	ORG	81-0
Стівена Барклі	Стівен Барклі	PER	101-19
британському Міністерстві охорони здоров'я	британський міністерство охорона здоров’я	ORG	63-171
Twitter	Twitter	PRO	76-13
Сполученого Королівства	сполучений королівство	LOC	101-20
Терези Мей	Тереза Мей	PER	55-27
Stephen	Stephen	PER	xxx
Барклі	Барклі	PER	63-101
Домініка Раабе	Домініка Раабе	PER	103-28
Мей	Мей	PER	89-39
Раніл Джаявардена	Раніл джаявардений	PER	87-21
Північної Ірландії	північний Ірландія	LOC	67-38
Шейлеш Вара	Шейлеш Вара	PER	108-11
Домінік Рааб	Домінік Рааб	PER	103-27
Естер Маквей	Естер Маквей	PER	82-57
Євросоюзу	Євросоюз	LOC	81-2
ЄС	ЄС	LOC	81-1
МЗС	МЗС	ORG	89-40
Борис Джонсон	Борис Джонсон	PER	63-7
Тереза Мей	Тереза Мей	PER	55-27
Мінфін Британії	мінфін Британія	ORG	89-42
