ua-1014
Тереза Мей	Тереза Мей	PER	55-27
Brexit	Brexit	EVT	86-151
Великої Британії	великий Британія	LOC	68-22
Великобританії	Великобританія	LOC	68-25
Європейського союзу	європейський союз	ORG	81-0
Мей	Мей	PER	89-39
Євросоюзу	Євросоюз	LOC	81-2
Великій Британії	великий Британія	LOC	68-24
Європейського суду	європейський суд	ORG	81-6
ЄС	ЄС	LOC	81-1
ЄК	ЄК	ORG	xxx
Раніл Джаявардена	Раніл джаявардений	PER	87-21
Північної Ірландії	північний Ірландія	LOC	67-38
Шейлеш Вара	Шейлеш Вара	PER	108-11
Домінік Рааб	Домінік Рааб	PER	103-27
Естер Маквей	Естер Маквей	PER	82-57
Британії	Британія	LOC	63-100
МЗС	МЗС	ORG	89-40
Борис Джонсон	Борис Джонсон	PER	63-7
Мінфін Британії	мінфін Британія	ORG	xxx
