ua-1002
Великої Британії	великий Британія	LOC	68-22
Brexit	Brexit	EVT	86-151
Стівена Барклі	Стівен Барклі	PER	101-19
Стівен Барклі	Стівен Барклі	PER	101-19
Європейського союзу	європейський союз	ORG	81-0
Twitter	Twitter	PRO	76-13
Домініка Рабе	Домініка Рабе	PER	103-32
Ембер Рад	Ембер рад	PER	82-180
Естер Маквей	Естер Маквей	PER	82-57
С . Барклі	С. . Барклі	PER	101-21
міністерстві охорони здоров'я Великої Британії	міністерство охорона здоров’я великий Британія	ORG	89-43
Консервативної партії	консервативний партія	ORG	96-49
ЄС	ЄС	LOC	81-1
Бі-бі - сі	Бі-бі - сей	ORG	63-198
Великій Британії	великий Британія	LOC	68-23
Тереза Мей	Тереза Мей	PER	55-27
Брюсселем	Брюссель	LOC	63-80
Даунінг - стрит	Даунінг - Стрит	LOC	103-29
Британії	Британія	LOC	63-100
Британський кабінет міністрів	британський кабінет міністр	ORG	63-24
Т . Мей	Т . Мей	PER	55-28
саміті ЄС	саміт ЄС	EVT	xxx
Євроради	Єврорада	ORG	81-12
Дональд Туск	Дональд Туск	PER	103-12
Домінік Раб	Домінік раб	PER	103-90
Північної Ірландії	північний Ірландія	LOC	67-38
Шейлеш Вара	Шейлеш Вара	PER	108-11
