ua-1050
Мей	Мей	PER	89-39
Юнкером	Юнкер	PER	71-9
Брюсселі	Брюссель	LOC	63-103
Терези Мей	Тереза Мей	PER	55-27
Єврокомісії	Єврокомісія	ORG	81-7
Жана - Клода Юнкера	Жан - Клода Юнкера	PER	73-4
Тереза Мей	Тереза Мей	PER	55-27
Брюсселя	Брюссель	LOC	63-75
Терезі Мей	терег Мей	PER	55-27
Європейської Комісії	європейський комісія	ORG	81-13
ЄК	ЄК	ORG	xxx
Жан - Клодом Юнкером	Жан - Клод Юнкер	PER	73-5
Великобританії	Великобританія	LOC	68-25
ЄС	ЄС	LOC	81-1
Brexit	Brexit	EVT	86-151
Reuters	Reuters	ORG	95-139
саміті ЄС	саміт ЄС	EVT	101-22
Великобританією	Великобританія	LOC	68-30
Євросоюзом	євросоюз	ORG	81-8
Гібралтару	Гібралтар	LOC	78-21
BBC	BBC	ORG	86-275
Брюссель	Брюссель	LOC	63-78
Жаном - Клодом Юнкером	Жан - Клод Юнкер	PER	73-3
Валдіс Домбровскіс	Валдіс Домбровскіс	PER	68-59
Сполученого Королівства	сполучений королівство	LOC	101-20
Євросоюзу	Євросоюз	LOC	81-2
саміту ЄС	саміт ЄС	EVT	101-22
