ua-1029
ЄС	ЄС	LOC	81-1
Brexit	Brexit	EVT	86-151
КИЇВ	КИЇВ	LOC	96-50
УНН	УНН	ORG	83-14
Ради ЄС	рада ЄС	ORG	87-22
Великої Британії	великий Британія	LOC	68-22
Європейської ради	європейський рада	ORG	81-3
Раді ЄС	рада ЄС	ORG	87-23
Австрії	Австрія	LOC	65-15
Гернот Блюмель	Гернот Блюмель	PER	78-33
МЗС Бельгії	МЗС Бельгія	ORG	89-94
Дідьє Рейндерс	Дідьє Рейндерс	PER	103-104
Євросоюзу	Євросоюз	LOC	81-2
Мішель Барньє	Мішель Барньє	PER	89-45
Європейського Союзу	європейський союз	ORG	81-0
Лондоном	Лондон	LOC	110-29
Брюсселем	Брюссель	LOC	63-80
Велика Британія	великий Британія	LOC	68-28
Британії	Британія	LOC	63-100
Європарламент	Європарламент	ORG	81-4
Вестмінстер	Вестмінстер	LOC	68-33
Єврокомісія	Єврокомісія	ORG	81-7
