ua-1054
Меркель	Меркель	PER	89-74
саміті ЄС	саміт ЄС	EVT	101-22
Brexit	Brexit	EVT	86-151
Німеччини	Німеччина	LOC	97-24
Ангела Меркель	Ангела Меркель	PER	65-9
Великої Британії	великий Британія	LOC	68-22
Німеччина	Німеччина	LOC	97-24
ЄС	ЄС	LOC	81-1
саміті	саміт	EVT	101-22
Британією	Британія	LOC	63-106
Гібралтару	Гібралтар	LOC	78-21
Гібралтар	Гібралтар	LOC	78-21
Іспанією	Іспанія	LOC	85-2
МЗС	МЗС	ORG	89-40
Хосеп Борель	Хосеп Борель	PER	52-13
Іспанія	Іспанія	LOC	85-3
Мей	Мей	PER	89-39
Шотландії	Шотландія	LOC	108-1
Євросоюзу	Євросоюз	LOC	81-2
Британії	Британія	LOC	63-100
Сполученого Королівства	сполучений королівство	LOC	101-20
Тереза Мей	Тереза Мей	PER	55-27
