bg-50
Engie	Engie	ORG	ORG-Engie
Nord Stream 2 AG	Nord Stream 2 AG	ORG	ORG-Nord-Stream-2-AG
OMV	OMV	ORG	ORG-OMV
Shell	Shell	ORG	ORG-Royal-Dutch-Shell-BG-Group
Uniper	Uniper	ORG	ORG-Uniper
Wintershall	Wintershall	ORG	ORG-Wintershall
Балтийско море	Балтийско море	LOC	LOC-Baltic-Sea
Берлин	Берлин	LOC	GPE-Berlin
Газпром	Газпром	ORG	ORG-Gazprom
Германия	Германия	LOC	GPE-Germany
Дания	Дания	LOC	GPE-Denmark
Лубмин	Лубмин	LOC	GPE-Lubmin
РИА Новости	РИА Новости	ORG	ORG-RIA-Novosti
Русия	Русия	LOC	GPE-Russia
Северен поток 2	Северен поток 2	PRO	PRO-Nord-Stream-2
Северен поток	Северен поток	PRO	PRO-Nord-Stream-1
Финландия	Финландия	LOC	GPE-Finland
Фокус	Фокус	ORG	ORG-Focus-News-Agency
Швеция 	Швеция	LOC	GPE-Sweden
