sl-137
Trumpovi	Trumpov	PER	840-0
ZDA	ZDA	LOC	1055-0
Donalda Trumpa	Donald Trump	PER	965-1
Washington	Washington	LOC	950-0
Pohod milijon MAGA	pohod milijon MAGA	PRO	921-21
Virginijo	Virginija	LOC	1046-4
Trump MAGA	Trump MAGA	PER	840-0
Trumpovega	Trumpov	PER	840-1
Ameriko	Amerika	LOC	879-4
Joe Biden	Joe Biden	PER	1014-2
Trump	Trump	PER	840-0
Hillary Clinton	Hillary Clinton	PER	911-1
Biden	Biden	PER	799-0
Trumpa	Trump	PER	840-0
Ponosni fantje	ponosen fant	ORG	921-14
Američani	Američan	PER	879-0
Trgu Svobode	trg svoboda	LOC	840-5
vrhovnega sodišča ZDA	vrhoven sodišče ZDA	ORG	xxx
Trumpovovih	Trumpovov	PER	840-6
Bele hiše	bel hiša	ORG	799-2
Kayleigh McEnany	Kayleigh Mcenany	PER	1041-12
Trumpovih	Trumpov	PER	840-0
Trumpove	Trumpov	PER	840-0
