sl-153
Trumpova	Trumpov	PER	842-0
ZDA	ZDA	LOC	1055-0
Donalda Trumpa	Donald Trump	PER	965-1
republikanci	republikanec	PER	991-0
Salon	Salon	PRO	818-25
Atlantic	Atlantic	PRO	879-7
demokrat Joe Biden	demokrat Joe Biden	PER	965-0
Trumpom	Trump	PER	842-0
CNN	CNN	ORG	897-5
Trump sodišča ZDA	Trump sodišče ZDA	PER	842-0
Floridi	Florida	LOC	981-3
republikancu	republikanec	PER	991-0
Georgeu Bushu mlajšemu	George Bush mlad	PER	867-7
Trumpov	Trumpov	PER	842-0
republikanski stranki	republikanski stranka	ORG	991-10
Trumpove	Trumpov	PER	842-0
Republikanci	republikanec	PER	991-2
Arizoni	Arizona	LOC	879-3
Michiganu	Michigan	LOC	933-0
Pensilvaniji	Pensilvanija	LOC	922-0
Wisconsinu	Wisconsin	LOC	950-2
Severni Karolini	severen Karolina	LOC	818-1
republikanski kongresi	republikanski kongres	ORG	991-1
Mike Pence	Mike Pence	PER	933-22
Trumpovi	Trumpov	PER	842-0
Trumpa	Trump	PER	842-0
demokratom	demokrat	PER	965-0
Thea McDonald	Theo McDonald	PER	842-2
kongres	kongres	LOC	xxx
Američanom	Američan	PER	880-1
