sl-102
Belo hišo	bel hiša	LOC	795-0
Bidnova	Bidnov	PER	795-1
Bidnove	Bidnov	PER	795-2
Biden	Biden	PER	795-3
Trump	Trump	PER	834-0
Donald Trump	Donald Trump	PER	962-3
Joe Biden	Joe Biden	PER	1011-0
Bidnovi	Bidnov	PER	795-9
Beli hiši	bel hiša	LOC	795-0
Clintonova	Clintonov	PER	896-7
Bidna napaka	biden napaka	PRO	795-4
Bidnu	Bidn	PER	795-5
»	»	PER	xxx
Cepiva	cepivo	PER	xxx
republikanci	republikanec	ORG	989-6
Trumpa	Trump	PER	834-0
Georgii	Georgia	LOC	865-5
senatu	senat	ORG	xxx
Mitch McConnell	Mitch Mcconnell	PER	931-25
Trumpovo	Trumpov	PER	834-0
Georgio	Georgia	LOC	865-5
ZDA	ZDA	LOC	1052-3
Trumpu	Trump	PER	834-0
Bidna	Bidn	PER	795-5
