sl-112
Janše	Janša	PER	1013-3
ZDA	ZDA	LOC	1053-0
Janeza Janše	Janez Janša	PER	1013-0
republikancu	republikanec	PER	990-0
Donaldu Trumpu	Donald Trump	PER	963-1
demokrata	demokrat	PER	963-3
Joeja Bidna	Joe Bidn	PER	1013-2
Nemški	nemški	ORG	xxx
Spiegel	Spiegel	PRO	816-5
Slovenski	slovenski	PER	816-3
Donald	Donald	PER	963-2
Janšo	Janša	PER	1013-6
EU	EU	ORG	998-2
Trumpovim	Trumpov	PER	835-1
Evropske unije	evropski unija	ORG	998-0
Janša	Janša	PER	1013-4
Trumpa	Trump	PER	835-0
Politico	Politico	PRO	921-0
Trump	Trump	PER	835-2
Evropi	Evropa	LOC	998-1
Slovenijo	Slovenija	LOC	816-1
Estonijo	Estonija	LOC	998-9
Glede Janše	glede Janša	PER	xxx
Trumpu	Trump	PER	835-2
Borut Pahor	Borut Pahor	PER	796-13
Bidna	Bidn	PER	796-0
Trumpove	Trumpov	PER	835-1
BBC	BBC	ORG	796-3
Bidnu	Bidn	PER	796-12
demokratov	demokrat	PER	963-3
Slovenije	Slovenija	LOC	816-1
Pahorjem	Pahor	PER	921-18
Janšev	Janšev	PER	1013-5
Viktor Orban	Viktor Orban	PER	1046-22
Neue Zürcher Zeitung	Neue Zürcher Zeitung	ORG	905-16
NZZ	NZZ	ORG	905-2
Vladimirju Putinu	Vladimir Putin	PER	1046-39
Jairju Bolsonaru	Jair Bolsonar	PER	1013-15
Xi Jinpingu	XI Jinping	PER	1069-2
Slovenija	Slovenija	LOC	816-1
Melanie	Melanie	PER	931-3
Deutsche Welle	Deutsche Welle	ORG	963-11
DW	DW	ORG	963-5
vzhodni Evropi	vzhoden Evropa	LOC	1046-26
Poljskem	Poljsko	LOC	921-1
Madžarskem	Madžarsko	LOC	931-24
Donalda Trumpa	Donald Trump	PER	963-1
Frankfurter Allgemeine Zeitung	Frankfurter Allgemeine Zeitung	ORG	980-12
FAZ	FAZ	ORG	980-18
Janševe	Janšev	PER	1013-12
republikancem	republikanec	PER	990-1
Anže Logar	Anže Logar	PER	878-13
Matej Tonin	Matej Tonin	PER	931-21
Igor Zorčič	Igor Zorčič	PER	888-31
