sl-149
Belo hišo	bel hiša	LOC	800-1
Bidnova	Bidnov	PER	800-4
Donald Trump	Donald Trump	PER	965-1
Joe Biden	Joe Biden	PER	1014-2
Bidnove	Bidnov	PER	800-5
Bidnovi	Bidnov	PER	800-6
Trump	Trump	PER	841-2
Beli hiši	bel hiša	LOC	800-1
Biden	Biden	PER	800-3
Clintonova	Clintonov	PER	897-7
Bidna napaka	biden napaka	PRO	800-7
Bidnu	Bidn	PER	800-0
Cepiva	cepivo	PER	xxx
Brez	brez	PER	xxx
Trumpa	Trump	PER	841-1
republikanci	republikanec	ORG	991-0
Georgii	Georgia	LOC	867-1
senatu	senat	ORG	xxx
Mitch McConnell	Mitch Mcconnell	PER	933-3
Trumpovo	Trumpov	PER	841-0
Georgio	Georgia	LOC	867-1
ZDA	ZDA	LOC	1055-0
Trumpu	Trump	PER	841-1
Bidna	Bidn	PER	800-0
