sl-131
Marian Kočner	Marian Kočner	PER	932-5
Alena Zsuzsova	Alena Zsuzsov	PER	878-5
Slovaškem	Slovaško	LOC	817-4
Ružena Sabova	Ružena Sabova	PER	990-20
Kočnerja	Kočner	PER	1041-7
Jana Kuciaka	Jan Kuciako	PER	1014-4
Martine Kušnirove	Martina Kušnirov	PER	932-22
Velki Mači	velik Mača	LOC	1046-38
Zoltána Andruske	Zoltán Andruska	PER	1054-3
Zsuzsova	Zsuzsov	PER	1054-2
Tomaš Szab	Tomaš Szab	PER	839-2
Slovaško	Slovaška	LOC	817-16
Miroslav Marček	Miroslav Marček	PER	932-6
Szabom	Szab	ORG	817-6
Andruski	Andruski	PER	878-14
Kočnerju	Kočner	PER	1041-7
Zsuzsovi	Zsuzsov	PER	1054-2
Marčeku	Marček	PER	932-7
Kuciak	Kuciak	PER	1014-4
aktuality.sk	aktuality.sk	PRO	878-7
slovaški	slovaški	LOC	817-7
Ndrangheto	Ndrangheta	ORG	905-9
Ndrangheta	Ndrangheta	ORG	905-9
Italiji	Italija	LOC	888-32
slovaških	slovaški	LOC	xxx
Roberta Kalinaka	Robert Kalinak	PER	990-11
Roberta Fica	Robert Fic	PER	990-22
Kuciaka	Kuciako	PER	1041-27
Tomaša Szaba	Tomaš Szab	PER	839-2
Miroslavom Marčekom	Miroslav Marček	PER	932-6
Zoltana Andrusko	Zoltan Andruska	PER	1054-7
Andruska	Andruska	LOC	878-23
Szuszovo	Szuszov	PER	817-5
Kočnerjevega	Kočnerjev	PER	1041-7
Szaba	Szab	PER	817-6
Marčeka	Marček	PER	932-7
Marček	Marček	PER	932-7
Szabo	Szabo	PER	817-20
Kočnerjem	Kočner	PER	1041-7
Petra Totha	Peter Toth	PER	921-22
Kočnerjevih	Kočnerjev	PER	1041-7
slovaško sodišče	slovaški sodišče	LOC	817-7
