sl-101
ZDA	ZDA	LOC	1052-3
Joe Biden	Joe Biden	PER	1011-0
Majorjem	Major	PER	931-1
Kevin O'Connor	Kevin O'Connor	PER	1040-16
CT	CT	PRO	896-8
Biden Roberts	Biden Roberts	PER	794-4
republikanec	republikanec	PER	989-6
Donald Trump	Donald Trump	PER	962-3
NBC	NBC	ORG	904-1
Biden	Biden	PER	794-4
Champa	Champ	PER	896-3
Majorja	Major	PER	931-1
Belo hišo	bel hiša	LOC	795-0
Trumpov	Trumpov	ORG	834-0
Fox	Fox	PRO	980-2
FBI	FBI	ORG	980-3
Fox News	Fox News	ORG	980-2
Joeja Bidna	Joe Bidn	PER	1011-3
Arizoni	Arizona	LOC	877-20
Mario Bartiromo	Mario Bartiromo	PER	931-14
Ken Star	Ken Star	PER	1040-19
Trumpove	Trumpov	PER	834-0
