sl-32
ZDA	ZDA	LOC	1062-0
Joe Biden	Joe Biden	PER	1019-0
Zmage	zmaga	PER	xxx
Biden	Biden	PER	xxx
Američane	Američan	PER	885-3
Američanov	Američan	PER	885-3
Pensilvaniji	Pensilvanija	LOC	925-0
Georgii	Georgia	LOC	869-2
Arizoni	Arizona	LOC	885-4
Nevadi	Nevada	LOC	908-0
Trump	Trump	PER	856-0
Bidna	Bidn	PER	809-1
Donald Trump	Donald Trump	PER	971-0
Američanom	Američan	PER	885-3
Joe	Joe	PER	1019-0
Aljaski	Aljaska	LOC	885-0
Bidnova	Bidnov	PER	xxx
Trumpom	Trump	PER	856-0
Bidnu	Bidn	PER	809-1
Trumpa	Trump	PER	856-0
ameriškega vrhovnega sodišča	ameriški vrhoven sodišče	ORG	xxx
Samuel Alito republikancev	Samuel Alito republikanec	PER	821-21
konservativni	konservativen	PER	1044-1
Demokratski	demokratski	PER	xxx
demokrate	demokrat	PER	972-1
Michiganu	Michigan	LOC	938-0
Wisconsinu	Wisconsin	LOC	952-1
Bidnom	Bidn	LOC	809-1
Infografika	infografika	ORG	xxx
Mojca Gorjan	Mojca Gorjan	PER	938-10
Andreja Židanik	Andreja Židanik	PER	885-18
Utahu	Utah	ORG	1035-17
AP	AP	ORG	885-2
Utah	Utah	LOC	1035-5
RCP	RCP	ORG	995-9
Kalifornijo	Kalifornija	LOC	1044-0
Ballotpedia	Ballotpedio	ORG	809-4
