bg-1761
WEB MEDIA GROUP	Web media group	ORG	ORG-Web-Media-Group
Брекзит	Брекзит	EVT	EVT-Brexit
Брюксел	Брюксел	LOC	GPE-Brussles
Великобритания	Великобритания	LOC	GPE-Great-Britain
ЕС	ЕС	ORG	ORG-European-Union
Европейската агенция за авиационна безопасност	Европейска агенция за авиационна безопасност	ORG	ORG-EASA-European-Aviation-Safety-Agency
Европейската агенция по лекарствата	Европейска агенция по лекарствата	ORG	ORG-EMA-European-Medicines-Agency
Европейската агенция по химикалите	Европейска агенция по химикалите	ORG	ORG-European-Chemicals-Agency
Европейския съд	Европейски съд	ORG	ORG-European-Court-of-Justice
Европейският съд	Европейски съд	ORG	ORG-European-Court-of-Justice
Закона за авторското право и сродните му права	Закон за авторското право и сродните му права	PRO	PRO-Bulgarian-Copyright-and-Related-Rights-Act
Ирландия	Ирландия	LOC	GPE-Ireland
Канада	Канада	LOC	GPE-Canada
Лондон	Лондон	LOC	GPE-London
Мей	Мей	PER	PER-Theresa-May
Меншън хаус	Меншън хаус	LOC	LOC-Mansion-House
Норвегия	Норвегия	LOC	GPE-Norway
Обединеното кралство	Обединеното кралство	LOC	GPE-Great-Britain
Северна Ирландия	Северна Ирландия	LOC	GPE-Northern-Ireland
Тереза Мей	Тереза Мей	PER	PER-Theresa-May
Уеб Медия Груп	Уеб Медия Груп	ORG	ORG-Web-Media-Group
