bg-1111
Daily Express	Daily Express	PRO	PRO-Daily-Express
The Guardian	The Guardian	PRO	PRO-The-Guardian
The Times	The Times	PRO	PRO-The-Times
Аластър Бърт	Аластър Бърт	PER	PER-Alastair-Birt
Амбър Ръд	Амбър Ръд	PER	PER-Amber-Rudd
Борис Джонсън	Борис Джонсън	PER	PER-Boris-Johnson
Брекзит	Брекзит	EVT	EVT-Brexit
Великобритания	Великобритания	LOC	GPE-Great-Britain
Гавин Уилямсън	Гавин Уилямсън	PER	PER-Gavin-Williamson
Дейвид Дейвис	Дейвид Дейвис	PER	PER-David-Davis
Джина Хаспел	Джина Хаспел	PER	PER-Gina-Haspel
Джихада	Джихада	EVT	EVT-Jihad
Доналд Тръмп	Доналд Тръмп	PER	PER-Donald-Trump
ЕС	ЕС	ORG	ORG-European-Union
Европейския съюз	Европейски съюз	ORG	ORG-European-Union
Евросъюза	Евросъюз	ORG	ORG-European-Union
Израел	Израел	LOC	GPE-Israel
Източна Европа	Източна Европа	LOC	LOC-Eastern-Europe
Информационна агенция "Фокус"	Информационна агенция Фокус	ORG	ORG-Focus-News-Agency
Карън Брадли	Карън Брадли	PER	PER-Karen-Bradley
Лондон	Лондон	LOC	GPE-London
Майкъл Гоув	Майкъл Гоув	PER	PER-Michael-Gove
Нютон	Нютон	PER	PER-Isaac-Newton
Обединеното кралство	Обединеното кралство	LOC	GPE-Great-Britain
Палестина	Палестина	LOC	GPE-Palestine
Рая	Рай	LOC	LOC-Heaven
Северна Ирландия	Северна Ирландия	LOC	GPE-Northern-Ireland
Тайланд	Тайланд	LOC	GPE-Thailand
Тереза Мей	Тереза Мей	PER	PER-Theresa-May
Филип Хамънд	Филип Хамънд	PER	PER-Philip-Hammond
ЦРУ	ЦРУ	ORG	ORG-CIA-Central-Intelligence-Agency
Южна	Южна	LOC	LOC-Southern-Europe
