bg-1096
АФП	АФП	ORG	ORG-France-Presse
БТА	БТА	ORG	ORG-Bulgarian-News-Agency
Белфаст	Белфаст	LOC	GPE-Belfast
Брекзит	Брекзит	EVT	EVT-Brexit
Британците	британци	PER	GPE-Great-Britain
Брюксел	Брюксел	LOC	GPE-Brussles
Джейкъб Рийс-Мог	Джейкъб Рийс-Мог	PER	PER-Jacob-Rees-Mogg
Джереми Корбин	Джереми Корбин	PER	PER-Jeremy-Corbyn
ЕС	ЕС	ORG	ORG-European-Union
Европейския съюз	Европейски съюз	ORG	ORG-European-Union
Елиша Макалиън	Елиша Макалиън	PER	PER-Colin-Harvey
Ирландии	Ирландии	LOC	LOC-Irlends-countries
Ирландия	Ирландия	LOC	GPE-Ireland
Колин Харви	Колин Харви	PER	PER-Colin-Harvey
Консервативна партия	Консервативна партия	ORG	ORG-Conservative-and-Unionist-Party-UK
Куинс юнивърсити	Куинс юнивърсити	ORG	ORG-Queen's-university
Лейбъристка партия	Лейбъристка партия	ORG	ORG-Labour-Party-UK
Лондон	Лондон	LOC	GPE-London
Лондондери	Лондондери	LOC	GPE-Londonderry
Мей	Мей	PER	PER-Theresa-May
Обединеното кралство	Обединеното кралство	LOC	GPE-Great-Britain
Република Ирландия	Република Ирландия	LOC	GPE-Ireland
Северна Ирландия	Северна Ирландия	LOC	GPE-Northern-Ireland
Споразумението от Разпети петък	Споразумение от Разпети петък	PRO	PRO-GFA-Good-Friday-Agreement
Таймс	Таймс	PRO	PRO-The-Times
Тереза Мей	Тереза Мей	PER	PER-Theresa-May
Университета на кралицата	Университет на кралицата	ORG	ORG-Queen's-university
Шин Фейн	Шин Фейн	ORG	ORG-Sinn-Fein
Шотландия	Шотландия	LOC	GPE-Scotland
европейския митнически съюз	Европейски митнически съюз	ORG	ORG-European-Union-Customs-Union
северноирландци	северноирландци	PER	GPE-Northern-Ireland
северноирландците	северноирландци	PER	GPE-Northern-Ireland
