sl-169
Georgii	Georgia	LOC	867-1
Trump	Trump	PER	844-0
Georgia	Georgia	LOC	867-1
Joeja Bidna	Joe Bidn	PER	1015-6
republikanskemu	republikanski	ORG	xxx
ZDA	ZDA	LOC	1057-0
Donaldu Trumpu	Donald Trump	PER	966-1
Brad Raffensperger	Brad Raffensperger	PER	802-9
Biden	Biden	PER	802-0
Donald Trump	Donald Trump	PER	966-1
Belo hišo	bel hiša	LOC	802-2
Michigana	Michigan	LOC	934-0
Trumpovi Wayne	Trumpov Wayne	PER	845-0
Michiganu	Michigan	LOC	934-0
Detroit	Detroit	LOC	966-7
republikanska	republikanski	ORG	xxx
demokrata	demokrat	PER	966-5
Wayne	Wayne	LOC	951-0
državno volilno komisijo	državen volilen komisija	ORG	xxx
Wilmingtonu	Wilmington	LOC	951-1
Trumpovem	Trumpov	PER	845-0
republikancev	republikanec	PER	992-1
Trumpovo	Trumpov	PER	845-0
republikance	republikanec	PER	992-1
Svet	svet	LOC	xxx
Trumpove	Trumpov	PER	845-0
Rudyja Giulianija	Rudy Giuliani	PER	992-14
Giuliani	Giuliani	PER	867-3
Trumpov	Trumpov	PER	845-0
Rudy Giuliani	Rudy Giuliani	PER	992-5
Chris Krebs	Chris Krebs	PER	898-3
Giulianijeva	Giulianijev	PER	867-12
Tanzaniji	Tanzanija	LOC	845-1
Venezuele	Venezuela	LOC	1047-6
Kube	Kuba	LOC	1042-7
Kitajske	Kitajska	LOC	1042-0
My Cousin Vinny	my Cousin Vinny	MISC	934-9
Joe Pesci	Joe Pesci	PER	1015-10
Trumpovi	Trumpov	PER	845-0
Arizoni	Arizona	LOC	880-3
Novi Mehiki	nov Mehika	LOC	906-23
republikanskih	republikanski	PER	xxx
Marc Scaringi	Marc Scaringi	PER	934-33
Bidnu	Biden	PER	802-0
Bidnov	Bidnov	PER	802-8
Harvarda	Harvard	ORG	912-4
Nicholas Stephanopoulos	Nicholas Stephanopoulos	PER	906-24
