sl-10
Trump	Trump	PER	833-5
Amy Coney Barrett	Amy Coney Barrett	PER	877-0
Ruth Bader Ginsburg	Ruth Bader Ginsburg	PER	989-9
Belo hišo	bel hiša	LOC	794-5
republikanci	republikanec	PER	989-6
Bader Ginsburgove	Bader Ginsburgov	PER	794-6
vrhovnega sodišča	vrhoven sodišče	ORG	xxx
kongresno palačo	kongresen palača	LOC	xxx
Arlingtonu	Arlington	LOC	877-17
Judinjo	Judinja	PER	xxx
demokratov	demokrat	PER	962-4
Pensilvaniji	Pensilvanija	LOC	920-5
Joe Biden	Joe Biden	PER	1011-0
Američanov	Američan	PER	877-1
Trumpa	Trump	PER	833-3
republikancev	republikanec	ORG	989-14
ABC	ABC	ORG	877-14
Washington Posta	Washington post	ORG	950-12
republikancem	republikanec	ORG	989-6
Rassmussen	Rassmussen	MISC	989-19
Trumpovega	Trumpov	PER	833-21
Trumpovi	Trumpov	PER	833-4
»	»	PER	xxx
Trumpove	Trumpov	PER	833-17
Stuart Jolly	Stuart Jolly	PER	815-21
ZDA	ZDA	LOC	1052-3
Trumpova	Trumpov	PER	833-4
Elizabeth Neumann	Elizabeth Neumann	PER	997-11
Facebook	Facebook	MISC	980-11
Twitter	Twitter	MISC	833-1
