sl-162
republikanec	republikanec	PER	992-0
Joe Biden	Joe Biden	PER	1015-2
Donaldom Trumpom	Donald Trump	PER	966-1
Trumpova	Trumpov	PER	843-0
Trump	Trump	PER	843-0
demokratih	demokrat	ORG	966-5
demokratke	demokratka	PER	xxx
Hillary Clinton	Hillary Clinton	PER	912-1
Biden	Biden	PER	801-0
konservativne	konservativen	ORG	xxx
RealClear Politics	Realclear Politics	MISC	992-20
Bidnom	Bidn	PER	801-2
Clintonovo	Clintonov	PER	898-1
Hunterja Bidna	Hunter Bidn	PER	912-23
Ukrajini	Ukrajina	LOC	1034-5
Clintonove	Clintonov	PER	898-1
FBI	FBI	ORG	981-5
James Comey	James Comey	PER	1015-19
Trumpov	Trumpov	PER	843-0
Kalifornijo	Kalifornija	LOC	1042-4
Pensilvaniji	Pensilvanija	LOC	922-0
Wisconsinu	Wisconsin	LOC	950-2
Michiganu	Michigan	LOC	934-0
demokratov	demokrat	PER	966-6
Arizoni	Arizona	LOC	880-3
Georgii	Georgia	LOC	867-1
Iowi	Iowa	LOC	889-5
Severni Karolini	severen Karolina	LOC	818-1
Ohiu	Ohio	LOC	1005-3
Floridi	Florida	LOC	981-3
republikanski	republikanski	ORG	xxx
Teksasu	Teksas	LOC	843-5
Bidnove	Bidnov	PER	801-1
Clintonova	Clintonov	PER	898-1
republikancev	republikanec	PER	992-1
Trumpove	Trumpov	PER	843-0
Bidna	Bidn	PER	xxx
Temu	ta	PER	xxx
Američanov	Američan	PER	880-1
republikanskih	republikanski	ORG	xxx
demokrati	demokrat	PER	966-5
Trumpa	Trump	PER	844-0
demokrate	demokrat	ORG	966-5
