sl-151
Trump	Trump	PER	842-0
Donald Trump	Donald Trump	PER	965-1
vrhovno sodišče ZDA	vrhoven sodišče ZDA	ORG	1047-2
Ruth Bader Ginsburg	Ruth Bader Ginsburg	PER	991-16
ZDA	ZDA	LOC	1055-0
demokratov	demokrat	PER	965-0
vrhovnim sodiščem ZDA	vrhoven sodišče ZDA	ORG	1047-14
Vrhovno sodišče ZDA	vrhoven sodišče ZDA	ORG	1047-3
Floridi	Florida	LOC	981-3
republikancu	republikanec	PER	991-0
Georgu Bushu mlajšemu	Georg Bush mlad	PER	867-10
demokrat	demokrat	PER	965-0
Al Gore	Al Gore	PER	879-2
Busha	Bush	PER	800-15
Trump sodišče	Trump sodišče	LOC	842-0
konservativci	konservativec	PER	1042-27
Josepha Bidna	Joseph Bidn	PER	1014-1
Republikanci	Republikanec	PER	991-2
Antonina Scalie	Antonin Scalie	PER	879-1
Merricka Garlanda	Merrick Garland	PER	933-10
Bader Ginsburgove	Bader Ginsburgov	PER	800-13
