sl-13
Borussia Dortmund	Borussia Dortmund	ORG	798-5
Brugge	Brugge	ORG	798-18
Erling Haaland	Erling Haaland	PER	998-5
Herthi	Hertha	ORG	911-28
Norvežan	Norvežan	PER	905-23
Lucien Favre	Lucien Favre	PER	1050-1
Youssoufo Moukokoja	Youssoufa Moukoko	PER	xxx
Nurija Sahina	Nuri Sahin	PER	905-11
Borussii	Borussia	ORG	798-5
bundeslige	bundesliga	ORG	xxx
Dortmunda	Dortmund	ORG	964-6
Nemčiji	Nemčija	LOC	905-0
Senegalu	Senegal	LOC	817-3
Evropo	Evropa	LOC	998-1
St. Pauli	st. Paula	LOC	998-1
Borussie Dortmund	Borussia Dortmund	ORG	798-5
Bild konzulat	Bild konzulat	ORG	798-21
Moukoko	Moukoko	PER	932-4
Nike	Nike	ORG	905-17
nemški nogometni zvezi	nemški nogometen zveza	ORG	905-19
Moukokoja	Moukokoj	PER	932-4
Borussio	Borussia	ORG	798-5
BBC	BBC	ORG	798-22
Meikel Schonweitz	Meikel Schonweitz	PER	932-21
Favre	Favre	PER	980-8
