sl-153
Mediji	medij	LOC	933-25
Trumpova	Trumpov	PER	842-0
ZDA	ZDA	LOC	1055-0
Donalda Trumpa	Donald Trump	PER	965-1
republikanci	republikanec	ORG	991-0
Salon	Salon	MISC	818-25
Atlantic	Atlantic	MISC	879-7
demokrat	demokrat	PER	965-0
Joe Biden	Joe Biden	PER	1014-2
Trumpom	Trump	PER	842-0
Biden	Biden	PER	xxx
CNN	CNN	MISC	897-5
Trump	Trump	PER	842-0
konservativno sodišča ZDA	konservativen sodišče ZDA	ORG	1042-2
Floridi	Florida	LOC	981-3
republikancu	republikanec	PER	991-0
Georgeu Bushu mlajšemu	George Bush mlad	PER	867-7
Države	država	LOC	965-13
Trumpov	Trumpov	PER	842-0
republikanski stranki	republikanski stranka	ORG	991-10
Trumpove	Trumpov	PER	842-0
Republikanci	republikanec	PER	991-2
Arizoni	Arizona	LOC	879-3
Michiganu	Michigan	LOC	933-0
Pensilvaniji	Pensilvanija	LOC	922-0
Wisconsinu	Wisconsin	LOC	950-2
Severni Karolini	severen Karolina	LOC	818-1
republikanski	republikanski	ORG	991-1
Trumpove koronavirusa	Trumpov koronavirus	PER	842-0
Mike Pence	Mike Pence	PER	933-22
Revija Atlantic	revija Atlantic	MISC	xxx
Trumpovi	Trumpov	PER	842-0
Trumpa	Trump	PER	842-0
Thea McDonald	Theo McDonald	PER	842-2
Američanom	Američan	PER	880-1
Ustava	ustava	LOC	xxx
