sl-204
ZDA	ZDA	LOC	1059-0
CNN	CNN	ORG	899-7
Američani	Američan	LOC	882-1
republikance	republikanec	ORG	993-0
republikanec	republikanec	PER	993-0
Republikanci	Republikanec	PER	993-1
republikanske stranke	republikanski stranka	ORG	993-2
Donalda Trumpa	Donald Trump	PER	968-2
Trump	Trump	PER	850-0
New Yorku	New York	LOC	907-0
New York	New York	LOC	907-0
Alexandria Ocasio Cortez	Alexandria Ocasio Cortez	PER	882-10
Ameriki	Amerika	LOC	882-4
Floridi	Florida	LOC	982-3
demokratov	demokrat	PER	968-0
republikancev	republikanec	PER	993-0
Demokrati	demokrat	PER	968-1
republikanci	republikanec	PER	993-0
demokrati	demokrat	PER	969-0
Pensilvaniji	Pensilvanija	LOC	923-0
Severni Karolini	severen Karolina	LOC	820-2
AP	AP	ORG	882-12
Teksasu	Teksas	LOC	850-1
