sl-27
Amerika	Amerika	LOC	884-2
Donald Trump	Donald Trump	PER	971-0
Joe Biden	Joe Biden	PER	1019-0
Beli hiši	bel hiša	LOC	808-3
Američanov	Američan	PER	884-0
demokrati	demokrat	PER	971-2
Pensilvaniji	Pensilvanija	LOC	925-0
ZDA	ZDA	LOC	1061-0
demokratu	demokrat	PER	xxx
Joeju Bidnu	Joe Bidn	PER	1019-1
republikanca	republikanec	PER	995-3
Donalda Trumpa	Donald Trump	PER	971-0
Bidna	Bidn	PER	808-2
Michiganu	Michigan	LOC	937-0
Wisconsinu	Wisconsin	LOC	952-1
Minnesoti	Minnesota	LOC	937-5
Severni Karolini	severen Karolina	LOC	821-2
Georgii	Georgia	LOC	869-2
Floridi	Florida	LOC	983-4
Arizoni	Arizona	LOC	884-1
Teksasu	Teksas	LOC	855-2
Biden	Biden	PER	808-0
Hillary Clinton	Hillary Clinton	PER	913-0
Zlasti Trump	zlasti Trump	PER	xxx
Severno Karolino	severen Karolina	LOC	821-2
Pensilvanijo	Pensilvanija	LOC	925-0
Michigan	Michigan	LOC	937-0
Wisconsin	Wisconsin	LOC	952-1
Iowo	Iowa	LOC	890-11
Georgio	Georgia	LOC	869-2
Florido	Florida	LOC	983-4
Philadelphii	Philadelphia	LOC	925-1
Barack Obama	Barack Obama	PER	808-5
Bidnu	Bidn	PER	808-2
Bidnova	Bidnov	PER	808-1
demokratov	demokrat	PER	971-1
Trumpa	Trump	PER	855-1
Trump	Trump	PER	855-1
Belo hišo	bel hiša	LOC	808-3
republikanci	republikanec	ORG	995-1
zveznem vrhovnem sodišču sodišče na	zvezen vrhoven sodišče sodišče na	ORG	xxx
Alu Goru	Al Gore	PER	884-18
Georgea Busha mlajšega	George Bush mlad	PER	869-0
Trumpovi	Trumpov	PER	855-1
Bidnove	Bidnov	PER	808-4
Mehika	Mehika	LOC	937-3
