sl-210
Slovenijo	Slovenija	LOC	820-0
Biden	Biden	PER	806-0
Bogomil Ferfila	Bogomil Ferfila	PER	806-4
Američanih	Američan	PER	883-0
Ameriki	Amerika	LOC	883-2
Donald Trump	Donald Trump	PER	969-2
Josephu Bidnu	Joseph Bidn	PER	1018-2
Nevade	Nevada	LOC	907-3
Trump	Trump	PER	851-1
Bogomila Ferfilo	Bogomil Ferfila	PER	806-4
Katedre za analizo politik in javno upravo	Katedra za analiza politika in javen uprava	ORG	1043-19
Centra za politološke raziskave	center za politološki raziskava	ORG	899-19
Fakulteti za družbene vede Univerze v Ljubljani	fakulteta za družben veda univerza v Ljubljana	ORG	982-8
ZDA	ZDA	LOC	1059-0
Ferfila	Ferfila	PER	982-5
Trumpovo	Trumpov	PER	851-1
Busha	Bush	PER	806-3
Ala Gora	Ala Gora	PER	883-1
Florido	Florida	LOC	982-3
Trumpa	Trump	PER	851-1
Ferfile	Ferfila	PER	982-5
demokratov	demokrat	PER	969-0
vrhovno sodišče	vrhoven sodišče	ORG	xxx
Severni Karolini	severen Karolina	LOC	820-2
Družba	družba	LOC	xxx
Sloveniji	Slovenija	LOC	820-0
Amerike	Amerika	LOC	883-2
Sicer	sicer	PER	xxx
Ameriko	Amerika	LOC	883-2
Trumpu	Trump	PER	851-1
Janeza Janše	Janez Janša	PER	1018-5
Obama	Obama	PER	1006-2
