sl-227
Logar	Logar	PER	1051-5
Vrtovec	Vrtovec	PER	1051-5
ZDA	ZDA	LOC	1061-0
An탑e Logar	An탑e Logar	PER	884-24
Jernej Vrtovec	Jernej Vrtovec	PER	1019-11
Mikom Pompeom	Mika Pompe	PER	937-18
Washingtonu	Washington	LOC	952-0
Pompeom	Pompe	PER	924-0
State Departmentu	State Department	ORG	821-0
Miro Cerar	Miro Cerar	PER	937-25
Pompeo	Pompeo	PER	924-0
Sloveniji	Slovenija	LOC	821-1
Logarjem 5 G.	Logar 5 G.	PER	1051-1
MZZ	MZZ	ORG	937-12
Slovenijo	Slovenija	LOC	821-1
Natu	Nato	ORG	908-3
Amy Klobuchar	Amy Klobuchar	PER	884-6
Minnesote	Minnesota	LOC	937-5
Slovenije	Slovenija	LOC	821-1
STA	biti	ORG	821-8
Philip Reeker	Philip Reeker	PER	924-6
Logarja	Logar	PER	1051-5
Vrtovca	Vrtovec	PER	1051-5
Joe Biden	Joe Biden	PER	1019-0
Donald Trump	Donald Trump	PER	970-1
Tone Kajzer	Tone Kajzer	PER	854-4
Stanislava Vidovi훾a	Stanislav Vidovi훾	PER	821-15
