sl-32
TRUMP	Trump	PER	xxx
ZDA	ZDA	LOC	1062-0
Joe Biden	Joe Biden	PER	1019-0
Reuters	Reuters	ORG	995-4
Biden	Biden	PER	xxx
Američane	Američan	PER	885-3
Američanov	Američan	PER	885-3
Morda	morda	PER	938-18
Pensilvaniji	Pensilvanija	LOC	925-0
Georgii	Georgia	LOC	869-2
Arizoni	Arizona	LOC	885-4
Nevadi	Nevada	LOC	908-0
Trump	Trump	PER	856-0
Bidna	Bidn	PER	809-1
republikanski	republikanski	ORG	xxx
Donald Trump	Donald Trump	PER	971-0
Američanom	Američan	PER	885-3
Aljaski	Aljaska	LOC	885-0
Bidnova	Bidnov	PER	xxx
Trumpom	Trump	PER	856-0
Bidnu	Bidn	PER	809-1
Republikanska stranka	republikanski stranka	ORG	995-17
Trumpa	Trump	PER	856-0
ameriškega vrhovnega sodišča	ameriški vrhoven sodišče	ORG	xxx
Samuel Alito	Samuel Alito	PER	821-21
pensilvanskih republikancev	pensilvanski republikanec	PER	925-7
konservativni sodniki	konservativen sodnik	ORG	1044-1
Demokratski	demokratski	ORG	xxx
demokrate	demokrat	ORG	972-1
Michiganu	Michigan	LOC	938-0
Wisconsinu	Wisconsin	LOC	952-1
Bidnom	Bidn	PER	809-1
Mojca Gorjan	Mojca Gorjan	PER	938-10
Andreja Židanik	Andreja Židanik	PER	885-18
Utahu	Utah	LOC	1035-17
AP	AP	ORG	885-2
Utah	Utah	LOC	1035-5
RCP	RCP	ORG	995-9
Kalifornijo	Kalifornija	LOC	1044-0
Ballotpedia	Ballotpedio	MISC	809-4
