ru-142
Путина	Путин	PER	753-2
Байдена	Байден	PER	438-3
Вашингтоне	Вашингтон	LOC	699-2
России	Россия	LOC	603-0
США	США	LOC	487-0
Владимир Путин	Владимир Путин	PER	699-4
Джозеф Байден	Джозеф Байден	PER	553-2
Договора по дальнейшему сокращению и ограничению стратегических наступательных вооружений	Договор по дальнейший сокращение и ограничение стратегический наступательный вооружение	PRO	553-8
СНВ - 3	СНВ - 3	PRO	487-3
Кремля	Кремль	LOC	632-2
РФ	РФ	LOC	603-5
Белого дома	белый дом	LOC	438-0
Договора о стратегических наступательных вооружениях	Договор о стратегический наступательный вооружение	PRO	553-3
Кремле	Кремль	LOC	632-2
Байден	Байден	PER	438-2
Путин	Путин	PER	753-2
CNN	CNN	ORG	895-0
Вашингтоном	Вашингтон	LOC	699-22
Москвой	Москва	LOC	678-0
»	»	LOC	xxx
Джо Байден	Джо Байден	PER	553-1
Путину	Путин	PER	753-2
Украине	Украина	LOC	740-0
Национального управления телекоммуникаций и информации США	национальный управление телекоммуникация и информация США	ORG	771-14
Москве	Москва	LOC	678-0
Дженнифер Псаки	Дженнифер Псаки	PER	553-9
Путиным	Путин	PER	753-2
[Байдена	ХБайден	PER	xxx
Соединенные Штаты	Соединить Штат	LOC	487-10
New York Post	New York Post	ORG	903-8
NYP	NYP	ORG	903-16
Джо Байдена	Джо Байден	PER	553-1
МИД	МИД	ORG	678-8
Сергей Рябков	Сергей Рябков	PER	487-6
Москвы	Москва	LOC	678-0
Госдуму	Госдума	ORG	941-4
Москва	Москва	LOC	678-0
Вашингтон	Вашингтон	LOC	699-1
Россией	Россия	LOC	603-0
Центра исследований проблем безопасности РАН	Центр исследование проблема безопасность РАН	ORG	1026-0
Константин Блохин	Константин Блохин	PER	632-16
республиканцы	республиканец	PER	603-1
Дональдом Трампом	Дональд Трамп	PER	553-0
Украины	Украина	LOC	740-0
Северный поток — 2	Северный поток — 2	PRO	487-5
республиканцев	республиканец	PER	603-1
Блохин	Блохин	PER	438-4
Россию	Россия	LOC	603-0
Америка	Америка	LOC	721-2
Fox News	Fox News	PRO	978-1
[Путин]	[Путин]	PER	xxx
СНВ	СНВ	ORG	488-0
Дмитрий Медведев	Дмитрий Медведев	PER	553-13
Барак Обама	Барак Обама	PER	438-1
Политика Сегодня	политика сегодня	ORG	753-17
