ru-135
Байден	Байден	PER	437-3
Трампа	Трамп	PER	381-0
США	США	LOC	486-0
AP	AP	ORG	876-1
Колумбия	Колумбия	LOC	631-4
Конституции США	Конституция США	PRO	631-3
Вермонт	Вермонт	LOC	699-13
Джо Байдену	Джо Байден	PER	552-2
Камале Харрис	Камала Харрис	PER	631-1
Fox News	Fox News	PRO	978-1
Вашингтон	Вашингтон	LOC	699-1
Конгресса	Конгресс	ORG	631-0
Джорджии	Джорджия	LOC	552-6
Байдена	Байден	PER	437-2
Невады	Невада	LOC	770-15
Республиканская партия	республиканский партия	ORG	603-2
Байдену	Байден	PER	437-4
Аризоны	Аризона	LOC	721-1
Пенсильвании	Пенсильвания	LOC	753-0
Трампу	Трампа	PER	381-0
Трамп	Трамп	PER	381-0
У Трампа 229.	у Трамп 229.	PRO	740-7
Калифорнии	Калифорния	LOC	631-5
Орегоны	Орегона	LOC	658-8
Гавайев	Гавайев	LOC	941-0
Республиканской партии	республиканский партия	ORG	603-2
Гавайи	Гавайи	LOC	941-9
Верховного суда	верховный суд	ORG	699-24
Дональд Трамп.	Дональд Трампа	PER	552-3
Техаса	Техас	LOC	381-3
Верховный суд	верховный суд	ORG	699-0
Дональда Трампа	Дональд Трамп	PER	552-3
OBOZREVATEL	OBOZREVATEL	PRO	1004-4
Демократической партии	демократический партия	ORG	552-1
Джо Байдена	Джо Байден	PER	552-2
