ru-143
Трамп	Трамп	PER	382-0
Байдена	Байден	PER	438-3
США	США	LOC	488-1
республиканцы	республиканец	ORG	603-1
Дональд Трамп	Дональд Трамп	PER	553-0
Фреда Трампа	Фреда Трамп	PER	665-16
Нью-Йорке	Нью-Йорк	LOC	771-2
The Celebrity Apprentice	The Celebrity Apprentice	PRO	831-11
Forbes	Форбс	ORG	978-9
Трампа	Трамп	PER	382-0
России	Россия	LOC	603-0
Москвой	Москва	LOC	678-0
Китаем	Китай	LOC	632-3
ДРСМД	ДРСМД	ORG	553-7
Договора по открытому небу	Договор по открытый небо	PRO	553-4
Мелании Трамп	Мелания Трамп	PER	678-16
Словении	Словения	LOC	488-12
Майкл Пенс	Майкл Пенс	PER	678-20
Юридической школы Университета Индианы	юридический школа Университет Индиан	ORG	1022-17
палате представителей конгресса	палата представитель конгресс	ORG	753-10
Esquire	Esquire	PRO	997-30
Индианы	Индиан	LOC	782-1
Дональда Трампа	Дональд Трамп	PER	553-0
Джо Байден	Джо Байден	PER	553-1
Университет Делавэра	Университет Делавэр	ORG	740-11
Сиракузский университет	сиракузский университет	ORG	488-6
Делавэр	Делавэр	LOC	553-14
Персидском заливе	персидский залив	LOC	753-12
Ливию	Ливия	LOC	692-10
Ирак	Ирак	LOC	782-13
Бараке Обаме	Барак Обам	PER	438-1
Россией	Россия	LOC	603-0
Джилл Трейси Якобс	Джилл Трейси Якобс	PER	553-19
Нелия	Нелия	PER	771-24
Наоми	Наоми	PER	771-18
Хантер	Хантер	PER	591-2
Эшли	Эшли	PER	1066-15
Камала Харрис	камал Харрис	PER	632-11
Калифорнии	Калифорния	LOC	632-4
Ямайки	Ямайки	LOC	xxx
Индии	Индия	LOC	782-25
Сан-Франциско	Сан-Франциско	LOC	488-7
COVID - 19	COVID - 19	PRO	895-2
Brookings Institution	Brookings Institution	ORG	793-16
Алабаму Нью-Гэмпшир	Алабам Нью-Гэмпшир	LOC	721-10
Байден	Байден	PER	438-2
коронавируса	коронавирус	EVT	632-18
Китай	Китай	LOC	632-3
Ближнем Востоке	ближний Восток	LOC	438-5
Европе	Европа	LOC	734-6
НАТО	НАТО	ORG	771-12
Nord Stream - 2	Nord Stream - 2	ORG	903-12
СНВ 3	СНВ 3	ORG	488-0
Россию	Россия	LOC	603-0
Алексея Навального	Алексей Навальный	PER	721-5
Москвы	Москва	LOC	678-0
Талибан	Талибан	ORG	383-2
За Трампа	за Трамп	PER	860-29
NPR	NPR	PRO	903-9
Center for responsive politics	Center for responsive politics	ORG	895-17
Real Clear Polls	Real Clear Polls	PRO	988-8
Федеральная избирательная комиссия США	федеральный избирательный комиссия США	ORG	665-6
Калифорния	Калифорния	LOC	632-4
Техасе	Техас	LOC	383-0
Флориде	Флорида	LOC	665-2
демократов	демократ	PER	553-6
Госдепа	Госдеп	ORG	941-5
Колина Пауэлла	Колин Пауэлл	PER	632-13
Вермонта	Вермонт	LOC	699-14
Берни Сандерса	Берни Сандерс	PER	438-6
Мэн	Мэн	PER	678-1
Небраска	Небраска	LOC	771-3
Небраске	Небраск	LOC	771-3
Федеральный округ Колумбия	федеральный округ Колумбия	LOC	665-17
Reuters	Reuters	ORG	988-5
