ru-123
Трампа»	Трампа	PER	379-0
ФБР	ФБР	ORG	665-3
американские выборы 2020 года	американский выборы 2020 год	EVT	720-9
Агентство кибербезопасности и инфраструктурной безопасности	Агентство кибербезопасность и инфраструктурный безопасность	ORG	720-5
CISA	CISA	ORG	894-6
США	США	LOC	484-0
России	Россия	LOC	601-3
президентские выборы 2020 года	президентский выборы 2020 год	EVT	751-14
Дональду Трампу	Дональд Трампа	PER	549-4
Мадисон	Мадисон	LOC	677-9
Федеральное бюро расследований	федеральный бюро расследование	ORG	665-5
Агентство по кибербезопасности и обеспечению защиты инфраструктуры	Агентство по кибербезопасность и обеспечение защита инфраструктура	ORG	720-6
Дональд Трамп	Дональд Трамп	PER	549-4
республиканцев	республиканец	PER	601-0
демократов.	демократов	PER	549-14
Республиканской партии	республиканский партия	ORG	601-1
Министерства внутренней безопасности	Министерство внутренний безопасность	ORG	677-17
МВБ США	МВБ США	ORG	677-14
Чед Вулф	Чед Вулф	PER	778-2
Axios	Axios	ORG	875-17
Вашингтон	Вашингтон	LOC	698-0
Россию	Россия	LOC	601-3
Москва	Москва	LOC	677-0
РФ	РФ	LOC	601-2
Хиллари Клинтон	Хиллари Клинтон	PER	591-0
Атлантического	атлантический	ORG	720-13
Дональда Трампа	Дональд Трамп	PER	549-4
Роберт О'Брайен	Роберт О'Брайен	PER	601-4
СBS	СBS	PRO	484-8
Национального центра контрразведки и безопасности США	национальный центр контрразведка и безопасность США	ORG	770-10
Уильям Эванина	Уильям Эванин	PER	740-9
Демпартии	Демпартия	ORG	549-7
Джо Байдена	Джо Байден	PER	549-5
Джо Байден	Джо Байден	PER	549-5
Нацразведки США	Нацразведка США	ORG	770-24
Эванина	Эванин	PER	1066-16
Кремлём	Кремль	LOC	629-10
Трампа	Трамп	PER	379-0
палаты представителей США	палата представитель США	ORG	751-6
Нэнси Пелоси палаты	Нэнси Пелось палата	PER	770-1
Адама Шиффа	Адам Шифф	PER	720-17
Россия	Россия	LOC	601-3
Кремль	Кремль	LOC	629-10
Национальной разведки США	национальный разведка США	ORG	770-21
Владимир Путин	Владимир Путин	PER	698-3
Дмитрий Песков	Дмитрий Песков	PER	550-13
Соединённых Штатах	соединить Штат	LOC	484-1
Малека Дудакова	Малека Дудаков	PER	677-5
правительством	правительство	ORG	752-18
Соединённых Штатах »	соединить Штат »	LOC	484-1
Центра исследования проблем безопасности РАН	Центр исследование проблема безопасность РАН	ORG	1026-0
Константин Блохин	Константин Блохин	PER	629-11
Республиканцы	республиканец	PER	601-0
Москвы	Москва	LOC	677-0
Республиканскую партию	республиканский партия	ORG	601-1
демократов	демократ	PER	550-3
Блохин	Блохин	PER	436-1
Москву	Москва	LOC	677-0
Трамп	Трамп	PER	379-0
Блохина	Блохин	PER	436-12
Федерального бюро расследований	федеральный бюро расследование	ORG	665-5
Агентства кибербезопасности и инфраструктурной безопасности	Агентство кибербезопасность и инфраструктурный безопасность	ORG	721-0
Белого дома	белый дом	LOC	436-2
Агентство кибербезопасности	Агентство кибербезопасность	ORG	721-0
Федеральном бюро расследований	федеральный бюро расследование	ORG	665-5
русские	русский	LOC	602-0
Малек Дудаков	Малек Дудаков	PER	677-5
Трампу	Трампа	PER	379-0
Атлантический	атлантический	ORG	721-12
Atlantic council of the United States	Atlantic council of the United States	ORG	875-19
Генеральной прокуратуры	генеральный прокуратура	ORG	940-14
rt.com	rt.com	PRO	988-0
Роскомнадзором	Роскомнадзор	ORG	602-18
Симоньян М. С.	Симоньян М. С.	PER	484-9
Боровая улица	боровой улица	LOC	436-5
