ru-155
Associated Press	Associated Press	ORG	876-2
Украины	Украина	LOC	740-0
США	США	LOC	489-0
Трамп	трамп	PER	385-0
УНИАН	УНИАН	ORG	740-10
Дональда Трампа	Дональд Трамп	PER	555-6
Сенате	Сенат	ORG	489-4
Украина	Украина	LOC	740-0
Киев	Киев	LOC	633-5
России	Россия	LOC	605-1
Украине	Украина	LOC	740-0
Wilson Center	Wilson Center	ORG	949-12
Нина Янкович	Нина Янкович	PER	771-22
Трампа	Трамп	PER	385-0
Владимир Путин	Владимир Путин	PER	700-18
Россия	Россия	LOC	605-1
Демократической партии	демократический партия	ORG	555-8
Пол Манафорт	Пол Манафорт	PER	754-7
ФБР	ФБР	ORG	666-0
Рик Гейтс	Рик Гейтс	PER	605-4
Роджер Стоун	Роджер Стоун	PER	605-9
Twitter	Twitter	PRO	831-1
Хиллари	Хиллари	PER	591-1
демократов	демократ	PER	555-9
Хиллари Клинтон	Хиллари Клинтон	PER	591-0
Трампу	Трампа	PER	385-0
Роберт Мюллер	Роберт Мюллер	PER	605-10
Стоуна	Стоун	PER	490-5
Клинтон	Клинтон	PER	633-6
Financial Times	Financial Times	PRO	978-3
Сергея Лещенко	Сергей Лещенко	PER	490-3
Манафорт	Манафорт	PRO	679-9
Лещенко	Лещенко	PER	692-25
Джон Кеннеди	Джон Кеннеди	PER	555-10
Путин	Путин	PER	754-2
украинское	украинский	LOC	741-1
AP	AP	ORG	876-1
CrowdStrike	CrowdStrike	ORG	895-4
Украиной	Украина	LOC	741-0
Трамп.	Трампа	PER	385-0
Калифорнии	Калифорния	LOC	633-7
Джордж Курц	Джордж Курц	PER	555-12
Дмитрий Алперович	Дмитрий Алперович	PER	555-14
Владимиру Зеленскому	Владимир Зеленский	PER	700-26
Трамп Конгресса	Трамп Конгресс	PER	385-4
Республиканской партии	республиканский партия	ORG	605-8
Руди Джулиани	Руди Джулиани	PER	605-5
Европу	Европа	LOC	735-0
Фиона Хилл	Фион Хилл	PER	666-13
Белом доме	белый дом	LOC	440-3
Конгрессу	Конгресс	ORG	633-0
Украину	Украина	LOC	741-0
Хилл.	Хилл.	PER	591-10
