ru-140
Америке	Америка	LOC	721-2
Конгресс	Конгресс	ORG	632-0
Живом журнале	живой журнал	PRO	1025-2
Чикагского университета	Чикагский университет	ORG	778-1
Константин Сонин.	Константин Сонин.	PER	632-7
Трамп	Трамп	PER	382-0
Палате представителей	Палата представитель	ORG	753-1
Fivethirtyeight.com	Fivethirtabight.t.m	PRO	978-6
Сook Political Report	Сook Political Report	PRO	487-7
NYT	NYT	PRO	903-5
CNN Forecast	CNN Forecast	PRO	895-1
Харри Энтен	Харри Энтен	PER	591-7
RealClearPolitics	RealClearPolitics	ORG	988-4
Fox News	Fox News	PRO	978-1
MSNBC	MSNBC	PRO	930-6
Vox	Vox	ORG	1046-3
Fivethirtyeight	Fivethirtyeight	PRO	978-6
Хиллари	Хиллари	PER	591-1
Трампа	Трамп	PER	382-0
Клинтон	Клинтон	PER	632-1
демократы	демократ	PER	553-15
республиканцев	республиканец	PER	603-1
Politico	Politico	PRO	919-8
Сенате	Сенат	ORG	487-1
Демократы	демократ	ORG	553-5
Обамой	Обама	PER	658-1
палате	палата	ORG	753-9
США	США	LOC	487-0
палаты Конгресса	палата Конгресс	ORG	753-4
Сенат	Сенат	ORG	487-1
