ru-111
Трампа	Трамп	PER	377-0
США	США	LOC	481-0
КНР	КНР	LOC	628-1
Соединённые Штаты	соединенный Штат	LOC	481-1
Китая	Китай	LOC	628-0
Дональд Трамп	Дональд Трамп	PER	548-0
Пенсильвании	Пенсильвания	LOC	751-3
Белого дома	белый дом	LOC	434-1
Америке	Америка	LOC	720-0
Америку	Америка	LOC	720-0
Трамп	Трамп	PER	377-0
Мидлтауне	Мидлтаун	LOC	676-6
Пенсильвания	Пенсильвание	LOC	751-3
Всемирную торговую организацию	всемирный торговый организация	ORG	697-22
ВТО	ВТО	ORG	697-17
Трамп.	Трампа	PER	377-0
Пекин.	Пекин	LOC	751-4
Соединённых Штатов	соединить Штат	LOC	481-2
Fox News	Fox News	PRO	978-1
Соединённым Штатам	соединить Штат	LOC	481-2
Пекином	Пекин	LOC	751-4
Дональда Трампа	Дональд Трамп	PER	548-0
Китай	Китай	LOC	628-0
Хьюстоне	Хьюстон	LOC	590-14
Белый дом	белый дом	LOC	435-0
Джо Байдена	Джо Байден	PER	548-2
Пекина	Пекин	LOC	751-4
Демпартии	Демпартия	ORG	548-3
Республиканской партии	республиканский партия	ORG	599-1
Вашингтоном	Вашингтон	LOC	697-4
Пекину	Пекин	LOC	751-4
RT	RT	ORG	987-3
Института США и Канады РАН	Институт США и Канада РАН	ORG	781-8
Владимир Васильев	Владимир Васильев	PER	697-5
Вашингтона	Вашингтон	LOC	697-6
Государственного совета КНР	государственный совет КНР	ORG	940-4
Лю Хэ.	Лю Хэ.	PER	691-7
Лю Хэ	Лю Хэ	PER	691-7
Пекин	Пекин	LOC	751-4
Вашингтоне	Вашингтон	LOC	697-1
Китаем	Китай	LOC	628-0
Bloomberg	Bloomberg	ORG	793-3
Foxconn Technology Group	Foxconn Technology Group	ORG	978-8
Apple	Эппл	ORG	875-5
Reuters	Reuters	ORG	987-2
Tesla	Tesla	ORG	831-3
Ford Motors	Форд Motors	ORG	978-11
Target Corp	Target Corp	ORG	831-10
Ralph Lauren	Ralph Lauren	ORG	987-6
Марк Эспер	Марк Эспер	PER	676-15
Россия	Россия	LOC	599-0
Васильев	Васильев	PER	697-0
Института Дальнего Востока РАН	Институт дальний Восток РАН	ORG	781-10
Алексей Маслов	Алексей Маслов	PER	720-3
Индию	Индия	LOC	781-25
Бразилию	Бразилий	LOC	435-7
Аргентину	Аргентина	LOC	720-18
Маслов	Маслов	PER	676-10
rt.com	rt.com	PRO	987-4
Роскомнадзором	Роскомнадзор	ORG	599-5
Симоньян М. С.	Симоньян М. С.	PER	481-5
Москва	Москва	LOC	676-1
Боровая улица	боровой улица	LOC	435-8
