ru-197
Трамп	Трамп	PER	394-0
Байден	Байден	PER	445-1
США	США	LOC	499-0
pkrasotkin	pkrasotkin	PRO	919-16
Америке	Америка	LOC	725-0
Джо Байден	Джо Байден	PER	563-1
Дональд Трамп.	Дональд Трампа	PER	563-2
Мэна	Мэна	LOC	683-15
Небраски	Небраска	LOC	772-6
Трампа	Трамп	PER	394-0
Байдена	Байден	PER	445-2
демократа	демократ	ORG	563-13
Аляски	Аляски	LOC	725-1
Невады	Невада	LOC	772-3
Гаваий	Гаваий	LOC	942-14
Калифорнию	Калифорний	LOC	639-3
Техас Байдена	Техас Байден	LOC	394-3
Белый Дом	белый Дом	LOC	445-8
Висконсин	Висконсин	LOC	703-10
Мичиган	Мичиган	LOC	683-2
Пенсильвания	Пенсильвание	LOC	757-2
Аризона	Аризон	LOC	725-2
Флорида	Флорида	LOC	667-1
Северная Каролина	Северный Каролин	LOC	499-4
Аризону	Аризон	ORG	725-2
Аляске	Аляска	LOC	725-1
Невада	Невада	LOC	772-9
Техаса	Техас	LOC	394-1
Джорджия	Джорджия	PER	563-3
Винсконсин	Винсконсин	PER	703-28
Трампу	Трампа	PER	394-0
Мэн	Мэн	LOC	683-3
Небраска	Небраска	LOC	772-6
Трампом	Трамп	PER	394-0
демократов	демократ	PER	563-0
