ru-191
Google	Гугл	ORG	865-3
Facebook	Фейсбук	PRO	979-3
Twitter	Twitter	PRO	831-1
США	США	LOC	497-0
Конгресс США	Конгресс США	ORG	638-4
России	Россия	LOC	608-1
Конгресс	Конгресс	ORG	638-4
Россия	Россия	LOC	608-1
Конгрессе	Конгресс	ORG	638-4
Дональд Трамп	Дональд Трамп	PER	561-0
Хиллари Клинтон	Хиллари Клинтон	PER	592-0
Obamacare	Obamacare	ORG	1004-5
РФ	РФ	LOC	608-4
Владимир Путин	Владимир Путин	PER	703-7
Трампа	Трамп	PER	392-0
Клинтон	Клинтон	EVT	638-6
Москва	Москва	LOC	682-16
ИГ1	ИГ1	PRO	782-32
Верховного суда РФ	верховный суд РФ	ORG	703-27
Трамп	Трамп	PER	392-0
Россией	Россия	LOC	608-1
Конгресса США	Конгресс США	ORG	638-4
Алексея Навального	Алексей Навальный	PER	724-1
ИМЭМО РАН	ИМЭМО РАН	ORG	782-11
Виктория Журавлева	Виктория Журавлев	PER	703-26
ФБА Экономика	ФБА Экономика	ORG	667-11
Соединенных Штатах	соединить Штат	LOC	497-1
Журавлева	Журавлев	PER	1025-0
Виктории Юрьевны	Виктория Юрьевна	PER	703-20
Вашингтона	Вашингтон	LOC	703-1
Соединенных Штатов	соединить Штат	LOC	497-1
Госдумы РФ	Госдума РФ	ORG	942-17
Вячеслав Володин вокально-инструментального	Вячеслав Володин вокально-инструментальный	PER	703-22
ВИА	ВИА	ORG	703-17
Песняры	песняр	ORG	756-14
Украину	Украина	LOC	743-0
Крыма	Крым	LOC	638-7
Украины	Украина	LOC	743-0
Владимир Зеленский	Владимир Зеленский	PER	703-24
Джо Байден	Джо Байден	PER	561-1
НАТО.	НАТО.	ORG	772-7
Ингушетии	Ингушетия	LOC	782-3
Имарат Кавказ	Имарат Кавказ	ORG	782-4
Ростислав Ищенко	Ростислав Ищенко	PER	608-9
референдума	референдум	EVT	608-8
Сергей Цеков	Сергей Цеков	PER	498-12
Газпром -	Газпром -	ORG	942-10
медиа	медиа	ORG	682-19
Триколором	Триколор	ORG	392-2
Волжского	волжский	LOC	703-29
Марин Афанасьева	Марин Афанасьев	PER	682-23
Владимир Ашурков	Владимир Ашурков	PER	703-12
ФСБ	ФСБ	ORG	667-20
министерство инвестиций , промышленности и науки Московской области	министерство инвестиция , промышленность и наука московский область	ORG	682-8
Tesla	Tesla	ORG	832-12
SpaceХ	SpaceХ	ORG	815-2
Илон Маск	Илон Маск	PER	783-11
Neuralink	Neuralink	ORG	904-0
ФБА	ФБА	ORG	667-8
Института отраслевого менеджмента РАНХиГС	Институт отраслевой менеджмент РАНХиГС	ORG	783-14
Борис Пивовар	Борис Пивовар	PER	444-6
rueconomics.ru	rueconomics.ru	PRO	988-3
Экономика сегодня	экономика сегодня	PRO	1067-3
Федеральной службе по надзору в сфере связи , информационных технологий и массовых коммуникаций	федеральный служба по надзор в сфера связь , информационный технология и массовый коммуникация	ORG	667-2
ЭЛ	ЭЛ	PRO	1067-4
18+	18+	PRO	xxx
