ru-109
Трампа	Трамп	PER	376-0
Конгресс	Конгресс	ORG	627-1
демократам	демократ	PER	547-1
Палату представителей	Палата представитель	ORG	750-0
Демократической партии	демократический партия	ORG	547-0
США	США	LOC	480-1
Сенат	Сенат	ORG	480-2
Стивен Коллинсон	Стивен Коллинсон	PER	480-6
Stephen Collinson	Stephen Collinson	PER	815-23
Си-эн-эн»	Си-эн-Эн	PRO	480-17
Палате представителей	Палата представитель	ORG	750-0
Дональда Трампа	Дональд Трамп	PER	547-2
Вашингтоне	Вашингтон	LOC	697-1
Палате представителей демократы	Палата представитель демократ	ORG	750-5
Трамп	Трамп	PER	376-0
Коллинсон	Коллинсон	PER	627-8
Вашингтон пост	Вашингтон пост	LOC	697-11
Эми Гарднер	Эмя Гарднер	PER	1066-10
Amy Gardner )	Amy Gardner )	PER	875-13
Бет Рейнард	Бет Рейнард	PER	434-10
Beth Reinhard )	Beth Reinhard )	PER	793-11
Нью-Йорка	Нью-Йорк	LOC	770-2
Калифорнии	Калифорния	LOC	627-0
Атланты	Атланта	LOC	719-9
Гвиннетт	Гвиннетт	LOC	940-18
афроамериканцами	афроамериканец	PER	719-15
Земли	Земля	LOC	860-35
Америку	Америка	LOC	719-4
Демократической партии »	демократический партия »	ORG	547-0
Трампу	Трампа	PER	376-0
Палаты представителей	Палата представитель	ORG	750-0
Америка	Америка	LOC	719-4
Дэниэл Депетрис	Дэниэл Депетрис	PER	547-11
Daniel Depetris	Daniel Depetris	PER	961-8
Америкэн консерватив	Америкэн консерватив	ORG	720-11
Сенате	Сенат	ORG	480-2
Депетрис	Депетрис	PER	547-5
Палата представителей	Палата представитель	ORG	750-0
Республиканский сенат	республиканский сенат	ORG	599-8
Белого дома	белый дом	LOC	434-1
Трампа Окасио-Кортес	Трамп Окасио-Кортес	PER	376-2
Бронксе	Бронкс	LOC	434-7
Квинсе	Квинс	LOC	627-21
Нэнси Пелоси	Нэнси Пелось	PER	770-1
Сан-Франциско	Сан-Франциско	LOC	480-9
—	—	PER	xxx
Демократы	демократ	PER	547-6
Палату представителей Нью-Йорк таймс	Палата представитель Нью-Йорк таймс	ORG	750-7
Трампом	Трамп	PER	376-0
Уолл-Стрит джорнэл	Уолл-Стрит джорнэл	ORG	739-9
Дженет Хук	Дженет Хук	PER	547-14
Janet Hook )	Janet Hook )	PER	1011-17
Республиканцы	республиканец	PER	599-3
Форин полиси»	Форин полиси»	PRO	664-8
Майкл Хирш	Майкл Хирш	PER	676-21
Michael Hirsch	Michael Hirsch	PER	930-3
Хирша	Хирша	PER	590-24
Россией	Россия	LOC	599-0
Саудовской Аравии	Саудовский Аравия	LOC	480-3
Йемене	Йемен	LOC	1021-1
РСМД	РСМД	ORG	599-10
СНВ	СНВ	ORG	480-11
Путину»	Путину	PER	750-3
Хирш.	Хирш.	PER	590-11
России	Россия	LOC	599-0
Владимир Путин	Владимир Путин	PER	697-3
Си Цзиньпин	Си Цзиньпин	PER	480-4
Иран	Иран	LOC	781-0
Дэвид Грэм	Дэвид Грэм	PER	547-13
David Graham	David Graham	PER	961-11
Атлантик	Атлантик	PRO	720-2
Дональду Трампу	Дональд Трампа	PER	547-2
Белом доме	белый дом	LOC	434-1
Грэм	Грэм	PER	940-1
республиканцев	республиканец	PER	599-3
Барака Обамы	Барак Обама	PER	434-3
Грэм.	Грэм.	PER	940-1
Блумберга	Блумберг	ORG	434-11
Хэл Брэндс	Хэл Брэндс	PER	590-13
Hal Brands	Hal Brands	PER	910-14
демократов	демократ	PER	547-3
Ираном	Иран	LOC	781-14
Парижскому соглашению	парижский соглашение	PRO	750-6
Россию	Россия	LOC	599-0
Брэндс	Брэндс	PER	434-12
Москвой	Москва	LOC	676-1
Саудовской Аравией	Саудовский Аравия	LOC	480-3
саудовским	саудовский	LOC	480-14
Пентагона	Пентагон	PER	750-12
Сирии	Сирия	LOC	480-13
Исси Лаповски (	Исси Лаповский (	PER	781-24
Issie Lapowsky	Issie Lapowsky	PER	888-12
Уайерд»	Уайерд»	PRO	739-24
Wired	Wired	PRO	949-11
демократами	демократ	PER	547-10
республиканцами	республиканец	PER	599-3
Капитолийском холме	Капитолийский холм	LOC	627-2
федеральный о приватности	федеральный о приватность	PRO	664-10
Россия	Россия	LOC	599-0
Фейсбуку	Фейсбук	PRO	664-23
Гуглу	Гугла	PRO	940-15
Твиттеру	Твиттер	PRO	376-3
Правилам	правило	PRO	751-9
Пабло	Пабло	PER	751-1
Педро	Педро	PER	751-15
РАБОТУ	работа	PRO	599-14
Джона	Джон	PER	547-17
Билла	Билла	PER	434-9
Spax	Spax	EVT	815-12
Сомали	Сомали	LOC	480-10
Джон	Джон	PER	547-7
Небраски	Небраска	LOC	770-4
Стену	Стена	PER	480-12
Путина	Путин	PER	751-2
ДА	да	ORG	547-15
Китая	Китай	LOC	627-3
Украине	Украина	LOC	740-0
paxamericana	paxamericana	PRO	919-19
Хазин	Хазин	PER	590-25
либерастов	либераст	PER	691-21
РИА Новости	РИА Новость	ORG	599-15
Российской Федерации	российский Федерация	LOC	599-4
