ru-11
CNN	CNN	ORG	894-0
Байден	Байден	PER	434-0
Трампом	Трамп	PER	377-0
Джо Байден	Джо Байден	PER	547-4
Дональд Трамп	Дональд Трамп	PER	547-2
Теннесси	Теннесси	LOC	377-1
Jim	Jim	PER	1011-4
Bourg/AP	Bourg/AP	ORG	793-18
Нэшвилле	Нэшвилле	LOC	770-5
Трамп	Трамп	PER	377-0
России	Россия	LOC	599-0
Дональду Трампу	Дональд Трампа	PER	547-2
Демпартии	Демпартия	ORG	547-12
Джо Байдена	Джо Байден	PER	547-4
Трампа	Трамп	PER	377-0
США	США	LOC	480-1
Белый дом	белый дом	LOC	434-1
Байдена	Байден	PER	434-2
демократ	демократ	PER	547-8
демократ.	демократ	PER	547-8
коронавируса	коронавирус	EVT	627-5
Джо	Джо	PER	547-9
Трамп.	Трампа	PER	377-0
Пасхе	Пасха	PER	751-11
Байден.	Байден	PER	434-0
Рука Кремля»	рука Кремля	EVT	599-6
Кремля»	Кремля	LOC	627-13
Москва	Москва	LOC	676-1
Украины	Украина	LOC	740-0
Китаем	Китай	LOC	627-3
Белого дома	белый дом	LOC	434-1
Москве	Москва	LOC	676-1
Владимира] Путина	Владимира] Путин	PER	697-27
Москвы	Москва	LOC	676-1
Юрием Лужковым	Юрием Лужков	PER	1022-11
Еленой Батуриной	Елена Батурина	PER	734-10
Батуриной	Батурина	PER	434-4
Путину	Путин	PER	751-2
Россия	Россия	LOC	599-0
Россию	Россия	LOC	599-0
Иран	Иран	LOC	781-0
Китай	Китай	LOC	627-3
Северной Корее	Северный Корея	LOC	480-0
Ким Чен Ыну	Ким Чен !на	PER	627-6
КНДР	КНДР	LOC	627-7
Северную Корею	Северный Корея	LOC	480-0
Ким Чен Ыном	Ким Чен Ыном	PER	627-6
Барак Обама	Барак Обама	PER	434-3
Германии	Германия	LOC	940-32
Адольфом Гитлером	Адольф Гитлер	PER	720-14
Вторую мировую войну	второй мировой война	EVT	697-9
Китае	Китай	LOC	628-0
КНР	КНР	LOC	628-1
Хантер Байден	Хантер Байден	PER	590-15
Украине	Украина	LOC	740-0
[Трамп]	[Трамп]	PER	xxx
Bloomberg	Bloomberg	ORG	793-3
Техас	Техас	LOC	377-2
Пенсильвания	Пенсильвание	LOC	751-3
Оклахома	Оклахом	LOC	657-22
Огайо	Огайо	LOC	657-5
Байдену	Байден	PER	434-8
демократа	демократ	ORG	548-10
Байденом	Байден	PER	434-6
YouGov	YouGov	ORG	xxx
