ru-192
конгресс	конгресс	ORG	638-4
США	США	LOC	498-0
Капитолийский холм	капитолийский холм	LOC	638-1
конгресса	конгресс	ORG	638-4
Рашида Тлаиб	Рашид Тлаиб	PER	608-5
Ильхан Омар	Ильхан Омар	PER	783-0
Демократической партии	демократический партия	ORG	561-3
Дональда Трампа	Дональд Трамп	PER	561-0
палату представителей	палата представитель	ORG	756-2
Тлаиб	Тлаиб	PER	392-3
Омар	Омар	PER	659-3
Мичиган	Мичиган	LOC	682-0
Миннесота	Миннесот	LOC	682-3
Дональдом Трампом	Дональд Трамп	PER	561-0
таможенную полицию США	таможенный полиция США	ORG	392-4
ICE	ICE	ORG	888-33
Миннесоте	Миннесота	LOC	682-3
Вашингтон	Вашингтон	LOC	703-6
Сомали	Сомали	LOC	498-1
хиджабе	хиджаб	LOC	592-7
Кении	Кения	LOC	638-11
Миннеаполис	Миннеаполис	LOC	682-14
Elle	Elle	PRO	997-16
демократами	демократ	PER	561-4
Конгрессе США	Конгресс США	ORG	638-4
Конгресс	Конгресс	ORG	638-4
Рашидой Тлаиб	Рашидай Тлаиб	PER	608-6
Конгрессе	Конгресс	ORG	638-4
Getty Images	Getty Images	PRO	865-0
палате Миннесота	палата Миннесот	ORG	756-21
Кита Эллисона	Кита Эллисон	PER	638-17
Андрэ Карсон	Андрэ Карсон	PER	724-13
Индиана	Индиан	LOC	783-1
Детройта	Детройт	LOC	561-17
палате	палата	ORG	756-6
палате представителей Мичигана	палата представитель Мичиган	ORG	756-3
Трампа	Трамп	PER	392-0
Детройте	Детройт	LOC	561-24
Трампом	Трамп	PER	392-0
Белый дом	белый дом	LOC	444-2
Ирана	Иран	LOC	783-2
Ирака	Ирак	LOC	783-20
Сирии	Сирия	LOC	498-8
Йемена	Йемен	LOC	1021-1
Судана	Судан	LOC	498-2
Ливии	Ливия	LOC	692-15
Судан	Судан	LOC	498-2
Чад	Чад	PER	778-0
КНДР	КНДР	LOC	638-2
Венесуэлы	Венесуэла	LOC	703-16
Верховным судом США	верховный суд США	ORG	703-23
Трамп	Трамп	PER	392-0
Миннесоты	Миннесота	LOC	682-3
сомалийцы	сомалиец	PER	498-5
Pew Research Center	Pew Research Center	ORG	919-9
