ru-120
Республиканцы	республиканец	PER	601-0
Трампа	Трамп	PER	378-0
США	США	LOC	483-0
Республиканской партии США	республиканский партия США	ORG	601-1
Дональда Трампа	Дональд Трамп	PER	549-4
Шарлотт	Шарлотт	LOC	1001-4
Северная Каролина	Северный Каролин	LOC	483-2
Майкла Пенса	Майкла Пенс	PER	677-1
Трамп	Трамп	PER	378-0
Пенс	Пенс	PER	751-8
Джо Байден	Джо Байден	PER	549-5
Камала Харрис	Камал Харрис	PER	629-8
Интерфакс	Интерфакс	ORG	781-4
Байден	Байден	PER	436-3
Джо	Джо	PER	549-15
Камалу Харрис	Камала Харрис	PER	629-8
Сенате США	Сенат США	ORG	483-4
Съезд республиканцев	Съезд республиканец	EVT	483-8
коронавируса	коронавирус	EVT	629-5
Республиканской партии	республиканский партия	ORG	601-1
Америка прежде всего	Америка прежде все	PRO	720-7
Свобода	свобода	PRO	483-10
FoxNews	FoxNews	PRO	978-2
Шарлотте	Шарлотт	LOC	1001-4
конгрессменов	конгрессмен	PER	629-2
Республиканцы за Байдена	республиканец за Байден	ORG	601-0
Дональд Трамп America Great Again Америку	Дональд Трамп America Great Again Америка	PER	549-4
Рональда Рейгана	Рональд Рейган	PER	601-6
Америка	Америка	LOC	720-0
Keep America Great Америку великой	Keep America Great Америка великий	PRO	1040-20
Овального кабинета	овальный кабинет	ORG	657-6
America First	America First	PRO	875-15
Америка на первом месте	Америка на первый место	PRO	720-16
Вашингтону	Вашингтон	LOC	697-26
Организацию Объединенных Наций по вопросам образования , науки и культуры	Организация объединить Нация по вопрос образование , наука и культура	ORG	657-19
ЮНЕСКО	ЮНЕСКО	ORG	1022-9
Совет ООН по правам человека	Совет ООН по право человек	ORG	483-9
СПЧ	СПЧ	ORG	483-13
Парижского соглашения по климату	Парижский соглашение по климат	PRO	751-17
Всемирной организации здравоохранения	всемирный организация здравоохранение	ORG	698-20
ВОЗ	ВОЗ	ORG	698-12
Вашингтон	Вашингтон	LOC	698-0
Соглашения о североамериканской зоне свободной торговли	Соглашение о североамериканский зона свободный торговля	PRO	483-3
НАФТА	НАФТА	PRO	770-22
Канадой	Канада	LOC	629-9
Мексикой	Мексика	LOC	677-3
Канады	Канада	LOC	629-9
Мексики	Мексика	LOC	677-3
USMCA	USMCA	ORG	1034-1
ЕС	ЕС	ORG	734-21
Китая	Китай	LOC	629-4
Пекином	Пекин	LOC	751-4
Вашингтона	Вашингтон	LOC	698-1
Китай	Китай	LOC	629-4
Пекин	Пекин	LOC	751-4
Трампе	Трампа	PER	379-0
Договора о ликвидации	Договор о ликвидация	PRO	549-16
ДРСМД	ДРСМД	PRO	549-13
Договора по открытому небу	Договор по открытый небо	PRO	549-19
ДОН	ДОН	PRO	549-22
Договора о мерах по дальнейшему сокращению и ограничению стратегических наступательных вооружений	Договор о мера по дальнейший сокращение и ограничение стратегический наступательный вооружение	PRO	549-23
ДСНВ	ДСНВ	PRO	549-24
Ближний Восток	ближний Восток	LOC	436-16
ТАСС	ТАСС	ORG	379-1
Барака Обамы	Барак Обама	PER	436-11
Кубой	Куба	LOC	629-16
Совместного всеобъемлющего плана действий	совместный всеобъемлющий план действие	PRO	483-14
СВПД	СВПД	PRO	483-12
Ираном	Иран	LOC	782-0
КНДР	КНДР	LOC	629-20
РФ	РФ	LOC	601-2
Роберт Мюллер	Роберт Мюллер	PER	601-5
Москвой	Москва	LOC	677-0
Москва	Москва	LOC	677-0
Москве	Москва	LOC	677-0
России	Россия	LOC	601-3
Украине	Украина	LOC	740-0
Северный поток - 2	Северный поток - 2	PRO	483-6
саммит	саммит	EVT	483-11
G7	G7	EVT	864-8
Владимира Путина	Владимир Путин	PER	698-23
Россию	Россия	LOC	601-3
Крыма	Крым	LOC	629-19
