ru-49
США	США	LOC	505-0
Путина	Путин	PER	759-4
Медуза»	Медузат	PRO	685-20
Конституции США	Конституция США	PRO	644-4
конгресса	конгресс	ORG	644-0
Калифорния	Калифорния	LOC	644-6
Колумбия	Колумбия	LOC	644-3
Вашингтона	Вашингтон	LOC	706-10
Палате представителей	Палата представитель	ORG	759-5
Калифорнии	Калифорния	LOC	644-6
Эл Гор	Эл Гор	PER	1067-1
Джордж Буш- младший	Джордж Буш младший	PER	566-1
Буша	Буш	PER	448-5
Айове	Айова	LOC	727-1
Трампа	Трамп	PER	399-0
либералы	либерал	PER	693-1
левоцентристы	левоцентрист	PER	693-18
Демократической	демократический	ORG	566-22
Республиканской	республиканский	ORG	611-1
Зеленой	зеленый	ORG	861-20
Либертарианской	либертарианский	ORG	693-12
Конституционной	конституционный	ORG	644-10
Нью-Мексико	Нью-Мексико	LOC	774-14
Гэри Джонсон	Гари Джонсон	PER	943-24
Хиллари Клинтон	Хиллари Клинтон	PER	592-0
Дональд Трамп.	Дональд Трампа	PER	566-5
Белом доме	белый дом	LOC	448-4
Йоду	Йоду	PER	1021-2
Звездных войн	звездной война	PRO	861-10
Чака Норриса	Чака Норрис	PER	779-7
Владимира Путина	Владимир Путин	PER	706-5
FiveThirtyEight	FiveThirtyEight	PRO	979-4
Дональда Трампа	Дональд Трамп	PER	566-5
Клинтон	Клинтон	PER	644-7
Трамп	Трамп	PER	399-0
Хиллари	Хиллари	PER	592-2
ФБР	ФБР	ORG	668-3
Капитолия	Капитолия	LOC	645-14
сената	сенат	ORG	506-10
Хилари	Хиллари	PER	593-5
Россия	Россия	LOC	611-0
Сибири	Сибирь	LOC	506-2
Краснодар	Краснодар	LOC	645-17
Ростов	Ростов	LOC	611-6
Москва	Москва	LOC	685-1
Питер	Питер	LOC	759-11
Сибири @Verdediger	Сибирь @Verdediger	LOC	506-2
Пиндоским	Пиндоский	PER	759-7
Америке	Америка	LOC	727-0
Аль Капоне	Аль Капоне	PER	727-22
Чикаго	Чикаго	LOC	779-1
Путин	Путин	PER	759-4
Ykt	Ykt	PRO	xxx
Ykt.Ru	Ykt.Ru	PRO	xxx
Якутск	Якутск	LOC	xxx
Глухой переулок	глухой переулок	LOC	943-8
