ru-66
Байден	Байден	PER	451-1
США	США	LOC	510-0
Джо Байден	Джо Байден	PER	569-3
Гавайев	Гавайев	LOC	944-3
РИА Новости	риа Новость	ORG	614-1
ВАШИНГТОН	вашингтон	LOC	707-5
Демократу	Демократ	PER	569-7
Дональда Трампа	Дональд Трамп	PER	569-4
Верховный суд США	верховный суд США	ORG	707-12
CША	CША	ORG	896-1
Майк Пенс	Майк Пенс	PER	686-2
Национальный архив и старшему судье округа	национальный архив и старший судья округ	ORG	775-4
Национальный архив США	национальный архив США	ORG	775-5
Коллегия выборщиков США	коллегия выборщик США	ORG	648-4
ria.ru	ria.ru	PRO	988-2
Дональд Трамп	Дональд Трамп	PER	569-4
Пенс	Пенс	PER	760-6
Трамп	Трамп	PER	402-0
демократ.	демократ	PER	569-21
Федеральное государственное унитарное предприятие	федеральный государственный унитарный предприятие	ORG	669-4
Международное информационное агентство « Россия сегодня »	международный информационный агентство « Россия сегодня »	ORG	686-6
МИА « Россия сегодня»	миа эламлатецин Россия сегодня	ORG	686-7
Гаврилова А. В.	Гаврилов А. В.	PER	944-6
