ru-129
Пенс	Пенс	PER	752-1
Трампу	Трампа	PER	380-0
NYT	NYT	PRO	903-5
США	США	LOC	485-0
Майк Пенс	Майк Пенс	PER	678-2
Дональдом Трампом	Дональд Трамп	PER	551-0
Дональду Трампу	Дональд Трампа	PER	551-0
Конгрессе	Конгресс	ORG	630-2
The New York Times	The New York Times	PRO	831-4
Конгрессом	Конгресс	ORG	630-2
Джо Байдена	Джо Байден	PER	551-1
Трамп	Трамп	PER	380-0
Twitter	Twitter	PRO	831-1
Трампа	Трамп	PER	380-0
New York Times	New York Times	PRO	903-6
Соединенных Штатов Америки	соединить Штат Америка	LOC	485-2
Джо Байден	Джо Байден	PER	551-1
Дональда Трампа	Дональд Трамп	PER	551-0
Дональд Трамп	Дональд Трамп	PER	551-0
Демократической партии	демократический партия	ORG	551-2
Джо Байдену	Джо Байден	PER	551-1
Управлению общих служб США	Управление общий служба США	ORG	740-2
GSA	GSA	ORG	864-11
Коллегии выборщиков	Коллегия выборщик	ORG	630-5
сенаторы	сенатор	PER	485-7
конгрессмены	конгрессмен	PER	630-2
Демократической	демократический	ORG	551-7
Республиканской партиями	республиканский партия	ORG	602-3
Мэн	Мэн	LOC	678-1
Небраска	Небраска	LOC	770-4
округа	округ	LOC	658-0
Колумбия	Колумбия	LOC	630-3
Палатой Представителей	Палатай представитель	ORG	752-3
Конгресса	Конгресс	ORG	630-2
Мир»	Мир»	PRO	678-21
