ru-41
Триумф Байдена	триумф Байден	PER	398-3
Конгресс	Конгресс	ORG	643-1
США	США	LOC	504-1
Коллегии выборщиков	Коллегия выборщик	ORG	643-2
Конгресс США	Конгресс США	ORG	643-1
Конгресса	Конгресс	ORG	643-1
демократов	демократ	PER	565-4
Джо Байдена	Джо Байден	PER	565-1
CNN	CNN	ORG	895-0
Байден	Байден	PER	448-1
Конгрессом	Конгресс	ORG	643-1
Байдена	Байден	PER	448-0
Конгрессе	Конгресс	ORG	643-1
Вашингтоне	Вашингтон	LOC	706-1
Дональда Трампа	Дональд Трамп	PER	565-0
Капитолия	Капитолия	LOC	643-0
сенаторы	сенатор	PER	504-4
конгрессмены	конгрессмен	PER	643-1
Демократической	демократический	ORG	565-13
Республиканской партиями	республиканский партия	ORG	611-1
Мэн	Мэн	LOC	684-7
Небраска	Небраска	LOC	774-0
округа	округ	LOC	659-7
Колумбия	Колумбия	LOC	643-3
Палатой Представителей	Палатай представитель	ORG	758-1
Мир»	Мир»	PRO	684-17
