ru-18
MSN	MSN	ORG	930-12
России	Россия	LOC	607-1
США	США	LOC	495-1
Байдена	Байден	PER	443-0
Владимир Путин	Владимир Путин	PER	702-1
Джо Байден	Джо Байден	PER	559-2
Белого дома	белый дом	LOC	443-1
Договор о сокращении стратегических наступательных вооружений	Договор о сокращение стратегический наступательный вооружение	PRO	559-11
СНВ - 3	СНВ - 3	PRO	495-3
Байден	Байден	PER	443-2
Путиным	Путин	PER	756-0
американские выборы 2020 года	американский выборы 2020 год	EVT	724-12
Афганистане	Афганистан	LOC	724-16
Алексея Навального Большой семерки	Алексей Навальный Большой семерка	PER	724-1
Навального	Навальный	PER	772-5
Джен Псаки	Джен Псаки	PER	559-15
Вашингтон	Вашингтон	LOC	702-7
Украине	Украина	LOC	742-0
Псаки	Псаки	PER	756-9
AFP	AFP	ORG	876-5
Кремля	Кремль	LOC	637-17
Договора по открытому небу	Договор по открытый небо	PRO	560-13
Вашингтоне	Вашингтон	LOC	702-5
