ru-78
Демократ	демократ	PER	573-9
Трамп	Трамп	PER	404-0
Байдена	Байден	PER	453-1
США	США	LOC	513-0
Демократической партии	демократический партия	ORG	573-3
Джозеф Байден	Джозеф Байден	PER	573-0
Мичиган	Мичиган	LOC	687-3
Джорджия	Джорджия	LOC	573-10
Аризона	Аризон	LOC	729-4
Пенсильвания	Пенсильвание	LOC	761-0
Дональда Трампа	Дональд Трамп	PER	573-2
палаты	палата	ORG	761-2
Конгресса США	Конгресс США	ORG	649-2
Байден	Байден	PER	453-0
Майкл] Пенс	Майкл] Пенс	PER	687-20
Америки	Америка	LOC	729-0
демократ	демократ	PER	573-4
Дональд Трамп	Дональд Трамп	PER	573-2
Белого дома	белый дом	LOC	453-3
Кейли Макинэни	Кейли Макинэни	PER	649-9
CNN	CNN	ORG	896-0
YouTube	ютьюб	PRO	xxx
CBS News	CBS News	PRO	896-14
Трампа	Трамп	PER	404-0
Уильяма Барра	Уильям Барра	PER	744-2
Билл	Билл	PER	453-7
Рождеством	Рождество	EVT	615-9
Twitter	Twitter	PRO	832-0
Барра	Барра	PER	453-6
Минюста	Минюст	ORG	687-4
Джефф Розен	Джефф Розен	PER	573-14
Барр	Барр	PER	453-9
Минюст	Минюст	ORG	687-4
Путин	Путин	PER	761-3
России	Россия	LOC	615-3
Владимир Путин	Владимир Путин	PER	709-4
демократа	демократ	PER	573-12
Байдену	Байден	PER	453-2
Россия	Россия	LOC	615-3
Джорджем Бушем - старшим	Джорджем Буш - старший	PER	573-13
Сирии	Сирия	LOC	513-1
