ru-24
USA	USA	LOC	1034-0
ВАШИНГТОН	вашингтон	LOC	704-4
США	США	LOC	500-0
Коллегии выборщиков	Коллегия выборщик	ORG	640-0
Институт Коллегии выборщиков	Институт Коллегия выборщик	ORG	783-27
Electoral College	Electoral College	ORG	997-6
Европы	Европа	LOC	735-0
Джорджа Вашингтона	Джордж Вашингтон	PER	563-15
Коллегия выборщиков	коллегия выборщик	ORG	640-0
Нью-Йорк	Нью-Йорк	LOC	773-1
Вирджиния	Вирджиния	LOC	704-5
Священной Римской империи	священный римский империя	LOC	500-9
Соединенных Штатов	соединить Штат	LOC	500-4
Финляндии	Финляндия	LOC	667-3
Конституции США	Конституция США	PRO	640-3
Коллегии	Коллегия	ORG	640-0
сенаторы	сенатор	PER	500-7
конгрессмены	конгрессмен	PER	640-4
Демократической	демократический	ORG	563-16
Республиканской партиями	республиканский партия	ORG	609-1
переписи США 2010 года	перепись США 2010 год	EVT	757-5
Аляска	Аляск	LOC	725-1
Вайоминг	Вайоминг	LOC	704-6
Монтана	Монтан	LOC	683-6
Северная Дакота	Северный Дакота	LOC	500-3
Вермонт	Вермонт	LOC	704-7
Федерального округа Колумбия	федеральный округ Колумбия	LOC	667-4
Вашингтон	Вашингтон	LOC	704-0
Калифорнии	Калифорния	LOC	640-1
Техаса	Техас	LOC	395-2
Флориды Нью-Йорка	Флорида Нью-Йорк	LOC	667-5
Калифорния	Калифорния	LOC	640-1
Коллегию	Коллегия	ORG	640-0
калифорнийцев	калифорниец	PER	640-1
Вайоминге	Вайоминг	LOC	704-8
Конституции	Конституция	PRO	640-3
Конгресс США	Конгресс США	ORG	640-4
Небраска	Небраска	LOC	773-2
Мэн	Мэн	LOC	683-3
Палата представителей	Палата представитель	ORG	757-0
Сенат	Сенат	ORG	500-1
Конгресса	Конгресс	ORG	640-4
Сената	Сенат	ORG	500-1
Работа Коллегии выборщиков	работа Коллегия выборщик	ORG	609-10
Белого дома	белый дом	LOC	445-0
Джорджу Бушу	Джордж Буш	PER	563-5
Флорида	Флорида	LOC	667-1
Коллегии выборщиков от Флориды	Коллегия выборщик от Флорида	ORG	640-0
Бушу	Буш	PER	445-7
Буш	Буш	PER	445-3
Эл Гор	Эл Гор	PER	1067-1
Исследовательской службы Конгресса США	исследовательский служба Конгресс США	ORG	783-18
Конгресс	Конгресс	ORG	640-4
Алекс Григорьев	Алекс Григорьев	PER	725-11
