ru-160
Коллегии выборщиков	Коллегия выборщик	ORG	633-8
Стивен Миллер	Стивен Миллер	PER	491-3
Fox News	Fox News	PRO	978-1
Трампа	Трамп	PER	386-0
Вашингтон	Вашингтон	LOC	700-6
Висконсина	Висконсин	LOC	700-4
Джорджии	Джорджия	LOC	556-4
Мичигана	Мичиган	LOC	680-2
Пенсильвании	Пенсильвания	LOC	754-0
Гретчен Уитмер	Гретчен Уитмер	PER	941-15
Капитолия	Капитолия	LOC	633-1
Миллер	Миллер	PER	680-19
Конгресс	Конгресс	ORG	633-0
Коллегия выборщиков	коллегия выборщик	ORG	633-8
сенаторов	сенатор	PER	491-14
конгрессменов	конгрессмен	PER	633-0
Округа Колумбия	Округ Колумбия	LOC	658-18
нью-йоркские демократы	нью-йоркский демократ	PER	771-6
Хиллари Клинтон	Хиллари Клинтон	PER	591-0
США	США	LOC	491-0
Майку Пенсу.	Майку Пенсус	PER	680-20
Конгресса	Конгресс	ORG	633-0
Сената	Сенат	ORG	491-2
Палаты представителей	Палата представитель	ORG	754-1
Байдена	Байден	PER	441-0
Трамп	Трамп	PER	386-0
Уильям Барр	Уильям Барр	PER	741-2
Джо Байдена	Джо Байден	PER	556-0
Джорджем Бушем	Джорджем Буш	PER	556-20
Вадим	вадим	PER	701-25
Нью-Йорк	Нью-Йорк	LOC	771-2
Калифорния	Калифорния	LOC	634-6
Флорида	Флорида	LOC	666-2
Техас	Техас	LOC	386-1
Коллегию Выборщиков	Коллегия Выборщиков	ORG	634-1
