ru-9
Наши люди	наш человек	ORG	776-20
США	США	LOC	516-0
Антон Сахаров	Антон Сахаров	PER	730-2
Соединенные Штаты	Соединить Штат	LOC	516-3
Вашингтон	Вашингтон	LOC	710-2
Shutterstock	Shutterstock	PRO	815-3
Антон	Антон	PER	730-3
Джорджа Буша	Джордж Буш	PER	577-15
СССР	СССР	LOC	516-11
Республиканской партии	республиканский партия	ORG	616-1
Барака Обамы	Барак Обама	PER	456-5
Калифорнии	Калифорния	LOC	650-4
Антон.	Антон.	PER	730-3
Антону	Антон	PER	730-3
Антоном Сахаровым	Антон Сахаров	PER	730-2
Тэд Круз	Тэд Круз	PER	406-1
Антона Сахарова	Антон Сахаров	PER	730-2
Антон Committee Officer	Антон Committee Officer	PER	730-10
PCO	PCO	ORG	920-2
Демократической	демократический	ORG	577-8
Республиканской партиях	республиканский партия	ORG	616-1
республиканцев	республиканец	PER	616-3
Биллом Брайантом	Билл Брайант	PER	456-7
Джеем Инсли	Джей Инсли	PER	577-9
Брайанта	Брайант	PER	456-8
Дональд Трамп	Дональд Трамп	PER	577-0
Трампа	Трамп	PER	406-0
Джона Маккейна	Джон Маккейн	PER	577-10
России	Россия	LOC	616-0
Трамп	Трамп	PER	406-0
Республиканская партия штата Вашингтон	республиканский партия штат Вашингтон	ORG	616-1
Сахаров	Сахаров	PER	516-8
Джей Инсли	Джей Инсли	PER	577-9
Вашингтона	Вашингтон	LOC	710-23
Антона	Антон	PER	730-3
Викторию Спартц	Виктория Спартц	PER	710-13
Индиана	Индиан	LOC	785-0
Дональда Трампа	Дональд Трамп	PER	577-0
штате	штат	LOC	1002-1
Висконсин	Висконсин	LOC	710-3
Антон. Нью-Йорка	Антон. Нью-Йорк	PER	730-16
Большом Яблоке	Большой яблоко	LOC	456-9
ForumDaily New York.	ForumDaily New York.	PRO	980-13
Сиэтла	Сиэтл	LOC	516-12
Антифа	Антиф	PER	730-18
республиканцем	республиканец	PER	616-3
