ru-17
Конгресс США	Конгресс США	ORG	635-0
Дональда Трампа	Дональд Трамп	PER	557-0
Республиканская партия	республиканский партия	ORG	606-6
Конгрессом	Конгресс	ORG	635-0
КП	кп	ORG	635-9
Украине	Украина	LOC	742-0
Украину	Украина	LOC	742-0
Конгресс	Конгресс	ORG	635-0
США	США	LOC	492-0
американцы	американец	PER	723-3
Палаты представителей	Палата представитель	ORG	755-1
Сената	Сенат	ORG	492-1
Республиканской партии	республиканский партия	ORG	606-6
республиканцы	республиканец	PER	606-5
Конгрессе	Конгресс	ORG	635-0
Трампа	Трамп	PER	388-0
Трампу	Трампа	PER	388-0
Конгресса	Конгресс	ORG	635-0
Сенате	Сенат	ORG	492-1
Палате представителей	Палата представитель	ORG	755-1
RealClearPolitics	RealClearPolitics	PRO	988-4
Emerson	Emerson	ORG	997-31
Демократической партии	демократический партия	ORG	557-1
демократов	демократ	PER	557-5
конгресса	конгресс	ORG	635-0
Россией	Россия	LOC	606-1
Пола Манафорта	Пол Манафорт	PER	755-22
Москвы	Москва	LOC	680-6
Украины	Украина	LOC	742-0
демократы	демократ	PER	558-4
Хиллари Клинтон	Хиллари Клинтон	PER	591-0
Джо Байден	Джо Байден	PER	558-1
Крыма	Крым	LOC	635-7
Донбассе	Донбасс	LOC	558-25
Дональд Трамп	Дональд Трамп	PER	558-0
Обамы	Обама	PER	658-1
Киева	Киев	LOC	635-3
Обама	Обама	PER	658-1
России	Россия	LOC	606-1
Киев	Киев	LOC	635-3
Трампе.	Трампе.	PER	388-0
Джон Маккейн	Джон Маккейн	PER	558-12
Белого дома	белый дом	LOC	442-2
Сенат	Сенат	ORG	492-1
New Yorker	New Yorker	PRO	903-22
New York Post	New York Post	PRO	903-8
Палату представителей	Палата представитель	ORG	755-1
Иллинойс	Иллинойс	LOC	782-7
Артур Джонс	Артур Джонс	PER	723-8
Джонс	Джонс	PER	558-20
Барака Обамы	Барак Обама	PER	442-14
Трамп	Трамп	PER	388-0
