ru-96
Майкл Томаски	Майкл Томаско	PER	688-3
Хиллари Клинтон	Хиллари Клинтон	PER	593-1
США	США	LOC	517-0
Демократической партии	демократический партия	ORG	578-3
Клинтон	Клинтон	PER	651-1
Хиллари	Хиллари	PER	593-0
Барак Обама	Барак Обама	PER	457-4
Дональда Трампа	Дональд Трамп	PER	578-0
Медузы	Медуза	PRO	688-6
Константин Бенюмов	Константин Бенюмов	PER	651-10
Майклом Томаски	Майклом Томаско	PER	688-12
The Guardian	The Guardian	PRO	833-16
Democracy	Democracy	PRO	962-20
Newsweek	Ньюсвик	PRO	904-10
The Daily Beast	The Daily Beast	PRO	833-19
The American Prospect	The American Prospect	PRO	833-18
The New York Review of Books	The New York Review of Books	PRO	833-6
Томаски	Томаско	PER	408-2
Сенат	Сенат	ORG	517-5
Билла Клинтона	Билла Клинтон	PER	457-3
Демократическая	демократический	ORG	578-9
Республиканская партии	республиканский партия	ORG	617-1
Калифорнии	Калифорния	LOC	651-4
Нью-Джерси	Нью-Джерси	LOC	776-26
Берни Сандерса	Берни Сандерс	PER	457-5
республиканцев	республиканец	PER	617-0
Сандерса	Сандерс	PER	517-1
Сандерсу	сандерс	PER	517-3
Конституции	Конституция	PRO	651-5
Америке	Америка	LOC	730-5
Вашингтона	Вашингтон	LOC	711-0
Адамса	Адамс	PER	730-19
Филадельфии	Филадельфия	LOC	669-9
Калифорния	Калифорния	LOC	651-4
Род-Айленд	Род-Айленд	LOC	617-14
республиканцы	республиканец	PER	617-0
Огайо	Огайо	LOC	660-1
Флорида	Флорида	LOC	669-2
Нью-Йорке	Нью-Йорк	LOC	776-7
Техасе	Техас	LOC	408-1
Флориде	Флорида	LOC	669-3
Виргинии	Виргиния	LOC	711-18
Англия	Англия	LOC	730-13
Средний Запад	средний Запад	LOC	517-4
Джимми Картером	Джимми Картер	PER	578-18
Айову Нью-Гемпшир	Айова Нью-Гемпшир	LOC	730-7
Айове Нью-Гемпшире	Айова Нью-Гемпшир	LOC	730-7
демократам	демократ	PER	578-20
Мэриленд	Мэриленд	LOC	688-14
афроамериканцы	афроамериканец	PER	730-17
афроамериканцев	афро-американец	PER	731-15
Берни Сандерс	Берни Сандерс	PER	457-5
Бруклине	Бруклин	LOC	457-9
Трамп	Трамп	PER	408-0
Мичигане	Мичиган	LOC	688-0
Сандерс	Сандерс	PER	517-1
Хиллари Клинтон]	Хиллари Клинтон]	PER	594-0
Иллинойсе	Иллинойсе	LOC	785-16
Северной Каролине	Северный Каролин	LOC	517-8
Миссури	Миссури	LOC	688-11
Мартовские иды	Мартовский ид	EVT	688-13
Белый дом Трампа	белый дом Трамп	LOC	457-1
Трампа	Трамп	PER	408-0
Трамп?	Трамп?	PER	408-0
Трампа Исламское государство	Трамп исламский государство	PER	408-4
РФ	РФ	LOC	617-2
ИГ	ИГ	PRO	785-10
Ракку	Ракку	LOC	617-5
Дрездене	Дрезден	LOC	578-8
Ираке	Ирак	LOC	785-5
Конституцию	Конституция	PRO	651-5
Израиле	Израиль	LOC	785-6
Республиканцы	республиканец	PER	617-0
Пенсильвании	Пенсильвания	LOC	763-4
Рейгану	Рейган	PER	617-13
Бушу	Буш	PER	457-13
Трампу	Трампа	PER	408-0
Либертарианская партия	либертарианский партия	ORG	693-3
Нью-Мексико	Нью-Мексико	LOC	776-24
Гарри Джонсон	Гарри Джонсон	PER	944-22
либертарианцев	либертарианец	PER	693-22
Джонсон	Джонсон	PER	578-19
Дональд Трамп?	Дональд Трамп?	PER	578-0
Трампом	Трамп	PER	408-0
Евгенией Павловской	Евгения Павловский	PER	736-9
Павла Данилина	Павел Данилин	PER	763-10
Ростех	Ростех	ORG	617-11
Дмитрия Босова	Дмитрий Босов	PER	578-12
«анти-Джин Шарп» Анти-Навальный	«анти-джин Шарпо анти-навальный	PRO	1068-0
