ru-55
США	США	LOC	507-1
Трамп	Трамп	PER	399-0
Байден	Байден	PER	449-1
Путина	Путин	PER	759-4
Украине	Украина	LOC	743-0
Китая	Китай	LOC	645-7
Украины	Украина	LOC	743-0
России	Россия	LOC	612-0
Байдена	Байден	PER	449-0
Трампа	Трамп	PER	399-0
REUTERS	REUTERS	ORG	988-11
Соединенных Штатов Америки	соединить Штат Америка	LOC	507-2
Демократической партии	демократический партия	ORG	567-0
Джо Байден	Джо Байден	PER	567-1
Россию	Россия	LOC	612-0
Китай	Китай	LOC	645-7
Иран	Иран	LOC	784-3
УНИАН	УНИАН	ORG	743-3
Байденом	Байден	PER	449-5
Трампом	Трамп	PER	399-0
Нэшвилле	Нэшвилле	LOC	774-27
C-SPAN	C-SPAN	PRO	896-17
Youtube	Youtube	PRO	xxx
Россия	Россия	LOC	612-0
Дональд Трамп	Дональд Трамп	PER	567-3
Путину	Путин	PER	759-4
Владимира Путина	Владимир Путин	PER	706-5
Афганистане	Афганистан	LOC	727-15
НАТО	НАТО	ORG	774-2
Российской Федерации	российский Федерация	LOC	612-9
Москвы	Москва	LOC	685-1
Трамп.	Трампа	PER	399-0
Байдену	Байден	PER	449-7
РФ	РФ	LOC	612-1
Барака Обамы	Барак Обама	PER	449-3
Дональда Трампа	Дональд Трамп	PER	567-3
Китае	Китай	LOC	645-7
Москве	Москва	LOC	685-1
Хантер Байден	Хантер Байден	PER	593-9
республиканцев	республиканец	PER	612-2
Telegram	Telegram	PRO	832-4
