ru-94
США	США	LOC	517-0
Трамп	Трамп	PER	408-0
Байден	Байден	PER	457-2
BBC News	БИ-БИ-СИ News	PRO	794-16
Дональд Трамп	Дональд Трамп	PER	578-0
Белом доме	белый дом	LOC	457-1
Демократической партии	демократический партия	ORG	578-3
Джо Байден	Джо Байден	PER	578-5
Барака Обамы	Барак Обама	PER	457-4
Хиллари Клинтон	Хиллари Клинтон	PER	593-1
Дональда Трампа	Дональд Трамп	PER	578-0
Трампа	Трамп	PER	408-0
Клинтон	Клинтон	PER	651-1
Джо Байдена	Джо Байден	PER	578-5
Байдена	Байден	PER	457-0
Мичигане	Мичиган	LOC	688-0
Пенсильвании	Пенсильвания	LOC	763-4
Висконсине	Висконсин	LOC	710-7
Айове	Айова	LOC	730-11
Огайо	Огайо	LOC	660-1
Техасе	Техас	LOC	408-1
Байденом	Байден	PER	457-12
