ru-38
Александр Кынев	Александр Кынев	PER	726-5
КГИ	КГИ	ORG	642-14
США	США	LOC	503-0
Америка	Америка	LOC	726-0
Альберт Гор	Альберт Гор	PER	726-18
Джорджу Бушу - младшему	Джордж Буш - младший	PER	565-11
Калифорния	Калифорния	LOC	642-12
Вашингтон	Вашингтон	LOC	705-1
Хиллари Клинтон	Хиллари Клинтон	PER	592-0
Дональдом Трампом	Дональд Трамп	PER	565-0
России	Россия	LOC	611-0
Колумбия	Колумбия	LOC	642-4
Центризбиркома	Центризбирком	ORG	1026-15
Федеральная избирательная комиссия человек	федеральный избирательный комиссия человек	ORG	668-18
Election Assistance Comission	Election Assistance Comission	ORG	997-13
Конституции США	Конституция США	PRO	642-2
Палаты представителей	Палата представитель	ORG	758-1
Сенате	Сенат	ORG	503-3
Палату представителей	Палата представитель	ORG	758-1
конгрессменов	конгрессмен	PER	642-3
сенаторов	сенатор	PER	503-7
федеральный	федеральный	LOC	668-10
округе	округ	LOC	659-7
Мэриленде	Мэриленд	LOC	684-0
Вирджинии	Вирджиния	LOC	705-3
Вашингтоне	Вашингтон	LOC	705-0
Орегоне	Орегона	LOC	659-5
Колорадо Нью-Гэмпшире	Колорадо Нью-Гэмпшир	LOC	642-8
Флориде	Флорида	LOC	668-0
Provisional ballot	Provisional ballot	PRO	920-25
Конгресс	Конгресс	ORG	642-3
Кеннеди	Кеннеди	PER	642-9
Иллинойсе	Иллинойсе	LOC	784-0
НКО	НКО	ORG	773-19
закон об избирательных правах 1965 года Voting Rights Act	закон о избирательный право 1965 год Voting Rights Act	PRO	861-21
Алабама	Алабам	LOC	726-1
Аляска	Аляск	LOC	726-16
Аризона	Аризон	LOC	726-4
Джорджия	Джорджия	LOC	565-5
Луизиана	Луизиан	LOC	692-3
Миссисипи	Миссисипи	LOC	684-24
Южная Каролина	Южный Каролин	LOC	1023-7
Техас	Техас	LOC	398-1
Виргиния	Виргиния	LOC	705-7
Верховным судом США	верховный суд США	ORG	705-23
Калери	Калери	LOC	642-13
Северной Каролине	Северный Каролин	LOC	503-12
Техасе	Техас	LOC	398-1
Конституции	Конституция	PRO	642-2
Национальным конвентом	национальный конвент	PRO	773-15
Сухой закон»	сухой закон	PRO	503-5
Мэн	Мэн	LOC	684-7
Небраска	Небраска	LOC	773-2
Ричарду Джонсону	Ричард Джонсон	PER	611-11
Коллегии выборщиков	Коллегия выборщик	ORG	642-5
Джонсона	Джонсон	PER	565-9
План Амара»	план Амара»	PRO	758-11
Ахил Рида Амара	Ахил Рида Амара	PER	726-12
Викрама Амара Нью-Йорк	Викрам Амара Нью-Йорк	PER	705-9
Сэмюэла Тилдена	Сэмюэл Тилден	PER	503-4
Ратерфорда Хейса. Нью-Йорк	Ратерфорд Хейса. Нью-Йорк	PER	611-8
демократ	демократ	PER	565-14
Сэмюэл Тилден	Сэмюэл Тилден	PER	503-4
Хейс	Хейс	PER	592-4
New York Sun	New York Sun	PRO	904-17
Гражданской войны	гражданский война	EVT	943-0
У. Гранта	У. Грант	PER	743-10
Тилдена	Тилден	PER	398-2
Южную Каролину	Южный Каролин	LOC	1023-7
Флориду	Флорида	LOC	668-2
Луизиану	Луизиан	LOC	692-27
Орегон	Орегон	LOC	659-5
южных штатов	южный штат	LOC	1023-2
Грант	Грант	PER	943-16
Хейса	Хейс	PER	592-4
Палата представителей	Палата представитель	ORG	758-1
Тилден	Тилден	PER	398-2
Хейсом	Хейс	PER	592-4
Тилденом	Тилден	PER	398-2
Реконструкции	Реконструкция	EVT	611-10
афроамериканцев	афро-американец	PER	726-6
мексиканцев	мексиканец	PER	684-20
гражданской войны	гражданский война	EVT	943-18
демократы	демократ	PER	565-2
Тэги	тэга	PER	398-5
