ru-70
NYT	NYT	ORG	904-3
Америке	Америка	LOC	729-0
Конгресс	Конгресс	ORG	648-0
«президентская партия	опрезидентский партия	ORG	1068-1
Трамп	Трамп	PER	403-0
Палате представителей	Палата представитель	ORG	761-1
Fivethirtyeight.com	Fivethirtabight.t.m	PRO	979-5
Сook Political Report	Сook Political Report	ORG	512-4
CNN Forecast	CNN Forecast	PRO	896-9
Харри Энтен	Харри Энтен	PER	593-14
Politico	Politico	ORG	920-1
RealClearPolitics	RealClearPolitics	ORG	989-1
Fox News	Fox News	PRO	979-2
MSNBC	MSNBC	PRO	930-6
Vox	Vox	ORG	1046-3
Fivethirtyeight	Fivethirtyeight	PRO	979-5
Хиллари	Хиллари	PER	593-0
Трампа	Трамп	PER	403-0
Клинтон	Клинтон	PER	648-5
республиканцев	республиканец	PER	614-14
Сенате	Сенат	ORG	512-2
Демократы	демократ	ORG	572-7
Обамой	Обама	PER	660-0
палате	палата	ORG	761-2
США	США	LOC	512-0
палаты Конгресс	палата Конгресс	ORG	761-9
Сенат	Сенат	ORG	512-2
