ru-138
США	США	LOC	487-0
Владимира Путина	Владимир Путин	PER	699-5
Meduza	Meduza	PRO	930-5
Медуза»	Медузат	PRO	678-23
Конституции США	Конституция США	PRO	631-3
конгресса	конгресс	ORG	631-0
Калифорния	Калифорния	LOC	631-5
Колумбия	Колумбия	LOC	631-4
Вашингтона	Вашингтон	LOC	699-3
Палате представителей	Палата представитель	ORG	753-1
Калифорнии	Калифорния	LOC	631-5
Эл Гор	Эл Гор	PER	1066-2
Джордж Буш- младший	Джордж Буш младший	PER	553-17
Буша	Буш	PER	438-10
Айове	Айова	LOC	721-3
Трампа	Трамп	PER	382-0
либералы	либерал	PER	692-11
левоцентристы	левоцентрист	PER	692-33
Демократической	демократический	ORG	553-21
Республиканской	республиканский	ORG	603-2
Зеленой	зеленый	ORG	860-5
Либертарианской	либертарианский	ORG	692-1
Конституционной	конституционный	ORG	631-2
Нью-Мексико	Нью-Мексико	LOC	771-0
Гэри Джонсон	Гари Джонсон	PER	941-2
Хиллари Клинтон	Хиллари Клинтон	PER	591-0
Дональд Трамп.	Дональд Трампа	PER	553-0
Белом доме	белый дом	LOC	438-0
Йоду	Йоду	PER	1021-2
Звездных войн	звездной война	PRO	860-6
Чака Норриса	Чака Норрис	PER	778-3
FiveThirtyEight	FiveThirtyEight	PRO	978-5
Дональда Трампа	Дональд Трамп	PER	553-0
Клинтон	Клинтон	PER	631-7
Трамп	Трамп	PER	382-0
Хиллари	Хиллари	PER	591-1
ФБР	ФБР	ORG	665-3
Капитолия	Капитолия	LOC	631-6
сената	сенат	ORG	487-4
