ru-104
США	США	LOC	479-0
Википедии	Википедия	PRO	696-26
Коллегией выборщиков	Коллегия выборщик	ORG	626-6
Коллегии выборщиков	Коллегия выборщик	ORG	626-6
Двенадцатой поправки к	двенадцатый поправка к	PRO	546-21
Конституции США	Конституция США	PRO	626-1
Флорида	Флорида	LOC	664-3
Калифорния	Калифорния	LOC	626-4
Альберта Гора	Альберт Гор	PER	719-1
Калифорнии	Калифорния	LOC	626-4
Буша	Буш	LOC	432-7
Гор	Гор	PER	940-0
Флориде Гор	Флорида Гор	PER	664-20
Буш	Буш	LOC	432-8
Бушу	Буш	PER	432-13
Джордж Буш	Джордж Буш	PER	546-5
Гора	Гор	PER	940-0
Буш.	Буш.а	PER	432-8
Америки	Америка	LOC	719-4
Американской системы	американский система	ORG	719-14
Конгресс США	Конгресс США	ORG	627-1
Палаты представителей	Палата представитель	ORG	750-0
Сената	Сенат	ORG	479-2
Палате представителей 435	Палата представитель 435	ORG	750-0
Сенат	Сенат	ORG	479-2
Конституции	Конституция	PRO	627-17
Палату представителей	Палата представитель	ORG	750-0
сената	сенат	ORG	479-11
Конгресс	Конгресс	ORG	627-1
Демократической партии	демократический партия	ORG	546-2
Альберт Гор	Альберт Гор	PER	719-1
Джордж Буш- младший	Джордж Буш младший	PER	546-5
Джордж Буш - младший	Джордж Буш - младший	PER	546-5
Дж. Буш - младший	Дж. Буш - младший	PER	546-18
Демократической	демократический	ORG	546-1
Республиканской партий США	республиканский партия США	ORG	599-1
