ru-45
США	США	LOC	505-0
AFP	AFP	ORG	876-5
Джон Керри	Джон Керри	PER	566-2
Америке	Америка	LOC	726-0
Джордж Буш	Джордж Буш	PER	566-1
Sydney Morning Herald	Sydney Morning Herald	PRO	815-17
Zogby	Zogby	ORG	1052-6
Эха Москвы	Эхо Москва	ORG	1067-18
ВВС	ВВС	ORG	706-11
Вьетнамской войны	вьетнамский война	EVT	706-3
Bloomberg	Bloomberg	ORG	793-3
Флориде	Флорида	LOC	668-0
Огайо	Огайо	LOC	659-0
NBC	NBC	ORG	904-1
Пенисльвании	Пенисльвания	LOC	759-1
Южной Дакоте	Южный Дакота	LOC	1023-4
Буша	Буш	PER	448-5
Висконсин	Висконсин	LOC	706-4
АВС	АВС	ORG	726-10
Массачусетс	Массачусетс	LOC	684-23
Сенате	Сенат	ORG	505-5
Бостоне	Бостон	LOC	448-7
United Oister House	United Oister House	LOC	1034-7
Пенсильвания	Пенсильвание	LOC	759-2
Техасе	Техас	LOC	398-1
Кроуфорд	Кроуфорд	LOC	644-9
Буш	Буш	PER	448-8
Вашингтон	Вашингтон	LOC	706-2
Керри	Керри	PER	644-12
Грани.Ру	гранибру	PER	943-15
округе	округ	LOC	659-7
Колумбия	Колумбия	LOC	644-3
Конгресса	Конгресс	ORG	644-0
Палаты представителей Конгресса	Палата представитель Конгресс	ORG	759-3
Конституции США	Конституция США	PRO	644-4
Джо Локхарт	Джо Локхарт	PER	566-15
