ru-47
Джо Байдена	Джо Байден	PER	566-3
Трампа	Трамп	PER	398-0
Германии	Германия	LOC	943-2
Трамп	Трамп	PER	398-0
Северный	Северный	PRO	505-2
Россией	Россия	LOC	611-0
Гуаньча	Гуаньч	PRO	943-1
Байден	Байден	PER	448-1
Меркель	Меркель	PER	684-10
Германией	Германия	LOC	943-2
США	США	LOC	505-0
Китай	Китай	LOC	644-2
Джо Байден	Джо Байден	PER	566-3
Байдену	Байден	PER	448-3
Байдена	Байден	PER	448-0
Ангела Меркель	Ангела Меркель	PER	726-11
Соединенных Штатов	соединить Штат	LOC	505-1
Европы	Европа	LOC	735-0
Financial Times	Financial Times	PRO	979-6
Германия	Германия	LOC	943-2
Белый дом	белый дом	LOC	448-4
Германию поток	Германия поток	LOC	943-21
Россию	Россия	LOC	611-0
Германию	Германия	LOC	943-2
Северного потока — 2	Северный поток — 2	PRO	505-2
Соединенных Штатах	соединить Штат	LOC	505-1
ЕС	ЕС	ORG	735-8
России	Россия	LOC	611-0
Соединенные Штаты	Соединить Штат	LOC	505-1
Соединенными Штатами	соединить Штат	LOC	505-1
Джо	Джо	PER	566-4
wow	wow	PRO	949-17
Мергель 1	Мергель 1	PER	685-10
Лунная поляна	лунный поляна	PRO	693-9
немцы	немец	PER	774-6
Лунной поляне	Лунна поляна	LOC	693-0
fireadder	fireadder	PRO	979-10
Америку	Америка	LOC	726-0
Европу	Европа	LOC	735-0
Европе	Европа	LOC	735-0
Европой	Европа	LOC	735-0
Ван Байчжи	Ван Байчжи	PER	706-13
Китая	Китай	LOC	644-2
Китай-АСЕАН	Китай-АСЕАН	ORG	644-2
Японией	Япония	LOC	xxx
Латинской Америки	Латинский Америка	LOC	693-29
Россия	Россия	LOC	611-0
Корею	Корея	LOC	644-13
Азиатско региона	Азиатско регион	LOC	726-14
Чунцин	Чунцин	PER	779-8
Сычуане	Сычуан	LOC	505-4
Bboen	Bboen	PER	793-15
Макрон	Макрон	PER	685-9
Соединенное Королевство	соединить Королевство	LOC	505-3
Европейского Союза	Европейский Союз	ORG	735-9
Европейцы море	европеец море	PER	735-1
Соединенным Штатам	соединить Штат	LOC	505-1
Гуандуна	Гуандун	LOC	943-3
shaojow	shaojow	ORG	815-25
Жителю	Житель	PER	1025-4
китайцы	китаец	PER	644-5
американцы	американец	PER	726-17
Китаю	Китай	LOC	644-2
Евросоюзу	Евросоюз	ORG	736-1
Европейский Союз	Европейский Союз	ORG	736-20
Америка	Америка	LOC	727-0
Брексит	Брексит	EVT	448-10
Европейский союз	Европейский союз	ORG	736-7
Штаты	Штат	LOC	1001-2
Twitter	Twitter	PRO	832-0
Правилам	правило	PRO	759-9
Эльзаса	Эльзас	LOC	1067-24
Лотарингии	Лотарингия	LOC	693-19
Восточной Пруссии	восточный Пруссия	LOC	706-21
Европа	Европа	LOC	736-0
Китайцы	китаец	PER	644-5
РИА Новости	РИА Новость	ORG	611-9
Российской Федерации	российский Федерация	LOC	611-3
Audacia	Audacia	PRO	876-22
