ru-183
Владимир Абаринов	Владимир Абаринов	PER	702-26
Вашингтон	Вашингтон	LOC	702-7
Республиканской	республиканский	ORG	607-5
Демократической партий США	демократический партия США	ORG	560-1
ЦИК РФ	ЦИК РФ	ORG	1026-6
Вешняков	Вешняков	PER	702-18
Вайоминг	Вайоминг	ORG	702-11
Конгресса	Конгресс	ORG	637-0
Мэна	Мэна	LOC	681-4
Небраски	Небраска	LOC	772-6
Коллегии	Коллегия	ORG	637-18
США	США	LOC	496-0
Джорджу Бушу	Джордж Буш	PER	560-6
Джону Керри	Джон Керри	PER	560-14
Колумбия	Колумбия	LOC	637-6
Буша	Буш	PER	443-4
Гора	Гор	PER	942-15
Западной Вирджинии	Западный Вирджиния	LOC	861-5
Керри	Керри	PER	637-7
Мэн	Мэн	LOC	681-4
Бушу	Буш	PER	443-6
Америке	Америка	LOC	724-0
Колорадо	Колорадо	LOC	637-14
референдум	референдум	EVT	607-6
Бушем	Буш	PER	443-12
Верховный суд США	верховный суд США	ORG	702-2
Конституции	Конституция	PRO	637-1
Палате представителей Конгресса	Палата представитель Конгресс	ORG	756-11
Джордж Буш	Джордж Буш	PER	560-6
республиканцы	республиканец	PER	608-0
Флорида	Флорида	LOC	667-1
Огайо	Огайо	LOC	659-0
Сенате	Сенат	ORG	496-1
Джон Эдвардс	Джон Эдвардс	PER	560-15
Верховного суда США	верховный суд США	ORG	702-0
консерваторами	консерватор	PER	637-5
либералами	либерал	PER	692-29
Верховного суда	верховный суд	ORG	702-0
Уильям Ренквист	Уильям Ренквист	PER	742-4
Ренквист	ренквист	PER	608-11
Гор против Буша	Гор против Буш	PRO	942-29
Верховного суда штата Флорида	верховный суд штат Флорида	ORG	702-15
Эл Гор.	Эл Гор.	PER	1067-1
ЦИК	ЦИК	ORG	1026-6
Белый дом	белый дом	LOC	443-1
Буш	Буш	PER	443-11
Эдвардс	Эдвардс	PER	1067-13
