ru-105
Денис Давыдов	Денис Давыдов	PER	546-19
Валентин Богданов	Валентин Богданов	PER	696-15
Трампа	Трамп	PER	375-2
Байдена	Байден	PER	432-9
Байден	Байден	PER	432-11
Трамп	Трамп	PER	375-2
Twitter	Twitter	PRO	831-1
Америку	Америка	LOC	719-4
CNN	CNN	ORG	894-0
Fox News	Fox News	ORG	978-1
Пенсильвании	пенсильвание	LOC	750-1
Неваде	Невада	LOC	770-0
Северной Каролине	Северный Каролин	LOC	479-3
Джорджии	Джорджия	LOC	546-6
Аризона	Аризон	LOC	719-3
За стеклом	за стекло	EVT	860-15
Мичигане	Мичиган	LOC	675-8
Барбекю	барбек	PER	433-8
Джорджия	Джорджия	LOC	546-14
Северная Каролина	Северный Каролин	LOC	479-3
Пенсильвания	Пенсильвание	LOC	750-1
штате	штат	LOC	1001-3
Мичиган	Мичиган	LOC	675-8
Висконсине	Висконсин	LOC	696-10
Белого дома	белый дом	LOC	433-2
Шериф	шериф	PER	1001-16
Аризоне	Аризона	LOC	719-3
Марикопа	Марикоп	LOC	675-14
Аризону	Аризон	LOC	719-3
Неваду	Невада	LOC	770-23
Пенсильванию	Пенсильвание	LOC	750-1
Джорджию	Джорджия	LOC	546-9
Кейли Макинэни	Кейли Макинэни	PER	627-11
Джулиани	Джулиани	PER	546-13
ОБСЕ	ОБСЕ	ORG	657-20
Рудольф Джулиани	Рудольф Джулиани	PER	599-9
Дональда Трампа	Дональд Трамп	PER	546-0
Филадельфии	Филадельфия	LOC	664-6
Эрик Трамп	Эрик Трамп	PER	1066-19
Джаред Кушнер	Джаред Кушнер	PER	546-23
Иванка	Иванк	PER	781-18
Белом доме	белый дом	LOC	433-2
Овального кабинета	овальный кабинет	ORG	657-6
Джо Байден	Джо Байден	PER	546-7
Камалой Харрис	Камала Харрис	PER	627-19
Америка	Америка	LOC	719-4
Секретной службы	секретный служба	ORG	479-6
США	США	LOC	479-0
Парижское соглашение по климату	Парижский соглашение по климат	PRO	750-14
Белый дом	белый дом	LOC	433-2
The Hill	The Hill	PRO	831-2
нижней	нижний	ORG	770-16
Нэнси Пелоси	Нэнси Пелось	PER	770-1
Пелоси	Пелось	LOC	750-2
Хаким Джеффрис	Хаким Джеффрис	PER	590-7
Джеффрис	Джеффрис	PER	546-16
Конгрессе Нью-Йорка	Конгресс Нью-Йорк	ORG	627-1
Брайтон Бич.	Брайтон Бича	PER	433-12
Джефриса	Джефрис	PER	546-10
Neptune	Neptune	LOC	903-18
Trump Village	Trump Village	LOC	831-13
Фред Трамп.	Фред Трампа	PER	664-15
Джефрис	Джефрис	PER	546-12
Дональд Трамп	Дональд Трамп	PER	546-0
Демократической фракции	демократический фракция	ORG	546-11
Палаты представителей США	Палата представитель США	ORG	750-8
конгрессмены	конгрессмен	PER	627-1
Голливуда	Голливуд	LOC	940-21
Марк Руффало	Марк Руффало	PER	675-21
Халка	Халка	PER	590-12
Марвел	Марвел	PRO	675-27
Роб Райнер	Роб Райнер	PER	599-7
Гарри	Гарри	PER	940-22
Салли	Салли	PER	479-10
Рианы	Риан	PER	599-12
Нью-Йорке	Нью-Йорк	LOC	770-2
Гринвич Вилледж	Гринвич Вилледж	ORG	940-23
Америке	Америка	LOC	719-4
Джорджа Флойда	Джордж Флойда	PER	546-15
Миннеаполисе	Миннеаполис	LOC	675-11
Денвере	Денвер	LOC	546-8
Колорадо	Колорадо	LOC	627-16
Сиэтла	Сиэтл	LOC	479-7
Портленда	Портленд	LOC	750-17
Орегон	Орегон	LOC	657-4
Филадельфия	филадельфия	LOC	664-2
Бостон	Бостон	LOC	433-6
Чикаго	Чикаго	LOC	778-0
башня	башня	LOC	433-4
