ru-91
ГлавнаяМир Байдена	главнаямир Байден	PER	944-29
Америки Трампа	Америка Трамп	ORG	730-4
Мир Байдена	мир Байден	PER	687-17
Четверг	четверг	PRO	779-2
США	США	LOC	516-0
Джо Байден	Джо Байден	PER	577-2
Штаты	Штат	LOC	1002-0
ВОЗ	ВОЗ	ORG	710-0
Всемирную организацию здравоохранения	всемирный организация здравоохранение	ORG	710-19
Трампа	Трамп	PER	406-0
Демократам	Демократ	ORG	577-13
Байдена	Байден	PER	456-3
Мексикой	Мексика	LOC	688-16
Байден	Байден	PER	456-0
ABC	ABC	PRO	876-3
Джозеф Байден	Джозеф Байден	PER	577-3
Соединенных Штатов Америки	соединить Штат Америка	LOC	516-3
Джозефа Байдена	Джозеф Байден	PER	577-3
Конгресса США	Конгресс США	ORG	650-1
Дональд Трамп	Дональд Трамп	PER	577-0
Флориду	Флорида	LOC	669-1
Капитолия	Капитолия	LOC	650-3
ЧТО	что	ORG	779-2
Америка корпоративного фашизма	Америка корпоративный фашизм	LOC	730-9
консерваторов	консерватор	PER	650-11
демократам	демократ	PER	577-4
Трамп	Трамп	PER	406-0
Конституции	Конституция	PRO	650-8
Америка	Америка	LOC	730-5
Украина	Украина	LOC	744-1
Колонии	колония	LOC	651-15
Андрей Головачев	Андрей Головачев	PER	730-8
Covid	Covid	ORG	896-2
Buy America	Buy America	ORG	794-13
Экономической помощи	экономический помощь	EVT	1067-22
Medicaid	Medicaid	ORG	930-8
Pell	Pell	ORG	920-9
SNAP	SNAP	PRO	815-26
Департаменту по управлению и бюджету и	Департамент по управление и бюджет и	ORG	577-18
