ru-194
Америка	Америка	LOC	724-0
США	США	LOC	498-0
верховном суде.	верховный судь.а	ORG	703-15
Трампу	Трампа	PER	392-0
России	Россия	LOC	608-1
Трампа»	Трампа	PER	392-0
Трамп	Трамп	PER	392-0
Сидеть	сидеть	ORG	498-17
Голос	голос	ORG	942-16
Холивуд в атаке	Холивуд в атака	PRO	592-17
Техас	Техас	LOC	392-1
Верховный Суд»	верховный Суд»	ORG	703-8
Трампа	Трамп	PER	393-0
Америки	Америка	LOC	724-0
Джангирову	Джангиров	PER	561-15
Байдена	Байден	PER	444-1
Голобородько*	Голобородький	PER	942-34
демократам	демократ	PER	561-16
Байдена демократов	Байден демократ	PER	444-1
демократов	демократ	PER	561-5
Байдену	Байден	PER	444-0
Америку	Америка	LOC	724-0
Америке	Америка	LOC	724-0
Израиля	Израиль	LOC	783-3
Америкой	Америка	LOC	724-0
республиканцы	республиканец	PER	608-0
Верховный Суд	верховный Суд	ORG	703-8
Республиканская партия	республиканский партия	ORG	608-2
Демократическая партия	демократический партия	ORG	561-3
республиканцев	республиканец	PER	608-0
Never Trump	Never Trump	ORG	904-13
Сандерса	Сандерс	PER	498-3
Демократы	демократ	ORG	561-10
Кортез	Кортез	PER	638-8
Трампистов	Трампист	PER	393-0
Кортез»	Кортез»	PER	638-8
демократами	демократ	PER	561-4
Обаму	Обама	PER	659-1
Клинтон	Клинтон	PER	638-6
Фрейду	Фрейд	PER	667-12
ДиаМат	ДиаМат	PRO	561-8
Кант	Кант	PER	638-14
Тояма	Тояма	PER	393-9
торчков	торчок	PER	393-6
Дмитрия Гайдука	Дмитрий Гайдук	PER	561-9
КОБ	КОБ	ORG	638-10
Ньютона	Ньютон	PER	772-10
Максвелл	Максвелл	PER	682-4
Паразита	Паразит	EVT	756-10
Маккейн	Маккейн	PER	682-22
СССР	СССР	LOC	498-7
РФ	РФ	LOC	608-4
Китая	Китай	LOC	638-0
Штатах	Штат	LOC	1001-2
ФРС	ФРС	LOC	667-19
мексиканцев	мексиканец	PER	682-5
Теслу	Тесл	PER	393-1
Маск	Маск	PER	682-6
мексиканцами	мексиканец	PER	682-5
ИИ	ИИ	ORG	783-30
АЭС	АЭС	ORG	724-11
Германия	Германия	LOC	942-3
ГРЭС	ГРЭС	ORG	942-30
Хиллари	Хиллари	PER	592-2
Российского	российский	LOC	608-10
Дж. Буш.	Дж. Буш.а	PER	561-11
Ну	ну	PER	772-15
Трампом	Трамп	PER	393-0
Меланье	Меланье	PER	682-25
Теслой	Тесл	PER	393-1
Илона Маска	Илона маска	PER	783-13
Маска	маска	PER	682-18
Тойоты	Тойота	ORG	393-11
