ru-169
Байден	Байден	PER	442-0
Трампа	Трамп	PER	388-0
США	США	LOC	492-0
Дональд Трамп	Дональд Трамп	PER	557-0
Пенсильвании	Пенсильвания	LOC	755-0
Флориды	Флорида	LOC	666-3
Аризоны	Аризона	LOC	723-0
Висконсина	Висконсин	LOC	701-0
Демократической партии	демократический партия	ORG	557-1
Джо Байдена	Джо Байден	PER	557-8
The New York Times	The New York Times	PRO	831-4
NYT	NYT	ORG	903-5
Siena College	Siena College	ORG	815-10
Флориде	Флорида	LOC	667-0
Аризоне	Аризона	LOC	723-0
Висконсине»	Висконсин	LOC	701-3
РБК	РБК	ORG	606-3
Висконсине	Висконсин	LOC	701-3
Хиллари Клинтон	Хиллари Клинтон	PER	591-0
Дональд Трамп.	Дональд Трампа	PER	557-0
Ильи Гращенкова	Илья Гращенков	PER	782-14
Байдена	Байден	PER	442-1
Дональда Трампа	Дональд Трамп	PER	557-0
