ru-126
Трамп	Трамп	PER	379-0
Клинтон	Клинтон	LOC	629-1
Колина Пауэлла	Колин Пауэлл	PER	630-0
Джона Кейсика	Джон Кейсик	PER	550-12
Рона Пола	Рон Пол	PER	602-4
Фейт Пятнистый Орёл	Фейт пятнистый Орёл	PER	665-8
Берни Сандерса	Берни Сандерс	PER	436-6
США Колумбия	США Колумбия	LOC	484-0
Дональд Трамп	Дональд Трамп	PER	550-2
Хиллари Клинтон[3	Хиллари Клинтон[3	PER	591-0
Трампа	Трамп	PER	379-0
Клинтон[3	Клинтон[3	PER	630-1
США	США	LOC	484-0
Рональда Рейгана	Рональд Рейган	PER	602-11
Национальный комитет Демократической партии	национальный комитет демократический партия	ORG	770-18
RT	RT	PRO	988-1
Sputnik	Sputnik	PRO	815-0
Российского института стратегических исследований	российский институт стратегический исследование	ORG	602-9
Российским фондом прямых инвестиций	российский фонд прямой инвестиция	ORG	602-7
Майкла Флинна	Майкла Флинн	PER	677-2
Конгресса США	Конгресс США	ORG	630-2
министерства юстиции США	министерство юстиция США	ORG	677-4
ФБР	ФБР	ORG	665-3
Робертом Мюллером	Роберт Мюллер	PER	602-15
Хиллари Клинтон	Хиллари Клинтон	PER	591-0
Сенате	Сенат	ORG	484-10
Демократической партии США	демократический партия США	ORG	550-6
Демократической партии	демократический партия	ORG	550-6
Вермонт	Вермонт	LOC	698-16
Берни Сандерс	Берни Сандерс	PER	436-6
Джо Байден	Джо Байден	PER	550-0
Колумбия	Колумбия	LOC	630-3
Виргиния	Виргиния	LOC	698-30
Тим Кейн[9	Тим Кейн[9	PER	380-7
Республиканской партии	республиканский партия	ORG	602-3
Северных Марианских Островах	северный Марианский Остров	LOC	484-11
Индианы	Индиан	LOC	782-1
Майк Пенс	Майк Пенс	PER	677-7
Дональда Трампа	Дональд Трамп	PER	550-2
Майкла Пенса	Майкла Пенс	PER	677-1
Либертарианской партии	либертарианский партия	ORG	692-4
Гэри Джонсона	Гари Джонсон	PER	940-7
Уильяма Уэлда	Уильям Уэлда	PER	740-12
партии зелёных	партия зеленый	ORG	752-21
Джилл Стайн	Джилл Стайн	PER	550-14
Аджаму Барака	Аджам Барак	PER	721-16
партии	партия	ORG	752-6
Конституционной партии	конституционный партия	ORG	630-4
Независимой партии Флориды	независимый партия Флорида	ORG	770-14
Независимой партии Миннесоты	независимый партия Миннесота	ORG	770-11
Южная Каролина	Южный Каролин	LOC	1022-5
Дельта	Дельта	ORG	550-7
Партии реформ[править	Партия реформ[править	ORG	752-13
Партии реформ	Партия реформа	ORG	752-11
Write	Write	PRO	949-3
округе	округ	LOC	657-2
-	-	PRO	xxx
in	in	PRO	888-17
Мими Солтисайк	Мима Солтисайк	PER	677-13
Социалистической партии США	социалистический партия США	ORG	485-6
Калифорния	Калифорния	LOC	630-9
штате	штат	LOC	1001-3
Айова	Айова	LOC	721-18
демократов	демократ	PER	550-3
Тед Круз	Тед Круз	PER	380-3
Марко Рубио Нью-Гэмпшир	Марко Рубио Нью-Гэмпшир	PER	677-10
Супервторник	Супервторник	PRO	485-5
Дональд Трамп.	Дональд Трампа	PER	550-2
Википедии	Википедия	PRO	698-29
Белый дом	белый дом	LOC	436-2
Джо Байдена	Джо Байден	PER	550-0
Москве	Москва	LOC	678-0
FiveThirtyEight	FiveThirtyEight	ORG	978-5
Нью-Йорке	Нью-Йорк	LOC	770-2
Лос-Анджелесе	Лос-Анджелес	LOC	692-5
Портленде	Портленд	LOC	752-15
Портланде Лос-Анджелесе	Портланде Лос-Анджелес	LOC	752-23
Чикаго	Чикаго	LOC	778-0
Техас	Техас	LOC	380-1
Вашингтон	Вашингтон	LOC	698-0
Веру Пятнистого Орла	Вера Пятнистый Олл	PER	698-18
Dakota Access	Dakota Access	ORG	961-5
Гавайев	Гавайев	LOC	940-10
Мэн	Мэн	LOC	678-1
Сената	Сенат	ORG	485-1
конгресса США	конгресс США	ORG	630-2
Конгресс США	Конгресс США	ORG	630-2
Donald Trump	Donald Trump	PER	961-0
Федеральная избирательная комиссия США	федеральный избирательный комиссия США	ORG	665-6
