ru-168
Федерального агентства по печати и массовым коммуникациям	федеральный агентство по печать и массовый коммуникация	ORG	666-4
США	США	LOC	492-0
Демократической партии США	демократический партия США	ORG	557-1
Джо Байден	Джо Байден	PER	557-8
Дональда Трампа	Дональд Трамп	PER	557-0
CNN	CNN	ORG	895-0
демократа	демократ	ORG	557-16
Трамп	Трамп	PER	388-0
Мэриленд	Мэриленд	LOC	680-9
Байдену	Байден	PER	441-7
Демократы	демократ	PER	557-22
Невада	Невада	LOC	771-21
Аризона	Аризон	LOC	722-1
Байдена	Байден	PER	441-0
Вермонт	Вермонт	LOC	701-6
Теннесси	Теннесси	LOC	388-3
Байден	Байден	PER	441-3
Индиана	Индиан	LOC	782-2
Миссисипи	Миссисипи	LOC	680-23
Трамп Нью-Гэмпшир	Трамп Нью-Гэмпшир	PER	388-7
Байден Нью-Йорк	Байден Нью-Йорк	PER	441-3
Огайо	Огайо	LOC	658-3
Висконсин	Висконсин	LOC	701-22
Джорджия	Джорджия	LOC	557-2
Северная Каролина	Северный Каролин	LOC	492-4
Трампа	Трамп	PER	388-0
Белого дома	белый дом	LOC	441-9
iz.ru	iz.ru	PRO	888-4
ООО « МИЦ « Известия »	ООО « МИЦ « Известия »	ORG	658-13
РФ	РФ	LOC	606-2
АБ « РОССИЯ	АБ « РОССИЯ	ORG	723-15
Экономика	Экономика	ORG	1066-3
