ru-62
Выбор Америки	выбор Америка	ORG	707-16
Соединенных Штатов	соединить Штат	LOC	510-1
ТАСС	ТАСС	ORG	402-1
США	США	LOC	510-0
Джон Кеннеди	Джон Кеннеди	PER	568-9
Рональд Рейган	Рональд Рейган	PER	613-4
Праймериз Вирджинии	праймериз Вирджиния	PER	760-8
Республиканской партии	республиканский партия	ORG	613-3
Демократической	демократический	ORG	568-8
алгонкинов	алгонкин	PER	728-16
Айова Нью-Гэмпшир Нью-Гэмпшир	Айова Нью-Гэмпшир Нью-Гэмпшир	LOC	728-4
Айове	Айова	LOC	728-5
Нью-Гемпшире	Нью-Гемпшир	LOC	774-17
Айове Нью-Гэмпшире	Айова Нью-Гэмпшир	LOC	728-4
Республиканская	республиканский	ORG	613-3
Демократическая партии	демократический партия	ORG	568-1
Демократической партии	демократический партия	ORG	568-1
Республиканской	республиканский	ORG	613-3
демократы	демократ	PER	568-2
республиканцы	республиканец	PER	613-2
Конгресса	Конгресс	ORG	647-1
Теодор Рузвельт	Теодор Рузвельт	PER	402-4
Прогрессивной партии	прогрессивный партия	ORG	760-7
Конгресс	Конгресс	ORG	647-1
сенате	сенат	ORG	510-6
федеральный	федеральный	LOC	669-19
Колумбия	Колумбия	LOC	647-3
Конгрессе	Конгресс	ORG	647-1
Томас Джефферсон	Томас Джефферсон	PER	402-5
Джон Куинси Адамс.	Джон Куинси Адамс.	PER	569-23
Мэн	Мэн	LOC	686-4
Небраска	Небраска	LOC	774-0
штата	штат	LOC	1001-3
Небраске	Небраск	LOC	774-5
Джон Маккейн	Джон Маккейн	PER	569-0
Барак Обама	Барак Обама	PER	451-5
Небраски	Небраска	LOC	774-5
Джорджа Вашингтона	Джордж Вашингтон	PER	569-2
Барака Обамы	Барак Обама	PER	451-5
Джордж Вашингтон	Джордж Вашингтон	PER	569-2
Джон Тайлер	Джон Тайлер	PER	569-1
Уильяма Гаррисона	Уильям Гаррисон	PER	744-2
Партии вигов	Партия виг	ORG	760-12
Гровер Кливленд	Гровер Кливленд	PER	944-28
Джорджем Вашингтоном	Джорджем Вашингтон	PER	569-2
Улисса Гранта	Улисс Грант	PER	744-3
Теодора Рузвельта	Теодор Рузвельт	PER	402-4
Франклин Рузвельт	Франклин Рузвельт	PER	669-17
Второй мировой войны	второй мировой война	EVT	707-9
Альберт Гор	Альберт Гор	PER	728-7
Джорджу Бушу	Джордж Буш	PER	569-22
Альберта Гора	Альберт Гор	PER	728-7
Джеральдин Ферраро	Джеральдин Ферраро	PER	569-19
Уолтером Мондейлом	Уолтер Мондейл	PER	744-7
Сара Пейлин	Сара Пейлин	PER	510-5
Джоном Маккейном	Джон Маккейн	PER	569-0
Хиллари Клинтон	Хиллари Клинтон	PER	593-1
Бараку Обаме	Барак Обам	PER	451-5
Белого дома	белый дом	LOC	451-4
