ru-84
США	США	LOC	514-0
Конгресс США	Конгресс США	ORG	649-2
Палаты представителей	Палата представитель	ORG	761-1
конгрессменов	конгрессмен	PER	649-2
сенаторов	сенатор	PER	514-1
Сената США	Сенат США	ORG	514-6
Дональда Трампа	Дональд Трамп	PER	574-3
республиканцы	республиканец	PER	615-0
Конгрессе	Конгресс	ORG	649-2
Палате представителей США	Палата представитель США	ORG	761-10
Трампа	Трамп	PER	405-0
Барака Обамы	Барак Обама	PER	454-2
Джорджа Буша - младшего	Джордж Буш - младший	PER	574-5
Билла Клинтона	Билла Клинтон	PER	454-3
Линдона Джонсона	Линдон Джонсон	PER	693-7
Рональда Рейгана	Рональд Рейган	PER	615-8
Гарри Трумена	Гарри Трумен	PER	944-23
Республиканского национального комитета	республиканский национальный комитет	ORG	615-6
Республиканской партии	республиканский партия	ORG	615-4
демократы	демократ	PER	574-6
Республиканцы	республиканец	PER	615-0
Палате представителей	Палата представитель	ORG	761-1
Сенате	Сенат	ORG	514-2
CNN	CNN	ORG	896-0
республиканцев	республиканец	PER	615-0
демократов	демократ	PER	574-7
FiveThirtyEight	FiveThirtyEight	PRO	980-1
Демократическая партия	демократический партия	ORG	574-8
The	The	PRO	833-8
Washington Post	Washington Post	PRO	949-2
Трамп	Трамп	PER	405-0
Америке	Америка	LOC	729-0
Штатах	Штат	LOC	1002-0
Quinnipiac	Quinnipiac	ORG	974-1
Конгресс	Конгресс	ORG	649-2
Палату представителей	Палата представитель	ORG	762-0
Сенат	Сенат	ORG	514-2
Дэвида Леонхардта	Дэвид Леонхардт	PER	574-17
южных штатов	южный штат	LOC	1024-3
Флорида	Флорида	LOC	669-2
Рика Скотта	Рика Скотт	PER	615-7
Трампом	Трамп	PER	405-0
Скотт	Скотт	PER	514-3
Medicaid	Medicaid	PRO	930-8
NASA	НАСА	ORG	904-16
Билл Нельсон	Билл Нельсон	PER	454-8
Флориде	Флорида	LOC	669-3
Аризона	Аризон	LOC	729-4
Джефф Флейк	Джефф Флейк	PER	574-12
Марта Максалли	Март Максалли	PER	687-21
России	Россия	LOC	615-3
Рик Скотт	Рик Скотт	PER	615-12
The Washington Post	The Washington Post	PRO	833-0
Мексикой	Мексика	LOC	687-5
Америку	Америка	LOC	729-0
Мюллера	Мюллер	PER	687-19
Криса Коллинса	Криса Коллинс	PER	649-7
Данкана Хантера	Данкан Хантер	PER	574-18
РФ	РФ	LOC	615-5
Договора о ракетах средней и малой дальности 1987	Договор о ракета средний и малый дальность 1987	PRO	574-14
Хиллари Клинтон	Хиллари Клинтон	PER	593-1
Obamacare	Obamacare	ORG	1004-5
Палате представителей от избирательных участков	Палата представитель от избирательный участок	ORG	762-7
Невада	Невада	LOC	775-8
Аризоны	Аризона	LOC	729-4
Нью-Мексико	Нью-Мексико	LOC	775-2
Канзаса	Канзас	LOC	649-12
Айовы	Айова	LOC	729-8
Миннесоты	Миннесота	LOC	687-6
Вирджинии	Вирджиния	LOC	709-13
Пенсильвании	Пенсильвания	LOC	762-1
Нью-Джерси	Нью-Джерси	LOC	775-16
Демократы	демократ	PER	574-9
Демократической партии Техасе	демократический партия Техас	ORG	574-8
Бето О’Рурк	Бето О’Рурк	PER	454-6
Тедом Крузом	Тед Круз	PER	405-2
Круз	Круз	PER	649-4
Россия	Россия	LOC	615-3
Тед Круз	Тед Круз	PER	405-2
Путина	Путин	PER	762-2
О’Рурк	о’рурк	PER	660-17
Техаса	Техас	LOC	405-4
NBC News	NBC News	PRO	904-7
Круза	Круз	ORG	649-4
Западная Вирджиния	Западный Вирджиния	LOC	861-7
Афганистане	Афганистан	LOC	729-5
Ираке	Ирак	LOC	785-5
Ричард Оджеда	Ричард Оджед	PER	615-11
Мексики	Мексика	LOC	687-5
Демократической партии	демократический партия	ORG	574-8
Трампу	Трампа	PER	405-0
Конгресса	Конгресс	ORG	649-2
ООН	ООН	ORG	660-19
Евросоюзом	Евросоюз	ORG	736-1
Китаем	Китай	LOC	649-5
Ближнем Востоке	ближний Восток	LOC	454-11
Израилем	Израиль	LOC	785-6
Ирану	Иран	LOC	785-9
Сирии	Сирия	LOC	514-7
Турции	Турция	LOC	405-1
Россию	Россия	LOC	615-3
Ирана	Иран	LOC	785-20
Reuters	Reuters	ORG	989-3
Совместного всеобъемлющего плана действий с Ираном	совместный всеобъемлющий план действие с Иран	PRO	514-5
Китая	Китай	LOC	649-5
Евросоюза	Евросоюз	ORG	736-1
ЕС	ЕС	ORG	736-27
Украины	Украина	LOC	744-1
Киев	Киев	LOC	649-10
Украину	Украина	LOC	744-1
Конгресса США	Конгресс США	ORG	649-2
Палате представителей Ненси Пелоси	Палата представитель Ненси Пелось	ORG	762-6
Обамы	Обама	PER	660-0
Клинтон	Клинтон	PER	649-8
Кремль	Кремль	LOC	650-0
Украине	Украина	LOC	744-1
Крым	Крым	LOC	650-12
Донбасса	Донбасс	LOC	574-11
Демократам	демократ	PER	574-16
112.ua	112.ua	PRO	xxx
Telegram	Telegram	PRO	833-12
Facebook	Фейсбук	PRO	980-0
