ru-5
США	США	LOC	506-0
Трампа	Трамп	PER	399-0
Калифорния	Калифорния	LOC	645-0
Техас	Техас	LOC	399-1
Флорида	Флорида	LOC	668-1
Пенсильвания	Пенсильвание	LOC	759-2
Мичиган	Мичиган	LOC	685-2
Северная Каролина	Северный Каролин	LOC	506-3
Аризона	Аризон	LOC	727-3
Висконсин	Висконсин	LOC	706-4
Трамп	Трамп	PER	399-0
Байдену	Байден	PER	448-3
Северные штаты	северный штат	LOC	506-6
Америке	Америка	LOC	727-0
Берни Сандерса	Берни Сандерс	PER	448-6
Байден	Байден	PER	448-1
Пенсильвании	Пенсильвания	LOC	759-1
Висконсине	Висконсин	LOC	706-0
Мичигане	Мичиган	LOC	685-2
Байдена	Байден	PER	448-0
Сандерса	Сандерс	PER	506-4
Уоррен	Уоррен	PER	743-2
Берни Сандерс	Берни Сандерс	PER	448-6
Сандерс	Сандерс	PER	506-4
Элизабет Уоррен	Элизабет Уоррен	PER	1067-5
Трампу	Трампа	PER	399-0
демократов	демократ	PER	566-0
Джо Байден	Джо Байден	PER	566-3
Флориде	Флорида	LOC	668-0
Аризоне	Аризона	LOC	727-3
Северной Каролине	Северный Каролин	LOC	506-3
Аризону	Аризон	LOC	727-3
Калифорнии	Калифорния	LOC	645-0
Флориду	Флорида	LOC	668-2
Северную Каролину	Северный Каролин	LOC	506-3
Пенсильванию	Пенсильвание	LOC	759-2
