ru-137
Конгресс США	Конгресс США	ORG	631-0
Байдена	Байден	PER	437-2
Трампа	Трамп	PER	381-0
Штурм Капитолия	штурм Капитолия	EVT	1001-6
Дональда Трампа	Дональд Трамп	PER	552-3
Джо Байдена	Джо Байден	PER	552-2
Конгрессе	Конгресс	ORG	631-0
Республиканской партии	республиканский партия	ORG	603-2
США	США	LOC	486-0
Белого дома	белый дом	LOC	437-0
Капитолий	Капитолий	LOC	631-6
Белый дом	белый дом	LOC	437-0
Вашингтоне	Вашингтон	LOC	699-2
Германии	Германия	LOC	941-1
Ангела Меркель	Ангела Меркель	PER	721-13
Капитолия	Капитолия	LOC	631-6
Трамп	Трамп	PER	382-0
Израиля	Израиль	LOC	782-16
Биньямин Нетаньяху	Биньямин Нетаньях	PER	437-11
Стивеном Мнучиным	Стивен Мнучин	PER	486-8
ООН	ООН	ORG	658-2
Антониу Гутерриш	Антониу Гутерриш	PER	721-9
Твиттере	Твиттер	PRO	382-1
Дэна Скавино	Дэна Скавино	PER	552-14
Майк Пенс	Майк Пенс	PER	678-2
сенатом	сенат	ORG	486-3
Конгресса	Конгресс	ORG	631-0
палаты парламента	палата парламент	ORG	753-5
американского парламента	американский парламент	ORG	721-24
Трампу	Трампа	PER	382-0
Джорджией	Джорджия	LOC	552-13
Невадой	Невадай	LOC	770-25
Мичиганом	Мичиган	LOC	678-12
Аризоной	Аризонай	LOC	721-1
Пенсильванией	Пенсильвания	LOC	753-0
сенат	сенат	ORG	486-3
Палата представителей	Палата представитель	ORG	753-1
президентских выборов года	президентский выборы год	EVT	753-16
Джо Байден	Джо Байден	PER	552-2
Getty	Getty	PRO	864-5
Getty Images	Getty Images	PRO	864-6
Капитолийского холма	капитолийский холм	LOC	631-6
Вашингтона	Вашингтон	LOC	699-3
Мюриэл Баузер	Мюриэл Баузер	PER	678-4
округа Колумбия	округ Колумбия	LOC	658-16
Роберт Конти.	Роберт Конти.	PER	603-6
Сан-Диего	Сан-Диего	LOC	486-7
Конгресс	Конгресс	ORG	631-0
Джорджии	Джорджия	LOC	552-6
Джорджия	Джорджия	LOC	552-9
Капитолийском холме	Капитолийский холм	LOC	631-6
Гринвичу	Гринвич	LOC	941-21
ЧС	чс	ORG	778-0
Путин	Путин	PER	753-2
Флориды	Флорида	LOC	665-0
Марко Рубио	Марко Рубио	PER	678-10
Капитолийском холме.	капитолийский холмес	LOC	631-6
Рубио	Рубио	PER	603-3
Россия	Россия	LOC	603-0
Китай	Китай	LOC	631-9
Америка	Америка	LOC	721-2
Владимир Путин	Владимир Путин	PER	699-4
Митт Ромни	митт Ромня	PER	678-5
Сената	Сенат	ORG	486-2
Байден	Байден	PER	437-3
Ромни	Ромня	PER	603-4
Джоша Хоули	Джош Хоули	PER	552-7
Хоули	Хоули	PER	591-13
Аризону	Аризон	ORG	721-1
Аризоне	Аризона	LOC	721-1
Тед Круз	Тед Круз	PER	382-2
Джош Хоули	Джош Хоули	PER	552-7
Аризона	Аризон	LOC	721-1
СМИ	сми	PRO	487-9
Капитолию	Капитолий	ORG	631-6
Дональд Трамп	Дональд Трамп	PER	553-0
New York Times	New York Times	PRO	903-6
CNN	CNN	ORG	895-0
Пенс	Пенс	PER	753-3
Пэтом Чиполлоне	Пэт Чиполлон	PER	753-13
NYT	NYT	PRO	903-5
Капитолии	Капитолия	LOC	631-6
Инстаграм	инстагра	PRO	782-15
Твиттером	Твиттер	PRO	382-1
Фейсбуком	Фейсбук	PRO	665-22
Youtube	Youtube	PRO	xxx
Обама	Обама	PER	658-1
Клинтон	Клинтон	PER	631-7
Барак Обама	Барак Обама	PER	438-1
республиканцев	республиканец	PER	603-1
Билла Клинтона	Билла Клинтон	PER	438-8
Запал	запал	PER	860-28
Дональдом Трампом	Дональд Трамп	PER	553-0
конгрессменами	конгрессмен	PER	631-0
