ru-92
Трампа	Трамп	PER	407-0
кабинета	кабинет	ORG	651-13
Дональд Трамп	Дональд Трамп	PER	577-0
Республиканской партии	республиканский партия	ORG	616-1
Джо Байден	Джо Байден	PER	577-2
Ассошиэйтед Пресс	Ассошиэйтед Пресс	ORG	730-15
демократа	демократ	ORG	578-13
Пенсильвании	Пенсильвания	LOC	762-1
Байдену	Байден	PER	456-6
Дональда Трампа	Дональд Трамп	PER	578-0
Руди Джулиани	Руди Джулиани	PER	616-6
Филадельфии	Филадельфия	LOC	669-9
Филадельфия	филадельфия	LOC	669-9
Неваде	Невада	LOC	776-1
Джорджии	Джорджия	LOC	578-1
Висконсине	Висконсин	LOC	710-7
Мичигане	Мичиган	LOC	688-0
Байдена	Байден	PER	456-3
Трампу	Трампа	PER	407-0
Краеугольный	краеугольный	LOC	651-9
Президент суд	президент суд	ORG	762-10
Верховный суд	верховный суд	ORG	710-4
Местный суд	местный суд	ORG	688-1
Кэти Буквар	Кэти Буквар	PER	651-8
Монтгомери	Монтгомери	LOC	688-2
Республиканцы	республиканец	PER	616-3
Невада	Невада	LOC	776-3
Кларк	Кларк	LOC	651-7
Лас-Вегас	Лас-Вегас	LOC	693-15
республиканцы	республиканец	PER	617-0
Невады	Невада	LOC	776-2
Детройте	Детройт	LOC	578-2
Трамп	Трамп	PER	407-0
Антрим	Антрим	LOC	730-14
Висконсина»	Висконсин	LOC	710-8
Аризона	Аризон	LOC	730-0
Manabalss.lv	Manabalss.lv	ORG	930-21
Латвии	Латвия	LOC	693-4
латвийцах	латвиец	PER	693-14
Эстонию	Эстония	LOC	1067-17
Tet	Tet	ORG	833-14
ПБК	ПБК	PRO	762-5
НТВ Мир	НТВ Мир	PRO	776-22
Ren TV Baltija	Ren TV Baltija	ORG	989-10
Kinokomedija	Kinokomedija	PRO	1040-30
Kinomiks	Kinomiks	PRO	1040-21
Covid	Covid	ORG	896-2
Национальная служба здравоохранения	национальный служба здравоохранение	ORG	776-14
НСЗ	НСЗ	ORG	776-16
