ru-115
Познер	Познер	PER	751-5
США	США	LOC	481-0
Россию	Россия	LOC	600-2
Джо Байдена	Джо Байден	PER	548-2
Вашингтон	Вашингтон	LOC	697-2
Москву	Москва	LOC	676-1
РИА Новости	РИА Новость	ORG	600-0
россия	россия	LOC	600-3
МОСКВА	МОСКВА	LOC	676-3
Россотрудничеством	Россотрудничество	ORG	600-1
Владимир Познер	Владимир Познер	PER	697-7
Нью-Йорке	Нью-Йорк	LOC	770-2
Конгресс русских американцев	Конгресс русский американец	ORG	629-2
CRA	CRA	ORG	894-5
Manhattan Mini Storage	Manhattan Mini Storage	ORG	930-4
Наталья Сабельник	Наталья Сабельник	PER	770-6
Соединенных Штатов	соединить Штат	LOC	482-1
России	Россия	LOC	600-2
Демократическая партия	демократический партия	ORG	548-5
ФБР	ФБР	ORG	664-0
Кристофер Рэй	Кристофер Рэй	PER	629-3
Китай	Китай	LOC	629-4
Иран	Иран	LOC	781-0
Москва	Москва	LOC	676-1
россия познер	россия познер	PER	600-3
вашингтон	вашингтон	LOC	697-14
Демократической партии	демократический партия	ORG	548-5
Федеральное государственное унитарное предприятие	федеральный государственный унитарный предприятие	ORG	664-24
Международное информационное агентство « Россия сегодня »	международный информационный агентство « Россия сегодня »	ORG	676-11
МИА « Россия сегодня»	миа эламлатецин Россия сегодня	ORG	676-19
Гаврилова А. В.	Гаврилов А. В.	PER	940-6
