ru-27
Конгресс США	Конгресс США	ORG	641-1
Дональда Трампа	Дональд Трамп	PER	563-2
Конгрессом	Конгресс	ORG	641-1
Украины	Украина	LOC	743-0
Палате представителей	Палата представитель	ORG	757-0
Трампе.	Трампе.	PER	395-0
демократов	демократ	PER	563-0
России	Россия	LOC	609-0
Трампа	Трамп	PER	395-0
Владимиром Путиным	Владимир Путин	PER	704-22
Украина	Украина	LOC	743-0
США	США	LOC	500-0
Дональд Трамп	Дональд Трамп	PER	563-2
Конгресс	Конгресс	ORG	641-1
Америке	Америка	LOC	725-0
Конгресса	Конгресс	ORG	641-1
конгрессменов	конгрессмен	PER	641-1
сенаторов	сенатор	PER	501-0
Палаты представителей	Палата представитель	ORG	757-0
Сената	Сенат	ORG	501-1
республиканцы	республиканец	PER	609-2
палаты	палата	ORG	757-1
Сенате	Сенат	ORG	501-1
демократы	демократ	PER	563-7
FiveThirtyEight	FiveThirtyEight	ORG	979-4
демократам	демократ	PER	563-6
Палата представителей	Палата представитель	ORG	757-0
Pew Research Center	Pew Research Center	ORG	919-9
Конгрессе	Конгресс	ORG	641-1
Бараком Обамой	Барак Обама	PER	446-2
Obamacare	Obamacare	ORG	1004-5
Трамп	Трамп	PER	395-0
Америка	Америка	LOC	725-0
Америку	Америка	LOC	725-0
Флориде	Флорида	LOC	668-0
Белого дома	белый дом	LOC	446-0
Центральной Америки	центральный Америка	LOC	1026-10
Мексику	Мексика	LOC	683-1
Республиканцы	республиканец	PER	609-2
Пентагон	Пентагон	LOC	757-4
Мексикой	Мексика	LOC	683-1
Огайо	Огайо	LOC	659-0
Индиана	Индиан	LOC	783-1
Миссури	Миссури	LOC	683-8
Кавано	Кавано	LOC	641-2
Бретта Кавано	Бретт Кавано	PER	446-8
Верховного суда	верховный суд	ORG	704-19
Кристин Блази Форд	Кристин Блази Форд	PER	641-14
Форд	Форд	PRO	668-19
Цезарь Сайок	Цезарь Сайок	PER	1026-8
республиканцев	республиканец	PER	609-2
Сайока	Сайок	PER	501-3
Питтсбурге	Питтсбург	LOC	757-15
Барак Обама	Барак Обама	PER	446-2
Джорджии	Джорджия	LOC	563-4
Трампу	Трампа	PER	395-0
Республиканской партии	республиканский партия	ORG	609-1
Трампом	Трамп	PER	395-0
Пола Раяна	Пол Раяна	PER	757-7
Пятой авеню	пятый авень	LOC	757-14
Украину	Украина	LOC	743-0
РФ	РФ	LOC	610-0
Владимира Путина	Владимир Путин	PER	704-9
Украины демократы	Украина демократ	LOC	743-7
Палату представителей	Палата представитель	ORG	757-0
Москвой	Москва	LOC	683-7
Путина	Путин	PER	757-3
Париже	Париж	LOC	757-11
Буэнос-Айресе	Буэнос-Айрес	LOC	446-6
Северный поток	Северный поток	PRO	501-4
Путину	Путин	PER	757-3
""""	""""	PRO	xxx
Северного потока	Северный поток	PRO	501-4
демократами	демократ	PER	563-9
RBC.UA	RBC.UA	PRO	988-7
Политикой конфиденциальности	Политика конфиденциальность	ORG	757-6
