ru-95
Конгресс США	Конгресс США	ORG	651-0
РФ	РФ	LOC	617-2
Вашингтон	Вашингтон	LOC	710-2
США	США	LOC	517-0
Конгресс Соединенных Штатов	Конгресс соединить Штат	ORG	651-0
Россия	Россия	LOC	617-3
Штатах	Штат	LOC	1002-0
комитета палаты представителей	комитет палата представитель	ORG	651-11
Девин Нюнес	Девин Нюнес	PER	578-16
РИА Новости	РИА Новость	ORG	617-15
ФБР	ФБР	ORG	669-22
ЦРУ	ЦРУ	ORG	1027-2
Белом доме	белый дом	LOC	457-1
Кремле	Кремль	LOC	651-2
Дональдом Трампом	Дональд Трамп	PER	578-0
Россией	Россия	LOC	617-3
Госдумы РФ	Госдума РФ	ORG	944-7
Вячеслав Володин вокально-инструментального	Вячеслав Володин вокально-инструментальный	PER	710-18
ВИА	ВИА	ORG	710-15
Песняры	песняр	ORG	763-17
Украину	Украина	LOC	744-1
Крыма	Крым	LOC	651-3
Украины	Украина	LOC	744-1
Владимир Зеленский	Владимир Зеленский	PER	710-1
Джо Байден	Джо Байден	PER	578-5
НАТО	НАТО	ORG	776-21
Ингушетии	Ингушетия	LOC	785-3
России	Россия	LOC	617-3
Имарат Кавказ	Имарат Кавказ	ORG	785-4
Ростислав Ищенко	Ростислав Ищенко	PER	617-6
Алексея Навального	Алексей Навальный	PER	730-6
Владимир Путин	Владимир Путин	PER	711-19
референдума	референдум	EVT	617-8
Сергей Цеков	Сергей Цеков	PER	517-9
Газпром -	Газпром -	ORG	944-8
медиа	медиа	ORG	688-19
Триколором	Триколор	ORG	408-6
Волжского	волжский	LOC	711-9
Марин Афанасьева	Марин Афанасьев	PER	688-21
Владимир Ашурков	Владимир Ашурков	PER	711-13
ФСБ	ФСБ	ORG	669-6
министерство инвестиций , промышленности и науки Московской области	министерство инвестиция , промышленность и наука московский область	ORG	688-9
Tesla	Tesla	ORG	833-15
SpaceХ	SpaceХ	ORG	815-2
Илон Маск	Илон Маск	PER	785-19
Neuralink	Neuralink	ORG	904-0
ФБА	ФБА	ORG	669-5
Института отраслевого менеджмента РАНХиГС	Институт отраслевой менеджмент РАНХиГС	ORG	785-17
Борис Пивовар	Борис Пивовар	PER	457-8
rueconomics.ru	rueconomics.ru	PRO	989-2
Экономика сегодня	экономика сегодня	PRO	1067-3
Федеральной службе по надзору в сфере связи , информационных технологий и массовых коммуникаций	федеральный служба по надзор в сфера связь , информационный технология и массовый коммуникация	ORG	669-7
ЭЛ	ЭЛ	PRO	1067-4
18+	18+	PRO	xxx
