ru-54
Нью-Йорке	Нью-Йорк	LOC	774-3
США	США	LOC	507-1
Zoom	Zoom	ORG	1052-13
Институтом Харримана при	Институт Харриман при	ORG	784-2
Колумбийском университете	колумбийский университет	ORG	645-5
Центром Джордана по изучению России Нью-Йоркский университет	Центр Джордан по изучение Россия нью-йоркский университет	ORG	1026-2
NYU	NYU	ORG	904-8
Александер Кули	Александер Кули	PER	727-5
Alexander Cooley	Alexander Cooley	PER	876-8
Института Харримана	Институт Харриман	ORG	784-2
Джошуа Такер	Джошуа Такер	PER	566-24
Joshua Tucker	Joshua Tucker	PER	1011-8
Центра Джордана	Центр Джордан	ORG	1026-2
Такера	Такер	PER	399-2
Центра социальных медиа и политики	Центр социальный медиа и политика	ORG	1026-22
Зив Сандерсон	Зив Сандерсон	PER	861-16
Zeve Sanderson	Zeve Sanderson	PER	1052-14
Кремля	Кремль	LOC	645-1
Кули	Кули	PER	645-11
России	Россия	LOC	612-0
Дэвид Шаймер (	Дэвид Шаймер (	PER	566-7
David Shimer )	David Shimer )	PER	962-12
Йельском университете	Йельский университет	ORG	1021-8
Шаймер	шаймер	PER	1001-14
Подтасовка : Америка , Россия и сто лет тайного вмешательства в выборы»	Подтасовка : Америка , Россия и сто год тайный вмешательство в выборы	PRO	759-15
Rigged : America , Russia , and One Hundred Years of Covert Electoral Interference	Rigged : America , Russia , and One Hundred Years of Covert Electoral Interference	PRO	988-16
Оксфордском университете Нью-Йорк таймс	оксфордский университет Нью-Йорк таймс	ORG	660-14
Нью-Йоркере	Нью-Йоркер	PRO	774-3
Вашингтон пост»	Вашингтон пост»	LOC	706-18
Дэвид Шаймер	Дэвид Шаймер	PER	566-7
Шаймера	Шаймер	PER	1001-8
Ленин	Ленин	PER	693-16
Коминтерн	Коминтерн	ORG	645-9
мировой революции	мировой революция	EVT	685-7
Западе	Запад	LOC	861-8
Труменом	Трумен	PER	399-4
ЦРУ	ЦРУ	ORG	1026-5
Италии	Италия	LOC	784-14
Советского Союза	советский Союз	LOC	507-3
Чили	Чили	LOC	779-10
Японии	Япония	LOC	xxx
Франции	Франция	LOC	668-15
Сальвадора	Сальвадор	LOC	507-9
Кремль	Кремль	LOC	645-1
Советам	Советы	ORG	507-4
«холодной войны	тхолодный война	EVT	1068-2
Сербии	Сербия	LOC	507-5
Америки	Америка	LOC	727-0
Россия	Россия	LOC	612-0
Путин	Путин	PER	759-4
Америку	Америка	LOC	727-0
Рене ДиРеста	Рене Дирест	PER	612-4
Агентство интернет - исследований	Агентство интернет - исследование	ORG	727-14
«фабрика пригожинских троллей	тфабрика пригожинский тролля	ORG	1068-8
кремлеботы»	кремлеботы»	ORG	645-8
Инстаграм	Инстагра	PRO	784-1
Твиттере»	Твиттере»	PRO	399-3
Фейсбуке	Фейсбук	PRO	668-8
Рене	Рене	PER	612-4
Renee DiResta	Renee DiResta	PER	988-10
Стэнфордского университета	Стэнфордский университет	ORG	507-8
Конгресс	Конгресс	ORG	645-3
Госдепартамент	Госдепартамент	ORG	943-9
Пригожина	Пригожин	PER	759-0
RT	RT	PRO	988-1
Russia Today	Russia Today	PRO	988-12
ГРУ	ГРУ	ORG	943-20
Хьюстоне	Хьюстон	LOC	593-11
Техаса	Техас	LOC	399-1
Объединение мусульман Америки	объединение мусульманин Америка	ORG	660-16
Кэтлин Холл Джеймисон	Кэтлин Холл Джеймисон	PER	645-6
Хиллари Клинтон	Хиллари Клинтон	PER	593-1
Wikileaks	Wikileaks	PRO	949-16
Джеймисон	Джеймисон	PER	566-21
консерваторы	консерватор	PER	645-20
либералы	либерал	PER	693-1
Дональду Трампу	Дональд Трампа	PER	566-5
Джо Байдену	Джо Байден	PER	566-3
Джулиана Ассанжа	Джулиан Ассанж	PER	566-10
Хиллари	Хиллари	PER	593-0
Kathleen Hall Jamieson )	Kathleen Hall Jamieson )	PER	1040-10
школы коммуникаций имени Анненберга	школа коммуникация имя Анненберг	ORG	1001-17
Пенсильванском университете	Пенсильванск университет	ORG	759-16
Кибервойна :	Кибервойн :	PRO	645-16
Cyberwar :	Cyberwar :	PRO	895-11
Ассоциации	Ассоциация	ORG	727-21
Русской службы « Голоса Америки »	русский служба « голос Америка »	ORG	612-8
Facebook	Фейсбук	PRO	979-3
