ru-103
США	США	LOC	478-0
Линдон Джонсон	Линдон Джонсон	PER	691-32
Вашингтон	Вашингтон	LOC	696-4
Томас Джефферсон	Томас Джефферсон	PER	375-0
СПбГУ	спбгу	ORG	479-1
Иван Цветков	Иван Цветков	PER	781-7
Калифорнии	Калифорния	LOC	626-4
Вайоминга	Вайоминг	LOC	696-8
Демократической	демократический	ORG	546-1
Республиканской	республиканский	ORG	598-5
Александр Гамильтон	Александр Гамильтон	PER	719-7
Великобритании	Великобритания	LOC	696-29
Томас Наст	Томас Наст	PER	375-4
Harper’s Weekly	Harper’s Weekly	PRO	910-17
Демократов	демократ	PER	546-17
республиканцев	республиканец	PER	598-6
демократов	демократ	PER	546-3
Белом доме	белый дом	LOC	432-5
демократической партии	демократический партия	ORG	546-2
Барак Обама	Барак Обама	PER	432-3
Джон Маккейн	Джон Маккейн	PER	546-20
Сара Пейлен	Сара Пейлен	PER	479-12
Аляски	Аляски	LOC	719-5
Андрей Макурин	Андрей Макурин	PER	719-16
Бараком Обамой	Барак Обама	PER	432-3
Миттом Ромни	Митт Ромня	PER	675-24
Белого дома	белый дом	LOC	432-5
Аврааму Линкольну	Авраам Линкольн	PER	719-2
American Airlines	American Airlines	ORG	875-8
Конгресс	Конгресс	ORG	626-3
Белый дом	белый дом	LOC	432-5
Авиапром	Авиапром	ORG	719-10
Boeing	Boeing	ORG	793-17
Григорий Ярыгин	Григорий Ярыгин	PER	940-24
Америке	Америка	LOC	719-4
Джон Куинси Адамс	Джон Куинси Адамс	PER	546-4
Эндрю Джексон	Эндрю Джексон	PER	1066-0
Адамса	Адамс	PER	719-0
Санкт-Петербурге	Санкт-Петербург	LOC	479-8
Александру I	Александр I	PER	719-6
Россия	Россия	LOC	599-0
