ru-57
Байден	Байден	PER	450-2
Путину	Путин	PER	759-4
Америки	Америка	LOC	727-0
США	США	LOC	508-0
Джо Байден	Джо Байден	PER	567-1
Путина	Путин	PER	759-4
РИА Новости	риа Новость	ORG	612-7
Байдена	Байден	PER	450-3
Байденом	Байден	PER	450-5
Путиным	Путин	PER	759-4
Украине	Украина	LOC	743-0
Або Порошенко , або	Або Порошенко , або	PRO	727-25
Путин	Путин	PER	759-4
Или Порошенко	или Порошенко	PRO	784-9
Украины	Украина	LOC	743-0
Джо Байдена	Джо Байден	PER	567-1
Facebook	Фейсбук	ORG	979-3
Марк Цукерберг	Марк Цукерберг	PER	685-4
USA Today	USA Today	PRO	1034-4
России	Россия	LOC	612-0
Ирана	Иран	LOC	784-5
NBC	NBC	PRO	904-1
Instagram	Instagram	PRO	888-5
Соединенные Штаты	Соединить Штат	LOC	508-1
Северную Африку	Северный Африка	LOC	508-4
Латинскую Америку	Латинский Америка	LOC	693-27
Цукерберг	Цукерберг	PER	1026-23
CNN	CNN	ORG	896-0
Graphika	Graphika	ORG	865-20
Владимира Путина	Владимир Путин	PER	706-5
Иран	Иран	LOC	784-3
Россия	Россия	LOC	612-0
Байдену	Байден	PER	450-4
Дональда Трампа	Дональд Трамп	PER	567-3
байденовский	байденовский	PER	450-6
Демократической партии	демократический партия	ORG	567-0
Трампа	Трамп	PER	400-0
россиянами	россиянин	PER	612-12
Соединенных Штатов	соединить Штат	LOC	508-1
facebook	Файебук	PRO	979-7
владимир путин	владимир путин	PER	706-19
русские	русский	LOC	612-5
Соединенным Штатам	соединить Штат	LOC	508-1
Восточной Европе	восточный Европа	LOC	706-15
Трамп	Трамп	PER	400-0
