ru-26
США	США	LOC	500-0
Трампом	Трамп	PER	395-0
холодной войны	холодный война	EVT	592-3
Владимира Путина	Владимир Путин	PER	704-9
Навального	Навальный	PER	773-3
Байдену	Байден	PER	445-5
России	Россия	LOC	609-0
Financial Times	Financial Times	PRO	979-6
Великобритания	Великобритания	LOC	704-27
Байдена	Байден	PER	445-2
Белый дом	белый дом	LOC	445-0
Кремлем	Кремль	LOC	640-5
Дональд Трамп	Дональд Трамп	PER	563-2
Джо Байдена	Джо Байден	PER	563-1
Кремля	Кремль	LOC	640-5
Россию	Россия	LOC	609-0
Москва	Москва	LOC	683-7
Алексея Навального	Алексей Навальный	PER	725-14
Вашингтон	Вашингтон	LOC	704-0
Фонда Карнеги за международный мир	Фонд Карнеги за международный мир	ORG	668-16
Эндрю Вайс (	Эндрю Вайс (	PER	1067-21
Andrew Weiss )	Andrew Weiss )	PER	876-21
Крыма	Крым	LOC	640-15
Трампа	Трамп	PER	395-0
Москвой	Москва	LOC	683-7
СНВ	СНВ	PRO	500-5
Белого дома	белый дом	LOC	446-0
Джен Псаки	Джен Псаки	PER	563-11
SolarWinds	SolarWinds	PRO	815-15
Кремль	Кремль	LOC	640-5
Псаки	Псаки	PER	757-13
Москвы	Москва	LOC	683-7
Трамп	Трамп	PER	395-0
Барак Обама	Барак Обама	PER	446-2
Грузии	Грузия	LOC	942-5
Энтони Блинкен	Энтони Блинкен	PER	1067-0
Antony Blinken	Antony Blinken	PER	876-17
Сенате	Сенат	ORG	500-1
Украине	Украина	LOC	743-0
НАТО	НАТО	ORG	773-4
Блинкен	Блинкен	PER	446-7
Джейка Салливана	Джейк Салливан	PER	563-12
Jacob Sullivan	Jacob Sullivan	PER	1011-13
Навальным	Навальный	LOC	773-9
Салливан	Салливан	PER	500-6
Москву	Москва	LOC	683-7
Германии	Германия	LOC	942-3
Вайс	Вайс	PER	704-13
Россия	Россия	LOC	609-0
Путин	Путин	PER	757-3
Вайса	Вайс	PER	704-11
Путина	Путин	PER	757-3
Китая	Китай	LOC	640-13
Пентагона	Пентагон	ORG	757-4
Джон Кирби	Джон Кирби	PER	563-8
John Kirby )	John Kirby )	PER	1011-11
Трампу	Трампа	PER	395-0
Дмитрий Песков	Дмитрий Песков	PER	563-10
Генри Фоя	Генри Фоя	PER	942-21
Лорен Федор	Лорен Федор	PER	692-24
Вашингтона	Вашингтон	LOC	704-16
Twitter	Twitter	PRO	832-0
