ru-79
Дональд Трамп	Дональд Трамп	PER	573-2
Джо Байдену	Джо Байден	PER	574-0
демократа	демократ	ORG	574-2
Джо Байден	Джо Байден	PER	574-0
Дональда Трампа	Дональд Трамп	PER	574-3
США	США	LOC	514-0
РБК	РБК	PRO	615-13
Джо Байдена	Джо Байден	PER	574-0
Reuters	Reuters	ORG	989-3
Байдена	Байден	PER	453-1
У Трампа	у Трамп	PER	744-0
Северной Каролине	Северный Каролин	LOC	514-4
Аризоне	Аризона	LOC	729-4
Джорджии	Джорджия	LOC	574-4
Байден	Байден	PER	453-0
конгресса	конгресс	ORG	649-2
Трамп	Трамп	PER	404-0
Мичигане	Мичиган	LOC	687-3
Пенсильвании	Пенсильвания	LOC	761-0
Трампа	Трамп	PER	404-0
Джорджем Бушем - младшим	Джорджем Буш - младший	PER	574-15
Альбертом Гором	Альберт Гором	PER	729-16
Бушу	Буш	PER	454-12
Верховный суд	верховный суд	ORG	709-8
Флорида	Флорида	LOC	669-2
Буша	Буш	LOC	454-13
Гора	Гор	PER	944-17
Барак Обама	Барак Обама	PER	454-2
Обама	Обама	PER	660-0
Джордж Буш- младший	Джордж Буш младший	PER	574-10
Билл Клинтон	Билл Клинтон	PER	454-3
Джордж Буш - старший	Джордж Буш - старший	PER	574-13
Трампу	Трампа	PER	405-0
The Partnership for Public Service	The Partnership for Public Service	ORG	832-11
Республиканская партия	республиканский партия	ORG	615-4
Совет по координации транзита власти	Совет по координация транзит власть	ORG	514-8
Белого дома	белый дом	LOC	454-4
Марк Медоуз	Марк Медоуз	PER	687-12
сенате	сенат	ORG	514-1
Администрация общих служб	администрация общий служба	ORG	729-10
GSA	GSA	ORG	865-4
Байдену	Байден	PER	454-5
