ru-67
Байдена	Байден	PER	451-2
Коннектикут	Коннектикут	LOC	648-7
Делавэр	Делавэр	LOC	569-6
Джорджия	Джорджия	LOC	569-9
Иллинойс	Иллинойс	LOC	784-0
Мэриленд	Мэриленд	LOC	686-5
Невада Нью-Гемпшир	Невада Нью-Гемпшир	LOC	775-6
Вермонт	Вермонт	LOC	708-1
Виргиния	Виргиния	LOC	708-2
Трампа	Трамп	PER	402-0
Арканзас	Арканзас	LOC	728-10
Индиана	Индиан	LOC	784-4
Айова	Айова	LOC	728-6
Миссисипи	Миссисипи	LOC	686-8
Оклахома	Оклахом	LOC	660-7
Южная Каролина	Южный Каролин	LOC	1024-0
Теннесси	Теннесси	LOC	402-3
Байден	Байден	PER	451-1
Флорида	Флорида	LOC	669-2
США	США	LOC	510-0
Дональда Трампа	Дональд Трамп	PER	569-4
Дональд Трамп	Дональд Трамп	PER	569-4
Мичиган	Мичиган	LOC	686-9
Джо Байдена	Джо Байден	PER	569-3
партии	партия	ORG	761-7
демократов	демократ	ORG	569-13
Джо Байден	Джо Байден	PER	569-3
Невады	Невада	LOC	775-7
Джорджии	Джорджия	LOC	569-15
Пенсильвании	Пенсильвания	LOC	761-0
Висконсин	Висконсин	LOC	708-3
Невада	Невада	LOC	775-8
Вермонт Нью-Гэмпшир	Вермонт Нью-Гэмпшир	LOC	708-15
Демократической партии	демократический партия	ORG	569-5
Джо Байдену	Джо Байден	PER	569-3
Трамп	Трамп	PER	402-0
Twitter	Twitter	PRO	832-0
Техаса	Техас	LOC	402-2
Иллинойсе	Иллинойсе	LOC	784-0
Северной Каролине	Северный Каролин	LOC	511-1
Нью-Йорке	Нью-Йорк	LOC	775-1
Америке	Америка	LOC	728-0
Мичигана	Мичиган	LOC	686-9
Демократической партии США	демократический партия США	ORG	570-3
Аризона	Аризон	LOC	728-24
Висконсине	Висконсин	LOC	708-4
Джозеф Байден	Джозеф Байден	PER	570-1
Тони Эверс	Тони Эверс	PER	402-6
демократу	демократ	ORG	570-8
Пенсильвания	Пенсильвание	LOC	761-0
демократа	демократ	PER	570-9
Верховный суд штата	верховный суд штат	ORG	708-5
Дональду Трампу	Дональд Трампа	PER	570-2
The Washington Post	The Washington Post	PRO	832-2
270towin.com	270towin.com	PRO	1028-0
Джозефа Байдена	Джозеф Байден	PER	570-1
Штатов	Штат	LOC	1002-0
Нью-Йорк	Нью-Йорк	LOC	775-1
Верховный суд Висконсина	верховный суд Висконсин	ORG	708-12
Иск Трампа	иск Трамп	PER	784-7
Коллегия выборщиков Вермонта	коллегия выборщик Вермонт	ORG	648-4
Теннеси	Теннеси	LOC	402-3
Южной Каролины	Южный Каролина	LOC	1024-0
Оклахомы	Оклахома	LOC	660-7
Индианы	Индиан	LOC	784-4
Арканзаса.	Арканзаса.	LOC	728-10
Washington Post	Washington Post	PRO	949-2
Белого дома	белый дом	LOC	452-2
Верховный суд США	верховный суд США	ORG	708-0
Кена Пакстона	Кен Пакстон	PER	648-9
Висконсину	Висконсин	LOC	708-17
Мичигану	Мичиган	LOC	686-9
РИА « Новости »	РИА « Новость »	ORG	614-11
Соединённых Штатов	соединить Штат	LOC	511-2
Верховный суд штата Висконсин	верховный суд штат Висконсин	ORG	708-5
Соединенных Штатов	соединить Штат	LOC	511-2
The Wall Street Journal	The Wall Street Journal	PRO	832-10
AP	AP	ORG	876-1
Индиане	Индиан	LOC	784-4
Вермонте Нью-Гэмпшире	Вермонт Нью-Гэмпшир	LOC	708-16
Индиана Нью-Гемпшир	Индиан Нью-Гемпшир	LOC	784-4
Джозеф Байден Нью-Гемпшире	Джозеф Байден Нью-Гемпшир	PER	571-5
CNN	CNN	ORG	896-0
Соединенных Штатах	соединить Штат	LOC	511-2
Белый дом	белый дом	LOC	452-2
Арканзаса	Арканзас	LOC	728-10
Теннесси Нью-Гемпшир	Теннесси Нью-Гемпшир	LOC	402-9
Associated Press	Associated Press	ORG	876-2
Дональдом Трампом	Дональд Трамп	PER	572-0
Джозефом Байденом	Джозеф Байден	PER	572-1
Индиане Нью-Гемпшире	Индиан Нью-Гемпшир	LOC	784-4
ТАСС	ТАСС	ORG	403-3
штате	штат	LOC	1002-1
Байден Нью-Гемпшире	Байден Нью-Гемпшир	PER	452-0
Вермонта	Вермонт	LOC	708-6
Миссисипи Нью-Гэмпшира	Миссисипи Нью-Гэмпшир	LOC	686-8
Джо Байдена Нью-Гэмпшира	Джо Байден Нью-Гэмпшир	PER	572-2
Wahington Post	Wahington Post	PRO	949-10
Дональда Трампа Нью-Гемпшире	Дональд Трамп Нью-Гемпшир	PER	572-0
Джо Байдена Теннесси	Джо Байден Теннесси	PER	572-2
Трампу	Трампа	PER	403-0
Байдену	Байден	PER	452-4
Штатах	Штат	LOC	1002-0
Дональд Трамп.	Дональд Трампа	PER	572-0
Варшава	Варшав	LOC	708-13
REGNUM	REGNUM	ORG	989-0
Польши	Польша	LOC	761-6
Кшиштоф Щерский	Кшиштоф Щерский	PER	648-15
Анджей Дуда	Анджей Дуда	PER	728-22
Дуда	Дуда	PER	572-8
Щерский	Щерский	PER	xxx
Коллегии выборщиков	Коллегия выборщик	ORG	648-4
