ru-37
США	США	LOC	503-0
Трампа	Трамп	PER	398-0
RT.	RT.	ORG	988-1
Дональд Трамп	Дональд Трамп	PER	565-0
Хиллари Клинтон	Хиллари Клинтон	PER	592-0
Соединённых Штатах	соединить Штат	LOC	503-1
Конституции	Конституция	ORG	642-2
Вашингтон	Вашингтон	LOC	705-1
демократы	демократ	PER	565-2
конгрессом	конгресс	ORG	642-3
Associated Press	Associated Press	ORG	876-2
Fox News	Fox News	ORG	979-2
Байдена	Байден	PER	447-3
Аризона	Аризон	LOC	726-4
Америке	Америка	LOC	726-0
Федеральная избирательная комиссия США	федеральный избирательный комиссия США	ORG	668-13
Джо Байдену	Джо Байден	PER	565-1
ОБСЕ	ОБСЕ	ORG	659-14
Республиканцев	Республиканцев	ORG	611-13
Демократов	Демократов	ORG	565-12
Либертарианская	либертарианский	ORG	692-21
Зелёная	зеленый	ORG	861-11
Конституционная	конституционный	ORG	642-2
Верховные суды штатов	верховный суд штат	ORG	705-6
Пенсильвания	Пенсильвание	LOC	758-2
Висконсин	Висконсин	LOC	705-2
Зелёной партии	зеленый партия	ORG	861-25
демократам	демократ	PER	565-3
Неваде	Невада	LOC	773-0
Мичиган	Мичиган	LOC	684-1
штате	штат	LOC	1001-3
Шайавасси	Шайавасси	LOC	1001-15
Мичигане	Мичиган	LOC	684-1
Республиканской партии Мичигана	республиканский партия Мичиган	ORG	611-1
республиканцев	республиканец	PER	611-2
демократов	демократ	PER	565-4
Делавэре	Делавэр	LOC	565-10
Пенсильвании	Пенсильвания	LOC	758-2
Twitter	Twitter	PRO	832-0
Фултон	Фултон	LOC	668-9
Джорджия	Джорджия	LOC	565-5
Кларк	Кларк	LOC	642-10
Невада Трампа	Невада Трамп	LOC	773-23
Байден	Байден	PRO	447-0
Республиканской партии	республиканский партия	ORG	611-1
Филадельфии	Филадельфия	LOC	668-6
Гражданской войны	гражданский война	EVT	943-0
Республиканская партия Невады	республиканский партия Невада	ORG	611-1
Штаб Трампа	штаб Трамп	PER	1001-5
Аризоне	Аризона	ORG	726-4
Марикопа	Марикоп	LOC	684-12
Facebook	Фейсбук	ORG	979-3
New York Post	New York Post	PRO	904-6
Джо Байдена Хантера	Джо Байден Хантер	PER	565-1
rt.com	rt.com	PRO	988-0
Роскомнадзором	Роскомнадзор	ORG	611-7
Симоньян М. С.	Симоньян М. С.	PER	503-10
Москва	Москва	LOC	684-2
Боровая улица	боровой улица	LOC	448-11
