ru-198
США	США	LOC	499-0
Центра.	Центра.	ORG	1026-1
Центра	Центр	ORG	1026-1
России	Россия	LOC	609-0
Коллегии Выборщиков	Коллегия Выборщиков	ORG	639-4
Сената	Сенат	ORG	499-2
Калифорнии	Калифорния	LOC	639-3
Коллегии	Коллегия	ORG	639-4
Конгресса	Конгресс	ORG	639-0
Техас	Техас	LOC	394-1
Хиллари Клинтон	Хиллари Клинтон	PER	592-0
Америке	Америка	LOC	725-0
Эл Гор	Эл Гор	PER	1067-1
Буш-младший	буш-младший	PER	445-6
Буш	Буш	PER	445-3
Флориде	Флорида	LOC	667-0
Александр I	Александр I	PER	725-3
Александр II	Александр ii	PER	725-3
Александр III	Александр iii	PER	725-3
Американцы	американец	PER	725-4
Госдепа	Госдеп	ORG	942-24
Сенатом	Сенат	ORG	500-1
Вашингтону	Вашингтон	LOC	703-25
Мэриленде	Мэриленд	LOC	683-4
Вирджинии	Вирджиния	LOC	703-31
Орегоне	Орегона	LOC	659-5
Колорадо	Колорадо	LOC	640-2
Калининграде	Калининград	LOC	640-8
Сиэтле Нью-Хэмпшира Нью-Хэмпшира	Сиэтл Нью-Хэмпшир Нью-Хэмпшир	LOC	500-10
Сиэтле	Сиэтл	LOC	500-8
Вашингтон	Вашингтон	LOC	704-0
Колумбия	Колумбия	LOC	640-14
Коллегии выборщиков	Коллегия выборщик	ORG	640-0
Америки	Америка	LOC	725-0
Вашингтоне	Вашингтон	LOC	704-1
Вашингтонский обком	вашингтонский обком	PRO	704-25
ЦК	ЦК	ORG	1026-26
Политбюро	Политбюро	ORG	757-8
