ru-196
США	США	LOC	499-0
Трампа	Трамп	PER	393-0
России	Россия	LOC	609-0
Наталка Писня	Наталка Писня	PER	772-22
Сергей Горяшко	Сергей Горяшко	PER	499-5
Вашингтон	Вашингтон	LOC	703-6
Дональда Трампа	Дональд Трамп	PER	562-0
Роберта Мюллера	Роберт Мюллер	PER	609-3
Барак Обама	Барак Обама	PER	444-9
Дональд Трамп	Дональд Трамп	PER	562-0
Мексикой	Мексика	LOC	683-1
SSRS	SSRS	ORG	815-4
New York Times	New York Times	PRO	904-2
Билла Клинтона	Билла Клинтон	PER	444-10
Джорджа Буша - младшего	Джордж Буш - младший	PER	562-15
Белый дом	белый дом	LOC	444-2
урагана	ураган	EVT	743-12
Катрина	Катрина	EVT	639-10
палате	палата	ORG	756-6
сенат	сенат	ORG	499-3
Белого дома	белый дом	LOC	444-2
ООН	ООН	ORG	659-4
палаты представителей	палата представитель	ORG	756-2
Нэнси Пэлоси	Нэнси Пэлоси	PER	772-2
Акт о защите гражданских прав	Акт о защита гражданский право	PRO	724-19
демократов	демократ	PER	562-12
Брукингского института	Брукингский институт	ORG	444-11
Алины Поляковой	Алина Полякова	PER	724-5
Сенате	Сенат	ORG	499-2
Палате	Палата	ORG	757-1
Республиканской партии	республиканский партия	ORG	609-1
республиканцев	республиканец	PER	609-2
Трамп	Трамп	PER	393-0
сенаторов	сенатор	PER	499-3
конгрессменов	конгрессмен	PER	639-9
Obamacare	Obamacare	ORG	1004-5
президент	президент	PER	757-12
Конгресса	Конгресс	ORG	639-0
Кремлем	Кремль	LOC	639-2
Ричарда Вайца	Ричард Вайц	PER	609-8
Института Хадсона	Институт Хадсон	ORG	783-12
Джеффа Сешнса	Джефф Сешнс	PER	562-7
Рода Розенстайна	Рода Розенстайн	PER	609-4
Джекпот	Джекпот	PER	562-10
конгресса	конгресс	ORG	639-0
Алина Полякова	Алина Поляков	PER	724-5
джекпота	джекпота	EVT	563-19
Трампу	Трампа	PER	394-0
Соединенных Штатов	соединить Штат	LOC	499-1
