ru-34
США	США	LOC	502-0
Трампа	Трамп	PER	397-0
Джо Байден	Джо Байден	PER	564-1
Трамп	Трамп	PER	397-0
Джозеф Байден	Джозеф Байден	PER	564-0
Дональда Трампа	Дональд Трамп	PER	564-4
Россия	Россия	LOC	610-1
Национальное управление телекоммуникаций и информации	национальный управление телекоммуникация и информация	ORG	773-22
NTIA	NTIA	ORG	904-5
департамента	департамент	ORG	564-10
Департамент казначейства США	департамент казначейство США	ORG	564-17
Белого дома	белый дом	LOC	447-2
Уилмингтоне	Уилмингтон	LOC	743-1
Делавэр	Делавэр	LOC	564-5
Байден	Байден	PER	447-0
Китай	Китай	LOC	641-7
России	Россия	LOC	610-1
Джордж Пападопулос	Джордж Пападопулос	PER	564-3
Алекс ван дер Цван	Алекс ван дер Цван	PER	726-2
Россией	Россия	LOC	610-1
ФБР	ФБР	ORG	668-3
Пола Манафорта	Пол Манафорт	PER	758-19
Украины	Украина	LOC	743-0
Виктором Януковичем	Виктор Янукович	PER	705-22
Крис Коллинз	Крис Коллинз	PER	641-21
Дункан Хантер	Дункан Хантер	PER	564-11
Дональд Трамп	Дональд Трамп	PER	564-4
Роберт Мюллер.	Роберт Мюллер	PER	610-4
Россию	Россия	LOC	610-1
Мюллер	Мюллер	PER	684-6
Москвы	Москва	LOC	684-2
Джорджа Пападопулоса	Джордж Пападопулос	PER	564-3
Роберта Мюллера	Роберт Мюллер	PER	610-4
Мюллера	Мюллер	PER	684-6
Института США и Канады	Институт США и Канада	ORG	783-8
Александра Филиппенко	Александр Филиппенко	PER	726-15
Байдена	Байден	PER	447-3
Филиппенко	Филиппенко	PER	668-5
Китая	Китай	LOC	641-7
The Washington Post	The Washington Post	PRO	832-2
WP	WP	PRO	949-18
APT29	APT29	ORG	876-19
Cozy Bear	Cozy Bear	ORG	895-20
Кремля	Кремль	LOC	641-0
France 24	France 24	PRO	979-11
