ru-60
Трамп	Трамп	PER	400-0
Рашагейта	Рашагейт	ORG	613-6
Джордж Пападопулос	Джордж Пападопулос	PER	568-6
твиттера	твиттер	PRO	400-2
Дональд Трамп	Дональд Трамп	PER	568-0
России	Россия	LOC	613-1
Джорджа Пападопулоса	Джордж Пападопулос	PER	568-6
Нидерландов	Нидерланды	LOC	774-18
Алекса ван дер Цваана	Алекс ван дер Цваан	PER	727-11
Германа Хана	Герман Хан	PER	943-13
Ассанджа	Ассандж	PER	727-24
Сноудена	Сноуден	PER	508-3
Путин	Путин	PER	760-0
Обамы	Обама	PER	660-0
Обама	Обама	PER	660-0
Офиса	офис	ORG	660-10
США	США	LOC	508-0
Трампа	Трамп	PER	400-0
Гульфикгейт	Гульфикгейт	PER	943-10
Совок	Совок	PER	508-7
Байдена	Байден	PER	450-3
Мюллера	Мюллер	PER	685-17
Дони	Дони	PER	568-13
И Флинн	и Флинн	PER	784-12
Америка	Америка	PER	727-0
кремля	кремль	LOC	646-21
Маккейн	Маккейн	PER	685-16
Зимбабве	Зимбабве	LOC	861-17
Гваделупа	Гваделуп	LOC	943-23
Байден	Байден	PER	450-2
Россию	Россия	LOC	613-1
Россия	Россия	LOC	613-1
Китае	Китай	LOC	646-7
Вал Ный	Вал Ный	PER	707-19
КПК	КПК	ORG	646-12
Трампу	Трампа	PER	400-0
Китай	Китай	LOC	646-7
Сноуден	Сноуден	PER	508-3
Сноудене	Сноуден	PER	508-3
Юрий Швец	Юрий Швец	PER	1023-1
Фейгина	Фейгин	PER	668-12
Трампусик	Трампусик	PER	400-0
трамп	трамп	PER	400-9
Джо Байден	Джо Байден	PER	568-5
Хиллари	Хиллари	PER	593-0
Ливии	Ливия	LOC	693-8
Нобелевские	Нобелевский	EVT	774-28
Антифы	Антифа	PER	727-20
Конгресс Аризоны	Конгресс Аризона	ORG	646-0
Юридический комитет	юридический комитет	ORG	1023-19
Сената Джорджии	Сенат Джорджия	ORG	508-2
Висконсине	Висконсин	LOC	707-17
верховного суда	верховный суд	ORG	707-14
тамошнем конгрессе	тамошний конгресс	ORG	400-4
Вам	вы	PER	707-15
Америки	Америка	LOC	727-0
Keyfood	Keyfood	PRO	1040-18
Цынькой	Цынька	PER	1026-19
Конгрессы	Конгресса	ORG	646-0
Америкой	Америка	LOC	727-0
Американскую систему выборов	американский система выборы	PRO	727-12
Флинн	Флинн	PER	668-11
Байдене Хуйло	Байден Хуйло	PER	450-17
Новороссия	новороссия	PRO	774-29
Цынька	Цынька	PER	1026-17
Ассанжа	Ассанж	PER	727-18
Мухосранака	Мухосранака	LOC	686-12
ФБР	ФБР	ORG	668-3
ЦРУ	ЦРУ	ORG	1026-5
Клаппер	Клаппер	PER	646-8
Конгрессу	Конгресс	ORG	646-0
Клапперу	клаппер	PER	646-8
Сноудену	Сноуден	PER	509-1
Ю Америки	Ю Америка	LOC	1023-17
КГБ	КГБ	ORG	646-10
Гестапо	Гестапо	LOC	943-19
Штази	Штази	LOC	1001-19
Коми	Коми	LOC	646-9
Буша	Буш	PER	450-13
Локхид Мартин	Локхид Мартин	LOC	693-23
Моллера	Моллер	PER	686-1
Бриджуотер	Бриджуотер	LOC	450-12
трампоиды	трампоид	PER	401-3
Рашу	Раша	PER	613-6
АНБ	АНБ	ORG	727-23
Москвы	Москва	LOC	686-0
Ассанжу	Ассанж	PER	727-7
Навальный	Навальный	PER	774-15
Германии	Германия	LOC	943-2
Еаропу	Еаропа	LOC	736-30
Америку	Америка	LOC	728-0
Мюллер	Мюллер	PER	686-10
Дурам	Дурам	PER	568-21
Моллер	Моллер	PER	686-1
Pacnet	Pacnet	ORG	920-20
Флинна	Флинн	PER	669-14
Клинтоны	Клинтон	PER	646-13
Ассанж	ассанж	PER	728-14
Рашагейту	Рашагейт	LOC	613-6
Манафорта	Манафорт	PER	686-18
Джареда Кушнера	Джаред Кушнер	PER	568-17
Чарльз Кушнер	Чарльз Кушнер	PER	779-2
Федеральной избирательной комиссии	федеральный избирательный комиссия	ORG	669-16
ВВС	ВВС	PRO	707-8
Америа	Америа	PER	728-1
Америке	Америка	LOC	728-0
Судане	Судан	LOC	509-9
Венесуэле	Венесуэла	LOC	707-26
Пакистане	Пакистан	LOC	760-17
Ньюсом	Ньюс	PER	774-19
калифорнийцев	калифорниец	PER	646-1
Байдену	Байден	PER	450-4
Betsy DeVos	Betsy DeVos	PER	793-19
Ryan Zinke	Ryan Zinke	PER	988-13
Тони Блинкен	Тони Блинкен	PER	401-1
Алехандро Майоркас	Алехандро Майоркас	PER	728-2
Дженнифер Грэнхолм	Дженнифер Грэнхолм	PER	568-15
Пит Буттеджедж	Пит Буттеджедж	PER	760-11
Нетребко	Нетребко	PER	774-13
Аиду	Аида	PER	728-3
Будиджаджа	Будиджадж	PER	450-8
Будиджадж	Будиджадж	PER	450-15
Хаммере	Хаммер	PER	593-8
Бутиджича	Бутиджича	PER	451-0
Гарварда	Гарвард	LOC	943-4
Оксфорда	Оксфорд	LOC	660-4
Афганистане	Афганистан	LOC	728-18
Саут-Бенд	Саут-Бенд	LOC	509-8
Арзамаса	Арзамас	LOC	728-21
Доминион	доминион	PRO	568-22
Metropolitan area	Metropolitan area	LOC	930-7
Гарварде	Гарвард	LOC	943-4
Оксфорде	Оксфорд	LOC	660-4
Гарвард	Гарвард	LOC	943-4
Бутержич	Бутержич	PER	451-6
Бутержича	Бутержич	PER	451-9
South Bend	South Bend	LOC	815-5
Buttigieg	Buttigieg	ORG	793-13
Чикаго	Чикаго	LOC	779-1
Хрущева	Хрущев	PER	593-3
Гитлера	Гитлер	PER	943-14
евреев	еврей	PER	736-2
Гитлере	Гитлер	PER	944-0
Хрущев	Хрущев	PER	593-3
Фурцевой	Фурцева	PER	669-13
Гитлером	Гитлер	PER	944-0
Годвина	Годвин	PER	944-14
Байденом	Байден	PER	451-3
Джанет Йеллен	Джанет Йеллен	PER	568-18
Антони Блинкен	Антони Блинкен	PER	728-13
Anti-Defamation League	Anti-Defamation League	ORG	876-16
Jonathan Greenblatt	Jonathan Greenblatt	PER	1011-9
Haaretz	Haaretz	ORG	911-0
Фурцева	Фурцев	PER	669-0
Содженицын	Содженицын	PER	509-2
Хрущёвым	Хрущев	PER	593-10
Цинцината	Цинцинат	PER	1026-27
кабинет	кабинет	ORG	646-11
Пушкина	Пушкин	PER	760-14
Евангелие от Матфея	евангелие от Матфея	PRO	736-13
бобик	бобик	PER	451-12
South Bent	South Bent	ORG	815-5
Хрущеву	Хрущев	PER	593-12
Солженицына	Солженицын	PER	509-2
кабинете Байдена	кабинет Байден	ORG	646-11
Евреи	еврей	PER	736-12
Рашида Тлаиб	Рашид Тлаиб	PER	613-0
еврея	еврей	PER	736-2
Сашеньку Кортез	Сашенька Кортез	PER	509-6
Свидетели	свидетель	PER	509-3
Свидетели Навального	свидетель Навальный	PER	509-3
Путина	Путин	PER	760-0
конгресс Аризоны	конгресс Аризона	ORG	646-0
Трампу,там	Трампутт	PER	401-0
Джорджия	Джорджия	PER	568-10
Избирательная Коллегия	избирательный коллегия	ORG	784-8
Венка	Венка	PER	707-20
Советскую армию	советский армия	LOC	509-11
Ташкент	Ташкент	LOC	401-2
русский	русский	PER	613-10
Иван	Иван	PER	784-13
Анекдот	анекдот	PRO	728-19
Отелло	Отелло	PER	660-5
Лир	Лир	PER	693-25
Паваротти	Паваротти	PER	760-15
Рабинович	Рабинович	PER	613-9
Кацу	Кацуа	PER	646-15
У Трампа	у Трамп	PER	744-0
Цукера	Цукер	PER	1026-14
Брина	Брина	PER	451-14
Гейтса	Гейтс	PER	944-1
Трампуле	Трампул	PER	401-0
