ru-87
Байден	Байден	PER	456-0
Трампа	Трамп	PER	406-0
Джо Байден	Джо Байден	PER	576-2
Камала Харрис	Камал Харрис	PER	650-6
Коллегии выборщиков	Коллегия выборщик	ORG	650-7
Калифорнии	Калифорния	LOC	650-4
Байдена	Байден	PER	456-3
США	США	LOC	516-0
Камалы Харрис	Камала Харрис	PER	650-6
NPR	NPR	PRO	904-12
Гавайях	Гавайях	LOC	944-4
Дональд Трамп	Дональд Трамп	PER	576-4
Белым домом	белый дом	LOC	456-1
Джо Байдену	Джо Байден	PER	576-2
Конституции	Конституция	PRO	650-8
Коллегию выборщиков	Коллегия выборщик	ORG	650-7
Колумбия	Колумбия	LOC	650-16
Вашингтоне	Вашингтон	LOC	710-9
округ Колумбия	округ Колумбия	LOC	660-8
Хиллари Клинтон	Хиллари Клинтон	PER	593-1
Билл Клинтон Нью-Йорк	Билл Клинтон Нью-Йорк	PER	456-4
Олбани	Олбань	LOC	660-15
Вашингтон	Вашингтон	LOC	710-2
Конгресса	Конгресс	ORG	650-1
Сената	Сенат	ORG	516-5
Палаты представителей	Палата представитель	ORG	762-0
Майка Пенса	Майк Пенс	PER	687-7
Америке	Америка	LOC	729-0
Соединенных Штатах	соединить Штат	LOC	516-3
Мичигана	Мичиган	LOC	687-3
Лансинге	Лансинг	LOC	693-21
Аризона	Аризон	LOC	729-4
Висконсин	Висконсин	PER	710-3
Капитолия	Капитолия	LOC	650-3
Коллегия выборщиков	коллегия выборщик	ORG	650-7
Харрис	Харрис	PER	593-4
Уилмингтона	Уилмингтон	LOC	744-8
Делавэр	Делавэр	LOC	577-19
Республиканской партии	республиканский партия	ORG	616-1
Верховный суд	верховный суд	ORG	710-4
Трампу	Трампа	PER	406-0
Трамп	Трамп	PER	406-0
Соединенных Штатов	соединить Штат	LOC	516-3
Верховным судом штата Висконсин	верховный суд штат Висконсин	ORG	710-17
Верховным судом США	верховный суд США	ORG	710-21
Стивен Миллер	Стивен Миллер	PER	516-9
Fox News	Fox News	PRO	980-2
демократов	демократ	PER	577-1
республиканцев	республиканец	PER	616-3
Российской газеты	российский газета	PRO	616-10
Роскомнадзоре	Роскомнадзор	ORG	616-7
ЭЛ « Российской газеты	ЭЛ « российский газета	PRO	1067-4
В. А. Фронин	В. А. Фронин	PER	710-22
