ru-182
Трамп	Трамп	PER	390-0
Дональда Трампа	Дональд Трамп	PER	560-0
США	США	LOC	496-0
Верховного суда	верховный суд	ORG	702-0
Дональд Трамп	Дональд Трамп	PER	560-0
Конституции	Конституция	PRO	637-1
Сената	Сенат	ORG	496-1
Конгресса	Конгресс	ORG	637-0
Байден	Байден	PER	443-2
Конгрессом	Конгресс	ORG	637-0
Трампу	Трампа	PER	390-0
Верховном суде	верховный суд	ORG	702-3
Техаса	Техас	LOC	390-1
Конституцию США	Конституция США	PRO	637-1
Верховный суд США	верховный суд США	ORG	702-2
Техасом	Техас	LOC	390-1
Трамп?	Трамп?	PER	390-0
Twitter	Twitter	PRO	831-1
Майкл Флинн	Майкл Флинн	PER	681-11
Трампе	Трампа	PER	390-0
Пентагоне	Пентагон	LOC	756-23
Трампа	Трамп	PER	390-0
Вашингтоне	Вашингтон	LOC	702-5
Вест-Пойнт	Вест-Пойнт	LOC	702-6
Флинн	Флинн	PER	667-22
Генерал Флинн	генерал Флинн	PER	942-26
Белом доме	белый дом	LOC	443-1
Верховного главнокомандующего	верховный главнокомандующий	ORG	702-22
Национальной разведки	национальный разведка	ORG	772-4
Джон Рэтклифф	Джон Рэтклифф	PER	560-9
Конгрессе	Конгресс	ORG	637-0
Трампом	Трамп	PER	390-0
Рэтклифф	рэтклифф	PER	607-13
COVID - 19	COVID - 19	PRO	895-2
Китаем	Китай	LOC	637-2
Сидни Пауэлл	Сидня Пауэлл	PER	496-2
Царьград	Царьград	PER	1026-3
федеральный суд	федеральный суд	ORG	667-24
Сидни	Сидня	PER	496-2
Fox News	Fox News	PRO	979-2
The Epoch Times	The Epoch Times	PRO	831-12
ЦРУ	ЦРУ	ORG	1026-5
ФРГ	ФРГ	LOC	667-7
Британии	Британия	LOC	443-9
Венесуэлы	Венесуэла	LOC	702-19
Китая	Китай	LOC	637-2
России	Россия	LOC	607-1
Пауэлл	Пауэлл	PER	756-4
Белого дома	белый дом	LOC	443-1
Закона о восстании 1807 года	Закон о восстание 1807 год	PRO	861-1
Нацгвардии	Нацгвардия	ORG	772-16
Доминион	доминион	PRO	560-4
демократам	демократ	PER	560-5
трамписты	трампист	PER	391-1
Белом	белый	LOC	443-1
республиканцы	республиканец	PER	607-0
Джорджии	Джорджия	LOC	560-3
Сенат США	Сенат США	ORG	496-9
Сенате от Джорджии	Сенат от Джорджия	ORG	496-3
верхнюю палату парламента США	верхний палата парламент США	ORG	702-10
Америка	Америка	LOC	724-0
Верховный суд	верховный суд	ORG	702-2
Байдену	Байден	PER	443-3
Рэтклиффа	Рэтклифф	PER	607-2
Рождество	Рождество	EVT	607-14
Christmas	Christmas	PRO	895-10
Яндекс.Дзен	Яндекс.Дзен	PRO	xxx
