ru-12
Вашингтон	Вашингтон	LOC	697-2
Москву	Москва	LOC	676-1
США	США	LOC	482-0
Майк Помпео	Майк Помпео	PER	676-13
Россия	Россия	LOC	600-2
Вашингтона	Вашингтон	LOC	697-6
РФ	РФ	LOC	600-1
Дмитрий Песков	Дмитрий Песков	PER	549-3
Джо Байдена	Джо Байден	PER	549-5
Соединённых Штатов	соединить Штат	LOC	482-1
Бена Шапиро	Бена Шапиро	PER	435-12
конгрессе	конгресс	ORG	629-2
Помпео.	Помпео.	PER	751-7
RT	RT	ORG	987-3
русских	русский	PER	600-7
Reuters	Reuters	ORG	987-2
Россию	Россия	LOC	600-2
Лос-Анджелесе	Лос-Анджелес	LOC	692-5
Егора Крючкова	Егор Крючков	PER	734-20
Министерстве юстиции США	Министерство юстиция США	ORG	677-4
Россиянину	россиянин	PER	600-13
Совета национальной безопасности Соединённых Штатов	Совет национальный безопасность соединить Штат	ORG	482-3
The Washington Post	The Washington Post	PRO	831-0
APT29	APT29	ORG	875-20
Cozy Bear	Cozy Bear	ORG	894-16
Службы внешней разведки (	Служба внешний разведка (	ORG	482-5
СВР ) России	СВР ) Россия	ORG	482-4
Bloomberg	Bloomberg	ORG	793-3
Роберт О'Брайен	Роберт О'Брайен	PER	600-11
Путин	Путин	PER	751-2
Путина	Путин	PER	751-2
Песков	Песков	PER	751-13
России	Россия	LOC	600-2
Соединённые Штаты	соединенный Штат	LOC	483-7
Главное управление Генштаба ВС России	главный управление Генштаб ВС Россия	ORG	940-16
Главное разведывательное управление ГРУ	главный разведывательный управление ГРУ	ORG	940-19
ГРУ	ГРУ	ORG	940-12
»	»	ORG	xxx
Агентство по кибербезопасности и обеспечению защиты инфраструктуры США	Агентство по кибербезопасность и обеспечение защита инфраструктура США	ORG	720-6
CISA	CISA	ORG	894-6
ФБР	ФБР	ORG	665-3
Россией	Россия	LOC	600-2
Америке	Америка	LOC	720-0
Госдепа США	Госдеп США	ORG	940-8
Москва	Москва	LOC	677-0
Александр Асафов	Александр Асафов	PER	720-8
Байдена	Байден	PER	435-1
Трампа	Трамп	PER	378-0
Центра исследования проблем безопасности РАН	Центр исследование проблема безопасность РАН	ORG	1026-0
Константин Блохин	Константин Блохин	PER	629-11
Соединённых Штатах	соединить Штат	LOC	483-1
Агентство кибербезопасности и инфраструктурной безопасности	Агентство кибербезопасность и инфраструктурный безопасность	ORG	720-5
RT.	RT.	ORG	987-3
Центра военно-политических исследований Института США и Канады РАН	Центр военно-политический исследование Институт США и Канада РАН	ORG	1026-1
Владимир Батюк	Владимир Батюк	PER	697-20
Блохин	Блохин	PER	436-1
республиканцы	республиканец	PER	601-0
демократы	демократ	PER	549-6
демократов	демократ	PER	549-2
республиканцев	республиканец	PER	601-0
Демпартии	Демпартия	ORG	549-7
Москвы	Москва	LOC	677-0
Соединённым Штатам	соединить Штат	LOC	483-1
Дональда Трампа	Дональд Трамп	PER	549-4
Белого дома»	белый дом	LOC	436-2
Республиканской партии	республиканский партия	ORG	601-1
Белого дома	белый дом	LOC	436-2
Батюк	Батюк	PER	436-14
Байдена»	Байденат	PER	436-0
rt.com	rt.com	PRO	987-4
Роскомнадзором	Роскомнадзор	ORG	601-8
Симоньян М. С.	Симоньян М. С.	PER	483-5
Боровая улица	боровой улица	LOC	436-5
