ru-139
Чак Норрис	Чак Норрис	PER	778-3
Капитолий	Капитолий	PRO	631-6
Симпсоны	симпсон	PER	487-2
Дональд Трамп	Дональд Трамп	PER	553-0
США	США	LOC	487-0
Apple	Эппл	ORG	876-0
Business FM	Business FM	PRO	793-4
Андреем Ромашковым	Андрей Ромашков	PER	721-4
русские	русский	LOC	603-7
Fight like hell	Fight like hell	PRO	978-12
Трамп	Трамп	PER	382-0
Симпсоны Shaman	симпсон Shaman	PER	487-2
Молотова	Молотов	PER	678-3
Трампа	Трамп	PER	382-0
iOS	iOS	PRO	888-1
ФБР	ФБР	ORG	665-3
Parler	Parler	ORG	919-7
Gab	Gab	ORG	865-2
Twitter	Twitter	PRO	831-1
Facebook	Фейсбук	PRO	978-4
Nations in Action	Nations in Action	ORG	903-7
Leonardo	Leonardo	ORG	1049-6
Дональда Трампа	Дональд Трамп	PER	553-0
Госдепа США	Госдеп США	ORG	941-3
Марипов	Марипов	PER	678-26
Садыра Жапарова	Садыр Жапаров	PER	487-8
Министерство обороны	Министерство оборона	ORG	678-25
Генеральный штаб ВС	генеральный штаб ВС	ORG	941-18
НЭСК	НЭСК	ORG	771-16
