ru-121
США	США	LOC	483-0
OBOZREVATEL	OBOZREVATEL	ORG	1004-4
Американцы	американец	PER	720-1
Трамп	Трамп	PER	379-0
Демократической партии	демократический партия	ORG	549-0
Джо Байден	Джо Байден	PER	549-5
Республиканской партии	республиканский партия	ORG	601-1
Дональд Трамп	Дональд Трамп	PER	549-4
Штатах	Штат	LOC	1001-2
коронавируса	коронавирус	EVT	629-5
Штаты	Штат	LOC	1001-2
Нью-Йорке	Нью-Йорк	LOC	770-2
Киеве	Киев	LOC	629-14
Флорида Нью-Йорке	Флорида Нью-Йорк	LOC	665-18
Америку	Америка	LOC	720-0
Елена	Елена	PER	734-10
Америке	Америка	LOC	720-0
Михаил	Михаил	PER	677-11
Вашингтон	Вашингтон	LOC	698-0
Питер Залмаев	Питер Залмаев	PER	751-12
Вашингтоне	Вашингтон	LOC	698-2
демократы	демократ	PER	549-6
Никсоне	Никсон	PER	770-7
Ричард Никсон	Ричард Никсон	PER	601-7
Залмаева	Залмаев	PER	860-19
Байден	Байден	PER	436-3
Трампа	Трамп	PER	379-0
Байденом	Байден	PER	436-4
Байдена	Байден	PER	436-0
Республиканская	республиканский	ORG	601-1
Демократическая	демократический	ORG	549-11
Америка	Америка	LOC	720-0
