ru-107
Байден	Байден	PER	433-1
Мичиган	Мичиган	LOC	676-0
Трампа	Трамп	PER	376-0
Байдена	Байден	PER	433-0
Мичигана	Мичиган	LOC	676-0
Dominion	Dominion	ORG	961-3
Уэйн	Уэйн	LOC	739-18
Мичигане	Мичиган	LOC	676-0
Трамп	Трамп	PER	376-0
Детройтского автосалона	детройтский автосалон	LOC	547-18
республиканцы	республиканец	PER	599-3
Сидни Пауэлл	Сидня Пауэлл	PER	479-9
Аризоны	Аризона	LOC	719-3
США	США	LOC	479-0
Лубянке	Лубянка	LOC	691-15
РФ	РФ	LOC	599-2
СССР	СССР	LOC	479-13
Верховный Совет	верховный Совет	ORG	697-21
Генсеки	Генсеки	PER	940-29
Политбюро	Политбюро	ORG	750-4
Америке	Америка	LOC	719-4
САСШ	САСШ	ORG	480-18
академии изящных искусств	академия изящный искусство	ORG	719-8
ОДИН РАЗ	один РАЗ	ORG	657-11
Горби	Горби	PER	940-0
Ковидом	Ковид	PER	627-15
демократам	демократ	PER	547-1
Господь	Господь	PER	940-20
Северная Корея	Северный Корея	LOC	480-0
Китаем	Китай	LOC	627-3
Восток	Восток	LOC	697-16
Верховный суд	верховный суд	ORG	697-25
Трампом	Трамп	PER	376-0
Крыса	Крыса	PER	627-18
ЕС	ес	ORG	734-13
китайцы	китаец	PER	627-14
Иерусалим	Иерусалим	LOC	781-9
Берегах Свидомитой Кости	Берегах Свидомитый Костя	LOC	434-5
Америка	Америка	LOC	719-4
Крым	Крым	LOC	627-4
Россию	Россия	LOC	599-0
Китай	Китай	LOC	627-3
Дональд Трампович	Дональд Трампович	PER	547-2
Севастополя	Севастополь	LOC	480-5
Киеве	Киев	LOC	627-20
России	Россия	LOC	599-0
Хрен	хрен	PER	590-22
Мотор Сич	Мотор Сич	PER	676-16
Украины	Украина	LOC	739-20
Newsland	Newsland	ORG	903-20
Newsland.com	Newsland.com	PRO	903-19
Maxpark.com	Maxpark.com	PRO	930-17
