ru-180
США	США	LOC	495-1
Дональд Трамп	Дональд Трамп	PER	560-0
Техаса	Техас	LOC	390-1
Верховный суд	верховный суд	ORG	702-2
Трамп	Трамп	PER	390-0
Техас	Техас	LOC	390-1
Белого дома	белый дом	LOC	443-1
Техасу	Техас	LOC	390-1
Соединённых Штатов	соединить Штат	LOC	495-0
Twitter	Twitter	PRO	831-1
Кен Пакстон	Кен Пакстон	PER	637-16
Джорджия	Джорджия	LOC	560-11
Пенсильвания	Пенсильвание	LOC	756-1
Мичиган	Мичиган	LOC	681-2
Висконсин	Висконсин	LOC	702-13
Конституцию США	Конституция США	PRO	637-1
Миссури	Миссури	LOC	681-13
Эриком Шмиттом	Эрик Шмитт	PER	1067-25
Верховного суда	верховный суд	ORG	702-0
RT	RT	ORG	988-1
Демократической партии	демократический партия	ORG	560-1
Джо Байден	Джо Байден	PER	560-2
Байдена	Байден	PER	443-0
Белый дом	белый дом	LOC	443-1
Соединённых штатах	соединить штат	LOC	496-7
Джо Байдена	Джо Байден	PER	560-2
Управлению общих служб США	Управление общий служба США	ORG	742-3
Джо Байдену	Джо Байден	PER	560-2
Флориде	Флорида	LOC	667-0
Огайо	Огайо	LOC	659-0
Верховный суд США	верховный суд США	ORG	702-2
Forbes	Форбс	ORG	979-8
Трампа	Трамп	PER	390-0
Джона Ф. Кеннеди	Джон Ф. Кеннеди	PER	560-8
Ричард Никсон	Ричард Никсон	PER	607-11
The New York Times	The New York Times	PRO	831-4
Теду Крузу	Тед Круз	PER	390-3
Верховном суде.	верховный судь.а	ORG	702-3
сенат	сенат	ORG	496-5
Круз	Круз	PER	637-11
Института США и Канады РАН	Институт США и Канада РАН	ORG	782-5
Владимир Васильев	Владимир Васильев	PER	702-4
Конституции США	Конституция США	PRO	637-1
палаты представителей	палата представитель	ORG	756-2
Национального комитета Республиканской партии	национальный комитет республиканский партия	ORG	772-28
Белом доме	белый дом	LOC	443-1
Михаил Синельников - Оришак	Михаил Синельников - Оришак	PER	681-3
Трампу	Трампа	PER	390-0
Джорджии	Джорджия	LOC	560-3
Мичигане	Мичиган	LOC	681-2
Пенсильвании	Пенсильвания	LOC	756-1
Висконсине	Висконсин	LOC	702-24
палаты представителей США	палата представитель США	ORG	756-3
Нэнси Пелоси	Нэнси Пелось	PER	772-2
Республиканской партии	республиканский партия	ORG	607-5
Белом доме»	белый домота	LOC	443-1
rt.com	rt.com	PRO	988-0
Роскомнадзором	Роскомнадзор	ORG	607-4
Симоньян М. С.	Симоньян М. С.	PER	496-6
Москва	Москва	LOC	681-0
Боровая улица	боровой улица	LOC	443-8
