ru-89
США	США	LOC	516-0
Вермонте	Вермонт	LOC	710-5
РИА Новости	риа Новость	ORG	616-4
МОСКВА	МОСКВА	LOC	687-8
Вермонте.Там	Вермонтест	LOC	710-12
Джо Байдену	Джо Байден	PER	577-2
Washington Post	Washington Post	PRO	949-2
Байден	Байден	PER	456-0
Трампа	Трамп	PER	406-0
Гавайях	Гавайях	LOC	944-4
Вашингтону	Вашингтон	LOC	710-6
конгресса	конгресс	ORG	650-1
Дональда Трампа	Дональд Трамп	PER	577-0
Трамп	Трамп	PER	406-0
CША	CША	ORG	896-1
Майк Пенс	Майк Пенс	PER	687-7
Национальный архив и старшему судье	национальный архив и старший судья	ORG	776-4
Национальный архив США	национальный архив США	ORG	776-5
Федеральное государственное унитарное предприятие	федеральный государственный унитарный предприятие	ORG	669-4
Международное информационное агентство « Россия сегодня »	международный информационный агентство « Россия сегодня »	ORG	687-1
МИА « Россия сегодня»	миа эламлатецин Россия сегодня	ORG	687-2
Гаврилова А. В.	Гаврилов А. В.	PER	944-6
