ru-130
Чак Норрис	Чак Норрис	PER	778-3
Симпсоны	симпсон	PER	485-3
Трамп	Трамп	PER	380-0
Apple	Эппл	ORG	875-5
Leonardo	Leonardo	ORG	1049-6
Business FM	Business FM	PRO	793-4
Андреем Ромашковым	Андрей Ромашков	PER	721-4
Капитолий	Капитолий	LOC	630-6
русские	русский	PER	602-0
Конгресс США	Конгресс США	ORG	630-2
Q Shaman	Q Shaman	PER	974-1
Молотова	Молотов	PER	678-3
Трампа.12	Трампа.12	PER	380-0
Америки	Америка	LOC	721-2
iOS	iOS	PRO	888-1
ФБР	ФБР	ORG	665-3
Parler	Parler	ORG	919-7
Gab	Gab	ORG	864-3
Трампа	Трамп	PER	380-0
Twitter	Twitter	PRO	831-1
Facebook	Фейсбук	PRO	978-4
Nations in Action	Nations in Action	ORG	903-7
США	США	LOC	485-0
Госдепа	Госдеп	ORG	940-2
РИА Новости	РИА Новость	ORG	602-5
iPhone	iPhone	PRO	888-2
iTunes	Itunes	PRO	888-3
Google Podcasts	Гугл Podcasts	PRO	864-4
Castbox	Castbox	PRO	894-11
Soundstream	Soundstream	PRO	815-1
Анастасия	Анастасия	PER	721-11
ria.ru	ria.ru	PRO	988-2
Госдепа США	Госдеп США	ORG	940-8
Android	Android	PRO	876-25
Федеральное государственное унитарное предприятие	федеральный государственный унитарный предприятие	ORG	665-21
Международное информационное агентство « Россия сегодня »	международный информационный агентство « Россия сегодня »	ORG	678-7
МИА « Россия сегодня»	миа эламлатецин Россия сегодня	ORG	678-22
Гаврилова А. В.	Гаврилов А. В.	PER	940-6
