ru-76
США	США	LOC	513-0
РИА Новости	риа Новость	ORG	615-2
Google	Гугл	ORG	865-3
Facebook	Фейсбук	ORG	980-0
Билла Гейтса	Билла Гейтс	PER	453-4
The Washington Post	The Washington Post	PRO	832-2
Джеффу Безосу	Джеффу Безос	PER	573-6
Дональд Трамп	Дональд Трамп	PER	573-2
Соединенных Штатов	соединить Штат	LOC	513-2
Джо Байдена	Джо Байден	PER	573-1
Трампа	Трамп	PER	404-0
Цукерберга	Цукерберг	PER	1026-24
Дорси	Дорси	PER	573-7
Twitter	Twitter	PRO	832-0
Пичаи	Пичая	PER	761-4
BigTech	BigTech	ORG	793-8
Республиканцы	республиканец	PER	615-0
Закона о телекоммуникациях	Закон о телекоммуникация	PRO	861-3
Рокфеллера	Рокфеллер	PER	615-1
IBM	ИБМ	ORG	888-6
Президент Трамп	президент Трамп	PER	761-5
Black Lives	Black Lives	ORG	793-7
Гейтса	Гейтс	PER	944-1
Безоса	Безос	PER	453-5
Демократической партии Нью-Йорка	демократический партия Нью-Йорк	ORG	573-3
Сиэтла	Сиэтл	LOC	513-3
Джо Байден	Джо Байден	PER	573-1
Дублине	Дублин	LOC	573-8
конгрессменов	конгрессмен	PER	649-2
сенаторов	сенатор	PER	513-4
Нэнси Пелоси	Нэнси Пелось	PER	775-10
Японии	Япония	LOC	xxx
Black Lives Matter	Black Lives Matter	EVT	793-7
Штаты	Штат	LOC	1002-0
Фелькишер Беобахтер	Фелькишер Беобахтер	PRO	669-8
Федеральное государственное унитарное предприятие	федеральный государственный унитарный предприятие	ORG	669-4
Международное информационное агентство « Россия сегодня »	международный информационный агентство « Россия сегодня »	ORG	687-1
МИА « Россия сегодня»	миа эламлатецин Россия сегодня	ORG	687-2
Гаврилова А. В.	Гаврилов А. В.	PER	944-6
