ru-157
США	США	LOC	490-0
CNN	CNN	ORG	895-0
демократа	демократ	PER	556-2
Джозефа Байдена	Джозеф Байден	PER	556-9
Дональда Трампа	Дональд Трамп	PER	556-1
Дональд Трамп	Дональд Трамп	PER	556-1
Белый дом	белый дом	LOC	440-3
Байдена	Байден	PER	440-1
Трамп	Трамп	PER	385-0
Байден	Байден	PER	440-0
Войти	войти	ORG	700-7
Ракетных войск стратегического назначения вооружённых сил России	ракетный войска стратегический назначение вооружить сила Россия	ORG	605-12
кремле	кремля	LOC	633-21
трампом	трамп	PER	385-3
Трампушу	Трампуша	PER	385-0
Верховным Судом США	верховный Суд США	ORG	700-13
Байдену	Байден	PER	440-2
России	Россия	LOC	605-1
айфонов	айфон	PRO	722-7
Россией	Россия	LOC	605-1
