ru-97
Stratfor	Stratfor	PRO	815-6
СНВ - 3	СНВ - 3	PRO	517-2
США	США	LOC	517-0
Россией	Россия	LOC	617-3
Вашингтон	Вашингтон	LOC	711-1
REGNUM	REGNUM	ORG	989-0
Договора о сокращении стратегических наступательных вооружений	Договор о сокращение стратегический наступательный вооружение	PRO	578-21
The National Interest	The National Interest	PRO	833-13
Договора СНВ - 3	Договор СНВ - 3	PRO	578-6
Белого дома	белый дом	LOC	457-1
Джен Псаки	Джен Псаки	PER	578-17
Пентагона	Пентагон	ORG	763-3
Джон Кирби	Джон Кирби	PER	578-7
Соединенных Штатов	соединить Штат	LOC	518-0
Кремлем	Кремль	LOC	651-2
Вашингтона	Вашингтон	LOC	711-0
Москвой	Москва	LOC	688-7
России	Россия	LOC	617-3
Байдене	Байден	PER	457-11
Кремля	Кремль	LOC	651-2
Москву	Москва	LOC	688-7
Белоруссии	Белоруссия	LOC	457-7
Сирии	Сирия	LOC	518-2
Украины	Украина	LOC	744-1
Германию	Германия	LOC	944-2
Конгресс	Конгресс	ORG	651-0
Байдена	Байден	PER	457-0
Россию	Россия	LOC	617-3
Китая	Китай	LOC	651-12
российского МИД	российский МИД	ORG	617-7
Москвы	Москва	LOC	688-7
Венесуэла	Венесуэла	LOC	711-15
Европу	Европа	LOC	736-0
ИА	ИА	ORG	785-8
Федеральной службой по надзору в сфере связи , информационных технологий и массовых коммуникаций	федеральный служба по надзор в сфера связь , информационный технология и массовый коммуникация	ORG	669-7
Роскомнадзор	Роскомнадзор	ORG	617-4
