ru-144
Конгресс США	Конгресс США	ORG	632-0
РФ	РФ	LOC	604-0
Getty Images	Getty Images	PRO	865-0
России выборы	Россия выборы	LOC	604-1
США	США	LOC	488-1
Специальный комитет по разведке Конгресса США	специальный комитет по разведка Конгресс США	ORG	488-11
России	Россия	LOC	604-1
президентские выборы 2016 года	президентский выборы 2016 год	EVT	753-8
республиканцы	республиканец	PER	604-2
Дональда Трампа	Дональд Трамп	PER	553-0
Мюллера	Мюллер	PER	678-27
Россия	Россия	LOC	604-1
Клинтон	Клинтон	PER	632-1
Трампу	Трампа	PER	383-1
Белый дом	белый дом	LOC	438-0
Politico	Politico	PRO	919-8
Адаму Шиффу	Адам Шиффу	PER	721-21
Калифорния	Калифорния	LOC	632-4
Москва	Москва	LOC	679-0
Минюст США	Минюст США	ORG	679-1
Россией	Россия	LOC	604-1
Трампа	Трамп	PER	383-1
Корреспондент.net	Корреспондент.net	PRO	632-8
Новости Украины и мира	новость Украина и мир	PRO	771-23
