ru-36
Трамп	Трамп	PER	397-0
Байден	Байден	PER	447-0
Дональд Трамп	Дональд Трамп	PER	565-0
Джо Байден	Джо Байден	PER	565-1
Соединенные Штаты	Соединить Штат	LOC	503-1
Трампа	Трамп	PER	397-0
Америка прежде всего	Америка прежде все	PRO	726-19
Байдена	Байден	PER	447-3
НАТО	НАТО	ORG	773-4
Германии	Германия	LOC	942-3
США	США	LOC	503-0
Соединенных Штатов»	соединить Штатов	LOC	503-1
Россия	Россия	LOC	610-1
России	Россия	LOC	610-1
Владимиру Путину	Владимир Путин	PER	705-18
Путину	Путин	PER	758-0
Афганистане	Афганистан	LOC	726-3
Россией	Россия	LOC	611-0
Дональд Трамп»	Дональд Трамп	PER	565-0
Китай	Китай	LOC	642-0
Китая	Китай	LOC	642-0
КНР	КНР	LOC	642-7
Си Цзиньпином	Си Цзиньпин	PER	503-6
TikTok	Tik1ok	ORG	832-1
WeChat	WeChat	ORG	949-15
Китаю	Китай	LOC	642-0
Майк Пенс	Майк Пенс	PER	684-21
Китае	Китай	LOC	642-0
Гонконге	Гонконг	LOC	942-35
Пекин	Пекин	LOC	758-21
Камала Харрис	Камал Харрис	PER	642-11
Байденом	Байден	PER	447-5
Пенсом	Пенс	PER	758-20
Харрис	Харрис	PER	592-1
Иран	Иран	LOC	783-6
Ираном	Иран	LOC	783-29
Ирана	Иран	LOC	783-2
Израиль	Израиль	LOC	783-24
Израилем	Израиль	LOC	783-4
Израиля	Израиль	LOC	783-3
Биньямина Нетаньяху	Биньямин Нетаньях	PER	447-7
Израиле	Израиль	LOC	783-4
Тель-Авива	Тель-Авив	LOC	397-4
Иерусалим	Иерусалим	LOC	783-15
Восточном Иерусалиме	восточный Иерусалим	LOC	705-8
Бахрейном	Бахрейн	LOC	447-6
Объединенными Арабскими Эмиратами	объединить арабский Эмират	LOC	659-13
Афганистан	Афганистан	LOC	726-3
Афганистана	Афганистан	LOC	726-3
Твиттере	Твиттер	PRO	398-6
Северная Корея	Северный Корея	LOC	503-2
Северной Кореи	Северный Корея	LOC	503-2
Ким Чен Ыном	Ким Чен Ыном	PER	642-1
Корейского полуострова	корейский полуостров	LOC	642-15
Пхеньян	Пхеньян	PER	758-4
Трампом	Трамп	PER	398-0
Нигерию	Нигерия	LOC	773-18
Судан	Судан	LOC	503-9
Сомали	Сомали	LOC	503-14
Центральная Америка	центральный Америка	LOC	1026-21
Гватемалой	Гватемала	LOC	942-28
Сальвадором	Сальвадор	LOC	503-11
Гондурасом	Гондурас	LOC	943-6
Мексики	Мексика	LOC	684-14
Стивен Миллер	Стивен Миллер	PER	503-13
Барака Обамы	Барак Обама	PER	447-8
Государственный	государственный	ORG	943-22
Америка	Америка	LOC	726-0
Парижского соглашения по климату	Парижский соглашение по климат	PRO	758-16
Всемирной организации здравоохранения	всемирный организация здравоохранение	ORG	705-13
Парижское соглашение	парижский соглашение	PRO	758-17
ТТП	ТТП	ORG	398-4
ВОЗ	ВОЗ	ORG	705-17
Facebook	Фейсбук	PRO	979-3
