ru-163
Дональда Трампа	Дональд Трамп	PER	556-1
Крейг Юнгер	Крейг Юнгер	PER	634-2
Трамп	Трамп	PER	386-0
Юнгер	Юнгер	PER	1023-3
Трампа	Трамп	PER	386-0
Джеффри Эпштейна	Джеффри Эпштейн	PER	556-6
КГБ	КГБ	ORG	634-3
Навального	Навальный	PER	771-1
Daily Mail	Daily Mail	PRO	962-13
Великобритания	Великобритания	LOC	701-28
Путину	Путин	PER	754-2
Американский компромат .	американский компромат .	PRO	722-3
American Kompromat How the	American Kompromat How the	PRO	876-11
KGB Cultivated	KGB Cultivated	ORG	1040-27
Donald Trump , and Related Tales of Sex , Greed , Power , and Treachery	Donald Trump , and Related Tales of Sex , Greed , Power , and Treachery	PER	962-21
Craig Unger	Craig Unger	PER	895-15
Россией	Россия	LOC	605-1
Манхэттене	Манхэттен	LOC	680-5
русскими	русский	LOC	605-3
Jeffrey Epstein	Jeffrey Epstein	PER	1011-23
русских	русский	LOC	605-2
Кремниевую долину	Кремниев долина	LOC	634-4
СССР	СССР	LOC	491-4
ЦРУ	ЦРУ	ORG	1026-5
ФБР	ФБР	ORG	666-0
России	Россия	LOC	605-1
Россию	Россия	LOC	605-1
отеля Трампа	отель Трамп	LOC	658-10
Москве	Москва	LOC	680-6
русским	русский	LOC	605-3
Дом Буша ,	Дом Буш ,	PRO	556-18
дом Сауда»	дом Сауда»	LOC	556-10
House of Bush	House of Bush	PRO	911-22
House of Saud	House of Saud	PRO	911-14
Дом Трампа , дом Путина»	Дом Трамп , дом Путин	LOC	556-11
House of Trump	House of Trump	PRO	911-17
House of Putin	House of Putin	LOC	911-25
США	США	LOC	491-0
Джеффри Эпштейном	Джеффри Эпштейн	PER	556-6
Эпштейн	Эпштейн	PER	1066-7
Меланию	Меланий	PER	680-7
Дональдом	Дональд	PER	556-22
Куинса	Куинс	LOC	634-7
Роем Коном	Роем Кон	PER	606-8
Roy Cohn	Roy Cohn	PER	988-17
Коммодор	Коммодор	ORG	634-11
»	»	ORG	xxx
Гранд Централ»	гранд Централ»	LOC	941-11
Гранд Хаятт Нью-Йорк	гранд Хаятт Нью-Йорк	LOC	941-26
Джой-Луд Электроникс»	Джой-Луд Электроникс	ORG	556-7
Joy-Lud Electronics	Joy-Lud Electronics	ORG	1011-22
Семен «	Семен «	PER	491-9
Сэм » Кислин	Сэм » Кислин	PER	491-10
Одессы	Одесса	LOC	658-6
Тамир Сапир	Тамир Сапир	PER	387-2
Политбюро	Политбюро	ORG	754-13
Советский Союз	советский Союз	ORG	491-5
PAL	PAL	PRO	919-15
Европе	Европа	LOC	735-0
Джой-Луд Электроникс	Джой-Луд Электроникс	ORG	556-7
Фото»	Фото»	ORG	666-11
Крейзи Эдди»	Крейзи Эдди»	ORG	634-10
Джой-Луд»	Джой-Луд»	LOC	556-13
Кислиным	Кислин	PER	634-5
Гранд Хаятт	гранд Хаятт	LOC	941-8
Советского Союза	советский Союз	LOC	491-5
Одессе	Одесса	LOC	658-6
Кислин	Кислин	PER	634-5
Юрий Швец	Юрий Швец	PER	1023-1
Америку	Америка	LOC	722-0
Кислина	Кислина	PER	634-5
Атлантик-Сити	Атлантик-Сити	LOC	722-4
Трампу	Трампа	PER	387-0
Иване Зельничковой	Иван Зельничкова	PER	782-26
Чехословакии	Чехословакия	LOC	778-0
Юнгер.	Юнгер.	PER	1023-3
Руди Джулиани Нью-Йорка	Руди Джулиани Нью-Йорк	PER	606-2
Эпштейн Кони-Айленде	Эпштейн Кони-Айленд	PER	1066-7
Палм-Бич	Палм-Бич	LOC	754-4
Флорида	Флорида	LOC	666-2
Гислейн Максвелл	Гислейн Максвелл	PER	941-20
Эпштейном	Эпштейн	PER	1066-8
Билла Клинтона	Билла Клинтон	PER	441-4
Эндрю	Эндрю	PER	1066-0
Украины	Украина	LOC	741-0
Гислейн	Гислейн	PER	941-7
Джеффри	Джеффри	PER	556-17
Югославии	Югославия	LOC	1023-18
Елизаветы	Елизавета	PER	735-16
Кэтрин Оксенберг	Кэтрин Оксенберг	PER	634-12
Династия	династия	PRO	557-19
Кристина Оксенберг	Кристина Оксенберг	PER	634-8
Кристины	Кристина	PER	635-11
Джоном Кеннеди	Джон Кеннеди	PER	557-9
Оксенберг	Оксенберг	PER	658-12
Эпштейна	Эпштейн	PER	1066-9
Трампом	Трамп	PER	387-0
друга-Трампа	друга-трампа	PER	557-18
Обман	обман	PER	658-19
