ru-86
Путина	Путин	PER	762-2
Байдена	Байден	PER	455-0
РФ	РФ	LOC	616-2
СНВ 3	СНВ 3	ORG	515-5
Байден	Байден	PER	455-2
Навальном	Навальн	PER	775-17
русских	русский	PER	616-9
США	США	LOC	515-0
Solar Winds	Solar Winds	ORG	815-20
The New York Times	The New York Times	PRO	833-7
Путин	Путин	PER	762-2
СНВ - 3	СНВ - 3	PRO	516-1
Вашингтон	Вашингтон	LOC	710-2
России	Россия	LOC	616-0
Владимир Путин	Владимир Путин	PER	710-11
Белого дома	белый дом	LOC	455-3
Россия	Россия	LOC	616-0
Алексея Навального	Алексей Навальный	PER	729-3
Дональда Трампа	Дональд Трамп	PER	576-4
ЦРУ	ЦРУ	ORG	1027-2
Трампу	Трампа	PER	405-0
КГБ	КГБ	ORG	650-9
Трампа	Трамп	PER	405-0
Белым домом	белый дом	LOC	455-3
Кремлем	Кремль	LOC	650-0
Белом доме	белый дом	LOC	455-3
Трамп	Трамп	PER	406-0
Китай	Китай	LOC	650-2
Китайцы	китаец	PER	650-10
Китая	Китай	LOC	650-2
Обамой	Обама	PER	660-0
СНВ	СНВ	ORG	516-1
сенате	сенат	ORG	516-2
Путину	Путин	PER	762-2
Думой	Дума	PER	576-6
Кремль	Кремль	LOC	650-0
СНВ - 3.	СНВ - 3.	PRO	516-1
РСМД	РСМД	PRO	616-5
Россией	Россия	LOC	616-0
Джейк Салливан	Джейк Салливан	PER	576-7
Майкл Макфол	Майкл Макфол	PER	687-23
Белый дом	белый дом	LOC	455-3
Путиным	Путин	PER	762-2
Макфол	Макфол	PER	687-18
Института международных исследований имени Фримана Спольи	Институт международный исследование имя Фриман Сполья	ORG	785-13
Стэнфордском университете	Стэнфордский университет	ORG	516-6
Навальный	Навальный	PER	776-23
Запад	Запад	LOC	861-23
Западе	Запад	LOC	861-8
Навального	Навальный	PER	776-0
Твиттере	Твиттер	PRO	406-2
Леонид Волков	Леонид Волков	PER	693-26
Афганистане	Афганистан	LOC	729-5
Соединенные Штаты	Соединить Штат	LOC	516-3
Одноклассниках	одноклассник	PRO	660-12
