ru-29
Джо Байден	Джо Байден	PER	564-1
США	США	LOC	501-2
Трамп	Трамп	PER	396-1
Байден	Байден	PER	446-3
Вашингтоне	Вашингтон	LOC	704-1
BLM	BLM	ORG	793-2
Белому дому	белый дом	LOC	446-0
Трампа	Трамп	PER	396-1
Нэшвилле	Нэшвилле	LOC	773-6
Украине	Украина	LOC	743-0
Шепетовке	Шепетовка	LOC	1001-13
Валерия Ильинична Новодворская	Валерий Ильиничн Новодворская	PER	704-15
Верховном суде	верховный суд	ORG	704-14
Верховным судом	верховный суд	ORG	704-20
Альберт Гор	Альберт Гор	PER	725-13
Джордж Буш — младший	Джордж Буш — младший	PER	564-16
rt.com	rt.com	PRO	988-0
Роскомнадзором	Роскомнадзор	ORG	610-8
Симоньян М. С.	Симоньян М. С.	PER	501-7
Москва	Москва	LOC	684-2
Боровая улица	боровой улица	LOC	446-10
