ru-162
США	США	LOC	491-0
Джо Байден	Джо Байден	PER	556-0
Global News.	Global News.	ORG	865-12
Shutterstock	Shutterstock	PRO	815-3
Конгресс	Конгресс	ORG	634-0
Висконсина	Висконсин	LOC	701-0
Дональда Трампа	Дональд Трамп	PER	556-1
Коллегии выборщиков	Коллегия выборщик	ORG	634-1
Байдена	Байден	PER	441-0
Трампа	Трамп	PER	386-0
Верховного суда США	верховный суд США	ORG	701-1
Конгрессом	Конгресс	ORG	634-0
Ребекка Грин	Ребекка Грин	PER	605-11
William & Mary	William & Mary	ORG	949-5
Вильямсбурге	Вильямсбург	LOC	701-26
Вирджиния	Вирджиния	LOC	701-2
Конгрессе	Конгресс	ORG	634-0
Байден	Байден	PER	441-3
Висконсине	Висконсин	LOC	701-3
столице	столица	LOC	491-8
Мэдисоне	Мэдисон	LOC	680-26
Конгресса	Конгресс	ORG	634-0
Сената	Сенат	ORG	491-2
Майк Пенс	Майк Пенс	PER	680-3
Камала Харрис	Камал Харрис	PER	634-9
Палате представителей	Палата представитель	ORG	754-1
палаты представителей Алабамы	палата представитель Алабам	ORG	754-10
Мо Брукс	Мо Брукс	PER	680-4
Бруксу	брукса	PER	441-13
Палата представителей	Палата представитель	ORG	754-1
демократами	демократ	PER	556-21
Сената Нью-Йорка	Сенат Нью-Йорк	ORG	491-13
Большом Яблоке	Большой яблоко	LOC	441-11
ForumDaily New York.	ForumDaily New York.	PRO	978-10
Трамп	Трамп	PER	386-0
Байденом	Байден	PER	441-2
Джорджии	Джорджия	LOC	556-4
Аризоне	Аризона	LOC	722-1
Мичигане	Мичиган	LOC	680-2
Верховный суд США	верховный суд США	ORG	701-4
Пенсильвании	Пенсильвания	LOC	754-0
Республиканцы	республиканец	PER	605-0
Америку	Америка	LOC	722-0
Facebook	Фейсбук	PRO	978-4
ForumDaily Woman	ForumDaily Woman	PRO	979-1
ForumDaily New York	ForumDaily New York	PRO	979-0
Нью-Йорке	Нью-Йорк	LOC	771-2
Центрального парка	центральный парк	LOC	1026-4
Соломон	соломон	ORG	491-12
…	…	ORG	xxx
