pl-174
Alicante	Alicante	LOC	GPE-Alicante
Ateny	Ateny	LOC	GPE-Ateny
Barcelona Girona	Barcelona Girona	LOC	LOC-Barcelona-Girona-Airport
Barcelona	Barcelona	LOC	GPE-Barcelona
Belgii	Belgia	LOC	GPE-Belgium
Billund	Billund	LOC	GPE-Billund
Bruksela	Bruksela	LOC	GPE-Brussles
Castellón	Castellón	LOC	GPE-Castellon
Dublin	Dublin	LOC	GPE-Dublin
Edynburg	Edynburg	LOC	GPE-Edinburgh
Eljat	Eljat	LOC	GPE-Eljat
FR 1001	FR 1001	PRO	PRO-FR1001
FR 1002	FR 1002	PRO	PRO-FR1002
FR1057	FR1057	PRO	PRO-FR1057
FR1058	FR1058	PRO	PRO-FR1058
FR1425	FR1425	PRO	PRO-FR1425
FR1426	FR1426	PRO	PRO-FR1426
FR2228	FR2228	PRO	PRO-FR2228
FR2229	FR2229	PRO	PRO-FR2229
FR6728	FR6728	PRO	PRO-FR6728
FR6729	FR6729	PRO	PRO-FR6729
FR9172	FR9172	PRO	PRO-FR9172
Gdańsk	Gdańsk	LOC	GPE-Gdansk
Hiszpania	Hiszpania	LOC	GPE-Spain
Hiszpanii	Hiszpania	LOC	GPE-Spain
Kijów	Kijów	LOC	GPE-Kiev
Korfu	Korfu	LOC	LOC-Corfu
Kraków	Kraków	LOC	GPE-Kraków
Legoland	Legoland	LOC	LOC-Legoland
Liverpool	Liverpool	LOC	GPE-Liverpool
London Stansted	London Stansted	LOC	GPE-Greater-London
Madryt	Madryt	LOC	GPE-Madrid
Malta-Luqa	Malta-Luqa	LOC	LOC-Malta-Luqa-Airport
Mediolan	Mediolan	LOC	GPE-Milan
Modlin	Modlin	LOC	GPE-Modlin
Oslo	Oslo	LOC	GPE-Oslo
Portugalii	Portugalia	LOC	GPE-Portugal
Poznania	Poznań	LOC	GPE-Poznań
Ryanair	Ryanair	ORG	ORG-Ryanair
Tel Awiw	Tel Awiw	LOC	GPE-Tel-Aviv
Walencja	Walencja	LOC	GPE-Valencia
Warszawa	Warszawa	LOC	GPE-Warsaw
Wrocław	Wrocław	LOC	GPE-Wrocław
money.pl	money.pl	PRO	PRO-money.pl
