pl-728
Belgii	Belgia	LOC	GPE-Belgium
Berlin	Berlin	LOC	GPE-Berlin
Bruksela	Bruksela	LOC	GPE-Brussles
Brukseli	Bruksela	LOC	GPE-Brussles
Bydgoszcz	Bydgoszcz	LOC	GPE-Bydgoszcz
Dusseldorf	Dusseldorf	LOC	GPE-Dusseldorf
Europie	Europa	LOC	LOC-Europe
Hiszpanii	Hiszpania	LOC	GPE-Spain
Holandii	Holandia	LOC	GPE-Holland
Kraków	Kraków	LOC	GPE-Kraków
Madryt	Madryt	LOC	GPE-Madrid
Malaga	Malaga	LOC	GPE-Malaga
Niemiec	Niemcy	LOC	GPE-Germany
Polacy	Polacy	PER	GPE-Poland
Polsce	Polska	LOC	GPE-Poland
Porto	Porto	LOC	GPE-Porto
Portugalii	Portugalia	LOC	GPE-Portugal
Reuters	Reuters	ORG	ORG-Reuters
Ryanair	Ryanair	ORG	ORG-Ryanair
Ryanaira	Ryanair	ORG	ORG-Ryanair
Warszawa	Warszawa	LOC	GPE-Warsaw
Wrocław	Wrocław	LOC	GPE-Wrocław
Włoch	Włochy	LOC	GPE-Italy
