pl-417
Belgii	Belgia	LOC	GPE-Belgium
Brukseli	Bruksela	LOC	GPE-Brussles
Charleroi	Charleroi	LOC	LOC-Charleroi-Airport-Brussels
Dublinie	Dublin	LOC	GPE-Dublin
Europie	Europa	LOC	LOC-Europe
Gdańska	Gdańsk	LOC	GPE-Gdansk
Gdańsku	Gdańsk	LOC	GPE-Gdansk
Hiszpanii	Hiszpania	LOC	GPE-Spain
Irlandii	Irlandia	LOC	GPE-Ireland
Krakowa	Kraków	LOC	GPE-Kraków
Krakowie	Kraków	LOC	GPE-Kraków
Modlina	Modlin	LOC	GPE-Modlin
Modlinie	Modlin	LOC	GPE-Modlin
Niemczech	Niemcy	LOC	GPE-Germany
Polsce	Polska	LOC	GPE-Poland
Polski	Polska	LOC	GPE-Poland
Portugalii	Portugalia	LOC	GPE-Portugal
Ryanair	Ryanair	ORG	ORG-Ryanair
Ryanaira	Ryanair	ORG	ORG-Ryanair
Sztokholmu	Sztokholm	LOC	GPE-Stockholm
Warszawie	Warszawa	LOC	GPE-Warsaw
Warszawy	Warszawa	LOC	GPE-Warsaw
Włoszech	Włochy	LOC	GPE-Italy
fly4free.pl	fly4free.pl	PRO	PRO-fly4free.pl
