sl-123
Cohenova	Cohenov	PER	897-10
Trumpu	Trump	PER	837-0
Zlati tuši v	zlat tuš v	EVT	xxx
Las Vegasu	Las Vegas	LOC	1049-7
Melania	Melania	PER	932-2
Donalda Trumpa	Donald Trump	PER	964-2
Michael Cohen	Michael Cohen	PER	932-11
Trump	Trump	PER	837-0
Skyhorse	Skyhorse	ORG	817-22
Cohen	Cohen	PER	897-4
Trumpa	Trump	PER	837-0
Stormy Daniels	Stormy Daniels	PER	817-13
Trumpom	Trump	PER	837-0
Rusi	Rus	PER	990-5
Trumpov	Trumpov	PER	837-0
Vladimirjem Putinom	Vladimir Putin	PER	1046-24
Kremenčkovih	Kremenčkov	PRO	1041-13
Melanii	Melania	PER	932-2
Trumpovo	Trumpov	PER	837-0
Sovjetske zveze	sovjetski zveza	LOC	817-1
