sl-198
Maršal	Maršal	PER	xxx
Twito	Twito	PER	848-3
Titanika	Titanik	PRO	848-2
Josepha Bidna	Joseph Bidn	PER	1017-1
Janez Janša	Janez Janša	PER	1017-4
Donaldu Trumpu	Donald Trump	PER	968-2
Titanik	Titanik	PRO	848-2
twitterju	twitter	PRO	849-4
Trumpa	Trump	PER	849-0
ZDA	ZDA	LOC	1058-0
#MSM	#MSM	ORG	xxx
Janša	Janša	PER	1017-6
Američani	Američan	PER	882-1
Donalda Trumpa	Donald Trump	PER	968-2
Mika Pencea	Mika Penec	PER	935-24
Janševo	Janšev	PER	1017-15
Bruslju	Bruselj	LOC	805-10
Slovenija	Slovenija	LOC	820-0
Janšo	Janša	PER	1017-5
Viktorjem Orbanom	Viktor Orban	PER	1047-27
Borisom Johnsonom	Boris Johnson	PER	805-3
Zorana Milanovića	Zoran Milanović	PER	1058-7
EU	EU	ORG	999-1
Janše	Janša	PER	1017-7
Foreign Policy	Foreign Policy	PRO	982-7
Trumpovemu	Trumpov	PER	849-9
»	»	PER	xxx
Nova24	Nova24	ORG	907-15
Orbanom	Orban	PER	1005-7
Sloveniji	Slovenija	LOC	820-0
Boruta Pahorja	Borut Pahor	PER	805-4
Marjan Šarec	Marjan Šarec	PER	935-17
Socialnih demokratov	socialen demokrat	ORG	820-8
Tanja Fajon	Tanja Fajon	PER	849-5
Trumpu	Trump	PER	849-0
Bidnu	Bidn	PER	805-0
Orban	Orban	PER	1005-7
Wolfganga Ischingerja	Wolfgang Ischinger	PER	951-11
Združenih državah	združen država	LOC	1058-9
Münchenski varnostni konferenci	münchenski varnosten konferenca	ORG	935-22
Janševa	Janšev	PER	1017-9
