sl-102
Belo hišo	bel hiša	ORG	795-0
Bidnova	Bidnov	PER	795-1
Hkrati	hkrati	PER	xxx
Bidnove	Bidnov	PER	795-2
Trump	Trump	PER	834-0
Biden	Biden	PER	795-3
Donald Trump	Donald Trump	PER	962-3
Joe Biden	Joe Biden	PER	1011-0
Bidnovi	Bidnov	PER	795-9
Beli hiši	bel hiša	LOC	795-0
Clintonova	Clintonov	PER	896-7
Bidna	biden	PER	795-4
Prav	prav	LOC	xxx
Bidnu	Bidn	PER	795-5
Cepiva	cepivo	PRO	xxx
republikanci	republikanec	ORG	989-6
Trumpa	Trump	PER	834-0
Georgii	Georgia	LOC	865-5
senatne	senaten	ORG	xxx
Mitch McConnell	Mitch Mcconnell	PER	931-25
Trumpovo	Trumpov	PER	834-0
Georgio	Georgia	LOC	865-5
ZDA	ZDA	LOC	1052-3
Trumpu	Trump	PER	834-0
