sl-119
Trump	Trump	PER	836-0
Belo hišo	bel hiša	LOC	797-1
Bidnova	Bidnov	PER	797-2
Bidnovi	Bidnov	PER	797-11
Beli hiši	bel hiša	LOC	797-1
Biden	Biden	PER	797-5
Hillary Clinton	Hillary Clinton	PER	911-5
Bidna	biden	PER	797-15
Bidnove	Bidnov	PER	797-18
Prav	prav	LOC	xxx
Bidnu	Bidn	PER	797-3
republikanci	republikanec	ORG	990-1
Trumpa	Trump	PER	836-0
Georgii	Georgia	LOC	866-1
senatne	senaten	ORG	xxx
Mitch McConnell	Mitch Mcconnell	PER	932-0
Trumpovo	Trumpov	PER	836-0
Georgio	Georgia	LOC	866-1
ZDA	ZDA	LOC	1054-0
demokratsko	demokratski	ORG	963-13
Trumpu	Trump	PER	836-0
