sl-200
New York	New York	LOC	907-0
Ivanko Trump	Ivanka Trump	PER	890-1
Donalda Trumpa	Donald Trump	PER	968-2
Ivanke Trump	Ivanka Trump	PER	890-2
Jaredom Kushnerjem	Jared Kushner	PER	1017-14
New Yorku	New York	LOC	907-0
Ivankino	Ivankin	PER	890-3
Vanity Fair	Vanity fair	PRO	1047-15
Lysandra Ohrstrom	Lysandra Ohrstrom	PER	1050-30
Ta	ta	PER	xxx
Ivanko	Ivanko	PER	890-4
Chapin	Chapin	LOC	899-26
Manhattnu	Manhattan	LOC	936-25
Ivanka	Ivanka	PER	890-5
Ohrstromovi	Ohrstromov	PER	1005-16
Ohrstromova	Ohrstromov	PER	1006-0
Ivankinega	Ivankin	PER	890-10
Libanona	Libanon	LOC	1050-26
Ivanki Trump Trump	Ivanka Trump Trump	PER	890-15
Trumpov	Trumpov	PER	849-0
Richarda Russoja	Richard Russoj	PER	993-11
Empire Falls	Empire Falls	PRO	1000-0
Donald Trump	Donald Trump	PER	968-2
Trumpovi	Trumpov	PER	849-0
Ivanke Ivanka Trump	Ivanka Ivanka Trump	PER	890-20
Marija Antoaneta	Marija Antoaneta	PER	936-23
ZDA	ZDA	LOC	1059-0
Joeja Bidna	Joe Bidn	PER	1017-0
Trumpovim	Trumpov	PER	849-0
New Yorka	New York	LOC	907-0
Times Squaru	Times Squar	LOC	849-3
Jareda Kushnerja	Jared Kushner	PER	1017-19
Kushnerja	Kushner	PER	1043-14
Newyorčani	Newyorčan	PER	907-9
newyorški	newyorški	LOC	xxx
Trump Tower	Trump Tower	LOC	849-2
Trumpovega Mar-a-Lago	Trumpov Marvallago	PER	849-2
Floridi	Florida	LOC	849-2
Trump	Trump	PER	849-0
Newyorčani Trump	Newyorčan Trump	PER	907-9
