sl-211
Trumpu	Trump	PER	851-1
Trump	Trump	PER	851-1
Donald Trump	Donald Trump	PER	969-2
Joe Biden	Joe Biden	PER	1018-6
ZDA	ZDA	LOC	1059-0
Donaldom Trumpom	Donald Trump	PER	969-4
Pensilvaniji	Pensilvanija	LOC	923-0
Georgii	Georgia	LOC	869-2
Nevadi	Nevada	LOC	908-0
Arizoni	Arizona	LOC	883-3
Pensilvanijo	Pensilvanija	LOC	923-0
Biden	Biden	PER	806-0
Trumpom	Trump	PER	851-1
AP	AP	ORG	883-7
Fox News	Fox News	ORG	982-1
Arizone	Arizona	LOC	883-3
Bidnu	Bidn	PER	806-1
Aljaski	Aljaska	LOC	883-4
Demokrati	demokrat	ORG	969-1
Beli hiši	bel hiša	LOC	806-2
demokrati	demokrat	ORG	969-0
Joeju Bidnu	Joe Bidn	PER	1018-1
Twitterja	Twitter	PRO	851-2
demokrata Bidna	demokrat Bidn	PER	969-7
vrhovno sodišče ZDA	vrhoven sodišče ZDA	ORG	1047-2
konservativno	konservativen	ORG	1043-16
Trumpovi	Trumpov	PER	851-1
Milwaukeeju	Milwaukee	LOC	936-19
Severni Karolini	severen Karolina	LOC	820-2
Pensilvanija	Pensilvanija	LOC	923-0
Bidna	Bidn	PER	806-1
Georgio	Georgia	LOC	869-2
republikance	republikanec	PER	994-0
demokrate	demokrat	PER	969-0
Republikanci	republikanec	PER	994-14
Aljaske	Aljaska	LOC	883-4
Mark Esper	Mark Esper	PER	936-29
NBC	NBC	ORG	908-11
Esper	Esper	PER	xxx
Twitterju	Twitter	PRO	851-2
Severna Karolina	severen Karolina	LOC	820-2
Georgia	Georgia	LOC	869-2
Thom Tillis	Thom Tillis	PER	851-5
Severne Karoline	severen Karolina	LOC	820-2
republikanci	republikanec	ORG	994-0
Georgie	Georgia	LOC	869-2
Mike Pence	Mike Pence	PER	936-27
Kamala Harris	Kamala Harris	PER	1043-7
Predstavniški dom kongresa	predstavniški dom kongres	ORG	923-18
demokratov	demokrat	ORG	969-0
