pl-1176
Afryce	Afryka	LOC	LOC-Africa
Amsterdam	Amsterdam	LOC	GPE-Amsterdam
Bliskim Wschodzie	Bliski Wschód	LOC	LOC-Near-East
Discovery Communications	Discovery Communications	ORG	ORG-Discovery-Inc
Discovery	Discovery	ORG	ORG-Discovery-Inc
Europie	Europa	LOC	LOC-Europe
Guardian	Guardian	PRO	PRO-The-Guardian
Guardianie	Guardian	PRO	PRO-The-Guardian
Holandii	Holandia	LOC	GPE-Holland
Irlandii	Irlandia	LOC	GPE-Ireland
Katarzyny Kieli	Katarzyna Kiela	PER	PER-Katarzyna-Kiela
Londynie	Londyn	LOC	GPE-London
Polki	Polka	PER	GPE-Poland
Polski	Polska	LOC	GPE-Poland
Scripps Networks Interactive	Scripps Networks Interactive	ORG	ORG-SNI-Scripps-Networks-Interactive
Scripps Networks	Scripps Networks	ORG	ORG-SNI-Scripps-Networks-Interactive
Scrippsa	Scripps	ORG	ORG-SNI-Scripps-Networks-Interactive
TVN-u	TVN	PRO	PRO-TVN
TVN	TVN	PRO	PRO-TVN
Unię Europejską	Unia Europejska	ORG	ORG-European-Union
Warszawę	Warszawa	LOC	GPE-Warsaw
Wielka Brytania	Wielka Brytania	LOC	GPE-Great-Britain
brexitu	Brexit	EVT	EVT-Brexit
