sl-183
A. Šiška	A. Šiško	PER	PER-Andrej-Šiško
Andrej Šiško	Andrej Šiško	PER	PER-Andrej-Šiško
Atomske toplice	Atomske toplice	LOC	LOC-Terme-Olimia
Dežele Štajerske	Dežela Štajerska	LOC	LOC-Styria
Ljubljane	Ljubljana	LOC	GPE-Ljubljana
MNZ	MNZ	ORG	ORG-Ministry-of-the-Interior-Slovenia
Maistrov	Maister	PER	PER-Rudolf-Maister
Mariborsko sodišče	Mariborsko sodišče	ORG	ORG-Mariborsko-sodišče
Ministrstvo za notranje zadeve	Ministrstvo za notranje zadeve	ORG	ORG-Ministry-of-the-Interior-Slovenia
Nemčije	Nemčija	LOC	GPE-Germany
Podčetrtek	Podčetrtek	LOC	GPE-Podčetrtek
Slovenije	Slovenija	LOC	GPE-Slovenia
Sloveniji	Slovenija	LOC	GPE-Slovenia
Slovenska policija	Slovenska policija	ORG	ORG-Slovenian-National-Police-Force
ZDF	ZDF	ORG	ORG-ZDF
nemške državne TV	nemška državna TV	ORG	ORG-ZDF
policistov	policisti	PER	ORG-Slovenian-National-Police-Force
slovenska policija	slovenska policija	ORG	ORG-Slovenian-National-Police-Force
slovenski policisti	slovenski policisti	PER	ORG-Slovenian-National-Police-Force
zakona o varstvu javnega reda in miru	zakon o varstvu javnega reda in miru	PRO	PRO-Protection-of-Public-Order-Act-Slovenia
Šiška	Šiško	PER	PER-Andrej-Šiško
Šiško	Šiško	PER	PER-Andrej-Šiško
Štajerska Varda	Štajerska varda	ORG	ORG-Štajerska-varda
Štajerske Varde	Štajerska varda	ORG	ORG-Štajerska-varda
Štajerske varde	Štajerska varda	ORG	ORG-Štajerska-varda
Štajersko vardo	Štajerska varda	ORG	ORG-Štajerska-varda
