sl-120
Abu Bakr al Bagdadija	Abu Bakr al Bagdadi	PER	PER-Abu-Bakr-al-Baghdadi
Abu Ibrahima al Hašemi al Kurašija	Abu Ibrahima al Hašem al Kuraši	PER	PER-Abu-Ibrahim-al-Hashimi-al-Qurashi
Al Bagdadi	Al Bagdadi	PER	PER-Abu-Bakr-al-Baghdadi
Al Bagdadijevo	Al Bagdadi	PER	PER-Abu-Bakr-al-Baghdadi
Alepo	Alepo	LOC	GPE-Aleppo
Američani	Američani	PER	GPE-USA
Avadova	Avad	PER	PER-Rasmiya-Awad
BBC	BBC	ORG	ORG-BBC-Ltd
Bagdadi	Bagdadi	PER	PER-Abu-Bakr-al-Baghdadi
Bagdadija	Bagdadi	PER	PER-Abu-Bakr-al-Baghdadi
Bagdadijem	Bagdadi	PER	PER-Abu-Bakr-al-Baghdadi
Bagdadijeva	Bagdadi	PER	PER-Abu-Bakr-al-Baghdadi
Bagdadijeve	Bagdadi	PER	PER-Abu-Bakr-al-Baghdadi
Bagdadijevo	Bagdadi	PER	PER-Abu-Bakr-al-Baghdadi
Donald Trump	Donald Trump	PER	PER-Donald-Trump
Erdogan	Erdogan	PER	PER-Recep-Tayyip-Erdoğan
Idlib	Idlib	LOC	GPE-Idlib
Islamska država	Islamska država	ORG	ORG-ISIS-Islamic-State-of-Iraq-and-the-Levant
Islamske države	Islamska država	ORG	ORG-ISIS-Islamic-State-of-Iraq-and-the-Levant
Rasmijo Avad	Rasmija Avad	PER	PER-Rasmiya-Awad
Recep Tayyip Erdogan	Recep Tayyip Erdogan	PER	PER-Recep-Tayyip-Erdoğan
Sirije	Sirija	LOC	GPE-Syria
Siriji	Sirija	LOC	GPE-Syria
Trump	Trump	PER	PER-Donald-Trump
Turčija	Turčija	LOC	GPE-Turkey
Turčije	Turčija	LOC	GPE-Turkey
ZDA	ZDA	LOC	GPE-USA
al Bagdadi	al Bagdadi	PER	PER-Abu-Bakr-al-Baghdadi
al Bagdadija	al Bagdadi	PER	PER-Abu-Bakr-al-Baghdadi
al Bagdadijeve	al Bagdadi	PER	PER-Abu-Bakr-al-Baghdadi
al Bagdadijevemu	al Bagdadi	PER	PER-Abu-Bakr-al-Baghdadi
al Bagdadijevo	al Bagdadi	PER	PER-Abu-Bakr-al-Baghdadi
severozahodu Sirije	severozahod Sirije	LOC	GPE-North-Western-Syria
