sl-106
AIK 	AIK	ORG	ORG-AIK-Fotboll
AIK	AIK	ORG	ORG-AIK-Fotboll
Araratom	Ararat	ORG	ORG-Football-Club-Ararat-Yerevan
Cretu	Cretu	PER	PER-Alexandru-Cretu
Darko Milanič	Darko Milanič	PER	PER-Darko-Milanič
Evropi	Evropa	LOC	LOC-Europe
Friends Areni	Friends Arena	LOC	LOC-Friends-Arena
Kronavater	Kronaveter	PER	PER-Rok-Kronaveter
Kronaveter	Kronaveter	PER	PER-Rok-Kronaveter
Ljudskem vrtu	Ljudski vrt	LOC	LOC-Stadion-Ljudski-Vrt
Maribor	Maribor	LOC	GPE-Maribor
Maribor	Maribor	ORG	ORG-Maribor-Football-Club
Maribora	Maribor	LOC	GPE-Maribor
Maribora	Maribor	ORG	ORG-Maribor-Football-Club
Mariboru	Maribor	LOC	GPE-Maribor
Mariborčani	Mariborčani	PER	GPE-Maribor
Milanič	Milanič	PER	PER-Darko-Milanič
Olimpije	Olimpija	ORG	ORG-HK-SŽ-Olimpija
Rok Kronavater	Rok Kronaveter	PER	PER-Rok-Kronaveter
Rok Kronaveter	Rok Kronaveter	PER	PER-Rok-Kronaveter
Safet Hadžić	Safet Hadžić	PER	PER-Safet-Hadžić
Stockholm	Stockholm	LOC	GPE-Stockholm
Švedi	Švedi	PER	GPE-Sweden
Švedov	Švedi	PER	GPE-Sweden
Švedsko	Švedska	LOC	GPE-Sweden
