sl-132
AFP	AFP	ORG	ORG-AFP-Agence-France-Press
AfD	AfD	ORG	ORG-AfG-Alternative-for-Germany
Alternative za Nemčijo	Alternativa za Nemčijo	ORG	ORG-AfG-Alternative-for-Germany
Angele Merkel	Angela Merkel	PER	PER-Angela-Merkel
Bavarskem	Bavarska	LOC	GPE-Bavaria
Berlinu	Berlin	LOC	GPE-Berlin
Bild	Bild	PRO	PRO-Bild
Bildu	Bild	PRO	PRO-Bild
CDU	CDU	ORG	ORG-Christlich-Demokratische-Union
CSU	CSU	ORG	ORG-CSU-Christian-Social-Union-in-Bavaria
Chemnitza	Chemnitz	LOC	GPE-Chemnitz
Chemnitzu	Chemnitz	LOC	GPE-Chemnitz
EU	EU	ORG	ORG-European-Union
Franfkurter Allgemeine Zeitung	Franfkurter Allgemeine Zeitung	PRO	PRO-Frankfurter-Allgemeine-Zeitung
Horst Seehofer	Horst Seehofer	PER	PER-Horst-Seehofer
Kretschmer	Kretschmer	PER	PER-Michael-Kretschmer
Krščansko demokratske unije	Krščansko demokratska unija	ORG	ORG-Christlich-Demokratische-Union
Merkel	Merkel	PER	PER-Angela-Merkel
Merklove	Merkel	PER	PER-Angela-Merkel
Michael Kretschmer	Michael Kretschmer	PER	PER-Michael-Kretschmer
Nemčije	Nemčija	LOC	GPE-Germany
Nemčiji	Nemčija	LOC	GPE-Germany
Rheinischen Post	Rheinischen Post	ORG	ORG-Rheinischen-Post
Seehofer	Seehofer	PER	PER-Horst-Seehofer
Ulrike Demmer	Ulrike Demmer	PER	PER-Ulrike-Demmer
Welt	Welt	PRO	PRO-Die-Welt
Weltu	Welt	PRO	PRO-Die-Welt
bavarske Krščansko-socialne unije	bavarska Krščansko-socialna unija	ORG	ORG-CSU-Christian-Social-Union-in-Bavaria
dpa	dpa	ORG	ORG-DPA
evropske	evropski	LOC	LOC-Europe
