sl-1
Belo hišo	bel hiša	LOC	794-5
Donaldom Trumpom	Donald Trump	PER	962-3
Joejem Bidnom	Joe Bidn	PER	1011-12
Kennedy	Kennedy	PER	1040-26
Nixon	Nixon	PER	904-15
Clevelandu	Cleveland	LOC	896-4
Biden	Biden	PER	794-4
Trumpa	Trump	PER	833-3
Trump	Trump	PER	833-5
Bidna	Bidn	PER	794-3
Trumpu	Trump	PER	833-3
Vsebina	vsebina	LOC	xxx
Trumpova	Trumpov	PER	833-4
Skupina	skupina	ORG	xxx
Proud Boys	Proud Boys	ORG	920-0
New York Times	New York Times	PRO	904-2
Beauju	Beau	PER	794-14
Bidnovemu	Bidnov	PER	794-19
Hunterju	Hunter	PER	911-33
Trumpovih	Trumpov	PER	833-4
Ukrajini	Ukrajina	LOC	1034-5
demokrati	demokrat	PER	962-4
konservativna	konservativen	ORG	1040-15
Trumpovo	Trumpov	PER	833-4
NBC	NBC	ORG	904-1
Wall Street Journala	Wall Street Journal	PRO	950-5
Američane	Američan	PER	876-7
twitterju	twitter	PRO	833-10
Frank Luntz	Frank Luntz	PER	980-14
Fox News	Fox News	PRO	980-2
Chris Wallace	Chris Wallace	PER	896-13
Bidnov	Bidnov	PER	xxx
Mika Pencea	Mika Penec	PER	931-17
Kamale Harris	Kamale Harris	PER	1040-8
