sl-150
Belo hišo	bel hiša	LOC	800-1
Bidnova	Bidnov	PER	800-4
Donald Trump	Donald Trump	PER	965-1
Joe Biden	Joe Biden	PER	1014-2
Bidnove	Bidnov	PER	800-5
Bidnovi	Bidnov	PER	800-6
Trump	Trump	PER	842-0
Beli hiši	bel hiša	LOC	800-1
Biden	Biden	PER	800-3
Vendar	vendar	PER	xxx
Hillary Clinton	Hillary Clinton	PER	911-5
Bidna napaka	biden napaka	MISC	800-7
Da	da	PER	xxx
Bidnu	Bidn	PER	800-0
republikanci	republikanec	PER	991-0
Trumpa	Trump	PER	842-0
Georgii	Georgia	LOC	867-1
Mitch McConnell	Mitch Mcconnell	PER	933-3
Trumpovo	Trumpov	PER	842-0
Georgio	Georgia	LOC	867-1
ZDA	ZDA	LOC	1055-0
Trumpu	Trump	PER	842-0
Bidna	Bidn	PER	800-0
