sl-114
Strokovnjak	strokovnjak	PER	xxx
Trump	Trump	PER	836-0
Melania	Melania	PER	931-4
VOLITVAH	volitev	LOC	xxx
Barron Trump	Barron Trump	PER	796-5
Belo hišo	bel hiša	LOC	796-2
Donalda Trumpa	Donald Trump	PER	963-1
Joe Biden	Joe Biden	PER	1013-1
Trumpovem	Trumpov	PER	836-0
Bruce Durham	Bruce Durham	PER	796-4
Mirror	Mirror	MISC	931-10
Donald	Donald	PER	963-2
Durham	Durham	PER	963-6
Donaldu	Donald	PER	931-4
Ameriki	Amerika	LOC	878-0
Bruce	Bruce	PER	796-4
Melanie	Melanie	PER	931-3
Barron	Barron	PER	796-5
New Yorku	New York	LOC	905-3
Melanio	Melania	PER	931-4
Washington	Washington	LOC	950-0
Donalda	Donald	PER	963-2
