sl-135
Belo hišo	bel hiša	LOC	799-2
Združenih državah	združen država	LOC	1055-6
Američanov	Američan	PER	879-0
Beli hiši	bel hiša	LOC	799-2
Joe Biden	Joe Biden	PER	1014-2
Donald Trump	Donald Trump	PER	964-2
Trump	Trump	PER	839-1
Wisconsinu	Wisconsin	LOC	950-2
Michiganu	Michigan	LOC	933-0
Pensilvaniji	Pensilvanija	LOC	921-2
Severni Karolini	severen Karolina	LOC	817-2
Ohiu	Ohio	LOC	1005-3
New York Timesa	New York Times	ORG	905-5
Delawara	Delawar	LOC	964-7
Wilmingtonu	Wilmington	LOC	950-3
Hillary Clinton	Hillary Clinton	PER	911-5
Trumpa	Trump	PER	839-1
Bidna	Bidn	PER	799-3
Clintonovo	Clintonov	PER	897-7
Bidnu	Biden	PER	799-0
RealClearPolitics	Realclearpolitics	ORG	991-15
Latinske Amerike	latinski Amerika	LOC	1050-11
Floridi	Florida	LOC	980-7
Barack Obama	Barack Obama	PER	799-4
Kamala Harris	Kamala Harris	PER	1041-0
Biden	Biden	PER	799-0
Če Biden	če Biden	PER	xxx
Arizoni	Arizona	LOC	879-3
Grand Rapidsu	Grand Rapids	LOC	866-11
Sicer	sicer	PER	xxx
Teksasu	Teksas	LOC	840-3
zvezno sodišče	zvezen sodišče	ORG	1055-8
republikancev	republikanec	PER	991-0
Američani	Američan	PER	879-0
Amy Coney Barrett	Amy Coney Barrett	PER	879-12
republikanci	republikanec	PER	991-0
Južni Karolini	južen Karolina	LOC	1014-5
Trumpov	Trumpov	PER	840-0
Lindsey Graham	Lindsey Graham	PER	1050-2
republikanec	republikanec	PER	991-0
Thom Tillis	Thom Tillis	PER	840-9
Cala Cunninghama	Cal Cunningham	PER	897-20
Iowi	Iowa	LOC	888-11
Joni Ernst	Joni Ernst	PER	1014-11
Marthe McSally	Martha Mcsally	PER	933-17
Mark Kelly	Mark Kelly	PER	933-21
Susan Collins	Susan Collins	PER	817-0
Mainu	Main	LOC	933-13
Montani	Montana	LOC	933-14
Minnesoti	Minnesota	LOC	933-18
Georgii	Georgia	LOC	866-1
