sl-186
Donald Trump	Donald Trump	PER	967-0
Corna	Corn	PER	898-15
Joe Biden	Joe Biden	PER	1016-1
Donalda Trumpa	Donald Trump	PER	967-0
Bidna	Bidn	PER	804-2
Biden	Biden	PER	804-0
Washingtonu	Washington	LOC	951-2
Bidnove	Bidnov	PER	804-6
Trumpove	Trumpov	PER	846-0
Trump	Trump	PER	846-0
Bidnovo	Bidnov	PER	804-3
urada za splošne službe	urad za splošen služba	ORG	1035-3
GSA	GSA	ORG	867-5
Emily W. Murphy	Emily W. Murphy	PER	999-7
Trumpovega	Trumpov	PER	846-0
Murphyjeva	Murphyjev	PER	935-8
Bidnu	Biden	PER	804-0
Michiganu	Michigan	LOC	935-2
Pensilvaniji	Pensilvanija	LOC	922-0
Trumpova	Trumpov	PER	847-0
Sidney Powell	Sidney Powell	PER	819-8
Kuba	Kuba	LOC	1043-0
Kitajska	Kitajska	LOC	1043-2
Venezuela	Venezuela	LOC	1047-7
Huga Chaveza	Hug Chavez	PER	912-28
Bidnova	Bidnov	PER	xxx
centrom za preprečevanje	center za preprečevanje	ORG	xxx
ZDA	ZDA	LOC	1058-0
božič	božič	EVT	xxx
Američanov	Američan	PER	881-1
Beli hiši	bel hiša	LOC	804-4
Američani	Američan	PER	881-1
