sl-154
Donald Trump	Donald Trump	PER	965-1
Združenih državah Amerike	združen država Amerika	LOC	1056-4
Make America Great Again	Make America Great Again	PER	933-16
Ameriko Trump	Amerika Trump	LOC	880-2
Združenih držav Amerike	združen država Amerika	LOC	1056-5
ZDA	ZDA	LOC	1056-0
pariški podnebni dogovor	pariški podneben dogovor	MISC	xxx
Amerika	Amerika	LOC	880-2
Joeja Bidna	Joe Bidn	PER	1014-0
Ameriko	Amerika	LOC	880-2
svet	svet	LOC	xxx
Baracku Obami	Barack Obama	PER	800-2
Trumpove	Trumpov	PER	842-0
covida-19	covida-19	MISC	898-6
drugi svetovni vojni	drug svetoven vojna	MISC	965-4
Američanov	Američan	PER	880-1
Združene države Amerike	združen država Amerika	LOC	1056-3
Atlantika	Atlantik	LOC	880-5
Američani	Američan	PER	880-1
