sl-202
Trumpovi	Trumpov	PER	850-0
Washington	Washington	LOC	951-2
Volivci	volivec	PER	xxx
Trump	Trump	PER	850-0
Donalda Trumpa	Donald Trump	PER	968-2
Ameriko	Amerika	LOC	882-4
Bele hiše	bel hiša	LOC	805-2
Joeja Bidna	Joe Bidn	PER	1017-0
ZDA	ZDA	LOC	1059-0
Trgu svobode	trg svoboda	LOC	850-5
Trumpovimi	Trumpov	PER	850-0
konservativci	konservativec	PER	1043-4
temnopoltih	temnopolt	PER	xxx
južnoameriških Američanov	južnoameriški Američan	PER	xxx
Hunter Biden	Hunter Biden	PER	912-20
Fox News	Fox News	PRO	982-1
Trumpov	Trumpov	PER	850-0
Arizoni	Arizona	LOC	882-3
Bidnu	Bidn	PER	805-0
Wisconsinu	Wisconsin	LOC	951-4
Pensilvaniji	Pensilvanija	LOC	923-0
Protestniki	protestnik	PER	xxx
Pensilvanski avenije	pensilvanski avenija	LOC	923-11
Capitol Hillu	Capitol Hill	LOC	899-14
ustavnemu sodišču	ustaven sodišče	ORG	xxx
Proud Boys	Proud Boys	ORG	923-10
Enriquom Tarriom	Enriquo Tarrio	PER	1000-1
Američanov	Američan	PER	882-1
