sl-25
Trump	Trump	PER	854-0
Bidnu	Bidn	PER	808-2
Joe Biden	Joe Biden	PER	1019-0
Donald Trump	Donald Trump	PER	971-0
twitterju	twitter	PRO	854-1
ZDA	ZDA	LOC	1061-0
Barackom Obamo	Baracko Obama	PER	808-6
Donaldu Trumpu	Donald Trump	PER	971-0
Američani	Američan	PER	884-0
Bele hiše	bel hiša	LOC	808-3
Pensilvaniji	Pensilvanija	LOC	925-0
Hillary Clinton	Hillary Clinton	PER	913-0
Predsedniku	predsednik	PER	xxx
Wisconsinu	Wisconsin	LOC	952-1
Biden	Biden	PER	808-0
Michiganu	Michigan	LOC	937-0
Georgii	Georgia	LOC	869-2
Nevadi	Nevada	LOC	908-0
Trumpa	Trump	PER	854-0
Trumpov	Trumpov	PER	854-0
Nemčiji	Nemčija	LOC	908-8
Richard Grenell	Richard Grenell	PER	995-7
Las Vegasu	Las Vegas	LOC	1051-6
republikance	republikanec	PER	995-2
ameriškega vrhovnega sodišča	ameriški vrhoven sodišče	ORG	xxx
Arizoni	Arizona	LOC	884-1
New Yorku	New York	LOC	908-6
Portlandu	Portland	LOC	925-5
Seattlu	Seattle	LOC	821-13
Los Angelesu	Los Angeles	LOC	1051-7
Čikagu	Čikago	LOC	1036-8
Filadelfiji	Filadelfija	LOC	983-3
Trumpovih	Trumpov	PER	854-0
Georgea Floyda	George Floyd	PER	869-8
Minneapolisu	Minneapolis	LOC	937-13
Trumpu	Trump	PER	854-0
Bidnove	Bidnov	PER	808-4
Filadelfijii	Filadelfija	LOC	983-3
Rudy Giuliani	Rudy Giuliani	PER	995-12
New Yorka	New York	LOC	908-6
Bidna	Bidn	PER	808-2
Hunterja	Hunter	PER	913-11
Giuliani	Giuliani	PER	869-13
Trumpovo	Trumpov	PER	854-0
Marsa	Mars	LOC	937-16
Kanade	Kanada	LOC	1044-6
demokratom doma	demokrat dom	PER	971-1
Nancy Pelosi	Nancy Pelosa	PER	908-4
Alexandrie Ocasio-Cortez	Alexandria Ocasioscortez	PER	884-10
Gora	Gora	LOC	884-12
YouGov	Yougov	PRO	xxx
Washington Examiner	Washington Examiner	PRO	952-6
Amerika	Amerika	LOC	884-2
Al Gore	Al Gore	PER	884-21
Georgeu W. Bushu	George W. Bush	PER	869-1
Floridi	Florida	LOC	983-4
Bushu	Bush	PER	808-7
Georgea W. Busha	George W. Bush	PER	869-1
Billa Clintona	Bill Clinton	PER	808-9
