sl-33
Biden	Biden	PER	xxx
Kitajsko	Kitajska	LOC	1044-3
Evropsko unijo	evropski unija	ORG	1000-3
Joe Biden	Joe Biden	PER	1019-0
Evropski uniji	evropski unija	ORG	1000-3
Donald Trump	Donald Trump	PER	972-0
ZDA	ZDA	LOC	1062-0
Zlatko Šabič	Zlatko Šabič	PER	1062-3
fakulteti za družbene vede	fakulteta za družben veda	ORG	983-11
FDV	FDV	ORG	983-15
Bidnu	Bidn	PER	xxx
republikancev	republikanec	PER	995-2
Šabič	Šabič	PER	1064-2
Tineta Kračuna	Tine Kračun	PER	856-3
Inštituta za strateške rešitve	inštitut za strateški rešitev	ORG	890-18
Bidna	Bidn	PER	809-1
Bidnove	Bidnov	PER	809-5
Kračun	Kračun	PER	1044-5
Trump	Trump	PER	856-0
Natu	Nato	ORG	908-3
Unije	unija	ORG	1035-9
EU	EU	ORG	1000-5
pariškega podnebnega sporazuma	pariški podneben sporazum	MISC	925-12
Joeja Bidna	Joe Bidn	PER	1019-1
Boštjan Udovič	Boštjan Udovič	PER	809-7
Bidnova	Bidnov	PER	809-3
Francijo	Francija	LOC	983-13
Nemčijo Evropo	Nemčija Evropa	LOC	908-8
Trumpova	Trumpov	PER	856-0
srednje	srednji	LOC	xxx
vzhodne Evrope	vzhoden Evropa	LOC	1048-3
ZDA-EU	Zdaveu	ORG	xxx
Veliko Britanijo	velik Britanija	LOC	1048-4
Johnsonom	Johnson	PER	1019-5
Bidenom	Biden	PER	809-0
Udovič	Udovič	PER	1035-15
Nata	Nato	ORG	908-3
Rusije	Rusija	LOC	995-10
Nato	Nato	ORG	909-9
Trumpa	Trump	PER	856-0
Evropi	Evropa	LOC	1000-4
Istvana Hegedusa	Istvan Hegedus	PER	890-16
Hungarian Europe Society	Hungarian Europe Society	ORG	913-4
Madžarskem	Madžarsko	LOC	938-13
Poljskem	Poljsko	LOC	925-6
Hegedus	Hegedus	PER	913-2
Rusijo	Rusija	LOC	995-5
Bidnovega	Bidnov	PER	810-18
Bidnovih	Bidnov	PER	810-0
Rusija	Rusija	LOC	995-18
Indija	Indija	LOC	890-17
Washington	Washington	LOC	952-0
Peking	Peking	LOC	925-8
Kitajska	Kitajska	LOC	1044-3
Tajvana	Tajvan	LOC	856-2
Kitajske	Kitajska	LOC	1044-3
5 G	5 g	MISC	xxx
