sl-39
Biden	Biden	PER	xxx
Antony Blinken	Antony Blinken	PER	885-7
Trump	Trump	PER	857-0
Antonyja Blinkna	Antony Blinken	PER	885-14
Reuters	Reuters	ORG	995-4
Donald Trump	Donald Trump	PER	972-0
Joe Biden	Joe Biden	PER	1020-0
Včeraj	včeraj	PER	xxx
Bidnov	Bidnov	PER	810-6
Baracka Obame	Baracko Obame	PER	810-23
Obamovega	Obamov	PER	1006-7
Blinkna	Blinkna	PER	810-21
Jake Sullivan	Jake Sullivan	PER	1020-6
Obamovi	Obamov	PER	1006-8
Iranom	Iran	LOC	1020-7
Sullivan	Sullivan	PER	821-18
Amy Klobuchar	Amy Klobuchar	PER	885-6
Hillary Clinton	Hillary Clinton	PER	913-5
Johna McCaina	John Mccain	PER	1020-1
Avril Haines	Avril Haines	PER	885-9
Obame	Obame	PER	1006-9
Cie	Cie	ORG	900-4
Bidnovo	Bidnov	PER	810-19
Alejandra Mayorkasa	Alejandro Mayorkas	PER	885-10
OZN	OZN	ORG	1006-22
Linda Thomas Greenfield	Linda Thomas Greenfield	PER	1051-4
Trumpom Kerry	Trump Kerry	PER	857-0
Obamo	Obama	PER	1006-2
svetu za nacionalno varnost	svet za nacionalen varnost	ORG	821-4
Obamove	Obamov	PER	1006-14
Kerryja	Kerry	PER	1045-8
ZDA	ZDA	LOC	1063-0
Iraku	Irak	LOC	890-9
Afganistanu	Afganistan	LOC	885-17
Rusijo	Rusija	LOC	885-17
Bidnovi	Bidnov	PER	810-20
demokrati	demokrat	PER	972-1
Georgie	Georgie	PER	870-1
Mitch McConnell	Mitch Mcconnell	PER	938-20
Bidnovih	Bidnov	PER	810-0
republikanci	republikanec	PER	995-1
Bernie Sanders	Bernie Sanders	PER	810-4
Elizabeth Warren	Elizabeth Warren	PER	1000-2
Vermontu	Vermont	LOC	1048-10
Sanders	Sanders	PER	821-5
Massachusettsu	Massachusetts	LOC	938-24
Warrenova	Warrenov	PER	952-17
Michele Flournoy	Michele Flournoy	PER	938-23
Billa Clintona	Bill Clinton	PER	810-8
Nove Mehike	nov Mehika	LOC	909-12
Deb Haaland	Deb Haaland	PER	972-9
Haalandove	Haalandov	PER	913-7
