cs-37
AFP	AFP	ORG	ORG-AFP-Agence-France-Press
Asii Bibiové	Asia Bibiová	PER	PER-Asia-Bibi
Ašik Masíh	Ašik Masíh	PER	PER-Ashiq-Masih
BBC	BBC	PRO	PRO-BBC-website
Bibiovou	Bibiová	PER	PER-Asia-Bibi
Bibiová	Bibiová	PER	PER-Asia-Bibi
Bibiové	Bibiová	PER	PER-Asia-Bibi
Británie	Británie	LOC	GPE-Great-Britain
Británii	Británie	LOC	GPE-Great-Britain
Faisal Mahmood	Faisal Mahmood	PER	PER-Muhammad-Faisal
Francie	Francie	LOC	GPE-France
Islámábád	Islámábád	LOC	GPE-Islamabad
Kanadu	Kanada	LOC	GPE-Canada
Kanady	Kanada	LOC	GPE-Canada
Masíh	Masíh	PER	PER-Ashiq-Masih
Mohameda	Mohamed	PER	PER-Prophet-Muhammad
Pákistánský nejvyšší soud	Pákistánský nejvyšší soud	ORG	ORG-High-Court-Pakistan
Pákistánu	Pákistán	LOC	GPE-Pakistan
Pákistánu	Pákistán	PER	GPE-Pakistan
Reuters	Reuters	ORG	ORG-Reuters
Saif Mulúk	Saif Mulúk	PER	PER-Saif-Ul-Malook
Spojené státy	Spojené státy	LOC	GPE-USA
Spojeného království	Spojené království	LOC	GPE-Great-Britain
TLP	TLP	ORG	ORG-Tehreek-e-Labbaik-Pakistan
Tehríke Labajk	Tehríke Labajk	ORG	ORG-Tehreek-e-Labbaik-Pakistan
Theresu Mayovou	Theresa Mayová	PER	PER-Theresa-May
USA	USA	LOC	GPE-USA
ČTK	ČTK	ORG	ORG-CTK
Španělsko	Španělsko	LOC	GPE-Spain
