cs-1180
Británie	Británie	LOC	GPE-Great-Britain
Británii	Británie	LOC	GPE-Great-Britain
Británií	Británie	LOC	GPE-Great-Britain
EU	EU	ORG	ORG-European-Union
Emmanuel Macron	Emmanuel Macron	PER	PER-Emmanuel-Macron
Ernou Solbergovou	Erna Solberg	PER	PER-Erna-Solberg
Evropskou unii	Evropská unie	ORG	ORG-European-Union
Evropské unie	Evropská unie	ORG	ORG-European-Union
Jeremy Corbyn	Jeremy Corbyn	PER	PER-Jeremy-Corbyn
Liam Fox	Liam Fox	PER	PER-Liam-Fox
Londýn	Londýn	LOC	GPE-London
Londýně	Londýn	LOC	GPE-London
Macron	Macron	PER	PER-Emmanuel-Macron
Macrona	Macron	PER	PER-Emmanuel-Macron
Norsko	Norsko	LOC	GPE-Norway
Paříži	Paříž	LOC	GPE-Paris
Turecku	Turecko	LOC	GPE-Turkey
Velká Británie	Velká Británie	LOC	GPE-Great-Britain
brexitu	brexit	EVT	EVT-Brexit
euractiv.cz	euractiv.cz	PRO	PRO-Euractiv.cz
labouristé	labouristé	PER	ORG-Labour-Party-UK
labouristů	labouristé	PER	ORG-Labour-Party-UK
