cs-1218
AP	AP	ORG	ORG-AP-The-Associated-Press
Británie	Británie	LOC	GPE-Great-Britain
Britům	Britové	PER	GPE-Great-Britain
David Davis	David Davis	PER	PER-David-Davis
EU	EU	ORG	ORG-European-Union
James McGory	James McGory	PER	PER-James-McGory
Johnson	Johnson	PER	PER-Boris-Johnson
Liam Fox	Liam Fox	PER	PER-Liam-Fox
Liberálních demokratů	liberální demokraté	PER	ORG-Liberal-Democrats-UK
Londýnem	Londýn	LOC	GPE-London
Mayovou	Mayová	PER	PER-Theresa-May
Mayová	Mayová	PER	PER-Theresa-May
Mayové	Mayová	PER	PER-Theresa-May
People's Vote	People's Vote	ORG	ORG-Peoples-Vote
The Sun	The Sun	PRO	PRO-The-Sun
Vince Cable	Vince Cable	PER	PER-Vince-Cable
brexit	brexit	EVT	EVT-Brexit
brexitu	brexit	EVT	EVT-Brexit
britský parlament	britský parlament	ORG	ORG-British-Parlament
konzervativci	konzervativci	PER	ORG-Conservative-and-Unionist-Party-UK
labouristů	labouristé	PER	ORG-Labour-Party-UK
liberálních demokratů	liberální demokraté	PER	ORG-Liberal-Democrats-UK
