cs-1049
Andy Wigmore	Andy Wigmore	PER	PER-Andy-Wigmore
Arrona Bankse	Arron Banks	PER	PER-Arron-Banks
BBC	BBC	PRO	PRO-BBC-website
Bad Boys of Brexit	Bad Boys of Brexit	PRO	PRO-The-Bad-Boys-of-Brexit-book
Banks	Banks	PER	PER-Arron-Banks
Bankse	Banks	PER	PER-Arron-Banks
Bankse	Bankse	PER	PER-Arron-Banks
Banksem	Banks	PER	PER-Arron-Banks
Banksovi	Banks	PER	PER-Arron-Banks
Banksových	Banks	PER	PER-Arron-Banks
Britové	Britové	PER	GPE-Great-Britain
Británie	Británie	LOC	GPE-Great-Britain
Británii	Británie	LOC	GPE-Great-Britain
Collins	Collins	PER	PER-Damian-Collins
Collinse	Collinse	PER	PER-Damian-Collins
Damian Collins	Damian Collins	PER	PER-Damian-Collins
Donaldem Trumpem	Donald Trump	PER	PER-Donald-Trump
Evropské unie	Evropská unie	ORG	ORG-European-Union
Isabela Oakeshottová	Isabela Oakeshottová	PER	PER-Isabela-Oakeshottova
Leave.EU	Leave.EU	PRO	PRO-Leave.EU
New Yorku	New York	LOC	GPE-New-York
Nigelem Faragem	Nigel Farage	PER	PER-Nigel-Farage
Oakeshottová	Oakeshottová	PER	PER-Isabela-Oakeshottova
Ruskem	Rusko	LOC	GPE-Russia
Rusko	Rusko	LOC	GPE-Russia
Rusku	Rusko	LOC	GPE-Russia
Rusovi	Rusové	PER	GPE-Russia
Rusové	Rusové	PER	GPE-Russia
Strany nezávislosti Spojeného království	Strana nezávislosti Spojeného království	ORG	ORG-UK-Independence-Party
The Bad Boys of Brexit	The Bad Boys of Brexit	PRO	PRO-The-Bad-Boys-of-Brexit-book
The Sunday Times	The Sunday Times	PRO	PRO-The-Sunday-Times
Theresa Mayová	Theresa Mayová	PER	PER-Theresa-May
UKIP	UKIP	ORG	ORG-UK-Independence-Party
Wigmore	Wigmore	PER	PER-Andy-Wigmore
Wigmorea	Wigmore	PER	PER-Andy-Wigmore
Zlí chlapci brexitu	Zlí chlapci brexitu	PRO	PRO-The-Bad-Boys-of-Brexit-book
brexit	brexit	EVT	EVT-Brexit
brexitu	brexit	EVT	EVT-Brexit
summitu G7	summit G7	EVT	EVT-Summit-G7
výboru britského parlamentu pro kulturu, média a sport	výbor britského parlamentu pro kulturu média a sport	ORG	ORG-Digital-Culture-Media-and-Sport-Committee
