sl-104
Georgia	Georgia	LOC	865-5
Joeja Bidna	Joe Bidn	PER	1011-3
Trumpa	Trump	PER	834-0
demokratov	demokrat	PER	962-4
Venezuele	Venezuela	LOC	1046-19
Kube	Kuba	LOC	1040-7
Kitajske	Kitajska	LOC	1040-2
Trumpovih	Trumpov	PER	834-0
Atlanti	Atlanta	LOC	877-4
Elijah Nouvelage	Elijah Nouvelage	PER	998-15
Washington	Washington	LOC	950-0
Ameriška	ameriški	LOC	877-18
Donald Trump	Donald Trump	PER	962-3
Georgiji	Georgija	LOC	865-7
Bidnovo	Bidnov	PER	795-6
Pensilvaniji	Pensilvanija	LOC	920-5
Wisconsinu	Wisconsin	LOC	950-2
Amerika	Amerika	LOC	877-2
Georgija	Georgij	LOC	865-22
demokratu	demokrat	PER	962-4
Bidnu	Bidn	PER	795-5
Joe Raedle	Joe Raedle	PER	1012-19
Afp	AFP	PRO	877-19
Trumpovi	Trumpov	PER	834-0
Rudyjem Giulianijem	Rudy Giuliani	PER	989-21
Tanzaniji	Tanzanija	LOC	834-1
ZDA	ZDA	LOC	1052-3
Giuliani	Giuliani	PER	865-8
Sidney Powell	Sidney Powell	PER	816-14
Nemčiji	Nemčija	LOC	905-0
Kubo	Kuba	ORG	1040-7
Kitajsko	Kitajska	LOC	1040-2
Dominion Voting Systems	Dominion Voting Systems	ORG	962-9
Trump	Trump	PER	834-0
Proud Boys	Proud Boys	ORG	920-0
Enrique Tarrio	Enrique Tarrio	PER	998-8
Rudy Giuliani	Rudy Giuliani	PER	989-22
Jonathan Ernst	Jonathan Ernst	PER	1012-12
Reuters	Reuters	ORG	989-7
