sl-164
Clevelandu	Cleveland	LOC	898-2
Donalda Trumpa	Donald Trump	PER	966-1
demokratu	demokrat	ORG	966-5
Jospehu Bidnu	Jospeh Bidn	PER	1015-13
Fox News	Fox News	ORG	981-1
Bidnu	Bidn	PRO	801-2
Trump	Trump	PER	844-0
Bidna	Bidn	PER	801-2
demokratov	demokrat	PER	966-6
Trumpovih	Trumpov	PER	844-0
Chris Wallace	Chris Wallace	PER	898-9
Trumpa	Trump	PER	844-0
Trumpov	Trumpov	PER	844-0
Biden	Biden	PER	802-0
Wallaca	Wallac	PER	950-6
Wallace	Wallace	PER	950-6
ZDA	ZDA	LOC	1056-0
Trumpovim	Trumpov	PER	844-0
Kitajsko	Kitajska	LOC	1042-0
Jill	Jill	PER	1015-5
New York Times	New York Times	PRO	906-5
Turmp	Turmp	PER	844-1
demokratska stranka	demokratski stranka	ORG	966-3
Trumpovi	Trumpov	PER	844-0
republikanci	republikanec	ORG	992-1
Belo hišo	bel hiša	LOC	802-2
Amy Coney Barret	Amy Coney Barret	PER	880-7
konservativna	konservativen	ORG	1042-2
Biden Trumpa	Biden Trump	PER	802-0
FBI	FBI	ORG	981-5
Ponosni fantje	ponosen fant	ORG	922-15
Beauja	Beau	PER	802-3
Hunterja	Hunter	PER	912-2
Kitajskem	Kitajsko	LOC	1042-16
Ukrajini	Ukrajina	LOC	1035-0
Rusiji	Rusija	LOC	992-3
Miamiju	Miami	LOC	934-24
