sl-105
Trumpovimi	Trumpov	PER	834-0
Washingtonu	Washington	LOC	950-0
ZDA	ZDA	LOC	1052-3
Donalda Trumpa	Donald Trump	PER	962-3
Washington	Washington	LOC	950-0
Trumpovi	Trumpov	PER	834-0
Pohod milijon MAGA	pohod milijon MAGA	EVT	920-14
Virginijo	Virginija	LOC	1046-4
Trump	Trump	PER	834-0
MAGA	MAGA	PRO	931-2
Trumpovega	Trumpov	PER	835-1
Ameriko	Amerika	LOC	877-2
Joe Biden	Joe Biden	PER	1012-1
Hillary Clinton	Hillary Clinton	PER	911-1
Biden	Biden	PER	795-3
Trumpa	Trump	PER	835-0
Ponosni fantje	ponosen fant	ORG	920-19
Američani	Američan	PER	877-1
Trgu Svobode	trg svoboda	LOC	835-9
Trumpovovih	Trumpovov	PER	835-1
Bele hiše	bel hiša	ORG	795-0
Kayleigh McEnany	Kayleigh Mcenany	PER	1040-25
Trumpovih	Trumpov	PER	835-1
Trumpove	Trumpov	PER	835-1
