sl-136
ZDA	ZDA	LOC	1055-0
Foreign Affairs	Foreign Affairs	PRO	980-20
Trumpovo	Trumpov	PER	840-0
Trump	Trump	PER	840-0
Erica Hofferja	Eric Hoffer	PER	998-11
Ameriki	Amerika	LOC	879-4
NY	NY	PRO	905-30
Timesovega	Timesov	PRO	840-8
Rona Suskinda	Ron Suskind	PER	991-4
Amerika	Amerika	LOC	879-4
Biden	Biden	PER	799-0
Joe Biden	Joe Biden	PER	1014-2
Bele hiše	bel hiša	LOC	799-2
Pentagona	Pentagon	ORG	921-3
demokrati	demokrat	PER	964-0
Trumpa	Trump	PER	840-0
Bidnu	Bidn	PRO	799-3
državljansko vojno	državljanski vojna	EVT	965-8
Američanov	Američan	PER	879-0
Suskind	Suskind	PER	817-17
Trumpovih	Trumpov	PER	840-0
državljansko vojno kolidža	državljanski vojna kolidž	EVT	965-10
Trumpovim	Trumpov	PER	840-0
Trumpove	Trumpov	PER	840-0
QAnon	QAnon	ORG	974-2
demokrate	demokrat	PER	965-0
Bidnom	Bidn	ORG	799-3
Trumpu	Trump	PER	840-0
Bidna	Bidn	PER	799-3
Gore	Gore	PER	866-5
Bushu	Bush	PER	799-5
Amerike	Amerika	LOC	879-4
Belo hišo	bel hiša	LOC	799-2
Fox News	Fox News	ORG	980-2
Murdocha	Murdoch	PER	933-7
Najprej Amerika	najprej Amerika	PRO	905-7
Najprej	najprej	PRO	905-21
Donalda Trumpa Jr.	Donald Trump jr.	PER	965-9
Busheve	Bushev	PER	799-8
Evropo	Evropa	LOC	998-1
Evropi	Evropa	LOC	998-1
EU	EU	ORG	998-2
Američanom	Američan	PER	879-0
Trumpov	Trumpov	PER	840-0
Trumpovega	Trumpov	PER	840-1
Rudi Rizman	Rudi Rizman	PER	991-5
Univerzi v Ljubljani	univerza v Ljubljana	ORG	1034-18
