sl-174
G20	G20	ORG	867-0
covid-19	covid-19	PRO	898-19
Salmana	Salman	PER	819-2
Salman	Salman	PER	819-2
dpa	DPA	ORG	967-3
Rijadu	Rijad	LOC	992-12
Rusija	Rusija	LOC	992-6
Boris Johnson	Boris Johnson	PER	803-14
Recep Tayyip Erdogan	Recep Tayyip Erdogan	PER	992-10
Vladimir Putin	Vladimir Putin	PER	1047-0
Reuters	Reuters	ORG	992-19
Sputnik V	Sputnik v	PRO	819-15
kitajski	kitajski	LOC	1042-3
Xi Jinping	XI Jinping	PER	1069-2
Kitajska	Kitajska	LOC	1042-0
ZN	ZN	ORG	1057-2
Antonio Guterres	Antonio Guterres	PER	881-22
G20 Covax	G20 Covax	ORG	867-9
covidu-19	covidušče	PRO	898-21
ZDA	ZDA	LOC	1057-0
Evropske komisije	evropski komisija	ORG	999-3
Ursula von der Leyen	Ursula von der Leyen	PER	1035-1
Angela Merkel	Angela Merkel	PER	881-6
Covax	Covax	ORG	898-16
Svetovne zdravstvene organizacije	svetoven zdravstven organizacija	ORG	819-16
WHO	WHO	ORG	951-8
Argentina	Argentina	LOC	881-21
Avstralija	Avstralija	LOC	881-17
Brazilija	Brazilija	LOC	803-13
Kanada	Kanada	LOC	1042-1
Evropska unija	evropski unija	ORG	999-2
Francija	Francija	LOC	981-0
Nemčija	Nemčija	LOC	906-0
Indija	Indija	LOC	889-0
Indonezija	Indonezija	LOC	889-1
Italija	Italija	LOC	889-2
Japonska	Japonska	LOC	1016-14
Mehika	Mehika	LOC	934-1
Južna Afrika	južen Afrika	LOC	1016-2
Južna Koreja	južen Koreja	LOC	1016-16
Savdska Arabija	savdski Arabija	LOC	819-3
Turčija	Turčija	LOC	845-2
Velika Britanija	velik Britanija	LOC	1047-1
Trumpa	Trump	PER	845-0
Xi	XI	PER	1069-2
Putin	Putin	PER	922-2
Donald Trump	Donald Trump	PER	967-0
Donalda Trumpa	Donald Trump	PER	967-0
EU	EU	ORG	999-1
Evropskega sveta	evropski svet	ORG	999-4
Charles Michel	Charles Michel	PER	898-12
Evropski parlament	evropski parlament	ORG	999-5
Savdski Arabiji	savdski Arabija	LOC	819-3
Evropski komisiji	evropski komisija	ORG	999-3
Evropskem svetu	evropski svet	ORG	999-4
zdaj	zdaj	LOC	1057-1
