sl-101
ZDA	ZDA	LOC	1052-3
Joe Biden	Joe Biden	PER	1011-0
Majorjem	Major	PER	931-1
Kevin O'Connor	Kevin O'Connor	PER	1040-16
CT	CT	PRO	896-8
Biden	Biden	PER	794-4
Joshua Roberts	Joshua Roberts	PER	1011-10
Reuters	Reuters	ORG	989-7
republikanec	republikanec	PER	989-6
Donald Trump	Donald Trump	PER	962-3
NBC	NBC	PRO	904-1
Champa	Champ	LOC	896-3
Majorja	Major	LOC	931-1
Belo hišo	bel hiša	LOC	795-0
Trumpov	Trumpov	PER	834-0
Fox	Fox	PRO	980-2
FBI	FBI	ORG	980-3
Trump	Trump	PER	834-0
Fox News	Fox News	PRO	980-2
demokrata	demokrat	PER	962-4
Joeja Bidna	Joe Bidn	PER	1011-3
Arizoni	Arizona	LOC	877-20
Mario Bartiromo	Mario Bartiromo	PER	931-14
Ken Star	Ken Star	PER	1040-19
Trumpove	Trumpov	PER	834-0
