sl-132
Trump	Trump	PER	839-1
Biden	Biden	PER	798-3
ZDA	ZDA	LOC	1054-0
Latrobe	Latrobe	LOC	1050-18
Trumpa	Trump	PER	839-1
Pensilvaniji	Pensilvanija	LOC	921-2
Bidna	Bidn	LOC	798-2
Bidnovega 훾etrtkovega Kenoshe	Bidnov 훾etrtkov Kenoshe	EVT	798-11
Kenoshi	Kenosha	LOC	1041-5
Bidnovega	Bidnov	PER	798-23
Jacoba Blaka	Jacob Blake	PER	1014-13
Amerika	Amerika	LOC	878-0
Bog	bog	PER	799-15
Trumpu	Trump	PER	839-1
Ameri훾anom	Ameri훾an	PER	879-0
policisti	policist	PER	921-26
Blaka	Blake	PER	799-20
zdaj	zdaj	LOC	1054-1
Trumpom	Trump	PER	839-1
