sl-15
ZDA	ZDA	LOC	1055-0
Donald Trump	Donald Trump	PER	965-1
Pfizer	Pfizer	ORG	922-3
New Yorku	New York	LOC	906-2
Andrewom Cuomom	Andrew Cuom	PER	879-14
Trump	Trump	PER	841-2
Američanov	Američan	PER	879-0
Joe Biden	Joe Biden	PER	1014-2
Bidna	Bidn	PER	800-0
Trumpovo	Trumpov	PER	842-0
Nacionalnega inštituta za zdravstvo	nacionalen inštitut za zdravstvo	ORG	906-20
Anthony Fauci	Anthony Fauci	PER	879-8
Fauci	Fauci	PER	981-2
Trumpa	Trump	PER	842-0
Biden	Biden	PER	800-3
Faucija	Faucija	PER	981-2
Washingtona	Washington	LOC	950-0
Jay Inslee	Jay Inslee	PER	1014-24
zdaj	zdaj	LOC	1055-1
Severni Dakoti	severen dakota	LOC	818-26
Doug Burgum	Doug Burgum	PER	965-12
Burgum	Burgum	PER	800-14
