sl-195
Donalda Trumpa	Donald Trump	PER	968-2
demokrata	demokrat	PER	968-0
Joeja Bidna	Joe Bidn	PER	1017-0
Trump	Trump	PER	848-0
Bidnovo	Bidnov	ORG	804-3
Wisconsinu	Wisconsin	LOC	951-4
Trumpova	Trumpov	PER	848-0
Bidnom	Bidn	PRO	805-0
Pensilvaniji	Pensilvanija	LOC	923-0
Rudy Giuliani	Rudy Giuliani	PER	993-4
Mark Aronchick	Mark Aronchick	PER	935-20
Reutersa	Reuters	ORG	993-5
Giuliani	Giuliani	PER	868-0
Georgii	Georgia	LOC	868-1
Biden	Biden	PER	805-1
Michiganu	Michigan	LOC	935-2
demokratom	demokrat	PER	968-0
Detroit	Detroit	LOC	968-3
Bidna	Bidn	PER	805-0
GOLJUFIJA	goljufija	LOC	868-17
komisije na	komisija na	ORG	1043-17
ZDA	ZDA	LOC	1058-0
Clintona	Clinton	PER	899-23
Busha	Bush	PER	805-12
Floridi	Florida	LOC	982-3
Al Kaide	Al Kaida	ORG	882-9
agencije za spletno varnost in varnost infrastrukture	agencija za spleten varnost in varnost infrastruktura	ORG	882-0
Chrisa Krebsa	Chris Krebs	PER	899-3
Krebsa	Krebs	PER	1043-3
Trumpa	Trump	PER	848-0
Afganistana	Afganistan	LOC	882-13
Iraka	Irak	LOC	889-9
Iran	Iran	LOC	889-12
Pentagona	Pentagon	ORG	923-1
Marka Esperja	Marko Esper	PER	935-9
republikanci	republikanec	ORG	993-0
Mitch McConnell	Mitch Mcconnell	PER	935-1
Nancy Pelosi	Nancy Pelosi	PER	907-18
