sl-194
Trump	Trump	PER	848-0
Chris Krebs	Chris Krebs	PER	899-2
Krebs	Krebs	PER	1043-3
republikanske	republikanski	ORG	993-2
demokratske stranke	demokratski stranka	ORG	968-5
Donald Trump	Donald Trump	PER	968-2
agencije	agencija	ORG	882-0
Chrisa Krebsa	Chris Krebs	PER	899-3
Trumpovi	Trumpov	PER	848-0
Bele hiše	bel hiša	LOC	804-4
twitterja	twitter	PRO	848-1
Nadzor nad govoricami	nadzor nad govorica	ORG	907-11
Američane	Američan	PER	882-1
ZDA	ZDA	LOC	1058-0
Marka Esperja	Marko Esper	PER	935-9
Pentagona	Pentagon	ORG	923-1
demokrata	demokrat	PER	968-0
Joeja Bidna	Joe Bidn	PER	1017-0
Bidna	Bidn	LOC	804-2
Američani	Američan	PER	882-1
Trumpovih	Trumpov	PER	848-0
Bidnove	Bidnov	PER	804-10
Pensilvaniji	Pensilvanija	LOC	923-0
Philadelphie	Philadelphia	LOC	923-2
odbora za domovinsko varnost	odbor za domovinski varnost	ORG	1005-1
Bennie Thompson	Bennie Thompson	PER	804-14
Trumpovo	Trumpov	PER	848-0
republikancem	republikanec	PER	993-0
Georgia	Georgia	LOC	868-1
Brad Raffensperger	Brad Raffensperger	PER	804-13
Biden	Biden	ORG	804-0
Raffensperger	Raffensperger	PER	993-3
Washington Post	Washington Post	PRO	951-3
Južne Karoline	južen Karolina	LOC	1017-11
Lindseyja Grahama	Lindsey Graham	PER	1050-2
Graham	Graham	PER	868-2
Georgii	Georgia	LOC	868-1
