sl-216
Slovenija	Slovenija	LOC	820-0
ZDA	ZDA	LOC	1060-0
Anže Logar	Anže Logar	PER	883-13
Mike Pompeo	Mike Pompeo	PER	937-2
Bledu	Bled	LOC	807-0
5 G	5 g	PRO	xxx
MZZ	MZZ	ORG	937-8
Londonski deklaraciji zveze Nato	londonski deklaracija zveza Nato	PRO	1051-9
Evropske unije	evropski unija	ORG	1000-3
resoluciji o strategiji nacionalne varnosti	resolucija o strategija nacionalen varnost	PRO	994-10
Beli knjigi o obrambi	bel knjiga o obramba	PRO	807-12
Slovenije	Slovenija	LOC	820-0
Natov	Natov	ORG	908-15
center odličnosti za kibernetsko obrambo	center odličnost za kibernetski obramba	ORG	899-12
Talinu	Talin	LOC	852-3
Huawei	Huawei	ORG	912-8
Kitajsko	Kitajska	LOC	1043-2
Huaweiju	Huawei	ORG	912-22
Washington	Washington	LOC	951-2
Slovensko	slovenski	LOC	820-9
Pompeo	Pompeo	PER	923-3
Sloveniji	Slovenija	LOC	820-0
Logarjem	Logar	PER	1051-1
J	J	ORG	1018-16
anezom Janšo	anez Janša	PER	883-9
zdaj	zdaj	LOC	1060-1
Borutom Pahorjem	Borut Pahor	PER	807-18
Srednji	srednji	LOC	820-6
Vzhodni Evropi	vzhoden Evropa	LOC	1047-25
Češko	Češka	LOC	1036-13
Avstrijo	Avstrija	LOC	883-17
Poljsko	Poljska	LOC	923-15
Janša	Janša	PER	1018-9
Janez Janša	Janez Janša	PER	1018-5
Slovenijo	Slovenija	LOC	820-0
Premier Janša	premier Janša	PER	924-10
Rusije	Rusija	LOC	994-3
Kitajske	Kitajska	LOC	1043-2
osamosvajanjem	osamosvajanje	EVT	1006-16
Slovencev	Slovenec	PER	820-7
Pompea	Pompe	PER	924-0
Donalda Trumpa	Donald Trump	PER	970-1
padec	padec	EVT	924-17
Berlinskega zidu	berlinski zid	EVT	807-11
Rusiji	Rusija	LOC	994-8
ukrajinske krize	ukrajinski kriza	EVT	1035-4
Evropo	Evropa	LOC	1000-4
Nato	Nato	ORG	908-3
Natu	Nato	ORG	908-3
Svetu EU	svet EU	ORG	820-5
Anžetom Logarjem	Anže Logar	PER	883-12
Janšo	Janša	PER	1018-10
5	5	ORG	xxx
Pobudo treh morij	pobuda trije morija	PRO	924-16
Zahodnem Balkanu	zahoden Balkan	LOC	1060-2
Belorusiji	Belorusija	LOC	807-13
EU	EU	ORG	1000-5
Aleksandra Lukašenka	Aleksander Lukašenko	PER	883-10
Trump	Trump	PER	852-0
Dunaj	Dunaj	LOC	970-6
Varšavo	Varšava	LOC	1047-29
