sl-227
Ministra	minister	ORG	937-17
Logar Vrtovec	Logar Vrtovec	ORG	1051-5
ZDA	ZDA	LOC	1061-0
Anže Logar	Anže Logar	PER	884-24
Jernej Vrtovec	Jernej Vrtovec	PER	1019-11
Logar	Logar	PER	1051-1
Mikom Pompeom	Mika Pompe	PER	937-18
Vrtovec	Vrtovec	PER	1048-1
Washingtonu	Washington	LOC	952-0
Pompeom	Pompe	PER	924-0
State Departmentu	State Department	ORG	821-0
Miro Cerar	Miro Cerar	PER	937-25
Pompeo	Pompeo	PER	924-0
Sloveniji	Slovenija	LOC	821-1
Logarjem	Logar	LOC	1051-1
5 G.	5 G.	PRO	xxx
MZZ	MZZ	ORG	937-12
Slovenijo	Slovenija	LOC	821-1
Natu	Nato	ORG	908-3
Amy Klobuchar	Amy Klobuchar	PER	884-6
Minnesote	Minnesota	LOC	937-5
Slovenije	Slovenija	LOC	821-1
STA	biti	ORG	821-8
Philip Reeker	Philip Reeker	PER	924-6
Logarja Vrtovca	Logar Vrtovec	PER	1051-5
Joe Biden	Joe Biden	PER	1019-0
Donald Trump	Donald Trump	PER	970-1
veleposlaništva Slovenije	veleposlaništvo Slovenija	ORG	1048-15
Tone Kajzer	Tone Kajzer	PER	854-4
Stanislava Vidoviča	Stanislav Vidovič	PER	821-15
