sl-23
Trumpove	Trumpov	PER	854-0
Amerike	Amerika	LOC	884-2
Trumpom	Trump	PER	854-0
Bidnom	Bidn	PER	807-3
ameriških demokratov	ameriški demokrat	PER	884-3
Zveznem preiskovalnem uradu	zvezen preiskovalen urad	ORG	1061-3
FBI	FBI	ORG	983-0
QAnon	QAnon	ORG	974-2
Comet Ping Pong	Comet Ping Pong	PRO	899-10
Washingtonu D. C.	Washington d. C.	LOC	952-13
AR-15	ar-15	PRO	884-5
Združene države	združen država	LOC	1061-5
Q	Q	PRO	974-0
4 chan	4 chan	PRO	xxx
Hillary Clinton	Hillary Clinton	PER	912-1
pedofilske združbe satanistov	pedofilski združba satanist	ORG	924-18
Edgar Maddison Welch	Edgar Maddison Welch	PER	1000-6
ZDA	ZDA	LOC	1061-0
Severni Karolini	severen Karolina	LOC	821-2
Wikileaks	Wikileaks	ORG	952-15
Johna Podeste	John Podesta	PER	1019-9
demokrati	demokrat	ORG	970-2
Welch	Welch	PER	952-7
Pizzagate	Pizzagate	PRO	924-4
zdaj	zdaj	LOC	1061-1
zdaj satanistov	zdaj satanist	LOC	1061-9
Donalda Trumpa	Donald Trump	PER	970-1
Trump	Trump	PER	854-0
Clintonovi	Clintonov	PER	899-8
Christchurcha	Christchurch	LOC	899-32
Brenton Tarrant	Brenton Tarrant	PER	807-8
Qdrops	Qdrops	PRO	974-2
Fredrick Brennan	Fredrick Brennan	PER	983-14
8 chana	8 chan	PRO	xxx
Paul Furber	Paul Furber	PER	924-9
8 chanu	8 chan	PRO	xxx
Nato	nato	ORG	908-7
Jim Watkins	Jim Watkins	PER	1019-16
QAnona	Qanon	PRO	974-2
Furberja	Furber	PER	983-7
Infowarsu	Infowars	PRO	890-21
Alexa Jonesa	Alex Jones	PER	884-9
Watsonovi	Watsonov	PER	952-8
facebook	facebook	PRO	983-1
twitter	twitter	PRO	854-1
Trumpovih	Trumpov	PER	854-0
Združenih državah	združen država	LOC	1061-2
r	R	ORG	994-12
/	/	ORG	xxx
Qdropov	Qdrop	PRO	974-3
Matthew Phillip Wright	Matthew Phillip Wright	PER	937-23
Hooverjev	Hooverjev	ORG	912-21
Donald Trump	Donald Trump	PER	970-1
Guantanamu	Guantanam	LOC	869-10
QAnon go one	qanon go one	ORG	974-4
WWG1WGA	wwg1wga	PRO	952-2
Elijah Nouvelage	Elijah Nouvelage	PER	1000-8
QAnonov	QAnonov	ORG	974-15
twitterju	twitter	PRO	854-1
QAnonom	Qanon	PRO	974-2
republikancev	republikanec	PER	994-0
QAnonove	Qanonov	ORG	974-13
Američani	Američan	PER	884-0
Pew Research	Pew Research	ORG	924-5
Trump 2.0	Trump 2.0	PER	854-0
Evropejci	Evropejec	PER	1000-14
Veliki Britaniji	velik Britanija	LOC	1048-11
Freedom for the Children UK	Freedom for the Children UK	ORG	983-6
#SaveTheChildren	ĐSavethechildren	PRO	xxx
Nemčiji	Nemčija	LOC	908-8
Atilla Hildmann	Atilla Hildmann	PER	884-16
Angela Merkel	Angela Merkel	PER	884-7
Guantanamo	Guantanamo	LOC	869-12
facebooku	facebook	PRO	983-1
Slovencev	Slovenec	PER	821-23
Balkanu	Balkan	LOC	807-9
demokratsko	demokratski	ORG	970-7
republikansko stranko covida-19	republikanski stranka covida-19	ORG	994-5
5 G.	5 G.	PRO	xxx
Wired	Wired	PRO	952-12
Pokemon Go	Pokemon Go	PRO	924-8
youtube	youtube	PRO	xxx
Trumpa	Trump	PER	854-0
