sl-220
Trump	Trump	PER	853-0
Ruth Bader Ginsburg	Ruth Bader Ginsburg	PER	994-9
republikanski senatorji	republikanski senator	PER	994-1
Bader Ginsburgove	Bader Ginsburgov	PER	807-10
republikanci demokrati	republikanec demokrat	PER	994-0
Melania	Melania	PER	937-1
vrhovno	vrhoven	ORG	1048-18
ZDA	ZDA	LOC	1060-0
konservativno	konservativen	ORG	1044-1
demokratka	demokratka	PER	970-2
Nancy Pelosi	Nancy Pelosi	PER	908-4
republikanec	republikanec	PER	994-0
Mitch McConnell	Mitch Mcconnell	PER	937-4
Trumpove	Trumpov	PER	853-0
Bele hiše	bel hiša	LOC	807-4
demokrati	demokrata	PER	970-2
Josephu Bidnu	Joseph Bidn	PER	1018-2
McConnell	Mcconnell	PER	937-26
Pelosijeva	Pelosijev	PER	924-7
Južne Karoline	južen Karolina	LOC	1018-3
Lindsey Graham	Lindsey Graham	PER	1051-3
Fox News	Fox News	PRO	982-1
demokrata Bidna	demokrat Bidn	PER	970-4
Graham	Graham	PER	869-3
Bidna	Bidn	LOC	807-3
Trumpa	Trump	PER	853-0
Republikanci	Republikanec	PER	994-2
Merricka Garlanda	Merrick Garland	PER	937-10
Antonina Scalie	Antonin Scalie	PER	884-20
Barack Obama	Barack Obama	PER	807-1
