sl-29
Vesa Stojanova	Ves Stojanov	PER	1048-7
	na	LOC	908-12
KOŽO	koža	LOC	1044-18
Veso Stojanov	Veso Stojanov	PER	1048-21
Leon Vidic	Leon Vidic	PER	1051-15
ZDA	ZDA	LOC	1061-0
Joseph Biden	Joseph Biden	PER	1019-17
Dixville Notch	Dixville Notch	LOC	971-3
New Hampshire	New Hampshire	LOC	908-9
republikanske stranke	republikanski stranka	ORG	995-6
Donald Trump	Donald Trump	PER	971-0
Dixville Notcha	Dixville Notch	LOC	971-3
Trump	Trump	PER	855-1
Beli hiši	bel hiša	LOC	808-3
Joe Biden	Joe Biden	PER	1019-0
New York	New York	LOC	908-6
Los Angeles	Los Angeles	LOC	1051-7
Chicago	Chicago	LOC	899-16
Združene države Amerike	združen država Amerika	LOC	1061-4
Sarah Palin	Sarah Palin	PER	821-3
Donalda Trumpa	Donald Trump	PER	971-0
