bg-1104
Daily Exspress	Daily Express	PRO	PRO-Daily-Express
The Daily Express	The Daily Express	PRO	PRO-Daily-Express
The Guardian	The Guardian	PRO	PRO-The-Guardian
Бирмингам	Бирмингам	LOC	GPE-Birmingham
Брекзит	Брекзит	EVT	EVT-Brexit
Брюксел	Брюксел	LOC	GPE-Brussles
Великобритания	Великобритания	LOC	GPE-Great-Britain
Галилео	Галилео	PRO	PRO-Galileo
Дейвид Дейвис	Дейвид Дейвис	PER	PER-David-Davis
Дейвис	Дейвис	PER	PER-David-Davis
ЕС	ЕС	ORG	ORG-European-Union
Европейската комисия	Европейска комисия	ORG	ORG-European-Commission
Европейският съд	Европейски съд	ORG	ORG-European-Court-of-Justice
Европейският съюз	Европейски съюз	ORG	ORG-European-Union
Евросъюза	Евросъюз	ORG	ORG-European-Union
Кеир Стармър	Кеир Стармър	PER	PER-Keir-Starmer
Лондон	Лондон	LOC	GPE-London
Обединеното кралство	Обединеното кралство	LOC	GPE-Great-Britain
Стармър	Стармър	PER	PER-Keir-Starmer
Тереза Мей	Тереза Мей	PER	PER-Theresa-May
Юлиян Марков	Юлиян Марков	PER	PER-Yuliyan-Markov
