bg-1209
The Sunday Times	The Sunday Times	PRO	PRO-The-Sunday-Times
The Telegraph	The Telegraph	PRO	PRO-The-Daily-Telegraph
Белфаст	Белфаст	LOC	GPE-Belfast
Брекзит	Брекзит	EVT	EVT-Brexit
Великобритания	Великобритания	LOC	GPE-Great-Britain
Гевин Баруел	Гевин Баруел	PER	PER-Gavin-Barwell
ДЮП	ДЮП	ORG	ORG-DUP-Democratic-Unionist-Party
Дейвид Дейвис	Дейвид Дейвис	PER	PER-David-Davis
Дейвис	Дейвис	PER	PER-David-Davis
Демократичната юнионистка партия	Демократична юнионистка партия	ORG	ORG-DUP-Democratic-Unionist-Party
ЕС	ЕС	ORG	ORG-European-Union
Европейския съюз	Европейски съюз	ORG	ORG-European-Union
Иван Христов	Иван Христов	PER	PER-Ivan-Hristov
Информационна агенция "Фокус"	Информационна агенция Фокус	ORG	ORG-Focus-News-Agency
Ирландия	Ирландия	LOC	GPE-Ireland
Лондон	Лондон	LOC	GPE-London
Маргарет Тачър	Маргарет Тачър	PER	PER-Margaret-Thatcher
Найджъл Одс	Найджъл Додс	PER	PER-Nigel-Dodds
Оливър Робинс	Оливър Робинс	PER	PER-Oliver-Robbins
Робинс	Робинс	PER	PER-Oliver-Robbins
Северна Ирландия	Северна Ирландия	LOC	GPE-Northern-Ireland
Тереза Мей	Тереза Мей	PER	PER-Theresa-May
Уестминстър	Уестминстър	LOC	LOC-Westminster
Юлиян Марков	Юлиян Марков	PER	PER-Yuliyan-Markov
