cz-110
Ryanairu	Ryanair	ORG	244-4
Ryanair	Ryanair	ORG	244-2
Itálii	Itálie	LOC	224-1
Španělsku	Španělsko	LOC	242-0
Portugalsku	Portugalsko	LOC	210-0
Belgii	Belgie	LOC	236-13
Nizozemsku	Nizozemsko	LOC	238-5
Německu	Německo	LOC	238-3
Kenny Jacobs	Kenny Jacobs	PER	223-1
Fit Cisl	fitichý Cisl	ORG	254-42
Anpac	Anpac	ORG	218-108
Anpav	Anpav	ORG	218-68
Uiltransporti	Uiltransporti	ORG	207-4
Německa	Německo	LOC	238-3
Odborový svaz německých pilotů	odborový svaz německý pilot	ORG	240-0
Vereinigung Cockpit	Vereinigung Cockpit	ORG	247-4
VC	VC	ORG	247-6
Evropou	Evropa	LOC	206-21
České republiky	český republika	LOC	222-0
