cz-112
Ryanair	Ryanair	ORG	244-2
Itálii	Itálie	LOC	224-1
Španělsku	Španělsko	LOC	242-0
Portugalsku	Portugalsko	LOC	210-0
Belgii	Belgie	LOC	236-13
Nizozemsku	Nizozemsko	LOC	238-5
Ryanairu	Ryanair	ORG	244-4
letiště Václava Havla	letiště Václav Havel	LOC	248-3
Prahy	Praha	LOC	210-1
Itálie	Itálie	LOC	224-1
Česka	Česko	LOC	222-0
Španělska	Španělsko	LOC	242-0
Belgie	Belgie	LOC	236-13
Nizozemska	Nizozemsko	LOC	238-5
Čechů	Čech	PER	222-3
CNE	CNE	ORG	255-0
Bruselu	Brusel	LOC	236-18
talský svaz pracovníků dopravy	talský svaz pracovník doprava	ORG	225-52
Uiltrasporti	Uiltrasporti	ORG	207-4
Německu	Německo	LOC	238-3
Kenny Jacobs	Kenny Jacobs	PER	223-1
Německa	Německo	LOC	238-3
Odborový svaz německých pilotů	odborový svaz německý pilot	ORG	240-0
Vereinigung Cockpit	Vereinigung Cockpit	ORG	247-4
Evropou	Evropa	LOC	206-21
