cz-37
Ryanairu	Ryanair	ORG	244-4
Dublinu	Dublin	LOC	229-1
Polska	Polsko	LOC	210-9
Ryanair	Ryanair	ORG	244-2
Michael O ' Leary	Michael O ' Leara	PER	209-2
Irsku	Irsko	LOC	224-2
německé	německý	LOC	xxx
Vereinigung Cockpit	Vereinigung Cockpit	ORG	247-4
O	Office	PER	240-1
'	'	PER	240-1
Leary	Leara	PER	240-1
Irska	Irsko	LOC	224-2
Itálii	Itálie	LOC	224-1
Španělsku	Španělsko	LOC	242-0
Portugalsku	Portugalsko	LOC	210-0
Belgii	Belgie	LOC	236-13
Česka	Česko	LOC	222-0
Lufthansou	Lufthansa	ORG	248-2
Laudamotion	Laudamotion	ORG	248-0
