cz-123
Ryanairu	Ryanair	ORG	244-4
Dublin	Dublin	LOC	229-1
Ryanair	Ryanair	ORG	244-2
Reuters	Reuters	ORG	244-8
Německu	Německo	LOC	238-3
Belgii	Belgie	LOC	236-13
Portugalsku	Portugalsko	LOC	210-0
Nizozemsku	Nizozemsko	LOC	238-5
Španělsku	Španělsko	LOC	242-0
Itálii	Itálie	LOC	224-1
Prahou	Praha	LOC	210-5
nizozemským	nizozemský	LOC	238-7
Eidhovenem	Eidhoven	LOC	206-22
Juan Fernández	Juan Fernández	PER	204-2
Irsku	Irsko	LOC	224-2
Británii	Británie	LOC	236-21
Německý odborový svaz pilotů	německý odborový svaz pilot	ORG	238-6
VC	VC	ORG	247-6
České republiky	český republika	LOC	222-0
