cs-new-30
Belgie	Belgie	LOC	236-13
Brussels Airlines	Brussels Airlines	ORG	236-12
Prahy	Praha	LOC	210-1
letiště Charleroi	letiště Charlerai	LOC	248-13
Ryanair	Ryanair	ORG	244-2
AFP	AFP	ORG	218-17
Charleroi	Charlerai	LOC	255-8
mezinárodní bruselské letiště Zaventem	mezinárodní bruselský letiště Zavent	LOC	209-68
Bruselem	Brusel	LOC	236-18
Letiště Václava Havla	letiště Václav Havel	LOC	248-3
Roman Pacvoň	Roman Pacvoň	PER	244-9
Skeyes	Skeyes	ORG	221-7
Belgií	Belgie	LOC	236-13
Belgii	Belgie	LOC	236-13
Geert Vanden Wijngaert	Geert Vanden Wijngaert	PER	226-14
ČTK	ČTK	ORG	222-2
AP	AP	ORG	218-4
Eurocontrol	Eurocontrol	ORG	206-6
TUI fly	Tui fly	ORG	225-10
Bruselu	Brusel	LOC	236-18
Eurostar	Eurostar	ORG	206-4
FGTB	FGTB	ORG	254-9
CSC	CSC	ORG	255-5
CGSLB	CGSLB	ORG	255-6
Charles Michel	Charles Michel	PER	255-9
Kris Peeters	Kris Peeters	PER	223-5
České ministerstvo zahraničí	český ministerstvo zahraničí	ORG	222-2
