sl-0
Boris Johnson	Boris Johnson	PER	PER-Boris-Johnson
Borisa Johnsona	Boris Johnson	PER	PER-Boris-Johnson
Britaniji	Britanija	LOC	GPE-Great-Britain
Corbyn	Corbyn	PER	PER-Jeremy-Corbyn
Corbyna	Corbyn	PER	PER-Jeremy-Corbyn
EU	EU	ORG	ORG-European-Union
Jeremy Corbyn	Jeremy Corbyn	PER	PER-Jeremy-Corbyn
Johnson	Johnson	PER	PER-Boris-Johnson
Kennetha Clarka	Kenneth Clarc	PER	PER-Kenneth-Clarke
Lordska zbornica	lordska zbornica	ORG	ORG-House-of-Lords
Mayeva	May	PER	PER-Theresa-May
Mayeve	May	PER	PER-Theresa-May
Oto훾ani	Oto훾ani	PER	GPE-Great-Britain
Oto훾anom	Oto훾ani	PER	GPE-Great-Britain
Therese May	Theresa May	PER	PER-Theresa-May
brexit	brexit	EVT	EVT-Brexit
brexita	brexit	EVT	EVT-Brexit
brexitu	brexit	EVT	EVT-Brexit
konservativcev	konservativci	PER	ORG-Conservative-and-Unionist-Party-UK
laburistov	laburisti	PER	ORG-Labour-Party-UK
lordske zbornice	lordska zbornica	ORG	ORG-House-of-Lords
