sl-100
Boris Johnson	Boris Johnson	PER	PER-Boris-Johnson
Borisa Johnsona	Boris Johnson	PER	PER-Boris-Johnson
Bruegel	Bruegel	ORG	ORG-Bruegel
Bruslju	Bruselj	LOC	GPE-Brussles
Cleppejevih	Cleppe	PER	PER-Pieter-Cleppe
Delo	Delo	ORG	ORG-Delo
Donald Tusk	Donald Tusk	PER	PER-Donald-Tusk
EU	EU	ORG	ORG-European-Union
JCB	JCB	ORG	ORG-Joseph-Cyril-Bamford-Excavators-Limited
Jeremyja Corbyna	Jeremy Corbyn	PER	PER-Jeremy-Corbyn
Johnson	Johnson	PER	PER-Boris-Johnson
Johnsona	Johnson	PER	PER-Boris-Johnson
Keiri Knightley	Keira Knightley	PER	PER-Keira-Knightley
Nicolas Véron	Nicolas Véron	PER	Nicolas Véron
Otoku	otok	LOC	GPE-Great-Britain
Pietra Cleppeja	Pieter Cleppe	PER	PER-Pieter-Cleppe
Pravzaprav ljubezen	Pravzaprav ljubezen	PRO	PRO-Love-Actually
Rokavskega preliva	Rokavski preliv	LOC	LOC-English-Channel
Theresa May	Theresa May	PER	PER-Theresa-May
Véron	Véron	PER	Nicolas Véron
Westminstru	Westminster	LOC	GPE-Westminster
Westminstru	Westminster	LOC	LOC-Westminster
Združenem kraljestvu	Združeno kraljestvo	LOC	GPE-Great-Britain
brexit	brexit	EVT	EVT-Brexit
brexita	brexit	EVT	EVT-Brexit
brexitom	brexit	EVT	EVT-Brexit
brexitu	brexit	EVT	EVT-Brexit
britanskem parlamentu	britanski parlament	ORG	ORG-British-Parlament
demokratičnih unionistov	demokratični unionist	PER	ORG-Democratic-Unionist-Party
evropskega sveta	evropski svet	ORG	ORG-European-Council
konservativcev	konservativec	PER	ORG-Conservative-and-Unionist-Party-UK
konservativci	konservativec	PER	ORG-Conservative-and-Unionist-Party-UK
konservativna stranka	konservativna stranka	ORG	ORG-Conservative-and-Unionist-Party-UK
konservativne stranke	konservativna stranka	ORG	ORG-Conservative-and-Unionist-Party-UK
laburisti	laburist	PER	ORG-Labour-Party-UK
laburistom	laburist	PER	ORG-Labour-Party-UK
svete noči	sveta noč	PRO	PRO-Silent-Night
torijci	torijec	PER	ORG-Tories
