sl-143
Britanski poslanci	Britanski poslanci	PER	ORG-British-Parlament
Brusljem	Bruselj	LOC	GPE-Brussles
DUP	DUP	ORG	ORG-DUP-Democratic-Unionist-Party
EU	EU	ORG	ORG-European-Union
Efta	Efta	ORG	ORG-European-Free-Trade-Association-EFTA
Ekonomskemu gospodarskemu prostoru	Ekonomski gospodarski prostor	PRO	PRO-EEA-European-Economic-Area
Evropske unije,	Evropska unija	ORG	ORG-European-Union
Evropske unije	Evropska unija	ORG	ORG-European-Union
Evropskega združenja za prosto trgovino	Evropsko združenje za prosto trgovino	ORG	ORG-European-Free-Trade-Association-EFTA
Evropskemu združenju za prosto trgovino	Evropsko združenje za prosto trgovino	ORG	ORG-European-Free-Trade-Association-EFTA
John Bercow	John Bercow	PER	PER-John-Bercow
Mayin	May	PER	PER-Theresa-May
Otok	Otok	LOC	GPE-Great-Britain
Otoku	otok	LOC	GPE-Great-Britain
Stephen Barclay	Stephen Barclay	PER	PER-Stephen-Barclay
Theresa May	Theresa May	PER	PER-Theresa-May
Velika Britanija	Velika Britanija	LOC	GPE-Great-Britain
Velike Britanije	Velika Britanija	LOC	GPE-Great-Britain
Združenega kraljestva	Združeno kraljestvo	LOC	GPE-Great-Britain
brexit	brexit	EVT	EVT-Brexit
brexita	brexit	EVT	EVT-Brexit
brexitu	brexit	EVT	EVT-Brexit
britanskem parlamentu	britanski parlament	ORG	ORG-British-Parlament
enotni trg 2.0	enotni trg 2.0	PRO	PRO-European-Single-Market
laburistične stranke	laburistična stranka	ORG	ORG-Labour-Party-UK
