pl-72
Listhaug	Listhaug	PER	41-6
Raja	Raja	PER	37-16
Pakistankę	Pakistanka	PER	6-7
Norwegii	Norwegia	LOC	31-15
Abid Raja	Abid Raja	PER	12-24
Sylvi Listhaug	Sylvi Listhaug	PER	15-28
Asia Bibi	Asia Bibi	PER	12-5
Pakistance	Pakistance	LOC	6-3
Sąd Najwyższy	sąd wysoki	ORG	15-13
Mahometa	Mahomet	PER	5-11
Venstre	Venstre	ORG	40-9
NTB	NTB	ORG	31-35
Norwegia	Norwegia	LOC	31-15
Bibi	Bibi	PER	29-0
Partii Postępu Frp	partia postęp Frp	ORG	6-76
VG	VG	ORG	40-1
Pakistanie	Pakistan	LOC	6-3
Pendżabie	Pendżabin	LOC	6-9
Jezus	Jezus	PER	0-0
Mahomet	Mahomet	PER	5-11
AP	AP	ORG	12-2
Islamabadu	islamabad	LOC	20-10
Pakistanu	Pakistan	LOC	6-2
Pakistan	Pakistan	LOC	6-3
Włochy	Włochy	LOC	49-7
Francja	Francja	LOC	xxx
