pl-102
Terlikowski	Terlikowski	PER	21-41
Asia Bibi	Asia Bibi	PER	12-5
Bożego Narodzenia	boży narodzenie	EVT	29-25
Ittanwali	Ittanwala	LOC	20-7
Pakistanie	Pakistan	LOC	6-3
Asia	Asia	PER	12-12
Jezusa Chrystusa	Jezus Chrystus	PER	0-1
Mahomet	Mahomet	PER	5-11
Asi	Asia	PER	12-0
Mahometa	Mahomet	PER	5-11
Pakistańskiego Kodeksu Karnego	pakistański kodeks karny	PRO	6-6
Bibi	Bibi	PER	29-0
Asi Bibi	Asia Bibi	PER	12-0
Jezusa	Jezus	PER	0-2
Jezus	Jezus	PER	0-0
Sąd Najwyższy	sąd wysoki	ORG	15-13
Benedykt XVI	Benedykt XVI	PER	29-2
Franciszek	Franciszek	PER	xxx
Jezusowi Chrystusowi	Jezus Chrystus	PER	0-12
Europy	Europa	LOC	2-8
Bogiem	Bóg	PER	29-4
Kościół	kościół	ORG	18-6
Chrystusa	Chrystus	PER	46-4
