pl-29
Asi Bibi	aśa Bibi	PER	12-27
Pakistanie	Pakistan	LOC	6-3
Pakistański Sąd Najwyższy	pakistański sąd wysoki	ORG	6-12
Asię Bibi	Asia Bibi	PER	12-25
Mahometowi	Mahomet	PER	5-12
Wielkej Brytanii	wielki Brytania	LOC	49-6
USA	USA	LOC	3-0
Kanady	Kanada	LOC	18-2
Sąd Najwyższy	sąd wysoki	ORG	15-13
Bibi	Bibi	PER	29-0
Ashiq Masih	Ashiq Masih	PER	12-6
Zjednoczonego Królestwa	zjednoczyć królestwo	LOC	25-2
Pakistanu	Pakistan	LOC	6-2
Deutsche Welle	Deutsche Welle	PRO	24-1
Masih	Masih	PER	5-18
TLP	TLP	ORG	21-10
Sądu Najwyższego	sąd wysoki	ORG	15-13
Asia Bibi	Asia Bibi	PER	12-5
Fawad Chaudry	Fawad Chaudra	PER	xxx
BBC	BBC	PRO	29-3
Asia Noreen	Asia Noreen	PER	12-12
Mahometa	Mahomet	PER	5-11
Mahomecie	Mahomet	PER	5-13
