pl-21
Asia Bibi	Asia Bibi	PER	12-5
Pakistanu	Pakistan	LOC	6-2
Sądu Najwyższego	sąd wysoki	ORG	15-13
więzienia w Lahaur	więzienie w Lahaur	LOC	49-17
Mahometa	Mahomet	PER	5-11
MSZ	MSZ	ORG	5-19
Parlamentu Europejskiego	parlament europejski	ORG	6-8
Antonio Tajani	Antonio Tajani	PER	12-15
Twitterze	twitter	PRO	21-4
Brukseli	Bruksela	LOC	29-6
Asii Bibi	Asia Bibi	PER	12-17
Karaczi	Karaczi	LOC	18-11
Asię	Asia	PER	12-25
Benedykt XVI	Benedykt XVI	PER	29-2
Franciszek	Franciszek	PER	xxx
Stanach Zjednoczonych	Stany Zjednoczone	LOC	15-23
Wlk . Brytanii	wlktonąt . Brytania	LOC	49-16
Kanadzie	Kanada	LOC	18-2
Tehreek -e-Labbaik Pakistan	Tehreek -e-labbaik Pakistan	ORG	21-1
TLP	TLP	ORG	21-10
Bibi	Bibi	PER	29-0
MSW	MSW	ORG	5-48
Matteo Salvini	Matteo Salvini	PER	5-2
Włochy	Włochy	LOC	49-7
Pakistan	Pakistan	LOC	6-3
Holenderski MSZ	holenderski MSZ	ORG	xxx
Saifowi - Ul - Mulookowi	Saif - ulica - Mulook	PER	15-5
PAP	PAP	ORG	6-5
