pl-166
Pakistan	Pakistan	LOC	6-3
Facebooku	facebook	PRO	xxx
Shafiq Chaudhry	Shafiq Chaudhra	PER	15-40
Taimore Razy	taimory raz	PER	21-46
Bahawalpur	Bahawalpur	LOC	29-48
Shabir Ahmed	Shabir Ahmed	PER	15-36
Razę	Raza	PER	37-25
Mahometa	Mahomet	PER	5-11
Pakistanie	Pakistan	LOC	6-3
Alego	Alega	PER	12-52
Fatimy	Fatima	PER	xxx
Ali	Ala	PER	12-38
Allaha	Allaha	PER	12-11
Mardan	Mardan	LOC	5-39
Nawaz Sharif	Nawaz Sharif	PER	31-19
Pendżabu	Pendżab	LOC	6-9
Salman Taseer	Salman Taseer	PER	15-7
Taseer	Taseer	PER	21-7
Asi Bibi	Asia Bibi	PER	12-0
Shabbaz Batti	Shabbaz Batti	PER	15-34
Taseera	Taseer	PER	21-7
