pl-46
Pakistan	Pakistan	LOC	6-3
Asi Bibi	Asia Bibi	PER	12-0
TLP	TLP	ORG	21-10
Karaczi	Karaczi	LOC	18-11
Lahaur	Lahaur	LOC	41-4
Pendżab	Pendżab	LOC	6-9
Geo TV	Geo TV	PRO	22-2
Islamabadzie	islamabada	LOC	20-10
Reutera	Reuter	ORG	37-10
Imran Khan	Imran Khan	PER	20-6
Khan	Khan	PER	18-13
Muhammad Afzal Qadri	Muhammad Afzal Qadria	PER	5-7
Sądu Najwyższego	sąd wysoki	ORG	15-13
Asię Bibi	Asia Bibi	PER	12-25
Qadri	Qadria	PER	7-0
Khana	Khan	PER	18-13
Pakistanu	Pakistan	LOC	6-2
Qamarowi Javedowi Bajwie	Qamar Javed Bajwa	PER	7-1
Hafiz Saeed	Hafiz Saeed	PER	36-2
USA	USA	LOC	3-0
ataków terrorystycznych w Bombaju w 2008 roku	atak terrorystyczny w Bombaj w 2008 rok	EVT	12-26
Rada Milli Yakjehti	rada Milli Yakjehti	ORG	37-15
Bibi	Bibi	PER	29-0
Asia Bibi	Asia Bibi	PER	12-5
James Masih	James Masih	PER	0-5
Associated Press	Associated Press	ORG	12-18
Pakistanie	Pakistan	LOC	6-3
Masih	Masih	PER	5-18
AP	AP	ORG	12-2
Francji	Francja	LOC	xxx
Hiszpanii	Hiszpania	LOC	36-6
Asia Noreen	Asia Noreen	PER	12-12
Mahometa	Mahomet	PER	5-11
