pl-106
Kerala	Keral	LOC	18-7
Święta Bożego Narodzenia	święto boży narodzenie	EVT	19-1
Indii	Indie	LOC	20-5
w Sieci Historii	w sieć historia	PRO	49-26
Indiach	Indie	LOC	20-5
Goa	Goa	LOC	22-1
Chrystusie	Chrystus	PER	46-4
Kerali	Kerali	LOC	18-7
hinduistów	hinduista	PER	36-8
Holy Angels	Hola Angels	ORG	36-10
Hindusów	Hindus	PER	36-3
Europie	Europa	LOC	2-8
Che Guevarą	Che Guevara	PER	46-5
Włoszech	Włochy	LOC	49-2
Che Guevara	Che Guevar	PER	46-5
Lenina	Lenina	PER	41-10
Stalinów	Stalin	PER	15-41
Fidela Castro	Fidel Castro	PER	xxx
Indiami	Indie	LOC	20-15
Pakistanem	Pakistan	LOC	6-3
Newyork	Newyork	PRO	31-6
Polsce	Polska	LOC	6-4
Keralę	Kerala	LOC	18-7
Portugalczycy	Portugalczyk	PER	6-71
Holendrzy	Holender	PER	36-15
Brytyjczycy	Brytyjczyk	PER	29-46
Ameryką	Ameryka	LOC	12-59
Bobby Jindal	Bobby Jindal	PER	29-27
Luizjany	Luizjany	LOC	41-9
Indie	Inda	LOC	20-5
Chrystusa	Chrystus	PER	46-4
świętego Tomasza	święty Tomasz	PER	19-0
Mahometa	Mahomet	PER	5-11
św . Jerzy	święty . Jerzy	PER	19-2
Pakistanie	Pakistan	LOC	6-3
Wielkanocy	Wielkanoc	EVT	49-3
Bożego Narodzenia	boży narodzenie	EVT	29-25
Asia Bibi	Asia Bibi	PER	12-5
Parlamentu Europejskiego	parlament europejski	ORG	6-8
Japonią	Japonia	LOC	0-26
New Delhi	New Delhi	LOC	31-18
Agrze	Agrze	LOC	12-58
Mombaju	Mombaj	LOC	5-45
Bombaju	Bombaj	LOC	29-22
Bangalore	Bangalore	LOC	29-35
Radżasthanie	Radżasthan	LOC	37-5
Udajpurze	Udajpur	LOC	3-4
Nanitalu	Nanital	LOC	31-36
Himalajów	Himalaj	LOC	36-11
Kollam	Kollam	LOC	18-8
kościółkiem	kościółek	LOC	xxx
posągiem Jezusa Chrystusa	posąg Jezus Chrystus	LOC	6-74
Thiruvananthapuram	Thiruvananthapuram	LOC	21-37
Ahuthanandana	Ahuthanandan	PER	12-65
Ramkrishnana Suryabhana Gavai	Ramkrishnan Suryabhan Gava	PER	37-24
Koczin	Koczin	LOC	18-27
Wybrzeżu Malabarskim	wybrzeże malabarski	LOC	49-12
Hindusom	Hindus	PER	36-3
Święty Tomasz	święty Tomasz	PER	19-0
Nazarecie	Nazaret	LOC	31-29
Jezusa	Jezus	PER	0-2
Jerozolimie	Jerozolim	LOC	0-13
Oceanem Indyjskim	Ocean indyjski	LOC	33-4
Kościół malabarski	kościół malabarski	ORG	18-6
Radżastanu	Radżastan	LOC	37-5
Europejczyków	Europejczyk	PER	2-9
