pl-87
Asi Bibi	Asia Bibi	PER	12-0
Sądu Najwyższego	sąd wysoki	ORG	15-13
Asia Bibi	Asia Bibi	PER	12-5
Pakistanu	Pakistan	LOC	6-2
Sąd Najwyższy	sąd wysoki	ORG	15-13
Karaczi	Karaczi	LOC	18-11
Asię	Asia	PER	12-25
Benedykt XVI	Benedykt XVI	PER	29-2
Franciszek	Franciszek	PER	xxx
Stanach Zjednoczonych	Stany Zjednoczone	LOC	15-23
Wielkiej Brytanii	Wielki Brytania	LOC	49-5
Kanadzie	Kanada	LOC	18-2
Tehreek -e-Labbaik Pakistan	Tehreek -e-labbaik Pakistan	ORG	21-1
TLP	TLP	ORG	21-10
Bibi	Bibi	PER	29-0
MSW	MSW	ORG	49-15
Matteo Salvini	Matteo Salvini	PER	5-2
Włochy	Włochy	LOC	49-7
Pakistan	Pakistan	LOC	6-3
Holenderski MSZ	holenderski MSZ	ORG	36-7
Saifowi ul - Mulookowi	Saif ulica - Mulook	PER	15-5
