pl-13
Pakistański	pakistański	ORG	xxx
Sąd Najwyższy	sąd wysoki	ORG	15-13
Asię Bibi	Asia Bibi	PER	12-25
Mahometowi	Mahomet	PER	5-12
Asia Bibi	Asia Bibi	PER	12-5
Mahometa	Mahomet	PER	5-11
Sąd Najwyższy w Pakistanie	sąd wysoki w Pakistan	ORG	15-13
SN	SN	ORG	15-19
Pakistan	Pakistan	LOC	6-3
Associated Press	Associated Press	ORG	12-18
Bibi	Bibi	PER	29-0
Franciszek	Franciszek	PER	xxx
Pakistanie	Pakistan	LOC	6-3
Muhammad	Muhammad	PER	5-31
TLP	TLP	ORG	21-10
Twitterze	twitter	PRO	21-4
Asi Bibi	Asia Bibi	PER	12-0
Khadim Hussain Rizvi	Khadim Hussain Rizva	PER	18-4
Pakistańczyków	Pakistańczyk	PER	6-11
Islamabadu	islamabad	LOC	20-10
