pl-97
Pakistan	Pakistan	LOC	6-3
Ashiq Masih	Ashiq Masih	PER	12-6
Zjednoczonego Królestwa	zjednoczyć królestwo	LOC	25-2
Kanady	Kanada	LOC	18-2
USA	USA	LOC	3-0
Deutsche Welle	Deutsche Welle	PRO	24-1
Masih	Masih	PER	5-18
Pakistanu	Pakistan	LOC	6-2
TLP	TLP	ORG	21-10
Bibi	Bibi	PER	29-0
Sądu Najwyższego	sąd wysoki	ORG	15-13
Asia Bibi	Asia Bibi	PER	12-5
Fawad Chaudry	Fawad Chaudra	PER	xxx
BBC	BBC	PRO	29-3
Asi Bibi	Asia Bibi	PER	12-0
Asia Noreen	Asia Noreen	PER	12-12
Mahometa	Mahomet	PER	5-11
Mahomecie	Mahomet	PER	5-13
Pakistanie	Pakistan	LOC	6-3
