pl-1
Asia Bibi	Asia Bibi	PER	12-5
Mahometa	Mahomet	PER	5-11
Asii Bibi	Asia Bibi	PER	12-17
Benedykt XVI	Benedykt XVI	PER	29-2
Mahometowi	Mahomet	PER	5-12
Sąd Najwyższy	sąd wysoki	ORG	15-13
Saqib Nisar	Saqib Nisar	PER	15-8
sądu w Lahaur	sąd w Lahaur	ORG	xxx
Asię Bibi	Asia Bibi	PER	12-25
Pakistanie	Pakistan	LOC	6-3
Bibi	Bibi	PER	29-0
Aasiya Noreen Bibi	Aasiya Noreen Bibi	PER	12-13
Jezus	Jezus	PER	0-0
Mahomet	Mahomet	PER	5-11
Pendżabu	Pendżab	LOC	6-9
Salman Taster	Salman Taster	PER	15-7
Shahbaz Bhatti	Shahbaz Bhatti	PER	15-14
Boga	Bóg	PER	29-4
Pan	pan	PER	6-15
Dziewica Maryja	dziewica Maryja	PER	xxx
