pl-27
Asia Bibi	Asia Bibi	PER	12-5
Saif ul - Mulook	Saif ulica - Mulook	PER	15-5
Asi Bibi	Asia Bibi	PER	12-0
AFP	AFP	ORG	12-4
Bibi	Bibi	PER	29-0
więzienia w Multan w Pendżabie	więzienie w Multan w Pendżabin	LOC	49-14
Pakistanu	Pakistan	LOC	6-2
EFE	EFE	ORG	2-18
Asię Bibi	Asia Bibi	PER	12-25
AP	AP	ORG	12-2
Islamabadu	islamabad	LOC	20-10
Multan	Multan	LOC	5-21
Pakistańczykami	Pakistańczyk	PER	6-39
agencja Reutera	agencja Reuter	ORG	xxx
lotnisko w Multan	lotnisko w Multan	LOC	41-5
Bibi w	Bibi w	PER	29-0
Pendżabie	Pendżabin	LOC	49-21
Agencją Reutera	agencja Reuter	ORG	xxx
Mulook	Mulook	PER	5-22
Holandii	Holandia	LOC	36-5
holenderskim parlamencie	holenderski parlament	ORG	36-7
Pendżab	Pendżab	LOC	6-9
Sądu Najwyższego	sąd wysoki	ORG	15-13
Sąd Najwyższy	sąd wysoki	ORG	15-13
Sąd Najwyższy w Lahaur	sąd wysoki w Lahaur	ORG	15-26
TLP	TLP	ORG	21-10
Islamabad	Islamabad	LOC	20-0
Le Figaro	Le Figaro	PRO	41-0
Paryża	Paryż	LOC	6-18
Anne Hidalgo	Anne Hidalgo	PER	12-7
Francji	Francja	LOC	xxx
Matteo Salvini	Matteo Salvini	PER	5-2
Włochy	Włochy	LOC	49-7
Pakistan	Pakistan	LOC	6-3
Stanach Zjednoczonych	Stany Zjednoczone	LOC	15-23
Wielkiej Brytanii	Wielki Brytania	LOC	49-5
Kanadzie	Kanada	LOC	18-2
Pakistanie	Pakistan	LOC	6-3
Donalda Trumpa	Donald Trump	PER	24-2
Theresę May	Theresa May	PER	21-11
Ashiq Masih	Ashiq Masih	PER	12-6
Asia Noreen	Asia Noreen	PER	12-12
Mahometa	Mahomet	PER	5-11
