pl-44
Asii Bibi	Asia Bibi	PER	12-17
Pakistanie	Pakistan	LOC	6-3
Bitrus	Bitrus	PER	29-44
Bibi	Bibi	PER	29-0
Papieskiego Stowarzyszenia Pomoc Kościołowi w Potrzebie	papieski stowarzyszenie pomoc Kościół w potrzeba	ORG	6-10
Franciszek	Franciszek	PER	xxx
# ColosseoRosso	# ColosseoRosso	EVT	xxx
Koloseum	Koloseum	LOC	18-10
katedra św . Pawła w Mosulu	katedra święty . Paweł w Mosul	LOC	18-12
maronicki kościół św . Eliasza w Aleppo	maronicki kościół święty . Eliasz w Aleppo	LOC	5-16
Biuro Prasowe Stolicy Apostolskiej	biuro prasowy stolica apostolski	ORG	29-52
Rebbecca Bitrus	Rebbecco Bitrus	PER	37-9
Boko Haram	Boko Haram	ORG	29-1
Rebecca	Rebecco	PER	37-9
Asia Bibi	Asia Bibi	PER	12-5
Mahometowi	Mahomet	PER	5-12
Wielkanocą	Wielkanoca	EVT	49-3
Franciszkiem	Franciszek	PER	xxx
Jezusa Chrystusa	Jezus Chrystus	PER	0-1
Mahomet	Mahomet	PER	5-11
Sąd Najwyższy	sąd wysoki	ORG	15-13
Radio Watykańskie	radio watykański	PRO	37-13
Benedykt XVI	Benedykt XVI	PER	29-2
Pakistańczyków	Pakistańczyk	PER	6-11
Koranowi	Koran	PRO	18-9
Asia News	Asia news	ORG	12-22
Muhammad Haneef Qureshi	Muhammad Haneef Qureshi	PER	5-23
