pl-610
Guardian	Guardian	PRO	77-1
Brexicie	Brexita	EVT	86-22
UE	UE	ORG	54-7
Norwegia	Norwegia	LOC	88-28
Bruksela	Bruksela	LOC	86-87
Londynu	Londyn	LOC	100-25
Wspólnotą	wspólnota	ORG	111-24
The Guardian	The Guardian	PRO	76-3
Theresa May	Theres May	PER	76-40
Brexitu	Brexit	EVT	86-22
Brukselę	Bruksela	LOC	86-87
Wielkiej Brytanii	Wielki Brytania	LOC	111-17
Norwegię	Norwegia	LOC	88-28
May	May	PER	58-221
Wielka Brytania	wielki Brytania	LOC	111-25
Guardiana	Guardian	PRO	77-1
Norwegii	Norwegia	LOC	88-28
Norwegowie	Norweg	PER	88-39
Londyn	Londyn	LOC	100-21
wyspę	wyspa	LOC	xxx
Brukseli	Bruksela	LOC	86-87
