pl-1569
Brexit	brexit	EVT	86-30
polskich	polski	LOC	xxx
Zjednoczonego Królestwa	zjednoczyć królestwo	LOC	80-6
Londynu	Londyn	LOC	100-25
UE	UE	ORG	54-7
Polacy	Polak	PER	59-47
Polaków	Polak	PER	59-45
Wielkiej Brytanii	Wielki Brytania	LOC	111-17
Zjednoczonym Królestwie	zjednoczyć królestwo	LOC	80-7
Brexicie	Brexita	EVT	86-22
MSZ	MSZ	ORG	58-177
Wyspach	wyspa	LOC	111-19
Michaela Dembinskiego	Michael Dembinski	PER	58-11
Polsko - Brytyjskiej Izby Handlowej	polski - brytyjski izba handlowy	ORG	59-81
Londyn	Londyn	LOC	100-21
PRL	PRL	LOC	59-75
polskie	polski	LOC	xxx
Polska	Polska	LOC	59-4
Wielką Brytanią	Wielki Brytania	LOC	111-17
CETA	CETA	PRO	107-52
Michael Dembinski	Michael Dembinski	PER	58-11
Wielka Brytania	wielki Brytania	LOC	111-25
Francja	Francja	LOC	106-23
Francuzów	Francuz	PER	106-13
Wyspy	Wyspa	LOC	111-18
Brytyjczyków	Brytyjczyk	PER	86-86
Polakami	Polak	PER	59-66
USA	USA	LOC	54-2
Indii	Indie	LOC	75-42
Chin	Chiny	LOC	107-29
Dembinski	Dembinski	PER	79-138
Brexitu	Brexit	EVT	86-22
