pl-1509
Brexit	brexit	EVT	86-30
polskie	polski	LOC	59-7
Wyspach	wyspa	LOC	111-19
Wielkiej Brytanii	Wielki Brytania	LOC	111-17
Unii	unia	ORG	54-5
Polska	Polska	LOC	59-4
Theresa May	Theres May	PER	76-40
Henryki Bochniarz	Henryka Bochniarz	PER	94-27
Konfederacji Lewiatan	konfederacja Lewiatan	ORG	72-54
Polacy	Polak	PER	59-47
Home Office	Home Office	ORG	94-23
MSW	MSW	ORG	58-109
Zjednoczonym Królestwie	zjednoczyć królestwo	LOC	80-7
Wyspach Brytyjskich	wyspa brytyjski	LOC	111-55
Ambasadzie RP w Londynie	ambasada RP w Londyn	LOC	66-181
Polaków	Polak	PER	59-45
Polonii	Polonia	ORG	59-74
brexicie	brexit	EVT	86-93
Anglii	Anglia	LOC	66-56
Polsce	Polska	LOC	59-44
brexitu	brexit	EVT	86-88
Europy Wschodniej	Europa wschodni	LOC	53-91
Unii Europejskiej	unia europejski	ORG	54-13
Barbara Drozdowicz	Barbara Drozdowicz	PER	86-114
East European Resource Centre	East European Resourka Centre	ORG	53-40
Londynie	Londyn	LOC	100-25
Polski	Polska	LOC	59-5
polskich	polski	LOC	59-6
Unią	unia	ORG	54-9
Wielką Brytanią	Wielki Brytania	LOC	111-17
Drozdowicz	Drozdowicz	PER	79-102
UE	UE	ORG	54-7
Konfederacja Lewiatan	konfederacja Lewiatan	ORG	72-54
polski	polski	LOC	59-10
Polskiej Rzeczypospolitej Ludowej	polski rzeczpospolita ludowy	LOC	59-133
Zjednoczonego Królestwa Wielkiej Brytanii i Irlandii Północnej	zjednoczyć królestwo Wielki Brytania i Irlandia północny	LOC	80-14
PRL	PRL	LOC	59-75
Wielka Brytania	wielki Brytania	LOC	111-25
Komisji Spraw Zagranicznych	komisja sprawa zagraniczny	ORG	72-55
Rzeczpospolitej	Rzeczpospolita	PRO	95-28
Grzegorz Baczewski	Grzegorz Baczewski	PER	77-83
Polską	Polska	LOC	59-41
