pl-252
Polaków	Polak	PER	59-45
Wyspach	wyspa	LOC	111-31
Tuska	Tusk	PER	76-27
Polakami	Polak	PER	59-66
brexicie	brexit	EVT	86-93
Wlk .	Wlk .	LOC	111-40
Brytanii	Brytania	LOC	111-40
Rady Europejskiej	rada europejski	ORG	95-22
Donald Tusk	Donald Tusk	PER	79-12
Tusk	Tusk	PER	76-27
Twitterze	twitter	PRO	76-15
Getty Images	Getty Images	PRO	77-84
Dan Kitwood	Dan Kitwood	PER	79-99
UE	UE	ORG	54-7
Wlk . Brytanii	Wlk . Brytania	LOC	111-40
Brytyjczycy	Brytyjczyk	PER	86-86
brexitem	brexit	EVT	86-94
Polakom	Polak	PER	59-45
Brytyjczyków	Brytyjczyk	PER	86-86
Andrzeja Dudy	Andrzej Duda	PER	66-60
