pl-1416
brexitem	brexit	EVT	86-94
Niemcy	Niemiec	LOC	88-29
Irlandii	Irlandia	LOC	75-21
Wlk . Brytanii	wlktonąt . Brytania	LOC	111-39
UE	UE	ORG	54-7
Europejski Komitet Regionów	europejski komitet region	ORG	53-42
Degussa	Deguss	ORG	79-121
/	/	ORG	xxx
Basell	Basell	ORG	86-244
Wesselingu	Wesseling	LOC	111-103
Kolonii	Kolonia	LOC	72-29
brexitu	brexit	EVT	86-88
Niemczech	Niemcy	LOC	88-33
Funke	Funke	ORG	106-28
Europejskiego Komitetu Regionów	europejski komitet region	ORG	53-42
Hamburg	Hamburg	LOC	94-25
Berlin	Berlin	LOC	86-98
Duesseldorf	Duesseldorf	LOC	79-74
Zagłębia Ruhry	Zagłębie Ruhry	LOC	80-56
Kolonia	Kolonia	LOC	72-29
Darmstadt	Darmstadt	LOC	79-80
Brexit	brexit	EVT	86-30
Niemcom	Niemiec	PER	88-43
brexit	brexit	EVT	86-85
Komisji	komisja	ORG	72-1
Karl - Heinz Lambertz	Karl - Heinz Lambertz	PER	72-52
Maltę	Malta	LOC	58-25
Holandii	Holandia	LOC	94-11
Belgii	Belgia	LOC	86-20
Niemiec	Niemcy	LOC	88-27
Brukseli	Bruksela	LOC	86-87
Unii Europejskiej	unia europejski	ORG	54-13
Barbara Cöllen	Barbara Cöllen	PER	86-113
