pl-1567
Brexodus	Brexodus	EVT	86-156
Polaków	Polak	PER	59-45
Wyspy	Wyspa	LOC	111-18
Brexitu	Brexit	EVT	86-22
Zjednoczonego Królestwa	zjednoczyć królestwo	LOC	80-6
polskie	polski	LOC	59-7
Londynie	Londyn	LOC	100-25
Anna	Anna	PER	66-78
Polski	Polska	LOC	59-5
Wyspach	wyspa	LOC	111-31
Brexitem	Brexit	EVT	86-22
Polakiem	Polak	PER	59-91
Bartek	Bartek	PER	86-125
Czech	Czechy	LOC	107-45
Czechach	Czechy	LOC	107-45
Janusza Kobeszko	Janusz Kobeszko	PER	51-122
Instytutu Sobieskiego	instytut Sobieski	ORG	75-60
Gosi	Gosia	PER	77-36
Zjednoczone Królestwo	Zjednoczone królestwo	LOC	80-1
Anglikami	Anglik	PER	66-63
Gosia	Gosia	PER	77-36
Brytyjczycy	Brytyjczyk	PER	86-86
Australii	Australia	LOC	66-49
Kanady	Kanada	LOC	72-14
wyspiarzom	wyspiarz	PER	111-23
Afryki	Afryka	LOC	66-52
Europy Wschodniej	Europa wschodni	LOC	53-91
Karaibów	Karaiby	LOC	72-48
Amber Rudd	Amber Rudd	PER	66-10
Wielkiej Brytanii	Wielki Brytania	LOC	111-17
MSW	MSW	ORG	58-198
Windrush	Windrush	PRO	111-50
Empire Windrush	Empire Windrush	PRO	53-53
drugiej wojnie światowej	drugi wojna światowy	EVT	79-54
Anny	Anna	PER	66-77
Polka	Polek	PER	59-54
Czechy	Czechy	LOC	107-45
Polską	Polska	LOC	59-41
Polsce	Polska	LOC	59-44
polskiej	polski	LOC	59-7
polskich	polski	LOC	59-6
Czesi	Czech	PER	107-145
