pl-1643
brexicie	brexit	EVT	86-93
Ministerstwa Spraw Zagranicznych Wielkiej Brytanii	ministerstwo sprawa zagraniczny Wielki Brytania	ORG	58-0
Boris Johnson	Boris Johnson	PER	86-54
BuzzFeed	BuzzFeed	PRO	86-68
Londyn	Londyn	LOC	100-21
Irlandii	Irlandia	LOC	75-21
Irlandii Północnej	Irlandia północny	LOC	75-22
Wielka Brytania	wielki Brytania	LOC	111-25
UE	UE	ORG	54-7
Brexicie	Brexita	EVT	86-22
Unii Europejskiej	unia europejski	ORG	54-13
Wielkiej Brytanii	Wielki Brytania	LOC	111-17
brexitu	brexit	EVT	86-88
Michel Barnier	Michel Barnier	PER	58-7
Wielką Brytanię	Wielki Brytania	LOC	111-17
unii	unia	ORG	xxx
Irlandia Północna	Irlandia Północny	LOC	75-38
Theresy May	Theresy May	PER	76-16
Unią Europejską	unia europejski	ORG	54-17
Irlandią	Irlandia	LOC	75-24
Borisa Johnsona	Boris Johnson	PER	86-54
Johnson	Johnson	PER	51-39
Donaldzie Trumpie	Donald Trump	PER	79-11
Trumpa	Trump	PER	76-55
brexitem	brexit	EVT	86-94
Philipie Hammondzie	Philip Hammonda	PER	59-12
Johnsona	Johnson	PER	51-38
Hammond	Hammond	PER	94-6
Wspólnotą	wspólnota	ORG	111-24
