pl-601
Tagesspiegel	Tagesspiegel	PRO	76-78
Europie	Europa	LOC	53-91
Polska	Polska	LOC	59-4
Europy	Europa	LOC	53-91
Zachodzie	zachód	LOC	80-15
UE	UE	ORG	54-7
Mateusz Morawiecki	Mateusz Morawiecki	PER	58-13
Berlinie	Berlin	LOC	86-98
Gerd Appenzeller	Gerd Appenzeller	PER	77-60
Morawieckiego	Morawiecki	PER	58-12
Fundacji Koerbera	fundacja Koerber	ORG	106-81
Polski	Polska	LOC	59-5
Grupy Wyszehradzkiej	grupa wyszehradzki	ORG	77-23
polskie	polski	LOC	59-7
Brukseli	Bruksela	LOC	86-87
Warszawie	Warszawa	LOC	111-6
II wojny światowej	II wojna światowy	EVT	75-45
Polsce	Polska	LOC	59-44
PiS	PiS	ORG	59-43
Brexit	brexit	EVT	86-30
Brexitem	Brexit	EVT	86-22
polskich	polski	LOC	59-6
polska	polski	LOC	59-10
Appenzellera	Appenzeller	PER	66-147
Tagesspiegla	Tagesspiegla	PRO	76-155
PAP	PAP	ORG	59-58
