pl-1949
Barnier	Barnier	PER	86-52
Brexitu	Brexit	EVT	86-22
Brexicie	Brexita	EVT	86-22
PAP	PAP	ORG	59-58
UE	UE	ORG	54-7
Wielkiej Brytanii	Wielki Brytania	LOC	111-17
Irlandii	Irlandia	LOC	75-21
Irlandii Północnej	Irlandia północny	LOC	75-22
Londyn	Londyn	LOC	100-21
Demokratycznej Partii Unionistów	demokratyczny partia unionista	ORG	79-32
DUP	DUP	ORG	79-6
Theresy May	Theresy May	PER	76-16
Zjednoczonego Królestwa	zjednoczyć królestwo	LOC	80-6
Wielką Brytanią	Wielki Brytania	LOC	111-17
Londynie	Londyn	LOC	100-25
Irlandią	Irlandia	LOC	75-24
Irlandią Północną	Irlandia północny	LOC	75-26
Parlamentowi Europejskiemu	parlament europejski	ORG	59-38
Rady Europejskiej	rada europejski	ORG	95-22
Donald Tusk	Donald Tusk	PER	79-12
Theresą May	Theresa May	PER	76-40
Tusk	Tusk	PER	76-27
Brukseli	Bruksela	LOC	86-87
Grzegorz Paluch	Grzegorz Paluch	PER	77-22
