pl-1480
Frans Timmermans	Frans Timmermans	PER	106-16
Polsce	Polska	LOC	59-44
KE	KE	ORG	72-70
Komisją Europejską	komisja europejski	ORG	72-24
Debacie Dnia	debata dzień	PRO	79-116
Edyta Hołdyńska	Edyta Hołdyńska	PER	53-48
Komisji Europejskiej	komisja europejski	ORG	72-24
Fransa Timmermansa	Fransa Timmermans	PER	106-16
Warszawie	Warszawa	LOC	111-6
Tomasz Wróblewski	Tomasz Wróblewski	PER	76-68
Warsaw Enterprise Institute	Warsaw Enterprise Institute	ORG	111-73
Jacek Czaputowicz	Jacek Czaputowicz	PER	51-21
Frans Timmermans Turczyk	Frans Timmermans Turczyk	PER	106-16
Sejmie	sejm	ORG	69-227
Mateuszem Morawieckim	Mateusz Morawiecki	PER	58-13
Jackiem Czaputowiczem	Jacek Czaputowicz	PER	51-80
Krzysztofem Szczerskim	Krzysztof Szczerski	PER	72-82
Kancelarii Prezydenta	kancelaria prezydent	ORG	72-199
Pawłem Muchą	Paweł Mucha	PER	59-147
Sądu Najwyższego	sąd wysoki	ORG	69-77
Małgorzatą Gersdorf	Małgorzata Gersdorf	PER	58-87
Trybunału Konstytucyjnego	trybunał konstytucyjny	ORG	76-67
Julią Przyłębską	Julia Przyłębska	PER	51-84
Polską	Polska	LOC	59-41
Polski	Polska	LOC	59-5
Wiktora Orbana	Wiktor Orban	PER	111-54
Węgrzech	Węgrzech	LOC	111-28
Fransowi Timmermansowi	Frans Timmermans	PER	106-16
Węgrami	Węgry	LOC	111-26
Komisja Europejska	komisja europejski	ORG	72-24
Europie	Europa	LOC	53-91
Tomasza Wróblewskiego	Tomasz Wróblewski	PER	76-68
Polska	Polska	LOC	59-4
Brexitu	Brexit	EVT	86-22
Polskiego Radia 24	polski radio 24	PRO	59-11
Piotr Wąż	Piotr Wąż	PER	59-197
Polskie	polski	LOC	59-6
Polskim Radiu 24	polski radio 24	PRO	59-8
Kamil Zajączkowski	Kamil Zajączkowski	PER	72-151
Uniwersytetu Warszawskiego	uniwersytet warszawski	ORG	54-27
Krzysztofa Kokoszczyńskiego	Krzysztof Kokoszczyński	PER	72-178
Roaman Mańki	Roaman Mańki	PER	95-138
Fundacji FIBRE	fundacja FIBRE	ORG	106-68
Andrzej Gil.	Andrzej Gil.	PER	66-134
