pl-1548
Polacy	Polak	PER	59-47
Niemiec	Niemcy	LOC	88-27
Holandii	Holandia	LOC	94-11
Niemcy	Niemiec	LOC	88-29
Eurostatu	Eurostat	ORG	53-23
niemiecka	niemiecki	LOC	88-25
Federacja Izb Handlu i Przemysłu	federacja izb handel i przemysł	ORG	106-29
Niemczech	Niemcy	LOC	88-33
Polsce	Polska	LOC	59-44
polskich	polski	LOC	59-6
Brexitu	Brexit	EVT	86-22
Maciej Witucki	Maciej Witucki	PER	58-43
Work Service	Work Service	ORG	111-53
Polaków	Polak	PER	59-45
Polski	Polska	LOC	59-5
Andrzej Kubisiak	Andrzej Kubisiak	PER	66-61
Brexicie	Brexita	EVT	86-22
Traktatu Lizbońskiego	traktat lizboński	PRO	76-65
Theresa May	Theres May	PER	76-40
Unii Europejskiej	unia europejski	ORG	54-13
Wielkiej Brytanii	Wielki Brytania	LOC	111-17
Wyspy	Wyspa	LOC	111-18
Migracje Zarobkowe Polaków VIII	migracja zarobkowy Polak VIII	PRO	58-42
Zjednoczonego Królestwa	zjednoczyć królestwo	LOC	80-6
Migracje zarobkowe Polaków VIII	migracja zarobkowy Polak VIII	PRO	58-42
