pl-1987
BBC	BBC	PRO	86-48
Anglicy	Anglik	PER	66-62
Polacy	Polak	PER	59-47
Polski	Polska	LOC	59-5
wielkiej Brytanii	wielki Brytania	LOC	111-25
Polska	polski	LOC	59-9
Greville Richards	Greville Richards	PER	77-21
Europy Wschodniej	Europa wschodni	LOC	53-91
Brytyjczycy	Brytyjczyk	PER	86-86
Hettie Burrows	Hettie Burrows	PER	94-33
Jennifer Brunt	Jennifer Brunt	PER	51-44
Richards	Richards	PER	95-17
Polaków	Polak	PER	59-45
Litwinów	Litwin	PER	100-37
Bułgarzy	Bułgar	PER	86-90
Rumuni	Rumunia	PER	95-46
Brexitu	Brexit	EVT	86-22
Brexitem	Brexit	EVT	86-22
Wschodu	wschód	LOC	111-56
Twitterze	twitter	PRO	76-15
Unii Europejskiej	unia europejski	ORG	54-13
Teresy May	Teresa May	PER	76-76
Polakach	Polak	PER	59-47
Edek	Edek	PER	53-111
Saso	Saso	PER	69-138
Anglii	Anglia	LOC	66-56
Krzysztofa	Krzysztof	PER	72-225
Niemczech	Niemcy	LOC	88-33
