pl-1532
Polacy	Polak	PER	59-47
UE	UE	ORG	54-7
Polaków	Polak	PER	59-45
Unii	unia	ORG	54-5
Polski	Polska	LOC	59-5
Wspólnocie	wspólnota	ORG	111-24
Wielkiej Brytanii	Wielki Brytania	LOC	111-17
Niemiec	Niemcy	LOC	88-27
Brexitu	Brexit	EVT	86-22
Europejczyków	Europejczyk	PER	53-31
Parlamentu Europejskiego	parlament europejski	ORG	59-38
Wielka Brytania	wielki Brytania	LOC	111-25
Polska	Polska	LOC	59-4
Polsce	Polska	LOC	59-44
Europy	Europa	LOC	53-91
Brukseli	Bruksela	LOC	86-87
wspólnoty	wspólnota	ORG	111-24
Ryana Heatha	Ryan Heatha	PER	95-95
POLITICO	Politico	PRO	59-181
