pl-1795
Polacy	Polak	PER	59-47
Brexitu	Brexit	EVT	86-22
EU Citizens Rights Project Scotland	EU Citizens Rights Project Scotland	ORG	53-52
Inverness	Inverness	LOC	75-65
Edynburgu	Edynburg	LOC	53-92
Aberdeen	Aberdeen	LOC	66-177
Glasgow	Glasgow	LOC	77-20
UE	UE	ORG	54-7
Wspólnoty	wspólnota	ORG	111-24
Partii Pracy	partia praca	ORG	59-35
Mark Lazarowicz	Mark Lazarowicz	PER	58-30
PAP	PAP	ORG	59-58
Wielkiej Brytanii	Wielki Brytania	LOC	111-17
Lazarowicza	Lazarowicz	PER	100-51
Dorota Peszkowska	Dorota Peszkowska	PER	79-56
Polaków	Polak	PER	59-45
Szkocji	Szkocja	LOC	69-67
Home Office	Home Office	ORG	94-23
ministerstwo spraw wewnętrznych	ministerstwo sprawa wewnętrzny	ORG	58-1
Peszkowska	Peszkowska	PER	59-82
Fiona Hyslop	Fion Hyslop	PER	106-32
Londynie	Londyn	LOC	100-25
Szkocki	szkocki	LOC	69-71
Nicola Sturgeon	Nicola Sturgeon	PER	88-17
szkocki	szkocki	LOC	69-71
Hyslop	Hyslop	PER	94-30
Wielka Brytania	wielki Brytania	LOC	111-25
Unii Europejskiej	unia europejski	ORG	54-13
Wspólnotę	wspólnota	ORG	111-24
