pl-1759
Wielkiej Brytanii	Wielki Brytania	LOC	111-17
UE	UE	ORG	54-7
brexicie	brexit	EVT	86-93
PAP	PAP	ORG	59-58
Davis	Davis	PER	79-20
Davisa	Davis	PER	79-20
Unii Europejskiej	unia europejski	ORG	54-13
Galileo	Galileo	PRO	77-12
Wspólnoty	wspólnota	ORG	111-24
GPS	GPS	PRO	77-27
Wielka Brytania	wielki Brytania	LOC	111-25
Londynie	Londyn	LOC	100-25
brexitu	brexit	EVT	86-88
Wielką Brytanię	Wielki Brytania	LOC	111-17
Rosji	Rosja	LOC	95-37
Airbus	Airbus	ORG	66-27
CGI	CGI	ORG	107-74
Hiszpanii	Hiszpania	LOC	94-22
Estonii	Estonia	LOC	53-93
Londynu	Londyn	LOC	100-25
Jakub Krupa	Jakub Krupa	PER	51-22
