pl-1687
Westminsterze	Westminster	LOC	111-51
brexicie	brexit	EVT	86-93
Theresa May	Theres May	PER	76-40
brexitu	brexit	EVT	86-88
Wielka Brytania	wielki Brytania	LOC	111-25
Unią Europejską	unia europejski	ORG	54-17
Westminsteru	Westminster	LOC	111-51
UE	UE	ORG	54-7
Izba Lordów	izba lord	ORG	75-3
Izbie Gmin	izba gmin	ORG	75-27
The Sun	the Sun	PRO	76-23
Unią	unia	ORG	54-9
European Communities Act	European Communities Act	PRO	53-57
Zjednoczonego Królestwa	zjednoczyć królestwo	LOC	80-6
Europejskim Obszarze Gospodarczym	europejski obszar gospodarczy	ORG	53-25
Downing Street	Downing Street	LOC	79-16
May	May	PER	58-33
brexitowcy	brexitowiec	PER	86-92
Westminster	Westminster	LOC	111-51
Brukselą	Bruksela	LOC	86-87
Brexitowcy	brexitowiec	PER	86-128
