pl-1154
brexitu	brexit	EVT	86-88
Wielkiej Brytanii	Wielki Brytania	LOC	111-17
Unii Europejskiej	unia europejski	ORG	54-13
Wielka Brytania	wielki Brytania	LOC	111-25
Unii	unia	ORG	54-5
UE	UE	ORG	54-7
Brexit	Brexit	EVT	86-22
Unia	unia	ORG	54-16
Unia Europejska	unia europejski	ORG	54-15
Wielką Brytanią	Wielki Brytania	LOC	111-17
Światowej Organizacji Handlu	światowy organizacja handel	ORG	74-0
Chinami	Chiny	LOC	107-29
Stanami Zjednoczonymi	Stany Zjednoczone	LOC	69-59
AEO	AEO	PRO	66-55
brexicie	brexit	EVT	86-93
polskich	polski	LOC	xxx
Zbigniew Sobecki	Zbigniew Sobecki	PER	80-31
zespole ds . cła i akcyzy	zespół do spraw . cło i akcyza	ORG	80-57
KPMG	KPMG	ORG	72-22
Polsce	Polska	LOC	59-44
