pl-68
Rosjanie	Rosjanin	PER	95-43
Jeremy’ego Corbyna	Jeremykego Corbyna	PER	51-69
Jeremy Corbyn	Jeremy Corbyn	PER	51-9
The Sun	The Sun	PRO	76-23
Jana Dymica	Jan Dymica	PER	51-116
Czech	Czechy	LOC	107-46
Ministerstwie Skarbu	ministerstwo skarb	ORG	58-216
Corbyn	Corbyn	PER	107-20
Czechom	Czechy	PER	107-46
Rosjanom	Rosjanim	PER	95-43
Rzeczpospolitej	Rzeczpospolita	PRO	95-28
Jonathan Portes	Jonathan Portes	PER	51-50
King's College London	King's College London	ORG	72-131
Moskwa	Moskwa	LOC	58-16
Zachodzie	zachód	LOC	80-15
Pershing	Pershing	PRO	59-97
Dymica	Dymica	PER	79-84
Corbyna	Corbyna	PER	107-20
Tony'ego Gilberta	Tony Gilbert	PER	76-114
Sandrę Hodgson	Sandra Hodgson	PER	69-135
Wyzwolenie	wyzwolenie	ORG	111-110
Liberation	Liberation	ORG	100-83
Czechowi	Czech	PER	107-46
NRD	NRD	LOC	88-106
Wyspach	wyspa	LOC	111-31
Labour Action for Peace	Labour Action forania_ńalna Peace	ORG	100-70
Cynthię Roberts	Cynthia Roberts	PER	107-128
Młot	młot	PER	58-255
Pradze	Praga	LOC	59-78
Wielkiej Brytanii	Wielki Brytania	LOC	111-17
Gavin Williamson	Gavin Williamson	PER	77-28
torysów	torys	PER	76-41
Stasi	Stasi	ORG	69-205
Rosjan	Rosjanin	PER	95-43
Williamsona	Williamson	PER	111-10
MI5	MI5	ORG	58-166
Corbynem	Corbyn	PER	107-20
Sinn Fein	Sinn Fein	ORG	69-35
Irlandii	Irlandia	LOC	75-21
Partii Pracy	partia praca	ORG	59-35
NATO	NATO	ORG	88-13
Unii	unia	ORG	54-5
David Cameron	David Cameron	PER	79-13
brexitem	brexit	EVT	86-94
Unią	unia	ORG	54-9
unii	unia	ORG	54-8
torysami	torys	PER	76-41
Izbie Gmin	izba gmin	ORG	75-27
Kenneth Clarke	Kenneth Clarke	PER	72-45
Tony Blair	Tony Blair	PER	76-33
ICM	ICM	ORG	75-13
Brytyjczyków	Brytyjczyk	PER	86-86
brexicie	brexit	EVT	86-93
Moskwy	Moskwa	LOC	58-16
Labour	Labour	ORG	100-61
YouGov	YouGov	ORG	84-0
laburzystom	laburzysta	PER	100-32
Theresy May	Theresy May	PER	76-16
