pl-1185
Włoszech	Włochy	LOC	111-35
UE	UE	ORG	54-7
Brexit	brexit	EVT	86-30
The Times	The Times	PRO	76-7
Włochy	Włochy	LOC	111-34
Ruchu Pięciu Gwiazd	ruch pięć gwiazda	ORG	95-30
Ligi	liga	ORG	100-1
Unia Europejska	unia europejski	ORG	54-15
Times	Times	PRO	76-51
Sergio Mattarella	Sergio Mattarell	PER	69-224
Mattarella	Mattarell	PER	58-145
The Guardian	The Guardian	PRO	76-3
Włoch	Włochy	LOC	111-34
Europy	Europa	LOC	53-91
Guardian	Guardian	PRO	77-1
Wielka Brytania	wielki Brytania	LOC	111-25
Wspólnocie	wspólnota	ORG	111-24
Wielkiej Brytanii	Wielki Brytania	LOC	111-17
Niemiec	Niemcy	LOC	88-27
Francji	Francja	LOC	106-23
Telegraph	Telegraph	PRO	76-1
Tima Stanleya	Tim Stanley	PER	76-163
Brexitem	Brexit	EVT	86-22
Brukseli	Bruksela	LOC	86-87
Włosi	Włoch	PER	111-36
Stanley	Stanley	PER	69-61
Wspólnoty	wspólnota	ORG	111-24
Zjednoczonego Królestwa	zjednoczyć królestwo	LOC	80-6
Financial Timesa	Financial Timesa	PRO	106-1
Tony Barber	Tony Barber	PER	76-168
Barber	Barber	PER	86-304
Włochów	Włoch	PER	111-37
Risorgimento	Risorgimento	EVT	95-132
Bruksela	Bruksela	LOC	86-87
Berlin	Berlin	LOC	86-98
Frankfurt	Frankfurt	LOC	106-19
