pl-312
brexicie	brexit	EVT	86-93
UE	UE	ORG	54-7
Guenther Oettinger	Guenther Oettinger	PER	77-9
Brukseli	Bruksela	LOC	86-87
Oettinger	Oettinger	PER	91-17
Paryżu	Paryż	LOC	59-51
Marrakeszu	Marrakesz	LOC	58-41
ETS	ETS	ORG	xxx
Gareth’a Goldsmith’a	Gareth’a Goldsmith	PER	77-32
parlamencie UE	parlament UE	ORG	59-40
Goldsmith	Goldsmith	PER	77-33
Komisji	komisja	ORG	72-1
Włochy	Włochy	LOC	111-34
Hiszpania	Hiszpania	LOC	94-19
Rumunia	Rumunia	LOC	95-45
Holandia	Holandia	LOC	94-12
brexit	brexit	EVT	86-97
Zjednoczonego Królestwa	zjednoczyć królestwo	LOC	80-6
Wielkiej Brytanii	Wielki Brytania	LOC	111-17
Londyn	Londyn	LOC	100-21
Unii	unia	ORG	54-5
b rexitu	b rexit	EVT	86-295
Bruksela	Bruksela	LOC	86-87
EU Observer	EU Observer	PRO	53-154
/Roma Bojanowicz	/Roma Bojanowicz	PER	xxx
