pl-1338
Polski	Polska	LOC	59-5
Izba Gmin	izba gmin	ORG	75-23
Westminster Hall	Westminster Hall	LOC	111-79
Izby Gmin	izba gmin	ORG	75-37
Instytucie Pamięci Narodowej	instytut pamięć narodowy	ORG	75-97
Warszawie	Warszawa	LOC	111-6
politicshome	politicshomy	PRO	xxx
.com	icomić	PRO	xxx
Unii Europejskiej	unia europejski	ORG	54-13
Niemcy	Niemiec	LOC	88-29
Brexit	brexit	EVT	86-31
UE	UE	ORG	54-7
Wielkiej Brytanii	Wielki Brytania	LOC	111-17
Kawczyński	Kawczyński	PER	72-36
Poseł	poseł	PER	xxx
Arkadiusza Mularczyka	Arkadiusz Mularczyk	PER	66-93
Polsce	Polska	LOC	59-44
Polskę	Polska	LOC	59-41
Niemiec	Niemcy	LOC	88-27
conservativehome	conservativehmmy	PRO	xxx
Polską	Polska	LOC	59-41
