pl-343
Hammond	Hammond	PER	94-6
Wlk . Brytania	wlktonąt . Brytania	LOC	111-39
UE	UE	ORG	54-7
Wielkiej Brytanii	Wielki Brytania	LOC	111-17
Philip Hammond	Philip Hammond	PER	59-12
unii	unia	ORG	xxx
Europą	Europa	LOC	53-91
Welt am Sonntag	Welt be Sonntag	PRO	111-80
Niemiecka	niemiecki	LOC	88-25
Wielka Brytania	wielki Brytania	LOC	111-25
Wielką Brytanią	Wielki Brytania	LOC	111-17
Europa	Europa	LOC	53-91
Londyn	Londyn	LOC	100-21
mamy	mieć	PER	xxx
Brexit	brexit	EVT	86-30
Brytyjczyków	Brytyjczyk	PER	86-86
Brytyjczykom	Brytyjczyk	PER	86-86
Wspólnoty	wspólnota	ORG	111-24
USA	USA	LOC	54-2
Niemcy	Niemiec	LOC	88-29
Berlina	Berlin	LOC	86-98
Niemiec	Niemcy	LOC	88-27
Komisja Europejska	komisja europejski	ORG	72-24
Brexitu	Brexit	EVT	86-22
