pl-1393
Brexitu	Brexit	EVT	86-22
Unia Europejska	unia europejski	ORG	54-15
Wielką Brytanią	Wielki Brytania	LOC	111-17
UE	UE	ORG	54-7
Wielka Brytania	wielki Brytania	LOC	111-25
Parlament Europejski	parlament europejski	ORG	59-38
Komisja Europejska	komisja europejski	ORG	72-24
Wielkiej Brytanii	Wielki Brytania	LOC	111-17
Partii Konserwatywnej	partia konserwatywny	ORG	59-52
Davida Camerona	David Cameron	PER	79-13
kanału La Manche	kanał La Manche	LOC	72-33
WB	WB	PRO	111-116
Liechtensteinu	Liechtenstein	LOC	100-47
Norwegii	Norwegia	LOC	88-28
Szwajcarii	Szwajcaria	LOC	69-89
Wyspach	wyspa	LOC	111-19
Brexit	Brexit	EVT	86-22
Brytyjczycy	Brytyjczyk	PER	86-86
Wyspy	Wyspa	LOC	111-18
Unia	unia	ORG	54-16
Londyn	Londyn	LOC	100-21
Wielką Brytanię	Wielki Brytania	LOC	111-17
Unii	unia	ORG	54-5
Theresa May	Theres May	PER	76-40
Nigel Farage	Nigel Farage	PER	88-4
Brukseli	Bruksela	LOC	86-87
Europejski Bank Inwestycji i Rozwoju	europejski bank inwestycja i rozwój	ORG	53-100
Szkocja	Szkocja	LOC	69-67
Szkocka Partia Narodowa	szkocki partia narodowy	ORG	69-19
Szkocji	Szkocja	LOC	69-67
Nicola Sturgeon	Nicola Sturgeon	PER	88-17
Szkotów	Szkoty	PER	69-75
Unii Europejskiej	unia europejski	ORG	54-13
Sturgeon	Sturgeon	PER	69-68
Londynu	Londyn	LOC	100-25
Irlandii Północnej	Irlandia północny	LOC	75-22
Irlandią	Irlandia	LOC	75-24
Irlandia Północna	Irlandia Północny	LOC	75-38
City	City	LOC	107-19
Frankfurtu	Frankfurt	LOC	106-19
Brytyjczyków	Brytyjczyk	PER	86-86
The Economist	The Economist	PRO	76-8
Brexitem	Brexit	EVT	86-22
Daniel Czyżewski	Daniel Czyżewski	PER	79-132
PolskieRadio.pl	PolskieRadio.pl	PRO	59-113
