pl-1272
Macronowi	Macron	PER	58-14
brexicie	brexit	EVT	86-93
Unii	unia	ORG	54-5
George Hodan	George Hodan	PER	77-25
Brexit	brexit	EVT	86-31
Wielka Brytania	wielki Brytania	LOC	111-25
Unii Europejskiej	unia europejski	ORG	54-13
Wielką Brytanię	Wielki Brytania	LOC	111-17
Alex Barker	Alex Barker	PER	66-58
Financial Timesa	Financial Timesa	PRO	106-1
Komisji Europejskiej	komisja europejski	ORG	72-24
Brexicie	Brexita	EVT	86-22
Brexitu	Brexit	EVT	86-22
Davida Camerona	David Cameron	PER	79-13
Borisa Johnsona	Boris Johnson	PER	86-54
Wielkiej Brytanii	Wielki Brytania	LOC	111-17
UE	UE	ORG	54-7
Francji	Francja	LOC	106-23
Niemiec	Niemcy	LOC	88-27
Londynem	Londyn	LOC	100-3
Brukselą	Bruksela	LOC	86-87
Europy	Europa	LOC	53-91
tvn24	tvn24	PRO	76-50
Brytyjczycy	Brytyjczyk	PER	86-86
UE.	UE.	ORG	xxx
TVN24 BiS	TVN24 BiS	PRO	76-53
Faktów	fakt	PRO	106-7
TVN	TVN	PRO	76-49
TVN24	TVN24	PRO	76-49
Reuters	Reuters	ORG	95-3
Polacy	Polak	PER	59-47
Wyspach	wyspa	LOC	111-31
USA	USA	LOC	54-2
Unia	unia	ORG	54-16
24 godziny	24 godzina	PRO	60-0
Andrzej Olechowski	Andrzej Olechowski	PER	66-59
