pl-1047
UE	UE	ORG	54-7
KE	KE	ORG	72-110
Polska	Polska	LOC	59-4
Marcin Makowski	Marcin Makowski	PER	58-20
Unia Europejska	unia europejski	ORG	54-15
Komisja Europejska	komisja europejski	ORG	72-24
Węgry	Węgry	LOC	111-26
Francja	Francja	LOC	106-23
Polski	Polska	LOC	59-5
Grecję	Grecja	LOC	77-16
Makowski	Makowski	PER	58-193
Jacek Karnowski	Jacek Karnowski	PER	51-156
Karnowski	Karnowski	PER	72-93
Polskim Radiu 24	polski radio 24	PRO	59-8
Małgorzata Bonikowska	Małgorzata Bonikowska	PER	58-176
Centrum Stosunków Międzynarodowych	centrum stosunki międzynarodowy	ORG	107-88
Unii Europejskiej	unia europejski	ORG	54-13
Brukseli	Bruksela	LOC	86-87
Brexicie	Brexita	EVT	86-22
Warszawy	Warszawa	LOC	111-6
Europy Środkowo - Wschodniej	Europa środkowy - wschodni	LOC	53-91
PR24	PR24	PRO	59-95
Roman Mańka	Roman Mańka	PER	95-90
Zbigniew Kuźmiuk	Zbigniew Kuźmiuk	PER	80-60
Prawa i Sprawiedliwości	prawo i sprawiedliwość	ORG	59-42
Brexitem	Brexit	EVT	86-22
Morawieckiego	Morawiecki	PER	58-12
Orbana	Orban	PER	91-15
PiS	PiS	ORG	59-43
Jakub Kukla	Jakub Kukel	PER	51-162
Łukasz Sobolewski	Łukasz Sobolewski	PER	57-6
Polskie	polski	LOC	59-6
