pl-1240
Morawiecki	Morawiecki	PER	58-12
Brukseli	Bruksela	LOC	86-87
USA	USA	LOC	54-2
Brexicie	Brexita	EVT	86-22
Polska	Polska	LOC	59-4
Siergieja Skripala	Siergiej Skripal	PER	69-44
Unii Europejskiej	unia europejski	ORG	54-13
Mateusz Morawiecki	Mateusz Morawiecki	PER	58-13
NATO	NATO	ORG	88-13
Polsce	Polska	LOC	59-44
Brexit	brexit	EVT	86-30
Brexitu	Brexit	EVT	86-22
KE	KE	ORG	72-27
polskich	polski	LOC	59-6
Biała księga	biały księga	PRO	86-106
Bruksela	Bruksela	LOC	86-87
Polski	Polska	LOC	59-5
UE	UE	ORG	54-7
Wspólnoty	wspólnota	ORG	111-24
Rady Europejskiej	rada europejski	ORG	95-22
Donald Tusk	Donald Tusk	PER	79-12
Rada Europejska	rada europejski	ORG	95-36
Twitterze	twitter	PRO	76-15
Tusk	Tusk	PER	76-27
Robert Lighthizer	Robert Lighthizer	PER	95-117
Wielkiej Brytanii	Wielki Brytania	LOC	111-17
Unii	unia	ORG	54-5
Brukselą	Bruksela	LOC	86-87
Londynem	Londyn	LOC	100-3
Wielka Brytania	wielki Brytania	LOC	111-25
Unię Europejską	unia europejski	ORG	54-20
Europejczyków	Europejczyk	PER	53-31
Polaków	Polak	PER	59-45
Wyspy	Wyspa	LOC	111-18
Brexitem	Brexit	EVT	86-22
Brytyjczykami	Brytyjczyk	PER	86-86
