pl-1122
Londynu	Londyn	LOC	100-25
Brukseli	Bruksela	LOC	86-87
Londyn	Londyn	LOC	100-21
Polaków	Polak	PER	59-45
UE	UE	ORG	54-7
Wlk . Brytanii	wlktonąt . Brytania	LOC	111-39
brexitu	brexit	EVT	86-88
Brytyjczykami	Brytyjczyk	PER	86-86
Polsce	Polska	LOC	59-44
Unii	unia	ORG	54-5
Polak	Polak	PER	59-45
Brytyjczyków	Brytyjczyk	PER	86-86
Wlk . Brytania	wlktonąt . Brytania	LOC	111-39
brexicie	brexit	EVT	86-93
May	May	PER	58-34
Londynem	Londyn	LOC	100-3
Unią	unia	ORG	54-9
Wlk . Brytanią	wlktonąt . Brytania	LOC	111-39
Irlandią	Irlandia	LOC	75-24
Unia	unia	ORG	54-16
brexit	brexit	EVT	86-85
Irlandią Płn .	Irlandia Płn .	LOC	75-29
Bruksela	Bruksela	LOC	86-87
Irlandia Płn .	Irlandia płnki_teryk .	LOC	75-31
Ulsterem	Ulster	LOC	54-10
Barnier	Barnier	PER	86-52
Davis	Davis	PER	79-20
Irlandii Płn .	Irlandia płnki_teryk .	LOC	75-32
Londynowi	londyn	LOC	100-26
Donald Tusk	Donald Tusk	PER	79-12
Trybunału UE	trybunał UE	ORG	76-47
Tusk	Tusk	PER	76-27
Tomasz Bielecki	Tomasz Bielecki	PER	76-48
