pl-1618
Brexit	brexit	EVT	86-30
Hotel California	hotel California	PRO	94-26
Brytyjczycy	Brytyjczyk	PER	86-86
Theresy May	Theresy May	PER	76-16
Irlandią	Irlandia	LOC	75-24
Irlandią Północną	Irlandia północny	LOC	75-26
Zjednoczone Królestwo	Zjednoczone królestwo	LOC	80-1
unii	unia	ORG	54-8
brexitu	brexit	EVT	86-88
Davida Davisa	David Davis	PER	79-14
Theresą May	Theresa May	PER	76-40
brexicie	brexit	EVT	86-93
Londyn	Londyn	LOC	100-21
UE	UE	ORG	54-7
Irlandii	Irlandia	LOC	75-21
Zjednoczonym Królestwie	zjednoczyć królestwo	LOC	80-7
Irlandii Północnej	Irlandia północny	LOC	75-22
Unii	unia	ORG	54-5
Dublin	Dublin	LOC	79-22
Belfast	Belfast	LOC	86-115
May	May	PER	58-34
Unią	unia	ORG	54-9
brexit	brexit	EVT	86-85
Bruksela	Bruksela	LOC	86-87
Brytyjczyków	Brytyjczyk	PER	86-86
