pl-373
Baker	Baker	PER	86-72
brexitu	brexit	EVT	86-88
Unii Europejskiej	unia europejski	ORG	54-13
Steve Baker	Steve Baker	PER	69-25
Izbie Gmin	izba gmin	ORG	75-27
Buzzfeed	Buzzfeed	PRO	86-55
Brexitu	Brexit	EVT	86-22
UE	UE	ORG	54-7
Wspólnocie	wspólnota	ORG	111-24
Unią Europejską	unia europejski	ORG	54-17
Wielkiej Brytanii	Wielki Brytania	LOC	111-17
Theresy May	Theresy May	PER	76-16
BuzzFeed	BuzzFeed	PRO	86-68
Komisją Europejską	komisja europejski	ORG	72-24
Światową Organizację Handlu	światowy organizacja handel	ORG	74-0
Wspólnoty	wspólnota	ORG	111-24
Europejskim Obszarze Gospodarczym	europejski obszar gospodarczy	ORG	53-25
Wielka Brytania	wielki Brytania	LOC	111-25
Wspólnotę	wspólnota	ORG	111-24
