pl-571
Kuź	Kuź	PER	72-62
Donalda Trumpa	Donald Trump	PER	79-11
USA	USA	LOC	54-2
Trumpa	Trump	PER	76-55
Trumpowi	Trump	PER	76-121
Rosją	Rosja	LOC	95-38
Brexitu	Brexit	EVT	86-22
Unii Europejskiej	unia europejski	ORG	54-13
Kuzia	Kuzia	PER	72-66
Wielka Brytania	wielki Brytania	LOC	111-25
Unia Europejska	unia europejski	ORG	54-15
Zjednoczone Królestwo	Zjednoczone królestwo	LOC	80-1
Unii	unia	ORG	54-5
Wielką Brytanię	Wielki Brytania	LOC	111-17
Europa	Europa	LOC	53-91
Brexicie	Brexita	EVT	86-22
Europę	Europa	LOC	53-91
Korea Płn .	Korea płnki_teryk .	LOC	72-64
Ukraina	Ukraina	LOC	54-24
Korei Płn .	Korea płnki_teryk .	LOC	72-64
Ukrainy	Ukraina	LOC	54-24
Korei	Korea	LOC	72-65
Chiny	china	LOC	107-29
Stany Zjednoczone	Stany Zjednoczone	LOC	69-59
Kim Dzong Unowi	kto Dzong Un	PER	72-147
Seulu	Seul	LOC	69-145
Korei Północnej	Korea północny	LOC	72-177
Ukrainę	Ukraina	LOC	54-24
Azji	Azja	LOC	66-74
Rosję	Rosja	LOC	95-32
NATO	NATO	ORG	88-13
Rosji	Rosja	LOC	95-37
Rosja	Rosja	LOC	95-33
