pl-517
Wielka Brytania	wielki Brytania	LOC	111-25
Partii Pracy	partia praca	ORG	59-35
The Times	The Times	PRO	76-7
Times	Times	PRO	76-51
laburzyści	laburzysta	PER	100-33
torysów	torys	PER	76-41
Londynie	Londyn	LOC	100-25
Liberalnych Demokratów	liberalny demokrata	ORG	100-12
Barry Rawlings	Barry Rawlings	PER	86-154
Barnet	Barnet	LOC	86-274
Londynu	Londyn	LOC	100-25
Adam Langleben	Adam Langleben	PER	66-116
Jeremy'ego Corbyna	Jeremy Corbyna	PER	51-41
Timesowi	Times	PRO	76-91
Anglii	Anglia	LOC	66-56
Partii Niepodległości Zjednoczonego Królestwa	partia niepodległość zjednoczyć królestwo	ORG	59-33
UKIP	UKIP	ORG	54-0
Partii Konserwatywnej	partia konserwatywny	ORG	59-52
Unii Europejskiej	unia europejski	ORG	54-13
Windrush	Windrush	PRO	111-50
Telegraph	Telegraph	PRO	76-1
Partia Konserwatywna	partia konserwatywny	ORG	59-52
UE	UE	ORG	54-7
Brexitu	Brexit	EVT	86-22
Howard	Howard	PER	94-58
Wielkiej Brytanii	Wielki Brytania	LOC	111-17
Theresa	Theres	PER	76-138
May	May	PER	58-146
Brexit	brexit	EVT	86-30
MSZ	MSZ	ORG	58-196
Boris Johnson	Boris Johnson	PER	86-54
Corbyn	Corbyn	PER	107-20
Guardian	Guardian	PRO	77-1
Partia Pracy	partia praca	ORG	59-35
Liberalni Demokraci	liberalny demokrata	ORG	100-12
