pl-197
brexitu	brexit	EVT	86-88
Wielkiej Brytanii	Wielki Brytania	LOC	111-17
Europie	Europa	LOC	53-91
brexitem	brexit	EVT	86-94
UE	UE	ORG	54-7
Wielka Brytania	wielki Brytania	LOC	111-25
SES	SES	LOC	69-175
SESAR	SESAR	PRO	69-151
Unii Europejskiej	unia europejski	ORG	54-13
Światowa Organizacja Handlu	światowy organizacja handel	ORG	74-0
WTO	WTO	ORG	111-12
Europejskie Stowarzyszenie Lotnictwa Biznesowego	europejski stowarzyszenie lotnictwo biznesowy	ORG	53-136
EBAA	EBAA	ORG	53-62
Europejskim Obszarze Gospodarczym	europejski obszar gospodarczy	ORG	53-25
EOG	EOG	ORG	53-64
Wielką Brytanią	Wielki Brytania	LOC	111-17
Unią	unia	ORG	54-9
Bruksela	Bruksela	LOC	86-87
Szwecją	Szwecja	LOC	69-60
Robert Baltus	Robert Baltus	PER	95-48
Urzędu Lotnictwa Cywilnego	urząd lotnictwo cywilny	ORG	54-31
CAA	CAA	ORG	107-60
Europejskiej Agencji Bezpieczeństwa Lotniczego	europejski agencja bezpieczeństwo lotniczy	ORG	53-29
EASA	EASA	ORG	53-63
Theresy May	Theresy May	PER	76-16
Komisja Europejska	komisja europejski	ORG	72-24
Stanami Zjednoczonymi	Stany Zjednoczone	LOC	69-59
Kanadą	Kanada	LOC	72-14
Londyn	Londyn	LOC	100-21
Unii	unia	ORG	54-5
Norwegia	Norwegia	LOC	88-28
Islandia	Islandia	LOC	75-17
Liechtenstein	Liechtenstein	LOC	100-47
Andrew Haines	Andrew Haines	PER	66-189
Brytyjczykami	Brytyjczyk	PER	86-86
EasyJet	EasyJet	ORG	53-27
Ryanair	Ryanair	ORG	95-35
Baltusa	Baltus	PER	86-184
