pl-1235
Tusk	Tusk	PER	76-27
27	27	ORG	xxx
Brexicie	Brexita	EVT	86-22
Komisja Europejska	komisja europejski	ORG	72-24
Wielka Brytania	wielki Brytania	LOC	111-25
Wielką Brytanią	Wielki Brytania	LOC	111-17
UE	UE	ORG	54-7
Brukseli	Bruksela	LOC	86-87
Polaków	Polak	PER	59-45
Brexitem	Brexit	EVT	86-22
Brexitu	Brexit	EVT	86-22
Michel Barnier	Michel Barnier	PER	58-7
Brexit	Brexit	EVT	86-22
Barnier	Barnier	PER	86-52
David Davis	David Davis	PER	79-14
Zjednoczonego Królestwa	zjednoczyć królestwo	LOC	80-6
Unii Europejskiej	unia europejski	ORG	54-13
Wielkiej Brytanii	Wielki Brytania	LOC	111-17
Irlandią	Irlandia	LOC	75-24
Irlandią Płn .	Irlandia Płn .	LOC	75-29
