pl-1084
Polaków	Polak	PER	59-45
Wyspach	wyspa	LOC	111-31
brexitu	brexit	EVT	86-88
Michel Barnier	Michel Barnier	PER	58-7
Wielkiej Brytanii	Wielki Brytania	LOC	111-17
Unii Europejskiej	unia europejski	ORG	54-13
Unią	unia	ORG	54-9
Wielką Brytanią	Wielki Brytania	LOC	111-17
Barnier	Barnier	PER	86-52
David Davis	David Davis	PER	79-14
ministerstwo spraw wewnętrznych	ministerstwo sprawa wewnętrzny	ORG	58-1
Zjednoczonego Królestwa	zjednoczyć królestwo	LOC	80-6
Davis	Davis	PER	79-20
Wspólnoty	wspólnota	ORG	111-24
Irlandią	Irlandia	LOC	75-24
Irlandią Północną	Irlandia północny	LOC	75-26
brexicie	brexit	EVT	86-93
Wielka Brytania	wielki Brytania	LOC	111-25
Londynowi	Londyn	LOC	100-25
Brukseli	Bruksela	LOC	86-87
Davida Davisa	David Davis	PER	79-14
UE	UE	ORG	54-7
Polacy	Polak	PER	59-47
Companies House	Companies House	ORG	107-85
Londynie	Londyn	LOC	100-25
Polsce	Polska	LOC	59-44
Tesco	Tesco	ORG	76-11
Rolls Royce	Rolls Royka	ORG	95-68
Royal Bank of Scotland	Royal bank of Scotland	ORG	95-93
EasyJet	EasyJet	ORG	53-27
BAE Systems	BAE Systems	ORG	86-186
Wspólnotę	wspólnota	ORG	111-24
