pl-639
Zjednoczonym Królestwem	zjednoczyć królestwo	LOC	80-5
Unii Europejskiej	unia europejski	ORG	54-13
Londynu	Londyn	LOC	100-25
Brukselą	Bruksela	LOC	86-87
Wyspami	Wyspa	LOC	111-18
Komisja Europejska	komisja europejski	ORG	72-24
brexitu	brexit	EVT	86-88
kanał La Manche	kanał La Manche	LOC	72-33
Wielkiej Brytanii	Wielki Brytania	LOC	111-17
Polski	Polska	LOC	59-5
UE	UE	ORG	54-7
Wielką Brytanią	Wielki Brytania	LOC	111-17
Michał Wielowieyski	Michał Wielowieyski	PER	58-131
EY	EY	ORG	53-55
Ministerstwo Finansów	ministerstwo finanse	ORG	58-4
KAS	kas	ORG	72-186
Paweł Jurek	Paweł Jurek	PER	59-189
MF	MF	ORG	58-271
polskiej	polski	LOC	59-7
Londynie	Londyn	LOC	100-25
Wielka Brytania	wielki Brytania	LOC	111-25
polskich	polski	LOC	59-6
Wyspy	Wyspa	LOC	111-18
Niemiec	Niemcy	LOC	88-27
Zjednoczone Królestwo	Zjednoczone królestwo	LOC	80-1
Polska	Polska	LOC	59-4
Wielkiej Brytania	Wielki Brytania	LOC	111-17
Marcin Majewski	Marcin Majewski	PER	58-20
PwC	PwC	ORG	59-195
Europie	Europa	LOC	53-91
