pl-417
Polska	Polska	LOC	59-4
Global Talent Competitiveness Index	Global talent Competitiveness Index	PRO	77-43
Global Talent Competitiveness Index 2018	Global talent Competitiveness Index 2018	PRO	77-43
Adecco	Adecco	ORG	66-86
Polsce	Polska	LOC	59-44
Polski	Polska	LOC	59-5
Anna Wicha	Anna Wicha	PER	66-78
Adecco Polska	Adecco Polska	ORG	66-86
Szwajcaria	Szwajcaria	LOC	69-89
Singapurem	Singapur	LOC	69-54
Stany Zjednoczone Ameryki	Stany Zjednoczone Ameryka	LOC	69-59
Wielką Brytanię	Wielki Brytania	LOC	111-17
Zjednoczonemu Królestwu	zjednoczyć królestwo	LOC	80-53
brexitu	brexit	EVT	86-88
Arabia Saudyjska	Arabia Saudyjska	LOC	66-159
Węgry	Węgry	LOC	111-26
Chiny	china	LOC	107-29
Estonią	Estonia	LOC	53-93
Czechami	Czechy	LOC	107-44
