pl-1520
Polacy	Polak	PER	59-47
Rumuni	Rumunia	PER	95-46
Unii Europejskiej	unia europejski	ORG	54-13
Eurostatu	Eurostat	ORG	53-23
Polaków	Polak	PER	59-45
Niemiec	Niemcy	LOC	88-27
Wielkiej Brytanii	Wielki Brytania	LOC	111-17
Irlandii	Irlandia	LOC	75-21
Szwecji	Szwecja	LOC	69-60
Unii	unia	ORG	54-5
Nomad Passport Index 2018	Nomad Passport Index 2018	PRO	88-83
Polski	Polska	LOC	59-5
niemiecki	niemiecki	LOC	88-25
polski	polski	LOC	59-10
Katarzyna	Katarzyna	PER	72-30
Londynie	Londyn	LOC	100-25
USA	USA	LOC	54-2
Australii	Australia	LOC	66-49
Polka	Polek	PER	59-54
Legii Cudzoziemskiej	Legia cudzoziemski	ORG	100-96
Brexit	brexit	EVT	86-30
Wyspach	wyspa	LOC	111-19
Tomasz Dubowski	Tomasz Dubowski	PER	76-140
Uniwersytetu w Białymstoku	uniwersytet w Białystok	ORG	54-40
Anglii	Anglia	LOC	66-56
Dubowski	Dubowski	PER	79-130
