pl-1279
Cambridge Analytica	Cambridge Analytica	ORG	107-4
Trumpa	Trump	PER	76-55
brexit	brexit	EVT	86-97
Observer	Observer	PRO	91-0
The New York Times	the New York Times	PRO	76-32
Facebooka	facebook	PRO	106-6
USA	USA	LOC	54-2
Donalda Trumpa	Donald Trump	PER	79-11
brexitu	brexit	EVT	86-88
Alexander Nix	Alexander Nix	PER	66-19
Guardian	Guardian	PRO	77-1
Brittany Kaiser	Brittany Kaiser	PER	86-188
Leave . EU	Leave . EU	ORG	100-6
Partii Niepodległości Zjednoczonego Królestwa	partia niepodległość zjednoczyć królestwo	ORG	59-33
UKIP	UKIP	ORG	54-0
Kaiser	Kaiser	PER	72-2
Guardiana	Guardian	PRO	77-1
Leave . UE	Leave . UE	ORG	100-7
Alexandra Nixa	Alexander Nixa	PER	66-19
Nigel Oakes	Nigel Oakes	PER	88-5
Nixa	Nixa	PER	88-36
SCL	SCL	ORG	69-23
Oakes	Oakes	PER	91-18
Departament Stanu	departament stan	ORG	79-101
Iranu	Iran	LOC	75-34
Defense One	Defense on	PRO	79-109
Londynie	Londyn	LOC	100-25
Rosją	Rosja	LOC	95-38
Nigela Oakesa	Nigela Oakes	PER	88-5
Łukoil	Łukoil	ORG	57-2
Aleksandra Kogana	Aleksander Kogan	PER	66-20
Rosji	Rosja	LOC	95-37
Uniwersytetem Cambridge	uniwersytet Cambridge	ORG	54-18
Uniwersytetem w Sankt Petersburgu	uniwersytet w Sankt Petersburg	ORG	54-36
Kogan	Kogan	PER	72-18
Senatu USA	senat USA	ORG	69-81
