pl-1596
Brexitu	Brexit	EVT	86-22
Nigela Farage'a	Nigela Farage	PER	88-4
UE	UE	ORG	54-7
Wielką Brytanię	Wielki Brytania	LOC	111-17
Brexicie	Brexita	EVT	86-22
Unii	unia	ORG	54-5
Farage	Farage	PER	106-11
Niemką	Niemka	PER	88-46
Kirsten Mehr	Kirsten Mehr	PER	72-9
Brytyjczykami	Brytyjczyk	PER	86-86
Europejczykami	Europejczyk	PER	53-31
Mehr	Mehr	PER	58-120
UKIP	UKIP	ORG	54-0
Nickiem Cleggiem	Nicko Clegg	PER	88-47
Clegg	Clegg	PER	107-53
Hiszpanką	Hiszpanka	PER	94-60
Farage'a	Farage	PER	106-11
Niemiec	Niemcy	LOC	88-27
niemiecką	niemiecki	LOC	88-25
Facebooku	facebook	PRO	106-6
Londynie	Londyn	LOC	100-25
Buzzfeed	Buzzfeed	PRO	86-55
