pl-1743
Wizz Air	Wizz Air	ORG	111-16
Wyspach	wyspa	LOC	111-19
Brexicie	Brexita	EVT	86-22
Wielkiej Brytanii	Wielki Brytania	LOC	111-17
Unii	unia	ORG	54-5
AOC	AOC	PRO	66-79
Światowej Organizacji Handlu	światowy organizacja handel	ORG	74-0
Unia	unia	ORG	54-16
Londynem	Londyn	LOC	100-3
W . Brytanię	W . Brytania	LOC	111-41
Europie Środkowo - Wschodniej	Europa środkowy - wschodni	LOC	53-91
Luton	Luton	LOC	100-108
A320	A320	PRO	66-149
A321	A321	PRO	66-128
Wizz Air UK	Wizz Air UK	ORG	111-16
Brexitem	Brexit	EVT	86-22
Europie	Europa	LOC	53-91
Wizz Aira	Wizz Aira	ORG	111-16
Jozsef Varadi	Jozsef Varadi	PER	51-98
Londynie	Londyn	LOC	100-25
Monarch	Monarch	ORG	58-45
Varadi	Varadi	PER	98-24
Norwegiana	Norwegian	ORG	88-38
Gatwick	Gatwick	LOC	77-70
Norwegian	Norwegian	ORG	88-38
Alitalią	Alitalia	ORG	66-75
Alitalii	Alitalia	ORG	66-75
W . Brytanii	W . Brytania	LOC	111-41
Włoszech	Włochy	LOC	111-35
Europy Środkowo - Wschodniej	Europa środkowy - wschodni	LOC	53-91
