pl-1062
Parlament	parlament	ORG	59-38
Unią Europejską	unia europejski	ORG	54-17
Wielką Brytanią	Wielki Brytania	LOC	111-17
Parlament Europejski	parlament europejski	ORG	59-38
UE	UE	ORG	54-7
Zjednoczonym Królestwem	zjednoczyć królestwo	LOC	80-5
Grupę Sterującą ds . Brexitu	grupa sterujący do spraw . Brexit	ORG	77-17
Parlamencie Europejskim	parlament europejski	ORG	59-38
Unii	unia	ORG	54-5
unii	unia	ORG	54-8
ETS	ETS	ORG	53-24
Trybunału Sprawiedliwości Unii Europejskiej	trybunał sprawiedliwość unia europejski	ORG	76-43
Komisję Europejska	komisja europejski	ORG	72-24
Wielkiej Brytanii	Wielki Brytania	LOC	111-17
Unii Europejskiej	unia europejski	ORG	54-13
Irlandii	Irlandia	LOC	75-21
Irlandii Północnej	Irlandia północny	LOC	75-22
Komisję Europejską	komisja europejski	ORG	72-24
PE	PE	ORG	59-30
porozumieniu wielkopiątkowym	porozumienie wielkopiątkowy	PRO	59-37
Parlamentu	parlament	ORG	59-38
Rady	rada	ORG	95-24
Wielka Brytanią	wielki Brytania	LOC	111-25
Parlamentu Europejskiego	parlament europejski	ORG	59-38
