pl-1351
Airbus	Airbus	ORG	66-27
Wielkiej Brytanii	Wielki Brytania	LOC	111-17
Brexit	brexit	EVT	86-30
Chin	Chiny	LOC	107-29
Stanów Zjednoczonych	Stany Zjednoczone	LOC	69-59
Wielka Brytania	wielki Brytania	LOC	111-25
UE	UE	ORG	54-7
Timesem	Times	PRO	76-62
Airbusa	Airbus	ORG	66-27
Tom Williams	Tom Williams	PER	76-26
Williams	Williams	PER	111-10
The Times	The Times	PRO	76-7
Brexitu	Brexit	EVT	86-22
Brytyjczycy	Brytyjczyk	PER	86-86
Wspólnoty	wspólnota	ORG	111-24
Theresę May	Theresa May	PER	76-40
Greg Clark	Greg Clark	PER	77-13
Philipa Hammonda	Philipa Hammonda	PER	59-12
Wspólnotę	wspólnota	ORG	111-24
