pl-112
Wielka Brytania	wielki Brytania	LOC	111-25
Transpacyficznego Partnerstwa	transpacyficzny partnerstwo	ORG	76-46
TPP	TPP	ORG	76-36
Financial Times	Financial Times	PRO	106-1
Londyn	Londyn	LOC	100-21
Oceanu Spokojnego	ocean spokojny	LOC	91-16
Morza Południowochińskiego	morze południowochiński	LOC	58-82
USA	USA	LOC	54-2
UE	UE	ORG	54-7
Liam Fox	Liam Fox	PER	100-13
FT	FT	PRO	106-22
Transpacyficzne Partnerstwo	transpacyficzny partnerstwo	ORG	76-46
Pekinie	Pekin	LOC	59-27
Australia	Australia	LOC	66-49
Brunei	Brunea	LOC	86-306
Chile	Chile	LOC	107-28
Japonia	Japoń	LOC	51-24
Kanada	kanada	LOC	72-15
Malezja	Malezja	LOC	58-83
Meksyk	Meksyk	LOC	58-6
Nowa Zelandia	nowy Zelandia	LOC	88-31
Peru	Peru	LOC	59-26
Singapur	Singapur	LOC	69-54
Stany Zjednoczone	Stany Zjednoczone	LOC	69-59
Wietnam	Wietnam	LOC	111-72
Baracka Obamy	Baracka Obama	PER	86-191
Donald Trump	Donald Trump	PER	79-11
Waszyngtonu	Waszyngton	LOC	111-9
Wielką Brytanią	Wielki Brytania	LOC	111-17
Oceanem Spokojnym	Ocean spokojny	LOC	91-16
Morzu Południowochińskim	Morze Południowochiński	LOC	58-82
Greg Hands	Greg Hands	PER	77-7
Brukseli	Bruksela	LOC	86-87
brexitu	brexit	EVT	86-88
Londynu	Londyn	LOC	100-25
Wielkiej Brytanii	Wielki Brytania	LOC	111-17
Biuro Prasowe brytyjskiego Departamentu Handlu Międzynarodowego	biuro prasowy brytyjski departament handel międzynarodowy	ORG	86-249
BBC	BBC	PRO	86-48
