pl-413
EBI	EBI	ORG	53-68
Brexitu	Brexit	EVT	86-22
Polski	Polska	LOC	59-5
Brukseli	Bruksela	LOC	86-87
Polsce	Polska	LOC	59-44
UE	UE	ORG	54-7
Włoszech	Włochy	LOC	111-35
Hiszpanii	Hiszpania	LOC	94-22
Francji	Francja	LOC	106-23
Niemczech	Niemcy	LOC	88-33
Polska	Polska	LOC	59-4
Cyprem	Cypre	LOC	107-39
Grecją	Grecja	LOC	77-16
Chorwacją	Chorwacja	LOC	107-10
Turcją	Turcja	LOC	76-28
Turcji	Turcja	LOC	76-28
Zjednoczonego Królestwa	zjednoczyć królestwo	LOC	80-6
Werner Hoyer	Werner Hoyer	PER	111-96
Wielka Brytania	wielki Brytania	LOC	111-25
Wyspach	wyspa	LOC	111-31
Hoyer	Hoyer	PER	94-37
Europejski Fundusz Inwestycji Strategicznych	europejski fundusz inwestycja strategiczny	ORG	53-110
EFIS	EFIS	ORG	53-69
planu Junckera	plan Juncker	PRO	59-88
Komisji Europejskiej	komisja europejski	ORG	72-24
Fundusz	fundusz	ORG	106-36
plan Junckera	plan Juncker	PRO	59-88
bank	bank	ORG	86-135
PESCO	PESCO	PRO	59-31
Bank	bank	ORG	86-136
Unii Europejskiej	unia europejski	ORG	54-13
