pl-461
Holandia	Holandia	LOC	94-12
Trybunału UE	trybunał UE	ORG	76-47
Brytyjczyków	Brytyjczyk	PER	86-86
Brexicie	Brexita	EVT	86-22
Trybunału Sprawiedliwości UE	trybunał sprawiedliwość UE	ORG	76-54
W . Brytanii	W . Brytania	LOC	111-41
Unii Europejskiej	unia europejski	ORG	54-13
Holandii	Holandia	LOC	94-11
Amsterdamie	Amsterdam	LOC	66-48
Luksemburgu	Luksemburg	LOC	100-27
Europy	Europa	LOC	53-91
UE.	UE.	ORG	xxx
AP	AP	ORG	66-9
Brexitu	Brexit	EVT	86-22
Luksemburga	Luksemburg	LOC	100-27
Brexit	brexit	EVT	86-30
Brytyjczycy	Brytyjczyk	PER	86-86
Christiaan Alberdingk Thijm	Christiaan Alberdingk Thijm	PER	107-36
Stephen Huyton	Stephen Huyton	PER	69-26
Wielkiej Brytanii	Wielki Brytania	LOC	111-17
Unii	unia	ORG	54-5
Trybunału Sprawiedliwości Unii Europejskiej	trybunał sprawiedliwość unia europejski	ORG	76-43
UE	UE	ORG	54-7
