pl-193
Irlandii	Irlandia	LOC	75-21
Unii Europejskiej	unia europejski	ORG	54-13
Parlamentu Europejskiego	parlament europejski	ORG	59-38
Antonio Tajani	Antonio Tajani	PER	66-65
Europy	Europa	LOC	53-91
Parlamencie Europejskim	parlament europejski	ORG	59-38
Parlament Europejski	parlament europejski	ORG	59-38
UE	UE	ORG	54-7
Varadkar	Varadkar	PER	98-25
Unię	unia	ORG	54-14
Parlamentowi Europejskiemu	parlament europejski	ORG	59-38
Brexitu	Brexit	EVT	86-22
Varadkara	Varadkara	PER	98-24
Europejczyków	Europejczyk	PER	53-31
Irlandia	Irlandia	LOC	75-25
Unia	unia	ORG	54-16
porozumienia wielkopiątkowego	porozumienie wielkopiątkowy	PRO	59-36
Irlandii Północnej	Irlandia północny	LOC	75-22
Wielkiej Brytanii	Wielki Brytania	LOC	111-17
Leo Varadkarem	Leo Varadkare	PER	100-34
Parlament	parlament	ORG	59-38
traktatu lizbońskiego	traktat lizboński	PRO	76-57
