pl-118
Brexit	brexit	EVT	86-30
Londynu	Londyn	LOC	100-25
Alantra Partners	Alanter Partners	ORG	66-57
Bloomberg.	Bloomberg.	ORG	86-75
Bloomberg	Bloomberg	ORG	86-75
Wielkiej Brytanii	Wielki Brytania	LOC	111-17
Europie	Europa	LOC	53-91
KKR Co .	KKR co .	ORG	72-236
Banco Mare Nostrum	Banco Mare Nostrum	ORG	86-245
Bankię	Bankia	ORG	86-273
Hiszpanie	Hiszpanin	PER	94-16
brexitu	brexit	EVT	86-88
Goldman Sachs	Goldman Sachs	ORG	77-5
HSBC	HSBC	ORG	94-17
Morgan Stanley	Morgan Stanley	ORG	58-67
Deutsche Bank	Deutsche bank	ORG	79-9
Bank of America	bank of America	ORG	86-12
Paryżu	Paryż	LOC	59-51
Frankfurcie nad Menem	Frankfurt nad Men	LOC	106-19
Unii Europejskiej	unia europejski	ORG	54-13
brexit	brexit	EVT	86-85
Londynie	Londyn	LOC	100-25
Michael Bloomberg	Michael Bloomberg	PER	58-9
Londyn	Londyn	LOC	100-21
Europy	Europa	LOC	53-91
Nowego Jorku	Nowy Jork	LOC	88-11
BBC Radio 4	BBC Radio 4	PRO	86-102
