pl-1463
brexitu	brexit	EVT	86-88
Work Service	Work Service	ORG	111-53
Polacy	Polak	PER	59-47
Wielkiej Brytanii	Wielki Brytania	LOC	111-17
Niemcy	Niemiec	LOC	88-29
Holandia	Holandia	LOC	94-12
Wielka Brytania	wielki Brytania	LOC	111-25
Brexitem	Brexit	EVT	86-22
Zjednoczonego Królestwa	zjednoczyć królestwo	LOC	80-6
Unii Europejskiej	unia europejski	ORG	54-13
Wielką Brytanię	Wielki Brytania	LOC	111-17
The Times	The Times	PRO	76-7
The Office of National Statistics	The Office of National Statistics	ORG	76-159
Europy Wschodniej	Europa wschodni	LOC	53-91
Polaków	Polak	PER	59-45
HSBC	HSBC	ORG	94-17
UK	UK	LOC	54-1
Brexitu	Brexit	EVT	86-22
Brexit	brexit	EVT	86-30
polskich	polski	LOC	59-6
Brytyjczykom	Brytyjczyk	PER	86-86
polskim	polski	LOC	59-7
polskie	polski	LOC	59-7
Polski	Polska	LOC	59-5
Ewelina Krzysztofik	Ewelina Krzysztofik	PER	53-108
SistersPR	SistersPR	ORG	69-220
Strefa Biznesu	strefa biznes	PRO	69-94
