pl-611
brexicie	brexit	EVT	86-93
brexitu	brexit	EVT	86-88
Wielkiej Brytanii	Wielki Brytania	LOC	111-17
UE	UE	ORG	54-7
Boris Johnson	Boris Johnson	PER	86-54
Wielką Brytanię	Wielki Brytania	LOC	111-17
kanałem La Manche	kanał być La Manche	LOC	72-185
Emmanuelem Macronem	Emmanuel Macron	PER	53-13
Chin	Chiny	LOC	107-29
Johnsona	Johnson	PER	51-38
Downing Street	Downing Street	LOC	79-16
Calais	Calais	LOC	107-21
Dover	Dover	LOC	79-43
Danyang-	Danyang-	LOC	79-139
Kunshan	Kunshan	LOC	72-173
Chinach	Chiny	LOC	107-29
Brytyjczyków	Brytyjczyk	PER	86-86
Europy	Europa	LOC	53-91
Wielka Brytania	wielki Brytania	LOC	111-25
kanału La Manche	kanał La Manche	LOC	72-33
Albert Mathieu	Albert Mathieu	PER	66-142
Francuzi	Francuz	PER	106-13
Brytyjczycy	Brytyjczyk	PER	86-86
Francuzom	Francuz	PER	106-13
Coquelles	Coquelles	LOC	107-102
Folkestone	Folkestone	LOC	106-54
Kent	Kent	LOC	72-51
Brytyjczykach	Brytyjczyk	PER	86-86
Francji	Francja	LOC	106-23
Wielką Brytanią	Wielki Brytania	LOC	111-17
Francją	Francja	LOC	106-23
Irlandię Północną	Irlandia północny	LOC	75-44
Szkocję	Szkocja	LOC	69-67
kanał La Manche	kanał La Manche	LOC	72-33
Alana Dunlopa	Alana Dunlop	PER	66-163
The National	The National	PRO	76-97
Szwecję	Szwecja	LOC	69-60
Danię	Dania	LOC	79-52
Öresund	Öresund	LOC	xxx
Dunlopa	Dunlop	PER	79-142
Danią	Dania	LOC	79-33
Szwecją	Szwecja	LOC	69-60
Jersey	Jersey	LOC	51-49
Normandią	Normandia	LOC	88-30
Granville	Granville	LOC	77-79
