pl-13
Brexit	brexit	EVT	86-30
Kenneth Clarke	Kenneth Clarke	PER	72-45
Unii	unia	ORG	54-5
Izby Gmin	izba gmin	ORG	75-37
brexitu	brexit	EVT	86-88
Wielkiej Brytanii	Wielki Brytania	LOC	111-17
Unią	unia	ORG	54-9
brexicie	brexit	EVT	86-93
Independenta	Independent	PRO	75-0
Brytyjczyków	Brytyjczyk	PER	86-86
Unię	unia	ORG	54-14
brexit	brexit	EVT	86-85
Wspólnocie	wspólnota	ORG	111-24
Bruksela	Bruksela	LOC	86-87
Brukseli	Bruksela	LOC	86-87
Europy	Europa	LOC	53-91
Brytyjczycy	Brytyjczyk	PER	86-86
Irlandii	Irlandia	LOC	75-21
Kanału	kanał	LOC	72-154
Boris Johnson	Boris Johnson	PER	86-54
MSZ	MSZ	ORG	58-141
Unia	unia	ORG	54-16
Niemcy	Niemiec	LOC	88-29
Brytyjczykom	Brytyjczyk	PER	86-86
Theresa May	Theres May	PER	76-40
Irlandią Północną	Irlandia północny	LOC	75-26
Republiką Irlandii	republika Irlandia	LOC	95-19
Wielka Brytanią	wielki Brytania	LOC	111-25
unii	unia	ORG	54-8
UE	UE	ORG	54-7
Dover	Dover	LOC	79-43
Europejskiego Obszaru Gospodarczego	europejski obszar gospodarczy	ORG	53-25
EEA	EEA	ORG	53-36
Norwegia	Norwegia	LOC	88-28
May	May	PER	58-262
Michael Gove	Michael Gove	PER	58-8
Jeremy Corbyn	Jeremy Corbyn	PER	51-9
Partia Konserwatywna	partia konserwatywny	ORG	59-52
Corbyna	Corbyna	PER	107-20
Corbyn	Corbyn	PER	107-20
27	27	ORG	60-1
Londynem	Londyn	LOC	100-3
Corbynem	Corbyn	PER	107-20
Guardian	Guardian	PRO	77-1
torysów	torys	PER	76-41
laburzystów	laburzysta	PER	100-32
Izbie Gmin	izba gmin	ORG	75-27
Partią Pracy	partia praca	ORG	59-35
torysami	torys	PER	76-41
City	City	LOC	107-19
Jędrzej Bielecki	Jędrzej Bielecki	PER	51-31
Partii Konserwatywnej	partia konserwatywny	ORG	59-52
Margaret Thatcher	Margaret Thatcher	PER	58-35
Johna Majora	John Major	PER	51-29
Davida Camerona	David Cameron	PER	79-13
