pl-1510
Kleiber	Kleiber	PER	72-143
brexit	brexit	EVT	86-97
brytyjski parlament	brytyjski parlament	ORG	86-32
Unii	unia	ORG	54-5
Wielkiej Brytanii	Wielki Brytania	LOC	111-17
UE	UE	ORG	54-7
brexitem	brexit	EVT	86-94
Wspólnoty	wspólnota	ORG	111-24
Brytyjczyków	Brytyjczyk	PER	86-86
brexicie	brexit	EVT	86-93
Unię	unia	ORG	54-14
brexitu	brexit	EVT	86-88
Partią Pracy	partia praca	ORG	59-35
brexitowi	brexita	EVT	86-100
Wielka Brytania	wielki Brytania	LOC	111-25
unii	unia	ORG	54-8
Irlandii Północnej	Irlandia północny	LOC	75-22
Wielka Brytanią	wielki Brytania	LOC	111-25
Partii Konserwatywnej	partia konserwatywny	ORG	59-52
Partii Pracy	partia praca	ORG	59-35
Theresy May	Theresy May	PER	76-16
Polskiej Akademii Nauk	polski akademia nauka	ORG	59-115
