pl-511
Times	Times	PRO	76-51
UE	UE	ORG	54-7
The Times	The Times	PRO	76-7
Unii Europejskiej	unia europejski	ORG	54-13
Wielkiej Brytanii	Wielki Brytania	LOC	111-17
Zjednoczonego Królestwa	zjednoczyć królestwo	LOC	80-6
Wspólnoty	wspólnota	ORG	111-24
Polski	Polska	LOC	59-5
Wspólnotą	wspólnota	ORG	111-24
MSW	MSW	ORG	58-225
Theresy May	Theresy May	PER	76-16
Brexitu	Brexit	EVT	86-22
Home Office	Home Office	ORG	94-23
Timesa	Timesa	PRO	76-52
Polaków	Polak	PER	59-45
polskiej	polski	LOC	59-7
Londynie	Londyn	LOC	100-25
Birmingham	Birmingham	LOC	86-111
Edynburgu	Edynburg	LOC	53-92
Cardiff	Cardiff	LOC	107-33
Belfaście	Belfastie	LOC	86-115
Wielka Brytania	wielki Brytania	LOC	111-25
Wspólnotę	wspólnota	ORG	111-24
Londynu	Londyn	LOC	100-25
Jakub Krupa	Jakub Krupa	PER	51-22
PAP	PAP	ORG	59-58
