pl-1206
Wielkiej Brytanii	Wielki Brytania	LOC	111-17
brexitu	brexit	EVT	86-88
Sunday Times	Sunday Times	PRO	69-73
UE	UE	ORG	54-7
Unii Europejskiej	unia europejski	ORG	54-13
Davida Davisa	David Davis	PER	79-14
Theresy May	Theresy May	PER	76-16
Wspólnoty	wspólnota	ORG	111-24
Dover	Dover	LOC	79-43
Kornwalia	Kornwalia	LOC	72-40
Szkocji	Szkocja	LOC	69-67
Polacy	Polak	PER	59-47
Sunday Timesa	Sunday Timesa	PRO	69-73
Timesa	Timesa	PRO	76-52
ministerstwa ds . brexitu	ministerstwo do spraw . brexit	ORG	58-2
Times	Times	PRO	76-51
Światową Organizację Handlu	światowy organizacja handel	ORG	74-0
WTO	WTO	ORG	111-12
Wielka Brytania	wielki Brytania	LOC	111-25
Wspólnotę	wspólnota	ORG	111-24
