pl-113
UE	UE	ORG	54-7
Brytyjczyków	Brytyjczyk	PER	86-86
TSUE	TSUE	ORG	76-44
Trybunał Sprawiedliwości Unii Europejskiej	trybunał sprawiedliwość unia europejski	ORG	76-43
Wielkiej Brytanii	Wielki Brytania	LOC	111-17
brexicie	brexit	EVT	86-93
Holandii	Holandia	LOC	94-11
Trybunału	trybunał	ORG	76-47
Luksemburgu	Luksemburg	LOC	100-27
brexit	brexit	EVT	86-85
Brytyjczycy	Brytyjczyk	PER	86-86
Christiaan Alberdingk Thijm	Christiaan Alberdingk Thijm	PER	107-36
Traktatu o funkcjonowaniu Unii Europejskiej	traktat o funkcjonować unia europejski	PRO	76-84
Michel Barnier	Michel Barnier	PER	58-7
Wielką Brytanię	Wielki Brytania	LOC	111-17
Unii Europejskiej	unia europejski	ORG	54-13
Londyn	Londyn	LOC	100-21
Amsterdamie	Amsterdam	LOC	66-48
Wielka Brytania	wielki Brytania	LOC	111-25
Unię Europejską	unia europejski	ORG	54-20
Brytyjczyk	Brytyjczyk	PER	86-86
Stephen Huyton	Stephen Huyton	PER	69-26
Huyton	Huyton	PER	94-63
brexitu	brexit	EVT	86-88
Wielką Brytanią	Wielki Brytania	LOC	111-17
Holandia	Holandia	LOC	94-12
UE.	UE.	ORG	xxx
