pl-490
PE	PE	ORG	59-30
UE	UE	ORG	54-7
Polska	Polska	LOC	59-4
Polaków	Polak	PER	59-45
Wielka Brytania	wielki Brytania	LOC	111-25
Brexitu	Brexit	EVT	86-22
Francuzi	Francuz	PER	106-13
Hiszpanie	Hiszpanin	PER	94-16
Parlamentu Europejskiego	parlament europejski	ORG	59-38
Parlament Europejski	parlament europejski	ORG	59-38
Izby	izba	ORG	xxx
Danuta Hübner	Danuta Hübner	PER	79-35
PO	PO	ORG	59-55
EPL	EPL	ORG	53-56
Pedro Silva Pereira	Pedro Silva Pereir	PER	59-68
Socjaliści i Demokraci	socjalista i demokrata	ORG	69-80
traktatem lizbońskim	traktat lizboński	PRO	76-57
Parlamentu	parlament	ORG	59-38
Parlamencie Europejskim	parlament europejski	ORG	59-38
Brukseli	Bruksela	LOC	86-87
Dzienniku Urzędowym UE	dziennik urzędowy UE	PRO	79-45
Traktatu o funkcjonowaniu UE	traktat o funkcjonować UE	PRO	76-71
Strasburga	Strasburg	LOC	69-103
Łukasz Osiński	Łukasz Osiński	PER	57-1
PAP	PAP	ORG	59-58
