pl-16
Polaków	Polak	PER	59-45
Anglii	Anglia	LOC	66-56
Nigel Farage	Nigel Farage	PER	88-4
Partii Niepodległości Wielkiej Brytanii	partia Niepodległość Wielki Brytania	ORG	59-32
UKIP	UKIP	ORG	54-0
Polacy	Polak	PER	59-47
Wyspach	wyspa	LOC	111-31
David Cameron	David Cameron	PER	79-13
Wielkiej Brytanii	Wielki Brytania	LOC	111-17
Witold Waszczykowski	Witold Waszczykowski	PER	111-85
MSZ	MSZ	ORG	58-101
Brexicie	Brexita	EVT	86-22
Centre for Research and Analysis of Migration	Centre forania_ńalna Research and Analysis of Migration	ORG	107-78
Centrum Badań i Analiz nad Migracją	centrum badanie i analiza nad migracja	ORG	107-71
University College London's Centre	University College London's Centre	ORG	54-28
UE	UE	ORG	54-7
Europy	Europa	LOC	53-91
Brexit	Brexit	EVT	86-22
polskich	polski	LOC	xxx
Theresy May	Theresy May	PER	76-16
torysi	torys	PER	76-41
Brytyjczyka	Brytyjczyk	PER	86-86
Wydziału Pracy i Zasiłków	wydział praca i zasiłek	ORG	111-89
brexicie	brexit	EVT	86-93
May	May	PER	58-34
George Freeman	George Freeman	PER	77-86
The Guardian	The Guardian	PRO	76-3
Millbrow Care Home	Millbrow Care Home	LOC	58-151
Widnes	Widnes	LOC	111-112
Tony Travers	Tony Travers	PER	76-124
London School of Economics	London School of Economics	ORG	100-49
