pl-1745
Brexicie	Brexita	EVT	86-22
Londyn	Londyn	LOC	100-21
Brexit	brexit	EVT	86-30
Zjednoczonego Królestwa	zjednoczyć królestwo	LOC	80-6
unii	unia	ORG	54-8
Republiką Irlandzką	republika irlandzki	LOC	95-100
Bruksela	Bruksela	LOC	86-87
Dublin	Dublin	LOC	79-22
Brexitu	Brexit	EVT	86-22
Irlandii	Irlandia	LOC	75-21
Leo Varadkar	Leo Varadkar	PER	100-34
Wielka Brytania	wielki Brytania	LOC	111-25
Unii	unia	ORG	54-5
Michael Barnier	Michael Barnier	PER	58-7
Brytyjczycy	Brytyjczyk	PER	86-86
Varadkar	Varadkar	PER	98-25
Barnier	Barnier	PER	86-52
Dundalk	Dundalk	LOC	79-58
Irlandią	Irlandia	LOC	75-24
Irlandią Północną	Irlandia północny	LOC	75-26
Irlandii Północnej	Irlandia północny	LOC	75-22
Theresa May	Theres May	PER	76-40
Unia	unia	ORG	54-16
Simon Coveney	Simon Coveney	PER	69-176
Republice Irlandii	republika Irlandia	LOC	95-19
Coveney	Coveney	PER	107-122
Irlandia	Irlandia	LOC	75-25
Ulsterem	Ulster	LOC	54-10
Irlandczycy	Irlandczyk	PER	75-18
Davida Davisa	David Davis	PER	79-14
Brukselę	Bruksela	LOC	86-87
Ciaran Shannon	Ciaran Shannon	PER	107-58
Duncairn Community Partnership	Duncairn Community Partnership	ORG	79-78
Belfaście	Belfastie	LOC	86-115
Irlandczyków	Irlandczyk	PER	75-18
Shannon	Shannon	PER	69-101
Belfastu	Belfast	LOC	86-115
The Troubles	the Troubles	EVT	76-72
Niepokojów	niepokój	EVT	88-76
Brian McKee	Brian McKee	PER	86-129
Houben Centre	Houben Centre	ORG	94-32
Brexitem	Brexit	EVT	86-22
