pl-255
Unię	unia	ORG	54-14
Wielkiej Brytanii	Wielki Brytania	LOC	111-17
UE	UE	ORG	54-7
Wspólnoty	wspólnota	ORG	111-24
europoseł	europoseł	PER	53-37
Jan Olbrycht	Jan Olbrycht	PER	51-25
PO	PO	ORG	59-55
PE	PE	ORG	59-30
Katowicach	Katowice	LOC	72-44
Olbrycht	Olbrycht	PER	91-23
Dania	Dania	LOC	79-52
europosła	europosło	PER	53-65
brexitem	brexit	EVT	86-94
Unii	unia	ORG	54-5
brexicie	brexit	EVT	86-93
Niemcy	Niemiec	PER	88-29
Francuzi	Francuz	PER	106-13
Wielką Brytanię	Wielki Brytania	LOC	111-17
Unia	unia	ORG	54-16
Guenther Oettinger	Guenther Oettinger	PER	77-9
Europoseł	Europoseł	PER	53-37
Komisji Europejskiej	komisja europejski	ORG	72-24
Parlament Europejski	parlament europejski	ORG	59-38
PAP.	PAP.	ORG	59-58
