pl-1377
Facebooka	facebook	PRO	106-6
Trumpa	Trump	PER	76-55
Rosjan	Rosjanin	PER	95-43
Brexitu	Brexit	EVT	86-22
Cambridge Analytica	Cambridge Analytica	ORG	107-4
SCL Group	SCL Group	ORG	69-23
Dariusz Ćwiklak	Dariusz Ćwiklak	PER	79-66
SCL	SCL	ORG	69-23
CA	CA	ORG	107-41
Roberta Mercera	Robert Mercer	PER	95-13
Channel 4	Channel 4	PRO	107-48
Ukrainek	ukrainek	PER	54-65
Alexandra Nixa	Alexander Nixa	PER	66-19
Nigerii	Nigeria	LOC	88-41
Ghanie	Ghan	LOC	77-49
St . Kitt's and Nevis	St . Kitt's and Nevis	LOC	69-167
Karaibach	Karaiby	LOC	72-48
Wylie	Wylie	PER	111-14
UE	UE	ORG	54-7
Leave . EU	Leave . EU	ORG	100-6
UKiP	UKiP	ORG	54-26
Nigela Farage’a	Nigela Faragex	PER	88-4
Vote Leave	Vote Leave	ORG	98-11
Partii Konserwatywnej	partia konserwatywny	ORG	59-52
Cameron	Cameron	PER	107-27
Boris Johnson	Boris Johnson	PER	86-54
Michael Gove	Michael Gove	PER	58-8
BeLeave	BeLeave	ORG	86-84
Veterans for Britain	Veterans forania_ńalna Britain	ORG	98-23
Dominic Cummings	Dominice Cummings	PER	79-36
NHS	NHS	ORG	88-22
NFZ	NFZ	ORG	88-23
AggregateIQ	AggregateIQ	ORG	66-70
Leave .	Leave .	ORG	100-6
EU	EU	ORG	100-6
UpGuard	UpGuard	ORG	54-58
Darren Grimes	Darren Grimes	PER	79-129
Shahmir Sanni	Shahmir Sanni	PER	69-57
Wyliego	Wyli	PER	111-14
torysów	torys	PER	76-41
Kanady	Kanada	LOC	72-14
Kanadyjczykom	Kanadyjczyk	PER	72-16
Demokratyczna Partia Unionistyczna	demokratyczny partia unionistyczny	ORG	79-32
DUP	DUP	ORG	79-6
Cummingsa	Cummings	PER	107-32
Sanni	Sanni	PER	69-56
May	May	PER	58-34
Stephen Parkinson	Stephen Parkinson	PER	69-185
Shahmir	Shahmir	PER	69-57
Parkinson	Parkinson	PER	59-70
Sanniego	Sanni	PER	69-56
Pakistanu	Pakistan	LOC	59-23
Christopher Wylie	Christopher Wylie	PER	107-14
Parkinsona	Parkinson	PER	59-70
USA	USA	LOC	54-2
Robertowi Mercerowi	Robert Mercer	PER	95-13
Stevenowi Bannonowi	Steven Bannon	PER	69-208
Breitbart News	Breitbart news	PRO	86-57
Mercer	Mercer	PER	58-37
Breitbart	Breitbart	PRO	86-57
Bannona	Bannona	PER	86-56
Waszyngtonu	Waszyngton	LOC	111-9
Demokratów	demokrata	ORG	79-48
Facebookiem	facebook	PRO	106-6
Mark Zuckerberg	Mark Zuckerberg	PER	58-26
Zuckerberg	Zuckerberg	PER	80-11
Mamy	mieć	PER	58-32
The Atlantic	The Atlantic	PRO	76-112
Ian Bogost	Ian Bogost	PER	75-115
Georgia Institute of Technology	Georgia Institute of Technology	ORG	77-61
Facebooku	facebook	PRO	106-6
Cow Clicker	Cow Clicker	PRO	107-99
Bogost	Bogost	PER	86-167
Wired	Wired	PRO	111-120
Parlamentu Europejskiego	parlament europejski	ORG	59-38
Kongresu USA	kongres USA	ORG	72-109
parlamentu brytyjskiego	parlament brytyjski	ORG	59-39
Federalną Komisję Handlu USA	federalny komisja handel USA	ORG	106-14
Guardian	Guardian	PRO	77-1
Łukoil	Łukoil	ORG	57-2
FSB	FSB	ORG	106-78
Nix	Nix	PER	88-36
Łukoilowi	Łukoil	ORG	57-2
Alexander Nix	Alexander Nix	PER	66-19
Alexandr Kogan	Alexandr Kogan	PER	66-22
Rosjanami	Rosjanin	PER	95-43
Kogan	Kogan	PER	72-18
Rosji	Rosja	LOC	95-37
Kosiński	Kosiński	PER	72-38
Rosjanie	Rosjanin	PER	95-43
NATO	NATO	ORG	88-13
Katarzyna Szymielewicz	Katarzyna Szymielewicz	PER	72-191
