pl-1335
PE	PE	ORG	59-30
Parlament Europejski	parlament europejski	ORG	59-38
Wielka Brytania	wielki Brytania	LOC	111-25
UE	UE	ORG	54-7
Parlamencie Europejskim	parlament europejski	ORG	59-38
Brexicie	Brexita	EVT	86-22
Unii Europejskiej	unia europejski	ORG	54-13
Parlamentu	parlament	ORG	59-38
brexicie	brexit	EVT	86-93
Brexitu	Brexit	EVT	86-22
Rady Europejskiej	rada europejski	ORG	95-22
Danuta Hübner	Danuta Hübner	PER	79-35
Europejskiej Partii Ludowej	europejski partia ludowy	ORG	53-35
Parlamentu Europejskiego	parlament europejski	ORG	59-38
Izby	izba	ORG	75-95
Pedro Silva Pereira	Pedro Silva Pereir	PER	59-68
Socjalistów i Demokratów	socjalista i demokrata	ORG	69-146
traktatem lizbońskim	traktat lizboński	PRO	76-57
Brukseli	Bruksela	LOC	86-87
Dzienniku Urzędowym UE	dziennik urzędowy UE	PRO	79-45
