pl-187
Farage	Farage	PER	106-11
brexitu	brexit	EVT	86-88
Channel Five	Channel Five	PRO	107-62
UE	UE	ORG	54-7
Farage'a	Farage	PER	106-11
brytyjski parlament	brytyjski parlament	ORG	86-32
Londynu	Londyn	LOC	100-25
Brukselą	Bruksela	LOC	86-87
Wspólnoty	wspólnota	ORG	111-24
Aaron Banks	Aaron Banks	PER	66-15
Nigelem	Nigele	PER	88-9
Brytyjczyków	Brytyjczyk	PER	86-86
Twitterze	twitter	PRO	76-15
Nick Clegg	Nick Clegg	PER	88-34
Liberalnych Demokratów	liberalny demokrata	ORG	100-12
Partii Pracy	partia praca	ORG	59-35
Andrew Adonis	Andrew Adonis	PER	66-40
Liberalni Demokraci	liberalny demokrata	ORG	100-12
Tom Brake	Tom Brake	PER	76-30
Tony Blair	Tony Blair	PER	76-33
Nigel Farage	Nigel Farage	PER	88-4
Theresy May	Theresy May	PER	76-16
Brexit	brexit	EVT	86-30
Brytyjczycy	Brytyjczyk	PER	86-86
Unii Europejskiej	unia europejski	ORG	54-13
Wielka Brytania	wielki Brytania	LOC	111-25
Wspólnotę	wspólnota	ORG	111-24
Guardian	Guardian	PRO	77-1
Londyn	Londyn	LOC	100-21
Brukselę	Bruksela	LOC	86-87
