pl-420
Eurostat	Eurostat	ORG	53-23
polskie	polski	LOC	59-7
Brexitu	Brexit	EVT	86-22
Komitet Regionów	komitet region	ORG	72-56
Brytyjczyków	Brytyjczyk	PER	86-86
UE	UE	ORG	54-7
Unii	unia	ORG	54-5
PAP	PAP	ORG	59-58
Unii Europejskiej	unia europejski	ORG	54-13
Eurostatu	Eurostat	ORG	53-23
Brexit	Brexit	EVT	86-22
mazowieckie	mazowiecki	LOC	58-61
dolnośląskie	dolnośląski	LOC	79-98
śląskie	śląski	LOC	74-5
pomorskie	pomorski	LOC	59-89
małopolskie	małopolski	LOC	58-60
zachodniopomorskie	zachodniopomorski	LOC	80-58
lubuskie	lubuski	LOC	100-38
świętokrzyskie	świętokrzyski	LOC	74-3
podkarpackie	podkarpacki	LOC	59-173
podlaskie	podlaski	LOC	59-72
lubelskie	lubelski	LOC	100-39
śląskiego	śląski	LOC	74-2
pomorskiego	pomorski	LOC	59-192
małopolskiego	małopolski	LOC	58-60
Guenther Oettinger	Guenther Oettinger	PER	77-9
Wielkiej Brytanii	Wielki Brytania	LOC	111-17
Polski	Polska	LOC	59-5
polski	polski	LOC	59-10
City	City	LOC	107-19
Luksemburga	Luksemburg	LOC	100-27
Hamburga	Hamburg	LOC	94-25
Belgii	Belgia	LOC	86-20
Czech	Czechy	LOC	107-45
Słowacji	Słowacja	LOC	69-63
Mazowsze	Mazowsze	LOC	58-226
mazowieckiego	mazowiecki	LOC	58-61
Saksonia - Anhalt	Sakson - Anhalt	LOC	69-114
Michael Schneider	Michael Schneider	PER	58-99
Brukseli	Bruksela	LOC	86-87
Niemiec Wschodnich	Niemcy wschodni	LOC	88-58
Schneider	Schneider	PER	69-144
