pl-1956
May	May	PER	58-33
Brexicie	Brexita	EVT	86-22
Unią Europejską	unia europejski	ORG	54-17
Zjednoczonym Królestwem	zjednoczyć królestwo	LOC	80-5
UE	UE	ORG	54-7
Wielkiej Brytanii	Wielki Brytania	LOC	111-17
BBC	BBC	PRO	86-48
Brukselą	Bruksela	LOC	86-87
Brexitu	Brexit	EVT	86-22
Parlamencie Europejskim	parlament europejski	ORG	59-38
Guy Verhofstadt	Guy Verhofstadt	PER	77-2
Brytyjczycy	Brytyjczyk	PER	86-86
europarlamencie	europarlament	ORG	53-16
Europejskiej Partii Ludowej	europejski partia ludowy	ORG	53-35
EPL	EPL	ORG	53-56
Manfred Weber	Manfred Weber	PER	58-52
Weber	Weber	PER	111-59
Brytyjczyków	Brytyjczyk	PER	86-86
Wielka Brytania	wielki Brytania	LOC	111-25
Unii Europejskiej	unia europejski	ORG	54-13
Wspólnotę	wspólnota	ORG	111-24
PAP	PAP	ORG	59-58
