pl-1460
Roman Ziruk	Roman Ziruk	PER	95-102
Ebury	Ebury	ORG	53-44
bank centralny	bank centralny	ORG	86-120
Bank Anglii	bank Anglia	ORG	86-104
BoE	BoE	ORG	86-121
Banku Euro	bank euro	ORG	86-253
Europejski Bank Centralny	europejski bank Centralny	ORG	53-45
Bank centralny	bank centralny	ORG	86-120
EBC	EBC	ORG	53-46
Mario Draghiego	Mario Draghi	PER	58-192
Brexitu	Brexit	EVT	86-22
UE	UE	ORG	54-7
Michel Barnier	Michel Barnier	PER	58-7
Wielkiej Brytanii	Wielki Brytania	LOC	111-17
Zjednoczonego Królestwa	zjednoczyć królestwo	LOC	80-6
Barnier	Barnier	PER	86-52
City	City	LOC	107-19
USA	USA	LOC	54-2
Michigan	Michigan	LOC	58-105
Strefa Biznesu	strefa biznes	PRO	69-94
