pl-515
Morawiecki	Morawiecki	PER	58-12
Juncker	Juncker	PER	51-27
UE	UE	ORG	54-7
Reutera	Reuter	ORG	95-47
Zbigniew Ziobro	Zbigniew Ziobro	PER	80-48
Polska	Polska	LOC	59-4
Unii Europejskiej	unia europejski	ORG	54-13
AP	AP	ORG	66-9
Washington Post	Washington Post	PRO	111-115
Polski	Polska	LOC	59-5
polskich	polski	LOC	59-6
KE	KE	ORG	72-80
Brukseli	Bruksela	LOC	86-87
Reuters	Reuters	ORG	95-3
Warszawy	Warszawa	LOC	111-6
Brukselą	Bruksela	LOC	86-87
Warszawie	Warszawa	LOC	111-6
Wschodem	wschód	LOC	111-56
Brexitem	Brexit	EVT	86-22
Morawieckiego	Morawiecki	PER	58-12
Junckerem	Juncker	PER	51-28
Wall Street Journal	Wall Street Journal	PRO	111-78
Laurence Norman	Laurence Norman	PER	100-72
Drew Hinshaw	Drew Hinshaw	PER	79-141
Unia Europejska	unia europejski	ORG	54-15
WSJ	WSJ	PRO	111-63
Brexitu	Brexit	EVT	86-22
Guenther Oettinger	Guenther Oettinger	PER	77-9
Wielkiej Brytanii	Wielki Brytania	LOC	111-17
Unii	unia	ORG	54-5
Polskę	Polska	LOC	59-41
Polacy	Polak	PER	59-47
Warszawę	Warszawa	LOC	111-6
