pl-1934
Matthew Ryan	Matthew Ryan	PER	58-98
Ebury	Ebury	ORG	53-44
Stanami Zjednoczonymi	Stany Zjednoczone	LOC	69-59
Chińską Republiką Ludową	chiński republika ludowy	LOC	107-139
Chin	Chiny	LOC	107-29
Niemczech	Niemcy	LOC	88-33
Niemiecka	niemiecki	LOC	xxx
Merkel	Merkel	PER	58-18
UE	UE	ORG	54-7
G3	G3	ORG	77-111
Stanach Zjednoczonych	Stany Zjednoczone	LOC	69-59
Carney	Carney	PER	107-34
Brexitem	Brexit	EVT	86-22
Banku Anglii	bank Anglia	ORG	86-104
Mark Carney	Mark Carney	PER	58-28
Brexitu	Brexit	EVT	86-22
BoE	BoE	ORG	86-121
Wielkiej Brytanii	Wielki Brytania	LOC	111-17
UK	UK	LOC	54-1
Unii Europejskiej	unia europejski	ORG	54-13
Strefa Biznesu	strefa biznes	PRO	69-94
