pl-1997
Donald Tusk	Donald Tusk	PER	79-12
Polak贸w	Polak	PER	59-45
Wyspach	wyspa	LOC	111-19
brexitu	brexit	EVT	86-88
Siegieja Skripala	Siergiej Skripal	PER	69-44
Virginia Mayo	Virginia Mayo	PER	98-51
AP Photo	AP Photo	ORG	66-9
UE	UE	ORG	54-7
Wielkiej Brytanii	Wielki Brytania	LOC	111-17
brexicie	brexit	EVT	86-93
Twitterze	twitter	PRO	76-15
Unii Europejskiej	unia europejski	ORG	54-13
Brytyjczyk贸w	Brytyjczyk	PER	86-86
Michela Barniera	Michel Barnier	PER	58-7
Davidem Davisem	David Davis	PER	79-14
Unia Europejska	unia europejski	ORG	54-15
Wielka Brytania	wielki Brytania	LOC	111-25
Wsp贸lnoty	wsp贸lnota	ORG	111-24
Polacy	Polak	PER	59-47
Wyspy	Wyspa	LOC	111-18
brexitem	brexit	EVT	86-94
Londynie	Londyn	LOC	100-25
Brukseli	Bruksela	LOC	86-87
Michel Barnier	Michel Barnier	PER	58-7
