pl-1302
Wielkiej Brytanii	Wielki Brytania	LOC	111-17
brexicie	brexit	EVT	86-93
UE	UE	ORG	54-7
Unii Europejskiej	unia europejski	ORG	54-13
Wielką Brytanię	Wielki Brytania	LOC	111-17
Europie	Europa	LOC	53-91
Brytyjczyków	Brytyjczyk	PER	86-86
Lucia Campetella	Lucia Campetell	PER	100-82
Włoszka	Włoszek	PER	111-38
Wysp Brytyjskich	wyspa brytyjski	LOC	111-45
Londyn	Londyn	LOC	100-21
Polacy	Polak	PER	59-47
Brytyjczykom	Brytyjczyk	PER	86-86
Doroty Staniak	Dorota Staniak	PER	79-105
Polki	Polka	PER	59-177
Londynie	Londyn	LOC	100-25
brexit	brexit	EVT	86-85
Brytyjczykami	Brytyjczyk	PER	86-86
Polakami	Polak	PER	59-66
Brytyjczykach	Brytyjczyk	PER	86-86
Polaków	Polak	PER	59-45
Brytyjczycy	Brytyjczyk	PER	86-86
Nick Otterwell	Nick Otterwell	PER	88-91
Canterbury	Canterbury	LOC	107-133
Bułgarii	Bułgaria	LOC	86-89
Rumunii	Rumunia	LOC	95-41
Brexit	brexit	EVT	86-30
Gawain Towler	Gawain Towler	PER	77-11
Partii Niepodległości Zjednoczonego Królestwa	partia niepodległość zjednoczyć królestwo	ORG	59-33
UKIP	UKIP	ORG	54-0
brexitu	brexit	EVT	86-88
Leave Means Leave	Leave Means Leave	ORG	100-68
Richard Tice	Richard Tice	PER	95-18
Steve Bray	Steve Bray	PER	69-125
Walii	Walia	LOC	111-8
parlamentem Wielkiej Brytanii	parlament Wielki Brytania	ORG	59-34
Wielka Brytania	wielki Brytania	LOC	111-25
Patrick Minford	Patrick Minford	PER	59-98
Uniwersytecie Cardiff	uniwersytet Cardiff	ORG	54-57
Minford	Minford	PER	58-127
Niemczech	Niemcy	LOC	88-33
Jane Pierce	Jane Pierka	PER	51-139
Londynu	Londyn	LOC	100-25
Francji	Francja	LOC	106-23
Hiszpanii	Hiszpania	LOC	94-22
