pl-1399
Brexit	brexit	EVT	86-30
brexitu	brexit	EVT	86-88
Westminster	Westminster	LOC	111-51
Unii	unia	ORG	54-5
Parlament Europejski	parlament europejski	ORG	59-38
Londyn	Londyn	LOC	100-21
Radzie UE	rada UE	ORG	95-27
Economist Intelligence Unit	Economist Intelligence Unit	ORG	53-99
EIU	EIU	ORG	53-39
umowy o wolnym handlu	umowa o wolny handel	PRO	54-21
FTA	FTA	PRO	106-22
Wyspami	Wyspa	LOC	111-18
Światowej Organizacji Handlu	światowy organizacja handel	ORG	74-0
WTO	WTO	ORG	111-12
brexit	brexit	EVT	86-85
umowa o wolnym handlu	umowa o wolny handel	PRO	54-21
Unią	unia	ORG	54-9
Kanadą	Kanada	LOC	72-14
Bruksela	Bruksela	LOC	86-87
brexitem	brexit	EVT	86-94
Irlandią Północną	Irlandia północny	LOC	75-26
Republiką Irlandii	republika Irlandia	LOC	95-19
Ulster	Ulster	LOC	54-10
unii	unia	ORG	54-8
Wspólnotą	wspólnota	ORG	111-24
torysami	torys	PER	76-41
DUP	DUP	ORG	79-6
Zielonej Wyspy	Zielony Wyspa	LOC	80-2
UE	UE	ORG	54-7
Wielkiej Brytanii	Wielki Brytania	LOC	111-17
Polaków	Polak	PER	59-45
Londynie	Londyn	LOC	100-25
City	City	LOC	107-19
Unilever	Unilever	ORG	54-19
Wielka Brytania	wielki Brytania	LOC	111-25
Francji	Francja	LOC	106-23
Niemczech	Niemcy	LOC	88-33
Polsce	Polska	LOC	59-44
Brytyjczyków	Brytyjczyk	PER	86-86
Anglii	Anglia	LOC	66-56
Szkocja	Szkocja	LOC	69-67
Irlandia Północna	Irlandia Północny	LOC	75-38
Tony'ego Blaira	Tony Blair	PER	76-34
Theresy May	Theresy May	PER	76-16
Wspólnoty	wspólnota	ORG	111-24
Polskę	Polska	LOC	59-41
Brukselą	Bruksela	LOC	86-87
