pl-1769
Londynie	Londyn	LOC	100-25
Brexitowi	Brexitawi	EVT	86-22
Theresy May	Theresy May	PER	76-16
Downing Street	Downing Street	LOC	79-16
Partią Pracy	partia praca	ORG	59-35
Jeremy Corbyn	Jeremy Corbyn	PER	51-9
brytyjskiego parlamentu	brytyjski parlament	ORG	86-32
Wielkiej Brytanii	Wielki Brytania	LOC	111-17
UE	UE	ORG	54-7
Gina Miller	Gina Miller	PER	77-34
Wspólnoty	wspólnota	ORG	111-24
Liberalnych Demokratów	liberalny demokrata	ORG	100-12
Vince Cable	Vinka Cable	PER	98-13
Brexit	brexit	EVT	86-30
Partii Zielonych	partia zielony	ORG	59-84
Caroline Lucas	Caroline Lucas	PER	107-43
Brytyjczycy	Brytyjczyk	PER	86-86
Głos narodu	głos naród	EVT	77-38
People's Vote	People's Vote	EVT	59-19
Open Britain	Open Britain	ORG	91-5
Survation	Survation	ORG	69-88
Brexitem	Brexit	EVT	86-22
Johna Curtice'a	John Curtice	PER	51-40
Wielka Brytania	wielki Brytania	LOC	111-25
Wspólnotę	wspólnota	ORG	111-24
