pl-422
UE	UE	ORG	54-7
Wielkiej Brytanii	Wielki Brytania	LOC	111-17
Michela Barniera	Michel Barnier	PER	58-7
Zjednoczonym Królestwie	zjednoczyć królestwo	LOC	80-7
27	27	ORG	60-3
Trybunału Sprawiedliwości Unii Europejskiej	trybunał sprawiedliwość unia europejski	ORG	76-43
Wielka Brytania	wielki Brytania	LOC	111-25
PAP	PAP	ORG	59-58
Wspólnotę	wspólnota	ORG	111-24
Londynu	Londyn	LOC	100-25
unii	unia	ORG	54-8
Unii	unia	ORG	54-5
Brukseli	Bruksela	LOC	86-87
Zjednoczone Królestwo	Zjednoczone królestwo	LOC	80-13
Radzie UE	rada UE	ORG	95-27
Parlamencie Europejskim	parlament europejski	ORG	59-38
Brexitu	Brexit	EVT	86-22
David Davis	David Davis	PER	79-14
TSUE	TSUE	ORG	76-44
Unii Europejskiej	unia europejski	ORG	54-13
