pl-1145
Soros	Soros	PER	69-51
Unia Europejska	unia europejski	ORG	54-15
George Soros	George Soros	PER	77-6
Europejską Radą ds . zagranicznych	europejski rada do spraw . zagraniczny	ORG	53-101
Iranem	Iran	LOC	75-34
sojuszu transatlantyckiego	sojusze transatlantycki	ORG	69-197
Paryżu	Paryż	LOC	59-51
Europy	Europa	LOC	53-91
The Telegraph	The Telegraph	PRO	76-0
Europie	Europa	LOC	53-91
Unię Europejką	unia europejką	ORG	54-39
Europa	Europa	LOC	53-91
brexit	brexit	EVT	86-85
Europą	Europa	LOC	53-91
Stanami Zjednoczonymi	Stany Zjednoczone	LOC	69-59
Iranu	Iran	LOC	75-34
Donalda Trumpa	Donald Trump	PER	79-11
Unię Europejską	unia europejski	ORG	54-20
planu Marshalla	plan Marshall	PRO	59-185
Afryki	Afryka	LOC	66-52
