pl-1168
Discovery	Discovery	ORG	79-39
Londynu	Londyn	LOC	100-25
Warszawy	Warszawa	LOC	111-6
Brexit	brexit	EVT	86-31
Londynie	Londyn	LOC	100-25
Europie	Europa	LOC	53-91
Guardian	Guardian	PRO	77-1
Stanów	Stany	LOC	69-59
Amsterdamu	Amsterdam	LOC	66-48
Netflixa	Netflix	ORG	88-32
Polska	Polska	LOC	59-4
Polka	Polek	LOC	59-124
Katarzyna Kieli	Katarzyna Kielia	PER	72-39
Wielkiej Brytanii	Wielki Brytania	LOC	111-17
Skandynawii	Skandynawia	LOC	69-65
Europie Południowej	Europa Południowy	LOC	53-91
Środkowo - Wschodniej	środkowy - wschodni	LOC	74-7
Bliskim Wschodzie	Bliski Wschód	LOC	86-101
Afryce	Afryka	LOC	66-53
Scripps Networks Interactive	Scripps Networks Interactive	ORG	69-66
TVN	TVN	PRO	76-49
