pl-1582
Londyn	Londyn	LOC	100-21
Unii	unia	ORG	54-5
Galileo	Galileo	PRO	77-12
DEEU	DEEU	ORG	79-90
Davida Davisa	David Davis	PER	79-14
W . Brytanii	W . Brytania	LOC	111-41
Theresę May	Theresa May	PER	76-40
Unią	unia	ORG	54-9
W . Brytania	W . Brytania	LOC	111-41
brexicie	brexit	EVT	86-93
Londynie	Londyn	LOC	100-25
Falklandach	Falklandy	LOC	106-64
Zjednoczonego Królestwa	zjednoczyć królestwo	LOC	80-6
Brytyjczycy	Brytyjczyk	PER	86-86
Theresy May	Theresy May	PER	76-16
Komisją Europejską	komisja europejski	ORG	72-24
BBC	BBC	PRO	86-48
Brukseli	Bruksela	LOC	86-87
Adam Fleming	Adam Fleming	PER	66-141
Unia	unia	ORG	54-16
Komisji	komisja	ORG	72-1
Margaritis Schinas	Margaritis Schinas	PER	58-51
Komisja	komisja	ORG	72-1
PRS	PRS	PRO	59-76
UE	UE	ORG	54-7
publicznie regulowanego serwisu	publicznie regulować serwis	PRO	59-140
Ivan Rogers	Ivan Rogers	PER	75-15
brexitu	brexit	EVT	86-88
