pl-1065
Marek Magierowski	Marek Magierowski	PER	58-227
Polish Economic Forum	Polish Economice forum	EVT	59-199
Londynie	Londyn	LOC	100-25
polskiej	polski	LOC	59-7
Unii Europejskiej	unia europejski	ORG	54-13
Brexit	brexit	EVT	86-31
Danuta Hubner	Danuta Hubner	PER	79-35
Stanley Bill	Stanley Bill	PER	69-61
Uniwersytetu w Cambridge	uniwersytet w Cambridge	ORG	54-61
Magierowski	Magierowski	PER	58-21
Europy	Europa	LOC	53-91
UE	UE	ORG	54-7
Polski	Polska	LOC	59-5
Europie	Europa	LOC	53-91
Trójmorza	Trójmorze	ORG	76-90
Europie Środkowej	Europa Środkowy	LOC	53-91
Brexitu	Brexit	EVT	86-22
Wielką Brytanią	Wielki Brytania	LOC	111-17
Unią Europejską	unia europejski	ORG	54-17
Polsce	Polska	LOC	59-44
Zjednoczonym Królestwem	zjednoczyć królestwo	LOC	80-5
LSE SU Polish Economic Forum	LSE SU Polish Economice forum	EVT	100-67
LSE Polish Business Society	LSE Polish business Society	ORG	100-127
polskich	polski	PER	59-6
London School of Economics and Political Science	London School of Economics and Political Science	ORG	100-65
polska	polski	LOC	xxx
Biuro Rzecznika Prasowego	biuro rzecznik prasowy	ORG	86-267
Ministerstwo Spraw Zagranicznych	ministerstwo sprawa zagraniczny	ORG	58-0
