pl-1911
Brexit	brexit	EVT	86-30
Unii	unia	ORG	54-5
Londynu	Londyn	LOC	100-25
Unii Europejskiej	unia europejski	ORG	54-13
Wielkiej Brytanii	Wielki Brytania	LOC	111-17
Wspólnoty	wspólnota	ORG	111-24
UE	UE	ORG	54-7
Adolfa Hitlera	Adolf Hitler	PER	66-81
brexitem	brexit	EVT	86-94
brexitu	brexit	EVT	86-88
agencja Reutersa	agencja Reuters	ORG	66-72
Wielką Brytanię	Wielki Brytania	LOC	111-17
Głos narodu	głos naród	EVT	77-38
People's Vote	People's Vote	EVT	59-19
Partii Konserwatywnej	partia konserwatywny	ORG	59-52
Anna Soubry	Anna Soubry	PER	66-78
Partii Pracy	partia praca	ORG	59-35
David Lammy	David Lammy	PER	79-27
Liberalnych Demokratów	liberalny demokrata	ORG	100-12
Vince Cable	Vinka Cable	PER	98-13
Wielka Brytania	wielki Brytania	LOC	111-25
Survation	Survation	ORG	69-88
Brytyjczycy	Brytyjczyk	PER	86-86
Unią Europejską	unia europejski	ORG	54-17
Partia Konserwatywna	partia konserwatywny	ORG	59-52
Partia Pracy	partia praca	ORG	59-35
