pl-1177
Discovery	Discovery	ORG	79-39
TVN	TVN	PRO	76-49
Londynie	Londyn	LOC	100-25
Polski	Polska	LOC	59-5
Holandii	Holandia	LOC	94-11
Guardian	Guardian	PRO	77-1
Discovery Communications	Discovery Communications	ORG	79-39
Europie	Europa	LOC	53-91
brexitu	brexit	EVT	86-88
Wielka Brytania	wielki Brytania	LOC	111-25
Unię Europejską	unia europejski	ORG	54-20
Guardianie	Guardianin	PRO	77-19
Warszawę	Warszawa	LOC	111-6
Amsterdam	Amsterdam	LOC	66-48
Polki	Polka	LOC	59-57
Katarzyny Kieli	Katarzyna Kielia	PER	72-39
Bliskim Wschodzie	Bliski Wschód	LOC	86-101
Afryce	Afryka	LOC	66-53
Scripps Networks	Scripps Networks	ORG	69-66
Scripps Networks Interactive	Scripps Networks Interactive	ORG	69-66
Scrippsa	Scripps	ORG	69-66
Irlandii	Irlandia	LOC	75-21
