pl-683
Brexit	brexit	EVT	86-30
Londyn	Londyn	LOC	100-21
Brukseli	Bruksela	LOC	86-87
BuzzFeed	BuzzFeed	PRO	86-68
brexitu	brexit	EVT	86-88
Londynowi	Londyn	LOC	100-25
Brukselą	Bruksela	LOC	86-87
UE	UE	ORG	54-7
Trybunału Sprawiedliwości	trybunał sprawiedliwość	ORG	76-54
Kanadą	Kanada	LOC	72-14
Wielkiej Brytanii	Wielki Brytania	LOC	111-17
Światowej Organizacji Handlu	światowy organizacja handel	ORG	74-0
WTO	WTO	ORG	111-12
Wielka Brytania	wielki Brytania	LOC	111-25
Stanami Zjednoczonymi	Stany Zjednoczone	LOC	69-59
parlamencie	parlament	ORG	59-40
Brytyjczyk	Brytyjczyk	PER	86-86
Komisji Europejskiej	komisja europejski	ORG	72-24
Trybunale Sprawiedliwości	trybunał sprawiedliwość	ORG	76-166
Trybunale Obrachunkowym	trybunał obrachunkowy	ORG	76-83
Komitet Regionów	komitet region	ORG	72-56
Europejski Komitet Społeczno - Ekonomiczny	europejski komitet społeczny - ekonomiczny	ORG	53-109
Michel Barnier	Michel Barnier	PER	58-7
Brytyjczycy	Brytyjczyk	PER	86-86
brexicie	brexit	EVT	86-93
