pl-124
Ryanair	ryanair	ORG	95-34
Europie	Europa	LOC	53-91
Centralny Port Komunikacyjny	Centralny port komunikacyjny	LOC	107-37
Europy Środkowej	Europa Środkowy	LOC	53-91
Radomiu	Radom	LOC	95-72
Warszawy	Warszawa	LOC	111-6
Modlin	Modlin	LOC	58-207
Brexit	brexit	EVT	86-30
Jackiem Krawczykiem	Jacek Krawczyk	PER	51-66
Grupy Pracodawców Europejskiego Komitetu Ekonomiczno - Społecznego	grupa pracodawca europejski komitet ekonomiczny - społeczny	ORG	77-54
EESC	EESC	ORG	53-121
PLL LOT	PLL LOT	ORG	59-59
Irlandii	Irlandia	LOC	75-21
Wielkiej Brytanii	Wielki Brytania	LOC	111-17
Brexitu	Brexit	EVT	86-22
Brytyjczycy	Brytyjczyk	PER	86-86
Unii Europejskiej	unia europejski	ORG	54-13
Wspólnoty	wspólnota	ORG	111-24
Hiszpania	Hiszpania	LOC	94-19
Wysp	wyspa	LOC	111-19
Amerykanie	Amerykanin	PER	66-130
Heathrow	Heathrow	LOC	94-20
