pl-1758
Irlandii	Irlandia	LOC	75-21
brexit	brexit	EVT	86-85
Irlandii Płn .	Irlandia płnki_teryk .	LOC	75-32
Kłopoty	kłopot	EVT	72-59
Newry	Newry	LOC	88-50
Kłopotami	kłopot	EVT	72-59
the Troubles	the Troubles	EVT	76-72
porozumienie wielkopiątkowe	porozumienie wielkopiątkowy	PRO	59-36
Belfaście	Belfastie	LOC	86-115
Republiką Irlandii	republika Irlandia	LOC	95-19
Londyn	Londyn	LOC	100-21
Belfast	Belfast	LOC	86-115
Ciaran Shannon	Ciaran Shannon	PER	107-58
Alexandra Park	Alexander Park	LOC	66-80
Shannonowi	Shannon	PER	69-101
Shannon	Shannon	PER	69-101
Kłopotów	kłopot	EVT	72-59
Brian McKee	Brian McKee	PER	86-129
Houben Centre	Houben Centre	ORG	94-32
brexitu	brexit	EVT	86-88
porozumieniu wielkopiątkowemu	porozumienie wielkopiątkowy	PRO	59-37
Irlandią	Irlandia	LOC	75-24
Irlandią Płn .	Irlandia płnki_teryk .	LOC	75-30
brexicie	brexit	EVT	86-93
Dublinie	Dublin	LOC	79-22
Londynu	Londyn	LOC	100-25
Unią	unia	ORG	54-9
UE	UE	ORG	54-7
Dublinem	Dublin	LOC	79-22
Belfastem	Belfast	LOC	86-115
Brytyjczycy	Brytyjczyk	PER	86-86
Unii	unia	ORG	54-5
Brukseli	Bruksela	LOC	86-87
Theresy May	Theresy May	PER	76-16
Wlk . Brytanii	wlktonąt . Brytania	LOC	111-39
Belfastu	Belfast	LOC	86-115
John Lynch	John Lynch	PER	51-70
