pl-1895
Brexit	brexit	EVT	86-30
Brytyjczyków	Brytyjczyk	PER	86-86
Wielka Brytania	wielki Brytania	LOC	111-25
brexit	brexit	EVT	86-85
Renault Nissana	Renault Nissan	ORG	95-106
Carlos Ghosn	Carlos Ghosn	PER	107-65
Leaf	leaf	PRO	100-94
Nissana	Nissan	ORG	88-14
Infiniti Q30	Infiniti Q30	PRO	75-46
Sunderland	Sunderland	LOC	69-107
Infiniti	Infiniti	ORG	75-46
Q30	Q30	PRO	61-3
Polsce	Polska	LOC	59-44
Wielką Brytanię	Wielki Brytania	LOC	111-17
BMW	BMW	ORG	86-79
Mini	Mini	PRO	58-54
Rolls- - Royce	Rolls- - Royka	PRO	95-26
Niemcy	Niemiec	LOC	88-29
brexicie	brexit	EVT	86-93
Wielkiej Brytanii	Wielki Brytania	LOC	111-17
Financial Timesem	Financial Times	PRO	106-1
Stephan Freitsmuth	Stephan Freitsmuth	PER	69-104
UE	UE	ORG	54-7
Polski	Polska	LOC	59-5
Wielką Brytanią	Wielki Brytania	LOC	111-17
Automotive News Europe	Automotive news Europe	PRO	66-105
Brukselą	Bruksela	LOC	86-87
Mike Hawes	Mike Hawes	PER	58-247
Stowarzyszenia Producentów i Dilerów Motoryzacyjnych	stowarzyszenie producent i diler motoryzacyjny	ORG	69-198
Londynie	Londyn	LOC	100-25
Azjatami	Azjata	PER	66-135
Unią	unia	ORG	54-9
