pl-144
Unii Europejskiej	unia europejski	ORG	54-13
brexitu	brexit	EVT	86-88
Michel Barnier	Michel Barnier	PER	58-7
Wielkiej Brytanii	Wielki Brytania	LOC	111-17
Wspólnotą	wspólnota	ORG	111-24
Londynie	Londyn	LOC	100-25
Theresą May	Theresa May	PER	76-40
Davidem Davisem	David Davis	PER	79-14
UE.	UE.	ORG	xxx
unii	unia	ORG	xxx
UE	UE	ORG	54-7
Barnier	Barnier	PER	86-52
Irlandią	Irlandia	LOC	75-24
Irlandią Północną	Irlandia północny	LOC	75-26
Wspólnoty	wspólnota	ORG	111-24
Davis	Davis	PER	79-20
Wielka Brytania	wielki Brytania	LOC	111-25
umowy o wolnym handlu	umowa o wolny handel	PRO	54-21
Rady Europejskiej	rada europejski	ORG	95-22
Partii Konserwatywnej	partia konserwatywny	ORG	59-52
May	May	PER	58-34
Theresy May	Theresy May	PER	76-16
Amber Rudd	Amber Rudd	PER	66-10
Dominic Raab	Dominice Raab	PER	79-37
The Times	The Times	PRO	76-7
Downing Street	Downing Street	LOC	79-16
Wspólnotę	wspólnota	ORG	111-24
Agencja Reutera	agencja Reuter	ORG	66-72
Komisji Europejskiej	komisja europejski	ORG	72-24
Irlandii Północnej	Irlandia północny	LOC	75-22
Londynu	Londyn	LOC	100-25
