pl-622
Londynem	Londyn	LOC	100-3
Theresa May	Theres May	PER	76-40
Brukselą	Bruksela	LOC	86-87
Brytyjczycy	Brytyjczyk	PER	86-86
Unii	unia	ORG	54-5
Wspólnotą	wspólnota	ORG	111-24
Brexit	brexit	EVT	86-30
Die Welt	Die Welt	PRO	79-28
Tony Blair	Tony Blair	PER	76-33
Institute for Global Change	Institute forania_ńalna Global Change	ORG	75-67
Europie	Europa	LOC	53-91
Zjednoczonego Królestwa	zjednoczyć królestwo	LOC	80-6
Wielka Brytania	wielki Brytania	LOC	111-25
brexitu	brexit	EVT	86-88
Blair	Blair	PER	86-81
Agata Gostyńska	Agata Gostyńska	PER	66-82
Center for European Reform	Center for European reforma	ORG	107-50
CER	CER	ORG	107-51
torysi	torys	PER	76-41
Partia Pracy	partia praca	ORG	59-35
Jeremy'ego Corbyna	Jeremy Corbyna	PER	51-41
Gostyńska	Gostyńska	PER	77-51
Queen Mary University	Queen Mary University	ORG	61-0
Londynie	Londyn	LOC	100-25
Blaira	Blair	PER	86-81
Corbynowi	Corbyn	PER	107-20
Partii Pracy	partia praca	ORG	59-35
Liberalnych Demokratów	liberalny demokrata	ORG	100-12
torysów	torys	PER	76-41
laburzystów	laburzysta	PER	100-32
New Labour	New Labour	ORG	88-78
Tony'ego Blaira	Tony Blair	PER	76-34
Izby Gmin	izba gmin	ORG	75-37
Partii Konserwatywnej	partia konserwatywny	ORG	59-52
Kenneth Clarke	Kenneth Clarke	PER	72-45
Rz	Rz	PRO	95-31
Independenta	Independent	PRO	75-0
May	May	PER	58-243
Izbie Gmin	izba gmin	ORG	75-27
brexicie	brexit	EVT	86-93
Corbyn	Corbyn	PER	107-20
Unią	unia	ORG	54-9
Brukseli	Bruksela	LOC	86-87
Davida Camerona	David Cameron	PER	79-13
brexitem	brexit	EVT	86-94
