pl-1207
Brexicie	Brexita	EVT	86-22
Wielka Brytania	wielki Brytania	LOC	111-25
UE	UE	ORG	54-7
Unii	unia	ORG	54-5
Unii Europejskiej	unia europejski	ORG	54-13
Brexitu	Brexit	EVT	86-22
Davida Davisa	David Davis	PER	79-14
Sunday Times	Sunday Times	PRO	69-73
brexicie	brexit	EVT	86-93
Wielkiej Brytanii	Wielki Brytania	LOC	111-17
Brexit	brexit	EVT	86-30
Theresę May	Theresa May	PER	76-40
Wspólnoty	wspólnota	ORG	111-24
Dover	Dover	LOC	79-43
Kornwalia	Kornwalia	LOC	72-40
Szkocji	Szkocja	LOC	69-67
Sunday Timesa	Sunday Timesa	PRO	69-73
Timesa	Timesa	PRO	76-52
ministerstwa ds . Brexitu	ministerstwo do spraw . Brexit	ORG	58-2
Times	Times	PRO	76-51
Światową Organizację Handlu	światowy organizacja handel	ORG	74-0
WTO	WTO	ORG	111-12
Wspólnotę	wspólnota	ORG	111-24
PAP.	PAP.	ORG	59-58
