pl-1295
Polacy	Polak	PER	59-47
brexicie	brexit	EVT	86-93
Goerlitz	Goerlitz	LOC	77-29
Budziszyn	Budziszyn	LOC	86-110
Drezno	Drezno	LOC	79-77
Polaków	Polak	PER	59-45
Deutsche Welle	Deutsche Welle	PRO	79-7
Wielkiej Brytanii	Wielki Brytania	LOC	111-17
Niemcy	Niemiec	LOC	88-29
Odry	Odra	LOC	91-19
Instytutu Goethego	instytut Goethe	ORG	75-92
Katowic	Katowice	LOC	72-44
Zgorzelca	Zgorzelec	LOC	80-40
brexit	brexit	EVT	86-97
Polski	Polska	LOC	59-5
Polsce	Polska	LOC	59-44
Ukrainy	Ukraina	LOC	54-24
Saksonii	Saksonia	LOC	69-82
Odrą	Odra	LOC	91-19
Saksońskiego Urzędu Pracy	saksoński urząd praca	ORG	69-221
Dreźnie	Dreźnie	LOC	79-123
Birkenstock	Birkenstock	ORG	86-170
Maja - Moebel	Maj - Moebel	ORG	58-132
Wittchenau	Wittchenau	LOC	111-76
Borbet	Borbet	ORG	86-278
Kodersdorfu	Kodersdorf	LOC	72-212
ULT AG	ULT aga	ORG	54-48
Loebau	Loebau	LOC	100-71
Marion Seifert	Marion Seifert	PER	58-258
polskich	polski	LOC	59-6
