pl-1113
Unilever	Unilever	ORG	54-19
Londynie	Londyn	LOC	100-25
Brexitu	Brexit	EVT	86-22
Margarine Unie	Margarine Unie	ORG	58-100
Lever Brothers	Lever Brothers	ORG	100-54
Rotterdamie	Rotterdam	LOC	95-25
Unilever NV	Unilever NV	ORG	54-19
Unilever PLC	Unilever PLC	ORG	54-19
Bloomberg	Bloomberg	ORG	86-75
Rotterdamu	Rotterdam	LOC	95-25
Brexitem	Brexit	EVT	86-22
Graeme Pikethly	Graeme Pikethly	PER	77-18
Unilevera	Unilever	ORG	54-19
Holandii	Holandia	LOC	94-11
Wielkiej Brytanii	Wielki Brytania	LOC	111-17
Zjednoczonym Królestwie	zjednoczyć królestwo	LOC	80-7
Lipton	Lipton	ORG	100-60
Knorr	Knorr	ORG	72-149
Wyspach	wyspa	LOC	111-19
Paul Polman	Paul Polman	PER	59-110
Holendrem	Holender	PER	94-15
Królestwa Niderlandów	królestwo Niderlandy	LOC	72-194
Mark Rutte	Mark Rutte	PER	58-27
Polsce	Polska	LOC	59-44
