pl-1068
Niemiecki	niemiecki	LOC	88-25
Londynem	Londyn	LOC	100-3
BDI	BDI	ORG	86-96
VDMA	VDMA	ORG	98-22
brexitem	brexit	EVT	86-94
unii	unia	ORG	54-8
Joachim Lang	Joachim Lang	PER	51-23
brexit	brexit	EVT	86-85
Wielkiej Brytanii	Wielki Brytania	LOC	111-17
brexicie	brexit	EVT	86-93
UE	UE	ORG	54-7
Wielką Brytanią	Wielki Brytania	LOC	111-17
niemieccy	niemiecki	LOC	88-25
Thilo Brodtmann	Thilo Brodtmann	PER	76-151
VDMA.	VDMA.	ORG	98-22
Wielka Brytania	wielki Brytania	LOC	111-25
Niemiec	Niemcy	LOC	88-27
Angeli Merkel	Angela Merkel	PER	66-41
brexitu	brexit	EVT	86-88
Parlament Europejski	parlament europejski	ORG	59-38
ETS	ETS	ORG	53-24
Trybunału Sprawiedliwości Unii Europejskiej	trybunał sprawiedliwość unia europejski	ORG	76-43
Parlamentu Europejskiego	parlament europejski	ORG	59-38
Norwegia	Norwegia	LOC	88-28
Europejskiego Obszaru Gospodarczego	europejski obszar gospodarczy	ORG	53-25
Unią	unia	ORG	54-9
Unii	unia	ORG	54-5
Komisji Europejskiej	komisja europejski	ORG	72-24
Daily Telegraph	Daily Telegraph	PRO	79-8
Financial Times	Financial Times	PRO	106-1
Bruksela	Bruksela	LOC	86-87
Brytyjczyków	Brytyjczyk	PER	86-86
Wielką Brytania	Wielki Brytania	LOC	111-17
Londynowi	Londyn	LOC	100-25
Brytyjczycy	Brytyjczyk	PER	86-86
