pl-194
Wielka Brytania	wielki Brytania	LOC	111-25
Wspólnocie	wspólnota	ORG	111-24
Brexicie	Brexita	EVT	86-22
Parlamentu Europejskiego	parlament europejski	ORG	59-38
Unię Europejską	unia europejski	ORG	54-20
Europejskiego Trybunału Sprawiedliwości	europejski trybunał sprawiedliwość	ORG	53-43
Theresy May	Theresy May	PER	76-16
Brukseli	Bruksela	LOC	86-87
parlamentu brytyjskiego	parlament brytyjski	ORG	59-39
Unii	unia	ORG	54-5
torysów	torys	PER	76-41
Independent	Independent	PRO	75-0
Philippe Lamberts	Philippe Lamberts	PER	59-85
Zjednoczone Królestwo	Zjednoczone królestwo	LOC	80-1
Radzie Europejskiej	rada europejski	ORG	95-40
Norwegii	Norwegia	LOC	88-28
Unii Europejskiej	unia europejski	ORG	54-13
Lamberts	Lamberts	PER	100-35
Brytyjczyków	Brytyjczyk	PER	86-86
Brexit	brexit	EVT	86-30
