pl-520
KE	KE	ORG	72-127
UE	UE	ORG	54-7
Wielkiej Brytanii	Wielki Brytania	LOC	111-17
Theresy May	Theresy May	PER	76-16
Brexicie	Brexita	EVT	86-22
ShutterStock	ShutterStock	PRO	69-115
Brukseli	Bruksela	LOC	86-87
Margaritis Schinas	Margaritis Schinas	PER	58-51
Schinas	Schinas	PER	69-108
Komisja Europejska	komisja europejski	ORG	72-24
Rady UE.	rada UE.	ORG	xxx
PAP	PAP	ORG	59-58
Chinach	Chiny	LOC	107-29
May	May	PER	58-34
Wspólnoty	wspólnota	ORG	111-24
Wielką Brytanię	Wielki Brytania	LOC	111-17
Zjednoczone Królestwo	Zjednoczone królestwo	LOC	80-1
Brexitu	Brexit	EVT	86-22
Polski	Polska	LOC	59-5
Konrad Szymański	Konrad Szymański	PER	72-43
Polaków	Polak	PER	59-45
polskich	polski	LOC	59-6
Polska	Polska	LOC	59-4
Wielka Brytania	wielki Brytania	LOC	111-25
Szymański	Szymański	PER	69-64
