pl-1993
Donald Tusk	Donald Tusk	PER	79-12
Władimira Putina	Władimir Putin	PER	111-32
Rosji	Rosja	LOC	95-37
Władimir	Władimir	PER	111-32
Zachodu	zachód	LOC	80-15
Rosją	Rosja	LOC	95-38
Ukrainy	Ukraina	LOC	54-24
Krymu	Krym	LOC	72-60
Syrii	Syria	LOC	69-97
Siergieja Skripala	Siergiej Skripal	PER	69-44
Putina	Putin	PER	59-69
Donald Trump	Donald Trump	PER	79-11
USA	USA	LOC	54-2
Junckera	Juncker	PER	51-20
Putinowi	Putin	PER	59-69
Siergiej Skripal	Siergiej Skripal	PER	69-44
GRU	GRU	ORG	77-24
MI6	MI6	ORG	58-57
Rosję	Rosja	LOC	95-32
brexitu	brexit	EVT	86-88
brexit	brexit	EVT	86-85
Rady Europejskiej	rada europejski	ORG	95-22
Wielkiej Brytanii	Wielki Brytania	LOC	111-17
Wspólnoty	wspólnota	ORG	111-24
Brukseli	Bruksela	LOC	86-87
Twitterze	twitter	PRO	76-15
Tusk	Tusk	PER	76-27
Polakami	Polak	PER	59-66
Wlk . Brytanii	wlktonąt . Brytania	LOC	111-39
Londynu	Londyn	LOC	100-25
Europejczyków	Europejczyk	PER	53-31
Polaków	Polak	PER	59-45
Wyspy	Wyspa	LOC	111-18
brexitem	brexit	EVT	86-94
