pl-657
Brexit	brexit	EVT	86-30
Wielka Brytania	wielki Brytania	LOC	111-25
Unię Europejską	unia europejski	ORG	54-20
brexit	brexit	EVT	86-85
polskich	polski	LOC	59-6
Polski	Polska	LOC	59-5
polskiej	polski	LOC	59-7
UE	UE	ORG	54-7
Wielkiej Brytanii	Wielki Brytania	LOC	111-17
polska	polski	LOC	59-10
polskie	polski	LOC	59-7
brexitu	brexit	EVT	86-88
City	City	LOC	107-19
Unii	unia	ORG	54-5
Frankfurtu	Frankfurt	LOC	106-19
Niemcy	Niemiec	LOC	88-29
Polska	Polska	LOC	59-4
Przemysław Barbrich	Przemysław Barbrich	PER	59-187
Związku Banków Polskich	związek bank polski	ORG	80-55
Unią Europejską	unia europejski	ORG	54-17
Londyn	Londyn	LOC	100-21
Bruksela	Bruksela	LOC	86-87
Komisja Europejska	komisja europejski	ORG	72-24
Zjednoczonego Królestwa	zjednoczyć królestwo	LOC	80-6
Marek Bielawski	Marek Bielawski	PER	58-24
KPMG	KPMG	ORG	72-22
