pl-1401
Niemcy	Niemiec	PER	88-29
Skribala	Skribal	PER	69-91
UE	UE	ORG	54-7
Wlk . Brytanii	wlktonąt . Brytania	LOC	111-39
Rosji	Rosja	LOC	95-37
Europa	Europa	LOC	53-91
Wolfgang Schäuble	Wolfgang Schäuble	PER	111-52
Brytyjczycy	Brytyjczyk	PER	86-86
UE.	UE.	ORG	xxx
Schäuble	Schäuble	PER	69-92
brexitu	brexit	EVT	86-88
Bundestagu	Bundestag	ORG	86-270
Wlk . Brytania	wlktonąt . Brytania	LOC	111-39
Unii Europejskiej	unia europejski	ORG	54-13
Funke	Funke	ORG	106-28
Niemiecka	niemiecki	LOC	xxx
Sergeja Skripala	Sergej Skripal	PER	69-43
Salisbury	Salisbury	LOC	69-45
Moskwę	Moskwa	LOC	58-16
Skripala	Skripal	PER	69-42
NATO	NATO	ORG	88-13
Wlk . Brytanię	wlktonąt . Brytania	LOC	111-39
Francja	Francja	LOC	106-23
Stany Zjednoczone	Stany Zjednoczone	LOC	69-59
Barbara Cöllen	Barbara Cöllen	PER	86-113
dpa	dpa	ORG	79-50
