pl-1397
Christopher Wylie	Christopher Wylie	PER	107-14
Cambridge Analytica	Cambridge Analytica	ORG	107-4
CA	CA	ORG	107-41
brexitu	brexit	EVT	86-88
Vote Leave	Vote Leave	ORG	98-11
Unii	unia	ORG	54-5
Wylie	Wylie	PER	111-14
brytyjskim parlamencie	brytyjski parlament	ORG	86-32
BeLeave	BeLeave	ORG	86-84
Aggregate IQ	Aggregate IQ	ORG	66-23
Facebooka	facebook	PRO	106-4
USA	USA	LOC	54-2
Veterans for Britain	Veterans forania_ńalna Britain	ORG	98-23
Cambridge Analyticą	Cambridge Analytika	ORG	107-4
Wyliego	wylga	PER	111-15
Nigerii	Nigeria	LOC	88-41
Polak	Polak	PER	59-45
Michał Kosiński	Michał Kosiński	PER	58-38
Michałowi Kosińskiemu	Michał Kosiński	PER	58-38
Davidem Stillwellem	David Stillwell	PER	79-76
myPersonality	mypersonalita	PRO	58-140
Kosiński	Kosiński	PER	72-38
Palantirem	Palantir	ORG	59-71
Kanadyjczyk	Kanadyjczyk	PER	72-16
Palantir	Palantir	ORG	59-71
CIA	CIA	ORG	107-49
Peter Thiel	Peter Thiel	PER	59-182
FBI	FBI	ORG	106-46
Pentagon	pentagon	ORG	59-152
Palantira	Palantira	ORG	59-71
NYT	NYT	PRO	88-12
Alfredas Chmieliauskas	Alfredas Chmieliauskas	PER	66-191
Chmieliauskas	Chmieliauskas	PER	107-83
Christopherem Wylie	Christopher Wylie	PER	107-14
SCL Group	SCL Group	ORG	69-23
Meksyku	Meksyk	LOC	58-6
Kenii	Kenia	LOC	72-49
Brazylii	Brazylia	LOC	86-246
Malezji	Malezja	LOC	58-83
Indie	Inda	LOC	75-120
Marka Zuckerberga	Marek Zuckerberg	PER	58-26
Christophera Wyliego	Christopher Wyli	PER	107-14
Mark Zuckerberg	Mark Zuckerberg	PER	58-26
Kongresem	kongres	ORG	72-50
brytyjskiego parlamentu	brytyjski parlament	ORG	86-32
CNN	CNN	PRO	107-1
Facebook	Facebook	ORG	106-4
