pl-128
Polska	Polska	LOC	59-4
Airbusa A380	Airbus A380	PRO	66-31
Airbus A380	Airbus A380	PRO	66-31
Warszawy	Warszawa	LOC	111-6
Polski	polski	LOC	59-10
Thierry Aucoc	Thierry Aucoc	PER	76-56
Europę	Europa	LOC	53-91
Rosję	Rosja	LOC	95-32
Emirates	Emirates	ORG	53-33
Business Insider Polska	business Insider Polska	PRO	86-9
Brexit	brexit	EVT	86-30
Zjednoczonych Emiratów Arabskich	Zjednoczone Emirat Arabski	LOC	80-35
Warszawą	Warszawa	LOC	111-6
Centralnego Portu Komunikacyjnego	centralny port komunikacyjny	LOC	107-112
Marcin Walków	Marcin Walek	PER	58-143
Europe	Europe	LOC	53-95
Russian Federation	Russian Federation	LOC	95-87
Chiny	china	LOC	107-29
Boeinga 777	Boeinga 777	PRO	86-108
A380	A380	PRO	66-32
Norwegian	Norwegian	ORG	88-38
Dreamlinery	Dreamlinery	PRO	79-128
Amerykę Południową	Ameryka południowy	LOC	66-51
Bangkoku	Bangkok	LOC	86-234
Dubajem	Dubajem	LOC	79-44
B777	b777	PRO	86-109
Polsce	Polska	LOC	59-44
Polacy	Polak	PER	59-47
Dubaju	Dubaj	LOC	79-44
Chińczycy	Chińczyk	PER	107-68
Australijczycy	Australijczyk	PER	66-108
Japończycy	Japończyk	PER	51-96
Dubaj	Dubaj	LOC	79-44
Lotnisko Chopina	lotnisko Chopin	LOC	100-103
Centralny Port Komunikacyjny	Centralny port komunikacyjny	LOC	107-37
Dubai International Airport	Dubai International Airport	LOC	79-71
Hongkongu	Hongkong	LOC	94-21
Stambule	Stambule	LOC	69-157
Europie	Europa	LOC	53-91
Unii Europejskiej	unia europejski	ORG	54-13
Londynu	Londyn	LOC	100-25
Wielkiej Brytanii	Wielki Brytania	LOC	111-17
Brexicie	Brexita	EVT	86-22
PLL LOT	PLL LOT	ORG	59-59
LOT	LOT	ORG	100-56
Niemczech	Niemcy	LOC	88-33
Francji	Francja	LOC	106-23
Lufthansie	Lufthans	ORG	100-106
Air France	Air Franka	ORG	66-131
Flydubai	Flydubai	ORG	106-71
JetBlue	JetBlue	ORG	51-92
USA	USA	LOC	54-2
Krakowa	Kraków	LOC	72-28
Rosji	Rosja	LOC	95-37
Jugosławii	Jugosławia	LOC	51-115
flydubai	flyduba	ORG	106-25
Praga	Praga	LOC	59-160
Moskwa	Moskwa	LOC	58-16
B737	B737	PRO	86-315
Brukseli	Bruksela	LOC	86-87
Genewie	Genewo	LOC	77-26
Tunezji	Tunezja	LOC	76-29
Francuzem	Francuz	PER	106-13
Bliskim Wschodzie	Bliski Wschód	LOC	86-101
Egipcie	Egipt	LOC	53-94
Zurychu	Zurych	LOC	80-47
Johannesburgu	Johannesburg	LOC	51-95
Buenos Aires	Buenos Aires	LOC	86-296
Nowym Jorku	Nowy Jork	LOC	88-11
Emiratczyk	Emiratczyk	PER	53-113
Szkot	Szkot	PER	69-213
Niemiec	Niemcy	PER	88-27
Indonezyjczyk	Indonezyjczyk	PER	75-116
Brytyjczyk	Brytyjczyk	PER	86-86
Mały Książę	mały książę	PRO	58-286
Antoine’a de Saint- Exupéry ’ego	Antoinex de Saint- Exupéry Kego	PER	66-175
Exupéry	Exupéry	PER	53-180
Odyseja kosmiczna 200 1	odysej kosmiczny 200 1	PRO	91-55
Les choses de la vie	Les choses de la tan	PRO	100-80
Okruchy życia	okruch życie	PRO	91-69
