cs-51
Asia Bibiová	Asia Bibiová	PER	PER-Asia-Bibi
BBC	BBC	PRO	PRO-BBC
Bibiová	Bibiová	PER	PER-Asia-Bibi
Džamala Chášukdžího	Džamál Chášukdží	PER	PER-Jamal-Khashoggi
Edward Snowden	Edward Snowden	PER	PER-Edward-Snowden
Emmanuela Macrona	Emmanuel Macron	PER	PER-Emmanuel-Macron
Istanbulu	Istanbul	LOC	GPE-Istanbul
Ivan Elischer	Ivan Elischer	PER	PER-Ivan-Elischer
Mohameda	Mohamed	PER	PER-Prophet-Muhammad
NSA	NSA	ORG	ORG-National-Security-Agency-NSA-USA
NSO Group	NSO Group	ORG	ORG-ADS-Group-Limited
Národní agentury pro bezpečnost	Národní agentura pro bezpečnost	ORG	ORG-National-Security-Agency-NSA-USA
Philippe Pétain	Philippe Pétain	PER	PER-Philippe-Petain
Pétain	Pétain	PER	PER-Philippe-Petain
Saúdské Arábii	Saúdská Arábie	LOC	GPE-Saudi-Arabia
USA	USA	LOC	GPE-USA
druhé světové války	druhá světová válka	EVT	EVT-World-War-II
první světové války	první světová válka	EVT	EVT-World-War-I
Česká televize	Česká televize	PRO	PRO-Czech-Television-Ceska-Televize
