cs-86
Asiu Bibiovou	Asia Bibiová	PER	PER-Asia-Bibi
BBC News	BBC News	PRO	PRO-BBC-website
Bibiová	Bibiová	PER	PER-Asia-Bibi
Bibiové	Bibiová	PER	PER-Asia-Bibi
Chádim Husajn Rizví	Chádim Husajn Rizví	PER	PER-Khadim-Hussain-Rizvi
Chádima Husajna Rizvího	Chádim Husajn Rizví	PER	PER-Khadim-Hussain-Rizvi
Islámábád	Islámábád	LOC	GPE-Islamabad
Islámábádu	Islámábád	LOC	GPE-Islamabad
Mohameda	Mohamed	PER	PER-Prophet-Muhammad
Mohsin Raza	Mohsin Raza	PER	PER-Mohsin-Raza
Paňdžáb	Paňdžáb	LOC	GPE-Punjab
Pákistánu	Pákistán	LOC	GPE-Pakistan
Reuters	Reuters	ORG	ORG-Reuters
Rizví	Rizví	PER	PER-Khadim-Hussain-Rizvi
Rizvího	Rizví	PER	PER-Khadim-Hussain-Rizvi
Rávalpindí	Rávalpindí	LOC	GPE-Rawalpindi
Tehríke Labajk	Tehríke Labajk	ORG	ORG-Tehreek-e-Labbaik-Pakistan
Táhir Mahmúd	Táhir Mahmúd	PER	PER-Tahir-Mahmud
ČTK	ČTK	ORG	ORG-CTK
