232
USA	USA	LOC	1032-0
Biden	Biden	PER	791-0
Wisconsin	Wisconsin	LOC	948-0
Kamil Turecki	Kamil Turecki	PER	1039-9
Donald Trump	Donald Trump	PER	958-0
Joe Biden	Joe Biden	PER	1010-0
demokratów	demokrata	PER	958-4
republikanów	republikanin	PER	987-0
Trump	Trump	PER	829-0
Demokraty	Demokrata	ORG	959-1
Arizonie	Arizon	LOC	874-1
Pensylwanii	Pensylwania	LOC	917-0
Nevady	Nevady	LOC	902-9
Bidena	Biden	PER	791-0
Nevadzie	Nevad	LOC	902-10
Michigan	Michigan	LOC	929-0
Maine	Maine	LOC	929-11
Demokratów	demokrata	ORG	959-1
Hillary Clinton	Hillary Clinton	PER	910-2
2016	2016	PRO	1028-5
Republikanin	republikanin	PER	987-0
Barack Obama	Barack Obama	PER	791-3
Demokrata	Demokrata	ORG	959-1
Mitta Romneya	Mitta Romney	PER	929-3
Johna McCaina	John McCain	PER	1010-2
John Kerry	John Kerry	PER	1010-3
Georga W . Busha	Georga W . Busha	PER	863-0
Al Gore-	aluminium Gore-	PER	874-8
Georga W . Bush	Georga W . Bush	PER	863-0
