211
Dixville Notch	Dixville Notch	PER	957-4
Millsfield	Millsfield	LOC	928-4
Amerykanie	Amerykanin	PER	874-0
Izby Reprezentantów	izba reprezentant	ORG	887-0
Izbą Reprezentantów	izba reprezentant	ORG	887-0
demokratów	demokrata	PER	957-2
Senatem	senat	ORG	814-1
republikanie	republikanin	PER	986-0
Karolinie Północnej	Karolin północny	LOC	1038-2
Południowej	Południowy	LOC	917-6
Georgii	Georgia	LOC	863-1
Arizonie	Arizon	LOC	874-1
Colorado	Colorado	LOC	893-5
Montanie	Montan	LOC	928-5
Nebraska	Nebraska	LOC	902-0
Maine	Maine	LOC	928-3
Nebrasce	Nebraska	LOC	902-1
Kalifornia	Kalifornia	LOC	1039-0
Idaho	Idaho	LOC	887-4
USA	USA	LOC	1032-0
Donald Trump	Donald Trump	PER	957-0
Nowy Jork	nowy Jork	LOC	902-2
demokratom	demokrata	PER	957-5
Karolina Południowa	Karolina Południow	LOC	1039-1
republikanom	republikanin	PER	986-0
Floryda	Floryda	LOC	977-0
Pensylwania	Pensylwania	LOC	917-0
Michigan	Michigan	LOC	928-0
Wisconsin	Wisconsin	LOC	947-0
Karolina Północna	Karolina Północny	LOC	1039-2
Iowa	Iowa	LOC	887-1
Arizona	Arizon	LOC	874-1
Georgia	Georgia	LOC	863-1
Teksas	Teksas	LOC	828-1
Ohio	Ohio	LOC	1003-2
