82
Kolegium Elektorów	kolegium elektor	ORG	1040-1
USA	USA	LOC	1034-0
Zjednoczonych	Zjednoczone	LOC	1052-5
Kolegium Elektorów Stanów Zjednoczonych	kolegium elektor Stany Zjednoczone	ORG	1040-13
Maine	Maine	LOC	930-25
Nebraska	Nebraska	LOC	903-15
Kolegium Elektorów Stanów Zjednoczonych USA	kolegium elektor Stany Zjednoczone USA	ORG	1040-22
Kolegium Elektorów USA	kolegium elektor USA	ORG	1040-14
Izba Reprezentantów	izba reprezentant	ORG	888-0
Nowym Jorku	Nowy Jork	LOC	903-1
Demokraci	demokrata	PER	961-7
Indianie	Indianin	LOC	888-15
Republikanie	republikanin	ORG	987-0
Florydę	Floryda	LOC	978-0
Pensylwanię	Pensylwania	LOC	919-0
Arizonę	Arizona	LOC	875-2
Wisconsin	Wisconsin	LOC	949-1
Michigan	Michigan	LOC	930-0
Iowa	Iowa	LOC	888-26
Florydy	Floryda	LOC	978-0
Demokratom	demokrata	ORG	961-6
Pasa Rdzy	pas rdza	ORG	919-12
Demokratów	demokrata	ORG	961-1
Donalda Trumpa	Donald Trump	PER	961-0
