179
Biały Dom	biały dom	LOC	790-1
Kolegium Elektorskim	kolegium elektorski	ORG	1038-4
Kalifornia Idaho	Kalifornia Idaho	LOC	1038-6
Nowy Jork	nowy Jork	LOC	901-6
Demokratom	demokrata	ORG	956-0
Karolina Południowa	Karolina Południow	LOC	1038-1
Republikanom	republikanin	PER	986-0
Floryda	Floryda	LOC	976-1
Pensylwania	Pensylwania	LOC	916-2
Michigan	Michigan	LOC	928-0
Wisconsin	Wisconsin	LOC	947-0
Karolina Północna	Karolina Północny	LOC	1038-0
Iowa	Iowa	LOC	887-1
Arizona	Arizon	LOC	873-5
Georgia	Georgia	LOC	863-1
Teksas	Teksas	LOC	827-1
Ohio	Ohio	LOC	1003-2
Florydzie	Floryda	LOC	976-1
RealClearPolitics	RealClearPolitics	ORG	986-1
Bidena	Biden	PER	790-0
Florydy	Floryda	LOC	976-1
Trumpowi	Trump	PER	827-0
Republikanin	republikanin	PER	986-0
USA	USA	LOC	1031-0
Amerykanów	Amerykanin	PER	873-1
Partii Demokratycznej	partia demokratyczny	ORG	916-4
Pasa Rdzy	pas rdza	LOC	916-7
Wielkich Jezior	wielki jezioro	LOC	947-11
Demokratów	demokrata	PER	956-0
Trump	Trump	PER	827-0
Hillary Clinton	Hillary Clinton	PER	910-2
Pensylwanii	Pensylwania	LOC	916-2
Trumpa	Trump	PER	827-0
Pasie Rdzy	pas rdza	ORG	916-7
Republikanów	republikanin	PER	986-0
Biden	Biden	PER	790-0
Clinton	Clinton	PER	893-2
Steve Kornacki	Steve Kornacki	PER	813-12
MSNBC	MSNBC	PRO	928-12
Karolinie Północnej	Karolin północny	LOC	1038-2
Ameryki	Ameryka	LOC	873-0
Bidenem	Biden	PER	790-0
Karoliną Północną Georgią	Karolina północny Georgia	LOC	1038-19
Arizonę	Arizona	LOC	873-3
Georgii	Georgia	LOC	863-1
Teksasie	Teksas	LOC	827-1
Arizonie	Arizon	LOC	873-5
Demokraci	demokrata	PER	956-1
Izby Reprezentantów	izba reprezentant	ORG	887-0
