5
USA	USA	LOC	1033-0
Trump	Trump	PER	830-0
Trumpa	Trump	PER	830-0
Twitterze	twitter	PRO	830-1
Arizonę	Arizona	LOC	875-2
Nevadę	Nevada	LOC	902-8
Pensylwanię	Pensylwania	LOC	918-1
Karolinę Północną	Karolina północny	LOC	1039-2
Georgię	Georgia	LOC	864-0
Pensylwanii	Pensylwania	LOC	918-1
Demokratów	demokrata	ORG	961-1
Donalda Trumpa	Donald Trump	PER	961-0
Dystrykcie Kolumbii	Dystrykt Kolumbia	LOC	961-2
Biden	Biden	PER	792-2
Wisconsin	Wisconsin	LOC	949-1
Michigan	Michigan	LOC	930-0
Joe Biden	Joe Biden	PER	1011-0
Wilmington	Wilmington	LOC	949-9
Delaware	Delaware	LOC	961-4
Biały Dom	biały dom	LOC	792-1
Georgii	Georgia	LOC	864-0
Donald Trump;	Donald Trump;	PER	961-0
