103
Swing States	swing States	PRO	813-5
Pensylwania	Pensylwania	LOC	915-2
Georgia	Georgia	LOC	863-1
Karolina Północna	Karolina Północny	LOC	1037-28
Wisconsin	Wisconsin	LOC	946-2
Konrad Mzyk	Konrad Mzyk	PER	1037-7
2016	2016	PRO	1028-6
Donald Trump	Donald Trump	PER	955-0
Republikanin	republikanin	PER	985-3
Hillary Clinton	Hillary Clinton	PER	910-2
Barack Obama	Barack Obama	PER	789-2
Demokrata	Demokrata	ORG	955-3
Mitta Romneya	Mitta Romney	PER	927-6
Johna McCaina	John McCain	PER	1008-2
John Kerry	John Kerry	PER	1008-12
Georga W . Busha	Georga W . Busha	PER	863-0
Al Gore-	aluminium Gore-	PER	873-9
Georga W . Bush	Georga W . Bush	PER	863-0
Białego Domu	biały dom	LOC	789-0
Florydą	Floryda	LOC	976-1
Republikanów	republikanin	PER	985-3
Pensylwanii	Pensylwania	LOC	915-1
George H . W . Bush	George H . W . Bush	PER	863-6
Michaela Dukakisa	Michael Dukakis	PER	927-21
Filadelfii	Filadelfia	LOC	976-3
Harrisburg	Harrisburg	LOC	910-9
Lancaster	Lancaster	LOC	1049-21
Reading	Reading	LOC	985-11
Scranton	Scranton	LOC	813-18
Joe Biden	Joe Biden	PER	1008-0
Pittsburghu	Pittsburgh	LOC	915-3
Ohio	Ohio	LOC	1003-2
Demokraci	demokrata	PER	955-1
Michael Nutter	Michael Nutter	PER	927-22
Bidenowi	Biden	PER	789-1
Trump	Trump	PER	826-0
Latynosów	Latynosy	PER	1049-2
Afroamerykanów	afroamerykan	PER	873-8
