173
Biden	Biden	PER	790-0
Teksasu	Teksasu	LOC	827-1
USA	USA	LOC	1031-0
RealClearPolitics	RealClearPolitics	PRO	986-1
Republikaninowi	republikanin	PER	986-0
The Dallas Morning News	The Dallas Morning news	PRO	827-2
Uniwersytetu Teksańskiego w Austin	uniwersytet teksański w Austin	ORG	1031-1
Demokrata	demokrata	ORG	956-0
Trumpa	Trump	PER	827-0
Teksasie	Teksas	LOC	827-1
Białego Domu	biały dom	LOC	790-1
Teksas	Teksas	LOC	827-1
Arizona	Arizon	LOC	873-5
Floryda	Floryda	LOC	976-1
Georgia	Georgia	LOC	863-1
Michigan	Michigan	LOC	928-0
Minnesota	Minnesota	LOC	928-7
Karolina Północna	Karolina Północny	LOC	1038-0
Pensylwania	Pensylwania	LOC	916-2
Wisconsin	Wisconsin	LOC	947-0
Kalifornii	Kalifornia	LOC	1038-3
Demokraty	Demokrata	ORG	956-0
The Hill	The Hill	PRO	827-3
Republikanów	republikanin	PER	986-0
Republikanin	republikanin	PER	986-0
Ted Cruz	Ted Cruz	PER	827-4
Demokratą	Demokrata	ORG	956-0
Beto O'Rourke'iem	Beto O'Rourke'	PER	790-6
Trump	Trump	PER	827-0
