104
USA	USA	LOC	1030-0
U . S . Elections Project	u . S . Elections Project	ORG	1030-2
Amerykanów	Amerykanin	PER	873-1
Kalifornia	Kalifornia	LOC	1037-25
Teksas	Teksas	LOC	826-1
Florydzie	Floryda	LOC	976-1
Agencja Reutera	agencja Reuter	ORG	873-2
Kolegium Elektorów Stanów Zjednoczonych	kolegium elektor Stany Zjednoczone	ORG	1037-22
Donald Trump	Donald Trump	PER	955-0
Chicago	Chicago	LOC	893-8
Republikanów	republikanin	PER	985-3
Mike'a Pence'a	Mike Pence	PER	927-3
Trumpa America	Trump America	PER	826-7
Amerykę	Ameryka	LOC	873-0
Joe Biden	Joe Biden	PER	1008-0
Demokratów	demokrata	ORG	956-0
Kamala Harris	Kamal Harris	PER	1037-18
Demokraty	Demokrata	ORG	956-0
Battle for the soul of nation	Battle forania_ńalna the soul of nation	EVT	789-8
Walka o duszę narodu	walka o dusza naród	EVT	946-8
Stanów Zjednoczonych	Stany Zjednoczone	LOC	813-7
Amerykanie	Amerykanin	PER	873-1
Kolegium Elektorów Stanów Zjednoczonych USA	kolegium elektor Stany Zjednoczone USA	ORG	1037-8
Kolegium Elektorów USA	kolegium elektor USA	ORG	1037-24
Izba Reprezentantów	izba reprezentant	ORG	887-0
Nowym Jorku	Nowy Jork	LOC	901-6
Demokraci	demokrata	ORG	956-1
Karolinie Południowej	Karolin Południowy	LOC	1037-9
RealClearPolitics	RealClearPolitics	PRO	986-1
Florydę	Floryda	LOC	976-1
Pensylwanię	Pensylwania	LOC	915-17
Arizonę	Arizona	LOC	873-3
Wisconsin	Wisconsin	LOC	946-2
Michigan	Michigan	LOC	927-2
Iowa	Iowa	LOC	887-1
Florydy	Floryda	LOC	976-1
Demokratom	demokrata	ORG	956-0
Joe Bidena	Joe Biden	PER	1009-0
Pasa Rdzy	pas rdza	ORG	915-9
Donalda Trumpa	Donald Trump	PER	956-2
MSNBC	MSNBC	PRO	927-14
Pensylwanii	Pensylwania	LOC	915-1
Kongresu	kongres	ORG	1037-1
Stanach Zjednoczonych	Stany Zjednoczone	LOC	813-7
