34
Cejrowski	Cejrowski	PER	894-3
USA	USA	LOC	1033-0
Stanach Zjednoczonych	Stany Zjednoczone	LOC	814-0
Trump	Trump	PER	830-0
Florydzie	Floryda	LOC	977-0
Wisconsin	Wisconsin	LOC	948-0
Michigan	Michigan	LOC	929-0
Joe Biden	Joe Biden	PER	1010-0
Florydy	Floryda	LOC	977-0
Ohio	Ohio	LOC	1004-0
Biden	Biden	PER	792-2
Minnesotę	Minnesota	LOC	929-2
Arizonie	Arizon	LOC	875-0
Onet	Onet	PER	1004-8
Demokraci	demokrata	ORG	960-4
Wojciech Cejrowski	Wojciech Cejrowski	PER	948-4
Twitterze	twitter	PRO	830-1
#	#	PER	xxx
Bidena	Biden	PER	792-2
Trumpa	Trump	PER	830-0
