208
Amerykanie	Amerykanin	PER	873-1
Joe Biden	Joe Biden	PER	1009-0
Donald Trump	Donald Trump	PER	957-0
Dixville Notch	Dixville Notch	LOC	957-4
Millsfield	Millsfield	LOC	928-4
New Hampshire	New Hampshire	LOC	902-3
demokrata	demokrata	PER	957-5
republikanin	republikanin	PER	986-0
Kanadą	Kanada	LOC	1038-5
Demokratów	demokrata	ORG	957-1
Hillary Clinton	Hillary Clinton	PER	910-2
Partii Libertariańskiej	partia libertariański	ORG	917-4
Gary’ego Johnsona	Garyka Johnson	PER	863-4
Hart’s Location	Hart’s Location	LOC	910-16
USA	USA	LOC	1031-0
Izby Reprezentantów	izba reprezentant	ORG	887-0
Izbą Reprezentantów	izba reprezentant	ORG	887-0
Senatem	senat	ORG	814-1
Republikanie	republikanin	ORG	986-0
Karolinie Północnej	Karolin północny	LOC	1038-2
Południowej	Południowy	LOC	917-6
Georgii	Georgia	LOC	863-1
Arizonie	Arizon	LOC	874-1
Colorado	Colorado	LOC	893-5
Montanie	Montan	LOC	928-5
Stanach Zjednoczonych	Stany Zjednoczone	LOC	814-0
Polsce	Polska	LOC	917-7
Słupsku Demokrata	Słupsko Demokrata	ORG	814-11
Tom Malinowski	Tom Malinowski	PER	828-2
New Jersey	New Jersey	LOC	902-4
Stanów Zjednoczonych	Stany Zjednoczone	LOC	814-0
Kolegium Elektorskiego	kolegium elektorski	ORG	1038-4
Donalda Trumpa	Donald Trump	PER	957-0
Nebraska	Nebraska	LOC	902-0
Maine	Maine	LOC	928-3
Nebrasce	Nebraska	LOC	902-1
Kalifornia Idaho	Kalifornia Idaho	LOC	1038-6
Nowy Jork	nowy Jork	LOC	902-2
Demokratom	demokrata	PER	957-1
Karolina Południowa	Karolina Południow	LOC	1038-1
Republikanom	republikanin	PER	986-0
Floryda	Floryda	LOC	977-0
Pensylwania	Pensylwania	LOC	917-0
Michigan	Michigan	LOC	928-0
Wisconsin	Wisconsin	LOC	947-0
Karolina Północna	Karolina Północny	LOC	1038-0
Iowa	Iowa	LOC	887-1
Arizona	Arizon	LOC	874-1
Georgia	Georgia	LOC	863-1
Teksas	Teksas	LOC	828-1
Ohio	Ohio	LOC	1003-2
demokratów	demokrata	PER	957-2
