161
Biden	Biden	PER	789-1
Trumpa	Trump	PER	826-0
Donaldem Trumpem	Donald Trump	PER	956-2
CNN	CNN	PRO	893-0
NBC News	NBC news	PRO	901-8
Wall Street Journal	Wall Street Journal	PRO	947-12
Donald Trump	Donald Trump	PER	956-2
Trump	Trump	PER	826-0
Chrisa Wallace'a	Chris Wallace	PER	893-17
Bidenowi	Biden	PER	789-1
Bidena	Biden	PER	789-1
NBC	NBC	ORG	901-1
Trumpem	Trump	PER	826-0
USA	USA	LOC	1031-0
Wybory prezydenckie w USA	wybory prezydencki w USA	EVT	947-5
Stanach Zjednoczonych	Stany Zjednoczone	LOC	813-7
Pensylwania	Pensylwania	LOC	916-2
Floryda	Floryda	LOC	976-1
Wisconsin	Wisconsin	LOC	947-0
Georgia	Georgia	LOC	863-1
Karolina Północna	Karolina Północny	LOC	1038-0
Michigan	Michigan	LOC	928-0
