236
MSZ	MSZ	ORG	929-4
Bidena	Biden	PER	791-0
CNN	CNN	PRO	894-0
Fox News	Fox news	PRO	977-1
NBC	NBC	PRO	902-15
Partii Demokratycznej	partia demokratyczny	ORG	918-0
Joe Biden	Joe Biden	PER	1010-0
demokrata	demokrata	PER	959-2
Pensylwanii	Pensylwania	LOC	918-1
Nevady	Nevady	PER	902-9
Donalda Trumpa	Donald Trump	PER	959-0
USA	USA	LOC	1032-0
Stanów Zjednoczony	Stany zjednoczyć	LOC	814-0
Kolegium Elektorskie	kolegium elektorski	ORG	1039-6
Joe Bidena	Joe Biden	PER	1010-0
Waszyngtonu	Waszyngton	LOC	948-1
Polska	Polska	LOC	918-2
Stanami Zjednoczonymi	Stany Zjednoczone	LOC	814-0
NATO	NATO	ORG	902-5
Europy Środkowej	Europa Środkowy	LOC	997-4
Polski	Polska	LOC	918-2
wspólnoty	wspólnota	ORG	948-5
Przydacz	Przydacz	PER	918-3
polską	polski	LOC	918-11
demokratami	demokrata	ORG	959-1
Barackiem Obamą	Barackie Obama	PER	792-7
Wschodniej	wschodni	LOC	948-10
Ukrainy	Ukraina	LOC	1032-3
Polsce	Polska	LOC	918-10
Białym Domu	biały dom	LOC	792-1
Trójmorza	Trójmorze	ORG	829-3
Duda	Duda	PER	959-6
republikanów	republikanin	PER	987-0
demokratów	demokrata	PER	959-2
