243
USA	USA	LOC	1033-0
Senator Booker	senator Booker	PER	814-8
Partii Demokratycznej	partia demokratyczny	ORG	918-0
Booker	Booker	PER	792-3
Senacie New Jersey	senat New Jersey	ORG	814-2
Newark	Newark	LOC	902-11
Bookera	Booker	PER	792-3
Elizabeth Warren	Elizabeth Warren	PER	997-5
Partia Demokratyczna	partia demokratyczny	ORG	918-0
Iowa	Iowa	LOC	887-1
Demokratów	demokrata	ORG	959-1
Donaldem Trumpem	Donald Trump	PER	959-0
Joe Biden	Joe Biden	PER	1010-0
Bernie Sanders	Bernie Sanders	PER	792-4
South Bend	South Bend	LOC	814-6
Pete Buttigieg	Pete Buttigieg	PER	918-4
Michael Bloomberg	Michael Bloomberg	PER	929-14
Biały Dom	biały dom	LOC	792-1
Republikanami	republikanin	ORG	987-0
Demokratami	demokrata	ORG	959-1
Waszyngtonu	Waszyngton	LOC	948-1
Mateusz Obremski	Mateusz Obremski	PER	929-5
PAP	PAP	ORG	918-5
