225
USA	USA	LOC	1032-0
Trumpa	Trump	PER	828-0
Bidena	Biden	PER	791-0
Biały Dom	biały dom	LOC	791-1
Republikanin	republikanin	PER	986-0
Donald Trump	Donald Trump	PER	958-0
Karolinie Północnej	Karolin północny	LOC	1039-3
Pensylwanii	Pensylwania	LOC	917-0
Michigan	Michigan	LOC	929-0
Wisconsin	Wisconsin	LOC	947-0
Joe Biden	Joe Biden	PER	1009-0
Ohio	Ohio	LOC	1003-2
Trump	Trump	PER	828-0
Biden	Biden	PER	791-0
Wschodnim Wybrzeżu	wschodni wybrzeże	LOC	947-8
Środkowym Zachodzie	środkowy zachód	LOC	1065-0
Scranton	Scranton	LOC	814-3
Kenoshę	Kenosha	LOC	1039-14
Lockdown Bidena	Lockdown Biden	EVT	1049-16
Święta Dziękczynienia	święto dziękczynić	EVT	1065-1
Wielkanocy	Wielkanoc	EVT	947-6
Bożego Narodzenia	boży narodzenie	EVT	791-4
Czwartego Lipca	czwarty lipiec	EVT	894-12
Białego Domu	biały dom	LOC	791-1
Covid -	Covid -	PRO	894-15
Demokratów	demokrata	ORG	958-3
Anthony'ego Fauciego	Anthony Fauci	PER	874-9
Fauciego	Fauci	PER	977-2
Cleveland	Cleveland	LOC	894-13
Stanach Zjednoczonych	Stany Zjednoczone	LOC	814-0
koronawirusa	koronawirus	EVT	1039-5
Wilmington	Wilmington	LOC	947-1
Delaware	Delaware	LOC	958-1
Demokracie	demokrata	ORG	958-6
