227
USA	USA	LOC	1032-0
demokratów	demokrata	PER	958-4
Joe Bidena	Joe Biden	PER	1009-0
FiveThirtyEight	FiveThirtyEight	PRO	977-4
Bidena	Biden	PER	791-0
Trump	Trump	PER	828-0
The Economist	The Economist	PRO	828-7
Bidenowi	Biden	PER	791-0
RealClearPolitics	RealClearPolitics	PRO	986-1
Trumpem	Trump	PER	828-0
Hillary Clinton	Hillary Clinton	PER	910-2
Biden	Biden	PER	791-0
Floryda	Floryda	LOC	977-0
Ohio	Ohio	LOC	1003-2
Wisconsin	Wisconsin	LOC	947-0
Karolina Północna	Karolina Północny	LOC	1039-2
270towin	270towin	PRO	1028-2
Joe Bidenowi	Joe Biden	PER	1009-0
Kalifornia	Kalifornia	LOC	1039-0
Nowy Jork	nowy Jork	LOC	902-2
Teksas	Teksas	LOC	829-1
Georgia	Georgia	LOC	863-1
Iowa	Iowa	LOC	887-1
Florydzie	Floryda	LOC	977-0
Trumpa	Trump	PER	829-0
Karolinie Północnej	Karolin północny	LOC	1039-3
Pensylwanii	Pensylwania	LOC	917-0
Trumpowi	Trump	PER	829-0
Florydą	Floryda	LOC	977-0
Georgią	Georgia	LOC	863-1
Karoliną Północną	Karolina północny	LOC	1039-2
Pensylwanią	Pensylwania	LOC	917-0
Arizona	Arizon	LOC	874-1
