219
USA	USA	LOC	1032-0
Joe Biden	Joe Biden	PER	1009-0
CNN	CNN	PRO	894-0
Fox News	Fox news	PRO	977-1
Demokraty	Demokrata	ORG	958-3
Donald Trump	Donald Trump	PER	958-0
New York Times	New York Times	PRO	902-7
Bidena	Biden	PER	791-0
Trumpem	Trump	PER	828-0
Trump	Trump	PER	828-0
Stanów Zjednoczonych	Stany Zjednoczone	LOC	814-0
twitter	twitter	PRO	828-6
Trumpa	Trump	PER	828-0
Teksasie	Teksas	LOC	828-1
Florydzie	Floryda	LOC	977-0
Republikanina	republikanina	PER	986-0
Latynosów	Latynosy	PER	1049-2
Ohio	Ohio	LOC	1003-2
Joe Bidenem	Joe Biden	PER	1009-0
Karolinie Północnej	Karolin północny	LOC	1039-3
NYT	NYT	PRO	902-6
Demokrata	demokrata	ORG	958-3
Białym Domu	biały dom	LOC	791-1
Stanach Zjednoczonych	Stany Zjednoczone	LOC	814-0
CBS News	CBS news	ORG	894-9
Wisconsin	Wisconsin	LOC	947-0
Michigan	Michigan	LOC	929-0
Pensylwania	Pensylwania	LOC	917-0
