229
USA	USA	LOC	1032-0
Biden	Biden	PER	791-0
Lady Gagą	Lada Gaga	PER	1049-4
Trump	Trump	PER	829-0
Amerykanów	Amerykanin	PER	874-0
Demokrata	Demokrata	ORG	958-3
Joe Biden	Joe Biden	PER	1009-0
Pensylwanii	Pensylwania	LOC	917-0
Lady Gaga	Lada Gaga	PER	1049-4
Donald Trump	Donald Trump	PER	958-0
Michigan	Michigan	LOC	929-0
Donaldem Trumpem	Donald Trump	PER	958-0
Bartłomiej M . Nowak	Bartłom M . Nowak	PER	791-2
Akademii Finansów i Biznesu Vistula	akademia finanse i biznes Vistul	ORG	874-13
Demokratów	demokrata	ORG	958-3
Hillary Clinton	Hillary Clinton	PER	910-2
Białego Domu	biały dom	LOC	791-1
Donalda Trumpa	Donald Trump	PER	958-0
Kolegium Elektorskim	kolegium elektorski	ORG	1039-6
Trumpa	Trump	PER	829-0
The New York Timesa	The New York Timesa	PRO	829-6
Trump International Hotel	Trump International hotel	LOC	829-4
Waszyngtonie	Waszyngton	LOC	947-2
Białym Domu	biały dom	LOC	791-1
Eric Trump	Eric Trump	PER	997-32
Fox News	Fox news	PRO	977-1
Waszyngtonu	Waszyngton	LOC	947-2
Muriel Bowser	Muriel Bowser	PER	929-7
Republikanów	republikanin	PER	986-0
Trump International	Trump International	ORG	829-5
Kamala Harris	Kamal Harris	PER	1039-13
Wisconsin	Wisconsin	LOC	947-0
Delaware	Delaware	LOC	958-1
Harris	Harris	PER	910-3
Wilmington	Wilmington	LOC	948-11
republikanów	republikanin	PER	987-0
