49
USA	USA	LOC	1033-0
Donald Trump	Donald Trump	PER	961-0
Florydzie	Floryda	LOC	977-0
Kolegium Elektorów	kolegium elektor	ORG	1039-6
Ohio	Ohio	LOC	1004-0
Teksasie	Teksas	LOC	830-2
Floryda	Floryda	LOC	977-0
Billowi Clintonowi	Bill Clinton	PER	792-5
Florydy	Floryda	LOC	977-0
Demokratów	demokrata	ORG	961-1
Joe Biden	Joe Biden	PER	1010-0
Trump	Trump	PER	830-0
Środkowego Zachodu	środkowy zachód	LOC	1065-0
Północnego Wschodu	północny wschód	LOC	918-12
Kuby	Kuba	LOC	1039-12
Ameryki Południowej	Ameryka Południowy	LOC	875-11
Miami	Miami	LOC	930-1
Fort Lauderdale	Fort Lauderdale	LOC	978-7
Orlando	Orlando	LOC	1004-2
Zatoki Tampa	zatoka Tamp	LOC	1052-1
Jacksonville	Jacksonville	LOC	1010-4
Narodowa Konwencja Republikanów	narodowy konwencja republikanin	PRO	902-14
