97
USA	USA	LOC	1034-0
Joe Biden	Joe Biden	PER	1011-0
Białego Domu	biały dom	LOC	793-1
Demokratów	demokrata	ORG	961-1
PAP/EPA	Paplepa	ORG	919-17
Białego Domu Gospodarce	biały dom gospodarka	LOC	793-1
Donald Trump	Donald Trump	PER	961-0
Stanach Zjednoczonych	Stany Zjednoczone	LOC	814-0
Polskie Radio 24	polski Radio 24	PRO	919-11
Donaldem Trumpem	Donald Trump	PER	961-0
Donalda Trumpa	Donald Trump	PER	961-0
Joe Bidena	Joe Biden	PER	1011-0
Floryda	Floryda	LOC	978-0
Karolina Północna	Karolina Północny	LOC	1040-0
Wisconsin	Wisconsin	LOC	949-1
Michigan	Michigan	LOC	930-0
Pensylwania	Pensylwania	LOC	919-0
Nevada	Nevada	LOC	903-0
Arizona	Arizon	LOC	875-0
Hillary Clinton	Hillary Clinton	PER	910-2
Amerykanów	Amerykanin	PER	875-3
Amerykanie	Amerykanin	PER	875-3
Trump	Trump	PER	830-0
Joe Bidenem	Joe Biden	PER	1011-0
Polskie Radio	polski radio	PRO	919-14
