uk-20265
демократи	демократ	ORG	584-11
Група демократів	група демократ	ORG	944-26
Палаті представників	палата представник	ORG	765-0
Сенаті США	сенат США	ORG	522-1
Колумбія	Колумбія	LOC	653-12
Вашингтон	Вашингтон	LOC	712-7
Палаті представників Конгресу США	палата представник конгрес США	ORG	765-11
Майка Пенса	Майка Пенс	PER	689-3
Дональда Трампа	Дональд Трамп	PER	584-0
Республіканської партії США	республіканський партія США	ORG	618-3
Палати представників США	палата представник США	ORG	765-3
Ненсі Пелосі	Ненсі Пелос	PER	777-2
Майк Пенс	Майк Пенс	PER	689-6
Джорджія	Джорджія	LOC	584-8
США	США	LOC	522-0
Дональду Трампу	Дональд Трамп	PER	584-0
The National Interest	The National Interest	ORG	858-4
Демократичної партії	демократичний партія	ORG	584-3
Палаті представників США	палата представник США	ORG	765-3
Джо Байден	Джо Байден	PER	584-1
1NEWS	1NEWS	ORG	xxx
Флориді	Флорида	LOC	670-1
