uk-20053
США	США	LOC	520-0
Трамп	Трамп	PER	411-0
Байдена	Байден	PER	460-2
Reuters	Reuters	ORG	996-4
Міжнародного агентства Reuters	міжнародний агентство Reuters	ORG	689-17
Байден	Байден	PER	460-3
Трампа	Трамп	PER	411-0
REUTERS	REUTERS	ORG	996-18
Республіканської партії	республіканський партія	ORG	618-3
Дональд Трамп	Дональд Трамп	PER	581-0
Джо Байдена	Джо Байден	PER	581-2
скріншот	скріншот	PRO	520-4
Флориді	Флорида	LOC	670-1
Джорджії	Джорджія	LOC	581-3
Айові	Айов	LOC	731-5
Північній Кароліні	північний Каролін	LOC	764-7
Техасі	Техасі	LOC	411-2
Огайо	Огайо	LOC	661-2
Джо Байден	Джо Байден	PER	581-2
Трампом	Трамп	PER	411-0
Байденом	Байден	PER	460-5
України	Україна	LOC	745-0
УНІАН	УНІАН	ORG	745-1
Telegram	Telegram	PRO	858-1
