uk-20327
США	США	LOC	525-0
Байден	Байден	PER	464-2
Мічигані	Мічиган	LOC	690-3
Вісконсині	Вісконсин	LOC	713-3
EPA	EPA	ORG	1000-7
Демократичної партії	демократичний партія	ORG	587-3
Джо Байден	Джо Байден	PER	587-2
Мічиган	Мічиган	LOC	690-3
Вісконсин	Вісконсин	LOC	713-5
Радіо Свобода	радіо свобода	ORG	619-3
Мічигану	Мічиган	LOC	690-3
Вісконсину	Вісконсин	LOC	713-8
Дональда Трампа	Дональд Трамп	PER	587-1
Аризоні	Аризоні	LOC	732-2
Неваді	Невад	LOC	777-0
Аризона	Аризона	LOC	732-1
Трамп	Трамп	PER	415-0
Джорджії	Джорджія	LOC	587-4
Джорджія	Джорджія	LOC	587-0
Байдена	Байден	PER	464-3
Трампа	Трамп	PER	415-0
Пенсильванії	пенсильваний	LOC	766-0
Пенсильванія	пенсильванія	LOC	766-3
Гілларі Клінтон	Гіллар Клінтон	PER	945-1
Конгресу	конгрес	ORG	655-0
