uk-20311
США	США	LOC	523-0
Палату представників	палата представник	ORG	765-0
Сенат	сенат	ORG	523-1
Конгресу	конгрес	ORG	654-3
Білий дім	білий дім	EVT	462-3
Джорджія	Джорджія	LOC	585-2
Джо Байден	Джо Байден	PER	585-0
Дональда Трампа	Дональд Трамп	PER	585-1
Джорджії	Джорджія	LOC	585-3
Пенсільванії	пенсільваний	LOC	765-1
Трамп	Трамп	PER	413-0
Пенсільванія	пенсільванія	LOC	765-4
Байдена	Байден	PER	462-1
Трампа	Трамп	PER	413-0
Колегію	колегія	ORG	654-5
Демпартії	Демпартія	ORG	585-10
Північна Кароліна	північний Каролін	LOC	765-2
Байден	Байден	PER	462-0
Північній Кароліні	північний Каролін	LOC	765-2
Барак Обама	Барак Обама	PER	462-4
Аризона	Аризона	LOC	732-1
Аризоні	Аризоні	LOC	732-2
Республіканської партії	республіканський партія	ORG	619-1
Аляска	Аляска	LOC	732-3
Вісконсині	Вісконсин	LOC	713-3
