uk-20024
Байден	Байден	PER	459-0
Берні Сандерс	Берні Сандерс	PER	459-2
Демократичної партії	демократичний партія	ORG	580-5
Міссурі	Міссур	LOC	689-4
Міссісіпі	Міссісіп	LOC	689-5
Мічиган	Мічиган	LOC	689-0
Айдахо	Айдахо	LOC	731-6
Північній Дакоті	північний Дакота	LOC	763-15
США	США	LOC	519-0
Дональд Трамп	Дональд Трамп	PER	580-0
Вашингтон	Вашингтон	LOC	711-7
Білого дому	білий дім	LOC	459-3
Twitter	Twitter	PRO	858-2
Джо Байден	Джо Байден	PER	580-3
Дональда Трампа	Дональд Трамп	PER	580-0
Quinnipiac	Quinnipiac	ORG	974-9
Байдена	Байден	PER	459-1
Трампа	Трамп	PER	409-0
Тім Маллой	Тім Маллой	PER	410-4
