uk-20316
Байден	Байден	PER	463-0
США	США	LOC	524-1
Дональда Трампа	Дональд Трамп	PER	585-1
Демократичної партії	демократичний партія	ORG	585-4
Джо Байден	Джо Байден	PER	585-0
CBS News	CBS News	ORG	900-6
YouGov	YouGov	ORG	xxx
Джо Байдена	Джо Байден	PER	585-0
Трампа	Трамп	PER	414-0
Трамп	Трамп	PER	414-0
Байдена	Байден	PER	463-1
BBC	BBC	ORG	811-6
Флорида	Флорид	LOC	670-2
Огайо	Огайо	LOC	661-0
Айова	Айов	LOC	732-4
Північна Кароліна	північний Каролін	LOC	765-2
Джорджія	Джорджія	LOC	586-0
Техас	Техас	LOC	414-1
Айови	Айова	LOC	732-8
Техасу	Техас	LOC	414-1
Twitter	Twitter	PRO	859-1
AFP	AFP	ORG	886-4
Емі	Емі	PER	736-19
Коні Барретт	Коні Барретт	PER	654-15
Верховного суду США	верховний суд США	ORG	713-0
Барретт	Барретт	PER	463-10
