uk-20328
Трамп	Трамп	PER	415-0
Байден	Байден	PER	464-2
США	США	LOC	525-0
Білому домі	білий дім	LOC	464-4
Дональд Трамп	Дональд Трамп	PER	587-1
Вісконсині	Вісконсин	LOC	713-3
Демократичної партії	демократичний партія	ORG	587-3
Джо Байден	Джо Байден	PER	587-2
Трампа	Трамп	PER	415-0
Вісконсину	Вісконсин	LOC	713-8
Кеноша	Кенош	LOC	655-3
Аризона	Аризона	LOC	732-1
Байдену	Байден	PER	464-5
Мексикою	Мексика	LOC	690-8
Північна Кароліна	північний Каролін	LOC	766-6
Барак Обама	Барак Обама	PER	464-1
Мічиган	Мічиган	LOC	690-3
Гілларі Клінтон	Гіллар Клінтон	PER	945-1
Дональда Трампа	Дональд Трамп	PER	587-1
Детройтом	Детройт	LOC	587-8
Мічигані	Мічиган	LOC	690-3
Мічигану	Мічиган	LOC	690-3
Гретхен Вітмер	Гретхен Вітмер	PER	945-4
Байдена	Байден	PER	464-3
Пенсильванія	пенсильванія	LOC	766-3
Пенсильванії	пенсильваний	LOC	766-0
Скрентон	Скрентон	LOC	525-3
Офіс	офіс	ORG	661-7
Dunder Mifflin Paper Company , Inc .	Dunder Mifflin Paper Company , Inc .	ORG	973-2
Флорида	Флорид	LOC	670-2
Флориді	Флорида	LOC	670-1
латиноамериканців	латиноамериканець	PER	693-10
Флориди	Флорида	LOC	670-0
Республіканської партії	республіканський партія	ORG	619-1
Джорджія	Джорджія	LOC	587-0
Black Lives Matter	Black Lives Matter	ORG	811-5
Джорджії	Джорджія	LOC	587-4
Real Clear Politics	Real Clear Politics	ORG	996-30
The Cook Political Report	The Cook Political Report	ORG	859-5
Палатою представників	палата представник	ORG	766-4
Сенат	сенат	ORG	525-1
Гаррієт Агерхольм	Гаррієт Агерхольм	PER	945-3
Беккі Дейл	Беккі Дейл	PER	465-4
Евіза Терці	Евіз Теркі	PER	737-1
Шон Віллмотт	Шон Віллмотт	PER	1002-4
