uk-20039
США	США	LOC	520-0
Пенс	Пенс	PER	763-2
Трампа	Трамп	PER	410-0
Майк Пенс	Майк Пенс	PER	689-6
Конституції	конституція	PRO	652-9
REUTERS	REUTERS	ORG	996-16
Палати представників	палата представник	ORG	764-0
Ненсі Пелосі	Ненсі Пелос	PER	776-10
Дональда Трампа	Дональд Трамп	PER	581-0
The Hill	The Hill	ORG	858-3
Пелосі	Пелос	PER	764-2
Конгресу	конгрес	ORG	652-4
Джо Байдена	Джо Байден	PER	581-2
Білого Дому	білий дім	LOC	459-3
Штурм	штурм	ORG	1002-2
Вашингтоні	Вашингтон	LOC	712-4
Капітолію	капітолія	LOC	652-5
Сполучених Штатів	сполучений Штатів	LOC	520-2
Демократичної партії	демократичний партія	ORG	581-1
Конгресу США	конгрес США	ORG	652-4
Байдена	Байден	PER	459-1
Трамп	Трамп	PER	410-0
Байдену	Байден	PER	459-5
Палаті представників США	палата представник США	ORG	764-4
Трампу	Трамп	PER	410-0
Майка Пенса	Майка Пенс	PER	689-3
України	Україна	LOC	744-4
УНІАН	УНІАН	ORG	744-5
Telegram	Telegram	PRO	858-1
