uk-20323
Трампу	Трамп	PER	415-0
США	США	LOC	525-0
The Washington Post	The Washington Post	PRO	859-3
Дональда Трампа	Дональд Трамп	PER	587-1
Конституції	конституція	LOC	654-21
Громадянської війни	громадянський війна	EVT	945-0
Конгресу	конгрес	ORG	654-3
Трамп	Трамп	PER	415-0
Капітолій	капітолій	ORG	654-9
Білого дому	білий дім	ORG	464-4
Конгрес	конгрес	ORG	654-8
Конфедерацію	конфедерація	ORG	654-22
Сполученим Штатам	сполучений штат	LOC	525-4
Палати Ненсі	палата Ненсі	ORG	766-11
Пелосі	Пелос	PER	766-7
Трампа	Трамп	PER	415-0
Палати	палата	ORG	766-9
Джо Байдена	Джо Байден	PER	587-2
Сенату	сенат	ORG	525-1
Байден	Байден	PER	464-2
Америку	Америка	LOC	732-0
Капітолію	Капітолій	ORG	654-2
Вашингтоні	Вашингтон	LOC	713-1
