uk-20010
Новини	новина	ORG	776-9
США	США	LOC	519-0
Байдена	Байден	PER	458-1
Джорджії	Джорджія	LOC	579-5
Джо Байдена	Джо Байден	PER	579-2
Бред Раффенспергер	Бред Раффенспергер	PER	458-5
Дональд Трамп	Дональд Трамп	PER	579-0
Байден	Байден	PER	458-4
демократа	демократ	ORG	579-11
Раффенспергер	Раффенспергер	PER	618-4
Трамп	Трамп	PER	409-0
Едмонті	Едмонті	LOC	736-23
Оклахома	Оклахома	LOC	661-1
Дональда Трампа	Дональд Трамп	PER	579-0
Флориди	Флорида	LOC	670-0
Макферсона	Макферсон	LOC	689-14
Вашингтоні	Вашингтон	LOC	711-2
Black Lives Matter	Black Lives Matter	LOC	811-5
Білого дому	білий дім	LOC	458-2
Трампа	Трамп	PER	409-0
DW	DW	ORG	973-3
Інес Поль	Інес Поль	PER	1070-1
Трампу	Трамп	PER	409-0
Нью-Йорку	Нью-Йорк	LOC	776-11
Нью-Йорк	Нью-Йорк	LOC	776-7
Джо Байдену	Джо Байден	PER	579-2
Портленді	Портленд	LOC	763-14
Орегон	Орегон	LOC	661-3
Верховного суду США	верховний суд США	ORG	711-6
Гелена Кашель	Гелен Кашель	PER	944-12
