uk-20310
США	США	LOC	523-0
Америки	Америка	LOC	732-0
Палати представників	палата представник	ORG	765-0
Ненсі Пелосі	Ненсі Пелос	PER	777-2
Поштової служби США	поштовий служба США	ORG	765-13
United States Postal Service	United States Postal Service	ORG	1035-7
USPS	USPS	ORG	1035-6
Луїса ДеДжоя	Луїса Деджой	PER	693-24
Хакім Джеффріз	Хакім Джеффріз	PER	594-3
Тед Лью	Тед Лью	PER	413-1
ФБР	ФБР	ORG	670-3
Крістофера Рея	Крістофера Рей	PER	654-12
ДеДжоя	Деджой	PER	585-7
Трампу	Трамп	PER	413-0
The Hill	The Hill	ORG	859-0
Пелосі	пелосі	PER	765-9
Сенаті	Сената	ORG	523-3
Чак Шумер	Чак Шумер	PER	779-5
Палати представників з нагляду та реформ	палата представник з нагляд та реформ	ORG	765-10
Шумер	шумер	PER	1002-5
Конгресом	конгрес	ORG	654-4
ДеДжой	ДеДжой	ORG	585-8
Трампа	Трамп	PER	413-0
Дональд Трамп	Дональд Трамп	PER	585-1
Поштової служби	поштовий служба	ORG	765-15
Білого дому	білий дім	ORG	462-2
Марк Медоуз	Марк Медоуз	PER	690-9
Трамп	Трамп	PER	413-0
Сполучених Штатів	сполучений штат	LOC	523-2
Медоуз	Медоуз	PER	690-6
CNN	CNN	ORG	900-2
Білий дім	білий дім	ORG	462-3
Мідоуз	Мідоуз	PER	690-10
Палаті представників	палата представник	ORG	765-0
The Washington Post	The Washington Post	PRO	859-3
Меланія	Меланія	PER	690-17
Флориді	Флорида	LOC	670-1
Президент	президент	ORG	765-8
Білорусі	Білорусь	LOC	462-7
