96
САЩ	сащ	LOC	xxx
Тръмп	тръмп	PER	xxx
Пенсилвания	пенсилвания	LOC	xxx
Мичиган	мичиган	LOC	xxx
Джорджия	джорджия	LOC	xxx
Аризона	аризона	LOC	xxx
Невада	невада	LOC	xxx
Уисконсин	уисконсин	LOC	xxx
Борислав Цеков	борислав цеков	PER	xxx
Фейсбук	фейсбук	PRO	xxx
Сената на САЩ	сенат на сащ	ORG	xxx
Майк Пенс	майк пенс	PER	xxx
Конгреса	конгрес	ORG	xxx
Републиканската партия	републикански партия	ORG	xxx
Тед Круз	тед круз	PER	xxx
Джош Хоули сенатори	джош хоули сенатор	PER	xxx
Избирателната колегия	избирателен колегия	ORG	xxx
Байдън	байдън	PER	xxx
Америка	америка	LOC	xxx
Вашинтон	вашинтон	LOC	xxx
