105
Дмитрий Минин	дмитрий минин	PER	538-6
Тръмп	тръмп	PER	369-0
Джо Байдън	джо байдън	PER	538-2
Демократическата партия	демократически партия	ORG	538-3
САЩ	сащ	LOC	473-0
Байдън	байдън	PER	427-0
Путин	путин	PER	748-4
Америка	америка	LOC	717-0
Републиканската партия	републикански партия	ORG	597-3
Републиканците	републиканец	PER	597-0
Белия дом	бял дом	LOC	427-3
Фокс Нюз	фокс нюз	ORG	663-3
Фейсбук	фейсбук	PRO	663-4
Американското общество	американски общество	ORG	717-9
Джон Рокфелер	джон рокфелер	PER	538-7
Стандарт Ойл	стандарт ойл	PRO	473-6
Доналд Тръмп	доналд тръмп	PER	538-0
Пол Манафорт	пол манафорт	PER	748-20
Уикилийкс	уикилийкс	ORG	739-15
Джулиан Асанж	джулиан асанж	PER	538-9
Съединените щати	съединя-(се) щат	LOC	473-8
