138
БТА	бта	ORG	430-2
Либерасион	либерасион	PRO	691-6
САЩ	сащ	LOC	476-0
Доналд Тръмп	доналд тръмп	PER	542-1
Джорджия	джорджия	LOC	542-0
Брад Рафенспъргър	брад рафенспъргър	PER	430-3
Тръмп	тръмп	PER	372-0
Рафенспъргър	рафенспъргър	PER	598-3
Конгрес	конгрес	ORG	625-19
Байдън	байдън	PER	430-0
Джо Байдън	джо байдън	PER	542-2
Гардиън	гардиън	PRO	939-7
Конгреса	конгрес	ORG	625-2
Майк Пенс	майк пенс	PER	674-0
Америка	америка	LOC	718-4
Националната гвардия	национален гвардия	ORG	769-10
Вашингтон	вашингтон	LOC	696-0
Аштън Картър	аштън картър	PER	718-9
Лион Панета	лион панета	PER	691-23
Уилям Пери	уилям пери	PER	739-17
Дик Чейни	дик чейни	PER	542-9
Уилям Коен	уилям коен	PER	739-11
Доналд Ръмсфелд	доналд ръмсфелд	PER	542-10
Робърт Гейтс	робърт гейтс	PER	598-22
Чък Хейгъл	чък хейгъл	PER	778-9
Джеймс Матис	джеймс матис	PER	542-7
Марк Еспър	марк еспър	PER	674-15
Пентагона	пентагон	ORG	749-13
Детройт	детройт	LOC	542-3
Милуоки	милуоки	LOC	674-5
Филаделфия	филаделфия	LOC	664-2
Ню Йорк таймс	ню йорк таймс	PRO	769-22
афроамериканци	афроамериканец	PER	718-1
Демократическата партия	демократически партия	ORG	542-4
консерваторите	консерватор	PER	625-3
