103
Мартин Табаков	мартин табаков	PER	673-10
Доналд Тръмп	доналд тръмп	PER	537-4
Белия дом	бял дом	LOC	427-3
Демократическата партия	демократически партия	ORG	537-6
Джо Байдън	джо байдън	PER	537-0
САЩ	сащ	LOC	473-0
Covid-19	covid-19	PRO	892-1
Тръмп	тръмп	PER	369-0
Северна Каролина	северен каролина	LOC	473-4
Барак Обама	барак обама	PER	427-1
Пенсилвания	пенсилвания	LOC	748-0
Fox News Channel	fox news channel	PRO	975-2
RealClearPolitics	realclearpolitics	ORG	985-0
Хилари Клинтън	хилари клинтън	PER	590-1
Държавния департамент	държавен департамент	ORG	537-10
Клинтън	клинтън	PER	623-6
Байдън	байдън	PER	427-0
Китай	китай	LOC	623-7
Иран	иран	LOC	780-1
Фокс Нюз	фокс нюз	PRO	663-3
Фокс нюз	фокс нюз	PRO	663-3
Републиканската партия	републикански партия	ORG	597-3
Hannity	hannity	PRO	910-18
Tucker Carlson Tonight	tucker carlson tonight	PRO	822-19
The Five	the five	PRO	822-13
The Ingraham Angle	the ingraham angle	PRO	822-6
Special Report with	special report with	PRO	812-13
Bret Baier	bret baier	PER	786-14
Чак	чак	PER	778-6
The	the	PRO	822-7
Rachel Maddow Show	rachel maddow show	PRO	985-15
MSNBC	msnbc	PRO	927-9
Wall Street Journal	wall street journal	PRO	946-0
Breitbrat	breitbrat	PRO	786-19
Ръш Лимбо	ръш лимбо	PER	597-14
Pew Research Center	pew research center	ORG	914-15
Фокс	фокс	PER	663-13
Нийл Кавуто	нийл кавуто	PER	768-26
Мексико	мексико	LOC	673-26
Русия	русия	LOC	597-2
Тъкър Карлсън	тъкър карлсън	PER	369-1
Америка	америка	LOC	717-0
Карлсън	карлсън	PER	623-22
Майк Пенс	майк пенс	PER	673-7
Джаред Къшнър	джаред къшнър	PER	538-10
