71
САЩ	сащ	LOC	xxx
BBC	bbc	PRO	xxx
Конгреса	конгрес	ORG	xxx
Мейн	мейн	LOC	xxx
Сюзан Колинс	сюзан колинс	PER	xxx
Сара Гидиън	сара гидиън	PER	xxx
Конгрес	конгрес	ORG	xxx
Белия дом	бял дом	LOC	xxx
Доналд Тръмп	доналд тръмп	PER	xxx
Джо Байдън	джо байдън	PER	xxx
Сената	сено	ORG	xxx
Тръмп	тръмп	PER	xxx
Байдън	байдън	PER	xxx
Демократите	демократ	ORG	xxx
Сюзан Гидиън	сюзан гидиън	PER	xxx
Колинс	колинс	PER	xxx
Джон Хикенлупър	джон хикенлупър	PER	xxx
Колорадо	колорадо	LOC	xxx
Кори Гарднър	кори гарднър	PER	xxx
Хикенлупър	хикенлупър	PER	xxx
Аризона	аризона	LOC	xxx
Марк Кели	марк кели	PER	xxx
Марта Максали	марта максали	PER	xxx
Кели	кели	PER	xxx
Мич Макконъл	мич макконъл	PER	xxx
Тръмп Линдзи Греъм	тръмп линдзи греъм	PER	xxx
Кентъки	кентъки	LOC	xxx
Южна Каролина	южен каролина	LOC	xxx
Алабама	алабама	LOC	xxx
Томи Тъбървил	томи тъбървил	PER	xxx
Дъг Джоунс	дъг джоунс	PER	xxx
Камарата на представителите	камара на представител	ORG	xxx
Ричи Торес	ричи торес	PER	xxx
Мондър Джоунс	мондър джоунс	PER	xxx
Ню Йорк	ню йорк	LOC	xxx
Александрия Окасио-Кортес	александрия окасио-кортес	PER	xxx
Аяна Пресли	аяна пресли	PER	xxx
Рашида Тлайб	рашида тлайб	PER	xxx
Илхан Омар	илхан омар	PER	xxx
Оклахома	оклахом	LOC	xxx
Демократическата партия	демократически партия	ORG	xxx
Кендра Хорн	кендра хорн	PER	xxx
Републиканската партия	републикански партия	ORG	xxx
Стефани Бис	стефани бис	PER	xxx
Тейлър Грийн	тейлър грийн	PER	xxx
Грузия	грузия	LOC	xxx
Делауеър	делауеър	LOC	xxx
Сара Макбрайд	сара макбрайд	PER	xxx
Covid-19	covid-19	PRO	xxx
републиканците	републиканец	PER	xxx
