101
САЩ	сащ	LOC	473-0
Джо Байдън	джо байдън	PER	536-1
Джорджия	джорджия	LOC	536-3
Демократическата партия	демократически партия	ORG	536-2
Байдън	байдън	PER	427-0
Сената	сенат	ORG	473-2
Конгреса	конгрес	ORG	623-1
Асошиейтед прес	асошиейтед прес	ORG	717-5
републиканците	републиканец	PER	597-0
Кели Лофлър	кели лофлър	PER	623-17
Дейвид Пердю	дейвид пердю	PER	536-5
Конгрес	конгрес	ORG	623-2
Рафаел Уорнок	рафаел уорнок	PER	597-1
Джон Ософ	джон ософ	PER	536-6
Майк Пенс	майк пенс	PER	673-7
Републиканската партия	републикански партия	ORG	597-3
Америка	америка	LOC	717-0
Пенс	пенс	PER	748-1
Рок спрингс	рок спрингс	LOC	597-12
Милнър	милнър	LOC	673-11
Доналд Тръмп	доналд тръмп	PER	537-4
Далтън	далтън	LOC	537-20
Камала Харис	камала харис	PER	623-0
Камарата на представителите	камара на представител	ORG	623-3
