153
Илия Лазаров	илия лазаров	PER	781-12
Федерален съдия	федерален съдия	ORG	664-7
Тексас	тексас	LOC	374-1
Майк Пенс	майк пенс	PER	675-1
Конгреса	конгрес	ORG	625-2
Reuters	reuters	ORG	985-9
Джереми Д. Кърнодъл	джереми даниел кърнодъл	PER	544-13
Камарата на	камара на	ORG	625-12
Лу Гомърт	лу гомърт	PER	691-24
Аризона	аризона	LOC	718-2
демократа	демократ	PER	544-3
Джо Байдън	джо байдън	PER	544-0
ТАСС	тасс	ORG	374-2
AP	ap	PER	871-1
Доналд Тръмп	доналд тръмп	PER	544-1
Републиканската партия	републикански партия	ORG	598-1
Сената	сено	ORG	477-2
Мич МакКонъл	мич макконъл	PER	675-22
Мисури	мисури	LOC	675-28
Джош Хоули	джош хоули	PER	544-4
Камарата на представителите	камара на представител	ORG	625-7
Небраска	небраска	LOC	769-5
Бен Сасе	бен сасе	PER	432-16
