111
Милен Керемедчиев	милен керемедчиев	PER	673-15
САЩ	сащ	LOC	474-0
Тръмп	тръмп	PER	370-0
Джо Байдън	джо байдън	PER	538-2
европейци	европеец	PER	734-2
канадци	канадец	PER	623-24
мексиканци	мексиканец	PER	673-18
Сената	сено	ORG	474-1
Конгреса	конгрес	ORG	623-1
Байдън	байдън	PER	428-1
Европа	европа	LOC	734-1
Европейския съюз	европейски съюз	ORG	734-3
ЕС	ес	ORG	734-7
Балканите	балкан	LOC	428-2
България	българия	LOC	428-3
ЕК	ек	ORG	734-5
Балкански поток	балкански поток	PRO	428-10
Северен поток 2	северен поток два	PRO	474-5
Русия	русия	LOC	597-2
Република Северна Македония	република северен македония	LOC	597-11
Северна Македония	северен македония	LOC	474-2
Кремъл	кремъл	LOC	623-12
Сърбия	сърбия	LOC	474-3
Черна гора	чер гора	LOC	778-10
Гърция	гърция	LOC	939-4
Доналд Тръмп	доналд тръмп	PER	538-0
Хилари Клинтън	хилари клинтън	PER	590-1
Пенсилвания	пенсилвания	LOC	748-0
Джорджия	джорджия	LOC	538-1
Рудолф Джулиани	рудолф джулиани	PER	597-9
Щати	щат	LOC	xxx
