116
Станимир Вълков	станимир вълков	PER	474-9
САЩ	сащ	LOC	474-0
Доналд Тръмп	доналд тръмп	PER	539-0
Фигаро	фигаро	PRO	663-5
Републиканската партия	републикански партия	ORG	597-3
Джорджия	джорджия	LOC	539-3
Тръмп	тръмп	PER	371-0
Белия дом	бял дом	LOC	428-0
Сената	сенат	ORG	474-4
Джо Байдън	джо байдън	PER	539-1
Конгреса	конгрес	ORG	624-0
Иран	иран	LOC	781-0
Международната организация на криминалната полиция	международен организация на криминален полиция	ORG	673-21
Интерпол	интерпол	ORG	781-3
Касем Солеймани	касем солеймани	PER	624-14
ДПА	дпа	ORG	539-8
Пентагона	пентагон	ORG	748-22
Върховен съд	върховен съд	ORG	695-24
Голам Хосейн Исмаили	голам хосейн исмаили	PER	939-14
