73
Америка	америка	LOC	xxx
Тръмп	тръмп	PER	xxx
САЩ	сащ	LOC	xxx
Белия дом	бял дом	LOC	xxx
Джо Байдън	джо байдън	PER	xxx
Доналд Тръмп	доналд тръмп	PER	xxx
Хилари Клинтън	хилари клинтън	PER	xxx
Съединените американски щати	съединя-(се) американски щат	LOC	xxx
Би Би Си	съм съм се	PRO	xxx
Републиканците	републиканец	PER	xxx
Великата стара партия	велик стар партия	ORG	xxx
GOP	gop	ORG	xxx
Джордж Буш	джордж буш	PER	xxx
Роналд Рейгън	роналд рейгън	PER	xxx
Ричард Никсън	ричард никсън	PER	xxx
Демократите	демократ	ORG	xxx
Барак Обама	барак обама	PER	xxx
Демократическата партия	демократически партия	ORG	xxx
демократи	демократ	PER	xxx
Джон Кенеди	джон кенеди	PER	xxx
Бил Клинтън	бил клинтън	PER	xxx
Байдън	байдън	PER	xxx
Ню Йорк	ню йорк	LOC	xxx
Калифорния	калифорния	LOC	xxx
Съединените щати	съединя-(се) щат	LOC	xxx
Флорида	флорида	LOC	xxx
Охайо	охайо	LOC	xxx
Аризона	аризона	LOC	xxx
Тексас	тексас	LOC	xxx
Бюрото за преброяване на населението на САЩ	бюро за преброяване на население на сащ	ORG	xxx
Конгреса	конгрес	ORG	xxx
Камарата на представителите	камара на представител	ORG	xxx
Сенатът	сенат	ORG	xxx
сенаторите	сенатор	PER	xxx
Сената	сено	ORG	xxx
коронавирус	коронавирус	EVT	xxx
Джордж У. Буш	джордж у. буш	PER	xxx
Ал Гор	ал гор	PER	xxx
Буш	буш	PER	xxx
Гор	гор	PER	xxx
Вашингтон	вашингтон	LOC	xxx
Конгресът	конгрес	ORG	xxx
