128
news.bg	news.bg	PRO	901-4
Тед Круз	тед круз	PER	371-2
Тексас	тексас	LOC	371-1
Рон Джонсън	рон джонсън	PER	597-7
Уисконсин	уисконсин	LOC	739-0
сенатори	сенатор	PER	475-1
Доналд Тръмп	доналд тръмп	PER	540-0
Джо Байдън	джо байдън	PER	540-1
Гардиън	гардиън	PRO	939-7
Майк Пенс	майк пенс	PER	674-0
Тръмп	тръмп	PER	371-0
Байдън	байдън	PER	429-0
Хилари Клинтън	хилари клинтън	PER	590-1
Избирателната колегия	избирателен колегия	ORG	781-5
Вашингтон	вашингтон	LOC	695-1
Пенс	пенс	PER	748-1
Джош Хоули	джош хоули	PER	540-18
Мисури	мисури	LOC	674-2
Камарата на представители	камара на представител	ORG	624-2
Сената	сено	ORG	475-2
Мич Макконъл	мич макконъл	PER	674-13
Мит Ромни	мит ромни	PER	674-3
Конгреса	конгрес	ORG	624-0
Лиза Мърковски	лиза мърковски	PER	691-25
Аляска	аляска	LOC	718-0
Круз	круз	PER	624-18
Джонсън	джонсън	PER	540-11
Хоули	хоули	PER	590-23
САЩ	сащ	LOC	475-0
