131
Webcafe	webcafe	ORG	946-1
Джо Байдън	джо байдън	PER	541-2
Демократическата партия	демократически партия	ORG	541-5
Владимир Путин	владимир путин	PER	695-5
Байдън	байдън	PER	429-0
Доналд Тръмп	доналд тръмп	PER	541-3
Путин	путин	PER	748-4
Кремъл	кремъл	LOC	624-8
Россия 1	россия един	PRO	598-14
Америка	америка	LOC	718-4
САЩ	сащ	LOC	476-0
Хилари Клинтън	хилари клинтън	PER	590-1
Конституцията на САЩ	конституция на сащ	PRO	624-20
Белия дом	бял дом	LOC	429-1
Вашингтон	вашингтон	LOC	695-1
руския	руски	LOC	598-21
Дмитрий Песков	дмитрий песков	PER	541-15
Москва	москва	LOC	674-4
Тръмп	тръмп	PER	371-0
