132
Webcafe	webcafe	ORG	946-1
Доналд Тръмп	доналд тръмп	PER	541-3
САЩ	сащ	LOC	476-0
Джо Байдън	джо байдън	PER	541-2
Американските щати	американски щат	LOC	718-7
Тръмп	тръмп	PER	372-0
FT	ft	PRO	975-14
Ръсел Райли	ръсел райли	PER	598-19
Америка	америка	LOC	718-4
Джорджия	джорджия	LOC	541-1
Пенсилвания	пенсилвания	LOC	749-1
Мичиган	мичиган	LOC	674-1
Уейн	уейн	LOC	739-4
Детройт	детройт	LOC	541-4
Демократическата партия	демократически партия	ORG	541-5
Марк Бруър	марк бруър	PER	674-9
Невада	невада	LOC	769-2
Уисконсин	уисконсин	LOC	739-0
Байдън	байдън	PER	429-0
Милуоки	милуоки	LOC	674-5
Дейн	дейн	LOC	541-11
Избирателната колегия	избирателен колегия	ORG	781-5
Белия дом	бял дом	LOC	429-1
Барак Обама	барак обама	PER	429-3
Protect Democracy	protect democracy	ORG	914-13
Ян Басин	ян басин	PER	xxx
Басин	басин	PER	429-7
