27
Меркел	меркел	PER	xxx
Байдън	байдън	PER	xxx
Германия	германия	LOC	xxx
Европа	европа	LOC	xxx
Ангела Меркел	ангела меркел	PER	xxx
Джо Байдън	джо байдън	PER	xxx
САЩ	сащ	LOC	xxx
Шоа	шоа	LOC	xxx
Берлинската стена	берлински стена	LOC	xxx
германците	германец	PER	xxx
Съединените американски щати	съединя-(се) американски щат	LOC	xxx
DPA	dpa	ORG	xxx
”	”	LOC	xxx
Камала Харис	камала харис	PER	xxx
Америка	америка	LOC	xxx
НАТО	нато	ORG	xxx
Атлантическия океан “	атлантически океан “	LOC	xxx
Тръмп	тръмп	PER	xxx
Американските демократи	американски демократ	ORG	xxx
европейците	европеец	PER	xxx
Харис	харис	PER	xxx
