146
БТА	бта	ORG	431-0
Джо Байдън	джо байдън	PER	543-1
Доналд Тръмп	доналд тръмп	PER	543-0
Франс прес	франс прес	ORG	664-22
Байдън	байдън	PER	431-1
Белия дом	бял дом	LOC	431-2
Барак Обама	барак обама	PER	431-4
Америка	америка	LOC	718-4
САЩ	сащ	LOC	477-0
Делауер	делауер	LOC	543-9
Бо Байдън	бо байдън	PER	431-6
Южна Каролина	южен каролина	LOC	1022-0
Бърни Сандърс	бърни сандърс	PER	431-7
републиканците	републиканец	PER	598-4
лейбърист	лейбърист	PER	691-18
Нийл Кинок	нийл кинок	PER	769-9
Камала Харис	камала харис	PER	625-4
афроамериканците	афроамериканец	PER	718-1
Уилмингтън	уилмингтън	LOC	739-6
Ирак	ирак	LOC	781-15
Сената	сено	ORG	477-2
Анита Хил	анита хил	PER	718-12
Кларънс Томас	кларънс томас	PER	625-14
Конгреса	конгрес	ORG	625-2
Джоузеф Робинет Байдън	джоузеф робинет байдън	PER	543-7
Скрантън	скрантън	LOC	477-5
Пенсилвания	пенсилвания	LOC	749-1
Тара Рийд	тара рийд	PER	374-3
Джил Байдън	джил байдън	PER	544-11
Ашли	ашли	PER	718-5
Джо Байдън Байдън	джо байдън байдън	PER	544-0
Джо Байдън Свети Йосиф	джо байдън свети йосиф	PER	544-0
