4
Тръмп	тръмп	PER	xxx
Байдън	байдън	PER	xxx
САЩ	сащ	LOC	xxx
Доналд Тръмп	доналд тръмп	PER	xxx
Джо Байдън	джо байдън	PER	xxx
Пенсилвания	пенсилвания	LOC	xxx
Олд Фордж	олд фордж	LOC	xxx
Минеаполис	минеаполис	LOC	xxx
Портланд	портланд	PER	xxx
Чикаго	чикаго	LOC	xxx
Том Уолф	том уолф	PER	xxx
Тръмп Уолф	тръмп уолф	PER	xxx
Скрантон	скрантон	LOC	xxx
Джо Старши	джо старши	PER	xxx
Джо Джуниър	джо джуниър	PER	xxx
Скрентън	скрентън	LOC	xxx
Делауеър	делауеър	LOC	xxx
Скрантън	скрантън	LOC	xxx
Battleground	battleground	PRO	xxx
Филаделфия	филаделфия	LOC	xxx
Питсбърг	питсбърг	LOC	xxx
Андрю Бейтс	андрю бейтс	PER	xxx
