95
САЩ	сащ	LOC	xxx
Америка	америка	LOC	xxx
Доналд Тръмп	доналд тръмп	PER	xxx
Флорида	флорида	LOC	xxx
Джорджия	джорджия	LOC	xxx
Тексас	тексас	LOC	xxx
Джо Байдън	джо байдън	PER	xxx
Айова	айова	LOC	xxx
Аризона	аризона	LOC	xxx
Тръмп	тръмп	PER	xxx
Байдън	байдън	PER	xxx
Белия дом	бял дом	LOC	xxx
Кентъки	кентъки	LOC	xxx
Канзас	канзас	LOC	xxx
Луизиана	луизиана	LOC	xxx
Уайоминг	уайоминг	LOC	xxx
Западна Вирджиния	западен вирджиния	LOC	xxx
Южна Каролина	южен каролина	LOC	xxx
Алабама	алабама	LOC	xxx
Мисисипи	мисисипи	LOC	xxx
Тенеси	тенеси	LOC	xxx
Оклахома	оклахома	LOC	xxx
Арканзас	арканзас	LOC	xxx
Южна Дакота	южен дакота	LOC	xxx
Небраска	небраска	LOC	xxx
Колорадо	колорадо	LOC	xxx
Ню Мексико	ню мексико	LOC	xxx
Върмонт	върмонт	LOC	xxx
Вирджиния	вирджиния	LOC	xxx
Роуд Айланд	роуд айланд	LOC	xxx
Ню Йорк	ню йорк	LOC	xxx
Ню Джърси	ню джърси	LOC	xxx
Масачузетс	масачузетс	LOC	xxx
Мериленд	мериленд	LOC	xxx
Илинойс	илинойс	LOC	xxx
Делауер	делауер	LOC	xxx
Кънектикът	кънектик	LOC	xxx
Федерален окръг Колумбия	федерален окръг колумбия	LOC	xxx
Конгреса	конгрес	ORG	xxx
Камарата на представителите	камара на представител	ORG	xxx
сенаторите	сенатор	PER	xxx
