112
САЩ	сащ	LOC	474-0
Джо Байдън	джо байдън	PER	538-2
Тръмп	тръмп	PER	370-0
Доналд Тръмп	доналд тръмп	PER	539-0
Холивуд	холивуд	LOC	590-2
латиноамериканци	латиноамериканец	PER	691-5
Животът	живот	EVT	1025-5
Джордж Сорос	джордж сорос	PER	539-9
Бил Гейтс	бил гейтс	PER	428-8
Америка на първо място	америка на пръв място	PRO	717-7
Америка	америка	LOC	717-0
Камала Харис	камала харис	PER	623-0
Парижкия	парижки	PRO	748-23
Китай	китай	LOC	623-7
НАТО	нато	ORG	768-8
ООН	оон	ORG	656-6
Съединените щати	съединя-(се) щат	LOC	474-6
Германия	германия	LOC	939-1
Европейския съюз	европейски съюз	ORG	734-3
Вашингтон	вашингтон	LOC	695-1
Брюксел	брюксел	LOC	428-5
Иран	иран	LOC	781-0
