104
Диана Тодорова	диана тодорова	PER	538-4
Белия дом	бял дом	LOC	427-3
Сената на САЩ	сенат на сащ	ORG	473-1
BBC	bbc	PRO	786-3
Републиканците	републиканец	PER	597-0
Конгреса	конгрес	ORG	623-1
Джорджия	джорджия	LOC	538-1
Северна Каролина	северен каролина	LOC	473-4
Конгрес	конгрес	ORG	623-18
Доналд Тръмп	доналд тръмп	PER	538-0
Джо Байдън	джо байдън	PER	538-2
Камара	камара	ORG	623-23
Сенат	сенат	ORG	473-11
Тръмп	тръмп	PER	369-0
Байдън	байдън	PER	427-0
Сената	сено	ORG	473-3
демократи	демократ	PER	538-8
Демократическата партия	демократически партия	ORG	538-3
Джон Хикенлупър	джон хикенлупър	PER	538-5
Колорадо	колорадо	LOC	623-8
Кори Гарднър	кори гарднър	PER	623-26
Хикенлупър	хикенлупър	PER	590-9
Аризона	аризона	LOC	717-1
Марк Кели	марк кели	PER	673-19
Марта Максали	марта максали	PER	673-13
Мич Макконъл	мич макконъл	PER	673-9
Тръмп Линдзи Греъм	тръмп линдзи греъм	PER	369-10
Кентъки	кентъки	LOC	623-21
Южна Каролина	южен каролина	LOC	1022-0
Алабама	алабама	LOC	717-3
Републиканската партия	републикански партия	ORG	597-3
Томи Тъбървил	томи тъбървил	PER	369-2
Дъг Джоунс	дъг джоунс	PER	538-11
Ричи Торес	ричи торес	PER	597-15
Мондър Джоунс	мондър джоунс	PER	673-14
Ню Йорк	ню йорк	LOC	768-0
Камарата на представителите	камара на представител	ORG	623-3
Александрия Окасио-Кортез	александрия окасио-кортез	PER	717-13
Аяна Пресли	аяна пресли	PER	717-15
Рашида Тлайб	рашида тлайб	PER	597-4
Илхан Омар	илхан омар	PER	780-7
Камарата	камара	ORG	623-10
Оклахома	оклахом	LOC	656-7
Кендра Хорн	кендра хорн	PER	623-28
Стефани Бис	стефани бис	PER	473-10
Тейлър Грийн	тейлър грийн	PER	369-5
Грузия	грузия	LOC	939-3
Делауеър	делауеър	LOC	538-12
Сара Макбрайд	сара макбрайд	PER	473-7
Демократите	демократ	ORG	538-13
САЩ	сащ	LOC	473-0
