78
Демократите	демократ	ORG	xxx
Джо Байдън	джо байдън	PER	xxx
Съединените щати	съединя-(се) щат	LOC	xxx
Байдън	байдън	PER	xxx
Пенсилвания	пенсилвания	LOC	xxx
Белия дом	бял дом	LOC	xxx
Доналд Тръмп	доналд тръмп	PER	xxx
Джорджия	джорджия	LOC	xxx
Аризона	аризона	LOC	xxx
Невада	невада	LOC	xxx
Северна Каролина	северен каролина	LOC	xxx
Аляска	аляска	LOC	xxx
Океана	океан	LOC	xxx
Хилари Клинтън	хилари клинтън	PER	xxx
Избирателната колегия	избирателен колегия	ORG	xxx
САЩ	сащ	LOC	xxx
Тръмп	тръмп	PER	xxx
Клинтън	клинтън	PER	xxx
Уайоминг	уайоминг	LOC	xxx
Монтана	монтана	LOC	xxx
Калифорния	калифорния	LOC	xxx
Демократическата партия	демократически партия	ORG	xxx
Републиканците	републиканец	PER	xxx
Тексас	тексас	LOC	xxx
Охайо	охайо	LOC	xxx
Айова	айова	LOC	xxx
Флорида	флорида	LOC	xxx
Уисконсин	уисконсин	LOC	xxx
Мичиган	мичиган	LOC	xxx
Вашингтон	вашингтон	LOC	xxx
Джил	джил	PER	xxx
Уилмингтън	уилмингтън	LOC	xxx
Делауеър	делауеър	LOC	xxx
bntnews.bg	bntnews.bg	PRO	xxx
bntnews	bntnews	PRO	xxx
.	.	PRO	xxx
Денят започва	ден започвам-(се)	PRO	xxx
Цветелина Йорданова	цветелина йорданова	PER	xxx
Александър Марков	александър марков	PER	xxx
Атанас Атанасов	атанас атанасов	PER	xxx
Владимир Богдански	владимир богдански	PER	xxx
