158
Ивайло Ачев Мичиган	ивайло ачев мичиган	PER	781-26
Джо Байдън	джо байдън	PER	544-0
БГНЕС	бгнес	ORG	432-2
Демократическата партия	демократически партия	ORG	544-6
Републиканската партия	републикански партия	ORG	598-1
Мичиган	мичиган	LOC	675-0
Джоселин Бенсън	джоселин бенсън	PER	544-7
САЩ	сащ	LOC	477-0
Доналд Тръмп	доналд тръмп	PER	544-1
Пенсилвания	пенсилвания	LOC	749-1
Агенцията по общите въпроси на администрацията	агенция по общ въпрос на администрация	ORG	718-14
GSA	gsa	ORG	862-2
Тръмп	тръмп	PER	374-0
Емили Мърфи	емили мърфи	PER	734-4
CNN	cnn	ORG	892-2
Байдън	байдън	PER	432-0
Мърфи	мърфи	PER	675-2
Twitter	twitter	PRO	822-0
Емили	емили	PER	734-4
Роб Портман	роб портман	PER	598-11
Охайо	охайо	LOC	657-0
