30
САЩ	сащ	LOC	xxx
Доналд Тръмп	доналд тръмп	PER	xxx
Тръмп	тръмп	PER	xxx
Америка	америка	LOC	xxx
Associated Press	associated press	ORG	xxx
Джо Байдън	джо байдън	PER	xxx
Камарата на представителите	камара на представител	ORG	xxx
Байдън	байдън	PER	xxx
Джорджия	джорджия	LOC	xxx
Мичиган	мичиган	LOC	xxx
Пенсилвания	пенсилвания	LOC	xxx
Уисконсин	уисконсин	LOC	xxx
Twitter	twitter	PRO	xxx
Куинипиак	куинипиак	ORG	xxx
Барак Обама	барак обама	PER	xxx
Кения	кения	LOC	xxx
Обама	обама	PER	xxx
Белия дом	бял дом	LOC	xxx
Мич Макконъл	мич макконъл	PER	xxx
Джъстин Амаш	джъстин амаш	PER	xxx
Уилям Бар	уилям бар	PER	xxx
републиканци	републиканец	PER	xxx
Изборната колегия	изборен колегия	ORG	xxx
Капитолийския хълм	капитолийски хълм	LOC	xxx
Алън Уест	алън уест	PER	xxx
Тексас	тексас	LOC	xxx
