145
БГНЕС	бгнес	ORG	431-3
САЩ	сащ	LOC	477-0
Доналд Тръмп	доналд тръмп	PER	543-0
Републиканската партия	републикански партия	ORG	598-1
ТАСС	тасс	ORG	374-2
Белия дом	бял дом	LOC	431-2
Пенсилвания	пенсилвания	LOC	749-1
Мичиган	мичиган	LOC	674-1
Джорджия	джорджия	LOC	543-2
Аризона	аризона	LOC	718-2
Невада	невада	LOC	769-2
Тръмп	тръмп	PER	374-0
Джо Байдън	джо байдън	PER	543-1
републиканците	републиканец	PER	598-4
Байдън	байдън	PER	431-1
Върховния съд на САЩ	върховен съд на сащ	ORG	696-1
Върховния съд на Пенсилвания	върховен съд на пенсилвания	ORG	696-3
Републиканците	републиканец	PER	598-4
Върховният съд на САЩ	върховен съд на сащ	ORG	696-2
Алабама	алабама	LOC	718-8
Арканзас	арканзас	LOC	718-19
Кентъки	кентъки	LOC	625-1
Луизиана	луизиана	LOC	691-0
Мисисипи	мисисипи	LOC	674-17
Мисури	мисури	LOC	674-2
Тексас	тексас	LOC	374-1
Флорида	флорида	LOC	664-3
Южна Дакота	южен дакота	LOC	1022-2
Южна Каролина	южен каролина	LOC	1022-0
Йонко Мермерски	йонко мермерски	PER	1021-7
България	българия	LOC	431-8
Блумбърг	блумбърг	ORG	431-5
Кейли Макенани	кейли макенани	PER	625-6
Мат Морган	мат морган	PER	675-26
Камала Харис	камала харис	PER	625-4
Университета на Флорида	университет на флорида	ORG	739-12
Питър Бъргърсън	питър бъргърсън	PER	749-10
Морис Фиорина	морис фиорина	PER	675-17
Института за война , революция и мир	институт за война , революция и мир	ORG	781-11
Станфордския университет	станфордски университет	ORG	477-6
Американския университет във Вашингтон	американски университет във вашингтон	ORG	718-17
Дейвид Люблин	дейвид люблин	PER	543-11
Аксиос	аксиос	PRO	718-21
Сената на САЩ	сенат на сащ	ORG	477-7
