130
Йоша Вебер	йоша вебер	PER	1021-5
Робърт Мюдж	робърт мюдж	PER	598-8
САЩ	сащ	LOC	475-0
Тръмп	тръмп	PER	371-0
Доналд Тръмп	доналд тръмп	PER	541-3
Уейн	уейн	LOC	739-4
Детройт	детройт	LOC	541-4
Туитър	туитър	PRO	371-4
Мичиган	мичиган	LOC	674-1
Уилям Брадли	уилям брадли	PER	739-3
Пенсилвания	пенсилвания	LOC	748-0
Уисконсин	уисконсин	LOC	739-0
Избирателната комисия на Уисконсин	избирателен комисия на уисконсин	ORG	781-19
Wisconsin Election Comission	wisconsin election comission	ORG	946-9
Ню Йорк Таймс	ню йорк таймс	PRO	769-1
Аризона	аризона	LOC	718-2
Великобритания	великобритания	LOC	695-0
Байдън	байдън	PER	429-0
Обама	обама	PER	656-1
The Sunday Express	the sunday express	PRO	822-14
Патрик Бешъм	патрик бешъм	PER	748-14
Democracy Institute	democracy institute	ORG	953-10
Бешъм	бешъм	PER	429-4
Лора Кокс	лора кокс	PER	691-14
Антрим Каунти	антрим каунти	ORG	718-3
Джо Байдън	джо байдън	PER	541-2
Джослин Бенсън	джослин бенсън	PER	541-6
Алекс Халдерман	алекс халдерман	PER	718-13
