83
Антония Руменова	антония руменова	PER	xxx
Съединените щати	съединя-(се) щат	LOC	xxx
Доналд Тръмп	доналд тръмп	PER	xxx
Демократическата партия	демократически партия	ORG	xxx
Джо Байдън	джо байдън	PER	xxx
Белия дом	бял дом	LOC	xxx
Камарата на представителите	камара на представител	ORG	xxx
Пенсилвания	пенсилвания	LOC	xxx
Уисконсин	уисконсин	LOC	xxx
Мичиган	мичиган	LOC	xxx
Северна Каролина	северен каролина	LOC	xxx
Джорджия	джорджия	LOC	xxx
САЩ	сащ	LOC	xxx
Тръмп	тръмп	PER	xxx
Байдън	байдън	PER	xxx
Ройтерс	ройтерс	ORG	xxx
БНР	бнр	ORG	xxx
Си Ен Ен	свой ен ен	PRO	xxx
Фокс Нюз	фокс нюз	ORG	xxx
Би Би Си	би би си	PRO	xxx
Невада	невада	LOC	xxx
Аризона	аризона	LOC	xxx
Мейн	мейн	LOC	xxx
