25
Байдън	байдън	PER	xxx
Белия дом	бял дом	LOC	xxx
Роналд Клейн	роналд клейн	PER	xxx
САЩ	сащ	LOC	xxx
Джо Байдън	джо байдън	PER	xxx
Роналд (	роналд (	PER	xxx
Рон ) Клейн	рон ) клейн	PER	xxx
Ройтерс	ройтерс	ORG	xxx
Клейн	клейн	PER	xxx
Камала Харис	камала харис	PER	xxx
Барак Обама	барак обама	PER	xxx
демократа	демократ	ORG	xxx
Демократическата партия	демократически партия	ORG	xxx
Обама	обама	PER	xxx
Covid-19	covid-19	ORG	xxx
Доналд Тръмп	доналд тръмп	PER	xxx
Клейн Байдън	клейн байдън	PER	xxx
Стив Ричети	стив ричети	PER	xxx
Брус Рийд	брус рийд	PER	xxx
Капитолия	капитолия	LOC	xxx
