41
Тръмп	тръмп	PER	xxx
САЩ	сащ	LOC	xxx
Мексико	мексико	LOC	xxx
Ерика Пинейро	ерика пинейро	PER	xxx
Al Otro Lado	al otro lado	ORG	xxx
Лос Анджелис	лос анджелис	LOC	xxx
Хондурас	хондурас	LOC	xxx
Гватемала	гватемала	LOC	xxx
Ел Салвадор	ел салвадор	LOC	xxx
Пинейро	пинейро	PER	xxx
Давид	давид	PER	xxx
Голиат	голиат	PER	xxx
Обама	обама	PER	xxx
Ню Йорк Таймс	ню йорк таймс	PRO	xxx
Другата страна	друг страна	ORG	xxx
American Civil Liberties Union	american civil liberties union	ORG	xxx
Ню Йорк	ню йорк	LOC	xxx
Ли Гелернт	ли гелернт	PER	xxx
Байдън	байдън	PER	xxx
Джо Байдън	джо байдън	PER	xxx
Ерика	ерика	PER	xxx
