127
Кание Уест	кание уест	PER	624-10
Доналд Тръмп	доналд тръмп	PER	540-0
Джо Байдън	джо байдън	PER	540-1
САЩ	сащ	LOC	475-0
Уест	уест	PRO	739-16
Белия дом	бял дом	LOC	429-1
Twitter	twitter	PRO	822-0
Деня на независимостта на Америка	ден на независимост на америка	EVT	540-9
Рожден ден	рожден ден	EVT	597-10
Ким Кардашиян	ким кардашиян	PER	624-19
Либертарианската	либертариански	ORG	691-16
Либертарианската партия	либертариански партия	ORG	691-30
Гари Джонсън	гари джонсън	PER	939-20
Ню Мексико	ню мексико	LOC	769-25
Джо Йоргенсен	джо йоргенсен	PER	540-6
Зелената партия	зелен партия	ORG	860-4
Джил Стайн	джил стайн	PER	540-8
Хилари Клинтън	хилари клинтън	PER	590-1
Пенсилвания	пенсилвания	LOC	748-0
Мичиган	мичиган	LOC	674-1
Уисконсин	уисконсин	LOC	739-0
Хауи Хокинс	хауи хокинс	PER	590-26
Демократическата партия	демократически партия	ORG	540-5
Колорадо	колорадо	LOC	624-6
Върмонт	върмонт	LOC	695-3
Партията за социализъм и освобождение	партия за социализъм и освобождение	ORG	748-27
Партията на алианса	партия на алианс	ORG	748-12
Партията на конституцията	партия на конституция	ORG	748-10
Дон Бланкеншип	дон бланкеншип	PER	540-16
Фил Колинс	фил колинс	PER	663-11
Брок Пиърс	брок пиърс	PER	429-6
Могъщите патици	могъщ патица	PRO	674-16
Първо дете	пръв дете	PRO	748-17
