122
САЩ	сащ	LOC	475-0
Тексас	тексас	LOC	371-1
Калифорния	калифорния	LOC	624-5
Флорида	флорида	LOC	663-1
Северна Каролина	северен каролина	LOC	475-3
Джорджия	джорджия	LOC	540-3
Мичиган	мичиган	LOC	673-0
Уисконсин	уисконсин	LOC	739-0
Вирджиния	вирджиния	LOC	695-2
Илинойс	илинойс	LOC	781-1
Охайо	охайо	LOC	656-0
Пенсилвания	пенсилвания	LOC	748-0
Тенеси	тенеси	LOC	371-3
Ню Джърси	ню джърси	LOC	768-4
Аризона	аризона	LOC	717-1
Колорадо	колорадо	LOC	624-6
Вашингтон	вашингтон	LOC	695-1
Минесота	минесота	LOC	673-3
Масачузетс	масачузетс	LOC	673-2
Covid-19	covid-19	ORG	892-1
Доналд Тръмп	доналд тръмп	PER	540-0
Белия Дом	бял дом	LOC	429-1
Джо Байдън	джо байдън	PER	540-1
Тръмп Election Project	тръмп election project	PER	371-5
Белия дом	бял дом	LOC	429-1
Републиканците	републиканец	PER	597-0
сенатори	сенатор	PER	475-1
Камарата на представителите	камара на представител	ORG	624-2
Джоузеф Байдън	джоузеф байдън	PER	540-2
