sl-19
Trump	Trump	PER	847-0
Donald Trump	Donald Trump	PER	967-0
Belo hišo	bel hiša	LOC	804-4
republikanska	republikanski	PER	xxx
državnega kongresa Michigana	državen kongres Michigan	ORG	xxx
Trumpovi	Trumpov	PER	847-0
Wayne	Wayne	LOC	951-0
Michiganu	Michigan	LOC	935-2
Detroit	Detroit	LOC	967-8
demokrata	demokrat	PER	967-1
Joeja Bidna	Joe Bidn	PER	1016-0
Trump Wayne	Trump Wayne	PER	847-0
Biden	Biden	PER	804-0
Wilmingtonu	Wilmington	LOC	951-1
Trumpovem	Trumpov	PER	847-0
republikancev	republikanec	PER	993-0
Trumpovo	Trumpov	PER	847-0
republikance	republikanec	PER	993-0
ZDA	ZDA	LOC	1058-0
Trumpove	Trumpov	PER	847-0
Rudyja Giulianija	Rudy Giuliani	PER	993-6
Voham	vohati	PER	xxx
Giuliani	Giuliani	PER	868-0
Chris Krebs	Chris Krebs	PER	898-3
Giulianijeva	Giulianijev	PER	868-4
demokratska	demokratski	LOC	xxx
Tanzaniji	Tanzanija	LOC	847-1
Venezuele	Venezuela	LOC	1047-6
Kube	Kuba	LOC	1043-0
Kitajske	Kitajska	LOC	1043-2
My Cousin	my Cousin	MISC	935-14
Vinny	Vinny	PER	935-14
Joe Pesci	Joe Pesci	PER	1016-18
Arizoni	Arizona	LOC	881-5
Georgii	Georgia	LOC	868-1
Novi Mehiki	nov Mehika	LOC	907-5
republikanskih	republikanski	PER	xxx
Marc Scaringi	Marc Scaringi	PER	935-21
Bidnu	Biden	PER	804-0
Bidnov	Bidnov	PER	804-5
Harvarda	Harvard	ORG	912-4
Nicholas Stephanopoulos	Nicholas Stephanopoulos	PER	907-8
