sl-219
Trumpova	Trumpov	PER	852-0
Donalda Trumpa	Donald Trump	PER	970-1
Trumpove	Trumpov	PER	852-0
Brada Parscaleja	Brad Parscale	PER	807-14
Trump	Trump	PER	852-0
Facebooku	Facebook	MISC	982-6
demokrate	demokrat	PER	970-2
Največja organizacija temnopoltih Američanov	velik organizacija temnopolt Američan	ORG	xxx
NAACP	NAACP	ORG	908-5
Alamo	Alamo	MISC	883-20
San Antonia	San Antonio	LOC	821-14
Teksasu	Teksas	LOC	852-1
Mehiška vojska	mehiški vojska	ORG	xxx
Alamu	Alam	LOC	883-21
Mehika	Mehika	LOC	937-3
Teksas	Teksas	LOC	852-1
ZDA	ZDA	LOC	1060-0
Cambridge Analytica	Cambridge Analytica	ORG	899-11
Trumpovo	Trumpov	PER	852-0
Ta	ta	ORG	xxx
Parscale	Parscale	ORG	924-14
demokratko	demokratka	PER	xxx
Hillary Clinton	Hillary Clinton	PER	912-1
republikanci	republikanec	PER	994-0
Facebook	facebook	PER	982-9
