sl-226
Biden	Biden	PER	807-2
Alejandra Mayorkasa	Alejandro Mayorkas	PER	884-26
Mayorkas	Mayorkas	PER	937-28
Kubi	Kuba	LOC	1044-2
Avril Haines	Avril Haines	PER	884-25
Cia	Cia	ORG	899-5
Anthonyja Blinkena	Anthony Blinken	PER	884-17
ZDA	ZDA	LOC	1060-0
Hillary Clinton	Hillary Clinton	PER	912-7
Jaka Sullivana	Jaka Sullivan	PER	1018-15
ZN	ZN	ORG	1061-7
Lindo Thomas Greenfield	Linda Thomas Greenfield	PER	1051-4
Kerryjev	Kerryjev	PER	1044-12
Trump	Trump	LOC	854-0
republikanca	republikanec	PER	994-0
Donalda Trumpa	Donald Trump	PER	970-1
republikanskih	republikanski	ORG	xxx
republikance	republikanec	ORG	994-0
Tom Ridge	Tom Ridge	PER	854-3
Agencije za nacionalno varnost	agencija za nacionalen varnost	ORG	884-14
NSA	NSA	ORG	908-13
Michael Hayden	Michael Hayden	PER	937-19
John Negroponte	John Negroponte	PER	1019-13
republikanec	republikanec	PER	994-0
Mitch McConnell	Mitch Mcconnell	PER	937-4
Bidnovo	Bidnov	PER	807-16
Irana	Iran	LOC	890-8
Izraela	Izrael	LOC	890-0
Kitajske	Kitajska	LOC	1044-3
Rusije	Rusija	LOC	994-3
Južnemkitajskem morju	južnemkitajski morje	LOC	1019-15
Palestincev	Palestinec	PER	924-20
Iraku	Irak	LOC	890-9
Afganistanu	Afganistan	LOC	884-13
ZDA nebu	ZDA nebo	LOC	1061-0
