sl-30
Američani	Američan	PER	884-0
Donaldom Trumpom	Donald Trump	PER	971-0
Joejem Bidnom	Joe Bidn	PER	1019-7
ZDA	ZDA	LOC	1062-0
Združenih državah Amerike	združen država Amerika	LOC	1062-2
Atlantika	Atlantik	LOC	884-27
Donald Trump	Donald Trump	PER	971-0
Joe Biden	Joe Biden	PER	1019-0
republikancu	republikanec	PER	995-3
Trumpu	Trump	PER	856-0
demokratko	demokratka	PER	xxx
Hillary Clinton	Hillary Clinton	PER	913-1
demokratov	demokrat	ORG	971-1
Bill Clinton	Bill Clinton	PER	809-8
Joeja Bidna	Joe Bidn	PER	1019-1
Bidnu	Bidn	PER	809-1
Trump	Trump	PER	856-0
Kalifornija	Kalifornija	LOC	1044-0
Aljaska	Aljaska	LOC	885-0
Delaware Columbia	Delaware Columbia	LOC	971-6
Montana	Montana	LOC	938-17
Severna	Severna	LOC	821-19
Južna Dakota	južen Dakota	LOC	1019-8
Vermont	Vermont	LOC	1019-8
Wyoming	Wyoming	LOC	952-11
Trumpa	Trump	PER	856-0
Ameriko	Amerika	LOC	885-1
Biden	Biden	PER	809-0
Barackom Obamo	Baracko Obama	PER	809-6
