sl-0
Asia Bibi	Asia Bibi	PER	12-5
Pakistan	Pakistan	LOC	6-23
Asio Bibi	Asia Bibi	PER	12-32
Asia	Asia	PER	12-12
Kanadi	Kanada	LOC	18-2
Pakistanska	pakistanski	PER	6-24
Asia Noreen	Asia Noreen	PER	12-12
Pakistanu	Pakistan	LOC	6-25
pakistanske	pakistanski	PER	6-24
Lahoreja	Lahore	LOC	41-11
Mohamedu	Mohamed	PER	5-34
Bibijeva	Bibijev	PER	29-15
BBC	BBC	ORG	29-3
Bibijevi	Bibijev	PER	29-30
Pakistanski	pakistanski	LOC	6-47
Bibijevo	Bibijev	PER	29-26
Bibijin	Bibijin	PER	29-45
papež Benedikt XVI.	papež Benedikt xvi.	PER	6-46
papež Frančišek	papež Frančišek	PER	6-55
Bibijino	Bibijin	PER	29-40
Maulana Yousaf Qureshi	Maulan Yousaf Qureshi	PER	5-59
The Guardian	the Guardian	PRO	21-15
pakistanskih kristjanov	pakistanski kristjan	PER	6-26
Shahbaz Bhatti	Shahbaz Bhatti	PER	15-14
Punjab	Punjab	LOC	6-57
Salmaan Taseer	Salmaan Taseer	PER	15-7
Bhatti	Bhatti	PER	29-28
Pakistana	Pakistan	LOC	6-25
pakistansko	pakistanski	PER	6-64
pakistanskih	pakistanski	PER	6-26
pakistanki	pakistanek	PER	6-82
BIbijeva	Bibijev	PER	29-15
pakistanska	pakistanski	PER	6-24
Saiful Muluk	Saiful Muluk	PER	15-15
Kanado	Kanada	LOC	18-2
