sl-66
AFP	AFP	ORG	ORG-AFP-Agence-France-Press
Bolgarija	Bolgarija	LOC	GPE-Bulgaria
Bolgarije	Bolgarija	LOC	GPE-Bulgaria
Bolgarijo	Bolgarija	LOC	GPE-Bulgaria
EU	EU	ORG	ORG-European-Union
Evropo	Evropa	LOC	LOC-Europe
Evropske komisije	Evropska komisija	ORG	ORG-European-Commission
Gazprom	Gazprom	ORG	ORG-Gazprom
Gazproma	Gazprom	ORG	ORG-Gazprom
Gazpromom	Gazprom	ORG	ORG-Gazprom
Grčijo	Grčija	LOC	GPE-Greece
Južni tok	Južni tok	PRO	PRO-South-Stream
Kremlju	Kremelj	ORG	ORG-Kremlin
Nemčijo	Nemčija	LOC	GPE-Germany
Romunijo	Romunija	LOC	GPE-Romania
Rusija	Rusija	LOC	GPE-Russia
Rusije	Rusija	LOC	GPE-Russia
Rusijo	Rusija	LOC	GPE-Russia
Severni tok 2	Severni tok 2	PRO	PRO-Nord-Stream-2
Slovenije	Slovenija	LOC	GPE-Slovenia
Srbijo	Srbija	LOC	GPE-Serbia
Strnadja 2	Strnadja 2	LOC	LOC-Strnadja-2
Temenoujka Petkova	Temenoujka Petkova	PER	PER-Temenoujka-Petkova
Turčije	Turčija	LOC	GPE-Turkey
Turčijo	Turčija	LOC	GPE-Turkey
Turškega toka	Turški tok	PRO	PRO-TurkStream
Turškem toku	Turški tok	PRO	PRO-TurkStream
Turški tok	Turški tok	PRO	PRO-TurkStream
Ukrajino	Ukrajina	LOC	GPE-Ukraine
ZDA	ZDA	LOC	GPE-USA
jugovzhodne Evrope	jugovzhodna Evropa	LOC	LOC-Southeast-Europe
južne	južni	LOC	LOC-Southern-Europe
Črnim morjem	Črno morje	LOC	LOC-Black-Sea
