sl-7
Afriki	Afrika	LOC	LOC-Africa
Dimitrij Rupel	Dimitrij Rupel	PER	PER-Dimitrij-Rupel
EU	EU	ORG	ORG-European-Union
Evropa	Evropa	LOC	LOC-Europe
Evropi	Evropa	LOC	LOC-Europe
Evropo	Evropa	LOC	LOC-Europe
Evropske unije	Evropska unija	ORG	ORG-European-Union
Igor Senčar	Igor Senčar	PER	PER-Igor-Senčar
Janez Janša	Janez Janša	PER	PER-Janez-Janša
Janeza Janše	Janez Janša	PER	PER-Janez-Janša
Janeza Janšo	Janez Janša	PER	PER-Janez-Janša
Janša	Janša	PER	PER-Janez-Janša
Janše	Janša	PER	PER-Janez-Janša
Kosova	Kosovo	LOC	GPE-Kosovo
LDS	LDS	ORG	ORG-Liberal-Democracy-of-Slovenia
Libiji	Libija	LOC	GPE-Libya
Ljubljani	Ljubljana	LOC	GPE-Ljubljana
Makedonije	Makedonija	LOC	GPE-Northern-Macedonia
NATO	NATO	ORG	ORG-NATO
Nato	Nato	ORG	ORG-NATO
Natu	Nato	ORG	ORG-NATO
Nemčija	Nemčija	LOC	GPE-Germany
Obrežje	Obrežje	LOC	LOC-Obrežje
Pahorjeva	Pahor	PER	PER-Borut-Pahor
Prešernovem trgu	Prešernov trg	LOC	LOC-Prešeren-Square
Rupel	Rupel	PER	PER-Dimitrij-Rupel
Rusije	Rusija	LOC	GPE-Russia
SDS	SDS	ORG	ORG-Slovenian-Democratic-Party
Severni tok 2	Severni tok 2	PRO	PRO-Nord-Stream-2
Siriji	Sirija	LOC	GPE-Syria
Slovenija	Slovenija	LOC	GPE-Slovenia
Slovenije	Slovenija	LOC	GPE-Slovenia
Slovenijo	Slovenija	LOC	GPE-Slovenia
Somaliji	Somalija	LOC	GPE-Somalia
Svetu EU	Svet EU	ORG	ORG-EU-Council
brexit	brexit	EVT	EVT-Brexit
brexitu	brexit	EVT	EVT-Brexit
podsaharski Afriki	podsaharska Afrika	LOC	LOC-Sub-Saharan-Africa
referenduma o vstopu Slovenije v Evropsko unijo in Nato	referenduma o vstopu Slovenije v Evropsko unijo in Nato	EVT	EVT-2003-Slovenian-European-Union-and-NATO-membership-referendum
referendumoma o vstopu Slovenije v EU in Nato	referenduma o vstopu Slovenije v EU in Nato	EVT	EVT-2003-Slovenian-European-Union-and-NATO-membership-referendum
schengensko območje	schengensko območje	LOC	LOC-Schengen-Area
zahodne Evrope	zahodna Evropa	LOC	LOC-Western-Europe
