sl-77
Baltskim morjem	Baltsko morje	LOC	LOC-Baltic-Sea
Danske	Danska	LOC	GPE-Denmark
EU	EU	ORG	ORG-European-Union
Evropa	Evropa	LOC	LOC-Europe
Evropski komisiji	Evropska komisija	ORG	ORG-European-Commission
Evropsko komisijo	Evropska komisija	ORG	ORG-European-Commission
Finske	Finska	LOC	GPE-Finland
Gazprom	Gazprom	ORG	ORG-Gazprom
Haagu	Haag	LOC	GPE-Hague
Jens Müller	Jens Müller	PER	PER-Jens-Müller
Nemčije	Nemčija	LOC	GPE-Germany
Nemčijo	Nemčija	LOC	GPE-Germany
Nord Stream 2	Nord Stream 2	ORG	ORG-Nord-Stream-2-AG
Pogodba o energetski listini	Pogodba o energetski listini	PRO	PRO-Energy-Charter-Treaty
Rusije	Rusija	LOC	GPE-Russia
Rusijo	Rusija	LOC	GPE-Russia
Severnega toka 2	Severni tok 2	PRO	PRO-Nord-Stream-2
Severni tok 2	Severni tok 2	PRO	PRO-Nord-Stream-2
Sodišče EU	Sodišče EU	ORG	ORG-European-Court-of-Justice
Stockholmu	Stockholm	LOC	GPE-Stockholm
Tass	Tass	ORG	ORG-TASS-Agency
Ukrajina	Ukrajina	LOC	GPE-Ukraine
Ukrajini	Ukrajina	LOC	GPE-Ukraine
plinske direktive EU	plinska direktiva EU	PRO	PRO-Gas-Directive-EU
pogodbi o energetski listini	pogodba o energetski listini	PRO	PRO-Energy-Charter-Treaty
Švedske	Švedska	LOC	GPE-Sweden
