sl-21
Ryanair	Ryanair	ORG	244-0
Evropi	Evropa	LOC	206-21
Irskem	Irsko	LOC	224-2
Ryanaira	Ryanair	ORG	244-0
Švedski sindikat pilotov	švedski sindikat pilot	ORG	242-4
SPF	SPF	ORG	221-22
letališču Skavsta	letališče Skavst	LOC	xxx
Stockholma	Stockholm	LOC	221-2
Švedskem	Švedsko	LOC	242-2
Ryanairu	Ryanair	ORG	244-0
Nizozemskem	Nizozemsko	LOC	238-5
nizozemsko	nizozemski	LOC	238-7
Vereinigung Cockpit	Vereinigung Cockpit	ORG	247-5
Ryanairovih	Ryanairov	ORG	244-1
Belgiji	Belgija	LOC	236-15
Italiji	Italija	LOC	224-4
Španiji	Španija	LOC	242-3
Portugalskem	Portugalsko	LOC	210-0
AFP	AFP	ORG	218-17
