sl-54
Adria	Adria	ORG	218-32
Lufthansa	Lufthansa	ORG	248-2
Evropi	Evropa	LOC	206-21
Swiss	Swiss	ORG	221-26
Brussels Airlines	Brussels Airlines	ORG	236-12
Cityjet	Cityjet	ORG	255-51
Brniku	Brnik	ORG	236-22
United	United	ORG	207-3
zdaj	zdaj	LOC	xxx
Slovenije	Slovenija	LOC	221-28
San Francisco	San Francisco	LOC	221-75
Ljubljano	Ljubljana	LOC	248-29
New York	New York	LOC	238-15
Frankfurta	Frankfurt	LOC	254-1
Züricha	Zürich	LOC	230-8
Čikago	Čikago	LOC	222-0
Houston	Houston	LOC	243-21
Združene države Amerike	združen država Amerika	LOC	230-29
Brnika	Brnik	LOC	236-22
Ljubljane	Ljubljana	LOC	248-29
evropske	evropski	LOC	206-31
Bruslja	Bruselj	LOC	236-18
Adrio	Adria	ORG	218-32
evroposlanci	evroposlanec	PER	xxx
Benetk	Benetke	LOC	236-8
Trevisa	Trevis	LOC	225-25
Evrope	Evropa	LOC	206-21
Ryanaira	Ryanair	ORG	244-0
Ryanairovega	Ryanairov	ORG	244-28
Ryanair	Ryanair	ORG	244-0
Michaela O'Learyja	Michael O'Leary	PER	209-17
The Economist	the Economist	PRO	225-51
Združenih državah	združen država	LOC	230-11
Wow	Wow	ORG	259-37
Flybmi	Flybmi	ORG	254-38
Germania	Germania	ORG	226-16
VLM	VLM	ORG	247-47
Primera Air	Primera Air	ORG	210-29
Latviji	Latvija	LOC	248-47
Cobalt Air	Cobalt Air	ORG	255-15
Azur Air	Azur Air	ORG	218-44
Small Planet Airlines	Small Planet Airlines	ORG	221-93
SkyWork	Skywork	ORG	221-65
Aigle Azur	Aigle Azur	ORG	218-46
