sl-62
boeing 737 MAX	boeing 737 Max	PRO	236-3
zdaj	zdaj	LOC	230-6
letal 737	letalo 737	PRO	248-32
MAX	Max	PRO	209-30
Boeing	Boeing	ORG	236-5
letala	letalo	PRO	248-32
737	737	PRO	248-32
100.	100.	PRO	xxx
Prvi 737	prvi 737	PRO	xxx
737 - 100	737 - 100	PRO	211-12
737 serije Next Generation	737 serija Next Generation	PRO	211-18
737 - 600	737 - 600	PRO	211-9
737 - 900	737 - 900	PRO	211-11
letal 737.	letalo 737.	PRO	248-32
MAX-7	MAX-7	PRO	209-78
8	8	PRO	xxx
9	9	PRO	xxx
200	200	PRO	212-1
MAX 200	Max 200	PRO	209-30
Ryanair	Ryanair	ORG	244-0
Airbusa	Airbus	ORG	218-37
Seattla	Seattle	LOC	221-70
McDonnel Douglasa	Mcdonnel Douglas	ORG	209-53
Airbusom	Airbus	ORG	218-38
Evropejci	Evropejec	PER	206-53
Boeingom	Boeing	ORG	236-5
Airbusova	Airbusov	ORG	218-92
737 - 800	737 - 800	PRO	211-2
Airbus A320	Airbus A320	PRO	218-6
Airbus	Airbus	ORG	218-37
Neo	Neo	PRO	238-43
737 Next Generation	737 Next Generation	PRO	211-17
Američani	Američan	PER	218-12
MAX.	max.	PRO	209-75
A320 Neo	A320 Neo	PRO	218-96
737 MAX	737 Max	PRO	211-3
–	–	PRO	xxx
A320	A320	PRO	218-7
Zdaj	zdaj	LOC	230-6
A320neo	a320neo	PRO	218-61
MCAS	MCAS	PRO	209-31
Lion Air	Lion Air	ORG	248-30
angle of attack – AoA senzorjih	angle of attack – AoA senzor	PRO	218-39
boeinga 737 MAX-8	boeing 737 MAX-8	PRO	236-3
angle of attack – AOA	angle of attack – AOA	PRO	218-39
MAX-a	Maxen	PRO	209-30
Etiopiji	Etiopija	LOC	206-30
ameriška Zvezna uprava za letalski promet	ameriški zvezen uprava za letalski promet	ORG	218-59
Ethiopian Airlines	Ethiopian Airlines	ORG	206-32
Zda	ZDA	LOC	230-28
Atlantik	Atlantik	LOC	218-49
ZDA	ZDA	LOC	230-5
MAX-i	Maxen	PRO	209-30
