sl-74
Adrie Airways	Adria Airways	ORG	218-31
odbor DZ za infrastrukturo	odbor DZ za infrastruktura	ORG	240-14
Levici	Levica	ORG	248-36
SDS	SDS	ORG	221-35
Zvonko Černač	Zvonko Černač	PER	230-23
Boruta Pahorja	Borut Pahor	PER	236-84
Alenke Bratušek	Alenka Bratušek	PER	218-112
Mira Cerarja	Miro Cerar	PER	209-59
Miha Kordiš	Miha Kordiš	PER	209-64
Levica	Levica	ORG	248-36
Bratuškove	Bratuškov	PER	236-72
Adria	Adria	ORG	218-32
Dušan Šiško	Dušan Šiško	PER	229-37
SNS	SNS	ORG	221-107
NSi	NSi	ORG	238-33
Aleksander Reberšek	Aleksander Reberšek	PER	218-104
Adriina	Adriin	ORG	218-36
Adria Airways	Adria Airways	ORG	218-31
Blaž Poljanšek	Blaž Poljanšek	PER	236-62
Poljanška	Poljanšek	PER	210-32
Czech Sport Aircraft	Czech Sport Aircraft	ORG	255-58
PS-28 Cruiser	ps-28 Cruiser	PRO	210-49
FNPT II	FNPT II	PRO	254-40
Finance	finance	ORG	254-56
Poljanšek	Poljanšek	PER	210-32
ATO	Ato	ORG	218-60
SD	SD	ORG	221-35
DeSUS	Desus	ORG	229-36
Evropsko komisijo	evropski komisija	ORG	206-17
SMC	SMC	ORG	221-54
Fraporta	Fraport	ORG	254-35
Maribor	Maribor	LOC	209-28
EU	EU	ORG	206-7
Zürich	Zürich	LOC	230-8
München	München	LOC	209-27
Frankfurt	Frankfurt	LOC	254-1
Bruselj	Bruselj	LOC	236-18
Balkan	Balkan	LOC	236-48
Brnika	Brnik	LOC	236-22
Adriini	Adriin	ORG	218-36
Zavod za zaposlovanje	zavod za zaposlovanje	ORG	230-31
Kranju	Kranj	LOC	223-39
Ljubljani	Ljubljana	LOC	248-29
Kamniku	Kamnik	LOC	223-19
Domžalah	Domžale	LOC	229-22
mreži evropskih služb za zaposlovanje	mreža evropski služba za zaposlovanje	ORG	209-37
EURES	Eures	ORG	206-64
Veliki Britaniji	velik Britanija	LOC	247-12
Easyjet	Easyjet	ORG	206-1
Etihad	Etihad	ORG	206-27
Ryanair	Ryanair	ORG	244-0
British Airways	British Airways	ORG	236-7
Virgin Atlantic	Virgin Atlantic	ORG	247-21
Qatar Airways	Qatar Airways	ORG	213-0
