bg-7
Антонио Таяни	Антонио Таяни	PER	PER-Antonio-Tajani
Асия Биби	Асия Биби	PER	PER-Asia-Bibi
Ашик Масих	Ашик Масих	PER	PER-Ashiq-Masih
Биби	Биби	PER	PER-Asia-Bibi
Брюксел	Брюксел	LOC	GPE-Brussles
Върховният съд на Пакистан	Върховен съд на Пакистан	ORG	ORG-Supreme-Court-of-Pakistan
ДПА	ДПА	ORG	ORG-DPA
Европейския парламент	Европейски парламент	ORG	ORG-European-Parlament
Ер Те Ел	Ер Те Ел	PRO	PRO-RTL-Radio
Италия	Италия	LOC	GPE-Italy
Масих	Масих	PER	PER-Ashiq-Masih
Матео Салвини	Матео Салвини	PER	PER-Matteo-Salvini
Пакистан	Пакистан	LOC	GPE-Pakistan
Помощ за църквата на нуждаещите се	Помощ за църквата на нуждаещите се	ORG	ORG-ACN-Aid-to-the-Church-in-Need
Ройтерс	Ройтерс	ORG	ORG-Reuters
Салвини	Салвини	PER	PER-Matteo-Salvini
Страсбург	Страсбург	LOC	GPE-Strasbourg
Таяни	Таяни	PER	PER-Antonio-Tajani
Терек е Лабайк	Терек е Лабайк	ORG	ORG-Tehreek-e-Labbaik-Pakistan
Туитър	Туитър	PRO	PRO-Twitter
пакистанката	пакистанка	PER	GPE-Pakistan
