bg-1327
ЕС	ЕС	ORG	ORG-European-Union
Брекзит	Брекзит	EVT	EVT-Brexit
Обединеното кралство	Обединеното кралство	LOC	GPE-Great-Britain
Великобритания	Великобритания	LOC	GPE-Great-Britain
Европарламента	европарламент	ORG	ORG-European-Parlament
европейците	европейци	PER	LOC-Europe
Ламанша	Ламанша	LOC	LOC-English-Channel
Съда на ЕС	Съд на ЕС	ORG	ORG-European-Court-of-Justice
Европейската комисия	Европейска комисия	ORG	ORG-European-Commission
ЕК	ЕК	ORG	ORG-European-Commission
Мишел Барние	Мишел Барние	PER	PER-Michel-Barnier
британците	британци	PER	GPE-Great-Britain
Европейския съвет	Европейски съвет	ORG	ORG-European-Council
Ирландия	Ирландия	LOC	GPE-Ireland
Северна Ирландия	Северна Ирландия	LOC	GPE-Northern-Ireland
Европейският парламент	Европейски парламент	ORG	ORG-European-Parlament
Европейският съвет	Европейски съвет	ORG	ORG-European-Council
евродепутатите	евродепутати	PER	ORG-European-Parlament
Европа	Европа	LOC	LOC-Europe
многогодишна финансова рамка	Многогодишна финансова рамка	PRO	PRO-Multiannual-Financial-Framework
Тереза Мей	Тереза Мей	PER	PER-Theresa-May
Лондон	Лондон	LOC	GPE-London
Европейската икономическа зона	Европейска икономическа зона	ORG	ORG-European-Economic-Area
Канада	Канада	LOC	GPE-Canada
Евросъюзът	Евросъюз	ORG	ORG-European-Union
