bg-1537
The Independent	The Independent	PRO	PRO-The-Independent
Тереза Мей	Тереза Мей	PER	PER-Theresa-May
Лондон	Лондон	LOC	GPE-London
CNN	CNN	PRO	PRO-CNN
Джон МакТернан	Джон МакТернан	PER	PER-John-McTernan
Тони Блеър	Тони Блеър	PER	PER-Tony-Blair
Брекзит	Брекзит	EVT	EVT-Brexit
Европейския съюз	Европейски съюз	ORG	ORG-European-Union
Обединеното кралство	Обединеното кралство	LOC	GPE-Great-Britain
Камарата на общините	Камара на общините	ORG	ORG-House-of-Commons
Теса Йоуъл	Теса Йоуъл	PER	PER-Tessa-Jowell
Мартин Донъли	Мартин Донъли	PER	PER-Martin-Donnelly
Лиъм Фокс	Лиъм Фокс	PER	PER-Liam-Fox
Борис Джонсън	Борис Джонсън	PER	PER-Boris-Johnson
Ирландия	Ирландия	LOC	GPE-Ireland
Северна Ирландия	Северна Ирландия	LOC	GPE-Northern-Ireland
Камдън	Камдън	LOC	LOC-Camden-Town
Уестминстър	Уестминстър	LOC	LOC-Westminster
Великобритания	Великобритания	LOC	GPE-Great-Britain
демократична юнионистка партия	Демократична юнионистка партия	ORG	ORG-Democratic-Unionist-Party
Тереза Май	Тереза Мей	PER	PER-Theresa-May
ЕС	ЕС	ORG	ORG-European-Union
шотландската народна партия	Шотландска народна партия	ORG	ORG-Scottish-National-Party
Консервативната партия	Консервативна партия	ORG	ORG-Conservative-and-Unionist-Party-UK
Партия на труда	Партия на труда	ORG	ORG-Labour-Party-UK
Джеръми Корбин	Джеръми Корбин	PER	PER-Jeremy-Corbyn
Даунинг стрийт	Даунинг стрийт	LOC	LOC-Downing-Street
