bg-1782
Ашли Фокс	Ашли Фокс	PER	PER-Ashley-Fox
Европа	Европа	LOC	LOC-Europe
Ангел Джамбазки	Ангел Джамбазки	PER	PER-Angel-Dzhambazki
ВМРО	ВМРО	ORG	ORG-VMRO-BG
Европейските консерватори и реформисти	Европейски консерватори и реформисти	ORG	ORG-European-Conservatives-and-Reformists-Group
ЕП	ЕП	ORG	ORG-European-Parlament
Тереза Мей	Тереза Мей	PER	PER-Theresa-May
Европейския съюз	Европейски съюз	ORG	ORG-European-Union
Брекзит	Брекзит	EVT	EVT-Brexit
Великобритания	Великобритания	LOC	GPE-Great-Britain
ЕС	ЕС	ORG	ORG-European-Union
Фокс	Фокс	PER	PER-Ashley-Fox
Европейския парламент	Европейски парламент	ORG	ORG-European-Parlament
Англия	Англия	LOC	GPE-England
Гибралтар	Гибралтар	LOC	GPE-Gibraltar
консерваторите	консерватори	PER	ORG-European-Conservatives-and-Reformists-Group
реформаторите	реформатори	PER	ORG-European-Conservatives-and-Reformists-Group
Хоризонт 2020	Хоризонт 2020	PRO	PRO-Horizon-2020
Еразъм	Еразъм	PRO	PRO-Erasmus-Programme
Брюксел	Брюксел	LOC	GPE-Brussles
Обединеното кралство	Обединеното кралство	LOC	GPE-Great-Britain
НАТО	НАТО	ORG	ORG-NATO
Великобритаия	Великобритаия	LOC	GPE-Great-Britain
Източна Европа	Източна Европа	LOC	LOC-Eastern-Europe
Британците	британци	PER	GPE-Great-Britain
консерваторът	консерватор	PER	ORG-Conservative-and-Unionist-Party-UK
Меркел	Меркел	PER	PER-Angela-Merkel
ЕК	ЕК	ORG	ORG-European-Commission
