bg-1730
ЕС	ЕС	ORG	ORG-European-Union
Тереза Мей	Тереза Мей	PER	PER-Theresa-May
Брюксел	Брюксел	LOC	GPE-Brussles
Тереза Май	Тереза Мей	PER	PER-Theresa-May
Брекзит	Брекзит	EVT	EVT-Brexit
Белфаст	Белфаст	LOC	GPE-Belfast
Телеграф	Телеграф	PRO	PRO-The-Telegraph
Европейската комисия	Европейска комисия	ORG	ORG-European-Commission
Мей	Мей	PER	PER-Theresa-May
Обединеното кралство	Обединеното кралство	LOC	GPE-Great-Britain
Великобритания	Великобритания	LOC	GPE-Great-Britain
ЕК	ЕК	ORG	ORG-European-Commission
Северна Ирландия	Северна Ирландия	LOC	GPE-Northern-Ireland
Даунинг стрийт	Даунинг стрийт	LOC	LOC-Downing-Street
Обединено кралство	Обединено кралство	LOC	GPE-Great-Britain
Ирландско море	Ирландско море	LOC	LOC-Irish-Sea
DUP	DUP	ORG	ORG-Democratic-Unionist-Party
консерваторите	консерватори	PER	ORG-Conservative-and-Unionist-Party-UK
Камарата на общините	Камара на общините	ORG	ORG-House-of-Commons
