bg-1432
Великобритания	Великобритания	LOC	GPE-Great-Britain
ЕС	ЕС	ORG	ORG-European-Union
Европейската комисия	Европейска комисия	ORG	ORG-European-Commission
Европейския съюз	Европейски съюз	ORG	ORG-European-Union
Обединеното кралство	Обединеното кралство	LOC	GPE-Great-Britain
Тереза Мей	Тереза Мей	PER	PER-Theresa-May
Мишел Барние	Мишел Барние	PER	PER-Michel-Barnier
Ирландско море	Ирландско море	LOC	LOC-Irish-Sea
Мей	Мей	PER	PER-Theresa-May
Лейбъристка	Лейбъристка	ORG	ORG-Labour-Party-UK
Шотландска национална партия	Шотландска национална партия	ORG	ORG-Scottish-National-Party
Брекзит	Брекзит	EVT	EVT-Brexit
Ирландия	Ирландия	LOC	GPE-Ireland
Северна Ирландия	Северна Ирландия	LOC	GPE-Northern-Ireland
Лейбъристката партия	Лейбъристка партия	ORG	ORG-Labour-Party-UK
Кир Стармър	Кир Стармър	PER	PER-Keir-Starmer
Лондон	Лондон	LOC	GPE-London
Саймън Кавъни	Саймън Кавъни	PER	PER-Simon-Coveney
Кавъни	Кавъни	PER	PER-Simon-Coveney
Reuters	Reuters	ORG	ORG-Reuters
Барние	Барние	PER	PER-Michel-Barnier
Брюксел	Брюксел	LOC	GPE-Brussles
ЕК	ЕК	ORG	ORG-European-Commission
The Guardian	The Guardian	PRO	PRO-The-Guardian
Джон Мейджър	Джон Мейджър	PER	PER-John-Major
Мейджър	Мейджър	PER	PER-John-Major
Politico	Politico	PRO	ORG-Politico
Шотландската национална партия	Шотландска национална партия	ORG	ORG-Scottish-National-Party
Стивън Гетинс	Стивън Гетинс	PER	PER-Stephen-Gethins
Даунинг стрийт	Даунинг стрийт	LOC	LOC-Downing-Street
Консервативната партия	Консервативна партия	ORG	ORG-Conservative-and-Unionist-Party-UK
ABC	ABC	PRO	PRO-ABC-News
Дъблин	Дъблин	LOC	GPE-Dublin
AFP	AFP	ORG	ORG-France-Presse
Европейския парламент	Европейски парламент	ORG	ORG-European-Parlament
Информационна агенция "Фокус"	Информационна агенция Фокус	ORG	ORG-Focus-News-Agency
