bg-1192
AFP	AFP	ORG	ORG-France-Presse
Обединеното кралство	Обединеното кралство	LOC	GPE-Great-Britain
Страсбург	Страсбург	LOC	GPE-Strasbourg
Великобритания	Великобритания	LOC	GPE-Great-Britain
Европейския съюз	Европейски съюз	ORG	ORG-European-Union
Лондон	Лондон	LOC	GPE-London
Брюксел	Брюксел	LOC	GPE-Brussles
Европейския парламент	Европейски парламент	ORG	ORG-European-Parlament
Politico	Politico	PRO	ORG-Politico
Проекторезолюция за приключване на дебата относно рамката на бъдещите отношения между ЕС и Обединеното кралство	Проекторезолюция за приключване на дебата относно рамката на бъдещите отношения между ЕС и Обединеното кралство	PRO	PRO-Draft-on-future-EU-UK-relations
ЕП	ЕП	ORG	ORG-European-Parlament
ЕС	ЕС	ORG	ORG-European-Union
Брекзит	Брекзит	EVT	EVT-Brexit
Тереза	Тереза	PER	PER-Theresa-May
Меншън хаус	Меншън хаус	LOC	LOC-Mansion-House
ЕАСТ	ЕАСТ	ORG	ORG-EFTA
ЕИП	ЕИП	ORG	ORG-European-Economic-Area
Тереза Герова	Тереза Герова	PER	PER-Theresa-Gerova
Тереза Мей	Тереза Мей	PER	PER-Theresa-May
Huffington Post	Huffington Post	PRO	PRO-Huffington-Post
консерваторите	консерватори	PER	ORG-Conservative-and-Unionist-Party-UK
Евросъюза	Евросъюз	ORG	ORG-European-Union
Мей	Мей	PER	PER-Theresa-May
Юлиян Марков	Юлиян Марков	PER	PER-Yuliyan-Markov
Джереми Хънт	Джереми Хънт	PER	PER-Jeremy-Hunt
The Independent	The Independent	PRO	PRO-The-Independent
Майкъл Хезълтайн	Майкъл Хезълтайн	PER	PER-Michael-Haseltine
The Guardian	The Guardian	PRO	PRO-The-Guardian
Хезълтайн	Хезълтайн	PER	PER-Michael-Haseltine
Observer	Observer	PRO	PRO-Observer
Европа	Европа	LOC	LOC-Europe
Ирландия	Ирландия	LOC	GPE-Ireland
Тони Блеър	Тони Блеър	PER	PER-Tony-Blair
Джон Мейджър	Джон Мейджър	PER	PER-John-Major
Мишел Барние	Мишел Барние	PER	PER-Michel-Barnier
Алеш Шмелар	Алеш Шмелар	PER	PER-Ales-Chmelar
Чешката република	Чешка република	LOC	GPE-Czech-Republic
Норвегия	Норвегия	LOC	GPE-Norway
Канада	Канада	LOC	GPE-Canada
Европейската агенция за безопасността на полетите	Европейска агенция за безопасността на полетите	ORG	ORG-European-Aviation-Safety-Agency
Ги Верхофстад	Ги Верхофстад	PER	PER-Guy-Verhofstad
Манфред Вебер	Манфред Вебер	PER	PER-Manfred-Weber
Групата на ЕНП в ЕП	Група на ЕНП в ЕП	ORG	ORG-EPP-group-in-European-Parlament
Виктор Турмаков	Виктор Турмаков	PER	PER-Viktor-Turmakov
Европейската агенция за лекарствата	Европейска агенция за лекарствата	ORG	ORG-European-Medicines-Agency
Европейската агенция за химикалите	Европейска агенция за химикали	ORG	ORG-European-Chemicals-Agency
Европейската агенциа за безопасността на полетите	Европейска агенция за безопасността на полетите	ORG	ORG-European-Aviation-Safety-Agency
Андрю Диърден	Андрю Диърдън	PER	PER-Andrew-Dearden
Британската медицинска асоциация	Британска медицинска асоциация	ORG	ORG-British-Medical-Association
Дъблин	Дъблин	LOC	GPE-Dublin
Лео Варадкар	Лео Варадкар	PER	PER-Leo-Varadkar
Митническия съюз на ЕС	Митнически съюз на ЕС	ORG	ORG-European-Union-Customs-Union
Reuters	Reuters	ORG	ORG-Reuters
Варадкар	Варадкар	PER	PER-Leo-Varadkar
Северна Ирландия	Северна Ирландия	LOC	GPE-Northern-Ireland
Република Ирландия	Република Ирландия	LOC	GPE-Ireland
