bg-1665
Скрипал	Скрипал	PER	PER-Siergiej-Skripal
Брекзита	Брекзит	EVT	EVT-Brexit
британците	британци	PER	GPE-Great-Britain
Брекзит	Брекзит	EVT	EVT-Brexit
Дойче Веле	Дойче Веле	PRO	PRO-Deutsche-Welle
Антъни Глийс	Антъни Глийс	PER	PER-Anthony-Glees
Германия	Германия	LOC	GPE-Germany
Волфган Шойбле	Волфган Шойбле	PER	PER-Wolfgang-Schauble
Функе	Функе	PRO	PRO-Funke
Сергей Скрипал	Сергей Скрипал	PER	PER-Siergiej-Skripal
Европа	Европа	LOC	LOC-Europe
Втората световна война	Втора световна война	EVT	EVT-WWII
Великобритания	Великобритания	LOC	GPE-Great-Britain
Волфганг Шойбле	Волфганг Шойбле	PER	PER-Wolfgang-Schauble
британци	британци	PER	GPE-Great-Britain
ЕС	ЕС	ORG	ORG-European-Union
Брекзитът	Брекзит	EVT	EVT-Brexit
Глийс	Глийс	PER	PER-Anthony-Glees
Британците	британци	PER	GPE-Great-Britain
Англия	Англия	LOC	GPE-England
Русия	Русия	LOC	GPE-Russia
Юлия	Юлия	PER	PER-Yulia-Skripal
Лондон	Лондон	LOC	GPE-London
Атлантика	Атлантика	LOC	LOC-Atlantic
Европол	Европол	ORG	ORG-Europol
Тереза Мей	Тереза Мей	PER	PER-Theresa-May
Обединеното кралство	Обединеното кралство	LOC	GPE-Great-Britain
Путин	Путин	PER	PER-Vladimir-Putin
Солсбъри	Солсбъри	LOC	GPE-Salisbury
Мей	Мей	PER	PER-Theresa-May
Гевин Уилямсън	Гевин Уилямсън	PER	PER-Gavin-Williamson
Кремъл	Кремъл	LOC	LOC-Kremlin
Телеграф	Телеграф	PRO	PRO-The-Telegraph
Москва	Москва	LOC	GPE-Moscow
