bg-975
Сънди таймс	Съндей Таймс	PRO	PRO-The-Sunday-Times
Мей	Мей	PER	PER-Theresa-May
Тереза Мей	Тереза Мей	PER	PER-Theresa-May
Лондон	Лондон	LOC	GPE-London
ЕС	ЕС	ORG	ORG-European-Union
Брекзит	Брекзит	EVT	EVT-Brexit
Асошиейтед прес	Асошиейтед прес	ORG	ORG-The-Associated-Press
ТАСС	ТАСС	ORG	ORG-TASS-Agency
Консервативна партия	Консервативна партия	ORG	ORG-Conservative-and-Unionist-Party-UK
Борис Джонсън	Борис Джонсън	PER	PER-Boris-Johnson
Майкъл Гоув	Майкъл Гоув	PER	PER-Michael-Gove
Джейкъб Рийс-Мог	Джейкъб Рийс-Мог	PER	PER-Jacob-Rees-Mogg
Брекзита	Брекзит	EVT	EVT-Brexit
Джонсън	Джонсън	PER	PER-Boris-Johnson
БТА	БТА	ORG	ORG-Bulgarian-News-Agency
Лиъм Фокс	Лиъм Фокс	PER	PER-Liam-Fox
Брюксел	Брюксел	LOC	GPE-Brussles
Филип Хамънд	Филип Хамънд	PER	PER-Philip-Hammond
Великобритания	Великобритания	LOC	GPE-Great-Britain
АП	АП	ORG	ORG-The-Associated-Press
Бърнард Дженкин	Бърнард Дженкин	PER	PER-Bernard-Jenkin
Хамънд	Хамънд	PER	PER-Philip-Hammond
британци	британци	PER	GPE-Great-Britain
Сънди телеграф	Сънди телеграф	PRO	PRO-The-Sunday-Telegraph
