bg-749
Бизнес Инсайдър	Бизнес Инсайдър	PRO	PRO-Business-Insider
Инсайдър	Инсайдър	PRO	PRO-Business-Insider
Европейският парламент	Европейски парламент	ORG	ORG-European-Parlament
Великобритания	Великобритания	LOC	GPE-Great-Britain
Брекзит	Брекзит	EVT	EVT-Brexit
Мишел Барние	Мишел Барние	PER	PER-Michel-Barnier
Business Insider	Business Insider	PRO	PRO-Business-Insider
Обединеното кралство	Обединеното кралство	LOC	GPE-Great-Britain
ЕК	ЕК	ORG	ORG-European-Commission
ЕС	ЕС	ORG	ORG-European-Union
Канада	Канада	LOC	GPE-Canada
европейския парламент	Европейски парламент	ORG	ORG-European-Parlament
Ги Верхофстад	Ги Верхофстад	PER	PER-Guy-Verhofstad
Европейския парламент	Европейски парламент	ORG	ORG-European-Parlament
Украйна	Украйна	LOC	GPE-Ukraine
Киев	Киев	LOC	GPE-Kiev
Грузия	Грузия	LOC	GPE-Georgia
Молдова	Молдова	LOC	GPE-Moldova
Западните Балкани	Западни Балкани	LOC	LOC-Western-Balkans
Консервативната партия	Консервативна партия	ORG	ORG-Conservative-and-Unionist-Party-UK
Тереза Мей	Тереза Мей	PER	PER-Theresa-May
