bg-1059
The Telegraph	The Telegraph	PRO	PRO-The-Telegraph
Тереза Мей	Тереза Мей	PER	PER-Theresa-May
Лондон	Лондон	LOC	GPE-London
Великобритания	Великобритания	LOC	GPE-Great-Britain
Европейския съюз	Европейски съюз	ORG	ORG-European-Union
Брекзит	Брекзит	EVT	EVT-Brexit
Грег Кларк	Грег Кларк	PER	PER-Greg-Clark
Тойота	Тойота	ORG	ORG-Toyota
Юлиян Марков	Юлиян Марков	PER	PER-Yuliyan-Markov
Информационна агенция "Фокус"	Информационна агенция Фокус	ORG	ORG-Focus-News-Agency
лейбъристи	лейбъристи	PER	ORG-Labour-Party-UK
Sunday Express	Sunday Express	PRO	PRO-Sunday-Express
ЕС	ЕС	ORG	ORG-European-Union
лейбъристите	лейбъристи	PER	ORG-Labour-Party-UK
Каролин Флинт	Каролин Флинт	PER	PER-Caroline-Flint
лейбъристката партия	Лейбъристка партия	ORG	ORG-Labour-Party-UK
консерваторите	консерватори	PER	ORG-Conservative-and-Unionist-Party-UK
Стив Хоуъл	Стив Хоуъл	PER	PER-Steve-Howell
Джереми Корбин	Джереми Корбин	PER	PER-Jeremy-Corbyn
консерватори	консерватори	PER	ORG-Conservative-and-Unionist-Party-UK
Камарата на лордовете	Камара на лордовете	ORG	ORG-House-of-Lords
Камарата на Общините	Камара на общините	ORG	ORG-House-of-Commons
Джулиян Смит	Джулиян Смит	PER	PER-Julian-Smith
Европейското икономическо пространство	Европейско икономическо пространство	ORG	ORG-European-Economic-Area
Европейската асоциация за свободна търговия	Европейска асоциация за свободна търговия	ORG	ORG-EFTA
Лейбъристката партия	Лейбъристка партия	ORG	ORG-Labour-Party-UK
Консервативната партия	Консервативна партия	ORG	ORG-Conservative-and-Unionist-Party-UK
The Daily Express	The Daily Express	PRO	PRO-The-Daily-Express
Иън Дънкан Смит	Иън Дънкан Смит	PER	PER-Iain-Duncan-Smith
Лейбъристите	лейбъристи	PER	ORG-Labour-Party-UK
Смит	Смит	PER	PER-Iain-Duncan-Smith
Джейкъб Рийс-Мог	Джейкъб Рийс-Мог	PER	PER-Jacob-Rees-Mogg
Йонислав Дочев	Йонислав Дочев	PER	PER-Yonislav-Donchev
