bg-1550
Макрон	Макрон	PER	PER-Emmanuel-Macron
Обновление	Обновление	ORG	ORG-Renew
Renew	Renew	ORG	ORG-Renew
Великобритания	Великобритания	LOC	GPE-Great-Britain
Република, напред!	Република, напред!	ORG	ORG-La-Republique-En-Marche
En Marche	En Marche	ORG	ORG-La-Republique-En-Marche
Еманюел Макрон	Еманюел Макрон	PER	PER-Emmanuel-Macron
БТА	БТА	ORG	ORG-Bulgarian-News-Agency
Брекзит	Брекзит	EVT	EVT-Brexit
ЕС	ЕС	ORG	ORG-European-Union
Джеймс Кларк	Джеймс Кларк	PER	PER-James-Clark
Консервативна партия	Консервативна партия	ORG	ORG-Conservative-and-Unionist-Party-UK
великобритания	Великобритания	LOC	GPE-Great-Britain
Либерал-демократи	Либерал-демократи	ORG	ORG-Liberal-Democrats
Кларк	Кларк	PER	PER-Greg-Clark
Франция	Франция	LOC	GPE-France
АФП	АФП	ORG	ORG-France-Presse
Тереза Мей	Тереза Мей	PER	PER-Theresa-May
Крис Коглан	Крис Коглан	PER	PER-Chris-Coghlan
Южен Лондон	Южен Лондон	LOC	LOC-South-London
Обединеното кралство	Обединеното кралство	LOC	GPE-Great-Britain
Grassroots Coordinating Group	Grassroots Coordinating Group	ORG	PRO-Grassroots-Coordinating-Committee
Брюксел	Брюксел	LOC	GPE-Brussles
Андрю Адонис	Андрю Адонис	PER	PER-Andrew-Adonis
Камарата на лордовете	Камара на лордовете	ORG	ORG-House-of-Lords
Нашето бъдеще, нашият избор	Нашето бъдеще, нашият избор	ORG	ORG-Our-Future-Our-Choice
Our Future Our Choice	Our Future Our Choice	ORG	ORG-Our-Future-Our-Choice
Най-доброто за Британия	Най-доброто за Британия	ORG	ORG-Best-for-Britain
Best for Britain	Best for Britain	ORG	ORG-Best-for-Britain
Джордж Сорос	Джордж Сорос	PER	PER-George-Soros
Лондон	Лондон	LOC	GPE-London
