bg-1353
Брекзит	Брекзит	EVT	EVT-Brexit
Обединеното кралство	Обединеното кралство	LOC	GPE-Great-Britain
Ромфърд	Ромфърд	LOC	LOC-Romford-Market
Европейския съюз	Европейски съюз	ORG	ORG-European-Union
Лондон	Лондон	LOC	GPE-London
Тахмид Чодхури	Тахмид Чодхури	PER	PER-Tahmid-Chowdhury
БТА	БТА	ORG	ORG-Bulgarian-News-Agency
Великобритания	Великобритания	LOC	GPE-Great-Britain
ЕС	ЕС	ORG	ORG-European-Union
британци	британци	PER	GPE-Great-Britain
консерватори	консерватори	PER	ORG-Conservative-and-Unionist-Party-UK
лейбъристи	лейбъристи	PER	ORG-Labour-Party-UK
Брекзитът	Брекзит	EVT	EVT-Brexit
Англия	Англия	LOC	GPE-England
Брюксел	Брюксел	LOC	GPE-Brussles
Тереза Мей	Тереза Мей	PER	PER-Theresa-May
Ирландия	Ирландия	LOC	GPE-Ireland
Северна Ирландия	Северна Ирландия	LOC	GPE-Northern-Ireland
Джон Къртис	Джон Къртис	PER	PER-John-Curtice
университета в Стратклайд	Университет в Стратклайд	ORG	ORG-University-of-Strathclyde
британците	британци	PER	GPE-Great-Britain
Брекзита	Брекзит	EVT	EVT-Brexit
Камарата на общините	Камара на общините	ORG	ORG-House-of-Commons
Камарата на лордовете	Камара на лордовете	ORG	ORG-House-of-Lords
Сън	Сън	PRO	PRO-The-Sun
Дейли мейл	Дейли мейл	PRO	PRO-Daily-Mail
Еърбъс	Еърбъс	ORG	ORG-Airbus-SE
Ананд Менон	Ананд Менон	PER	PER-Anand-Menon
Чейнджинг Юръп	Чейнджинг Юръп	ORG	ORG-Changing-Europe
Хейвъринг	Хейвъринг	LOC	GPE-Havering
Бил Пиърсън	Бил Пиърсън	PER	PER-Bill-Pierson
Пиърсън	Пиърсън	PER	PER-Bill-Pierson
Чодхури	Чодхури	PER	PER-Tahmid-Chowdhury
Европа	Европа	LOC	LOC-Europe
