cs-117
Německu	Německo	LOC	151-10
Nord Stream -	Nord Stream -	PRO	151-8
Nord Stream	Nord Stream	PRO	151-8
Německa	Německo	LOC	151-10
Finskem	Finsko	LOC	168-68
Švédsko	Švédsko	LOC	156-0
Rusko	Rusko	LOC	158-0
Dánsko	Dánsko	LOC	143-35
Gazpromu	Gazprom	ORG	140-4
Dánsku	Dánsko	LOC	143-36
Nord Stream - 2	Nord Stream - 2	PRO	151-8
Ruska	Rusko	LOC	158-1
Ukrajina	Ukrajina	LOC	119-9
Spojené státy	spojený stát	LOC	134-71
Kyjev	Kyjev	LOC	137-0
USA	USA	LOC	119-13
Evropy	Evropa	LOC	118-2
Litva	Litva	LOC	163-1
Evropa	Evropa	LOC	118-36
německá	německý	LOC	151-11
Angela Merkelová	Angelo Merkelová	PER	131-1
Petro Porošenkem	Petro Porošenk	PER	124-40
Merkelové	Merkelová	PER	123-14
Vladimírem Putinem	Vladimír Putin	PER	161-3
