cs-40
Němci	Němec	PER	151-15
Kiska	Kiska	PER	137-11
Nord Stream 2	Nord Stream 2	PRO	151-8
Nord Stream	Nord Stream	PRO	151-8
Ruska	Rusko	LOC	158-1
Německa	Německo	LOC	151-10
Baltské moře	Baltský moře	LOC	149-14
Moskvě	Moskva	LOC	123-10
Ukrajinu	Ukrajina	LOC	119-9
Evropy	Evropa	LOC	144-2
střední Evropě	střední Evropa	LOC	134-22
Evropa	Evropa	LOC	118-36
Slovenska	Slovensko	LOC	134-11
Evropskou unii	evropský unie	ORG	118-11
NATO	NATO	ORG	151-19
Rusko	Rusko	LOC	158-0
Kreml	Kreml	LOC	137-2
Rakušané	Rakušan	PER	158-41
Česko	Česko	LOC	135-0
Bohuslava Sobotky	Bohuslav Sobotka	PER	149-73
Polska	Polsko	LOC	124-34
