cs-504
Babiš	Babiš	PER	149-33
USA	USA	LOC	119-13
Perrym	Perry	PER	124-107
Andrej Babiš	Andrej Babiš	PER	131-16
ANO	ano	ORG	131-26
Rickem Perrym	Ricko Perry	PER	158-16
střední Evropě	střední Evropa	LOC	134-22
Evropě	Evropa	LOC	118-2
Nord Stream 2	Nord Stream 2	PRO	151-8
Spojené státy	spojený stát	LOC	134-71
EU	EU	ORG	118-8
tiskový odbor Strakovy akademie	tiskový odbor Strakův akademie	ORG	139-62
Česku	Česko	LOC	135-0
Westinghouse	Westinghouse	ORG	174-7
Prahy	Praha	LOC	124-32
Sofie	Sofie	LOC	134-12
evropský regionální úřad amerického ministerstva energetiky	evropský regionální úřad americký ministerstvo energetika	ORG	118-16
Česka	Česko	LOC	135-0
Perry	Perry	PER	124-14
Polsko	Polsko	LOC	124-34
Maďarsko	Maďarsko	LOC	123-7
Ukrajinu	Ukrajina	LOC	119-9
Reuters	Reuters	ORG	158-7
