cs-105
Evropa	Evropa	LOC	118-36
Macron	Macron	PER	123-5
Putina	Putina	PER	124-2
Emmanuel Macron	Emmanuel Macron	PER	118-37
Vladimirem Putinem	Vladimir Putin	PER	161-3
Sýrii	Sýrie	LOC	134-4
Petrohradu	Petrohrad	LOC	124-45
Putinovi	Putin	PER	124-2
Putinem	Putin	PER	124-0
Merkelová	Merkelová	PER	123-4
Německá	německý	LOC	151-11
Angela Merkelová	Angelo Merkelová	PER	131-1
Íránu	Írán	LOC	117-2
Nord Stream 2	Nord Stream 2	PRO	151-8
Ruska	Rusko	LOC	158-1
Německa	Německo	LOC	151-10
Ukrajinu	Ukrajina	LOC	119-9
Evropy	Evropa	LOC	118-2
Ukrajina	Ukrajina	LOC	119-9
Německo	Německo	LOC	151-10
Washington	Washington	LOC	174-5
Bílého domu	bílý dům	LOC	149-2
