cs-56
Polsko	Polsko	LOC	124-34
Německo	Německo	LOC	151-10
Nord Stream - 2	Nord Stream - 2	PRO	151-8
Skripalovi	Skripal	PER	134-13
Polska	Polsko	LOC	124-34
Konrad Szymanski	Konrad Szymanski	PER	137-80
německou	německý	LOC	151-11
Angelou Merkelovou	Angela Merkelová	PER	131-1
Varšavu	Varšava	LOC	161-4
GRU	GRU	ORG	140-58
Sergeje Skripala	Sergej Skripal	PER	134-15
Salisbury	Salisbury	LOC	134-72
RMF FM	RMF FM	PRO	158-18
Evropě	Evropa	LOC	118-2
polského	polský	LOC	124-106
Mateusze Morawieckého	Mateusz Morawiecký	PER	123-16
Merkelovou	Merkelová	PER	123-14
Nord Stream – 2	Nord Stream – 2	PRO	151-14
Varšava	Varšava	LOC	161-4
Ukrajinu	Ukrajina	LOC	119-9
pobaltské země	pobaltský země	LOC	124-140
střední Evropě	střední Evropa	LOC	134-22
