cs-210
Nord Stream 2	Nord Stream 2	PRO	151-8
Evropě	Evropa	LOC	118-2
Bratislava	Bratislava	LOC	149-9
Ruska	Rusko	LOC	158-1
Německa	Německo	LOC	151-10
Evropy	Evropa	LOC	118-2
Bratislavě	Bratislava	LOC	149-9
USA	USA	LOC	119-13
Wess Mitchell	Wess Mitchell	PER	174-32
Slovensko	Slovensko	LOC	134-11
západní Evropy	západní Evropa	LOC	144-2
Evropu	Evropa	LOC	118-2
Mitchell	Mitchell	PER	123-9
slovenského	slovenský	LOC	134-10
Ivanem Korčokem	Ivan Korčok	PER	138-2
Nord Stream	Nord Stream	PRO	151-8
Baltské moře	Baltský moře	LOC	149-14
Moskvě	Moskva	LOC	123-10
Ukrajinu	Ukrajina	LOC	119-9
Vladimir Putin	Vladimir Putin	PER	161-3
Angelou Merkelovou	Angela Merkelová	PER	131-1
Rusko	Rusko	LOC	158-0
Korčok	Korčok	PER	137-3
Tatrami	Tatry	LOC	139-16
Evropská unie	evropský unie	ORG	118-7
Spojené státy	spojený stát	LOC	134-71
Evropské unii	evropský unie	ORG	118-7
Donalda Trumpa	Donald Trumpa	PER	143-7
