cs-127
Polsku	Polsko	LOC	124-35
Nord Stream - 2	Nord Stream - 2	PRO	151-8
Polský Úřad pro hospodářskou soutěž a ochranu spotřebitelů	polský úřad pro hospodářský soutěž a ochrana spotřebitel	ORG	124-82
UOKIK	UokiK	ORG	119-2
Gazpromi“	Gazpromi“	ORG	140-5
Varšavě	Varšava	LOC	161-4
Polska	Polsko	LOC	124-34
Nord Streamu	Nord Stream	PRO	151-8
Gazprom“	Gazprom“	ORG	140-5
Gazpromu	Gazprom	ORG	140-4
Nord Stream 2 AG	Nord Stream 2 AG	ORG	151-3
North Stream - 2	North Stream - 2	PRO	151-31
Baltského moře	baltský moře	LOC	149-5
Německa	Německo	LOC	151-10
Gazprom	Gazprom	ORG	140-4
Shell	Shell	ORG	134-1
OMV	OMV	ORG	153-3
Engie	Engie	ORG	118-5
Uniper	Uniper	ORG	119-0
Wintershall	Wintershall	ORG	174-4
německé	německý	LOC	151-11
