cs-71
Gazprom	Gazprom	ORG	140-4
Ukrajiny	Ukrajina	LOC	119-9
Nord Stream 2	Nord Stream 2	PRO	151-8
Ukrajinou	Ukrajina	LOC	119-9
Eugal	Eugal	PRO	118-0
Baltského moře	baltský moře	LOC	149-5
Polska	Polsko	LOC	124-34
ČR	ČR	LOC	135-6
německý	německý	LOC	xxx
Gascade	Gascade	ORG	140-2
Eugalu	Eugal	PRO	118-0
Naftogaz	Naftogaz	ORG	151-36
Ukrajinu	Ukrajina	LOC	119-9
Evropy	Evropa	LOC	118-2
Reuters	Reuters	ORG	158-7
Tureckem	Turecko	LOC	139-7
Bulharsko	Bulharsko	LOC	149-13
Srbsko	Srbsko	LOC	134-6
Maďarsko	Maďarsko	LOC	123-7
