cs-85
Rusko	Rusko	LOC	158-0
Číně	Čína	LOC	135-1
Síla Sibiře	síla Sibira	PRO	134-7
Čína	Čína	LOC	135-14
Gazprom	Gazprom	ORG	140-4
Evropy	Evropa	LOC	118-2
Asie	Asie	LOC	131-24
Bajkal	Bajkal	LOC	149-35
Čajandinskoje	Čajandinskoj	LOC	135-10
Blagovešensk	Blagovešensk	LOC	149-36
Moskvy	Moskva	LOC	123-6
Čínou	Čína	LOC	135-1
Gazpromu	Gazprom	ORG	140-4
Evropě	Evropa	LOC	118-2
EU	EU	ORG	118-8
Nord Stream	Nord Stream	PRO	151-8
Brusel	Brusel	LOC	149-19
Nord Stream - 2	Nord Stream - 2	PRO	151-8
Ukrajinu	Ukrajina	LOC	119-9
