cs-424
Jan Urbach	Jan Urbach	PER	114-8
Nord Stream 2	Nord Stream 2	PRO	151-8
Rusové	Rus	PER	158-40
Rusko	Rusko	LOC	158-0
Süddeutsche Zeitung	Süddeutsche Zeitung	PRO	134-165
Kremlu	Kreml	LOC	137-2
Dmitrij Peskov	Dmitrij Peskov	PER	143-14
Vlaimira Putina	Vlaimir Putina	PER	161-3
Angelou Merkelovou	Angela Merkelová	PER	131-1
Gazpromu	Gazprom	ORG	140-4
Moskva	Moskva	LOC	123-8
USA	USA	LOC	119-13
Ruskem	Rusko	LOC	158-4
Berlín	Berlín	LOC	149-3
Evropská komise	evropský komise	ORG	118-9
Ukrqajinu	Ukrqajina	LOC	119-45
Washington	Washington	LOC	174-5
Evropy	Evropa	LOC	118-2
Donalda Trumpa	Donald Trumpa	PER	143-7
Jeanem - Claudem Junckerem	Jean - Claud Juncker	PER	114-0
Vasevec . cz	Vasevec . cz	PRO	161-39
