cs-101
Putin	Putin	PER	124-0
Ukrajinu	Ukrajina	LOC	119-9
Trump	Trump	PER	139-0
Vladimir Putin	Vladimir Putin	PER	161-3
Angelou Merkelovou	Angela Merkelův	PER	131-89
Nord Stream 2	Nord Stream 2	PRO	151-8
Evropy	Evropa	LOC	118-2
Donaldu Trumpovi	Donald Trumpe	PER	143-6
Mülheim an der Ruhr	Mülheim a der Ruhr	LOC	123-118
Severním Porýní - Vestfálsku	severní Porýní - Vestfálsko	LOC	134-93
Baltskému moři	baltský moře	LOC	149-5
Mülheimu	Mülheim	LOC	123-88
Greifswaldském zálivu	greifswaldský záliv	LOC	140-47
Rusko	Rusko	LOC	158-0
Německa	Německo	LOC	151-10
Bílém domě	bílý dům	LOC	149-2
Varšavě	Varšava	LOC	161-4
Soči	Soč	LOC	134-3
Bratislavě	Bratislava	LOC	149-9
Garzpromu	Garzprom	ORG	140-29
Kreml	Kreml	LOC	137-2
