cs-227
Porošenko	Porošenko	PER	124-42
EU	EU	ORG	118-8
Nord Stream	Nord Stream	PRO	151-8
Brusel	Brusel	LOC	149-19
Reuters	Reuters	ORG	158-7
Nord Stream 2	Nord Stream 2	PRO	151-8
Evropské unie	evropský unie	ORG	118-7
Baltského moře	baltský moře	LOC	149-5
Německa	Německo	LOC	151-10
Petra Porošenka	Petr Porošenka	PER	124-40
Bruselu	Brusel	LOC	149-19
Evropské komise	evropský komise	ORG	118-9
EK	EK	ORG	118-13
Jeanem - Claudem Junckerem	Jean - Claud Juncker	PER	114-0
Evropské rady	evropský rada	ORG	118-14
Donaldem Tuskem	Donald Tusko	PER	143-16
Německo	Německo	LOC	151-10
Ukrajinu	Ukrajina	LOC	119-9
Unii	unie	ORG	119-10
Tusk	Tusk	PER	139-11
Evropská komise	evropský komise	ORG	118-9
Ukrajiny	Ukrajina	LOC	119-9
