cs-231
Welt	Welt	PRO	174-48
Trump	Trump	PER	139-0
Nord Stream 2	Nord Stream 2	PRO	151-8
Německo	Německo	LOC	151-10
Švédsko	Švédsko	LOC	156-0
Finsko	Finsko	LOC	168-7
Baltským mořem	baltský moře	LOC	149-5
Trumpa	Trumpa	PER	139-3
Engie	Engie	ORG	118-5
Shell	Shell	ORG	134-1
Nizozemska	Nizozemsko	LOC	151-39
OMV	OMV	ORG	153-3
Rakouska	Rakousko	LOC	158-2
Německa	Německo	LOC	151-10
Wintershall	Wintershall	ORG	174-4
Uniper	Uniper	ORG	119-0
Spojenými státy	spojený stát	LOC	134-71
Evropany	Evropan	PER	118-41
Washingtonu	Washington	LOC	174-5
Gazprom“	Gazprom“	ORG	140-5
Gazprom	Gazprom	ORG	140-4
Rusko	Rusko	LOC	158-0
Paul Corcoran	Paul Corcoran	PER	124-58
North Stream 2	North Stream 2	PRO	151-31
