cs-299
DWN	DWN	PRO	143-76
Evropě	Evropa	LOC	118-2
Portugalsko	Portugalsko	LOC	124-59
Itálie	Itálie	LOC	138-1
Turecko	Turecko	LOC	139-7
Španělsko	Španělsko	LOC	156-3
Polska	Polsko	LOC	124-34
Litvy	Litva	LOC	163-5
německé	německý	LOC	xxx
Spojené státy	spojený stát	LOC	134-71
Ruskem	Rusko	LOC	158-4
Norskem	Norsko	LOC	151-13
Katarem	Katar	LOC	137-8
Alžírskem	Alžírsko	LOC	131-125
Libyí	Libye	LOC	163-34
Ázerbájdžánem	Ázerbájdžán	LOC	xxx
Nigérií	Nigérie	LOC	151-108
Peru	Peru	LOC	124-86
Deutsche Wirtschafts Nachrichten	Deutsche Wirtschafts Nachrichten	PRO	143-19
Spojených států	spojený stát	LOC	134-71
německý	německý	LOC	xxx
Commerzbank	Commerzbank	ORG	169-1
Eugena Weinberga	Eugena Weinberg	PER	118-38
Nord Stream - 2	Nord Stream - 2	PRO	151-8
Evropy	Evropa	LOC	118-2
Rusko	Rusko	LOC	158-0
USA	USA	LOC	119-13
Ruska	Rusko	LOC	158-1
Brookings Institution	Brookings Institution	ORG	149-83
Oilprice	Oilprice	PRO	153-39
