cs-154
Německo	Německo	LOC	151-10
Ukrajiny	Ukrajina	LOC	119-9
Ukrajina	Ukrajina	LOC	119-9
Nord Stream 2	Nord Stream 2	PRO	151-8
Německý	německý	LOC	151-11
Heiko Maas	Heiko Maas	PER	157-1
pobaltských republik	pobaltský republika	LOC	124-50
Ruska	Rusko	LOC	158-1
Německa	Německo	LOC	151-10
Baltským mořem	baltský moře	LOC	149-5
Angela Merkelová	Angelo Merkelová	PER	131-1
Gazpromu	Gazprom	ORG	140-4
Pobaltské republiky	pobaltský republika	LOC	124-50
Litva	Litva	LOC	163-1
Lotyšsko	Lotyšsko	LOC	163-3
Estonsko	Estonsko	LOC	118-42
Maasův	Maasův	PER	123-24
Reuters	Reuters	ORG	158-7
Sovětského svazu	sovětský svaz	LOC	134-21
Evropské unie	evropský unie	ORG	118-7
Severoatlantické aliance	severoatlantický aliance	ORG	134-17
