cs-296
Evropa	Evropa	LOC	118-36
Spojené státy	spojený stát	LOC	134-71
Nord Stream 2	Nord Stream 2	PRO	151-8
Evropy	Evropa	LOC	118-2
Baltského moře	baltský moře	LOC	149-5
Republikánští senátoři	republikánský senátor	PER	158-76
John Barrasso	John Barrasso	PER	114-30
Cory Gardner	Cory Gardner	PER	169-37
Barrasso	Barrasso	PER	149-65
USA	USA	LOC	119-13
Evropě	Evropa	LOC	118-2
Němců	Němec	PER	151-15
Ruska	Rusko	LOC	158-1
Norska	Norsko	LOC	151-13
Nizozemska	Nizozemsko	LOC	151-39
Kataru	Katara	LOC	137-8
Spojených států	spojený stát	LOC	134-71
Handelsblatt	Handelsblatt	PRO	157-0
Norbert Brackmann	Norbert Brackmann	PER	151-107
CDU	CDU	ORG	169-2
Angely Merkelové	Angela Merkelová	PER	131-2
