cs-505
Babiš	Babiš	PER	149-33
Praha	Praha	LOC	124-32
Andrej Babiš	Andrej Babiš	PER	131-16
ANO	ano	ORG	131-26
Praze	Praha	LOC	124-46
Rickem Perrym	Ricko Perry	PER	158-16
střední Evropě	střední Evropa	LOC	134-22
Nord Stream 2	Nord Stream 2	PRO	151-8
Spojené státy	spojený stát	LOC	134-71
Česka	Česko	LOC	135-0
Perry	Perry	PER	124-14
Polsko	Polsko	LOC	124-34
Maďarsko	Maďarsko	LOC	123-7
Ukrajinu	Ukrajina	LOC	119-9
Německa	Německo	LOC	151-10
Baltského moře	baltský moře	LOC	149-5
Ukrajiny	Ukrajina	LOC	119-9
USA	USA	LOC	119-13
Donalda Trumpa	Donald Trumpa	PER	143-7
Westinghouse	Westinghouse	ORG	174-7
Prahy	Praha	LOC	124-32
Sofie	Sofie	LOC	134-12
evropský regionální úřad amerického ministerstva energetiky	evropský regionální úřad americký ministerstvo energetika	ORG	118-16
