cs-420
MACHÁČEK	Macháček	PER	123-11
Nord Stream 2	Nord Stream 2	PRO	151-8
Česká republika	český republika	LOC	135-3
PRAHA	Praha	LOC	124-33
Reuters	Reuters	ORG	158-7
Baltským mořem	baltský moře	LOC	149-5
Evropu	Evropa	LOC	118-2
Evropě	Evropa	LOC	118-2
Polsko	Polsko	LOC	124-34
Ukrajina	Ukrajina	LOC	119-9
baltské státy	baltský stát	LOC	149-6
Slovensko	Slovensko	LOC	134-11
Dánsko	Dánsko	LOC	143-35
Švédsko	Švédsko	LOC	156-0
Německem	Německo	LOC	151-10
západní Evropy	západní Evropa	LOC	144-2
Ukrajiny	Ukrajina	LOC	119-9
Polska	Polsko	LOC	124-34
Slovenska	Slovensko	LOC	134-11
České republiky	český republika	LOC	135-4
Evropy	Evropa	LOC	118-2
anexi Krymu	anex Krym	EVT	131-63
německý	německý	LOC	xxx
Ruskem	Rusko	LOC	158-4
Nord Stream 1	Nord Stream 1	PRO	151-8
Ukrajinu	Ukrajina	LOC	119-9
USA	USA	LOC	119-13
NATO	NATO	ORG	151-19
Rusku	Rusko	LOC	158-39
Donalda Trumpa	Donald Trumpa	PER	143-7
Trumpa	Trumpa	PER	139-3
Rusko	Rusko	LOC	158-0
německá	německý	LOC	xxx
Trump	Trump	PER	139-0
německou	německý	LOC	xxx
Němci	Němec	PER	151-15
Trumpův	Trumpův	PER	139-1
MPO	MPO	ORG	123-31
Milan Řepka	Milan Řepka	PER	123-32
Dnes . cz	dnes . cz	PRO	138-35
Českou republiku	český republika	LOC	135-4
Nord Stream	Nord Stream	PRO	151-8
