cs-397
Německo	Německo	LOC	151-10
Nord Stream 2	Nord Stream 2	PRO	151-8
Altmaier	Altmaier	PER	131-23
německou	německý	LOC	151-11
Bruselu	Brusel	LOC	149-19
Evropské komise	evropský komise	ORG	118-9
Maroš Šefčovič	Maroš Šefčovič	PER	123-18
Evropu	Evropa	LOC	118-2
Ukrajinu	Ukrajina	LOC	119-9
Ukrajina	Ukrajina	LOC	119-9
Gazpromu	Gazprom	ORG	140-4
Evropě	Evropa	LOC	118-2
německý	německý	LOC	151-11
Moskvě	Moskva	LOC	123-10
Šefčovič	Šefčovič	PER	156-1
Trump	Trump	PER	139-0
Polsku	Polsko	LOC	124-35
Andrzejem Dudou	Andrzej Duda	PER	131-15
Amerika	Amerika	LOC	131-10
Polska	Polsko	LOC	124-34
Ruska	Rusko	LOC	158-1
