cs-133
Nord Stream	Nord Stream	PRO	151-8
Ruska	Rusko	LOC	158-1
Nord Stream 2	Nord Stream 2	PRO	151-8
EU	EU	ORG	118-8
NATO	NATO	ORG	151-19
Mateusz Morawiecki	Mateusz Morawiecki	PER	123-16
Morawiecki	Morawiecki	PER	123-17
Severoatlantická aliance	severoatlantický aliance	ORG	134-17
Polsku	Polsko	LOC	124-35
Pobaltí	Pobaltí	LOC	124-48
anexe Krymu	anexe Krym	EVT	131-14
Německa	Německo	LOC	151-10
Baltského moře	baltský moře	LOC	149-5
Vyborgu	Vyborg	LOC	161-2
Greifswaldu	Greifswald	LOC	140-3
Nord Stream 1	Nord Stream 1	PRO	151-8
Ukrajině	Ukrajina	LOC	119-14
Česká republika	český republika	LOC	135-3
Slovensko	Slovensko	LOC	134-11
Rusku	Rusko	LOC	158-39
Ukrajiny	Ukrajina	LOC	119-9
