cs-142
Finsko	Finsko	LOC	168-7
Nord Stream 2	Nord Stream 2	PRO	151-8
Ruska	Rusko	LOC	158-1
Německa	Německo	LOC	151-10
Baltského moře	baltský moře	LOC	149-5
střední	střední	LOC	xxx
východní Evropy	východní Evropa	LOC	161-7
České republiky	český republika	LOC	135-4
Helsinkách	Helsinky	LOC	157-4
Baltského moře“	baltský moře“	LOC	149-5
DPA	DPA	ORG	143-3
Německo	Německo	LOC	151-10
Dánska	Dánsko	LOC	143-11
Švédska	Švédsko	LOC	156-0
Polsko	Polsko	LOC	124-34
Varšava	Varšava	LOC	161-4
Evropy	Evropa	LOC	118-2
Rusku	Rusko	LOC	158-39
Evropské komisi	evropský komise	ORG	118-9
Polska	Polsko	LOC	124-34
Česko	Česko	LOC	135-0
Slovensko	Slovensko	LOC	134-11
Maďarsko	Maďarsko	LOC	123-7
Estonsko	Estonsko	LOC	118-42
Lotyšsko	Lotyšsko	LOC	163-3
Litva	Litva	LOC	163-1
Rumunsko	Rumunsko	LOC	158-3
Bulharsko	Bulharsko	LOC	149-13
Řecko	Řecko	LOC	142-0
Evropské unie	evropský unie	ORG	118-7
Ukrajiny	Ukrajina	LOC	119-9
Gazprom	Gazprom	ORG	140-4
německé	německý	LOC	151-11
Uniper	Uniper	ORG	119-0
Wintershall	Wintershall	ORG	174-4
Shell	Shell	ORG	134-1
OMV	OMV	ORG	153-3
Engie	Engie	ORG	118-5
