cs-232
Nord Stream 2	Nord Stream 2	PRO	151-8
Německý	německý	LOC	151-11
Handelsblatt	Handelsblatt	PRO	157-0
Gazprom	Gazprom	ORG	140-4
Východoevropské	východoevropský	LOC	161-8
pobaltské státy	pobaltský stát	LOC	124-49
Evropy	Evropa	LOC	118-2
Ukrajinu	Ukrajina	LOC	119-9
Spojené státy	spojený stát	LOC	134-71
Ukrajina	Ukrajina	LOC	119-9
Ruskem	Rusko	LOC	158-4
USA	USA	LOC	119-13
Německo	Německo	LOC	151-10
Corcoran	Corcoran	PER	169-3
Rusku	Rusko	LOC	158-39
Moskvy	Moskva	LOC	123-6
Baltské moře	Baltský moře	LOC	149-14
Německa	Německo	LOC	151-10
Ruska	Rusko	LOC	158-1
Greifswald	Greifswald	LOC	140-3
německého	německý	LOC	151-11
