cs-88
Finsko	Finsko	LOC	168-7
Nord Stream 2	Nord Stream 2	PRO	151-8
Evropu	Evropa	LOC	118-2
západní Evropy	západní Evropa	LOC	144-2
Ruska	Rusko	LOC	158-1
Dánska	Dánsko	LOC	143-11
Švédska	Švédsko	LOC	156-0
Helsinky	Helsinky	LOC	157-4
Německa	Německo	LOC	151-10
Baltského moře	baltský moře	LOC	149-5
Reuters	Reuters	ORG	158-7
střední	střední	LOC	134-22
východní Evropy	východní Evropa	LOC	161-7
Česka	Česko	LOC	135-0
finské ministerstvo hospodářství	finský ministerstvo hospodářství	ORG	168-12
Finsku	Finsko	LOC	168-6
Německo	Německo	LOC	151-10
védska	védsko	LOC	161-29
NordStream 2	NordStream 2	PRO	151-33
