cs-10
Ukrajiny	Ukrajina	LOC	119-9
Norsko	Norsko	LOC	151-13
Nord Streamu – 2	Nord Stream – 2	PRO	151-14
Kyjeva	Kyjeva	LOC	137-0
Nord Stream - 2	Nord Stream - 2	PRO	151-8
Porošenkova	Porošenkův	PER	124-138
RIA Novosti	RIA novost	ORG	158-6
Ukrajina	Ukrajina	LOC	119-9
Kyjev	Kyjev	LOC	137-0
Evropské komise	evropský komise	ORG	118-9
Ruska	Rusko	LOC	158-1
Německo	Německo	LOC	151-10
německé	německý	LOC	151-11
Baltského moře	baltský moře	LOC	149-5
Gazprom	Gazprom	ORG	140-4
Valerij Nesterov	Valerij Nesterov	PER	161-38
Kvaerner	Kvaerner	ORG	137-1
Nord Stream	Nord Stream	PRO	151-8
Petrohradu	Petrohrad	LOC	124-45
Vyborgu	Vyborg	LOC	161-2
Skandinávci	Skandinávec	PER	134-129
Nord Stream - 2 AG	Nord Stream - 2 AG	ORG	151-106
Baltu	balt	LOC	149-6
Nesterov	Nesterov	PER	151-71
Spojenými státy	spojený stát	LOC	134-71
Nord Streamu	Nord Stream	PRO	151-8
