cs-225
Porošenko	Porošenko	PER	124-42
německo	německý	LOC	151-11
Nord Stream	Nord Stream	PRO	151-8
Německo	Německo	LOC	151-10
Ukrajinu	Ukrajina	LOC	119-9
Unii	unie	ORG	119-10
Tusk	Tusk	PER	139-11
Evropská komise	evropský komise	ORG	118-9
Nord Stream 2	Nord Stream 2	PRO	151-8
Bruselu	Brusel	LOC	149-19
Ukrajiny	Ukrajina	LOC	119-9
EU	EU	ORG	118-8
Rusku	Rusko	LOC	158-39
summitu EU - Ukrajina	summit EU - Ukrajina	EVT	134-102
Unie	unie	ORG	119-11
Polska	Polsko	LOC	124-34
Kyjevem	Kyjev	LOC	137-0
Varšavou	Varšava	LOC	161-4
Andrzej Duda	Andrzej Duda	PER	131-15
Ukrajinců	Ukrajinec	PER	119-16
Poláky	Polák	PER	124-57
