cs-532
Rusko	Rusko	LOC	158-0
Turecko	Turecko	LOC	139-7
Černého moře	černý moře	LOC	135-2
Bulharsko	Bulharsko	LOC	149-13
Balkán	Balkán	LOC	149-16
Gazprom	Gazprom	ORG	140-4
Kreml	Kreml	LOC	137-2
USA	USA	LOC	119-13
Vladimir Putin	Vladimir Putin	PER	161-3
Recepem Tayipem Erdoganem	Recep Tayip Erdogan	PER	158-17
Itálii	Itálie	LOC	138-1
Maďarsko	Maďarsko	LOC	123-7
jižní Evropy	jižní Evropa	LOC	114-6
Ankaře	Ankař	LOC	131-3
Erdogan	Erdogan	PER	118-39
Gazpromu	Gazprom	ORG	140-4
Putin	Putin	PER	124-0
Nord Stream	Nord Stream	PRO	151-8
Ruskem	Rusko	LOC	158-4
Německem	Německo	LOC	151-10
