cs-82
Gazprom	Gazprom	ORG	140-4
Ukrajinou	Ukrajina	LOC	119-9
Naftogazu	Naftogaz	ORG	151-36
Nord Stream 2	Nord Stream 2	PRO	151-8
Baltského moře	baltský moře	LOC	149-5
Naftogaz	Naftogaz	ORG	151-36
stockholmská arbitráž	stockholmský arbitráž	ORG	134-31
Gazpromu	Gazprom	ORG	140-4
Naftogazem	Naftogaz	ORG	151-36
Evropy	Evropa	LOC	118-2
Alexej Miller	Alexej Miller	PER	131-110
Ukrajiny	Ukrajina	LOC	119-9
Ukrajinu	Ukrajina	LOC	119-9
Evropě	Evropa	LOC	118-2
Kommersant	Kommersant	PRO	137-4
Německo	Německo	LOC	151-10
Dánsko	Dánsko	LOC	143-35
Švédsko	Švédsko	LOC	156-0
Finsko	Finsko	LOC	168-7
