cs-192
Polsko	Polsko	LOC	124-34
Varšava	Varšava	LOC	161-4
Nord Stream 2	Nord Stream 2	PRO	151-8
Německo	Německo	LOC	151-18
PAP	PAP	ORG	124-51
Mateusz Morawiecki	Mateusz Morawiecki	PER	123-16
EU	EU	ORG	118-8
Ruska	Rusko	LOC	158-1
Německa	Německo	LOC	151-10
Morawiecki	Morawiecki	PER	123-17
Berlín	Berlín	LOC	149-3
Nord Stream	Nord Stream	PRO	151-8
Baltu	balt	LOC	149-6
Ukrajině	Ukrajina	LOC	119-14
Angela Merkelová	Angelo Merkelová	PER	131-1
Morawieckým	Morawiecký	PER	123-23
Evropy	Evropa	LOC	118-2
německého	německý	ORG	151-17
Evropského parlamentu	evropský parlament	ORG	118-12
německé Evropy	německý Evropa	ORG	151-17
pobaltské státy	pobaltský stát	LOC	124-49
Ukrajina	Ukrajina	LOC	119-9
Evropská komise	evropský komise	ORG	118-9
