cs-182
Německá	německý	LOC	151-11
Putinem	Putin	PER	124-0
Německo	Německo	LOC	151-10
Nord Stream 2	Nord Stream 2	PRO	151-8
Severní proud 2	severní proud 2	PRO	134-20
Evropské unii	evropský unie	ORG	118-7
EU	EU	ORG	118-8
Ukrajinu	Ukrajina	LOC	119-9
Ruska	Rusko	LOC	158-1
Německa	Německo	LOC	151-10
Baltského moře	baltský moře	LOC	149-5
Moskvě	Moskva	LOC	123-22
Vladimir Putin	Vladimir Putin	PER	161-3
Evropany	Evropan	PER	118-41
Vladimira Putina	Vladimir Putina	PER	161-3
Ruské federace	ruský federace	LOC	158-95
Nord Stream	Nord Stream	PRO	151-8
Kremlu	Kreml	LOC	137-2
německá	německý	LOC	151-11
ARD	ARD	PRO	131-98
Časopisargument . cz	Časopisargument . cz	PRO	135-12
Zelené	zelený	ORG	144-30
Reinharda Bütikofera	Reinhard Bütikofer	PER	158-12
