cs-373
Merkelová	Merkelová	PER	123-4
Baku	Baku	LOC	149-76
střední	střední	LOC	134-22
východní Evropy	východní Evropa	LOC	161-7
Spojené státy	spojený stát	LOC	134-71
Německo	Německo	LOC	151-10
Nord Stream 2	Nord Stream 2	PRO	151-8
Berlín	Berlín	LOC	149-3
Moskvou	Moskva	LOC	123-10
Baltského moře	baltský moře	LOC	149-5
Ukrajiny	Ukrajina	LOC	119-9
Angela Merkelová	Angelo Merkelová	PER	131-1
Ázerbájdžánu	Ázerbájdžán	LOC	xxx
Němci	Němec	PER	151-15
ázerbájdžánský	ázerbájdžánský	LOC	xxx
Evropské unie	evropský unie	ORG	118-7
německá	německý	LOC	151-11
Angele Merkelové	Angela Merkelová	PER	131-1
Ilhamem Alijevem	Ilham Alijev	PER	138-28
Turecko	Turecko	LOC	139-7
Evropy	Evropa	LOC	118-2
Evropané	Evropan	PER	118-41
Ruskem	Rusko	LOC	158-4
Ukrajinou	Ukrajina	LOC	119-9
Rusko	Rusko	LOC	158-0
