cs-300
Německý ústavní soud	německý ústavní soud	ORG	151-43
Nord Stream 2	Nord Stream 2	PRO	151-8
Německa	Německo	LOC	151-10
Ruska	Rusko	LOC	158-1
Baltského moře	baltský moře	LOC	149-5
DPA	DPA	ORG	143-3
Karlsruhe	Karlsruhe	LOC	137-10
Svaz na ochranu přírody Německa	svaz na ochrana příroda Německo	ORG	134-26
NABU	NABU	ORG	151-20
Meklenbursko - Přední Pomořansko	meklenburský - přední Pomořansko	LOC	123-0
Nord Stream	Nord Stream	PRO	151-8
střední	střední	LOC	134-22
východní Evropy	východní Evropa	LOC	161-7
Polska	Polsko	LOC	124-34
Slovenska	Slovensko	LOC	134-11
Ukrajiny	Ukrajina	LOC	119-9
Rusku	Rusko	LOC	158-39
Spojené státy	spojený stát	LOC	134-71
Donald Trump	Donald Trump	PER	143-10
Evropy	Evropa	LOC	118-2
Německo	Německo	LOC	151-10
Severoatlantickou alianci	severoatlantický aliance	ORG	134-17
Moskvou	Moskva	LOC	123-10
Trumpova	Trumpův	PER	139-4
USA	USA	LOC	119-13
