cs-292
Baltského moře	Baltské moře	LOC	LOC-Baltic-Sea
Berlín	Berlín	LOC	GPE-Berlin
Donald Trump	Donald Trump	PER	PER-Donald-Trump
Donalda Trumpa	Donald Trump	PER	PER-Donald-Trump
Evropy	Evropa	LOC	LOC-Europe
Forsa	Forsa	ORG	ORG-Forsa-Pilot-Union
Nord Stream-2	Nord Stream-2	PRO	PRO-Nord-Stream-2
Nord Streamu	Nord Stream	PRO	PRO-Nord-Stream-1
North Stream-2	North Stream-2	PRO	PRO-Nord-Stream-2
Němců	Němci	PER	GPE-Germany
Německa	Německo	LOC	GPE-Germany
Německo	Německo	LOC	GPE-Germany
RTL	RTL	PRO	PRO-RTL
Ruska	Rusko	LOC	GPE-Russia
Rusku	Rusko	LOC	GPE-Russia
Spojené státy	Spojené státy	LOC	GPE-USA
Trumpa	Trump	PER	PER-Donald-Trump
USA	USA	LOC	GPE-USA
n-tv	n-tv	PRO	PRO-N-tv
