cs-56
Angelou Merkelovou	Angela Merkelová	PER	PER-Angela-Merkel
Evropě	Evropa	LOC	LOC-Europe
GRU	GRU	ORG	ORG-GRU-(Russian-GU)
Konrad Szymanski	Konrad Szymanski	PER	PER-Konrad-Szymański
Mateusze Morawieckého	Mateusz Morawiecki	PER	PER-Mateusz-Morawiecki
Merkelovou	Merkelová	PER	PER-Angela-Merkel
Nord Stream - 2	Nord Stream - 2	PRO	PRO-Nord-Stream-2
Nord Stream – 2	Nord Stream – 2	PRO	PRO-Nord-Stream-2
Nord Stream-2	Nord Stream-2	PRO	PRO-Nord-Stream-2
Německo	Německo	LOC	GPE-Germany
Polska	Polsko	LOC	GPE-Poland
Polsko	Polsko	LOC	GPE-Poland
RMF FM	RMF FM	PRO	PRO-RMF
Salisbury	Salisbury	LOC	GPE-Salisbury
Sergeje Skripala	Sergej Skripal	PER	PER-Siergiej-Skripal
Skripalovi	Skripal	PER	PER-Siergiej-Skripal
Ukrajinu	Ukrajina	LOC	GPE-Ukraine
Varšava	Varšava	LOC	GPE-Warsaw
Varšavu	Varšava	LOC	GPE-Warsaw
pobaltské země	pobaltské země	LOC	LOC-Baltic-countries
střední Evropě	střední Evropa	LOC	LOC-Central-Europe
