cs-new-30
AFP	AFP	ORG	ORG-AFP-Agence-France-Press
AP	AP	ORG	ORG-AP-The-Associated-Press
Belgie	Belgie	LOC	GPE-Belgium
Belgii	Belgie	LOC	GPE-Belgium
Belgií	Belgie	LOC	GPE-Belgium
Bruselem	Brusel	LOC	GPE-Brussles
Bruselu	Brusel	LOC	GPE-Brussles
Brussels Airlines	Brussels Airlines	ORG	ORG-Brussels-Airlines
CGSLB	CGSLB	ORG	ORG-CGSLB-General-Confederation-of-Liberal-Trade-Unions-of-Belgium
CSC	CSC	ORG	ORG-CSC-Confederation-of-Christian-Trade-Unions
Charleroi	Charleroi	LOC	LOC-Charleroi-Airport-Brussels
Charles Michel	Charles Michel	PER	PER-Charles-Michel
Eurocontrol	Eurocontrol	ORG	ORG-Eurocontrol
Eurostar	Eurostar	ORG	ORG-Eurostar
FGTB	FGTB	ORG	ORG-FGTB-General-Federation-of-Belgian-Labour
Geert Vanden Wijngaert	Geert Vanden Wijngaert	PER	PER-Geert-Wijngaert
Kris Peeters	Kris Peeters	PER	PER-Kris-Peeters
Letiště Václava Havla	Letiště Václava Havla	LOC	LOC-Vaclav-Havel-Airport-Prague
Prahy	Praha	LOC	GPE-Prague
Roman Pacvoň	Roman Pacvoň	PER	PER-Roman-Pavcon
Ryanair	Ryanair	ORG	ORG-Ryanair
Skeyes	Skeyes	ORG	ORG-Skeyes
TUI fly	TUI fly	ORG	ORG-Tui-Airways
letiště Charleroi	letiště Charleroi	LOC	LOC-Charleroi-Airport-Brussels
mezinárodní bruselské letiště Zaventem	mezinárodní bruselské letiště Zaventem	LOC	LOC-Brussel-Airport-Zaventem
ČTK	ČTK	ORG	ORG-CTK
České ministerstvo zahraničí	České ministerstvo zahraničí	ORG	ORG-Ministry-of-Foreign-Affairs-Czech-Republic
