cz-126
Belgii	Belgie	LOC	GPE-Belgium
Británii	Británie	LOC	GPE-Great-Britain
Dublin	Dublin	LOC	GPE-Dublin
Eidhovenem	Eindhoven	LOC	GPE-Eindhoven
Irsku	Irsko	LOC	GPE-Ireland
Itálii	Itálie	LOC	GPE-Italy
Juan Fernández	Juan Fernández	PER	PER-Juan-Fernandez
Nizozemsku	Nizozemsko	LOC	GPE-Holland
Německu	Německo	LOC	GPE-Germany
Německý odborový svaz pilotů	Německý odborový svaz pilotů	ORG	ORG-Vereinigung-Cockpit
Portugalsku	Portugalsko	LOC	GPE-Portugal
Prahou	Praha	LOC	GPE-Prague
Reuters	Reuters	ORG	ORG-Reuters
Ryanair	Ryanair	ORG	ORG-Ryanair
Ryanairu	Ryanair	ORG	ORG-Ryanair
Yves Herman	Yves Herman	PER	PER-Yves-Herman
ČTK	ČTK	ORG	ORG-CTK
České republiky	Česká republika	LOC	GPE-Czech-Republic
Španělsku	Španělsko	LOC	GPE-Spain
