cs-48
ACS	ACS	ORG	ORG-ACS-Italy-catolic-association
Antonio Tajani	Antonio Tajani	PER	PER-Antonio-Tajani
Asiin	Asia	PER	PER-Asia-Bibi
Ašik Masíh	Ašik Masíh	PER	PER-Ashiq-Masih
Bibiovou	Bibiová	PER	PER-Asia-Bibi
Bibiová	Bibiová	PER	PER-Asia-Bibi
Bibiové	Bibiová	PER	PER-Asia-Bibi
Evropského parlamentu	Evropský parlament	ORG	ORG-European-Parliament
Evropském parlamentu	Evropský parlament	ORG	ORG-European-Parliament
Francie	Francie	LOC	GPE-France
Ital	Ital	PER	GPE-Italy
Italská katolická asociace	Italská katolická asociace	ORG	ORG-ACS-Italy-catolic-association
Itálie	Itálie	LOC	GPE-Italy
Matteo Salvini	Matteo Salvini	PER	PER-Matteo-Salvini
Pákistánu	Pákistán	LOC	GPE-Pakistan
Tehríke Labajk	Tehríke Labajk	ORG	ORG-Tehreek-e-Labbaik-Pakistan
italské ministerstvo zahraničí	italské ministerstvo zahraničí	ORG	ORG-Ministry-of-Foreign-Affairs-Italy
twitteru	twitter	PRO	PRO-Twitter
Španělsko	Španělsko	LOC	GPE-Spain
