ru-3
Россия	Россия	LOC	150-8
Украины	Украина	LOC	147-3
Газпрома	Газпром	ORG	141-2
Стокгольмском арбитражном суде	Стокгольмский арбитражный суд	ORG	164-35
Нафтогаза	Нафтогаз	ORG	160-5
Северный поток – 2	Северный поток – 2	PRO	164-25
Европу	Европа	LOC	146-2
Нафтогаз	Нафтогаз	ORG	160-5
Андрей Коболев	Андрей Коболев	PER	130-19
Украина	Украина	LOC	147-3
Россией	Россия	LOC	150-16
Стокгольмском суде	Стокгольмский суд	ORG	164-36
Газпром	Газпром	ORG	141-2
России	Россия	LOC	150-8
Северном потоке – 2	Северный поток – 2	PRO	164-26
Украину	Украина	LOC	147-3
Братство	Братство	PRO	127-22
Уренгой – Помары – Ужгород	Уренгой – Помара – Ужгород	PRO	147-7
Словакии	Словакия	LOC	164-15
Австрию	Австрия	LOC	130-14
Италию	Италия	LOC	165-5
Венгрию	Венгрия	LOC	133-18
Южной Европы	Южный Европа	LOC	136-1
Ямал – Европа	Ямал – Европа	PRO	115-2
Беларусь	Беларусь	LOC	127-4
Польшу	Польша	LOC	132-14
Германию	Германия	LOC	141-11
Молдову	Молдов	LOC	152-37
Румынию	Румыния	LOC	150-19
украинской	украинский	LOC	147-8
РФ	РФ	LOC	xxx
Европе	Европа	LOC	146-2
Северного	Северный	PRO	xxx
Финского залива	Финский залив	LOC	126-13
Балтийского моря	Балтийский море	LOC	127-17
Южную Европу	Южный Европа	LOC	136-2
Голубой поток	голубой поток	ORG	141-23
Черного моря	черный море	LOC	175-0
Турцию	Турция	LOC	120-2
Европа	Европа	LOC	146-0
Северного потока – 2	Северный поток – 2	PRO	164-26
Турецкого потока	турецкий поток	PRO	120-5
Апеннины	Апеннина	LOC	130-20
Европой	Европа	LOC	146-2
Северного потока – 1	Северный поток – 1	PRO	164-26
Украиной	Украина	LOC	147-3
Северным потоком	Северный поток	PRO	164-25
Германия	Германия	LOC	141-11
Германии	Германия	LOC	141-11
Герхард Шредер	Герхард Шредер	PER	141-21
Путина	Путин	PER	132-15
Nord Stream 2	Nord Stream 2	ORG	151-8
Швейцарии	Швейцария	LOC	171-3
Ангела Меркель	Ангела Меркель	PER	130-13
Финляндия	Финляндия	LOC	126-14
Швеция	Швеция	LOC	171-0
Франция	Франция	LOC	126-11
Нидерланды	Нидерланды	LOC	160-19
Норд стрим – 1	Норд стрим – 1	PRO	160-6
Украине	Украина	LOC	147-3
Дания	Дания	LOC	166-10
Дании	Дания	LOC	166-7
Ларс Расмуссен	Ларс Расмуссен	PER	173-8
ЕС	ЕС	ORG	146-13
Польша	Польша	LOC	132-12
страны	страна	LOC	xxx
Балтии	Балтия	LOC	127-17
Польше	Польша	LOC	132-16
Прибалтике	Прибалтика	LOC	132-21
Западную Европу	Западный Европа	LOC	154-7
“потока – 2	“потока – 2	PRO	128-0
Евросоюз	Евросоюз	ORG	146-12
Марош Шефчович	Марош Шефчович	PER	152-10
Энергетической хартии	энергетический хартия	PRO	113-1
Брюсселе	Брюссель	LOC	127-10
Болгария	Болгария	LOC	127-8
Австрии	Австрия	LOC	130-14
США	США	LOC	164-29
Александра Романюк	Александр Романюк	PER	130-55
