ru-ryanair-new-extra-996
Франция	Франция	LOC	126-11
Северному потоку - 2	Северный поток - 2	PRO	164-26
МИД Франции	мид Франция	ORG	152-49
Парижа	Париж	LOC	132-19
Северный поток - 2	Северный поток - 2	PRO	164-25
Германию	Германия	LOC	141-11
Евросоюза	Евросоюз	ORG	146-12
Европейской комиссии	Европейский комиссия	ORG	146-15
Северным потоком – 2	Северный поток – 2	PRO	164-28
Reuters	Reuters	ORG	158-7
Берлин	Берлин	LOC	127-7
ЕС	ЕС	ORG	146-13
Северного потока	Северный поток	PRO	164-26
Франции	Франция	LOC	126-11
России	Россия	LOC	150-8
Германии	Германия	LOC	141-11
Северного потока - 2	Северный поток - 2	PRO	164-26
Северный поток – 2	Северный поток – 2	PRO	164-25
Балтийского моря	Балтийский море	LOC	127-17
Украину	Украина	LOC	147-3
