ru-ryanair-new-extra-114
Германии	Германия	LOC	141-11
США	США	LOC	164-29
МИД ФРГ	МИД ФРГ	ORG	152-23
Северный поток - 2	Северный поток - 2	PRO	164-25
"ИА "" Рейтер """	"ИА "" Рейтер """	ORG	165-12
Хайко Маас	Хайко Маас	PER	116-2
Европе	Европа	LOC	146-2
Дональд Трамп	Дональд Трамп	PER	166-8
Германию	Германия	LOC	141-11
России	Россия	LOC	150-8
Берлина	Берлин	LOC	127-7
Балтийского моря	Балтийский море	LOC	127-17
Газпром	Газпром	ORG	141-2
Engie	Engie	ORG	118-5
OMV AG	OMV AG	ORG	153-15
Royal Dutch Shell	Royal Dutch Shell	ORG	158-5
Uniper	Uniper	ORG	119-0
Wintershall	Wintershall	ORG	174-4
Балтийское море	Балтийский море	LOC	127-17
Украина	Украина	LOC	147-3
Польша	Польша	LOC	132-12
страны Балтии	страна Балтия	LOC	164-30
