ru-203
Нафтогаз»	Нафтогаз»	ORG	160-5
Газпрому	Газпром	ORG	141-2
Нафтогаз Украины	Нафтогаз Украина	ORG	160-4
Амстердамским судом	Амстердамский суд	ORG	130-21
Нидерланды	Нидерланды	LOC	160-19
Голубой поток	голубой поток	ORG	141-22
Блю Стрим Пайплайн	Блю Стрим Пайплайн	ORG	127-27
Газпром	Газпром	ORG	141-2
Россия	Россия	LOC	150-8
Стокгольмском	Стокгольмский	ORG	164-37
Газпрома	Газпром	ORG	141-2
Нафтогаз	Нафтогаз	ORG	160-5
Стокгольмского арбитража	Стокгольмский арбитраж	ORG	164-37
УНИАН	УНИАН	ORG	147-16
Великобритании	Великобритания	LOC	133-6
Нафтогаза	Нафтогаз	ORG	160-5
коммерческий суд Лондона	коммерческий суд Лондон	ORG	159-13
украинской	украинский	LOC	147-8
Нафтогазом	Нафтогаз	ORG	160-5
Стокгольмском арбитраже	Стокгольмский арбитраж	ORG	164-37
Украиной	Украина	LOC	147-3
Англии	Англия	LOC	130-22
Швейцарии	Швейцария	LOC	171-3
Нидерландах	Нидерланды	LOC	160-19
Северный поток - 1	Северный поток - 1	PRO	164-25
Северный поток - 2	Северный поток - 2	PRO	164-25
суд	суд	ORG	164-56
Швеции	Швеция	LOC	164-56
Нафтогазе	Нафтогаз	ORG	160-5
апелляционный суд округа Свеа в Швеции	апелляционный суд округ Свеа в Швеция	ORG	130-23
