ru-46
Германии	Германия	LOC	141-11
Европу	Европа	LOC	146-2
Северный поток - 2	Северный поток - 2	PRO	164-25
Rambler News Service	Rambler News Service	ORG	158-79
Восточного комитета германской экономики	восточный комитет германский экономика	ORG	133-15
Вольфганг Бюхеле	Вольфганг Бюхель	PER	133-16
Сибири	Сибирь	LOC	164-21
Украину	Украина	LOC	147-3
Бюхеле	Бюхель	PER	127-19
Восточный комитет германской экономики	восточный комитет германский экономика	ORG	133-15
России	Россия	LOC	150-8
СНГ	СНГ	ORG	164-95
Юго-Восточной Европы	Юго-Восточный Европа	LOC	136-6
Норд	Норд	PRO	160-21
Владимира Горбенко	Владимир Горбенко	PER	133-26
Украины	Украина	LOC	147-3
Керченский пролив	Керченский пролив	LOC	159-23
Крыма	Крым	LOC	159-12
Европе	Европа	LOC	146-2
СФ	СФ	ORG	164-68
Белгородская обл.	Белгородский обло	LOC	127-41
Государственной Думы	государственный Дума	ORG	141-52
Ирина Яровая	Ирина Яровай	PER	165-13
Школа	школа	PRO	xxx
