ru-ryanair-new-extra-990
Франция	Франция	LOC	126-11
« Северного потока — 2»	« Северный поток — 2»	PRO	172-0
Париж	Париж	LOC	132-19
ЕС	ЕС	ORG	146-13
европейского союза	европейский союз	ORG	146-17
3-го энергопакета	3-й энергопакет	PRO	xxx
Süddeutsche Zeitung	Süddeutsche Zeitung	PRO	134-45
РФ	РФ	LOC	150-17
Польша	Польша	LOC	132-12
Словакия	Словакия	LOC	164-14
Брюсселем	Брюссель	LOC	127-10
Москвой	Москва	LOC	152-27
Париже	Париж	LOC	132-33
Брюсселе	Брюссель	LOC	127-10
Франции Газпром	Франция Газпром	LOC	126-11
Германия	Германия	LOC	141-11
Австрия	Австрия	LOC	130-14
Нидерланды	Нидерланды	LOC	160-19
Бельгия	Бельгия	LOC	127-5
Греция	Греция	LOC	141-41
Кипр	Кипр	LOC	159-34
Парижа	Париж	LOC	132-19
Совете ЕС	Совет ЕС	ORG	164-34
Румыния	Румыния	LOC	150-19
