ru-26
Северного потока — 2	Северный поток — 2	PRO	164-26
Германии	Германия	LOC	141-11
Зарядье	Зарядье	LOC	154-17
Балтики	Балтика	LOC	127-17
КБ Стрелка	КБ стрелка	ORG	159-39
Nord Stream 2 AG	Nord Stream 2 AG	ORG	151-3
Северный поток - 2	Северный поток - 2	PRO	164-25
Нордового потока - 2	нордовой поток - 2	PRO	160-10
Мюллер	Мюллер	PER	152-48
Финляндии	Финляндия	LOC	126-12
Castoro 10	Castoro 10	PRO	169-14
Северного потока - 2	Северный поток - 2	PRO	164-26
Северный —	Северный —	PRO	164-25
Балтийского моря	Балтийский море	LOC	127-17
РФ	РФ	LOC	150-17
Германию	Германия	LOC	141-11
Украины	Украина	LOC	147-3
Польши	Польша	LOC	132-13
России	Россия	LOC	150-8
Швеции	Швеция	LOC	171-0
Дании	Дания	LOC	166-7
Йенс Мюллер	Йенс Мюллер	PER	167-0
RT	RT	ORG	158-63
