ru-ryanair-new-extra-123
Киев	Киев	LOC	159-1
Украины	Украина	LOC	147-3
ЕС	ЕС	ORG	146-13
-Россия	-Россия	LOC	xxx
Украина	Украина	LOC	147-3
REGNUM	REGNUM	ORG	158-62
украинской	украинский	LOC	147-8
Павел Климкин	Павел Климкин	PER	132-9
Климкина	Климкин	PER	159-9
Киева	Киев	LOC	159-1
ИА REGNUM	ИА REGNUM	ORG	165-4
Берлине	Берлин	LOC	127-7
Россией	Россия	LOC	150-16
Еврокомиссией	Еврокомиссия	ORG	146-14
Украиной	Украина	LOC	147-3
Брюсселе	Брюссель	LOC	127-10
Россия	Россия	LOC	150-8
Северный поток 2	Северный поток 2	PRO	164-25
Украину	Украина	LOC	147-3
Евросоюза	Евросоюз	ORG	146-12
Nord Stream OPAL	Nord Stream OPAL	PRO	151-35
