ru-42
Литвы	Литва	LOC	173-6
ЕК	ЕК	ORG	146-15
Газпром	Газпром	ORG	141-2
Саулюс Сквярнялис	Саулюс сквярняться	PER	164-41
Еврокомиссии	Еврокомиссия	ORG	146-14
Центральной	центральный	LOC	162-1
Восточной Европе	восточный Европа	LOC	133-21
Газпромом	Газпром	ORG	141-2
Reuters	Reuters	ORG	158-7
Брюссель	Брюссель	LOC	127-10
Маргрете Вестагер	Маргрет Вестагер	PER	152-12
Андрюс Кубилюс	Андрюс Кубилюс	PER	130-27
Литва	Литва	LOC	173-6
Газпрома	Газпром	ORG	141-2
Google	Гугл	ORG	140-21
Apple	Эппл	ORG	131-39
Северный поток - 2	Северный поток - 2	PRO	164-25
Nord Stream 2	Nord Stream 2	PRO	151-8
Газпрому	Газпром	ORG	141-2
