ru-ryanair-new-extra-242
ЕС	ЕС	ORG	146-13
Румынии	Румыния	LOC	150-19
Nord Stream 2	Nord Stream 2	PRO	151-8
Европейского Союза	Европейский Союз	ORG	146-17
Польское радио	Польское радио	PRO	132-17
Австрийская Республика	австрийский Республика	LOC	130-15
Болгария	Болгария	LOC	127-8
Брюсселе	Брюссель	LOC	127-10
Варшава	Варшав	LOC	133-3
европейского союза	европейский союз	ORG	146-17
Европейская комиссия»	Европейская комиссия	ORG	146-15
годаЕвропарламент « Газпром »	годаЕвропарламент « Газпром »	ORG	141-49
E. ON	E. ON	ORG	118-27
Wintershall	Wintershall	ORG	174-4
Shell	Shell	ORG	134-1
OMV	OMV	ORG	153-14
Engie Газпром	Engie Газпром	ORG	118-5
Engie	Engie	ORG	118-5
BASF	BASF	ORG	149-38
Uniper	Uniper	ORG	119-0
