ru-30
Польша	Польша	LOC	132-12
Северный поток - 2	Северный поток - 2	PRO	164-25
Яцек Чапутович	Яцек Чапутович	PER	115-1
ONLINE.UA	ONLINE.UA	PRO	153-17
Польское радио	польский радио	PRO	132-45
Варшаве	Варшава	LOC	xxx
Warsaw Security Forum 2018	Warsaw Security Forum 2018	EVT	174-46
Чапутович	Чапутович	PER	175-2
Германию	Германия	LOC	141-11
Европе	Европа	LOC	146-2
России	Россия	LOC	150-8
Украины	Украина	LOC	147-3
Балтийского моря	Балтийский море	LOC	127-17
Нафтогаз Украины	Нафтогаз Украина	ORG	160-12
Северного потока - 2	Северный поток - 2	PRO	164-26
суд Великобритании	суд Великобритания	ORG	164-39
Газпрома	Газпром	ORG	141-2
окружной суд Амстердама	окружной суд Амстердам	ORG	129-2
Натфогаз Украины	Натфогаз Украина	ORG	160-12
Голубой поток	голубой поток	PRO	141-22
Блю Стрим Пайплайн Компани Б. В	Блю Стрим Пайплайн Компани Б. В	ORG	127-26
Газпрому	Газпром	ORG	141-2
Владимир Путин	Владимир Путин	PER	133-4
Дональду Трампу	Дональд Трампа	PER	166-8
Россия	Россия	LOC	150-8
Украину	Украина	LOC	147-3
Северный поток 2	Северный поток 2	PRO	164-25
