ru-ryanair-new-extra-983
США	США	LOC	164-29
Европе	Европа	LOC	146-2
« Северного потока — 2»	« Северный поток — 2»	PRO	172-0
ФРГ	ФРГ	LOC	126-10
Дании	Дания	LOC	166-7
Евросоюзе	Евросоюз	ORG	146-12
Ричарда Гренелла	Ричард Гренелла	PER	150-14
Карлы Сэндс	Карла Сэндс	PER	159-40
Гордона Сондленда	Гордон Сондленд	PER	141-13
Deutsche Welle	Deutsche Welle	PRO	143-32
Северный поток 2	Северный поток 2	PRO	164-25
Балтийского моря	Балтийский море	LOC	127-17
Европу	Европа	LOC	146-2
Москве	Москва	LOC	152-0
Украины	Украина	LOC	147-3
Германии	Германия	LOC	141-11
Европы	Европа	LOC	146-2
ЕС	ЕС	ORG	146-13
газовую директиву третьего энергетического пакета	газовый директива третий энергетический пакет	PRO	141-12
Северным потоком 2	Северный поток 2	PRO	164-25
Франция	Франция	LOC	126-11
Северного потока 2	Северный поток 2	PRO	164-26
Ричард Гренелл	Ричард Гренелл	PER	150-14
Берлине	Берлин	LOC	127-7
