ru-ryanair-new-extra-127
Берлин	Берлин	LOC	127-7
Nord Stream 2	Nord Stream 2	PRO	151-8
МИД ФРГ	МИД ФРГ	ORG	152-23
Германии	Германия	LOC	141-11
Хайко Маас	Хайко Маас	PER	116-2
Европе	Европа	LOC	146-2
Вашингтоне	Вашингтон	LOC	133-0
Х. Мааса	Х. Мааса	PER	116-18
Восточного комитета Германской экономики	восточный комитет германский экономика	ORG	133-15
Берлине	Берлин	LOC	127-7
Интерфакса	Интерфакс	ORG	165-15
РФ	РФ	LOC	150-17
Владимир Путин	Владимир Путин	PER	133-4
Украину	Украина	LOC	147-3
Еврокомиссия	Еврокомиссия	ORG	146-14
Россией	Россия	LOC	150-16
Украиной	Украина	LOC	147-3
Майку Помпео	Майку Помпео	PER	152-25
США	США	LOC	164-29
Х. Маас	Х. Маас	PER	116-11
Россию	Россия	LOC	150-8
Евросоюзом	Евросоюз	ORG	146-12
России	Россия	LOC	150-8
