ru-ryanair-new-extra-992
Париж	Париж	LOC	132-19
ЕС	ЕС	ORG	146-13
Северный поток — 2	Северный поток — 2	PRO	164-25
ПАРИЖ	ПАРИЖ	LOC	132-47
РИА Новости	РИА Новость	ORG	150-5
Виктория Иванова	Виктория Иванов	PER	133-28
Франция	Франция	LOC	126-11
Газовой директивы Евросоюза	газовый директива Евросоюз	PRO	141-12
МИД	МИД	ORG	152-19
Северному потоку — 2	Северный поток — 2	PRO	164-26
Еврокомиссия	Еврокомиссия	ORG	146-14
Газовую директиву ЕС	газовый директива ЕС	PRO	141-12
Евросоюза	Евросоюз	ORG	146-12
России	Россия	LOC	150-8
Балтийское море	Балтийский море	LOC	127-17
Германии	Германия	LOC	141-11
Германия	Германия	LOC	141-11
Еврокомиссию	Еврокомиссия	ORG	146-14
Берлине	Берлин	LOC	127-7
ФРГ	ФРГ	LOC	126-10
Газпрома	Газпром	ORG	141-2
Европа	Европа	LOC	146-0
