ru-ryanair-new-extra-530
США	США	LOC	164-29
Северный поток - 2	Северный поток - 2	PRO	164-25
Германии	Германия	LOC	141-11
Ричард Гренелл	Ричард Гренелл	PER	150-14
Вашингтон	Вашингтон	LOC	133-0
Гренелл	Гренелл	PER	141-19
Bild	Bild	PRO	149-28
Северного потока - 2	Северный поток - 2	PRO	164-26
Турецкого потока	турецкий поток	PRO	120-5
Украину	Украина	LOC	147-3
Киев	Киев	LOC	159-1
России	Россия	LOC	150-8
Украины	Украина	LOC	147-3
Европы	Европа	LOC	146-2
Гренелла	Гренелла	PER	141-19
Балтийского моря	Балтийский море	LOC	127-17
Газпром	Газпром	ORG	141-2
Engie	Engie	ORG	118-5
Uniper	Uniper	ORG	119-0
OMV	OMV	ORG	153-14
Shell	Shell	ORG	134-1
Wintershall	Wintershall	ORG	174-4
Украина	Украина	LOC	147-3
Польша	Польша	LOC	132-12
страны Балтии	страна Балтия	LOC	xxx
ЕС	ЕС	ORG	146-13
