ru-23
МИД РФ	мид РФ	ORG	152-31
США	США	LOC	164-29
Европу	Европа	LOC	146-2
Европе»	Европе»	LOC	146-2
Грушко	Грушко	PER	141-25
Россией	Россия	LOC	150-16
Российской Федерации	российский Федерация	LOC	150-18
Александр Грушко	Александр Грушко	PER	130-24
Дональда Трампа	Дональд Трамп	PER	166-8
Северному потоку — 2	Северный поток — 2	PRO	164-26
Генассамблеи ООН	Генассамблеи ООН	ORG	141-27
Европы	Европа	LOC	146-2
Варшава потока — 2	Варшав поток — 2	LOC	133-3
Германию	Германия	LOC	141-11
РФ	РФ	LOC	150-17
Трамп	Трамп	PER	120-11
Nord Stream 2 AG	Nord Stream 2 AG	ORG	151-3
Нордового потока - 2	Нордовой поток - 2	PRO	160-10
Дании	Дания	LOC	166-7
Украина	Украина	LOC	147-3
