ru-196
Нафтогаз	нафтогаз	ORG	160-7
Газпрома	Газпром	ORG	141-2
Окружной суд Амстердама	окружной суд Амстердам	ORG	129-2
Натфогаз Украины	Натфогаз Украина	ORG	160-8
Голубой поток	голубой поток	PRO	141-22
Блю Стрим Пайплайн Компани Б. В.	Блю Стрим Пайплайн Компани Б. В.	ORG	127-26
Газпрому	Газпром	ORG	141-2
ONLINE.UA	ONLINE.UA	PRO	153-16
Блю Стрим Пайплайн Компани	Блю Стрим Пайплайн Компани	ORG	127-26
Окружного суда Амстердама	окружной суд Амстердам	ORG	129-2
Газпромом	Газпром	ORG	141-2
Eni	Eni	ORG	118-25
РФ	РФ	LOC	150-17
Турцию	Турция	LOC	120-2
Молдовы	Молдова	LOC	152-38
Газпром	Газпром	ORG	141-2
Кирилл Габурич	Кирилл Габурич	PER	159-35
России	Россия	LOC	150-8
Владимир Путин	Владимир Путин	PER	133-4
Дональду Трампу	Дональд Трампа	PER	166-8
Россия	Россия	LOC	150-8
Украину	Украина	LOC	147-3
Северный поток 2	Северный поток 2	PRO	164-25
