ru-20
Финляндии	Финляндия	LOC	126-12
Финском заливе	Финский залив	LOC	126-13
Норд-Стрим	Норд-Стрим	ORG	160-3
России	Россия	LOC	150-8
Балтийское море	Балтийский море	LOC	127-17
Германии	Германия	LOC	141-11
Госдепартамента США	Госдепартамент США	ORG	141-20
Дэвид Тесслер	Дэвид Тесслер	PER	166-11
Берлине	Берлин	LOC	127-7
Госдепартамента	Госдепартамент	ORG	141-20
МИД ФРГ	МИД ФРГ	ORG	152-23
Хандельсблатт	Хандельсблатт	PRO	116-13
Северный поток 2	Северный поток 2	PRO	164-25
США	США	LOC	164-29
Россией	Россия	LOC	150-16
ФРГ	ФРГ	LOC	126-10
Германия	Германия	LOC	141-11
Трампа	Трамп	PER	120-11
Ангелы Меркель	Ангела Меркель	PER	130-13
Хайко Мааса	Хайко Мааса	PER	116-2
Вашингтоном	Вашингтон	LOC	133-0
Юнипер»	Юнипер»	ORG	136-11
Вашингтоне	Вашингтон	LOC	133-0
