ru-ryanair-new-extra-106
МИД ФРГ	мид ФРГ	ORG	152-23
США	США	LOC	164-29
Северному потоку - 2	Северный поток - 2	PRO	164-26
РФ	РФ	LOC	150-17
Украину	Украина	LOC	147-3
Хайко Маас.	Хайко Маас.	PER	116-2
Германии	Германия	LOC	141-11
Хайко Маас	Хайко Маас	PER	116-2
Северный поток - 2	Северный поток - 2	PRO	164-25
Европе	Европа	LOC	146-2
Маас	Маас	PER	152-16
Восточного комитета немецкой экономики	восточный комитет немецкий экономика	ORG	133-15
Берлине	Берлин	LOC	127-7
Берлин	Берлин	LOC	127-7
Вашингтона	Вашингтон	LOC	133-0
России	Россия	LOC	150-8
Восточного комитета	восточный комитет	ORG	133-15
Вольфганг Бюхеле	Вольфганг Бюхель	PER	133-16
Германию	Германия	LOC	141-11
Европу	Европа	LOC	146-2
Нидерландах	Нидерланды	LOC	160-19
Балтийскому морю	Балтийский море	LOC	127-17
Северным потоком	Северный поток	PRO	164-25
Дональд Трамп	Дональд Трамп	PER	166-8
ФРГ	ФРГ	LOC	126-10
Берлина	Берлин	LOC	127-7
Северного потока - 2	Северный поток - 2	PRO	164-26
Палата представителей Конгресса США	Палата представитель Конгресс США	ORG	132-11
