ru-ryanair-new-extra-11
США	США	LOC	164-29
REGNUM	REGNUM	ORG	158-62
Северный поток 2	Северный поток 2	PRO	164-25
Берлин	Берлин	LOC	127-7
Брюссель	Брюссель	LOC	127-10
Москву	Москва	LOC	152-0
ИА REGNUM	ИА REGNUM	ORG	165-4
Михаил Демурин	Михаил Демурин	PER	152-26
Handelsblatt	Handelsblatt	PRO	157-10
Северного потока - 2	Северный поток - 2	PRO	164-26
Германии	Германия	LOC	141-11
Ричард Гренелл	Ричард Гренелл	PER	150-14
Гюнтера Эттингера	Гюнтер Эттингер	PER	141-14
Эттингер	Эттингер	PER	113-3
Северным потоком 2	Северный поток 2	PRO	164-28
ЕС	ЕС	ORG	146-13
Европой	Европа	LOC	146-2
Россией	Россия	LOC	150-16
Украины	Украина	LOC	147-3
Прибалтики	Прибалтика	LOC	132-21
Польши	Польша	LOC	132-13
Румынии	Румыния	LOC	150-19
России	Россия	LOC	150-8
