ru-ryanair-new-extra-705
Германия	Германия	LOC	141-11
Северный поток — 2	Северный поток — 2	PRO	164-25
""""	""""	PRO	xxx
Северного потока	Северный поток	PRO	xxx
Германии	Германия	LOC	141-11
Маас	Маас	PER	152-16
МИД Украины	МИД Украина	ORG	152-65
Павлом Климкиным	Павл Климкин	PER	132-10
Северный поток – 2	северный поток – 2	PRO	164-25
России	Россия	LOC	150-8
Балтийское море	Балтийский море	LOC	127-17
США	США	LOC	164-29
Владимир Путин	Владимир Путин	PER	133-4
Дональд Трамп	Дональд Трамп	PER	166-8
Европу	Европа	LOC	146-2
Ангела Меркель	Ангела Меркель	PER	130-13
Берлин	Берлин	LOC	127-7
Украину	Украина	LOC	147-3
ЕС	ЕС	ORG	146-13
