ru-ryanair-new-extra-240
Румыния	Румыния	LOC	150-19
Северный поток - 2	Северный поток - 2	PRO	164-25
КИЕВ	КИЕВ	LOC	159-11
УНН	унн	ORG	147-4
Евросоюза	Евросоюз	ORG	146-12
Германией	Германия	LOC	141-11
Россией	Россия	LOC	150-16
Германии	Германия	LOC	141-11
Австрии	Австрия	LOC	130-14
DIGI24	DIGI24	PRO	143-81
Совете министров Евросоюза	Совет министр Евросоюз	ORG	164-75
ЕС	ЕС	ORG	146-13
Газпрома	Газпром	ORG	141-2
Газпром	Газпром	ORG	141-2
E. ON	E. ON	ORG	118-27
Wintershall	Wintershall	ORG	174-4
Shell	Shell	ORG	134-1
OMV	OMV	ORG	153-14
Engie	Engie	ORG	118-5
