ru-209
Нидерландах	Нидерланды	LOC	160-19
Нафтогаза	Нафтогаз	ORG	160-5
Газпрому	Газпром	ORG	141-2
Голубого потока»	голубой потока	PRO	141-22
Газпрома	Газпром	ORG	141-2
Окружной суд Амстердама	окружной суд Амстердам	ORG	129-2
Голубой поток»	Голуба поток	ORG	141-23
Blue Stream Pipeline Company B. V.	Blue Stream Pipeline Company B. V.	ORG	149-49
BSPC	BSPC	ORG	149-50
Нафтогаз Украины	Нафтогаз Украина	ORG	160-4
Газпромом	Газпром	ORG	141-2
Блю Стрим Пайплайн Компани Б. В.	Блю Стрим Пайплайн Компани Б. В.	ORG	127-26
Газпром	Газпром	ORG	141-2
Окружного суда города Амстердама»	окружной суд город Амстердама	ORG	129-22
Окружным судом	окружной суд	ORG	129-15
Eni	Eni	ORG	118-25
России	Россия	LOC	150-8
Турцию	Турция	LOC	120-2
Береговая	береговой	LOC	127-49
УНИАН	УНИАН	ORG	147-16
Нафтогазом	Нафтогаз	ORG	160-5
Стокгольмском арбитраже	Стокгольмский арбитраж	ORG	164-37
украинской	украинский	LOC	147-8
Украиной	Украина	LOC	147-3
Нафтогаз	Нафтогаз	ORG	160-5
Англии	Англия	LOC	130-22
Швейцарии	Швейцария	LOC	171-3
Северный поток - 1	Северный поток - 1	PRO	164-25
Северный поток - 2	Северный поток - 2	PRO	164-25
Стокгольмский арбитраж	Стокгольмский арбитраж	ORG	164-37
Нафтогаз»	Нафтогаз»	ORG	160-5
