ru-22
МИД	МИД	ORG	152-19
Трампа	Трамп	PER	120-11
Германии	Германия	LOC	141-11
Российской Федерации	российский Федерация	LOC	150-18
МИД РФ	МИД РФ	ORG	152-31
Александр Грушко	Александр Грушко	PER	130-24
США	США	LOC	164-29
ЕС	ЕС	ORG	146-13
Россией	Россия	LOC	150-16
УтроNews	УтроNews	ORG	147-17
РФ	РФ	LOC	150-17
Берлин	Берлин	LOC	127-7
Грушко	Грушко	PER	141-25
Газета.ru	газета.ru	PRO	141-26
Америка	Америка	LOC	130-18
соедененных штатов	соедетить штат	LOC	164-84
Германию	Германия	LOC	141-11
Балтийского моря	Балтийский море	LOC	127-17
Финляндии	Финляндия	LOC	126-12
Швеции	Швеция	LOC	171-0
Дании	Дания	LOC	166-7
Nord Stream 2 AG	Nord Stream 2 AG	ORG	151-3
Северного потока — 2	Северный поток — 2	PRO	164-26
Нордового потока - 2	нордовой поток - 2	PRO	160-10
Украина	Украина	LOC	147-3
Европу	Европа	LOC	146-2
Латвия	Латвия	LOC	173-7
Литва	Литва	LOC	173-6
Польша	Польша	LOC	132-12
