ru-ryanair-new-extra-113
МИД Германии	МИД Германия	ORG	152-21
США	США	LOC	164-29
Северный поток - 2	Северный поток - 2	PRO	164-25
Европе	Европа	LOC	146-2
Гайко Маас.	Гайко Маас.	PER	141-15
Германии	Германия	LOC	141-11
Гайко Маас ( Heiko Maas )	Гайко Маас ( Heiko Maas )	PER	141-15
Вашингтона	Вашингтон	LOC	133-0
России	Россия	LOC	150-8
Европу	Европа	LOC	146-2
Украины	Украина	LOC	147-3
Маас	Маас	PER	152-16
Берлине	Берлин	LOC	127-7
Reuters	Reuters	ORG	158-7
Берлин	Берлин	LOC	127-7
Восточного комитета немецкой	восточный комитет немецкий	ORG	xxx
Вольфганг Бюхеле (	Вольфганг Бюхель (	PER	133-16
Wolfgang Büchele )	Wolfgang Büchele )	PER	133-16
Бюхеле	Бюхель	PER	127-19
Балтийского моря	Балтийский море	LOC	127-17
Газпром	Газпром	ORG	141-2
Engie	Engie	ORG	118-5
Uniper	Uniper	ORG	119-0
OMV	OMV	ORG	153-14
Shell	Shell	ORG	134-1
Wintershall	Wintershall	ORG	174-4
Украина	Украина	LOC	147-3
Северного потока - 2	Северный поток - 2	PRO	164-26
Польша	Польша	LOC	132-12
страны Балтии	страна Балтия	LOC	164-30
ЕС	ЕС	ORG	146-13
