ru-ryanair-new-extra-100
Германии	Германия	LOC	141-11
Северный поток - 2	Северный поток - 2	PRO	164-25
Северного потока - 2	Северный поток - 2	PRO	164-26
МИД Германии	МИД Германия	ORG	152-21
РФ	РФ	LOC	150-17
Украину	Украина	LOC	147-3
МИД ФРН	МИД ФРН	ORG	152-24
Хайко Маас	Хайко Маас	PER	116-2
DW	DW	PRO	143-45
США	США	LOC	164-29
Европе	Европа	LOC	146-2
Маас	Маас	PER	152-16
Восточного комитета немецкой экономики	восточный комитет немецкий экономика	ORG	133-15
Берлине	Берлин	LOC	127-7
Берлин	Берлин	LOC	127-7
Вашингтона	Вашингтон	LOC	133-0
России	Россия	LOC	150-8
Восточного комитета	восточный комитет	ORG	133-15
Вольфганг Бюхеле	Вольфганг Бюхель	PER	133-16
Германию	Германия	LOC	141-11
Европу	Европа	LOC	146-2
Нидерландах	Нидерланды	LOC	160-19
Европарламента	Европарламент	ORG	146-16
Палата представителей Конгресса США	Палата представитель Конгресс США	ORG	132-11
Балтийское море	Балтийский море	LOC	127-17
Польша	Польша	LOC	132-12
страны Балтии	страна Балтия	LOC	164-30
Украина	Украина	LOC	147-3
Молдова	Молдова	LOC	152-79
Дания	Дания	LOC	166-10
ЕС	ЕС	ORG	146-13
Газпрома	Газпром	ORG	141-2
