ru-ryanair-new-extra-122
МИД Германии	МИД Германия	ORG	152-21
США	США	LOC	164-29
Северного потока - 2	Северный поток - 2	PRO	164-26
КИЕВ	КИЕВ	LOC	159-11
УНН	унн	ORG	147-4
Германии	Германия	LOC	141-11
Хайко Мас	Хайко Мас	PER	116-2
Северный поток - 2	Северный поток - 2	PRO	164-25
DW	DW	PRO	143-45
Европе	Европа	LOC	146-2
Мас	Мас	PER	152-17
Восточного комитета немецкой экономики	восточный комитет немецкий экономика	ORG	133-15
Берлине	Берлин	LOC	127-7
Берлин	Берлин	LOC	127-7
Вашингтона	Вашингтон	LOC	133-0
Украину”	Украину”	LOC	147-3
России	Россия	LOC	150-8
Восточного комитета	восточный комитет	ORG	133-15
Вольфганг Бюхеле	Вольфганг Бюхель	PER	133-16
Германию	Германия	LOC	141-11
Европу	Европа	LOC	146-2
Нидерландах	Нидерланды	LOC	160-19
