sl-1
Porošenko	Porošenko	PER	124-42
Nato	Nato	ORG	151-25
Azovsko morje	azovski morje	LOC	131-45
Putin	Putin	PER	124-0
ruski	ruski	LOC	xxx
Ukrajinski	ukrajinski	LOC	119-30
Petro Porošenko	Petro Porošenko	PER	124-40
Ukrajino	Ukrajina	LOC	119-9
Vladimirja Putina	Vladimir Putin	PER	161-12
Bild	Bild	PRO	149-51
Nemčija	Nemčija	LOC	151-61
Nata	Nato	ORG	151-24
Ukrajini	Ukrajina	LOC	119-9
Rusije	Rusija	LOC	158-48
ukrajinske	ukrajinski	LOC	119-35
Kerško ožino	kerški ožina	LOC	137-31
Putinovim	Putinov	PER	124-8
Ukrajine	Ukrajina	LOC	119-9
Nemčijo	Nemčija	LOC	151-61
Moskvi	Moskva	LOC	123-51
Rusiji	Rusija	LOC	158-49
Kerški ožini	kerški ožina	LOC	137-31
Krim	Krim	LOC	137-7
Črnega morja	črn morje	LOC	135-8
ukrajinsko	ukrajinski	LOC	119-15
Mariupol	Mariupol	LOC	123-52
Azovskem morju	azovski morje	LOC	131-46
