sl-10
Kremelj	Kremelj	PER	137-32
Severni tok 2	severen tok 2	PRO	134-47
Moskva	Moskva	LOC	123-51
Berlinu	Berlin	LOC	149-4
Parizu	Pariz	LOC	124-13
ZDA	ZDA	LOC	144-13
AFP	AFP	ORG	131-20
Kremlja	Kremelj	ORG	137-32
Dmitrij Peskov	Dmitrij Peskov	PER	143-14
Tass	Tass	ORG	139-33
evropsko	evropski	LOC	118-54
Ameriški kongres	ameriški kongres	ORG	131-47
Pentagon	Pentagon	ORG	124-24
Nemčije	Nemčija	LOC	151-61
Turčije	Turčija	LOC	139-32
Zdaj	zdaj	LOC	144-14
Trumpu	Trump	PER	139-34
Nemčijo	Nemčija	LOC	151-61
Evropo	Evropa	LOC	118-36
Turški tok	turški tok	PRO	139-35
Črnega morja	črn morje	LOC	135-8
Turčijo	Turčija	LOC	139-32
vzhodno Evropo	vzhoden Evropa	LOC	161-13
Gazprom	Gazprom	ORG	140-4
Baltskim morjem	baltski morje	LOC	149-8
Rusijo	Rusija	LOC	158-50
Rusije	Rusija	LOC	158-48
Finske	Finska	LOC	168-27
Švedske	Švedska	LOC	156-0
Danske	Danska	LOC	143-47
Ukrajini	Ukrajina	LOC	119-9
