sl-14
Putin	Putin	PER	124-0
Merklovi	Merklov	PER	123-50
avstrijskem Štajerskem	avstrijski Štajersko	LOC	131-43
Avstrijo	Avstrija	LOC	131-42
Gomilici	Gomilica	LOC	140-39
Gamlitz	Gamlitz	LOC	140-61
avstrijske Štajerske	avstrijski Štajerska	LOC	131-43
Slovenijo	Slovenija	LOC	134-54
Kneisslova	Kneisslov	PER	137-86
Wolfgangom Meilingerjem	Wolfgang Meilinger	PER	174-33
Sebastian Kurz	Sebastian Kurz	PER	134-29
Heinz-Christian Strache	Heinzechristian Strache	PER	157-17
Avstrijska policija	avstrijski policija	ORG	xxx
Gradcu	Gradec	LOC	140-52
avstrijske	avstrijski	LOC	131-44
Berlin	Berlin	LOC	149-4
Siriji	Sirija	LOC	134-64
vzhodu Ukrajine	vzhod Ukrajina	LOC	161-14
Rusijo	Rusija	LOC	158-50
Zahodom	Zahod	LOC	144-0
Nemčijo	Nemčija	LOC	151-61
Ukrajini	Ukrajina	LOC	119-9
Nata	Nato	ORG	151-24
Rusije	Rusija	LOC	158-48
Avstrije	Avstrija	LOC	131-42
Svobodnjaki	svobodnjak	PER	134-128
FPÖ	FPÖ	ORG	168-14
Ljudsko stranko	ljudski stranka	ORG	163-13
ÖVP	ÖVP	ORG	xxx
avstrijsko	avstrijski	LOC	131-44
Evropi	Evropa	LOC	118-36
Krim	Krim	LOC	137-7
Evropske unije	evropski unija	ORG	118-7
