sl-19
Evropski parlament	evropski parlament	ORG	118-28
Rusiji	Rusija	LOC	158-49
Evropski poslanci	evropski poslanec	PER	118-29
EU	EU	ORG	118-8
Rusijo	Rusija	LOC	158-50
Siriji	Sirija	LOC	134-64
Libija	Libija	LOC	163-16
Srednjeafriška republika	srednjeafriški republika	LOC	134-49
Ukrajini	Ukrajina	LOC	119-9
Rusije	Rusija	LOC	158-48
Polanci	Polanc	PER	xxx
Rusija	Rusija	LOC	158-47
sporazuma iz Minska	sporazum iz Minsk	PRO	xxx
vzhodni Ukrajini	vzhoden Ukrajina	LOC	161-16
Baltika	Baltik	LOC	149-15
Črnega morja	črn morje	LOC	135-8
Baltskega morja	baltski morje	LOC	149-8
Sredozemlja	Sredozemlje	LOC	134-84
Evroposlanci	evroposlanec	PER	118-53
Severni tok 2	severen tok 2	PRO	134-47
Evropske unije	evropski unija	ORG	118-7
Severna Koreja	severen Koreja	LOC	134-48
Iran	Iran	LOC	138-10
Venezuela	Venezuela	LOC	161-17
Sirija	Sirija	LOC	134-64
Prespanskemu sporazumu	prespanski sporazum	PRO	124-7
Grčija	Grčija	LOC	140-23
Makedonija	Makedonija	LOC	123-56
