sl-25
Rusija	Rusija	LOC	158-47
Ukrajina	Ukrajina	LOC	119-9
EU	EU	ORG	118-8
dpa	DPA	ORG	143-5
Šefčovič	Šefčovič	PER	156-1
Ukrajini	Ukrajina	LOC	119-9
Ukrajine	Ukrajina	LOC	119-9
Ukrajino	Ukrajina	LOC	119-9
Aleksander Novak	Aleksander Novak	PER	131-52
ukrajinski	ukrajinski	LOC	119-29
Aleksej Oršel	Aleksej Oršel	PER	131-53
Šefčoviču	Šefčovič	PER	156-1
Krima	Krim	LOC	137-7
Rusiji	Rusija	LOC	158-49
Severni tok 2	severen tok 2	PRO	134-47
Severni tok	severen tok	PRO	134-47
Rusije	Rusija	LOC	158-48
Baltskim morjem	baltski morje	LOC	149-8
Nemčijo	Nemčija	LOC	151-61
