sl-24
Ukrajino	Ukrajina	LOC	119-9
evropski	evropski	LOC	118-55
Ukrajine	Ukrajina	LOC	119-9
Evropi	Evropa	LOC	118-36
Kijev	Kijev	LOC	137-36
Moskva	Moskva	LOC	123-51
evropske komisije	evropski komisija	ORG	118-9
Maroš Šefčovič	Maroš Šefčovič	PER	123-18
Kijevom	Kijev	LOC	137-39
Moskvo	Moskva	LOC	123-51
Brusljo	Bruselja	LOC	149-19
Aleksandra Novaka	Aleksander Novak	PER	131-52
Minsku	Minsk	LOC	123-57
Rusija	Rusija	LOC	158-47
Ukrajina	Ukrajina	LOC	119-9
Gazpromu	Gazprom	ORG	140-4
Vladimir Putin	Vladimir Putin	PER	161-12
Gazproma	Gazprom	ORG	140-4
Bruslju	Bruselj	LOC	149-19
Evropa	Evropa	LOC	118-36
Rusije	Rusija	LOC	158-48
balkanske države	balkanski država	LOC	xxx
Slovaškem	Slovaško	LOC	134-112
EU	EU	ORG	118-8
Zdaj	zdaj	LOC	xxx
Rusijo	Rusija	LOC	158-50
Gazprom	Gazprom	ORG	140-4
Naftogaza	Naftogaz	ORG	151-36
Zahodno Evropo	zahoden Evropa	LOC	144-3
Turčijo	Turčija	LOC	139-32
Severnega toka 1	severen tok 1	PRO	134-47
zdaj	zdaj	LOC	xxx
Turški tok	turški tok	PRO	139-35
Severni tok 2	severen tok 2	PRO	134-47
Atlantika	Atlantik	LOC	131-13
Putin	Putin	PER	124-0
Baltsko morje	baltski morje	LOC	149-8
srednjo	srednji	LOC	134-56
južno Evropo	južen Evropa	LOC	114-6
