sl-21
Nemčije	Nemčija	LOC	151-61
EU	EU	ORG	118-8
Bruslju	Bruselj	LOC	149-19
Berlinom	Berlin	LOC	149-4
Parizom	Pariz	LOC	124-9
Severnim morjem	severen morje	LOC	134-50
Gerharda Schröderja	Gerhard Schröder	PER	140-6
Berlin	Berlin	LOC	149-4
Francije	Francija	LOC	168-29
Poljske	Poljska	LOC	124-10
Velike Britanije	velik Britanija	LOC	161-15
Severni tok 2	severen tok 2	PRO	134-47
Washington	Washington	LOC	174-5
ZDA	ZDA	LOC	144-19
Rusijo	Rusija	LOC	158-50
Ukrajine	Ukrajina	LOC	119-9
Moskve	Moskva	LOC	123-51
Evropska komisija	evropski komisija	ORG	118-9
direktive o plinu	direktiva o plin	PRO	xxx
Rusije	Rusija	LOC	158-48
Gazpromu	Gazprom	ORG	140-4
evropskim parlamentom	evropski parlament	ORG	118-28
Angela Merkel	Angela Merkel	PER	131-28
Emmanuela Macrona	Emmanuel Macron	PER	118-37
Francijo	Francija	LOC	168-30
Bolgarije	Bolgarija	LOC	149-54
evropski parlament	evropski parlament	ORG	118-28
Gazprom	Gazprom	ORG	140-4
evropski	evropski	LOC	118-55
Ukrajino	Ukrajina	LOC	119-9
srednje	srednji	LOC	xxx
zahodne Evrope	zahoden Evropa	LOC	144-3
Moskva	Moskva	LOC	123-51
Poljsko	Poljska	LOC	124-12
severnega toka	severen tok	PRO	134-47
južnega toka	južen tok	PRO	114-16
zdaj	zdaj	LOC	144-20
turški tok	turški tok	PRO	139-37
Evropi	Evropa	LOC	118-36
Hrvaško	Hrvaška	LOC	157-12
Krk	Krk	LOC	137-12
