sl-22
EU	EU	ORG	118-8
Severnega toka 2	severen tok 2	PRO	134-47
Sveta EU	svet EU	ORG	134-82
Evropskim parlamentom	evropski parlament	ORG	118-28
Svetu EU	svet EU	ORG	134-82
Anton Anton	Anton Anton	PER	131-106
evropske	evropski	LOC	118-56
dpa	DPA	ORG	143-5
Severni tok 2	severen tok 2	PRO	134-47
Severni tok 1	severen tok 1	PRO	134-47
Gazprom	Gazprom	ORG	140-4
Rusijo	Rusija	LOC	158-50
Nemčijo	Nemčija	LOC	151-61
Baltskim morjem	baltski morje	LOC	149-8
Rusije	Rusija	LOC	158-48
Finske	Finska	LOC	168-27
Švedske	Švedska	LOC	156-0
Danske	Danska	LOC	143-47
Nemčije	Nemčija	LOC	151-61
Evrope	Evropa	LOC	118-36
