sl-30
Putin	Putin	PER	124-0
Xi	XI	PER	121-0
Rusijo	Rusija	LOC	158-50
Kitajsko	Kitajska	LOC	137-34
AFP	AFP	ORG	131-20
Gazproma	Gazprom	ORG	140-4
Aleksej Miller	Aleksej Miller	PER	131-48
Kitajski	Kitajska	LOC	137-34
Ljudske republike Kitajske	ljudski republika Kitajska	LOC	163-39
Miller	Miller	PER	xxx
Jakutija	Jakuti	LOC	114-44
Blagoveščenska	Blagoveščenski	LOC	149-36
Gazprom	Gazprom	ORG	140-4
kitajski	kitajski	LOC	137-37
China National Petroleum Corporation	China National Petroleum Corporation	ORG	169-21
Rusija	Rusija	LOC	158-47
Evropi	Evropa	LOC	118-36
Ukrajine	Ukrajina	LOC	119-9
Turški tok	turški tok	PRO	139-35
Turčiji	Turčija	LOC	139-32
Severni tok 2	severen tok 2	PRO	134-47
Nemčiji	Nemčija	LOC	151-61
