sl-34
3. svetovna vojna	3. svetoven vojna	EVT	xxx
Evropi	Evropa	LOC	118-36
KIJEV	Kijev	LOC	137-48
Mateusz Morawiecki	Mateusz Morawiecki	PER	123-16
Rusija	Rusija	LOC	158-47
Ukrajino	Ukrajina	LOC	119-9
Severni tok 1	severen tok 1	PRO	134-47
Rusiji	Rusija	LOC	158-49
ukrajinski	ukrajinski	LOC	119-29
Rusijo	Rusija	LOC	158-50
Rusije	Rusija	LOC	158-48
Kijev	Kijev	LOC	137-36
Moskva	Moskva	LOC	123-51
Lenina	Lenin	PER	163-50
Ukrajina	Ukrajina	LOC	119-9
Azovsko morje	azovski morje	LOC	131-45
ukrajinske	ukrajinski	LOC	119-35
Apostrof	Apostrof	PRO	131-94
Igor Romanjenko	Igor Romanjenko	PER	138-29
Moskvo	Moskva	LOC	123-51
Zahod	zahod	LOC	144-1
tretja svetovna vojna	tretji svetoven vojna	EVT	139-67
ZDA	ZDA	LOC	144-19
Mike Pompeo	Mike Pompeo	PER	123-33
Severni tok 2	severen tok 2	PRO	134-47
Ukrajine	Ukrajina	LOC	119-9
evropski	evropski	LOC	118-55
Ukrajini	Ukrajina	LOC	119-9
Nemčija	Nemčija	LOC	151-61
Francije	Francija	LOC	xxx
Avstrije	Avstrija	LOC	131-42
