sl-37
Pahor	Pahor	PER	124-18
Junckerja	Juncker	PER	114-19
Hrvaška	Hrvaška	LOC	157-12
Bruselj	Bruselj	LOC	149-19
Borut Pahor	Borut Pahor	PER	149-12
evropske komisije	evropski komisija	ORG	118-9
Jean-Claudom Junckerjem	Jeanlclaud Juncker	PER	114-18
evropskega sveta	evropski svet	ORG	118-32
Donaldom Tuskom	Donald Tusek	PER	143-69
Bruslja	Bruselj	LOC	149-19
hrvaško	hrvaški	LOC	157-21
Evropska komisija	evropski komisija	ORG	118-9
Zahodnemu Balkanu	zahoden Balkan	LOC	144-39
Bruslju	Bruselj	LOC	149-19
evropska komisija	evropski komisija	ORG	118-9
Sodiščem EU	sodišče EU	ORG	134-90
Slovenija	Slovenija	LOC	134-54
EU	EU	ORG	118-8
švedski	švedski	LOC	xxx
Fredrik Reinfeldt	Fredrik Reinfeldt	PER	168-62
ZDA	ZDA	LOC	144-16
Hrvaške	Hrvaška	LOC	157-12
Evropi 16 + 1	Evropa 16 + 1	LOC	118-36
Pobudo treh morij	pobuda trije morija	PRO	124-16
Ljubljani	Ljubljana	LOC	163-17
Juncker	Juncker	PER	114-19
Baltskim	Baltsko	LOC	149-15
Jadranskim	Jadranski	LOC	114-17
Črnim morjem	črn morje	LOC	135-8
kitajskega	kitajski	LOC	137-38
16	16	PRO	xxx
+ 1	+ 1	PRO	xxx
Pekingu	Peking	LOC	124-17
vzhodne	vzhoden	LOC	161-21
srednje	srednji	LOC	134-56
jugovzhodne Evrope	jugovzhoden Evropa	LOC	114-7
Pahorjevem	Pahorjev	PER	124-19
Ljubljano	Ljubljana	LOC	163-17
Nemčije	Nemčija	LOC	151-61
Frank-Walterja Steinmeierja	Frank Steinmeier	PER	168-59
Lomijo	lomiti	LOC	xxx
Severni tok 2	severen tok 2	PRO	134-47
Poljsko	Poljska	LOC	124-12
Atlantika	Atlantik	LOC	131-13
Kitajska	Kitajska	LOC	137-34
Ruska federacija	ruski federacija	LOC	158-104
ljubljanskega zasedanja	ljubljanski zasedanje	EVT	xxx
Washingtona	Washington	LOC	174-5
Varšavi	Varšava	LOC	161-20
Donald Trump	Donald Trump	PER	143-10
