sl-42
Slovenija	Slovenija	LOC	134-54
jedrske elektrarne Krško	jedrski elektrarna Krško	ORG	114-24
ZDA	ZDA	LOC	144-13
Slovenijo	Slovenija	LOC	134-54
Rick Perry	Rick Perry	PER	158-14
Sloveniji	Slovenija	LOC	134-54
Pobude treh morij	pobuda trije morija	PRO	124-16
Perry	Perry	PER	124-14
Ljubljani	Ljubljana	LOC	163-17
Dela	delo	ORG	143-66
Westinghouse	Westinghouse	ORG	174-7
evropska komisija	evropski komisija	ORG	118-9
ameriško ministrstvo za energetiko	ameriški ministrstvo za energetika	ORG	131-95
Bruslju	Bruselj	LOC	149-19
Boruta Pahorja	Borut Pahor	PER	149-12
Marjana Šarca	Marjan Šarec	PER	123-36
Westinghousovega reaktorja	Westinghousov reaktor	PRO	174-34
Svetovnem jedrskem sejmu 2014.	svetoven jedrski sejem 2014.	EVT	134-136
Benoit	Benoit	PER	xxx
Mednarodne agencije za jedrsko energijo	mednaroden agencija za jedrski energija	ORG	123-116
IAEA	IAEA	ORG	138-34
Evropa	Evropa	LOC	118-36
Srednji	srednji	LOC	134-56
Vzhodni Evropi	vzhoden Evropa	LOC	161-13
Evropo	Evropa	LOC	118-36
Trumpove	Trumpov	PER	139-6
EU	EU	ORG	118-8
LNG	LNG	PRO	163-20
Evropi	Evropa	LOC	118-36
Nemci	Nemec	PER	151-16
Severni tok 2	severen tok 2	PRO	134-47
Severnega toka 2	severen tok 2	PRO	134-47
Rusija	Rusija	LOC	158-47
