sl-43
Pompeo	Pompeo	PER	124-22
Nemčiji	Nemčija	LOC	151-61
Huawei	Huawei	ORG	157-13
Severni tok 2	severen tok 2	PRO	134-47
Iran	Iran	LOC	138-10
ZDA	ZDA	LOC	144-21
Nemčijo	Nemčija	LOC	151-61
Trumpovega	Trumpov	PER	139-39
Mike Pompeo	Mike Pompeo	PER	123-33
Berlin	Berlin	LOC	149-4
Bela hiša	bel hiša	LOC	149-56
Bližnjem vzhodu	bližnji vzhod	LOC	149-52
Berlinu	Berlin	LOC	149-4
5	5	PRO	xxx
Heikom Maasom	Heiko Maas	PER	157-2
Komunistični partiji Kitajske	komunističen partija Kitajska	ORG	137-56
Huaweijevim	Huaweijev	ORG	xxx
Maas	Maas	PER	123-69
5 G	5 g	PRO	170-0
Iranu	Iran	LOC	138-10
Nemčija	Nemčija	LOC	151-61
Teheran	Teheran	LOC	139-36
jedrski sporazum s Teheranom	jedrski sporazum z Teheran	PRO	114-25
Trump	Trump	PER	139-0
Merklova	Merklov	PER	123-50
Harvardu	Harvard	ORG	157-25
Trumpa	Trump	PER	139-3
Švici	Švica	LOC	156-8
Nizozemski	Nizozemska	LOC	151-41
Veliki Britaniji	velik Britanija	LOC	161-15
Donaldu Trumpu	Donald Trump	PER	143-6
Angelo Merkel	Angela Merkel	PER	131-50
univerzi Harvard	univerza Harvard	ORG	119-54
Trumpove	Trumpov	PER	139-6
Mehiko	Mehika	LOC	123-53
Vzhodne Nemčije	vzhoden Nemčija	LOC	161-21
