sl-49
Evropske unije	evropski unija	ORG	118-7
EU	EU	ORG	118-8
Angela Merkel	Angela Merkel	PER	131-28
Emmanuel Macron	Emmanuel Macron	PER	118-37
Sloveniji	Slovenija	LOC	134-54
Konference o evropski prihodnosti	konferenca o evropski prihodnost	EVT	137-44
Nemci	Nemec	PER	151-16
Francozi	Francoz	PER	168-33
Portugalci	Portugalec	PER	124-88
Slovenci	Slovenec	PER	134-88
Evropska unija ( lizbonski ) pogodbi	evropski unija ( lizbonski ) pogodba	ORG	118-7
Evropski uniji	evropski unija	ORG	118-7
Evropskega sveta	evropski svet	ORG	118-32
Evropsko unijo	evropski unija	ORG	118-7
Evropski svet	evropski svet	ORG	118-105
Charlesa Michela	Charles Michel	PER	169-25
Josep Borell	Josep Borell	PER	114-33
Macron	Macron	PER	123-71
Merklova	Merklov	PER	123-50
Portugalski	Portugalska	LOC	124-59
Slovenija	Slovenija	LOC	134-54
Pogodbo o ustavi za Evropo	pogodba o ustava za Evropa	PRO	124-104
Franciji	Francija	LOC	168-36
Nizozemskem	Nizozemsko	LOC	151-40
Francija	Francija	LOC	168-32
Nemčija	Nemčija	LOC	151-61
Združeno kraljestvo	združen kraljestvo	LOC	144-41
brexita	brexit	EVT	149-57
Belgijo	Belgija	LOC	149-26
Italijo	Italija	LOC	138-16
Nizozemsko	Nizozemska	LOC	151-41
Španije	Španija	LOC	156-3
Evropske ljudske stranke	evropski ljudski stranka	ORG	118-82
EPP	EPP	ORG	118-74
Stranke evropskih socialistov	stranka evropski socialist	ORG	134-158
PES	pes	ORG	124-116
Stranke zavezništva liberalcev in demokratov za Evropo	stranka zavezništvo liberalec in demokrat za Evropa	ORG	134-135
ALDE	ALDE	ORG	131-97
Rusijo	Rusija	LOC	158-50
Ukrajino	Ukrajina	LOC	119-9
Rusija	Rusija	LOC	158-47
Ukrajina	Ukrajina	LOC	119-9
Parizu	Pariz	LOC	124-13
Rusiji	Rusija	LOC	158-49
priključitve Krima	priključitev Krim	EVT	124-109
vojne v Donbasu	vojna v Donbas	EVT	161-23
Nata	Nato	ORG	151-24
Trump	Trump	PER	139-0
Ruse	Rus	PER	158-56
Severni tok	severen tok	PRO	134-47
Nemčijo	Nemčija	LOC	151-61
Konferenca o prihodnosti Evrope	konferenca o prihodnost Evropa	EVT	137-82
Bližnjim vzhodom	bližnji vzhod	LOC	149-52
Turčijo	Turčija	LOC	139-32
Rusi	Rus	PER	158-52
Ukrajinci	Ukrajinec	PER	119-17
Združenimi državami Amerike	združen država Amerika	LOC	144-18
Američani	Američan	PER	131-9
Dimitrij Rupel	Dimitrij Rupel	PER	143-53
