sl-46
Pompeo	Pompeo	PER	124-22
Berlinu	Berlin	LOC	149-4
Kitajsko	Kitajska	LOC	137-34
Rusijo	Rusija	LOC	158-50
dpa	DPA	ORG	143-5
fundacijo Körber	fundacija Körber	LOC	168-34
Brandenburških vrat	brandenburški vrata	LOC	149-58
berlinski zid	berlinski zid	LOC	149-59
padcu berlinskega zidu	padec berlinski zid	EVT	124-21
Rusija	Rusija	LOC	158-47
Dresdnu	Dresden	LOC	143-52
KGB	KGB	ORG	137-42
Kitajske	Kitajska	LOC	137-34
Pekinga	Peking	LOC	124-17
Xinjiangu	Xinjiang	LOC	121-1
Hongkongu	Hongkong	LOC	157-14
Nemčiji	Nemčija	LOC	151-61
Evropi	Evropa	LOC	118-36
Kitajska	Kitajska	LOC	137-34
Pompea	Pompea	PER	124-23
Kitajska komunistična partija	kitajski komunističen partija	ORG	137-43
vzhodnim Nemcem	vzhoden Nemec	PER	161-21
Iran	Iran	LOC	138-10
AFP	AFP	ORG	131-20
ZDA	ZDA	LOC	144-19
Berlin	Berlin	LOC	149-4
Washington	Washington	LOC	174-5
Evropa	Evropa	LOC	118-36
Vladimirja	Vladimir	PER	161-12
Putina	Putin	PER	124-0
Severni tok 2	severen tok 2	PRO	134-47
Rusije	Rusija	LOC	158-48
Nemčijo	Nemčija	LOC	151-61
Angela Merkel	Angela Merkel	PER	131-28
5 G	5 g	PRO	170-0
kitajski	kitajski	LOC	137-37
Huawei	Huawei	ORG	157-13
Nemčije	Nemčija	LOC	151-61
Angelo Merkel	Angela Merkel	PER	131-50
Olafom Scholzom	Olaf Scholz	PER	153-23
Wall Street Journal	Wall Street Journal	PRO	174-64
Ronalda Reagan	Ronald Reagan	PER	158-37
Deutsche Welle	Deutsche Welle	PRO	143-32
Reaganu	Reagan	PER	158-57
Berlina	Berlin	LOC	149-4
Heikom Maasom	Heiko Maas	PER	157-2
Mödlareuth	Mödlareuth	LOC	123-94
Halle	Halle	LOC	157-27
Donaldom Trumpom	Donald Trump	PER	143-27
EU	EU	ORG	118-8
