sl-47
Moskva	Moskva	LOC	123-51
Kijev	Kijev	LOC	137-36
EU	EU	ORG	118-8
Evropsko unijo	evropski unija	ORG	118-7
ukrajinsko	ukrajinski	LOC	119-15
Maroš Šefčovič	Maroš Šefčovič	PER	123-18
Moskvo	Moskva	LOC	123-51
Kijevom	Kijev	LOC	137-39
Ukrajino	Ukrajina	LOC	119-9
Rusijo	Rusija	LOC	158-50
Ukrajine	Ukrajina	LOC	119-9
ukrajinski	ukrajinski	LOC	119-29
Viktorja Janukoviča	Viktor Janukovič	PER	161-34
Ukrajina	Ukrajina	LOC	119-9
Rusija	Rusija	LOC	158-47
Zahodu	zahod	LOC	144-1
Ukrajini	Ukrajina	LOC	119-9
Volodimir Zelenski	Volodimir Zelenski	PER	161-18
Vladimir Putin	Vladimir Putin	PER	161-12
Donalda Trumpa	Donald Trump	PER	143-7
Severni tok	severen tok	PRO	134-47
Emmanuel Macron	Emmanuel Macron	PER	118-37
Evropske unije	evropski unija	ORG	118-7
Moskvi	Moskva	LOC	123-51
Nato	Nato	ORG	151-25
Macronu	Macron	PER	123-60
Angelo Merkel	Angela Merkel	PER	131-50
Putina	Putin	PER	124-0
Zelenskega	zelenski	PER	144-22
Parizu	Pariz	LOC	124-13
Šefčovič	Šefčovič	PER	156-1
Minsk	Minsk	LOC	123-119
Berlinu	Berlin	LOC	149-4
Gazpromu	Gazprom	ORG	140-4
Naftogazu	Naftogaz	ORG	151-36
Rusije	Rusija	LOC	158-48
