sl-54
Merklova	Merklov	PER	123-50
Putin	Putin	PER	124-0
Siriji	Sirija	LOC	134-64
vzhodu Ukrajine	vzhod Ukrajina	LOC	161-14
Vladimir Putin	Vladimir Putin	PER	161-12
Berlin	Berlin	LOC	149-4
Angela Merkel	Angela Merkel	PER	131-28
gradu Meseberg	grad Meseberg	LOC	140-26
Berlina	Berlin	LOC	149-4
dpa	DPA	ORG	143-5
Evropo	Evropa	LOC	118-36
Sirije	Sirija	LOC	134-64
Evrope	Evropa	LOC	118-36
Jordanije	Jordanija	LOC	114-14
Libanona	Libanon	LOC	163-12
Turčije	Turčija	LOC	139-32
Putinom	Putin	PER	124-0
Ukrajini	Ukrajina	LOC	119-9
modrih čelad ZN	moder čelada ZN	PER	123-54
Sirijo	Sirija	LOC	134-64
Nemčija	Nemčija	LOC	151-61
Združenih narodov	združen narod	ORG	144-17
Bašarja al Asada	Bašar Al Asad	PER	149-53
Rusija	Rusija	LOC	158-47
Severni tok 2	severen tok 2	PRO	134-47
Rusijo	Rusija	LOC	158-50
Nemčijo	Nemčija	LOC	151-61
iranski jedrski sporazum	iranski jedrski sporazum	PRO	138-12
ZDA	ZDA	LOC	144-19
Donalda Trumpa	Donald Trump	PER	143-7
Rusiji	Rusija	LOC	158-49
Trump	Trump	PER	139-0
Nemčiji	Nemčija	LOC	151-61
Karin Kneissl	Karin Kneissl	PER	137-30
avstrijskem Štajerskem	avstrijski Štajersko	LOC	131-43
Slovenijo	Slovenija	LOC	134-54
Avstrijo	Avstrija	LOC	131-42
Zahodom	Zahod	LOC	144-0
ukrajinske krize	ukrajinski kriza	EVT	119-59
Avstrijski svobodnjaki	avstrijski svobodnjak	PER	131-51
FPÖ	FPÖ	ORG	168-14
Ljudsko stranko	ljudski stranka	ORG	163-13
ÖVP	ÖVP	ORG	xxx
avstrijsko	avstrijski	LOC	131-44
Evropi polotoka Krim	Evropa polotok Krim	LOC	118-36
Evropske unije	evropski unija	ORG	118-7
sta	sta	ORG	134-62
)	)	ORG	xxx
