sl-64
Putin	Putin	PER	124-0
Trumpu	Trump	PER	139-34
Vladimir Putin	Vladimir Putin	PER	161-12
Moskvi	Moskva	LOC	123-51
Donalda Trumpa	Donald Trump	PER	143-7
Rusijo	Rusija	LOC	158-50
Trump	Trump	PER	139-0
predstavniški dom ameriškega kongresa	predstavniški dom ameriški kongres	ORG	124-27
republikanci	republikanec	ORG	158-54
Rusija	Rusija	LOC	158-47
ZDA	ZDA	LOC	144-21
sporazum Start jedrski	sporazum start jedrski	PRO	134-148
Vladimirja Zelenskega	Vladimir Zelenski	PER	161-18
sporazuma iz Minska	sporazum iz Minsk	PRO	134-57
Ukrajine	Ukrajina	LOC	119-9
Ukrajina	Ukrajina	LOC	119-9
Putinovem	Putinov	PER	124-28
Kijevu	Kijev	LOC	137-36
Donecku	Doneck	LOC	143-54
Ukrajino	Ukrajina	LOC	119-9
Severni tok	severen tok	PRO	134-47
Severni tok 2	severen tok 2	PRO	134-47
Turški tok	turški tok	PRO	139-35
Moskva	Moskva	LOC	123-51
Evropsko unijo	evropski unija	ORG	118-7
Kitajsko	Kitajska	LOC	137-34
Peking	Peking	LOC	124-17
Kitajski	Kitajska	LOC	137-34
Svetovne antidopinške agencije	svetoven antidopinški agencija	ORG	134-58
WADA	WADA	ORG	174-29
Vladimirja Iljiča Lenina	Vladimir Iljič Lenin	PER	161-22
Rdečem trgu	rdeč trg	LOC	158-59
Sovjetske zveze	sovjetski zveza	LOC	134-59
AFP	AFP	ORG	131-20
Zdaj	zdaj	LOC	144-14
Russia Today	Russio Today	PRO	158-77
Kremlja	Kremelj	ORG	137-32
Margarita Simonjan	Margarita Simonjan	PER	123-73
Putinove	Putinov	PER	124-28
Putinova letna novinarska konferenca	Putinov leten novinarski konferenca	PER	124-4
Tass	Tass	ORG	139-33
