sl-61
Trump	Trump	PER	139-0
Ameriški kongres	ameriški kongres	ORG	131-47
Pentagon	Pentagon	ORG	124-24
Nemčije	Nemčija	LOC	151-61
Turčije	Turčija	LOC	139-32
Severni tok 2	severen tok 2	PRO	134-47
ZDA	ZDA	LOC	144-13
Nemčijo	Nemčija	LOC	151-61
Evropo	Evropa	LOC	118-36
Turški tok	turški tok	PRO	139-35
Črnega morja	črn morje	LOC	135-8
Turčijo	Turčija	LOC	139-32
vzhodno Evropo	vzhoden Evropa	LOC	161-13
Allseas	Allseas	ORG	131-25
Severnega toka 2	severen tok 2	PRO	134-47
Moskvi	Moskva	LOC	123-51
Facebooku	Facebook	PRO	168-35
Marija Zaharova	Marija Zaharova	PER	123-70
EU	EU	ORG	118-8
Evropska unija	evropski unija	ORG	118-7
Bruslju	Bruselj	LOC	149-19
Peter Beyer	Peter Beyer	PER	124-25
Nemčiji	Nemčija	LOC	151-61
Nemčija	Nemčija	LOC	151-61
