sl-63
Kremelj	Kremelj	PER	137-32
Severni tok 2	severen tok 2	PRO	134-47
Rusija	Rusija	LOC	158-47
Kremlja	Kremelj	ORG	137-32
ZDA	ZDA	LOC	144-13
Ameriški kongres	ameriški kongres	ORG	131-47
Donald Trump	Donald Trump	PER	143-10
Moskva	Moskva	LOC	123-51
Berlinu	Berlin	LOC	149-4
Parizu	Pariz	LOC	124-13
AFP	AFP	ORG	131-20
Dmitrij Peskov	Dmitrij Peskov	PER	143-14
Tass	Tass	ORG	139-33
evropsko	evropski	LOC	118-54
Angela Merkel	Angela Merkel	PER	131-28
nemškem	nemški	ORG	xxx
Iran	Iran	LOC	138-10
Pentagon	Pentagon	ORG	124-24
Nemčije	Nemčija	LOC	151-61
Turčije	Turčija	LOC	139-32
Zdaj	zdaj	LOC	144-14
Trumpu	Trump	PER	139-34
Nemčijo	Nemčija	LOC	151-61
Evropo	Evropa	LOC	118-36
Turški tok	turški tok	PRO	139-35
Črnega morja	črn morje	LOC	135-8
Turčijo	Turčija	LOC	139-32
vzhodno Evropo	vzhoden Evropa	LOC	161-13
Gazprom	Gazprom	ORG	140-4
Moody ’ s	Moody ’ z	ORG	123-74
Tassa	Tasso	ORG	139-47
Gazproma	Gazprom	ORG	140-4
Severni tok	severen tok	PRO	134-47
Nord Stream 2	Nord Stream 2	ORG	151-4
Wintershall	Wintershall	ORG	174-4
Uniper	Uniper	ORG	119-0
OMV	OMV	ORG	153-20
Engie	Engie	ORG	118-5
Royal Dutch Shell	Royal Dutch Shell	ORG	158-5
Gazpromovi	Gazpromov	ORG	140-22
Baltskim morjem	baltski morje	LOC	149-8
Rusijo	Rusija	LOC	158-50
Rusije	Rusija	LOC	158-48
Finske	Finska	LOC	168-27
Švedske	Švedska	LOC	156-0
Danske	Danska	LOC	143-47
Ukrajini	Ukrajina	LOC	119-9
