sl-7
SDS	SDS	ORG	134-68
Janez Janša	Janez Janša	PER	114-26
EU	EU	ORG	118-8
NATO	Nato	ORG	151-28
Slovenijo	Slovenija	LOC	134-54
Slovenija	Slovenija	LOC	134-54
Evropske unije	evropski unija	ORG	118-7
Dimitrij Rupel	Dimitrij Rupel	PER	143-53
Ljubljani	Ljubljana	LOC	163-17
referenduma o vstopu Slovenije v Evropsko unijo in Nato	referendum o vstop Slovenija v evropski unija in Nato	EVT	158-96
Igor Senčar	Igor Senčar	PER	138-32
Janša	Janša	PER	114-27
Rupel	Rupel	PER	158-60
referendumoma o vstopu Slovenije v EU in Nato	referendum o vstop Slovenija v EU in Nato	EVT	158-88
LDS	LDS	ORG	163-22
vstopu v	vstop v	EVT	xxx
Nato	Nato	ORG	151-25
Natu	Nato	ORG	151-27
schengensko območje	schengenski območje	LOC	134-125
Slovenije	Slovenija	LOC	134-54
Janeza Janše	Janez Janša	PER	114-26
Prešernovem trgu	Prešernov trg	LOC	124-113
Pahorjeva	Pahorjev	PER	124-19
Janeza Janšo	Janez Janša	PER	114-26
Obrežje	Obrežje	LOC	153-36
Kosova	Kosovo	LOC	137-41
Makedonije	Makedonija	LOC	123-56
Siriji	Sirija	LOC	134-64
Somaliji	Somalija	LOC	134-147
Libiji	Libija	LOC	163-16
Evropi	Evropa	LOC	118-36
Afriki	Afrika	LOC	131-59
podsaharski Afriki	podsaharski Afrika	LOC	124-126
Evropo	Evropa	LOC	118-36
brexit	brexit	EVT	149-57
Evropa	Evropa	LOC	118-36
brexitu	brexit	EVT	149-57
Nemčija	Nemčija	LOC	151-61
Severni tok 2	severen tok 2	PRO	134-47
zahodne Evrope	zahoden Evropa	LOC	144-3
Rusije	Rusija	LOC	158-48
