sl-70
Trumpova	Trumpov	PER	139-4
ZDA	ZDA	LOC	144-13
Donaldom Trumpom	Donald Trump	PER	143-27
Helsinkih	Helsinki	LOC	157-15
Vladimir Putin	Vladimir Putin	PER	161-12
sovjetski	sovjetski	PER	134-70
Vzhodni Nemčiji	vzhoden Nemčija	LOC	161-21
Trump	Trump	PER	139-0
Putinovim	Putinov	PER	124-8
KGB-ju	KGB	ORG	137-89
Putinovemu	Putinov	PER	124-28
Rusija	Rusija	LOC	158-47
ameriške predsedniške volitve leta 2016.	ameriški predsedniški volitev leto 2016.	EVT	131-58
demokrati	demokrat	PER	143-57
republikanci	republikanec	PER	158-53
republikanec	republikanec	PER	158-53
Paul Ryan	Paul Ryan	PER	124-110
Trumpovo	Trumpov	PER	139-6
zdaj	zdaj	LOC	144-20
demokratov	demokrat	PER	143-57
Putin	Putin	PER	124-0
Trumpu	Trump	PER	139-34
Kremljem	Kremelj	ORG	137-50
do	do	LOC	xxx
Rusiji	Rusija	LOC	158-49
hladno vojno	hladen vojna	EVT	157-11
Sovjeti	Sovje	PER	134-69
Komunistično stranko ZDA	komunističen stranka ZDA	ORG	137-64
Sovjetske zveze	sovjetski zveza	LOC	134-59
Američani	Američan	PER	131-9
Borisa Jelcina	Boris Jelcin	PER	149-66
Zahod	zahod	LOC	144-1
Putinu	Putin	PER	124-0
Rusi	Rus	ORG	158-52
Zdaj	zdaj	LOC	144-14
Trumpa	Trump	PER	139-3
Rusijo	Rusija	LOC	158-50
Putina	Putin	PER	124-0
Belo hišo	bel hiša	LOC	149-56
Kremelj	Kremelj	LOC	137-33
Dwight Eisenhower	Dwight Eisenhower	PER	143-74
Nikito Hruščova	Nikita Hruščov	PER	151-62
Mihail Gorbačov	Mihail Gorbačov	PER	123-122
Ronald Reagan	Ronald Reagan	PER	158-64
Reykjaviku	Reykjavik	LOC	158-90
Putinov	Putinov	PER	124-3
hladne vojne	hladen vojna	EVT	157-11
Sovjetska zveza	sovjetski zveza	LOC	134-59
Rusije	Rusija	LOC	158-48
Gruzijo	Gruzija	LOC	140-9
Krim	Krim	LOC	137-7
Siriji	Sirija	LOC	134-64
Bašarja Al Asada	Bašar Al Asad	PER	149-53
Hillary Clinton	Hillary Clinton	PER	157-33
Kremlja	Kremelj	LOC	137-33
Nemčija	Nemčija	LOC	151-61
Severni tok 2	severen tok 2	PRO	134-47
Nemčijo	Nemčija	LOC	151-61
Angela Merkel	Angela Merkel	PER	131-28
Kitajska	Kitajska	LOC	137-34
Trumpove	Trumpov	PER	139-6
Japonskem	Japonsko	LOC	114-23
Južni Koreji	južen Koreja	LOC	114-22
Nikita Hruščov	Nikita Hruščov	PER	151-62
Andrej Gromiko	Andrej Gromiko	PER	131-69
Hruščov	Hruščov	PER	157-16
Moskvo	Moskva	LOC	123-51
Gromiko	Gromiko	PER	140-49
kubansko raketno krizo	kubanski raketen kriza	EVT	137-84
Hruščova	Hruščov	PER	157-16
Bele hiše	bel hiša	LOC	149-56
