sl-75
Rusija	Rusija	LOC	158-47
Severnega toka 2	severen tok 2	PRO	134-47
Nord Stream 2	Nord Stream 2	ORG	151-4
Gazprom	Gazprom	ORG	140-4
Severni tok 2	severen tok 2	PRO	134-47
danskim	danski	LOC	143-58
Severnem toku 2	severen tok 2	PRO	134-47
Tass	Tass	ORG	139-33
Čižov	Čižov	PER	135-13
Danska	Danska	LOC	143-47
Danskem socialdemokrati	Dansko socialdemokrat	LOC	143-60
Američanom	Američan	PER	131-9
ZDA	ZDA	LOC	144-13
Rusiji	Rusija	LOC	158-49
Washington	Washington	LOC	174-5
EU	EU	ORG	118-8
Kitajska	Kitajska	LOC	137-34
Mehika	Mehika	LOC	123-53
Gerhard Schröder	Gerhard Schröder	PER	140-6
mednarodnega gospodarskega foruma v Sankt Peterburgu	mednaroden gospodarski forum v Sankt Peterburg	EVT	123-82
Danske	Danska	LOC	143-47
Washingtona	Washington	LOC	174-5
evropsko	evropski	LOC	xxx
Nemčija	Nemčija	LOC	151-61
Finska	Finska	LOC	168-28
Švedska	Švedska	LOC	156-0
Sankt Peterburgu	Sankt Peterburg	LOC	134-63
Matthias Warnig	Matthias Warnig	PER	123-72
Baltskim morjem	baltski morje	LOC	149-8
Nemčijo	Nemčija	LOC	151-61
Rusije	Rusija	LOC	158-48
