sl-74
Slovenija	Slovenija	LOC	134-54
Severni tok 2	severen tok 2	PRO	134-47
Nemčiji	Nemčija	LOC	151-61
evropski	evropski	LOC	118-55
Rusije	Rusija	LOC	158-48
Ljubljani	Ljubljana	LOC	163-17
konferenca o energetski prihodnosti	konferenca o energetski prihodnost	EVT	137-63
Mednarodno združenje za energetsko ekonomiko	mednaroden združenje za energetski ekonomika	ORG	123-115
IAEE	IAEE	ORG	138-24
ljubljanska ekonomska fakulteta	ljubljanski ekonomski fakulteta	ORG	163-33
Evropi	Evropa	LOC	118-36
LNG	LNG	PRO	163-20
Rusijo	Rusija	LOC	158-50
EU	EU	ORG	118-8
Rusov	Rus	PER	158-82
Krima	Krim	LOC	137-7
Gazproma	Gazprom	ORG	140-4
Nemčije	Nemčija	LOC	151-61
Gazprom	Gazprom	ORG	140-4
Nemčijo	Nemčija	LOC	151-61
Baltskim morjem	baltski morje	LOC	149-8
Finske	Finska	LOC	168-27
Švedske	Švedska	LOC	156-0
Danske	Danska	LOC	143-47
Severnim tokom 2	severen tok 2	PRO	134-47
OMV	OMV	ORG	153-20
Poljsko	Poljska	LOC	124-12
Severnega toka 2	severen tok 2	PRO	134-47
ZDA	ZDA	LOC	144-19
Evropske komisije	evropski komisija	ORG	118-9
Jean-Clauda Junckerja	Jeanlclaud Juncker	PER	114-18
Donalda Trumpa	Donald Trump	PER	143-7
Denis Mancevič	Denis Mancevič	PER	143-51
Rusi	Rus	PER	158-52
Krku	Krk	LOC	137-12
Hrvaškem	Hrvaško	LOC	157-22
Denisa Manceviča	Denis Mancevič	PER	143-51
Rusija	Rusija	LOC	158-47
Evropo	Evropa	LOC	118-36
Mancevič	Mancevič	PER	123-68
Pogodba za tranzit ruskega plina čez Ukrajino Rusija	pogodba za tranzit ruski plin čez Ukrajina Rusija	PRO	124-92
Ukrajino	Ukrajina	LOC	119-9
Kitajsko	Kitajska	LOC	137-34
Moč Sibirije	moč Sibirija	PRO	123-59
Kitajski	Kitajska	LOC	137-34
ESPO	ESPO	PRO	118-86
East Siberia-Pacific Ocean	East Siberiašpacific Ocean	PRO	118-96
Sahalinu	Sahalin	LOC	134-113
Evropa	Evropa	LOC	118-36
vzhodni Sibiriji	vzhoden Sibirija	LOC	161-21
Slovenije	Slovenija	LOC	134-54
