sl-80
Rusija	Rusija	LOC	158-47
Ukrajina	Ukrajina	LOC	119-9
Evropo	Evropa	LOC	118-36
Ukrajine	Ukrajina	LOC	119-9
Gazprom	Gazprom	ORG	140-4
Volodimirja Zelenskega	Volodimir Zelenski	PER	161-18
Moskva	Moskva	LOC	123-51
Kijev	Kijev	LOC	137-36
Dunaju	Dunaj	LOC	143-49
Gazproma	Gazprom	ORG	140-4
Aleksej Miller	Aleksej Miller	PER	131-48
Evropske unije	evropski unija	ORG	118-7
Rusije	Rusija	LOC	158-48
EU	EU	ORG	118-8
Facebooku	Facebook	PRO	168-35
Volodimir Zelenski	Volodimir Zelenski	PER	161-18
Dimitrij Medvedjev	Dimitrij Medvedjev	PER	143-82
Zelenski	zelenski	PER	144-22
Bruslju	Bruselj	LOC	149-19
Evropske komisije	evropski komisija	ORG	118-9
Maroš Šefčovič	Maroš Šefčovič	PER	123-18
Evrope	Evropa	LOC	118-36
Evropi	Evropa	LOC	118-36
Severni tok 2	severen tok 2	PRO	134-47
Nemčijo	Nemčija	LOC	151-61
ZDA	ZDA	LOC	144-19
Turški tok	turški tok	PRO	139-35
Turčiji	Turčija	LOC	139-32
Bolgariji	Bolgarija	LOC	149-54
južni	južen	LOC	xxx
jugovzhodni Evropi	jugovzhoden Evropa	LOC	xxx
