sl-9
Trump	Trump	PER	139-0
ZDA	ZDA	LOC	144-19
predstavniški dom ameriškega kongresa	predstavniški dom ameriški kongres	ORG	xxx
Pentagonu	Pentagon	ORG	124-24
Mehiko	Mehika	LOC	123-53
zdaj	zdaj	LOC	144-20
Trumpu	Trump	PER	139-34
Nato	Nato	ORG	151-25
Južne Koreje	južen Koreja	LOC	114-22
Ukrajini	Ukrajina	LOC	119-9
Bašarju al Asadu	Bašar al Asad	PER	149-53
Krim	Krim	LOC	137-7
Nemčije	Nemčija	LOC	151-61
sklad za Evropsko obrambno pobudo	sklad za evropski obramben pobuda	PRO	xxx
Evropi	Evropa	LOC	118-36
Severni tok 2	severen tok 2	PRO	134-47
Turški tok	turški tok	PRO	139-35
EU	EU	ORG	118-8
Rusija	Rusija	LOC	158-47
Ameriški kongres	ameriški kongres	ORG	xxx
Pentagon	Pentagon	ORG	124-24
Turčije	Turčija	LOC	139-32
Nemčijo	Nemčija	LOC	151-61
Evropo	Evropa	LOC	118-36
Črnega morja	črn morje	LOC	135-8
Turčijo	Turčija	LOC	139-32
vzhodno Evropo	vzhoden Evropa	LOC	xxx
Allseas	Allseas	ORG	131-25
Severnega toka 2	severen tok 2	PRO	134-47
Moskvi	Moskva	LOC	123-51
Facebooku	Facebook	PRO	168-35
Marija Zaharova	Marija Zaharova	PER	123-70
Evropska unija	evropski unija	ORG	118-7
Bruslju	Bruselj	LOC	149-19
Peter Beyer	Peter Beyer	PER	124-25
Nemčiji	Nemčija	LOC	151-61
Nemčija	Nemčija	LOC	151-61
