cs-10
Británie	Británie	LOC	GPE-Great-Britain
Británii	Británie	LOC	GPE-Great-Britain
Bruselu	Brusel	LOC	GPE-Brussles
Běloruska	Bělorusko	LOC	GPE-Belarus
EU	EU	ORG	ORG-European-Union
Evropské unie	Evropská unie	ORG	ORG-European-Union
Fotobanka Profimedia	Fotobanka Profimedia	ORG	ORG-Profimedia-Photobank
Hospodářské komory	Hospodářská komora	ORG	ORG-Hospodarska-Komora
Japonce	Japonci	PER	GPE-Japan
Japonci	Japonci	PER	GPE-Japan
Kobza	Kobza	PER	PER-Kobza
Miroslav Diro	Miroslav Diro	PER	PER-Miroslav-Diro
Pavel Sobíšek	Pavel Sobíšek	PER	PER-Pavel-Sobisek
Praha	Praha	LOC	GPE-Prague
Radek Špicar	Radek Špicar	PER	PER-Radek-Spicar
SPD	SPD	ORG	ORG-SPD-Party-CZ
Sobíšek	Sobíšek	PER	PER-Pavel-Sobisek
Svazu průmyslu a dopravy	Svaz průmyslu a dopravy	ORG	ORG-Svaz-Prumyslu
Svazu průmyslu	Svaz průmyslu	ORG	ORG-Svaz-Prumyslu
UniCreditu	UniCredit	ORG	ORG-Unicredit
brexit	brexit	EVT	EVT-Brexit
czexit	czexit	EVT	EVT-Czexit
czexitu	czexit	EVT	EVT-Czexit
twitteru	twitter	PRO	PRO-Twitter
ČR	ČR	LOC	GPE-Czech-Republic
ČTK	ČTK	ORG	ORG-CTK
Česka	Česko	LOC	GPE-Czech-Republic
Česko	Česko	LOC	GPE-Czech-Republic
České republiky	Česká republika	LOC	GPE-Czech-Republic
Špicar	Špicar	PER	PER-Radek-Spicar
