cs-355
Británie	Británie	LOC	GPE-Great-Britain
Británii	Británie	LOC	GPE-Great-Britain
Evropské unie	Evropská unie	ORG	ORG-European-Union
Mateusz Morawiecki	Mateusz Morawiecki	PER	PER-Mateusz-Morawiecki
Mateuszem Morawieckým	Mateusz Morawiecki	PER	PER-Mateusz-Morawiecki
Morawiecki	Morawiecki	PER	PER-Mateusz-Morawiecki
Polska	Polsko	LOC	GPE-Poland
Polsko	Polsko	LOC	GPE-Poland
Poláci	Poláci	PER	GPE-Poland
Poláky	Poláci	PER	GPE-Poland
Poláků	Poláci	PER	GPE-Poland
Právo a spravedlnost	Právo a spravedlnost	ORG	ORG-PiS-Law-and-Justice
Spojeného království	Spojené království	LOC	GPE-Great-Britain
Theresy Mayové	Theresa Mayová	PER	PER-Theresa-May
Varšava	Varšava	LOC	GPE-Warsaw
Varšavě	Varšava	LOC	GPE-Warsaw
Velké Británie	Velká Británie	LOC	GPE-Great-Britain
Velké Británii	Velká Británie	LOC	GPE-Great-Britain
Vánocemi	Vánoce	EVT	EVT-Christmas
brexitu	brexit	EVT	EVT-Brexit
