cs-460
EU	EU	ORG	ORG-European-Union
Evropská rada	Evropská rada	ORG	ORG-European-Council
Evropské unie	Evropská unie	ORG	ORG-European-Union
Evropské unii	Evropská unie	ORG	ORG-European-Union
Hamáček	Hamáček	PER	PER-Jan-Hamacek
Hamáčka	Hamáček	PER	PER-Jan-Hamacek
Hamáčkem	Hamáček	PER	PER-Jan-Hamacek
Jan Hamáček	Jan Hamáček	PER	PER-Jan-Hamacek
ODS	ODS	ORG	ORG-ODS-czech-political-party
Stropnického	Stropnický	PER	PER-Martin-Stropnicky
Stropnický	Stropnický	PER	PER-Martin-Stropnicky
Unie	Unie	ORG	ORG-European-Union
Unii	Unie	ORG	ORG-European-Union
brexitem	brexit	EVT	EVT-Brexit
ČR	ČR	LOC	GPE-Czech-Republic
ČSSD	ČSSD	ORG	ORG-CSSD-political-party-CZ
Česka	Česko	LOC	GPE-Czech-Republic
Česko	Česko	LOC	GPE-Czech-Republic
České republiky	Česká republika	LOC	GPE-Czech-Republic
