400
європейська комісія	європейська комісія	ORG	1
європейською комісією	європейська комісія	ORG	1
палати	палати	ORG	30255
комітети	комітети	ORG	30162
палата	палата	ORG	30254
комітет	комітет	ORG	30159
комісії	комісія	ORG	1
конвенції	конвенція	MISC	30169
європейського суду	європейський суд	ORG	239
комісія	комісія	ORG	1
комітету міністрів	комітет міністрів	ORG	30160
генеральному секретареві	генеральний секретар	PER	30072
комітетові міністрів ради європи	комітет міністрів ради європи	ORG	30160
комітетом міністрів	комітет міністрів	ORG	30160
комітетом	комітет	ORG	30160
європейської конвенції	європейська конвенція	MISC	10135
європейський суд	європейський суд	ORG	239
парламентською асамблеєю	парламентська асамблея	ORG	30229
комітет міністрів	комітет міністрів	ORG	30160
організації з безпеки і співробітництва в європі	організація з безпеки і співробітництва в європі	ORG	30216
обсє	обсє	ORG	30216
західної європи	західна європа	LOC	20102
сша	сша	LOC	11
канаду	канада	LOC	171
європейського континенту	європейський континент	LOC	9
празі	прага	LOC	87
нбсе	нбсе	ORG	30209
підсумковий документ віденської зустрічі	підсумковий документ віденської зустрічі	MISC	30233
москві	москва	LOC	10127
копенгагені	копенгаген	LOC	30172
відні	відень	LOC	30060
мадриді	мадрид	LOC	30181
белграді	белград	LOC	30037
парижі	париж	LOC	152
хельсінкського заключного акту	хельсінкський заключний акт	ORG	30317
хельсінкі	хельсінкі	LOC	30316
наради з безпеки і співробітництва	нарада з безпеки і співробітництва	ORG	30209
