cz-100
Belgii	Belgie	LOC	GPE-Belgium
Evropou	Evropa	LOC	LOC-Europe
Frankfurtu nad Mohanem	Frankfurt nad Mohanem	LOC	GPE-Frankfurt-am-Main
Irska	Irsko	LOC	GPE-Ireland
Irsku	Irsko	LOC	GPE-Ireland
Itálii	Itálie	LOC	GPE-Italy
McGinley Aviation	McGinley Aviation	ORG	ORG-McGinley-Aviation
Nizozemsku	Nizozemsko	LOC	GPE-Holland
Německo	Německo	LOC	GPE-Germany
Německu	Německo	LOC	GPE-Germany
Portugalsku	Portugalsko	LOC	GPE-Portugal
Ryanair	Ryanair	ORG	ORG-Ryanair
Ryanairu	Ryanair	ORG	ORG-Ryanair
Spolkové republice	Spolková republika	LOC	GPE-Germany
Svaz německých pilotů	Svaz německých pilotů	ORG	ORG-Vereinigung-Cockpit
VC	VC	ORG	ORG-Vereinigung-Cockpit
Verdi	Verdi	ORG	ORG-Ver.di-Trade-Union
České republiky	Česká republika	LOC	GPE-Czech-Republic
Španělsku	Španělsko	LOC	GPE-Spain
