uk-103
Бельгія	Бельгія	LOC	215-23
КИЇВ	КИЇВ	LOC	245-11
УНН	УНН	ORG	233-3
Бельгією	Бельгія	LOC	215-23
Belgocontrol	Belgocontrol	ORG	236-39
Reuters	Reuters	ORG	244-35
Twitter	Twitter	PRO	225-4
Брюссельського аеропорту	брюссельський аеропорт	LOC	215-35
easyJet	easyJet	ORG	206-34
Ryanair	Ryanair	ORG	244-36
IAG	IAG	ORG	224-22
Lufthansa	Lufthansa	ORG	248-39
Великої Британії	великий Британія	LOC	220-7
Хітроу	Хітро	LOC	205-2
British Airways	British Airways	ORG	236-7
Eurocontrol	Eurocontrol	ORG	231-7
Європі	Європа	LOC	231-2
Тунісу	Туніс	LOC	208-19
Албанії	Албанія	LOC	217-13
Грузії Київ	Грузія Київ	LOC	227-7
Bravo Airways	Bravo Airways	ORG	236-51
Оазис тревел Україна	оазис тревел Україна	PER	xxx
Міністерство економічного розвитку і торгівлі	міністерство економічний розвиток і торгівля	ORG	239-28
України	Україна	LOC	239-28
