uk-231
Ryanair	Ryanair	ORG	244-36
Бельгії	Бельгія	LOC	215-23
Іспанії	Іспанія	LOC	235-0
Італії	Італія	LOC	235-2
Нідерландах	Нідерландах	LOC	246-10
Португалії	Португалія	LOC	219-7
L'Echo	L'Echo	ORG	248-56
Брюсселі	Брюссель	LOC	215-10
Німеччини	Німеччина	LOC	246-11
Німеччині	Німеччина	LOC	246-9
Кенні Джейкобса	Кенні Джейкобс	PER	245-13
Ірландія	Ірландія	LOC	235-1
Німеччина	Німеччина	LOC	246-13
Швеція	Швеція	LOC	256-3
Бельгія	Бельгія	LOC	215-23
Нідерланди	Нідерланда	LOC	246-14
Європі	Європа	LOC	231-2
Boeing - 737 - 800	Boeing - 737 - 800	PRO	236-2
Дубліні	Дублін	LOC	251-3
