cs-9
Pákistánu	Pákistán	LOC	6-30
Bibiové	Bibiová	PER	29-18
Islámábád	Islámábád	LOC	20-0
Tehríke Labajk	Tehrík Labajk	ORG	21-2
TLP	TLP	ORG	21-3
Asii Bibiové	Asie Bibiová	PER	12-3
Mohameda	Mohamed	PER	5-0
Reuters	Reuters	ORG	37-2
Ijaz Ašrafí	Ijaz Ašrafí	PER	20-4
Asia Bibiová	Asia Bibiová	PER	12-3
Háfiz Saíd	Háfiz Saíd	PER	36-2
Spojené státy	spojený stát	LOC	15-1
Indie	Indie	LOC	20-5
Bombaji	Bombaj	LOC	29-22
Bibiovou	Bibiová	PER	29-20
AP	AP	ORG	12-2
Bibiová	Bibiová	PER	29-19
Británie	Británie	LOC	29-23
Francie	Francie	LOC	xxx
Španělsko	Španělsko	LOC	35-0
Rávalpindí	Rávalpindí	LOC	37-3
