cs-86
Chádima Husajna Rizvího	Chádim Husajn Rizví	PER	46-1
Asiu Bibiovou	Asio Bibiová	PER	12-3
Mohameda	Mohamed	PER	5-0
Rizví	Rizví	PER	37-4
Islámábád	Islámábád	LOC	20-0
Chádim Husajn Rizví	Chádim Husajn Rizví	PER	46-1
Mohsin Raza	Mohsin Raza	PER	5-55
Reuters	Reuters	ORG	37-2
Rizvího	Rizví	PER	37-4
Tehríke Labajk	Tehrík Labajk	ORG	21-2
Paňdžáb	Paňdžáb	LOC	6-29
Pákistánskou	pákistánský	LOC	6-27
Táhir Mahmúd	Táhir Mahmúd	PER	21-12
BBC News	BBC News	PRO	29-13
Islámábádu	Islámábád	LOC	20-0
Rávalpindí	Rávalpindí	LOC	37-3
Bibiová	Bibiová	PER	29-19
Pákistánu	Pákistán	LOC	6-30
Bibiové	Bibiová	PER	29-18
ČTK	ČTK	ORG	16-2
