cs-79
Bibiové	Bibiová	PER	29-18
Británii	Británie	LOC	29-23
USA	USA	LOC	3-0
Francie	Francie	LOC	xxx
Španělsko	Španělsko	LOC	35-0
Ašik Masíh	Ašik Masíh	PER	12-10
Británie	Británie	LOC	29-23
Spojeného království	spojený království	LOC	15-2
Theresu Mayovou	Theres Mayová	PER	21-11
Masíh	Masíh	PER	5-3
Kanady	Kanada	LOC	18-2
Tehríke Labajk	tehríke Labajk	ORG	21-13
TLP	TLP	ORG	21-3
Bibiová	Bibiová	PER	29-19
Pákistánu	Pákistán	LOC	6-36
Saif Mulúk	Saif Mulúk	PER	15-4
AFP	AFP	ORG	12-4
Bibiovou	Bibiová	PER	29-20
Mohameda	Mohamed	PER	5-0
Pákistánský nejvyšší soud	pákistánský vysoký soud	ORG	6-0
