cs-37
Británii	Británie	LOC	29-23
USA	USA	LOC	3-0
Asii Bibiové	Asie Bibiová	PER	12-3
Pákistánu	Pákistán	LOC	6-30
Mohameda	Mohamed	PER	5-0
Spojené státy	spojený stát	LOC	15-1
Kanadu	Kanada	LOC	18-2
BBC	BBC	PRO	29-3
Islámábád	Islámábád	LOC	20-0
Faisal Mahmood	Faisal Mahmood	PER	xxx
Reuters	Reuters	ORG	37-2
Bibiové	Bibiová	PER	29-18
Francie	Francie	LOC	xxx
Španělsko	Španělsko	LOC	35-0
Ašik Masíh	Ašik Masíh	PER	12-10
Británie	Británie	LOC	29-23
Spojeného království	spojený království	LOC	15-2
Theresu Mayovou	Theres Mayová	PER	21-11
Masíh	Masíh	PER	5-3
Kanady	Kanada	LOC	18-2
Tehríke Labajk	tehríke Labajk	ORG	21-13
TLP	TLP	ORG	21-3
Bibiová	Bibiová	PER	29-19
Saif Mulúk	Saif Mulúk	PER	15-4
AFP	AFP	ORG	12-4
Bibiovou	Bibiová	PER	29-20
Pákistánský nejvyšší soud	pákistánský vysoký soud	ORG	6-0
ČTK	ČTK	ORG	16-2
