ru-1073
Захарова	Захарова	PER	92-11
Джонсона	Джонсон	PER	103-60
МИД РФ	МИД РФ	ORG	89-73
Мария Захарова	Мария Захарова	PER	89-65
Великобритании	Великобритания	LOC	68-14
Бориса Джонсона	Борис Джонсон	PER	63-7
Даунинг - стрит	Даунинг - стрит	LOC	103-29
Терезы Мэй	Тереза Мэй	PER	55-24
российского МИД	российский МИД	ORG	87-16
Facebook	Фейсбук	PRO	106-8
Кремля	Кремль	LOC	96-40
Новичок	новичок	PRO	97-18
ЧМ - 2018	ЧМ - 2018	EVT	112-5
Эймсбери	Эймсбери	LOC	50-0
британского правительства	британский правительство	ORG	63-18
Скрипали	скрипать	PER	101-9
НАТО	НАТО	ORG	97-19
МИД Великобритании	МИД Великобритания	ORG	89-63
Тереза Мэй	Тереза Мэй	PER	55-24
МИД	МИД	ORG	89-34
британском кабинете министров	британский кабинет министр	ORG	63-20
Дэвид Дэвис	Дэвид Дэвис	PER	103-3
Евросоюза	Евросоюз	ORG	82-40
Дэвис	Дэвис	PER	103-63
Соединенного Королевства	соединить Королевство	LOC	101-0
Дэвиса	Дэвис	PER	103-64
Доминик Рааб	Доминик Рааб	PER	103-27
Джонсон	Джонсон	PER	103-61
Brexit	Brexit	EVT	86-22
Мэй	Мэй	PER	89-33
Соединенное Королевство	соединить Королевство	LOC	101-0
Европейского совета	Европейский совет	ORG	82-48
Дональда Туска	Дональд Туск	PER	103-12
Брюсселя	Брюссель	LOC	63-75
Лондона	Лондон	LOC	110-59
ЕС	ЕС	ORG	82-113
Дэвисом	Дэвис	PER	103-65
Туск.	Туск.	PER	55-3
