ru-1093
Мэй	Мэй	PER	89-33
Джонсон	Джонсон	PER	103-61
МИД Великобритании	МИД Великобритания	ORG	89-63
США	США	LOC	101-12
НАТО	НАТО	ORG	97-19
Российскую Федерацию	российский Федерация	LOC	87-11
Англии	Англия	LOC	65-5
Борис Джонсон	Борис Джонсон	PER	63-7
Терезы Мей	Тереза Мей	PER	55-24
Твиттер	Твиттер	PRO	55-15
ВВС	ВВС	PRO	68-17
Мэй.	Мэй.	PER	96-64
Бориса Джонсона	Борис Джонсон	PER	63-7
британском руководстве	британский руководство	ORG	xxx
Терезе Мэй	Тереза Мэй	PER	55-24
Джонсона	Джонсон	PER	103-60
ЕС	ЕС	ORG	82-90
Brexit	Brexit	EVT	86-22
Дэвис	Дэвис	PER	103-63
Brexit»	Brexit»	EVT	86-22
Лондон	Лондон	LOC	110-140
Брюсселем	Брюссель	LOC	63-80
Sky News	Sky News	PRO	69-34
Еврокомиссии	Еврокомиссия	ORG	82-45
Жан-Клод Юнкер	Жан-Клод Юнкер	PER	73-0
ФРГ	ФРГ	LOC	62-9
Ангела Меркель	Ангела Меркель	PER	65-9
Мишель Барнье	Мишель Барнье	PER	89-60
Lenta.ru	Lenta.ru	PRO	100-92
Дэвиса	Дэвис	PER	103-64
