ru-1163
Борис Джонсон	Борис Джонсон	PER	63-7
Терезу Мэй	Тереза Мэй	PER	55-24
Терезе	Тереза	PER	55-7
Соединенного Королевства	соединить Королевство	LOC	101-0
Евросоюза	Евросоюз	ORG	82-40
Ее Величества	ее Величество	PER	82-314
Джонсона	Джонсон	PER	103-60
Лондону	Лондон	LOC	110-23
европейского	европейский	LOC	82-53
брексите	брексит	EVT	63-98
Великобритании	Великобритания	LOC	68-14
Джонсон	Джонсон	PER	103-61
Терезы	Тереза	PER	55-7
ЕС	ЕС	ORG	82-333
Лондон	Лондон	LOC	110-50
МИД	МИД	ORG	89-34
российских	российский	LOC	87-11
Солсбери	Солсбери	LOC	101-11
ГРУ	ГРУ	ORG	78-28
Сергея Скрипаля	Сергей Скрипаль	PER	101-10
Юлию	Юлий	PER	71-7
Эймсбери	Эймсбери	LOC	50-0
Brexit	Brexit	EVT	86-22
Дэвид Дэвис	Дэвид Дэвис	PER	103-3
Стив Бейкер	Стив Бейкер	PER	101-1
британское	британский	LOC	63-128
Дэвиса	Дэвис	PER	103-64
Мэй	Мэй	PER	89-33
Британии	Британия	LOC	63-74
