ru-1124
УНИАН	униан	ORG	83-15
Джереми Хант	Джеремь Хант	PER	103-34
Бориса Джонсона	Борис Джонсон	PER	63-7
МИД Великобритании	МИД Великобритания	ORG	89-63
Джереми Хант.	Джеремь Хант.	PER	103-34
Великобритании	Великобритания	LOC	68-14
Даунинг-Стрит	Даунинг-Стрит	LOC	103-62
Джонсон	Джонсон	PER	103-61
Brexit	Brexit	EVT	86-22
Джереми Ханта	Джеремь Хант	PER	103-34
Содружества Наций	Содружество Нация	ORG	101-15
Даунинг - стрит	Даунинг - стрит	LOC	103-29
Ханта	Хант	PER	52-12
Мэттью Хэнкок	Мэттью Хэнкок	PER	89-76
правительстве Британии	правительство Британия	ORG	67-28
Хант	Хант	PER	52-12
Консервативной партии	консервативный партия	ORG	96-35
кабинете Дэвида Кэмерона	кабинет Дэвид Камерон	ORG	96-37
кабинете Терезы Мэй .	кабинет Тереза Мэй .	ORG	96-39
Олимпийских игр	олимпийский игра	EVT	xxx
британских ВМФ	британский ВМФ	ORG	63-88
британском ВМФ	британский ВМФ	ORG	63-88
Люсии Гуо	Люсия Гуо	PER	110-120
ЕС	ЕС	ORG	82-117
МИД	МИД	ORG	89-34
Борис Джонсон	Борис Джонсон	PER	63-7
Лондон	Лондон	LOC	110-52
Евросоюзу	Евросоюз	ORG	82-40
Великобританию	Великобритания	LOC	68-18
Брюсселе	Брюссель	LOC	63-79
