ru-1027
Великобритании	Великобритания	LOC	68-14
Брекзиту»	Брекзиту»	EVT	63-83
Тереза Мэй	Тереза Мэй	PER	55-24
Брекзиту	Брекзит	EVT	63-83
Доминика Раба	Доминика Раба	PER	103-28
правительство Великобритании	правительство Великобритания	ORG	67-27
Дэвид Дэвис	Дэвид Дэвис	PER	103-3
Дэвис	Дэвис	PER	103-63
Мэй	Мэй	PER	89-33
Дэвиса	Дэвис	PER	103-64
Лондона	Лондон	LOC	110-48
ЕС	ЕС	ORG	82-206
Европарламента	Европарламент	ORG	82-26
Ги Верхофстадт	Ги Верхофстадт	PER	78-26
Бельгии	Бельгия	LOC	63-84
Евросоюза	Евросоюз	ORG	82-40
Британцы	британец	PER	63-85
референдуме	референдум	EVT	87-20
повторный референдум	повторный референдум	EVT	67-29
Великобритания	Великобритания	LOC	68-16
Лондоном	Лондон	LOC	110-90
Брюсселем	Брюссель	LOC	63-80
суда ЕС	суд ЕС	ORG	101-67
Лондон	Лондон	LOC	110-106
таможенного союза	таможенный союз	ORG	55-14
