ru-1155
британского МИД	британский МИД	ORG	63-87
Джереми Хант	Джеремь Хант	PER	103-34
Великобритании	Великобритания	LOC	68-14
МИД	МИД	ORG	89-34
Борис Джонсон	Борис Джонсон	PER	63-7
ЕС	ЕС	ORG	82-199
Мэттью Хэнкок	Мэттью Хэнкок	PER	89-76
Даунинг - стрит	Даунинг - стрит	LOC	103-29
Англии	Англия	LOC	65-5
Уэльса	Уэльс	LOC	83-16
Джереми Райт	Джеремь Райт	PER	103-35
Дж. Хант	Дж. Хант	PER	103-80
Консервативной партии	консервативный партия	ORG	96-35
кабинете Дэвида Кэмерона	кабинет Дэвид Камерон	ORG	96-37
кабинете	кабинет	ORG	96-37
Т. Мэй	Т. Мэй	PER	55-25
Олимпийских игр	олимпийский игра	EVT	64-19
Британии	Британия	LOC	63-74
Б. Джонсон	Б. Джонсон	PER	63-10
референдума о выходе Британии из ЕС в 2016 году	референдум о выход Британия из ЕС в 2016 год	EVT	87-20
правительство Британии	правительство Британия	ORG	67-28
Brexit	Brexit	EVT	86-22
Дэвид Дэвис.	Дэвид Дэвис.	PER	103-3
