ru-1112
Бориса Джонсона	Борис Джонсон	PER	63-7
МИД	МИД	ORG	89-34
Джонсона	Джонсон	PER	103-60
Терезы Мэй	Тереза Мэй	PER	55-24
Британии	Британия	LOC	63-74
ЕС	ЕС	ORG	82-257
BBC	БИ-БИ-СИ	ORG	86-138
Правительство Великобритании	Правительство Великобритания	ORG	67-27
Тереза Мэй	Тереза Мэй	PER	55-24
Великобритании	Великобритания	LOC	68-14
МИД России	МИД Россия	ORG	89-64
Мария Захарова	Мария Захарова	PER	89-65
Facebook	Фейсбук	PRO	106-8
МИД РФ	МИД РФ	ORG	89-73
Мэй	Мэй	PER	67-65
Евросоюза	Евросоюз	ORG	82-40
Дэвид Дэвис	Дэвид Дэвис	PER	103-3
Дэвиса	Дэвис	PER	103-64
британский кабинет министров	британский кабинет министр	ORG	63-20
Брюсселем	Брюссель	LOC	63-80
Великобритания	Великобритания	LOC	68-16
Евросоюзом	Евросоюз	ORG	82-40
Brexit	Brexit	EVT	86-22
Доминик Рааб	Доминик Рааб	PER	103-27
