ru-1062
Захарова	Захарова	PER	92-11
Джонсона	Джонсон	PER	103-60
российского МИДа	российский мид	ORG	87-16
Бориса Джонсона	Борис Джонсон	PER	63-7
Facebook	Фейсбук	PRO	106-8
Мария Захарова	Мария Захарова	PER	89-65
Лермонтова	Лермонтов	PER	110-47
Пушкина	Пушкин	PER	67-75
Кремля	Кремль	LOC	96-40
Великобритании	Великобритания	LOC	68-14
Новичок	новичок	PRO	97-18
ЧМ - 2018	ЧМ - 2018	EVT	112-5
Даунинг - стрит	Даунинг - стрит	LOC	103-29
Борис Джонсон	Борис Джонсон	PER	63-7
Терезой Мэй	Тереза Мэй	PER	55-24
Джонсону	Джонсон	PER	103-67
Brexit	Brexit	EVT	86-22
Мэй	Мэй	PER	89-33
Евросоюза	Евросоюз	ORG	82-40
МИД	МИД	ORG	89-34
Дэвид Дэвис	Дэвид Дэвис	PER	103-3
МИД Великобритании	МИД Великобритания	ORG	89-63
Терезы Мэй	Тереза Мэй	PER	55-24
Лондона	Лондон	LOC	110-138
