ru-112
Англии	Англия	LOC	65-5
Трампа	Трамп	PER	55-0
Brexit	Brexit	EVT	86-22
США	США	LOC	101-12
Джона Болтона	Джон Болтон	PER	103-68
английской Консервативной партии	английский консервативный партия	ORG	65-75
The Telegraph	The Telegraph	PRO	76-0
Болтона	Болтон	PER	63-97
Европейской исследовательской группы	Европейский исследовательский группа	ORG	82-52
Трамп	Трамп	PER	55-0
ЕС	ЕС	ORG	82-130
Великобританией	Великобритания	LOC	68-15
Брексита	Брексит	EVT	63-91
Болтон	Болтон	PER	63-96
английским	английский	LOC	xxx
Марком Седвиллом	Марк Седвилл	PER	89-75
The Sunday Telegraph	The Sunday Telegraph	PRO	76-24
Дональд Трамп	Дональд Трамп	PER	103-14
Лондон	Лондон	LOC	110-93
тори	торя	ORG	55-5
Терезы Мэй	Тереза Мэй	PER	55-24
Кабмина	Кабмин	ORG	96-38
