ru-118
Лондоном	Лондон	LOC	110-82
Северной Ирландии	Северный Ирландия	LOC	101-5
Великобритания	Великобритания	LOC	68-16
Европейским союзом	Европейский союз	ORG	82-41
Brexit	Brexit	EVT	86-22
РИА « Новости »	РИА « Новость »	ORG	87-38
кабинете Терезы Мэй	кабинет Тереза Мэй	ORG	96-39
ИМЭМО имени Примакова РАН	ИМЭМО имя Примаков РАН	ORG	102-42
Константин Воронов	Константин Воронов	PER	96-89
НСН	НСН	ORG	97-34
Лондона	Лондон	LOC	110-69
Лондон	Лондон	LOC	110-61
Брюсселя	Брюссель	LOC	63-75
Ирландии	Ирландия	LOC	102-6
Ольстер	Ольстер	LOC	64-16
ирландцы	ирландц	PER	102-46
кабинет Терезы Мэй	кабинет Тереза Мэй	ORG	96-39
Мэй	Мэй	PER	89-33
Брекзита	Брекзит	EVT	63-25
Брюсселе	Брюссель	LOC	63-79
британского МИДа	британский мид	ORG	63-19
Борис Джонсон	Борис Джонсон	PER	63-7
