ru-1164
МИД Великобритании	МИД Великобритания	ORG	89-63
Великобритании	Великобритания	LOC	68-14
Тереза Мэй	Тереза Мэй	PER	55-24
Джереми Ханта	Джеремь Хант	PER	103-34
Бориса Джонсона	Борис Джонсон	PER	63-7
Джереми Хант	Джеремь Хант	PER	103-34
gordonua.com	Гордону-.	PRO	77-98
Twitter	Twitter	PRO	76-13
Терезы Мэй.	Тереза Мэй.	PER	55-24
Ханта	Хант	PER	52-12
Мэтт Хэнкок	Мэтт Хэнкок	PER	89-77
Хэнкока	Хэнкок	PER	52-30
министерства культуры , СМИ и спорта	министерство культура , сми и спорт	ORG	89-111
Джереми Райт	Джеремь Райт	PER	103-35
Британскую прокуратуру	британский прокуратура	ORG	63-209
Райта	Райт	PER	87-44
Джеффри Кокс	Джеффри Кокс	PER	103-124
Хант	Хант	PER	52-12
Лондона	Лондон	LOC	110-53
Олимпиаде 2012	Олимпиада 2012	EVT	64-26
МИД	МИД	ORG	89-34
Brexit	Brexit	EVT	86-22
Reuters	Reuters	ORG	95-55
Британии	Британия	LOC	63-74
Евросоюза	Евросоюз	ORG	82-40
Джонсон	Джонсон	PER	103-61
Мэй	Мэй	PER	89-33
