ru-1048
МИД Великобритании	МИД Великобритания	ORG	89-63
Борис Джонсон	Борис Джонсон	PER	63-7
Борису Джонсону	Борис Джонсон	PER	63-7
правительства Великобритании	правительство Великобритания	ORG	67-27
Джонсон	Джонсон	PER	103-61
британского МИДа	британский мид	ORG	63-19
Brexit	Brexit	EVT	86-22
Великобритании	Великобритания	LOC	68-14
Евросоюза	Евросоюз	ORG	82-40
Дэвид Дэвис	Дэвид Дэвис	PER	103-3
Дэвиса	Дэвис	PER	103-64
Терезы Мэй	Тереза Мэй	PER	55-24
ЕС	ЕС	ORG	82-316
британский кабинет министров	британский кабинет министр	ORG	63-20
Брюсселем	Брюссель	LOC	63-80
Тереза Мэй	Тереза Мэй	PER	55-24
Великобритания	Великобритания	LOC	68-16
Евросоюзом	Евросоюз	ORG	82-40
Доминик Рааб.	Доминик Рааба	PER	103-27
