ru-1090
Борис Джонсон	Борис Джонсон	PER	63-7
МИД Британии	МИД Британия	ORG	89-62
PanARMENIAN.Net	PanARMENIAN.Net	ORG	59-111
Великобритании	Великобритания	LOC	68-14
Брекзиту	Брекзит	EVT	63-83
Дэвид Дэвис	Дэвид Дэвис	PER	103-3
Бориса Джонсона	Борис Джонсон	PER	63-7
министерства иностранных дел	министерство иностранный дело	ORG	89-14
Терезы Мэй	Тереза Мэй	PER	55-24
Мэй	Мэй	PER	89-33
МИД	МИД	ORG	89-34
Deutsche Welle	Deutsche Welle	PRO	79-7
The Times	The Times	PRO	76-7
Тереза Мэй	Тереза Мэй	PER	55-24
Джонсона	Джонсон	PER	103-60
Евросоюза	Евросоюз	ORG	82-40
кабинет министров	кабинет министр	ORG	96-37
Евросоюзом	Евросоюз	ORG	82-40
Великобритания	Великобритания	LOC	68-16
ЕС	ЕС	ORG	82-68
Брекзита	Брекзит	EVT	63-25
Джонсон	Джонсон	PER	103-61
Евросоюзу	Евросоюз	ORG	82-40
