ru-1058
Мэй	Мэй	PER	89-33
МИД Британии	МИД Британия	ORG	89-62
Brexit	Brexit	EVT	86-22
REGNUM	REGNUM	ORG	95-54
Великобритании	Великобритания	LOC	68-14
Тереза Мэй	Тереза Мэй	PER	55-24
Бориса Джонсона	Борис Джонсон	PER	63-7
Дэвида Девиса	Дэвид Девис	PER	103-3
референдума	референдум	EVT	87-20
Евросоюза	Евросоюз	ORG	82-40
ИА REGNUM	иа REGNUM	ORG	102-25
палате общин парламента	палата община парламент	ORG	67-73
Дэвида Дэвиса	Дэвид Дэвис	PER	103-3
Борис Джонсон	Борис Джонсон	PER	63-7
Дэвид Дэвис	Дэвид Дэвис	PER	103-3
Терезы Мэй	Тереза Мэй	PER	55-24
ЕС	ЕС	ORG	82-171
Евросоюзом	Евросоюз	ORG	82-40
МИД РФ	МИД РФ	ORG	89-73
