ru-104
британского правительства	британский правительство	ORG	63-18
Чекерс	Чекерс	LOC	112-6
Мэй	Мэй	PER	89-33
Джонсона	Джонсон	PER	103-60
Евросоюза	Евросоюз	ORG	82-40
The Times	The Times	PRO	76-7
Брюсселем	Брюссель	LOC	63-80
Северной Ирландии	Северный Ирландия	LOC	101-5
ЕС	ЕС	ORG	82-268
Ирландской Республикой	ирландский Республика	LOC	102-6
Ирландиями	Ирландия	LOC	102-6
Белфастского соглашения 1998 года	белфастский соглашение 1998 год	PRO	63-214
Великобритании	Великобритания	LOC	68-14
Bloomberg	Bloomberg	ORG	86-75
Brexit	Brexit	EVT	86-22
.	.	EVT	xxx
Джонсон	Джонсон	PER	103-61
Консервативной партии	консервативный партия	ORG	96-35
Тереза Мэй	Тереза Мэй	PER	55-24
Британии	Британия	LOC	63-74
Дэвис	Дэвис	PER	103-63
РБК	РБК	ORG	87-15
Центра британских исследований Института Европы РАН	Центр британский исследование Институт Европа РАН	ORG	99-5
Елена Ананьева	Елена Ананьев	PER	82-284
Европейскому союзу	Европейский союз	ORG	82-41
Ананьева	Ананьев	PER	65-39
Терезу Мэй	Тереза Мэй	PER	55-24
Лейбористской партии	лейбористский партия	ORG	110-24
шотландские националисты	шотландский националист	PER	108-18
компромисса Чекерс	компромисс Чекерс	PRO	96-86
лейбористов	лейборист	PER	110-25
Джереми Корбин	Джеремь Корбин	PER	103-33
Пит Вишарт	Пит Вишарт	PER	67-52
Шотландской национальной партии	шотландский национальный партия	ORG	108-3
консерваторов	консерватор	PER	96-36
Chatham House	Chatham House	ORG	107-56
Джеймс Шерр	Джеймс Шерр	PER	103-20
консерваторы	консерватор	PER	96-36
Иана Дункана Смита	Иан Дункан Смит	PER	102-34
Майкл Говард	Майкл Говард	PER	89-89
Гэвин Уильямсон	Гэвин Уильямсон	PER	78-27
Кентского университета Великобритании	Кентский университет Великобритания	ORG	96-95
Ричард Саква	Ричард Саква	PER	87-65
Саква.	Саква.	PER	101-123
YouGov	YouGov	ORG	84-0
Европейский союз	Европейский союз	ORG	82-41
британское правительство	британский правительство	ORG	63-18
Корбина	Корбин	PER	96-41
Борис Джонсон	Борис Джонсон	PER	63-7
Лондона	Лондон	LOC	110-36
Дэвиса	Дэвис	PER	103-64
Доминик Рааб	Доминик Рааб	PER	103-27
закона Магнитского	закон Магнитский	PRO	92-17
Москву	Москва	LOC	89-66
правительство Великобритании	правительство Великобритания	ORG	67-27
Лондон	Лондон	LOC	110-103
Россия	Россия	LOC	87-9
ГРУ	ГРУ	ORG	78-28
Сергея Скрипаля	Сергей Скрипаль	PER	101-10
Юлию	Юлий	PER	71-7
Новичок	Новичок	PRO	97-17
Бориса Джонсона	Борис Джонсон	PER	63-7
России	Россия	LOC	87-9
МИДе	мид	ORG	89-71
международного комитета Совета Федерации	международный комитет Совет Федерация	ORG	89-93
Константин Косачев	Константин Косачев	PER	96-42
