ru-1132
Лондона	Лондон	LOC	110-73
Brexit	Brexit	EVT	86-22
ЛОНДОН	ЛОНДОН	LOC	110-97
ФедералПресс	ФедералПресс	ORG	62-39
правительства Великобритании	правительство Великобритания	ORG	67-27
Евросоюзом	Евросоюз	ORG	82-40
ЕС	ЕС	ORG	82-154
РИА Новости	РИА Новость	ORG	87-14
Великобритании	Великобритания	LOC	68-14
Терезы Мэй	Тереза Мэй	PER	55-24
Австрии	Австрия	LOC	65-14
Себастьяном Курцем	Себастьян Курце	PER	101-66
саммит	саммит	EVT	101-17
НАТО	НАТО	ORG	101-17
Британии	Британия	LOC	63-74
Великобритания	Великобритания	LOC	68-16
Евросоюзу	Евросоюз	ORG	82-40
Британия	Британия	LOC	63-73
евросоюза	евросоюз	ORG	82-251
