ru-10
Тереза Мэй	Тереза Мэй	PER	55-24
Brexit	Brexit	EVT	86-22
тори	торя	ORG	55-5
Мэй	Мэй	PER	89-33
Британии	Британия	LOC	63-74
Борис Джонсон	Борис Джонсон	PER	63-7
брекзита	брекзит	EVT	63-64
Джонсона	Джонсон	PER	103-60
Лондон	Лондон	LOC	110-74
Мишелю Барнье	Мишель Барнье	PER	89-60
Брюсселя	Брюссель	LOC	63-75
брекзиту	брекзит	EVT	63-76
Альбиона	Альбион	LOC	65-37
Европой	Европа	LOC	82-43
Брюсселю	Брюссель	LOC	63-77
ЕС	ЕС	ORG	82-161
Северную Ирландию	Северный Ирландия	LOC	101-5
Европы	Европа	LOC	82-43
Британия	Британия	LOC	63-73
Брюссель	Брюссель	LOC	63-78
Соединенного Королевства	соединить Королевство	LOC	101-0
брексит	брексит	EVT	63-193
Джонсон	Джонсон	PER	103-61
Евросоюза	Евросоюз	ORG	82-40
Брюсселе	Брюссель	LOC	63-79
Европе	Европа	LOC	82-43
Альбионе	Альбион	LOC	65-37
британского МИДа	британский мид	ORG	63-19
Себастьян Курц	Себастьян Курц	PER	101-66
брекзит	брекзит	EVT	63-63
Терезу	Тереза	PER	55-7
Консервативной партии	консервативный партия	ORG	96-35
Лондону	Лондон	LOC	110-23
Евросоюзом	Евросоюз	ORG	82-40
Лондоне	Лондон	LOC	110-83
Международного валютного фонда	международный валютный фонд	ORG	89-112
Европа	Европа	LOC	82-43
Ла-Манша	Ла-Манш	LOC	110-76
Еврокомиссия	Еврокомиссия	ORG	82-45
Лондона	Лондон	LOC	110-101
Европейскому	Европейский	ORG	82-41
британскому парламентам	британский парламент	ORG	63-16
лейбористы	лейборист	ORG	110-4
Брюсселем	Брюссель	LOC	63-80
британском парламенте	британский парламент	ORG	63-16
