ru-1010
Мэй	Мэй	PER	89-33
МИД Великобритании	МИД Великобритания	ORG	89-63
Борис Джонсон	Борис Джонсон	PER	63-7
AFP	AFP	ORG	66-28
Великобритании	Великобритания	LOC	68-14
The Guardian	The Guardian	PRO	76-3
Бориса Джонсона	Борис Джонсон	PER	63-7
Борису	Борис	PER	63-9
Даунинг - стрит	Даунинг - стрит	LOC	103-29
Кабинетом министров	Кабинет министр	ORG	96-37
Джонсон	Джонсон	PER	103-61
Brexit	Brexit	EVT	86-22
ЕС	ЕС	ORG	82-310
Тереза Мэй	Тереза Мэй	PER	55-24
Брюсселю	Брюссель	LOC	63-77
британского правительства	британский правительство	ORG	63-18
Чекерс	Чекерс	LOC	67-24
Дэвиса	Дэвис	PER	103-64
Доминик Рааб	Доминик Рааб	PER	103-27
