ru-1052
Великобритании	Великобритания	LOC	68-14
Brexit	Brexit	EVT	86-22
Тереза Май	Тереза Май	PER	55-24
Евросоюза	Евросоюз	ORG	82-40
Доминика Рааба	Доминика Рааба	PER	103-28
Reuters	Reuters	ORG	95-55
британского кабмина	британский кабмин	ORG	63-117
Дэвид Дэвис	Дэвид Дэвис	PER	103-3
Мэй	Мэй	PER	89-33
Тереза Мэй	Тереза Мэй	PER	55-24
Брюсселю	Брюссель	LOC	63-77
Рааба	Рааба	PER	87-17
Рааб	Рааб	PER	87-17
BBC	БИ-БИ-СИ	ORG	86-138
ЕС	ЕС	ORG	82-225
референдуме 2016 года	референдум 2016 год	EVT	87-20
референдума	референдум	EVT	87-20
Лондоном	Лондон	LOC	110-39
Брюсселем	Брюссель	LOC	63-80
Великобритания	Великобритания	LOC	68-16
соглашения о Brexit	соглашение о Brexit	PRO	101-120
Северной Ирландией	Северный Ирландия	LOC	101-5
