ru-114
Трампа	Трамп	PER	55-0
Соединенных Штатов	соединить Штат	LOC	101-100
Джон Болтон	Джон Болтон	PER	103-68
Британских островах	британский остров	LOC	63-23
Консервативной партии	консервативный партия	ORG	96-35
Европейского союза	Европейский союз	ORG	82-41
Brexit	Brexit	EVT	86-22
Болтона	Болтон	PER	63-97
Европейской исследовательской группы	Европейский исследовательский группа	ORG	82-52
Дональд Трамп	Дональд Трамп	PER	103-14
Англии	Англия	LOC	65-5
EC	EC	ORG	53-133
Лондоном	Лондон	LOC	110-112
Брексита	Брексит	EVT	63-91
Вашингтона	Вашингтон	LOC	68-20
брексита	брексит	EVT	63-92
Болтон	Болтон	PER	63-96
Марком Седвиллом	Марк Седвилл	PER	89-75
ЕС	ЕС	ORG	82-85
Брюсселе	Брюссель	LOC	63-79
