ru-1047
МИД Британии	МИД Британия	ORG	89-62
Джонсон	Джонсон	PER	103-61
Brexit	Brexit	EVT	86-22
Лондон	Лондон	LOC	110-130
Великобритании	Великобритания	LOC	68-14
Борис Джонсон	Борис Джонсон	PER	63-7
Соединенного Королевства	соединить Королевство	LOC	101-0
Терезой Мэй	Тереза Мэй	PER	55-24
Британии	Британия	LOC	63-74
The Guardian	The Guardian	PRO	76-3
британским Кабинетом министров	британский Кабинет министр	ORG	63-86
Бориса Джонсона	Борис Джонсон	PER	63-7
Бориса	Борис	PER	63-8
Даунинг - стрит	Даунинг - стрит	LOC	103-29
Джонсоном	Джонсон	PER	103-66
Дэвид Дэвис	Дэвид Дэвис	PER	103-3
Департаменте по выходу Британии из ЕС	Департамент по выход Британия из ЕС	ORG	103-11
Стив Бейкер	Стив Бейкер	PER	101-1
Елизавета II	Елизавет ii	PER	82-44
Европейского Союза	Европейский Союз	ORG	82-42
Совет Европейского союза	совет Европейский союз	ORG	101-2
ЕС	ЕС	ORG	82-175
Европейская комиссия	европейский комиссия	ORG	82-34
Соглашения о выходе Великобритании из Европейского Союза	Соглашение о выход Великобритания из Европейский Союз	PRO	101-3
Ирландией	Ирландия	LOC	102-6
Северной Ирландией	Северный Ирландия	LOC	101-5
Соглашения	Соглашение	PRO	101-68
Совету ЕС	Совет ЕС	ORG	101-6
Руководящей группе Европейского парламента	руководить группа Европейский парламент	ORG	xxx
Соединенное Королевство	соединить Королевство	LOC	101-0
Европейский Союз	Европейский Союз	ORG	82-42
