ru-113
Трампа	Трамп	PER	55-0
США	США	LOC	101-12
Дональда Трампа	Дональд Трамп	PER	103-14
Джон Болтон	Джон Болтон	PER	103-68
Англии	Англия	LOC	65-5
Европейского союза	Европейский союз	ORG	82-41
Brexit	Brexit	EVT	86-22
столице Англии	столица Англия	LOC	101-14
Болтон	Болтон	PER	63-96
Группы европейских исследований	Группа европейский исследование	ORG	78-31
тори	торя	ORG	55-5
Великобританией	Великобритания	LOC	68-15
Трамп	Трамп	PER	55-0
ЕС	ЕС	ORG	82-60
Брексита	Брексит	EVT	63-91
The Telegraph	The Telegraph	PRO	76-0
английским	английский	LOC	xxx
Марком Седвиллом	Марк Седвилл	PER	89-75
Вашингтона	Вашингтон	LOC	68-20
Лондоном	Лондон	LOC	110-85
брексита	брексит	EVT	63-92
