ru-1146
Мэй	Мэй	PER	89-33
Британии	Британия	LOC	63-74
кабинет Терезы Мэй	кабинет Тереза Мэй	ORG	96-39
Brexit	Brexit	EVT	86-22
Дэвид Дэвис	Дэвид Дэвис	PER	103-3
Борис Джонсон	Борис Джонсон	PER	63-7
кабинет	кабинет	ORG	xxx
iz.ru	iz.ru	PRO	75-48
Тереза	Тереза	PER	55-7
британский народ	британский народ	PER	63-22
ЕС	ЕС	ORG	82-254
Британия	Британия	LOC	63-73
Бориса Джонсона	Борис Джонсон	PER	63-7
МИД	МИД	ORG	89-34
саммит глав Содружества	саммит глава Содружество	EVT	101-16
Содружества	Содружество	ORG	101-15
отравления Скрипалей»	отравление Скрипалей»	EVT	xxx
Джонсон	Джонсон	PER	103-61
Соединенного Королевства	соединить Королевство	LOC	101-0
нижней палаты парламента	нижний палата парламент	ORG	97-21
Терезе Мэй	Тереза Мэй	PER	55-24
Кабинет	кабинет	ORG	xxx
Евросоюзом	Евросоюз	ORG	82-40
Джонсона	Джонсон	PER	103-60
Дэвиса	Дэвис	PER	103-64
Европы	Европа	LOC	82-43
Борис	Борис	PER	63-7
Дэвис	Дэвис	PER	103-63
Стив Бейкер	Стив Бейкер	PER	101-1
кабинета	кабинет	ORG	xxx
Лайма Фокса	Лайм Фокс	PER	110-27
Майкла Гоува	Майкла Гоув	PER	89-37
Гоув	Гоув	PER	78-14
Тэтчер	Тэтчер	PER	55-16
Джереми Хант	Джеремь Хант	PER	103-34
референдума о Brexit	референдум о Brexit	EVT	87-20
Дэвид Кэмерон	Дэвид Кэмерон	PER	103-6
Маргарет Тэтчер	Маргарет Тэтчер	PER	89-68
Консервативной партии	консервативный партия	ORG	96-35
июньскими выборами 2017 года	июньский выборы 2017 год	EVT	102-27
консерваторы	консерватор	PER	96-36
Тереза Мэй	Тереза Мэй	PER	55-24
консервативной партии	консервативный партия	ORG	96-35
тори	торя	ORG	55-5
Британию	Британия	LOC	63-82
Доминика Рааба	Доминика Рааба	PER	103-28
Гоува	Гоув	PER	78-14
брюссельскому	брюссельский	LOC	xxx
Гитлеру	Гитлер	PER	78-29
лейбористов	лейборист	PER	110-25
Джереми Корбин	Джеремь Корбин	PER	103-33
Терезы	Тереза	PER	55-7
британских	британский	LOC	xxx
Джейкоба Рис-Могга	Джейкоб Рис-Могга	PER	103-21
Эндрю Бриджен	Эндрю Бриджен	PER	50-1
Невиллом Чемберленом	Невилл Чемберлен	PER	97-22
Чехословакию	Чехословакия	LOC	112-7
Брюссель»	Брюссель»	LOC	63-78
МВД	МВД	ORG	89-38
Саджида Джавида	Саджид Джавид	PER	101-31
Гэвина Уильямсона	Гэвин Уильямсон	PER	78-27
минздрава	минздрава	ORG	89-35
Джереми Ханта	Джеремь Хант	PER	103-34
Андреа Лидсом	Андреа Лидс	PER	65-40
Лондона	Лондон	LOC	110-37
Москвы	Москва	LOC	89-66
дела Скрипалей	дело Скрипаль	EVT	xxx
«новичка	«новичка	PRO	109-7
»	»	PRO	xxx
Россией	Россия	LOC	87-9
Дело Скрипалей	дело Скрипаль	EVT	xxx
российских	российский	LOC	xxx
Джавид	Джавид	PER	103-69
Уильямсон	Уильямсон	PER	83-12
Россию	Россия	LOC	87-9
«новичком»	еновичком	PRO	109-1
Эймсбери	Эймсбери	LOC	50-0
