ru-1078
Борис Джонсон	Борис Джонсон	PER	63-7
МИД Великобритании	МИД Великобритания	ORG	89-63
Великобритании	Великобритания	LOC	68-14
Терезы Мэй	Тереза Мэй	PER	55-24
Европейским союзом	Европейский союз	ORG	82-41
Евросоюза	Евросоюз	ORG	82-40
Джонсона	Джонсон	PER	103-60
МИД	МИД	ORG	89-34
The Times	The Times	PRO	76-7
Джонсон	Джонсон	PER	103-61
Британии	Британия	LOC	63-74
ЕС	ЕС	ORG	82-229
референдумом 2016 года	референдум 2016 год	EVT	87-20
партии консерваторов	партия консерватор	ORG	67-15
Европейского союза	Европейский союз	ORG	82-41
Дэвид Дэвис	Дэвид Дэвис	PER	103-3
Брекзита	Брекзит	EVT	63-25
Терезой Мэй	Тереза Мэй	PER	55-24
Дэвис	Дэвис	PER	103-63
таможенного союза	таможенный союз	ORG	55-14
