ru-1075
Захарова	Захарова	PER	92-11
Джонсона	Джонсон	PER	103-60
Мэй	Мэй	PER	89-33
МИД России	МИД Россия	ORG	89-64
Мария Захарова	Мария Захарова	PER	89-65
Бориса Джонсона	Борис Джонсон	PER	63-7
британском правительстве	британский правительство	ORG	63-18
Facebook	Фейсбук	PRO	106-8
Т. Мэй	Т. Мэй	PER	55-25
Захаровой	Захарова	PER	92-12
Эймсбери	Эймсбери	LOC	50-0
Сергей	Сергей	PER	101-10
Юлия Скрипали	Юлия Скрипали	PER	71-12
Солсбери	Солсбери	LOC	101-11
Даунинг-Стрит	Даунинг-Стрит	LOC	103-62
Великобритании	Великобритания	LOC	68-14
МИД Великобритании	МИД Великобритания	ORG	89-63
Брексит	Брексит	EVT	63-66
Дэвид Дэвис.	Дэвид Дэвис.	PER	103-3
