ru-11
Англии	Англия	LOC	65-5
ЕС	ЕС	ORG	82-286
Тереза Мэй	Тереза Мэй	PER	55-24
Терезы Мэй	Тереза Мэй	PER	55-24
Мэй	Мэй	PER	89-33
Меркель	Меркель	PER	89-74
Лондона	Лондон	LOC	110-34
Brexit	Brexit	EVT	86-22
Консервативной партии	консервативный партия	ORG	96-35
Туска	Туск	PER	55-3
Северной Ирландией	Северный Ирландия	LOC	101-5
Ирландией	Ирландия	LOC	102-6
Брексите	Брексит	EVT	109-0
Reuters	Reuters	ORG	95-55
европейского союза	европейский союз	ORG	xxx
Зальцбурге	Зальцбург	LOC	92-24
Великобритании	Великобритания	LOC	68-14
Лондону	Лондон	LOC	110-23
Брюсселю	Брюссель	LOC	63-77
« Брекзита	« Брекзит	EVT	109-0
Мишелю Барнье	Мишель Барнье	PER	89-60
