pl-1065
Biuro Rzecznika Prasowego	Biuro Rzecznika Prasowego	ORG	ORG-Press-Office
Brexit	Brexit	EVT	EVT-Brexit
Brexitu	Brexit	EVT	EVT-Brexit
Danuta Hubner	Danuta Hubner	PER	PER-Danuta-Hübnerova
European Union – a (N)ever closer Union?	European Union – a (N)ever closer Union?	EVT	EVT-European-Union-a-Never-closer-Union
Europie Środkowej	Europa Środkowa	LOC	LOC-Central-Europe
Europie	Europa	LOC	LOC-Europe
Europy	Europa	LOC	LOC-Europe
LSE Polish Business Society	LSE Polish Business Society	ORG	ORG-LSE-Polish-Business-Society
LSE SU Polish Economic Forum	LSE SU Polish Economic Forum	EVT	EVT-Polish-Economic-Forum
London School of Economics and Political Science	London School of Economics and Political Science	ORG	ORG-London-School-of-Economics-and-Political-Science
Londynie	Londyn	LOC	GPE-London
Magierowski	Magierowski	PER	PER-Marek-Magierowski
Marek Magierowski	Marek Magierowski	PER	PER-Marek-Magierowski
Ministerstwo Spraw Zagranicznych	Ministerstwo Spraw Zagranicznych	ORG	ORG-Ministry-of-Foreign-Affairs-Poland
Polish Economic Forum	Polish Economic Forum	EVT	EVT-Polish-Economic-Forum
Polsce	Polska	LOC	GPE-Poland
Polski	Polska	LOC	GPE-Poland
Stanley Bill	Stanley Bill	PER	PER-Stanley-Bill
Trójmorza	Trójmorze	ORG	ORG-Three-Seas-Initiative
UE	UE	ORG	ORG-European-Union
Unii Europejskiej	Unia Europejska	ORG	ORG-European-Union
Uniwersytetu w Cambridge	Uniwersytet w Cambridge	ORG	ORG-University-of-Cambridge
Unią Europejską	Unia Europejska	ORG	ORG-European-Union
Wielką Brytanią	Wielka Brytania	LOC	GPE-Great-Britain
Zjednoczonym Królestwem	Zjednoczone Królestwo	LOC	GPE-Great-Britain
