pl-1089
AfD	AfD	ORG	ORG-AfG-Alternative-for-Germany
Alternatywy dla Niemiec	Alternatywa dla Niemiec	ORG	ORG-AfG-Alternative-for-Germany
Angela Merkel	Angela Merkel	PER	PER-Angela-Merkel
Berlin	Berlin	LOC	GPE-Berlin
Berlina	Berlin	LOC	GPE-Berlin
Berlinie	Berlin	LOC	GPE-Berlin
Brexicie	Brexit	EVT	EVT-Brexit
Brukseli	Bruksela	LOC	GPE-Brussles
Brukselą	Bruksela	LOC	GPE-Brussles
Brytyjczykami	Brytyjczycy	PER	GPE-Great-Britain
CSU	CSU	ORG	ORG-CSU-Christian-Social Union-in-Bavaria
Caracal	Caracal	PRO	PRO-Caracal
Donalda Trumpa	Donald Trump	PER	PER-Donald-Trump
Emmanuelem Macronem	Emmanuel Macron	PER	PER-Emmanuel-Macron
Europejski Fundusz Walutowy	Europejski Fundusz Walutowy	ORG	ORG-International-Monetary-Fund
Europejskiego Mechanizmu Stabilności	Europejski Mechanizm Stabilności	ORG	ORG-ESM-European-Stability-Mechanism
Europie	Europa	LOC	LOC-Europe
Europy	Europa	LOC	LOC-Europe
Francja	Francja	LOC	GPE-France
Francuzów	Francuzi	PER	GPE-France
Heiko Maas	Heiko Maas	PER	PER-Heiko-Maas
Hollande'a	Hollande	PER	PER-François-Hollande
Izbie Gmin	Izba Gmin	ORG	ORG-House-of-Commons
Macron	Macron	PER	PER-Emmanuel-Macron
Mateuszem Morawieckim	Mateusz Morawiecki	PER	PER-Mateusz-Morawiecki
Merkel	Merkel	PER	PER-Angela-Merkel
Morawieckiemu	Morawiecki	PER	PER-Mateusz-Morawiecki
Morawieckim	Morawiecki	PER	PER-Mateusz-Morawiecki
Niemcy	Niemcy	LOC	GPE-Germany
Niemiec	Niemcy	LOC	GPE-Germany
Nord Stream 2	Nord Stream 2	PRO	PRO-Nord-Stream-2
PESCO	PESCO	ORG	ORG-PESCO-Permanent-Structured-Cooperation
Parlamentu Europejskiego	Parlament Europejski	ORG	ORG-European-Parlament
Paryżu	Paryż	LOC	GPE-Paris
Pałacu Elizejskim	Pałac Elizejski	LOC	LOC-Élysée-Palace
Pałacu Prezydenckim	Pałac Prezydencki	LOC	LOC-Presidential-Palace-Warsaw
PiS	PiS	ORG	ORG-PiS-Law-and-Justice
Polsce	Polska	LOC	GPE-Poland
Polska	Polska	LOC	GPE-Poland
Polski	Polska	LOC	GPE-Poland
Polskę	Polska	LOC	GPE-Poland
Radzie UE	Rada UE	ORG	ORG-European-Council
Recepa Erdogana	Recep Erdogan	PER	PER-Recep-Erdogan
Rzymie	Rzym	LOC	GPE-Rome
Siergieja Skripala	Siergiej Skripal	PER	PER-Siergiej-Skripal
Szczyt Weimarski	Szczyt Weimarski	EVT	EVT-Weimar-Summit
Trumpem	Trump	PER	PER-Donald-Trump
Trójkąta Weimarskiego	Trójkąt Weimarski	ORG	ORG-Weimar-Triangle
UE	UE	ORG	ORG-European-Union
Unii Europejskiej	Unia Europejska	ORG	ORG-European-Union
Unii	Unia	ORG	ORG-European-Union
Unią	Unia	ORG	ORG-European-Union
Warszawa	Warszawa	LOC	GPE-Warsaw
Warszawie	Warszawa	LOC	GPE-Warsaw
Warszawę	Warszawa	LOC	GPE-Warsaw
Wiedniu	Wiedeń	LOC	GPE-Vienna
Wspólnoty	Wspólnota	ORG	ORG-European-Union
Władimira Putina	Władimir Putin	PER	PER-Vladimir-Putin
Włochy	Włochy	LOC	GPE-Italy
brexitu	Brexit	EVT	EVT-Brexit
traktatu o UE	Traktat o UE	PRO	PRO-TUE-Treaty-on-European-Union
