pl-1050
Ambasada	Ambasada	ORG	ORG-Luxembourg-Embassy
Antoniemu Liberze	Antoni Libera	PER	PER-Antoni-Libera
Bernarda O'Connora	Bernard OConnor	PER	PER-Bernard-OConnor
Brytanii	Brytania	LOC	GPE-Great-Britain
Damien English	Damien English	PER	PER-Damien-English
Dnia św. Patryka	Dzień św. Patryka	EVT	EVT-Saint-Patricks-Day
Dzień św. Patryka	Dzień św. Patryka	EVT	EVT-Saint-Patricks-Day
Empire State Building	Empire State Building	LOC	LOC-Empire-State-Building
Europie Środkowej	Europa Środkowa	LOC	LOC-Central-Europe
Festiwal Polska Éire	Festiwal Polska Éire	EVT	EVT-Polska-Eire-Festival
Festiwalu św. Patryka	Festiwal św. Patryka	EVT	EVT-Saint-Patricks-Festival
Francji	Francja	LOC	GPE-France
Historii Polski	Historia Polski	PRO	PRO-wScieci-Historii
Irlandczykiem	Irlandczyk	PER	GPE-Ireland
Irlandczyków	Irlandczycy	PER	GPE-Ireland
Irlandia	Irlandia	LOC	GPE-Ireland
Irlandii Północnej	Irlandia Północna	LOC	LOC-Irlends-countries
Irlandii	Irlandia	LOC	GPE-Ireland
Irlandią Północną	Irlandia Północna	LOC	LOC-Irlends-countries
Irlandią	Irlandia	LOC	GPE-Ireland
Irlandię	Irlandia	LOC	GPE-Ireland
Jana III Sobieskiego	Jan III Sobieski	PER	PER-Jan-III-Sobieski
Kazimierz Markiewicz	Kazimierz Markiewicz	PER	PER-Kazimierz-Markiewicz
Kerry	Kerry	LOC	GPE-Kerry
Koloseum	Koloseum	LOC	LOC-Colloseum-Rome
Konstancja	Konstancja	PER	PER-Konstancja-Markiewicz
Konstancji Markiewicz	Konstancja Markiewicz	PER	PER-Konstancja-Markiewicz
Krakowie	Kraków	LOC	GPE-Kraków
Most Grunwaldzki	Most Grunwaldzki	LOC	LOC-Grunwald-Bridge
Nagrody Nobla	Nagroda Nobla	PRO	PRO-Nobel-Prize
Nagrodę im. Bernarda O'Connora	Nagroda im. Bernarda OConnora	PRO	PRO-Bernarda-OConnora-Award
Network Irlandii	Network Irlandii	ORG	ORG-Network-Irlandii
Nowym Jorku	Nowy Jork	LOC	GPE-New-York
O'Connor	OConnor	PER	PER-Bernard-OConnor
Pałac Kultury i Nauki	Pałac Kultury i Nauki	LOC	LOC-Palace-of-Culture-and-Science
Polacy	Polacy	PER	GPE-Poland
Polaków	Polacy	PER	GPE-Poland
Polsce	Polska	LOC	GPE-Poland
Polski	Polska	LOC	GPE-Poland
Polską	Polska	LOC	GPE-Poland
Poznaniu	Poznań	LOC	GPE-Poznań
Rzymie	Rzym	LOC	GPE-Rome
Samuela Becketta	Samuel Beckett	PER	PER-Samuel-Beckett
Tauron Arena	Tauron Arena	LOC	LOC-Tauron-Arena
UE	UE	ORG	ORG-European-Union
Unia	Unia	ORG	ORG-European-Union
Unii Europejskiej	Unia Europejska	ORG	ORG-European-Union
Unii	Unia	ORG	ORG-European-Union
Unią Europejską	Unia Europejska	ORG	ORG-European-Union
Unią	Unia	ORG	ORG-European-Union
Warszawie	Warszawa	LOC	GPE-Warsaw
Wielkiej Brytanii	Wielka Brytania	LOC	GPE-Great-Britain
Wielką Brytanią	Wielka Brytania	LOC	GPE-Great-Britain
Wrocławiu	Wrocław	LOC	GPE-Wrocław
Zieloną Wyspę	Zielona Wyspa	LOC	GPE-Ireland
Zjednoczone Królestwo	Zjednoczone Królestwo	LOC	GPE-Great-Britain
brexit	Brexit	EVT	EVT-Brexit
św. Patryk	św. Patryk	PER	PER-Saint-Patrick
św. Patryka	św. Patryk	PER	PER-Saint-Patrick
