pl-1116
Brytyjska Partia Konserwatywna	Brytyjska Partia Konserwatywna	ORG	ORG-Conservative-and-Unionist-Party-UK
Clifford Chance	Clifford Chance	ORG	ORG-Clifford-Chance-LLP
Donald Tusk	Donald Tusk	PER	PER-Donald-Tusk
Jessica Gladstone	Jessica Gladstone	PER	PER-Jessica-Gladstone
Kumar Iyer	Kumar Iyer	PER	PER-Kumar-Iyer
Oliver Wyman	Oliver Wyman	ORG	ORG-Oliver-Wyman-ltd
Partia Pracy	Partia Pracy	ORG	ORG-Labour-Party-UK
Rady Europejskiej	Rada Europejska	ORG	ORG-European-Council
UE	UE	ORG	ORG-European-Union
Unii	Unia	ORG	ORG-European-Union
Unią Europejską	Unia Europejska	ORG	ORG-European-Union
WTO	WTO	ORG	ORG-WTO-World-Trade-Organization
Wielka Brytania	Wielka Brytania	LOC	GPE-Great-Britain
Wielkiej Brytanii	Wielka Brytania	LOC	GPE-Great-Britain
Wielką Brytanią	Wielka Brytania	LOC	GPE-Great-Britain
Wspólnoty	Wspólnota	ORG	ORG-European-Union
Wyspach	Wyspy	LOC	GPE-Great-Britain
brexicie	Brexit	EVT	EVT-Brexit
brexit	Brexit	EVT	EVT-Brexit
brexitu	Brexit	EVT	EVT-Brexit
Światowej Organizacji Handlu	Światowa Organizacja Handlu	ORG	ORG-WTO-World-Trade-Organization
