pl-124
Amerykanie	Amerykanie	PER	GPE-USA
Brexit	Brexit	EVT	EVT-Brexit
Brexitu	Brexit	EVT	EVT-Brexit
Brytyjczycy	Brytyjczycy	PER	GPE-Great-Britain
Centralny Port Komunikacyjny	Centralny Port Komunikacyjny	LOC	LOC-CPK-Central-Communication-Port
EESC	EESC	ORG	ORG-EESC-The-European-Economic-and-Social-Committee
Europie	Europa	LOC	LOC-Europe
Europy Środkowej	Europa Środkowa	LOC	LOC-Central-Europe
Grupy Pracodawców Europejskiego Komitetu Ekonomiczno-Społecznego	Grupa Pracodawców Europejskiego Komitetu Ekonomiczno-Społecznego	ORG	ORG-EESC-The-European-Economic-and-Social-Committee
Heathrow	Heathrow	LOC	LOC-Heathrow-Airport
Hiszpania	Hiszpania	LOC	GPE-Spain
Irlandii	Irlandia	LOC	GPE-Ireland
Jackiem Krawczykiem	Jacek Krawczyk	PER	PER-Jacek-Krawczyk
Modlin	Modlin	LOC	GPE-Modlin
PLL LOT	PLL LOT	ORG	ORG-PLL-LOT
Radomiu	Radom	LOC	GPE-Radom
Ryanair	Ryanair	ORG	ORG-Ryanair
Unii Europejskiej	Unia Europejska	ORG	ORG-European-Union
Warszawy	Warszawa	LOC	GPE-Warsaw
Wielkiej Brytanii	Wielka Brytania	LOC	GPE-Great-Britain
Wspólnoty	Wspólnota	ORG	ORG-European-Union
Wysp	Wyspy	LOC	GPE-Great-Britain
