ru-173
Asia Bibi	Asia Bibi	PER	PER-Asia-Bibi
Listhaug	Listhaug	PER	PER-Sylvi-Listhaug
NTB scanpix	NTB scanpix	ORG	ORG-NTB-Scanpix
Raja	Raja	PER	PER-Abid-Raja
VG	VG	ORG	ORG-VG-Verdens-Gang
Абид Раджа	Абид Раджа	PER	PER-Abid-Raja
Азию Биби	Азия Биби	PER	PER-Asia-Bibi
Биби	Биби	PER	PER-Asia-Bibi
Италия	Италия	LOC	GPE-Italy
Левая либеральная партия	Левая либеральная партия	ORG	ORG-Liberal-Party-Norway
Листхеуг	Листхеуг	PER	PER-Sylvi-Listhaug
Норвегии	Норвегия	LOC	GPE-Norway
Норвежское телеграфное бюро	Норвежское телеграфное бюро	ORG	ORG-NTB-Norwegian-News-Agency
Пакистана	Пакистан	LOC	GPE-Pakistan
Партия прогресса	Партия прогресса	ORG	ORG-Progress-Party-Norway
Раджа	Раджа	PER	PER-Abid-Raja
Раджи	Раджа	PER	PER-Abid-Raja
Сильви Листхеуг	Сильви Листхеуг	PER	PER-Sylvi-Listhaug
Франция	Франция	LOC	GPE-France
