ru-174
Асия Биби	Асия Биби	PER	PER-Asia-Bibi
Асия	Асия	PER	PER-Asia-Bibi
Биби	Биби	PER	PER-Asia-Bibi
Ватикане	Ватикан	LOC	GPE-Vatican
Великобритании	Великобритания	LOC	GPE-Great-Britain
Верховного суда	Верховный суд	ORG	ORG-Supreme-Court-of-Pakistan
Верховный суд	Верховный суд	ORG	ORG-Supreme-Court-of-Pakistan
Исламабада	Исламабад	LOC	GPE-Islamabad
Исламабаде	Исламабад	LOC	GPE-Islamabad
Канады	Канада	LOC	GPE-Canada
Карачи	Карачи	LOC	GPE-Karachi
Кирилл	Кирилл	PER	PER-Kirill-The-Patriarch-of-Moscow-and-all-Ru
Корану	Коран	PRO	PRO-The-Quran
Лахоре	Лахор	LOC	GPE-Lahore
Мумтаз Кадри	Мумтаз Кадри	PER	PER-Mumtaz-Qadri
Мухаммада	Мухаммад	PER	PER-Prophet-Muhammad
Пакистана	Пакистан	LOC	GPE-Pakistan
Пакистане	Пакистан	LOC	GPE-Pakistan
Папа Римский	Папа Римский	PER	PER-Pope-Francis
Пенджаба	Пенджаб	LOC	GPE-Punjab
Пешаваре	Пешавар	LOC	GPE-Peshawar
Помощь Церкви в нужде	Помощь Церкви в нужде	ORG	ORG-ACN-Aid-to-the-Church-in-Need
Русской православной церкви	Русская православная церковь	ORG	ORG-Russian-Orthodox-Church
США	США	LOC	GPE-USA
Салман Тасир	Салман Тасир	PER	PER-Salmaan-Taseer
Франциском	Франциск	PER	PER-Pope-Francis
министерства иностранных дел Пакистана	министерство иностранных дел Пакистана	ORG	ORG-Ministry-of-Foreign-Affairs-Pakistan
