uk-1
Пакистан	Пакистан	LOC	13-23
Азії Бібі	Азія Бібі	PER	11-36
Пакистанською християнською асоціацією	пакистанський християнський асоціація	ORG	13-31
Ашіг Масіх	Ашіг Масіх	PER	11-38
Великобританії	Великобританія	LOC	14-12
Терези Мей	Тереза Мей	PER	4-3
США	США	LOC	42-21
Дональда Трампа	Дональд Трамп	PER	44-3
Канади	Канада	LOC	38-11
Джастіна Трюдо	Джастін Трюдо	PER	44-9
Пакистану	Пакистан	LOC	13-23
Пакистані	Пакистан	LOC	13-23
DW	DW	ORG	24-8
Масіх	Масіх	PER	xxx
Азія Бібі	Азія Бібі	PER	11-37
Верховний суд	верховний суд	ORG	14-13
Техрік - є - Лабаік Пакистан	техрік - бути - Лабаік Пакистан	ORG	4-15
Верховного суду	верховний суд	ORG	14-13
AP	AP	ORG	12-2
пакистанський уряд	пакистанський уряд	ORG	13-32
