497
európska komisia	európska komisia	ORG	1
europe direct trenčín	europe direct trenčín	ORG	229
eú	eú	LOC	6
európskej únie	európska únia	LOC	6
schengenského informačného systému	shengenský informačný systém	MISC	230
sis	sis	MISC	230
juncker	juncker	PER	48
európe	európa	LOC	9
eurostatu	eurostat	ORG	221
európanov	európania	PER	34
slovensku	slovensko	LOC	125
bulharsku	bulharsko	LOC	231
dánsku	dánsko	LOC	232
luxembursku	luxembursko	LOC	117
európskou úniou	európska únia	LOC	6
ukrajinou	ukrajina	LOC	150
európskej komisie	európska komisia	ORG	1
marošom šefčovičom	maroš šefčovič	PER	86
ukrajiny	ukrajina	LOC	150
stepanom kubivom	stepan kubiv	PER	234
európskej investičnej banky	európska investičná banka	ORG	235
vazilom hudákom	vazil hudák	PER	236
