sl-0
brexit	brexit	EVT	86-139
Therese May	Therese May	PER	76-70
Oto훾anom	Oto훾an	PER	91-27
EU	EU	ORG	53-71
Lordska zbornica	lordski zbornica	ORG	100-41
brexita	brexit	EVT	86-140
konservativne	konservativen	PER	72-7
brexitu	brexit	EVT	86-142
Britaniji	Britanija	LOC	86-143
lordske zbornice	lordski zbornica	ORG	100-41
Britanija	Britanija	LOC	86-143
Oto훾ani	Oto훾an	PER	91-27
lordsko zbornico	lordski zbornica	ORG	100-41
lordi	lord	PER	xxx
lordi umiku iz EU	lord umik iz EU	PER	xxx
Mayeve	Mayev	PER	58-63
Evropsko unijo	evropski unija	ORG	xxx
Unije	unija	ORG	xxx
Johnson	Johnson	PER	51-51
laburistov	laburist	ORG	100-2
Jeremy Corbyn	Jeremy Corbyn	PER	51-9
Boris Johnson	Boris Johnson	PER	86-54
Mayeva	Mayev	PER	58-63
Corbyn	Corbyn	PER	107-20
konservativcev	konservativec	PER	72-7
Corbyna	Corbyn	PER	107-20
Kennetha Clarka	Kenneth Clark	PER	72-45
brexitska	brexitski	EVT	86-146
Borisa Johnsona	Boris Johnson	PER	86-54
