sl-130
Brexit	Brexit	EVT	86-22
Mayevo	Mayev	PER	58-63
Theresa May	Theresa May	PER	76-40
Velike Britanije	velik Britanija	LOC	98-26
EU	EU	ORG	53-71
konservativni stranki	konservativen stranka	ORG	72-13
brexit	brexit	EVT	86-147
Otok	otok	LOC	91-67
brexitu	brexit	EVT	86-142
Dominic Raab	Dominic Raab	PER	79-37
Bruslju	Bruselj	LOC	86-14
Michelom Barnierjem	Michel Barnier	PER	58-7
Mayeve	Mayev	PER	58-63
Velika Britanija	velik Britanija	LOC	98-27
David Davis	David Davis	PER	79-14
Boris Johnson	Boris Johnson	PER	86-54
ulstrskih unionistov	ulstrski unionist	PER	54-60
Veliko Britanijo	velik Britanija	LOC	98-28
Mayeva	Mayev	PER	58-63
The Mail	the Mail	PRO	76-137
Veliki Britaniji	velik Britanija	LOC	98-31
Otoka	otok	LOC	91-70
torijcev	torijec	PER	76-156
konservativcev	konservativec	PER	72-8
brexita	brexit	EVT	86-140
Jacob	Jacob	PER	51-48
BBC	BBC	PRO	86-50
Tony Blair	Tony Blair	PER	76-33
laburistov	laburist	PER	100-42
Tom Watson	Tom Watson	PER	76-109
