sl-18
Britanci	Britanec	PER	86-144
Tuska	Tusko	PER	76-27
brexit	brexit	EVT	86-139
Veliki Britaniji	velik Britanija	LOC	98-31
Evropske unije	evropski unija	ORG	53-74
Tusk	Tusk	PER	76-27
Britanski	britanski	PER	xxx
Mayeva	Mayev	PER	58-63
Velika Britanija	velik Britanija	LOC	98-27
EU	EU	ORG	53-71
Evropskega sveta	evropski svet	ORG	53-72
Donald Tusk	Donald Tusk	PER	79-12
Theresi May	theresa May	PER	76-40
Velike Britanije	velik Britanija	LOC	98-26
Nizozemski	nizozemski	LOC	xxx
Mark Rutte	Mark Rutte	PER	58-27
Veliko Britanijo	velik Britanija	LOC	98-28
Tuskom	Tusek	PER	76-125
Šarm el Šejk	šarm el Šejk	LOC	93-9
Evropske komisije	evropski komisija	ORG	53-73
Jean-Claudom Junckerjem	Jeanlclaud Juncker	PER	51-57
brexita	brexit	EVT	86-140
Mayevi	Mayev	PER	58-63
konservativcev	konservativec	PER	72-7
Tobias Ellwood	Tobias Ellwood	PER	76-142
Damian Hinds	Damian Hinds	PER	79-127
Amber Rudd	Amber Rudd	PER	66-10
Greg Clark	Greg Clark	PER	77-13
David Gauke	David Gauke	PER	79-94
laburistke	laburistka	PER	xxx
Yvette Cooper	Yvetta Cooper	PER	84-1
konservativca	konservativec	PER	72-7
Oliverja Letwina	Oliver Letwin	PER	91-28
Cooperjeve	Cooperjev	PER	107-144
brexitom	brexit	EVT	86-149
Evropski uniji	evropski unija	ORG	53-74
The Guardian	the Guardian	PRO	76-3
Bruslju	Bruselj	LOC	86-14
Londonu	London	LOC	100-25
Leo Varadkar	Leo Varadkar	PER	100-34
