sl-161
Brexit	Brexit	EVT	86-22
Irske	Irska	LOC	75-56
brexit	brexit	EVT	86-139
EU	EU	ORG	53-71
Michael Barnier	Michael Barnier	PER	58-7
Bruslju	Bruselj	LOC	86-14
irskem otoku	irski otok	LOC	75-50
brexitu	brexit	EVT	86-142
Michel Barnier	Michel Barnier	PER	58-7
Irski	Irska	LOC	75-119
Severna Irska	severen Irska	LOC	69-9
Barnier	Barnier	PER	86-52
Severne Irske	severen Irska	LOC	69-9
Londona	London	LOC	100-45
Zdru탑enega kraljestva	zdru탑en kraljestvo	LOC	80-21
irskem	irski	LOC	75-55
Britanije	Britanija	LOC	86-143
Zdru탑eno kraljestva	zdru탑en kraljestvo	LOC	80-24
Therese May	Theresa May	PER	76-70
Evropskega sveta	evropski svet	ORG	53-72
Donald Tusk	Donald Tusk	PER	79-12
