sl-118
Farage	Farage	PER	106-11
Johnsona	Johnson	PER	51-52
brexit	brexit	EVT	86-147
Borisu Johnsonu	Boris Johnson	PER	xxx
Therese May	Theresa May	PER	76-70
Farageova	Farageov	PER	106-11
Angliji	Anglija	LOC	66-89
Škotskem	Škotsko	LOC	93-5
Walesu	Wales	LOC	111-7
konservativne stranke	konservativen stranka	ORG	72-13
James Cleverly	James Cleverly	PER	51-112
Brexit	Brexit	EVT	86-22
Faragea	Farage	PER	106-11
Jeremy Corbyn	Jeremy Corbyn	PER	51-9
Downing Street	Downing Street	LOC	79-16
brexitu	brexit	EVT	86-142
škotski	škotski	LOC	xxx
Cleverly	Cleverly	PER	107-70
brexita	brexit	EVT	86-140
Johnsonom	Johnson	PER	51-54
Donald Trump	Donald Trump	PER	79-11
Brexita	Brexit	EVT	86-22
EU	EU	ORG	53-71
laburiste	laburist	PER	100-2
konservativcem	konservativec	PER	72-7
Yougov	Yougov	ORG	84-0
laburisti	laburist	PER	100-2
liberalni demokrati	liberalen demokrat	ORG	100-11
Škotska nacionalna stranka	škotski nacionalen stranka	ORG	93-6
Johnson	Johnson	PER	51-51
britanski parlament	britanski parlament	ORG	86-37
