sl-143
Britanski poslanci	britanski poslanec	PER	86-38
brexit	brexit	EVT	86-147
Združenega kraljestva	združen kraljestvo	LOC	80-21
Evropske unije	evropski unija	ORG	53-74
brexita	brexit	EVT	86-140
britanskem parlamentu	britanski parlament	ORG	86-37
Mayin	Mayin	PER	58-64
Brusljem	Bruselj	LOC	86-14
britanski poslanci	britanski poslanec	PER	86-38
enotni trg 2.0	enoten trg 2.0	PRO	53-162
Ekonomskemu gospodarskemu prostoru	ekonomski gospodarski prostor	PRO	53-104
Evropskega združenja za prosto trgovino	evropski združenje za prost trgovina	ORG	53-80
Efta	Efta	ORG	53-151
Evropskemu združenju za prosto trgovino	evropski združenje za prost trgovina	ORG	53-80
Velika Britanija	velik Britanija	LOC	98-27
John Bercow	John Bercow	PER	51-43
EU	EU	ORG	53-71
laburistične stranke	laburističen stranka	ORG	100-105
Otoku	otok	LOC	91-66
Otok	otok	LOC	91-74
Velike Britanije	velik Britanija	LOC	98-26
Theresa May	Theresa May	PER	76-40
brexitu	brexit	EVT	86-142
Stephen Barclay	Stephen Barclay	PER	69-163
DUP	DUP	ORG	79-6
