sl-187
Brexit	Brexit	EVT	86-22
Londona	London	LOC	100-45
brexita	brexit	EVT	86-140
Velika Britanija	velik Britanija	LOC	98-27
EU	EU	ORG	53-71
Velike Britanije	velik Britanija	LOC	98-26
Evropske unije	evropski unija	ORG	53-74
spodnji dom parlamenta	spodnji dom parlament	ORG	69-20
brexitu	brexit	EVT	86-142
Boris Johnson	Boris Johnson	PER	86-54
Bruselj	Bruselj	LOC	86-14
Dominic Raab	Dominic Raab	PER	79-37
Združenega kraljestva	združen kraljestvo	LOC	80-21
Michael Gove	Michael Gove	PER	58-8
brexit	brexit	EVT	86-147
Downing Streetu	Downing Street	LOC	79-16
Raab	Raab	PER	95-62
BBC	BBC	ORG	86-50
Johnson	Johnson	PER	51-51
Downing Street	Downing Street	LOC	79-16
Brusljem	Bruselj	LOC	86-14
Borisu Johnsonu	Boris Johnson	PER	86-54
Gove	Gova	PER	77-92
zdaj	zdaj	LOC	xxx
John Bercow	John Bercow	PER	51-43
Laburisti	Laburist	PER	100-43
Johnsonov	Johnsonov	PER	51-61
severnoirski unionisti	severnoirski unionist	PER	69-122
Bruslju	Bruselj	LOC	86-14
Londonu	London	LOC	100-25
Evropskega sveta	evropski svet	ORG	53-72
Donald Tusk	Donald Tusk	PER	79-12
Johnsonovo	Johnsonov	PER	51-141
Evropski parlament	evropski parlament	ORG	53-12
Michel Barnier	Michel Barnier	PER	58-7
Johnsonovem	Johnsonov	PER	51-100
