sl-142
Brexit	Brexit	EVT	86-22
Irskem	Irsko	LOC	75-6
Zdru탑eno kraljestvo	zdru탑en kraljestvo	LOC	80-24
EU	EU	ORG	53-71
brexit	brexit	EVT	86-147
Irsko	Irska	LOC	75-49
irsko	irski	LOC	75-10
brexita	brexit	EVT	86-140
ESRI	ESRI	ORG	53-79
Adele Bergin	Adele Bergin	PER	66-161
irski	irski	LOC	75-52
Irski	irski	LOC	75-53
brexitu	brexit	EVT	86-145
Velika Britanija	velik Britanija	LOC	98-27
Britanci	Britanec	PER	86-144
Velike Britanije	velik Britanija	LOC	98-26
Ircev	Irec	PER	75-101
britanski parlament	britanski parlament	ORG	86-37
Zdru탑enega kraljestva	zdru탑en kraljestvo	LOC	80-21
Britancev	Britanec	PER	86-144
Irci	Irec	PER	75-54
Newry	Newry	LOC	xxx
Severnem Irskem	severen Irsko	LOC	69-6
irske	irski	LOC	75-69
Sinn Fein	Sinn Fein	ORG	69-35
Gerry Adams	Gerry Adams	PER	77-105
Mary Lou McDonald	Mary Lou McDonald	PER	58-79
Severno Irsko	severen Irska	LOC	69-9
Belfast	Belfast	LOC	86-115
Dublin	Dublin	LOC	79-22
zdaj	zdaj	LOC	xxx
Patricia McGenity	Patricia Mcgenity	PER	59-119
Veliko Britanijo	velik Britanija	LOC	98-28
irskem	irski	LOC	75-55
