sl-14
Trumpa	Trump	PER	76-55
brexit	brexit	EVT	86-147
Craig Hamilton-Parker	Craig Hamilton'parker	PER	107-77
Donalda Trumpa	Donald Trump	PER	79-11
Mayeve	Mayev	PER	58-63
Velika Britanija	velik Britanija	LOC	98-27
brexitu	brexit	EVT	86-142
Theresi May	Theresi May	PER	76-40
Boris Johnson	Boris Johnson	PER	86-54
Otoku	otok	LOC	91-77
Trumpu	Trump	PER	76-55
ZDA	ZDA	LOC	80-25
Rusijo	Rusija	LOC	95-58
Sirija	Sirija	LOC	69-229
Donald Trump	Donald Trump	PER	79-11
Hamilton-Parker	Hamilton'parker	PER	94-43
Florido	Florida	LOC	106-75
Evropske unije	evropski unija	ORG	53-74
EU	EU	ORG	53-71
Angela Merkel	angela Merkel	PER	66-41
Trump	Trump	PER	76-18
Kitajska	Kitajska	LOC	72-121
Kim Jong-un	Kim Jong-un	PER	72-72
Severne Koreje	severen Koreja	LOC	69-191
Ameriko	Amerika	LOC	66-8
Nepal	Nepal	LOC	88-96
