sl-178
Brexit	Brexit	EVT	86-22
EU	EU	ORG	53-71
Združeno kraljestvo	združen kraljestvo	LOC	80-24
Veliki Britaniji	velik Britanija	LOC	98-31
Miniju	Mini	ORG	58-96
Jaguarju Land Roverju	Jaguar Land Rover	ORG	51-97
Otoku	otok	LOC	91-58
brexita	brexit	EVT	86-140
Evropske unije	evropski unija	ORG	53-74
Svetovne trgovinske organizacije	svetoven trgovinski organizacija	ORG	69-219
WTO	WTO	ORG	111-12
Velika Britanija	velik Britanija	LOC	98-27
Evropsko unijo	evropski unija	ORG	53-74
EGS	EGS	ORG	53-169
brexit	brexit	EVT	86-139
Velike Britanije	velik Britanija	LOC	98-26
Anglija	Anglija	LOC	66-89
Wales	Wales	LOC	111-7
Škotska	Škotska	LOC	93-11
Severna Irska	severen Irska	LOC	69-9
Veliko Britanijo	velik Britanija	LOC	98-28
Doverja	Dover	LOC	79-43
Honda	Honda	ORG	94-41
Swindonu	Swindon	LOC	69-105
Nissan	nissan	ORG	88-104
Sunderland	Sunderland	LOC	69-107
x-trail	x-trail	PRO	56-3
Jaguar Land Rover	Jaguar Land Rover	ORG	51-16
Downing Streeta	Downing Street	LOC	79-16
Britanci	Britanec	PER	86-144
Charles de Gaulle	Charles de Gaulle	PER	107-130
Evropo	Evropa	LOC	53-7
