sl-186
angleškem parlamentu	angleški parlament	ORG	xxx
brexit	brexit	EVT	86-139
Britanski poslanci	britanski poslanec	PER	xxx
brexitu	brexit	EVT	86-142
LONDON	London	LOC	100-9
Boris Johnson	Boris Johnson	PER	86-54
Evropsko unijo	evropski unija	ORG	53-74
brexita	brexit	EVT	86-140
Oliverja Letwina	Oliver Letwin	PER	91-28
Londonom	London	LOC	100-3
EU	EU	ORG	53-71
Združenega kraljestva	združen kraljestvo	LOC	80-22
Johnson	Johnson	PER	51-51
Brusljem	Bruselj	LOC	86-14
Združeno kraljestvo	združen kraljestvo	LOC	80-24
Bruselj	Bruselj	LOC	86-14
Londona	London	LOC	100-45
Evropska komisija	evropski komisija	ORG	53-73
London	London	LOC	100-21
Francija	Francija	LOC	106-10
Zdaj	zdaj	LOC	xxx
britanskem parlament	britanski parlament	ORG	86-37
britanskem parlamentu	britanski parlament	ORG	86-37
