sl-122
Brexit	Brexit	EVT	86-22
Borisom Johnsonom	Boris Johnson	PER	86-54
Združenega kraljestva	združen kraljestvo	LOC	80-21
Velike Britanije	velik Britanija	LOC	98-26
Severne Irske	severen Irska	LOC	69-9
Evropske unije	evropski unija	ORG	53-74
brexitom	brexit	EVT	86-149
Johnson	Johnson	PER	51-51
konservativne stranke	konservativen stranka	ORG	72-13
Thereso May	Theresa May	PER	76-40
EU	EU	ORG	53-71
Elizabeto II.	Elizabeta II.	PER	53-146
konservativci	konservativec	ORG	72-8
brexitu	brexit	EVT	86-145
Konservativci	konservativec	ORG	72-6
liberalnim demokratom	liberalen demokrat	ORG	100-12
Phillip Lee	Phillip Lee	PER	59-13
severnoirski unionisti	severnoirski unionist	ORG	69-118
laburisti	laburist	ORG	100-42
liberalni demokrati	liberalen demokrat	ORG	100-12
irskem otoku	irski otok	LOC	75-50
Johson	Johson	PER	51-75
G7	G7	ORG	xxx
Biarritzu	Biarritz	LOC	86-150
Angelo Merkel	Angela Merkel	PER	66-41
Emmanuelom Macronom	Emmanuel Macron	PER	53-13
Laburisti	Laburist	ORG	100-112
brexit	brexit	EVT	86-147
brexita	brexit	EVT	86-140
Evropski svet	evropski svet	ORG	53-72
konservativce	konservativec	ORG	72-8
liberalnimi demokrati	liberalen demokrat	ORG	100-12
Nigela Feragea	Nigel Ferage	PER	88-4
