sl-135
Brexit	Brexit	EVT	86-228
Britanci	Britanec	PER	86-144
Mayeva	Mayev	PER	58-63
EU	EU	ORG	53-71
brexita	brexit	PER	86-141
Downing Streeta 10	Downing Street 10	LOC	79-108
Boris	Boris	PER	86-54
Jo Johnson	on Johnson	PER	51-78
brexitar	brexitar	PER	86-159
BRINO	Brina	EVT	86-290
brexit in name only	brexit in name only	EVT	86-250
brexit samo po imenu	brexit samo po ime	EVT	86-291
Britanijo	Britanija	LOC	86-143
Lord Sugar	Lord Sugar	PER	100-81
brexitu	brexit	EVT	86-142
Britaniji	Britanija	LOC	86-143
brexit	brexit	EVT	86-148
konservativno	konservativen	ORG	72-8
konservativci	konservativec	ORG	72-8
Mayeve	Mayev	PER	58-63
konservativna	konservativen	ORG	72-8
Theresa May	Theresa May	PER	76-40
Evropskega sveta	evropski svet	ORG	53-72
Donald Tusk	Donald Tusk	PER	79-12
Thereso May	Theresa May	PER	76-40
