sl-131
Brexit	Brexit	EVT	86-22
evropska	evropski	LOC	53-78
Velika Britanija	velik Britanija	LOC	98-27
brexitu	brexit	EVT	86-142
Lindo Dann	Linda Dann	PER	100-44
brexita	brexit	EVT	86-140
Veliko Britanijo	velik Britanija	LOC	98-28
Evropske unije	evropski unija	ORG	53-74
EU	EU	ORG	53-71
Združenim kraljestvom	združen kraljestvo	LOC	80-27
Salzburgu	Salzburg	LOC	69-237
Združenega kraljestva	združen kraljestvo	LOC	80-21
Evrope	Evropa	LOC	53-7
zveze Nato	zveza Nato	ORG	80-26
Ljubljani	Ljubljana	LOC	100-69
Večer	večer	PRO	98-35
Linda Dann	Linda Dann	PER	100-44
Theresa May	Theresa May	PER	76-40
Gavin Williamson	Gavin Williamson	PER	77-28
Združeno kraljestvo	združen kraljestvo	LOC	80-24
evropski	evropski	LOC	53-78
Dannova	Dannova	PER	79-125
Britanci	Britanec	PER	86-144
Nata	Nato	ORG	88-72
London	London	LOC	100-21
brexit	brexit	EVT	86-147
Evropski obrambni sklad	evropski obramben sklad	PRO	53-102
Evropskega akcijskega obrambnega načrta	evropski akcijski obramben načrt	PRO	53-155
Združenem kraljestvu	združen kraljestvo	LOC	80-23
Evropi	Evropa	LOC	53-7
Trump	Trump	PER	76-18
Evropa	Evropa	LOC	53-7
ZDA	ZDA	LOC	80-25
Norveško	Norveška	LOC	88-56
Norveška	Norveška	LOC	88-56
Obama	Obama	PER	91-25
zvezo Nato	zveza Nato	ORG	80-26
Evropo	Evropa	LOC	53-7
Sergeja Skripala	Sergej skripati	PER	69-43
Rusi	Rus	PER	95-113
Zveza Nato	zveza Nato	ORG	80-49
Donald Trump	Donald Trump	PER	79-11
Barack Obama	Barack Obama	PER	86-248
Slovenija	Slovenija	LOC	69-119
Sloveniji	Slovenija	LOC	69-119
Walesa	Wales	LOC	111-7
Slovenije	Slovenija	LOC	69-119
Slovenijo	Slovenija	LOC	69-119
Trumpove	Trumpov	PER	76-104
