sl-129
brexit	brexit	EVT	86-139
Londonu	London	LOC	100-25
brexita	brexit	EVT	86-140
EU	EU	ORG	53-71
Velike Britanije	velik Britanija	LOC	98-26
Otoka	otok	LOC	91-35
Evropske unije	evropski unija	ORG	53-74
Velika Britanija	velik Britanija	LOC	98-27
London	London	LOC	100-21
Bruselj	Bruselj	LOC	86-14
Thereso May	Theresa May	PER	76-40
Evropske komisije	evropski komisija	ORG	53-73
Jean-Claudom Junckerjem	Jeanlclaud Juncker	PER	51-57
vrhom	vrh	EVT	xxx
Theresa May	Theresa May	PER	76-40
Evropskega sveta	evropski svet	ORG	53-72
Donald Tusk	Donald Tusk	PER	79-12
Aleksandra Velikega	Aleksander Velik	PER	66-138
brexitu	brexit	EVT	86-142
Mayevo	Mayev	PER	58-63
Mayeva	Mayev	PER	58-63
irskem otoku	irski otok	LOC	75-50
Zdru탑enim kraljestvom	zdru탑en kraljestvo	LOC	80-27
Severna Irska	severen Irska	LOC	69-9
Republiko Irsko	republika Irska	LOC	95-59
Severno Irsko	severen Irska	LOC	69-9
Veliko Britanijo	velik Britanija	LOC	98-28
Michel Barnier	Michel Barnier	PER	58-7
Severnem Irskem	severen Irsko	LOC	69-6
Zdru탑eno kraljestvo	zdru탑en kraljestvo	LOC	80-24
Angela Merkel	Angela Merkel	PER	66-41
Grand Place	Grand Place	LOC	77-64
Emmanuelom Macronom	Emmanuel Macron	PER	53-13
Charlesom Michelom	Charles Michel	PER	107-104
Xavierjem Bettlom	Xavier Bettlo	PER	56-2
Bettel	Bettel	PER	86-307
britanski	britanski	ORG	xxx
Evropski parlament	evropski parlament	ORG	53-12
Svet EU	svet EU	ORG	69-39
