sl-155
Trump	Trump	PER	189-3
Stormy Daniels	Stormy Daniels	PER	185-14
Donald Trump	Donald Trump	PER	191-5
Danielsovo	Danielsov	PER	191-12
Stephanie Clifford	Stephanie Clifford	PER	185-90
Trumpom	Trump	PER	189-7
Michael Cohen	Michael Cohen	PER	181-11
Danielsova	Danielsov	PER	191-12
Tahoe	Tahoe	LOC	189-40
Trumpova	Trumpov	PER	189-13
Melania	Melania	PER	181-10
Barrona	Barron	PER	193-56
Trumpa	Trump	PER	189-14
ameriškimi evangeličanskimi kristjani	ameriški evangeličanski kristjan	PER	184-86
Danielsovi	Danielsov	PER	191-39
Cohen	Cohen	PER	202-4
Michaela Cohena	Michael Cohen	PER	181-11
Michael	Michael	PER	181-69
Michaela	Michael	PER	181-74
Danielsove	Danielsov	PER	191-12
Michael Avenatti	Michael Avenatti	PER	181-80
