sl-10
Adrie Airways	Adria Airways	ORG	184-0
Adria Airways	Adria Airways	ORG	184-0
Brniku	Brnik	ORG	193-0
Fakulteto za strojništvo Univerze v Ljubljani	fakulteta za strojništvo univerza v Ljubljana	ORG	201-15
Adriinih	Adriin	ORG	184-38
Adrii Airways	Adria Airways	ORG	184-0
Lufthansa	Lufthansa	ORG	200-0
Turkish Airlines	Turkish Airlines	ORG	189-46
Qatar Airways	Qatar Airways	ORG	183-0
Emirates	Emirates	ORG	178-19
Korean Air	Korean Air	ORG	187-49
Ryanair	Ryanair	ORG	198-0
njihove	njihov	ORG	xxx
letalske šole	letalski šola	ORG	200-1
Aleša Petana	Aleš Petan	PER	184-108
Sven Kukemelk	Sven Kukemelk	PER	185-78
Regional Jet	Regional Jet	ORG	198-39
Letalske šole	letalski šola	ORG	200-1
Tadej Notersberg	Tadej Notersberg	PER	189-43
Adrii	Adria	ORG	184-1
Adrio Airways	Adria Airways	ORG	184-0
Sloveniji	Slovenija	LOC	185-0
EU	EU	ORG	178-1
