sl-11
Ljubljana	Ljubljana	LOC	200-11
Adrie Airways	Adria Airways	ORG	184-0
Janez Pustatičnik	Janez Pustatičnik	PER	176-2
Easyjet	Easyjet	ORG	178-2
Etihad	Etihad	ORG	178-3
Ryanair	Ryanair	ORG	198-0
British Airways	British Airways	ORG	193-3
Virgin Atlantic	Virgin Atlantic	ORG	199-0
Qatar Airways	Qatar Airways	ORG	183-0
Adrii Airways	Adria Airways	ORG	184-0
Jakob Počivavšek	Jakob Počivavšek	PER	176-19
sindikata Pergam	sindikat Pergam	ORG	185-73
Sloveniji	Slovenija	LOC	185-0
STA	sta	ORG	185-84
Marko Kastelic	Marko Kastelic	PER	181-3
Adria	Adria	ORG	184-5
Adrie	Adria	ORG	184-1
Počivavšek	Počivavšek	PER	182-54
Maribora	Maribor	LOC	181-1
Slovenija	Slovenija	LOC	185-0
Alenka Bratušek	Alenka Bratušek	PER	184-6
Lufthansa	Lufthansa	ORG	200-0
Bruslja	Bruselj	LOC	193-4
Frankfurta	Frankfurt	LOC	201-0
Münchna	München	LOC	181-4
Züricha	Zürich	LOC	192-34
Ljubljane	Ljubljana	LOC	200-8
Bruselj	Bruselj	LOC	193-4
Frankfurt	Frankfurt	LOC	201-0
Frankfurtu	Frankfurt	LOC	201-0
