sl-124
BiH	Bih	LOC	193-5
Dragan Mektić	Dragan Mektić	PER	191-58
Faktor	faktor	PRO	201-23
hrvaške	hrvaški	LOC	197-4
Hrvaško	Hrvaška	LOC	197-1
hrvaška	hrvaški	LOC	197-2
Hina	Hina	ORG	197-3
Sarajevu	Sarajevo	LOC	185-6
Ivanom Sabolićem	Ivan Sabolić	PER	188-35
Željko Komšić	Željko Komšić	PER	xxx
Sarajeva	Sarajevo	LOC	185-6
Šuhret Fazlić	Šuhret Fazlić	PER	196-16
Bihaća	Bihać	LOC	193-6
hrvaški	hrvaški	LOC	197-5
Jutarnji list	jutarnji list	PRO	176-3
Srbije	Srbija	LOC	185-7
Bihaću	Bihać	LOC	193-6
Hrvaška	hrvaški	LOC	197-7
Hrvaške	hrvaški	LOC	197-4
Zagreb	Zagreb	LOC	192-5
