sl-171
Tanje Fajon	Tanja Fajon	PER	189-15
Vrhnika	Vrhnika	LOC	199-6
SD	SD	ORG	185-18
Vrhniki	Vrhnika	LOC	199-33
Twitterju	Twitter	PRO	189-16
Fajonova	Fajonov	PER	201-7
Sloveniji	Slovenija	LOC	185-0
Cankarjevega doma na Vrhniki	Cankarjev dom na Vrhnika	LOC	202-19
2. svetovne vojne	2. svetoven vojna	EVT	xxx
Slovenije	Slovenija	LOC	185-0
Tanja Fajon	Tanja Fajon	PER	189-15
Twitter	Twitter	PRO	189-16
Fajonove	Fajonov	PER	201-18
Jugoslaviji	Jugoslavija	LOC	176-7
Josipa Broza Tita	Josip Broz Tito	PER	176-31
Jugoslavije	Jugoslavija	LOC	176-7
Ozna	Ozna	ORG	195-10
Udba	Udba	ORG	179-4
Slovencev	Slovenec	PER	185-19
Komunistična partija	komunističen partija	ORG	187-44
KP	KP	ORG	187-48
Slovenijo	Slovenija	LOC	185-0
Jugoslovanska armada	jugoslovanski armada	ORG	176-32
JA	ja	ORG	176-33
