sl-183
Andrej Šiško	Andrej Šiško	PER	184-23
slovenska policija	slovenski policija	ORG	185-20
Sloveniji	Slovenija	LOC	185-0
Štajersko vardo	štajerski varda	ORG	196-7
ZDF	ZDF	ORG	192-11
Slovenska policija	slovenski policija	ORG	185-20
Štajerske varde	štajerski varda	ORG	196-7
Štajerska Varda	Štajerska Varda	ORG	196-7
Dežele Štajerske	dežela Štajerska	LOC	191-23
Maistrov	Maistrov	PER	181-89
Štajerske Varde	Štajerska Varda	ORG	196-7
A. Šiška	A. Šiško	PER	184-91
Šiško	Šiško	PER	196-8
Nemčije	Nemčija	LOC	194-5
slovenski policisti	slovenski policist	PER	185-58
Podčetrtek	Podčetrtek	LOC	182-59
Atomske toplice	atomski toplica	LOC	184-73
policistov	policist	PER	182-9
Ljubljane	Ljubljana	LOC	200-8
nemške državne TV	nemški državen tv	ORG	194-32
Mariborsko sodišče	mariborski sodišče	ORG	181-105
Šiška	Šiška	PER	196-8
Slovenije	Slovenija	LOC	185-0
Ministrstvo za notranje zadeve	ministrstvo za notranji zadeva	ORG	181-117
zakona o varstvu javnega reda in miru	zakon o varstvo javen red in mir	PRO	192-43
MNZ	MNZ	ORG	181-110
