sl-175
Turčija	Turčija	LOC	189-1
IS	IS	ORG	188-1
Islamska država	islamski država	ORG	188-0
Abuja Bakra al Bagdadija	Abu Bakar Al Bagdadi	PER	184-8
BBC	BBC	ORG	193-8
Rasmijo Avad	Rasmija Avad	PER	198-3
Azaz	Azaz	LOC	184-10
Sirije	Sirija	LOC	185-8
AP	AP	ORG	184-11
Bagdadijeva	Bagdadijev	PER	193-7
Bagdadi	Bagdadi	PER	193-7
Iraku	Irak	LOC	188-2
institutu Hudson	institut Hudson	ORG	188-18
Mike Pregent	Mike Pregent	PER	181-6
New York Times	New York Times	ORG	194-4
Iračan	Iračan	PER	188-22
Iraka	Irak	LOC	188-2
Donald Trump	Donald Trump	PER	191-5
Bagdadijevo	Bagdadijev	PER	193-7
Siriji	Sirija	LOC	185-8
Abu Ibrahim al Hašemi al Kuraši	Abu Ibrahim Al Hašemi Al Kuraši	PER	184-12
