sl-104
Nordic Monitor	Nordic Monitor	ORG	194-0
Turški diplomati	turški diplomat	PER	189-0
Erdoganovimi	Erdoganov	PER	178-11
Sloveniji	Slovenija	LOC	185-0
Ljubljani	Ljubljana	LOC	200-2
Recepa Tayyipa Erdogana	Recep Tayyip Erdogan	PER	198-1
Ankaro	Ankara	LOC	184-2
Erdogana	Erdogan	PER	178-11
Stockholma	Stockholm	LOC	185-1
Turčijo	Turčija	LOC	189-1
turški diplomati	turški diplomat	PER	189-0
Ambra	Ambra	ORG	184-61
Društvo Medkulturni dialog	društvo medkulturen dialog	ORG	191-27
Serra Kaleli	Serra Kaleli	PER	185-104
Turčiji	Turčija	LOC	189-1
Fethullaha Gülena	Fethullah Gülen	PER	201-26
Ankara	Ankara	LOC	184-2
Dnevnik	dnevnik	PRO	191-0
oddelka turške policije za boj proti tihotapstvu in organiziranemu kriminalu	oddelek turški policija za boj proti tihotapstvo in organiziran kriminal	ORG	195-9
KOM	kom	ORG	187-1
Kaynak	Kaynak	ORG	187-2
Gülenovim gibanjem	Gülenov gibanje	ORG	190-13
Kaynaka	Kaynak	ORG	187-2
Kaynak Holdingu	Kaynak Holding	ORG	187-2
Nordic Monitorja	Nordic Monitor	ORG	194-0
Zaman	Zaman	PER	192-54
Ekrem Dumanli	Ekrem Dumanli	PER	178-24
Turčije	Turčija	LOC	189-1
Evropi	Evropa	LOC	178-15
Švice	Švica	LOC	196-0
Erdoganovega	Erdoganov	PER	178-11
