sl-119
Turčija	Turčija	LOC	189-1
Islamska država	islamski država	ORG	188-0
IS	IS	ORG	188-1
Abuja Bakra al Bagdadija	Abu Bakar Al Bagdadi	PER	184-8
Bagdadijeve	Bagdadijev	PER	193-7
Fahrettin Altun	Fahrettin Altun	PER	201-11
BBC	BBC	ORG	193-8
Rasmijo Avad	Rasmija Avad	PER	198-3
Azaz	Azaz	LOC	184-10
Sirije	Sirija	LOC	185-8
AP	AP	ORG	184-11
Bagdadijeva	Bagdadijev	PER	193-7
Bagdadi	Bagdadi	PER	193-7
Iraku	Irak	LOC	188-2
institutu Hudson	institut Hudson	ORG	xxx
Mike Pregent	Mike Pregent	PER	181-6
New York Times	New York Times	ORG	194-30
Iračan	Iračan	PER	xxx
Iraka	Irak	LOC	188-2
Donald Trump	Donald Trump	PER	191-5
Bagdadijevo	Bagdadijev	PER	193-7
Siriji	Sirija	LOC	185-8
Abu Ibrahim al Hašemi al Kuraši	Abu Ibrahim Al Hašemi Al Kuraši	PER	184-12
