sl-160
Ronaldo	Ronaldo	PER	198-9
Realu	Real	ORG	198-10
Španijo	Španija	LOC	196-6
Španije	Španija	LOC	196-6
madridskega Reala	madridski Real	ORG	181-20
Cristiano Ronaldo	Cristiano Ronaldo	PER	202-11
Španija	Španija	LOC	196-6
Cristiana Ronalda	Cristian Ronald	PER	202-11
Florentinom Perezom	Florentin Perez	PER	201-20
Reala	Real	ORG	198-10
Lige prvakov	liga prvak	EVT	200-13
državni naslov	državen naslov	EVT	191-63
španski superpokal	španski superpokal	EVT	196-15
klubsko svetovno prvenstvo	klubski svetoven prvenstvo	EVT	187-37
evropski superpokal	evropski superpokal	EVT	178-20
Valencio	Valencia	ORG	199-27
Valdebebas	Valdebebas	LOC	199-32
Ligo prvakov	liga prvak	EVT	200-13
La Ligi	la liga	EVT	200-27
Ligi prvakov	liga prvak	EVT	200-13
Manchester Uniteda	Manchester United	ORG	181-21
Paris Saint-Germaina	Paris Saintrgermain	ORG	182-12
Portugalec	Portugalec	PER	182-13
Leganesom	Leganes	ORG	200-28
Madridu	Madrid	ORG	181-22
Portugalski	Portugalski	LOC	182-34
Dongqiudi	Dongqiudi	PRO	191-37
