sl-107
Dončić	Dončić	PER	191-2
LA-ju	La	LOC	200-46
Young	Young	PER	xxx
Luka	Luka	PER	200-6
Luka Dončić	Luka Dončić	PER	200-6
NBA	NBA	ORG	194-2
Los Angelesu	Los Angeles	LOC	200-7
Trae Young	Trae Young	PER	189-2
ESPN	ESPN	ORG	178-0
Američane	Američan	PER	184-4
Evropi	Evropa	LOC	178-15
Ljubljane	Ljubljana	LOC	200-8
Zahodu	zahod	LOC	192-40
LeBronu Jamesu	Lebron James	PER	200-9
Larryju Birdu	Larry Bird	PER	200-53
Magicu Johnsonu	Magic Johnson	PER	181-2
Michaelu Jordanu	Michael Jordan	PER	181-111
Dallasu	Dallas	LOC	191-3
Rick Carlisle	Rick Carlisle	PER	198-21
Dončića	Dončić	PER	191-2
Dennisa Smitha	Dennis Smith	PER	191-32
tekmo All-Star	tekma Allxstar	EVT	189-32
LeBronom	Lebron	PER	200-9
Giannisom	Giannis	PER	190-16
ZDA	ZDA	LOC	192-0
Mavs	Mavs	ORG	181-62
Mark Cuban	Mark Cuban	PER	181-104
Igor Kokoškov	Igor Kokoškov	PER	188-17
zdaj	zdaj	LOC	192-26
Sacramento Kings	Sacramento Kings	ORG	185-72
Treaja Younga	Treaj Young	PER	189-34
Atlanta Hawks	Atlanta Hawks	ORG	184-44
Deandreja Aytona	Deandrej Ayton	PER	191-35
Phoenixa	Phoenix	LOC	182-57
Dallasa	Dallas	LOC	191-3
Dončič	Dončič	PER	191-28
Santa Monici	Santa Monica	LOC	185-60
TNT	TNT	PRO	189-23
S haquille O ’ Neal	z haquille o ’ Neal	PER	185-99
Cuban	Cuban	PER	202-21
Mavericks	Mavericks	ORG	181-77
All-Star	Allxstar	EVT	184-68
Oscarju Robertsonu	Oscar Robertson	PER	195-32
Robertson	Robertson	PER	198-36
B en Simmons	B en Simmons	PER	193-81
Magica Johnsona	Magic Johnson	PER	181-2
Markelle Fultz	Markelle Fultz	PER	181-79
Ljubljančan	Ljubljančan	PER	200-10
Pauu Gasolu	Pauu Gasol	PER	182-55
ESPY nagrad za najbolj prodornega športnika	ESPY nagrada za najbolj prodoren športnik	PRO	178-31
Dončićem	Dončić	PER	191-2
