sl-137
Uroš Rotnik	Uroš Rotnik	PER	179-0
TEŠ	Teš	ORG	189-59
Mitjem Jeleničem Novakom	Mitja Jelenič Novak	PER	181-16
celjskem sodišču	celjski sodišče	LOC	202-7
TEŠ-a	tešen	ORG	189-10
Uroša Rotnika	Uroš Rotnik	PER	179-12
Fursu	Furs	ORG	201-3
Termoelektrarne Šoštanj	termoelektrarna Šoštanj	ORG	189-60
šestega bloka TEŠ	šesti blok Teš	PRO	196-13
Rotnik	Rotnik	PER	198-7
Specializirano državno tožilstvo	specializiran državen tožilstvo	ORG	185-2
Rotnika	Rotnik	PER	198-7
Furs	Furs	ORG	201-3
Rotnikovem	Rotnikov	PER	198-8
Rotnikov	Rotnikov	PER	198-7
Mitja Jelenič Novak	Mitja Jelenič Novak	PER	181-103
Varjo Holec	Varja Holec	PER	199-37
Rotnikom	Rotnik	PER	198-7
Fursa	Furs	ORG	201-3
Rotnikovi	Rotnikov	PER	198-8
Dejana Valenčaka	Dejan Valenčak	PER	191-34
Natašo Šket	Nataša Šket	PER	194-17
Renata Vodnjov	Renata Vodnjov	PER	198-53
Rotnikovega	Rotnikov	PER	198-8
Nove Ljubljanske banke	nov ljubljanski banka	ORG	194-38
