sl-24
Mark Egan	Mark Egan	PER	181-32
Ljubljani	Ljubljana	LOC	200-2
BBC	BBC	PRO	193-8
Purple Bridge Media	Purple Bridge Media	ORG	182-32
Slovenijo	Slovenija	LOC	185-0
Društva novinarjev Slovenije	društvo novinar Slovenija	ORG	191-42
EBU	EBU	ORG	178-28
New York Times	New York Times	PRO	194-4
Ryanair	Ryanair	ORG	198-0
jugovzhoda Anglije	jugovzhod Anglija	LOC	176-24
Sloveniji	Slovenija	LOC	185-0
Carl Bernstein	Carl Bernstein	PER	202-26
Norveško	Norveška	LOC	194-22
Grenfell Tower	Grenfell Tower	LOC	190-5
Londonu	London	LOC	200-12
Jeb Bush	Jeb Bush	PER	176-23
Trump	Trump	PER	189-3
zdaj	zdaj	LOC	xxx
twitter	twitter	PRO	189-48
Helmut Schmidt	Helmut Schmidt	PER	197-26
