sl-20
Singapurja	Singapur	LOC	185-12
New York Changi	New York Changi	LOC	194-9
JFK	JFK	LOC	176-14
Singapur Airlines	Singapur Airlines	ORG	185-26
SIA	SIA	ORG	185-48
BBC	BBC	ORG	193-8
Singapure Airlines	Singapure Airlines	ORG	185-26
Tihi Ocean	tih Ocean	LOC	189-54
NOPAC	Nopac	LOC	194-45
the	the	LOC	189-44
North Pacific route	north pacific route	LOC	189-44
Geoffrey Thomas	Geoffrey Thomas	PER	190-14
Airbusova	Airbusov	ORG	184-64
A350-900 ULR	a350-900 ULR	PRO	184-82
Boeing 777	Boeing 777	PRO	193-84
Qantas	Qantas	ORG	183-2
Pertha	Perth	LOC	182-17
London	London	LOC	200-12
Aucklanda	Auckland	LOC	184-98
Dohe	Doha	LOC	191-53
