sl-38-2
Alp	Alpe	LOC	184-30
Rok Nosan	Rok Nosan	PER	198-50
Avstrije	Avstrija	LOC	184-104
Nemčije	Nemčija	LOC	194-5
Švice	Švica	LOC	196-0
Evropo	Evropa	LOC	178-15
Alpe	Alpe	LOC	184-30
Evropi	Evropa	LOC	178-15
Alpah	Alpe	LOC	184-30
Sloveniji	Slovenija	LOC	185-0
Ljubljansko kotlino	ljubljanski kotlina	LOC	200-50
dolini Save Bohinjke	dolina Sava Bohinjka	LOC	191-45
Kamniško-Savinjskimi Alpami	kamniškovsavinjski Alpe	LOC	187-36
Pohorjem	Pohorje	LOC	182-40
Gorenjskem	Gorenjsko	LOC	190-2
Veliko Britanijo	velik Britanija	LOC	199-3
Francijo	Francija	LOC	201-5
Skandinavije	Skandinavija	LOC	185-45
jugovzhodni	jugovzhoden	LOC	176-0
vzhodni Evropi	vzhoden Evropa	LOC	199-7
Kredarici	Kredarica	LOC	187-43
Arso	Arso	ORG	184-107
