sl-49
Adria Airways	Adria Airways	ORG	184-0
Adriji	Adrija	ORG	184-66
Siol	Siol	PRO	185-24
Delo	delo	PRO	191-16
AA International Aviation Holding	AA International Aviation holding	ORG	184-105
4 K Investments	4 k Investments	ORG	177-0
Siolu	SiOL	ORG	185-25
Adrii	Adria	ORG	184-1
Adrie Airways	Adria Airways	ORG	184-0
STA	biti	ORG	185-22
Holger Kowarsch	Holger Kowarsch	PER	197-0
Adriia Airways	Adriia Airways	ORG	184-0
Evropski komisiji	evropski komisija	ORG	178-7
Srbiji	Srbija	LOC	185-7
Beogradu	Beograd	LOC	193-38
Air Serbia	Air Serbia	ORG	184-33
Etihad	Etihad	ORG	178-3
Abu Dabija	Abu Dabi	LOC	184-63
Dragan Gajin	Dragan Gajin	PER	191-64
Adrio	Adria	ORG	184-1
EU	EU	ORG	178-1
Alitalii	Alitalia	ORG	184-42
Italiji	Italija	LOC	188-11
Evropska komisija	evropski komisija	ORG	178-7
Adria	Adria	ORG	184-5
Evropske komisije	evropski komisija	ORG	178-7
Ryanair	Ryanair	ORG	198-0
Bruslju	Bruselj	LOC	193-49
