sl-6
Sara	Sara	PER	185-34
Sešlar Naraks	Sešlar Naraks	PER	185-34
Akademijo za likovno umetnost in oblikovanje	akademija za likoven umetnost in oblikovanje	ORG	184-35
Sodobna kofetarica	sodoben kofetarica	PRO	185-35
Ivane Kobilica	Ivana Kobilica	PER	188-14
Ivana Kobilca	Ivana Kobilca	PER	188-14
Kofetarico	Kofetarico	PRO	187-51
Loka	Loka	LOC	200-24
Akademijo za likovno umetnost in oblikovanje Univerze v Ljubljani	akademija za likoven umetnost in oblikovanje univerza v Ljubljana	ORG	184-35
Kofetarica	kofetarica	PRO	187-21
Sodobno kofetarico	sodoben kofetarica	PRO	185-35
slovenski	slovenski	LOC	xxx
Kofetarice	kofetarica	PRO	187-21
Loka kave	Lok kava	ORG	200-25
Oddelka za slikarstvo	oddelek za slikarstvo	ORG	195-26
Oddelka za oblikovanje vizualnih komunikacij	oddelek za oblikovanje vizualen komunikacija	ORG	195-14
Suzi Bricelj	Suzi Bricelj	PER	185-36
Žige Kariža	Žiga Kariž	PER	xxx
Andreja Kamnika	Andrej Kamnik	PER	184-92
Saša Sedlačka	Sašo Sedlačk	PER	185-88
Akademije za likovno umetnost in oblikovanje	akademija za likoven umetnost in oblikovanje	ORG	184-35
Petja Grafenauer	Petja Grafenauer	PER	182-39
ALUO	Alua	ORG	184-76
Sodobne kofetarice Bricelj	sodoben kofetarica Bricelj	PRO	185-35
Ivane Kobilca	Ivana Kobilec	PER	188-14
Slovenskem	Slovensko	LOC	185-43
Sara Sešlar Naraks	Sara Sešlar Naraks	PER	185-34
Loke kave	Loka kava	ORG	200-24
Ljubljane	Ljubljana	LOC	200-8
Narodno galerijo	naroden galerija	LOC	194-28
Ivane Kobilce	Ivana Kobilca	PER	188-14
Klara Jan	Klara Jan	PER	187-50
Veronika Hozjan	Veronika Hozjan	PER	199-26
Valentine Agostini	Valentina Agostina	PER	199-25
Tine Sapundžić	Tina Sapundžić	PER	189-50
Bibi Erjavec	Biba Erjavec	PER	193-67
Barbare Miše	Barbara Miša	PER	193-60
Andraža Moharja	Andraž Mohar	PER	184-80
Anne Elisabeth Tassel	Anna Elisabeth Tassel	PER	184-81
Lare Batistuta	Lara Batistuta	PER	200-35
Kongresnem trgu	kongresen trg	LOC	187-40
Zagreb	Zagreb	LOC	192-5
