121
donald trump	donald trump	PER	1
usa	usa	LOC	2
prima zoom	prima zoom	ORG	113
queensu	queens	LOC	125
trump organization	trump organization	ORG	93
trump	trump	PER	1
trumpova	trump	PER	1
babiše	babiš	PER	9
afroameričané	afroameričané	PER	114
politifact.com	politifact.com	ORG	115
donadl trump	donald trump	PER	1
trumpovy	trump	PER	1
mexiko	mexiko	LOC	116
baracka obamy	barack obama	PER	16
trumpovo	trump	PER	1
indianě	indiana	LOC	49
ivana zelníčková	ivana zelníčková	PER	58
ivanka trump	ivanka trump	PER	58
kanady	kanada	LOC	117
trumpových	trump	PER	1
republikánské strany	republikánská strana	ORG	118
john mccain	john mccain	PER	119
mikem pencem	mike penc	PER	120
mexikem	mexico	LOC	116
hillary clintonové	hillary clintonová	PER	3
isis	isis	ORG	121
američanům	američané	PER	17
donaldu trumpovi	donald trump	PER	1
godota	godot	PER	122
putin	putin	PER	63
rusko	rusko	LOC	78
ruska	rusko	LOC	78
vladimíra putina	vladimír putin	PER	63
američané	američané	PER	17
clintonové	clintonová	PER	3
republikánskou stranu	republikánská strana	ORG	118
trumpovi	trump	PER	1
apprentice	apprentice	MISC	96
bbc	bbc	ORG	123
pavla janoušková	pavla janoušková	PER	124
