113
trump	trump	PER	1
týden.cz	týden.cz	ORG	40
trumpovi	trump	PER	1
trumpova	trump	PER	1
lee green	lee green	PER	41
severní karolíny	severní karolína	LOC	42
wirt yerger	wirt yerger	PER	43
mississippi	mississippi	LOC	44
trumpův	trump	PER	1
charlie buckelsovi	charlie buckels	PER	45
trumpa	trump	PER	1
moskvy	moskva	LOC	46
usa	usa	LOC	2
washingtonu	washington	LOC	47
marylandu	maryland	LOC	48
indianě	indiana	LOC	49
tennessee	tennessee	LOC	50
vermontu	vermont	LOC	51
kalifornii	kalifornie	LOC	52
nevadě	nevada	LOC	53
havajských ostrovech	havajské ostrovy	LOC	54
kongresu	kongres	ORG	55
joe bidena	joe biden	PER	56
