30
trump	trump	PER	1
donald trump	donald trump	PER	1
twitterze	twitter	MISC	90
new york timesa	new york times	ORG	5
muzeum holocaustu	muzeum holocaustu	LOC	20592
usa	usa	LOC	2
holocaust	holocaust	MISC	20593
waszyngtonu	waszyngton	LOC	47
national policy institute	national policy institute	ORG	20595
npi	npi	ORG	20595
amerykanów	amerykanie	PER	17
richard spencer	richard spencer	PER	20603
montana	montana	LOC	22001
europejczyków	europejczycy	PER	363
friendship heights	friendship heights	LOC	20606
donalda trumpa	donald trump	PER	1
budynku im. ronalda reagana	budynek im. ronalda reagana	LOC	20607
białego domu	biay dom	LOC	111
spencer	spencer	PER	20603
hitlera	hitler	PER	20608
republice weimarskiej	republika weimarska	ORG	20609
niemcy	niemcy	LOC	75
new york times	new york times	ORG	5
budynek im. ronalda reagana	budynek im. ronalda reagana	LOC	20607
trade center management associates	trade center management associates	ORG	20611
cnn	cnn	ORG	20019
msnbc	msnbc	ORG	20019
breitbart news network	breitbart news network	ORG	20612
spencera	spencer	PER	20603
steve bannon	steve bannon	PER	20600
trumpa	trump	PER	1
białym domu	biay dom	LOC	111
bryan lanza	bryan lanza	PER	20602
lanza	lanza	PER	20602
david gergen	david gergen	PER	20601
waszyngtonie	waszyngton	LOC	47
bannon	bannon	PER	20600
afroamerykanów	afroamerykanie	PER	114
latynosów	latynosi	PER	20599
ameryka łacińska	ameryka łacińska	LOC	20590
azji	azja	LOC	72
afryki	afryka	LOC	20511
ku-klux-klan	ku-klux-klan	ORG	20596
jima sessionsa	jim sessions	PER	20597
afroamerykanach	afroamerykanie	PER	114
sessions	sessions	PER	20597
