pl-1136
Finowie	Finów	PER	168-60
Duńczycy	Duńczyk	PER	143-30
Nord Stream-2 AG	Nord Stream-2 aga	ORG	151-3
Gazpromu	Gazprom	ORG	140-4
Nord Stream-2	Nord Stream-2	PRO	xxx
Finlandii	Finlandia	LOC	168-16
Regionalną Agencję Administracyjną Południowej Finlandii	regionalny agencja administracyjny Południowy Finlandia	ORG	158-94
Ustawą o wodzie	ustawa o woda	PRO	119-49
Finów	Fin	PER	168-52
Gazprom	Gazprom	ORG	140-4
Niemcy	Niemiec	LOC	151-48
Rosji	Rosja	LOC	158-19
Unia	unia	ORG	119-36
NCG	NCG	ORG	151-23
NetConnect Germany	NetConnect Germany	ORG	151-80
Europy	Europa	LOC	118-43
NBP	NBP	ORG	xxx
Brexicie	Brexita	EVT	149-45
Unii	unia	ORG	119-12
Szwecji	Szwecja	LOC	134-77
Danii	Dania	LOC	143-38
