pl-1062
Dania	Dania	LOC	143-37
Nord Stream	Nord Stream	PRO	151-9
Danii	Dania	LOC	143-38
Nord Stream 2	Nord Stream 2	PRO	151-9
Rzeczpospolita	Rzeczpospolita	PRO	158-25
Larsa Lokke Rasmussena	Larso Lokke Rasmussen	PER	163-28
Ukrainy	Ukraina	LOC	119-19
Wołydymira Hrojsmana	Wołydymir Hrojsman	PER	174-44
Finlandia	Finlandia	LOC	168-18
Niemcy	Niemiec	LOC	151-48
Szwecja	Szwecja	LOC	134-77
Rasmussen	Rasmussen	PER	158-10
Izwiestia	Izwiestia	PRO	138-7
Stanów Zjednoczonych	Stany Zjednoczone	LOC	134-76
Duńczykach	Duńczyk	PER	143-29
USA	USA	LOC	119-13
Niemcami	Niemcy	LOC	151-52
Rz	Rz	PRO	158-25
Rosjan	Rosjanin	PER	158-20
