pl-987
Nord Stream - 2	Nord Stream - 2	PRO	151-9
Gazprom	Gazprom	ORG	140-14
Niemiec	Niemcy	LOC	151-49
Rosjanie	Rosjanin	PER	158-20
Danii	Dania	LOC	143-38
Nord Stream 2 AG	Nord Stream 2 aga	ORG	151-3
Gazpromu	Gazprom	ORG	140-4
Gazociągu Północnego	gazociąg północny	PRO	140-15
Nord Stream	Nord Stream	PRO	xxx
Morza Bałtyckiego	morze Bałtycki	LOC	123-42
Castoro Dici	Castoro Dici	PRO	169-5
Zatoce	Zatoka	LOC	xxx
Greifswald	Greifswald	LOC	140-3
Niemczech	Niemcy	LOC	151-50
Audicia	Audicia	PRO	131-112
szwajcarski	szwajcarski	LOC	134-43
Solitaire	Solitaire	PRO	134-0
Szwajcarii	Szwajcaria	LOC	134-37
Wintersheel	Wintersheel	ORG	174-41
Uniper	Uniper	ORG	119-0
Engie	Enga	ORG	118-17
OMV	OMV	ORG	153-8
Shell	Shell	ORG	134-1
Dania	Dania	LOC	143-37
Rosjan	Rosjanin	PER	158-20
Kopenhaga	Kopenhaga	LOC	137-18
Bornholm	Bornholm	LOC	149-40
Nord Stream-2 AG	Nord Stream-2 aga	ORG	151-3
Nowosti	Nowosti	ORG	151-56
Duńczykom	duńczyk	PER	143-23
Nord	Nord	PRO	xxx
Europie	Europa	LOC	118-44
gazociągu północnego	gazociąg północny	PRO	140-15
Europy	Europa	LOC	118-43
Turcją	Turcja	LOC	139-30
Bałkanami	Bałkany	LOC	149-79
