pl-301
Poroszenko	Poroszenko	PER	124-44
UE	UE	ORG	119-20
Nord Stream 2	Nord Stream 2	PRO	151-9
Ukraina	Ukraina	LOC	119-21
PAP	PAP	ORG	124-51
Ukrainę	Ukraina	LOC	119-23
Medium	Medium	PRO	123-117
Niemcami	Niemcy	LOC	151-52
Ukrainie	Ukraina	LOC	119-22
Niemiec	Niemcy	LOC	151-49
Rosji	Rosja	LOC	158-19
Morza Bałtyckiego	morze Bałtycki	LOC	123-42
Władimir	Władimir	PER	174-23
Putin	Putin	PER	124-0
Rosja	Rosja	LOC	158-21
Ukrainy	Ukraina	LOC	119-19
Polska	Polska	LOC	124-62
Niemczech	Niemcy	LOC	151-50
Nord Stream	Nord Stream	PRO	151-9
