pl-674
Nord Stream 2	Nord Stream 2	PRO	163-11
Komisję Europejską	komisja europejski	ORG	137-23
Rosji	Rosja	LOC	158-19
Niemczech	Niemcy	LOC	151-50
UE	UE	ORG	119-20
Marcus Ederer	Marcus Ederer	PER	123-87
Dyrektywa Komisji Europejskiej	dyrektywa komisja europejski	PRO	143-65
Unii	unia	ORG	119-12
Ederera	Ederer	PER	118-79
lex Nord Stream 2	lex Nord Stream 2	PRO	163-27
Radzie	rada	ORG	158-65
Parlamentowi Europejskiemu	parlament europejski	ORG	124-53
Nord Stream 2 Nord Stream 2	Nord Stream 2 Nord Stream 2	PRO	163-43
Siergieja Ławrowa	Siergiej Ławrów	PER	134-141
Niemcy	Niemiec	LOC	151-48
Niemiec	Niemcy	LOC	151-49
Gazpromu	Gazprom	ORG	140-4
Europy Środkowo - Wschodniej	Europa środkowy - wschodni	LOC	118-21
Kremla	Kreml	LOC	137-2
