pl-636
Polski	polski	LOC	124-37
Gazpromowi	Gazprom	ORG	140-4
Gazprom	Gazprom	ORG	140-4
Nord Stream 2	Nord Stream 2	PRO	151-9
UOKiK	UOKiK	ORG	119-7
Bałtyku	Bałtyk	LOC	149-39
Nord Stream	Nord Stream	PRO	151-9
Rosji	Rosja	LOC	158-19
Niemiec	Niemcy	LOC	151-49
Polska	Polska	LOC	124-62
Ukraina	Ukraina	LOC	119-21
Nord Stream 2 AG	Nord Stream 2 aga	ORG	151-3
OMV	OMV	ORG	153-8
Royal Dutch Shell	Royal Dutch Shell	ORG	158-5
Uniper	Uniper	ORG	119-0
Wintershall	Wintershall	ORG	174-20
Urzędu Ochrony Konkurencji i Konsumentów	urząd ochrona konkurencja i konsument	ORG	119-4
Gazpromu	Gazprom	ORG	140-4
Marek Niechciał	Marek niechcieć	PER	123-47
