pl-945
Austriacy	Austriak	PER	131-34
Dziadek Mróz	dziadek Mróz	PER	143-33
Nord Stream 2	Nord Stream 2	PRO	151-9
OMV	OMV	ORG	153-6
Gazpromem	Gazprom	ORG	140-4
Europa	Europa	LOC	118-46
Rosji	Rosja	LOC	158-19
Norwegii	Norwegia	LOC	151-57
Aleksiejem Millerem	Aleksiej Miller	PER	131-7
Gazpromu	Gazprom	ORG	140-4
TASS	TASS	ORG	139-27
Reiner Seele	Reiner Seele	PER	158-118
Akfel	Akfel	ORG	131-68
Kibar	Kibar	ORG	137-73
Bosphorus	Bosphorus	ORG	149-63
Unii Europejskiej	unia europejski	ORG	119-24
Uniperem	Uniper	ORG	119-6
Eni	Eni	ORG	118-25
Aleksiej	Aleksiaj	PER	131-78
Syberii	Syberia	LOC	134-79
Seele	Seele	PER	134-44
Europie	Europa	LOC	118-44
Nord Stream 3	Nord Stream 3	PRO	151-9
Europy	Europa	LOC	118-43
Austriak	Austriak	PER	131-34
Polskę	Polska	LOC	124-69
Warszawy	Warszawa	LOC	174-11
Rosję	Rosja	LOC	158-45
BiznesAlert.pl	BiznesAlert.pl	PRO	149-43
Ukrainę	Ukraina	LOC	119-23
Gazprom	Gazprom	ORG	140-4
Piotr Stępiński	Piotr Stępiński	PER	124-75
