pl-998
Polska	Polska	LOC	124-62
Nord Stream 2	Nord Stream 2	PRO	151-9
Warszawie	Warszawa	LOC	174-11
Polski	Polska	LOC	124-63
Moskwy	Moskwa	LOC	123-43
Kijów	Kij	LOC	137-25
Ukrainie	Ukraina	LOC	119-22
Warszawy	Warszawa	LOC	174-11
Puszkow	Puszkow	PER	124-131
Twitterze	twitter	PRO	139-25
Rady Ekspertów Funduszu na rzecz Poparcia dla Badań Naukowych Warsztaty Idei Euroazjatyckich	rada ekspert fundusz na rzecz poparcie dla badanie naukowy warsztaty idea euroazjatycki	ORG	158-114
Workshop of Eurasian Ideas	Workshop of Eurasian Ideas	ORG	174-53
Grigorij Trofimczuk	Grigorij Trofimczuk	PER	140-19
Stanom Zjednoczonym	stan zjednoczyć	LOC	134-101
Fort Trump	Fort Trump	EVT	168-61
Ameryce	Ameryka	LOC	131-73
Unii Europejskiej	unia europejski	ORG	119-24
Rosja	Rosja	LOC	158-21
Ukrainy	Ukraina	LOC	119-19
Polskę	Polska	LOC	124-69
Waszyngton	Waszyngton	LOC	174-13
Warszawa	Warszawa	LOC	174-11
Niemcy	Niemiec	LOC	151-48
Unii	unia	ORG	119-12
Europy	Europa	LOC	118-43
Mateusza Morawieckiego	Mateusz Morawiecki	PER	123-16
Sputnik	sputnik	PRO	134-2
Stowarzyszenia Europejska Rada na rzecz Demokracji i Praw Człowieka	stowarzyszenie europejski rada na rzecz demokracja i prawo człowiek	ORG	134-121
Janusz Niedźwiecki	Janusz Niedźwiecki	PER	114-13
Mateusz Morawiecki	Mateusz Morawiecki	PER	123-16
Rosji	Rosja	LOC	158-19
Ukrainę	Ukraina	LOC	119-23
polskich	polski	LOC	124-36
Niemcami	Niemcy	LOC	151-52
Rosją	Rosja	LOC	158-44
Ukraina	Ukraina	LOC	119-21
Kijowa	Kijów	LOC	137-20
