pl-914
Bajczuk	Bajczuk	PER	149-97
Niemcy	Niemiec	LOC	151-48
Nord Stream 2	Nord Stream 2	PRO	151-9
Nord Stream 2 AG	Nord Stream 2 aga	ORG	151-3
Gazpromu	Gazprom	ORG	140-4
Urzędu Górniczego w Stralsundzie	urząd górniczy w Stralsund	ORG	119-3
Niemiec	Niemcy	LOC	151-49
Lubmin	Lubmin	LOC	163-7
Rafał Bajczuk	Rafał Bajczuk	PER	158-121
Ośrodka Studiów Wschodnich	ośrodek studia wschodni	ORG	153-38
Federalnego Urzędu Żeglugi Morskiej i Hydrografii w Hamburgu	federalny urząd żegluga morski i Hydrografia w Hamburg	ORG	168-15
Federalny Urząd Żeglugi Morskiej i Hydrografii w Hamburgu	federalny urząd żegluga morski i Hydrografia w Hamburg	ORG	168-15
CDU/CSU	CDulcs	ORG	169-52
SPD	SPD	ORG	134-14
Zieloni	Zieloń	ORG	144-12
Stralsundzie	Stralsund	LOC	134-138
WWF Deutschland	WWF Deutschland	ORG	174-56
Naturschutzbund Deutschland	Naturschutzbund Deutschland	ORG	151-60
NABU	NABU	ORG	151-21
Komisji Europejskiej	komisja europejski	ORG	137-19
