pl-1115
Uniper	Uniper	ORG	119-0
USA	USA	LOC	119-13
Nord Stream 2	Nord Stream 2	PRO	151-9
RBK	RBK	PRO	158-73
Rainera Hartmanna	Rainer Hartmanna	PER	158-84
Unipera	Uniper	ORG	119-6
Gazprom	Gazprom	ORG	140-4
Amerykanie	Amerykanin	PER	131-11
Donalda Trumpa	Donald Trump	PER	143-7
ENGIE	ENGAE	ORG	118-22
OMV	OMV	ORG	153-10
Shell	Shell	ORG	134-1
BASF / Wintershall	BASF / Wintershall	ORG	149-38
Hartmann	Hartmann	PER	157-18
Departamentu Stanu USA	departament stan USA	ORG	143-31
Heather Nauert	Heather Nauert	PER	157-7
CAATSA	CaATSA	PRO	169-7
BiznesAlert.pl	BiznesAlert.pl	PRO	149-43
CIRE	CIRE	PRO	169-8
PL	PL	ORG	169-9
