pl-1464
Litwy	Litwa	LOC	163-9
Polski	Polska	LOC	124-63
Łotwy	Łotwa	LOC	122-1
Nord Stream II	Nord Stream II	PRO	151-34
Europę	Europa	LOC	118-47
Rosji	Rosja	LOC	158-19
UE	UE	ORG	119-20
Estonii	Estonia	LOC	118-102
Środkowej	Środkowy	LOC	xxx
Wschodniej Europy	wschodni Europa	LOC	174-61
Viktorasa Pranckietisa	Viktoras Pranckietis	PER	161-30
Marka Kuchcińskiego	Marek Kuchciński	PER	123-28
Ināra Mūrniece	Ingra Mūrniece	PER	138-37
Sejmu	sejm	ORG	134-41
Eiki Nestor	eik Nestor	PER	118-81
Marek Kuchciński	Marek Kuchciński	PER	123-28
Unii Europejskiej	unia europejski	ORG	119-24
Sejmu RP	sejm RP	ORG	134-41
Polska	Polska	LOC	124-62
Litwa	Litwa	LOC	163-8
Łotwa	Łotwa	LOC	122-1
Nord Stream 2	Nord Stream 2	PRO	151-9
