pl-499
Nord Stream 2	Nord Stream 2	PRO	151-9
Danii	Dania	LOC	143-38
Duńska Agencja Energii	duński agencja energia	ORG	143-39
ministerstwa energii i klimatu	ministerstwo energia i klimat	ORG	123-38
Bornholmu	Bornholm	LOC	149-40
Bornholm	Bornholm	LOC	149-40
Nord Stream 2 AG	Nord Stream 2 aga	ORG	151-3
Nord Stream	Nord Stream	PRO	151-9
MSZ	MSZ	ORG	123-40
Szwecji	Szwecja	LOC	134-77
Morzu Bałtyckim	Morze Bałtycki	LOC	123-41
Finlandia	Finlandia	LOC	168-18
Niemcy	Niemiec	LOC	151-48
Rosji	Rosja	LOC	158-19
Niemiec	Niemcy	LOC	151-49
Morze Bałtyckie	Morze bałtycki	LOC	123-41
Gazprom	Gazprom	ORG	140-4
Engie	Enga	ORG	118-17
OMV	OMV	ORG	153-8
Shell	Shell	ORG	134-1
Uniper	Uniper	ORG	119-0
Wintershall	Wintershall	ORG	174-20
PAP	PAP	ORG	124-51
