pl-410
MSZ	MSZ	ORG	123-40
Polski	Polska	LOC	124-63
Nord Stream 2	Nord Stream 2	PRO	151-9
Zacharowa	Zacharów	PER	144-7
Polsce	Polska	LOC	124-67
polskiej	polski	LOC	124-68
Polska	Polska	LOC	124-62
USA	USA	LOC	119-13
Ukrainy	Ukraina	LOC	119-19
Europy	Europa	LOC	118-43
Morawiecki	Morawiecki	PER	123-19
Dziennika Gazety Prawnej	dziennik gazeta prawny	PRO	143-25
Rexem Tillersonem	Rexe Tillerson	PER	158-11
Rosji	Rosja	LOC	158-19
Nord Streamu 2	Nord Stream 2	PRO	151-9
Wiedomosti	Wiedomosti	PRO	174-17
Gazpromu	Gazprom	ORG	140-4
Rosjanie	Rosjanin	PER	158-20
Niemiec	Niemcy	LOC	151-49
Lubmin	Lubmin	LOC	163-7
Greifswaldu	Greifswald	LOC	140-3
