pl-942
Nord Stream 2	Nord Stream 2	PRO	151-9
Helsinkach	Helsinki	LOC	157-9
USA	USA	LOC	119-13
Rosji	Rosja	LOC	158-19
Donald Trump	Donald Trump	PER	143-10
NATO	NATO	ORG	151-22
Brukseli	Bruksela	LOC	149-21
Niemcy	Niemiec	LOC	151-48
Rosja	Rosja	LOC	158-21
Kremla	Kreml	LOC	137-2
Władimira Putina	Władimir Putin	PER	174-15
Dmitrij Pieskow	Dmitrij Pieskow	PER	143-14
Trumpa	Trump	PER	139-5
Europejczyków	Europejczyk	PER	118-50
Federacji Rosyjskiej	federacja Rosyjski	LOC	168-22
Jurij Uszakow	Jurij Uszakow	PER	114-31
Rosjanie	Rosjanin	PER	158-20
Sbierbanku	Sbierbank	ORG	134-140
BiznesAlert.pl	BiznesAlert.pl	PRO	149-43
Rick Perry	Rick Perry	PER	158-14
Unia Europejska	unia europejski	ORG	119-25
Południowego Korytarza Gazowego	południowy korytarz Gazowy	PRO	124-72
