pl-1106
Niemcy	Niemiec	LOC	151-48
Nord Stream 2	Nord Stream 2	PRO	151-9
Urząd Górniczy miasta Stralsund	urząd górniczy miasto Stralsund	ORG	119-5
Niemiec	Niemcy	LOC	151-49
BSH	BSH	ORG	149-24
Niemczech	Niemcy	LOC	151-50
Rosji	Rosja	LOC	158-19
Bałtyku	Bałtyk	LOC	149-39
Rosja	Rosja	LOC	158-21
Ukrainy	Ukraina	LOC	119-19
Rząd Niemiec	rząd Niemcy	ORG	158-22
Polska	Polska	LOC	124-62
Ukraina	Ukraina	LOC	119-21
Gerhard Schroeder	Gerhard Schroeder	PER	140-6
Rosnieft	Rosnieft	ORG	158-46
Nord Stream	Nord Stream	PRO	151-4
Uniper	Uniper	ORG	119-0
Wintershall	Wintershall	ORG	174-20
Engie	Enga	ORG	118-17
OMV	OMV	ORG	153-8
Royal Dutch Shell	Royal Dutch Shell	ORG	158-5
