pl-595
Nord Stream 2	Nord Stream 2	PRO	151-9
Polski	Polska	LOC	124-63
Ukrainy	Ukraina	LOC	119-19
KE	KE	ORG	137-21
Komisji Europejskiej	komisja europejski	ORG	137-19
RP	RP	LOC	158-31
Brukseli	Bruksela	LOC	149-21
Ukrainę	Ukraina	LOC	119-23
Wołodymyr Hrojsman	Wołodymyr Hrojsman	PER	174-21
Marosz Szefczovicz	Marosz Szefczovicz	PER	123-20
Naftohazu	Naftohaz	ORG	151-38
Andrij Kobolew	Andrij Kobolew	PER	131-17
Eustream	Eustream	ORG	118-15
Rastislav Niukovicz	Rastislav Niukovicz	PER	158-75
polskiej	polski	LOC	124-68
MSZ	MSZ	ORG	123-40
Jacek Czaputowicz	Jacek Czaputowicz	PER	114-4
PGNiG	PGNiG	ORG	124-115
Piotr Woźniak	Piotr Woźniak	PER	124-61
PAP	PAP	ORG	124-51
Bałtyku	Bałtyk	LOC	149-39
Ukraina	Ukraina	LOC	119-21
Europy	Europa	LOC	118-43
UE	UE	ORG	119-20
28	28	PRO	xxx
Niemcy	Niemiec	LOC	151-48
Polska	Polska	LOC	124-62
Gazprom	Gazprom	ORG	140-14
Rosja	Rosja	LOC	158-21
Polska Agencja Prasowa	polski agencja prasowy	ORG	124-70
