pl-1027
DGP	DGP	PRO	143-24
Polska	Polska	LOC	124-62
Nord Stream 2	Nord Stream 2	PRO	151-9
Dzienniku Gazecie Prawnej	dziennik gazeta prawny	PRO	143-25
Mateusza Morawieckiego	Mateusz Morawiecki	PER	123-16
Polski	Polska	LOC	124-63
Ukrainy	Ukraina	LOC	119-19
Morza Bałtyckiego	morze Bałtycki	LOC	123-42
Kijowie	Kijów	LOC	137-20
Dalia Grybauskaite	Dalia Grybauskaite	PER	143-85
Litwa	Litwa	LOC	163-8
NATO	NATO	ORG	151-22
Ukraińcom	ukrainiec	PER	119-57
Zagłębiu Donieckim	Zagłębie Doniecki	LOC	144-43
polska	polski	LOC	124-38
Łotwę	Łotwa	LOC	122-0
Danię	Dania	LOC	143-40
duński parlament	duński parlament	ORG	xxx
Lars Christian Lilleholt	Lars Christian Lilleholt	PER	163-42
Ukrainie	Ukraina	LOC	119-22
Europy	Europa	LOC	118-43
Nord Steram 2	Nord Steram 2	PRO	151-69
Jewhen Mahda	Jewhen Mahda	PER	114-9
Instytutu Polityki Światowej	instytut polityka światowy	ORG	138-5
Dziennik Gazeta Prawna	dziennik gazeta prawny	PRO	143-25
