pl-1127
Kwieciński	Kwieciński	PER	137-24
Nord Stream 2	Nord Stream 2	PRO	151-9
Europy	Europa	LOC	118-43
Jerzy Kwieciński	Jerzy Kwieciński	PER	114-11
Brukseli	Bruksela	LOC	149-21
Polski	Polska	LOC	124-63
Unii Europejskiej	unia europejski	ORG	119-24
Ukrainy	Ukraina	LOC	119-19
Parlamentu Europejskiego	parlament europejski	ORG	124-53
europarlamencie	europarlament	ORG	118-76
PAP	PAP	ORG	124-51
Grecji	Grecja	LOC	140-16
Bułgarii	Bułgaria	LOC	149-42
Hiszpanii	Hiszpania	LOC	157-8
Włoch	Włochy	LOC	174-22
Jerzemu Buzkowi	Jerzy Buzek	PER	114-12
PO	PO	ORG	124-94
Komisja Europejska	komisja europejski	ORG	137-17
Radzie UE	rada UE	ORG	158-23
KE	KE	ORG	137-21
UE	UE	ORG	119-20
Nord Stream	Nord Stream	PRO	xxx
