pl-944
Niemiecki	niemiecki	ORG	xxx
Trybunał Konstytucyjny	trybunał konstytucyjny	ORG	139-31
Nord Stream 2	Nord Stream 2	PRO	151-9
Federalny Trybunał Konstytucyjny	federalny trybunał konstytucyjny	ORG	168-23
Karlsruhe	Karlsruhe	LOC	137-10
NABU	NABU	ORG	151-21
Wyższego Sądu Administracyjnego	wysoki sąd administracyjny	ORG	174-59
Bałtyku	Bałtyk	LOC	149-39
BiznesAlert.pl	BiznesAlert.pl	PRO	149-43
Leif Miller	Leif Miller	PER	163-10
Morzu Bałtyckim	Morze Bałtycki	LOC	123-41
Miller	Miller	PER	123-111
Morze Bałtyckie	Morze bałtycki	LOC	123-41
Wyborga	Wyborga	LOC	174-9
Rosji	Rosja	LOC	158-19
Greifswaldu	Greifswald	LOC	140-3
Niemczech	Niemcy	LOC	151-50
Rosja	Rosja	LOC	158-21
Ukrainy	Ukraina	LOC	119-19
Polska	Polska	LOC	124-62
Ukraina	Ukraina	LOC	119-21
Nord Stream	Nord Stream	PRO	151-9
Gazpromu	Gazprom	ORG	140-4
OMV	OMV	ORG	153-6
BASF- Wintershall	BASF- Wintershall	ORG	149-38
Uniper	Uniper	ORG	119-0
Engie	Enga	ORG	118-17
Royal Dutch Shell	Royal Dutch Shell	ORG	158-5
Reuters	Reuters	ORG	158-7
Michał Perzyński	Michał Perzyński	PER	123-30
