pl-1462
Niemcy	Niemiec	LOC	151-48
Nord Stream 2	Nord Stream 2	PRO	151-9
Lubmin	Lubmin	LOC	163-7
Bałtyku	Bałtyk	LOC	149-39
Polska	Polska	LOC	124-62
Niemiecka	niemiecki	LOC	xxx
DPA	DPA	ORG	143-3
Gazpromu	Gazprom	ORG	140-4
Lubminie	Lubmin	LOC	163-7
Gazprom	Gazprom	ORG	140-4
Finlandia	Finlandia	LOC	168-18
Szwecji	Szwecja	LOC	134-77
Danii	Dania	LOC	143-38
Nord Stream	Nord Stream	PRO	151-9
Europy	Europa	LOC	118-43
Komisji Europejskiej	komisja europejski	ORG	137-19
Unii Energetycznej	unia energetyczny	ORG	119-32
Departament Stanu	departament stan	ORG	143-26
Medżlisu Tatarów Krymskich	Medżlis Tatar Krymski	ORG	123-114
Refat Czubarow	Refat Czubarow	PER	158-67
Putina	Putin	PER	124-0
Krym	Krym	LOC	137-6
Ukrainy	Ukraina	LOC	119-19
Władimirem Wielkim	Władimir wielki	PER	174-50
ZSRR	ZSRR	LOC	144-33
Ukrainą	Ukraina	LOC	119-27
Białorusią	Białoruś	LOC	149-46
Putin	Putin	PER	124-0
PolskieRadio	Polskieradio	PRO	124-39
.pl	.pl	PRO	xxx
Rosji	Rosja	LOC	158-19
Marcel Van Herpen	Marcel Van Herpen	PER	123-121
A2/AD	A2/AD	PRO	131-80
NATO	NATO	ORG	151-22
Polski	Polska	LOC	124-63
Rumunii	Rumunia	LOC	158-68
PolskieRadio.pl	PolskieRadio.pl	PRO	124-39
Joerg Forbrig	Joerg Forbrig	PER	114-45
German Marshall Fund	German Marshall Fund	ORG	140-33
