pl-913
Niemcy	Niemiec	LOC	151-48
Nord Stream 2	Nord Stream 2	PRO	151-9
Niemiecka Agencja ds . Sieci	niemiecki agencja do spraw . sieć	ORG	151-73
Bundesnetzagentur	bundeszagnetentura	ORG	149-48
Niemczech	Niemcy	LOC	151-50
Holandii	Holandia	LOC	157-5
niemiecką	niemiecki	LOC	151-51
Jochen Homann	Jochen Homann	PER	114-42
Rosji	Rosja	LOC	158-19
Norwegii	Norwegia	LOC	151-57
Groningen	Groningen	LOC	140-10
Rosję	Rosja	LOC	158-45
Niemcami	Niemcy	LOC	151-52
FNB Gas	FNB Gas	ORG	168-56
Niemiec	Niemcy	LOC	151-49
EUGAL	EUGAL	PRO	118-51
Federalna Agencja ds . Sieci	federalny agencja do spraw . sieć	ORG	168-55
BiznesAlert.pl	BiznesAlert.pl	PRO	149-43
Nord Stream 2 AG	Nord Stream 2 aga	ORG	151-3
Morza Północnego	morze północny	LOC	123-106
Brunsbüttel	Brunsbüttel	LOC	149-20
Michał Perzyński	Michał Perzyński	PER	123-30
Piotr Stępiński	Piotr Stępiński	PER	124-75
