pl-341
Dania	Dania	LOC	143-37
Litwa	Litwa	LOC	163-8
Nord Stream 2	Nord Stream 2	PRO	151-9
Žygimantas Vaičiūnas	Žygimantas Vaičiūnas	PER	xxx
Danii	Dania	LOC	143-38
Litwie	Litwa	LOC	163-29
Dan E . Frederiksenem	Dan E . Frederiksen	PER	143-84
Rosję	Rosja	LOC	158-45
Ukrainę	Ukraina	LOC	119-23
Unii Energetycznej	unia energetyczny	ORG	119-32
Unii Europejskiej	unia europejski	ORG	119-24
Wspólnotą	wspólnota	ORG	174-14
Rosją	Rosja	LOC	158-44
UE	UE	ORG	119-20
Rosji	Rosja	LOC	158-19
Niemiec	Niemcy	LOC	151-49
Morze Bałtyckie	Morze bałtycki	LOC	123-41
Nord Stream	Nord Stream	PRO	151-9
Ambasada Republiki Litewskiej w Polsce	ambasada republika litewski w Polska	ORG	131-91
