pl-964
USA	USA	LOC	119-13
Nord Stream 2	Nord Stream 2	PRO	151-9
Rosji	Rosja	LOC	158-19
Rick Perry	Rick Perry	PER	158-14
Moskwę	Moskwa	LOC	123-43
Aleksandrem Nowakiem	Aleksander Nowak	PER	131-8
Iranu	Iran	LOC	138-10
Amerykanie	Amerykanin	PER	131-11
Królestwo	królestwo	LOC	137-47
Arabii Saudyjskiej	Arabia Saudyjski	LOC	131-113
OPEC	OPEC	ORG	153-13
Rosja	Rosja	LOC	158-122
Algierii	Algieria	LOC	131-99
Perryego	Perry	PER	124-14
Rosją	Rosja	LOC	158-44
Rosyjskiego Bezpośredniego Funduszu Inwestycyjnego	rosyjski bezpośredni fundusz inwestycyjny	ORG	158-119
Perry	Perry	PER	124-14
Nowak	Nowak	PER	151-46
Europejczyków	Europejczyk	PER	118-50
Europy	Europa	LOC	118-43
Shaylyn Hynes	Shaylyn Hynes	PER	134-103
Moskwa	Moskwa	LOC	123-43
Amerykanin	Amerykanin	PER	131-11
Rosjan	Rosjanin	PER	158-20
Waszyngton	Waszyngton	LOC	174-13
Niemiec	Niemcy	LOC	151-49
Aleksander Nowak	Aleksander Nowak	PER	131-8
Europie	Europa	LOC	118-44
Manisha Singh	Manish Singh	PER	123-96
Departamentu Stanu USA	departament stan USA	ORG	143-31
Wielkiej Brytanii	Wielki Brytania	LOC	174-12
Singh	Singh	PER	134-127
Kongresie	kongres	ORG	137-9
Radio Wolna Europa	Radio wolny Europa	PRO	158-112
Reuters	Reuters	ORG	158-7
Bloomberg	Bloomberg	ORG	149-27
Wojciech Jakóbik	Wojciech Jakóbik	PER	174-10
