pl-1017
USA	USA	LOC	119-13
Nord Stream 2	Nord Stream 2	PRO	151-9
Rick Perry	Rick Perry	PER	158-14
Brukseli	Bruksela	LOC	149-21
Komisja Europejska	komisja europejski	ORG	137-17
Ukraina	Ukraina	LOC	119-21
Rosja	Rosja	LOC	158-21
Ukrainę	Ukraina	LOC	119-23
Polska	Polska	LOC	124-62
Moskwy	Moskwa	LOC	123-43
Senat USA	senat USA	ORG	134-35
Donald Trump	Donald Trump	PER	143-10
NATO	NATO	ORG	151-22
Niemców	Niemiec	PER	151-55
Turkish Stream	Turki Stream	PRO	139-13
Perry	Perry	PER	124-14
Amerykanie	Amerykanin	PER	131-11
Kommiersant	Kommiersant	PRO	137-5
Wojciech Jakóbik	Wojciech Jakóbik	PER	174-10
