pl-544
NABU	NABU	ORG	151-21
Nord Stream2.	Nord Stream2.	PRO	151-9
Nord Stream 2	Nord Stream 2	PRO	151-9
dpa	dpa	ORG	143-4
Federalny Trybunał Konstytucyjny	federalny trybunał konstytucyjny	ORG	168-23
Karlsruhe	Karlsruhe	LOC	137-10
Naturschutzbund Deutschland	Naturschutzbund Deutschland	ORG	151-60
Wyższym Sądzie Administracyjnym w Greifswaldzie	wysoki sąd Administracyjny w Greifswald	ORG	174-24
Federalnego Trybunału Konstytucyjnego	federalny trybunał konstytucyjny	ORG	168-23
AP	AP	ORG	131-22
Niemczech	Niemcy	LOC	151-50
Rosji	Rosja	LOC	158-19
Bałtyku	Bałtyk	LOC	149-39
Nord Stream	Nord Stream	PRO	151-9
Morze Bałtyckie	Morze bałtycki	LOC	123-41
Wyborga	Wyborga	LOC	174-9
Greifswaldu	Greifswald	LOC	140-3
Rosja	Rosja	LOC	158-21
Ukrainy	Ukraina	LOC	119-19
Polska	Polska	LOC	124-62
Ukraina	Ukraina	LOC	119-21
Gazpromu	Gazprom	ORG	140-4
OMV	OMV	ORG	153-6
BASF- Wintershall	BASF- Wintershall	ORG	149-38
Uniper	Uniper	ORG	119-0
Engie	Enga	ORG	118-17
Royal Dutch Shell	Royal Dutch Shell	ORG	158-5
Gazprom	Gazprom	ORG	140-14
Ukrainę	Ukraina	LOC	119-23
PAP	PAP	ORG	124-51
