pl-517
Niemcy	Niemiec	LOC	151-48
USA	USA	LOC	119-13
Nord Stream 2	Nord Stream 2	PRO	151-9
Niemiecki	niemiecki	LOC	151-51
Handelsblatt	Handelsblatt	PRO	157-6
Niemiec	Niemcy	LOC	151-49
Amerykanie	Amerykanin	PER	131-11
niemieccy	niemiecki	LOC	151-54
Donalda Trumpa	Donald Trump	PER	143-7
Rosji	Rosja	LOC	158-19
Trump	Trump	PER	139-5
Kremla	Kreml	LOC	137-2
Rosjan	Rosjanin	PER	158-20
niemiecki	niemiecki	LOC	151-51
Uniper	Uniper	ORG	119-0
BiznesAlert.pl	BiznesAlert.pl	PRO	149-43
.	.	PRO	xxx
Senacie USA	senat USA	ORG	134-35
Peter Altmaier	Peter Altmaier	PER	124-60
