pl-575
Polska	Polska	LOC	124-62
USA	USA	LOC	119-13
Nord Stream 2	Nord Stream 2	PRO	151-9
Nord Stream	Nord Stream	PRO	151-9
Jerzy Kwieciński	Jerzy Kwieciński	PER	114-11
Rosji	Rosja	LOC	158-19
Niemiec	Niemcy	LOC	151-49
PAP	PAP	ORG	124-51
Rosję	Rosja	LOC	158-45
Europy	Europa	LOC	118-43
Niemcy	Niemiec	LOC	151-48
Kwieciński	Kwieciński	PER	137-24
Polskim Radiem	polski radio	ORG	xxx
Europy Środkowej	Europa Środkowy	LOC	118-19
Rosja	Rosja	LOC	158-21
Ukrainy	Ukraina	LOC	119-19
Rex Tillerson	Rex Tillerson	PER	158-11
Stany Zjednoczone	Stany Zjednoczone	LOC	134-76
Komisja Europejska	komisja europejski	ORG	137-17
Bruksela	Bruksela	LOC	149-21
UE	UE	ORG	119-20
KE	KE	ORG	137-21
Parlament Europejski	parlament europejski	ORG	124-53
Zdania	zdanie	LOC	144-25
krajów	kraj	LOC	xxx
Chorwacja	Chorwacja	LOC	169-55
Dania	Dania	LOC	143-37
Estonia	Estonia	LOC	xxx
Litwa	Litwa	LOC	163-8
Łotwa	Łotwa	LOC	122-1
Rumunia	Rumunia	LOC	158-120
Słowacja	Słowacja	LOC	134-75
Szwecja	Szwecja	LOC	134-77
Wielka Brytania	wielki Brytania	LOC	174-39
Francja	Francja	LOC	168-53
Hiszpania	Hiszpania	LOC	157-8
Włochy	Włochy	LOC	174-22
Cypr	Cypr	LOC	169-42
Grecja	Grecja	LOC	140-16
Finlandia	Finlandia	LOC	168-18
Austria	Austria	LOC	131-32
Belgia	Belgia	LOC	149-25
Holandia	Holandia	LOC	157-5
