pl-973
Ukraina	Ukraina	LOC	119-21
Rosja	Rosja	LOC	158-21
Nord Stream 2	Nord Stream 2	PRO	151-9
Poroszenko	Poroszenko	PER	124-44
Niemcy	Niemiec	LOC	151-48
Petro Poroszenko	Petro Poroszenko	PER	124-43
Rheinische Post	Rheinische Post	PRO	158-35
Ukrainy	Ukraina	LOC	119-19
Niemiec	Niemcy	LOC	151-49
Moskwy	Moskwa	LOC	123-43
Rosji	Rosja	LOC	158-19
Poroszenki	Poroszenko	PER	124-125
Putina	Putin	PER	124-0
Moskwę	Moskwa	LOC	123-43
Europy	Europa	LOC	118-43
Ukrainę	Ukraina	LOC	119-23
Władimir	Władimir	PER	174-23
Putin	Putin	PER	124-0
Europę Zachodnią	Europa zachodni	LOC	118-20
Władimir Putin	Władimir Putin	PER	174-15
USA	USA	LOC	119-13
Moskwa	Moskwa	LOC	123-43
Niemiecki	niemiecki	LOC	151-51
Suddeutsche Zeitung	Suddeutsche Zeitung	PRO	134-45
Niemczech	Niemcy	LOC	151-50
Moskwie	Moskwa	LOC	123-46
SZ	SZ	PRO	134-46
Niemiecka	niemiecki	LOC	151-51
Waszyngtonu	Waszyngton	LOC	174-13
Rosję	Rosja	LOC	158-45
Niemcami	Niemcy	LOC	151-52
Berlinie	Berlin	LOC	149-4
KE	KE	ORG	137-21
Ameryki	Ameryka	LOC	131-36
Senacie	senat	ORG	134-35
CAATSA	CaATSA	PRO	169-7
Donald Trump	Donald Trump	PER	143-10
niemiecki	niemiecki	LOC	151-51
Andrzeja Dudy	Andrzej Duda	PER	131-15
Waszyngtonie	Waszyngton	LOC	174-13
Trump	Trump	PER	139-5
