pl-1058
Nord Stream 2	Nord Stream 2	PRO	151-9
Niemczech	Niemcy	LOC	151-50
Niemiecka Unia Ochrony Przyrody	niemiecki unia ochrona przyroda	ORG	151-110
NABU	NABU	ORG	151-21
Zatoce Greifswaldzkiej	Zatoka Greifswaldzki	LOC	144-9
NDR	NDR	PRO	151-92
Wiedomosti	Wiedomosti	PRO	174-17
Danii	Dania	LOC	143-38
Szwecji	Szwecja	LOC	134-77
niemiecka	niemiecki	LOC	151-51
DPA	DPA	ORG	143-3
Nord Stream 2 AG	Nord Stream 2 aga	ORG	151-3
Rosji	Rosja	LOC	158-19
Niemiec	Niemcy	LOC	151-49
ClientEarth	ClientEarth	ORG	169-53
Finlandii	Finlandia	LOC	168-16
BiznesAlert.pl	BiznesAlert.pl	PRO	149-43
polski	polski	LOC	xxx
Urząd Ochrony Konkurencji i Konsumenta	urząd ochrona konkurencja i Konsument	ORG	119-4
Gazprom	Gazprom	ORG	140-4
Europy	Europa	LOC	118-43
Wojciech Jakóbik	Wojciech Jakóbik	PER	174-10
