pl-586
Niemcy	Niemiec	LOC	151-48
Nord Stream 2	Nord Stream 2	PRO	151-9
Niemiecki	niemiecki	LOC	151-51
Gazpromu	Gazprom	ORG	140-4
Elmara Broka	Elmar Broka	PER	118-40
Interfax	Interfax	ORG	138-11
Parlamentu Europejskiego	parlament europejski	ORG	124-53
Niemiec	Niemcy	LOC	151-49
Rosja	Rosja	LOC	158-21
Ukraina	Ukraina	LOC	119-21
Berlinie	Berlin	LOC	149-4
Gazprom	Gazprom	ORG	140-4
Ukrainy	Ukraina	LOC	119-19
Ukrainę	Ukraina	LOC	119-23
Broka	Broka	PER	149-30
Rosji	Rosja	LOC	158-19
Nord Stream	Nord Stream	PRO	151-9
Kijowie	Kijów	LOC	137-20
parlamentu	parlament	ORG	124-53
Berlina	Berlin	LOC	149-4
Angela Merkel	Angela Merkel	PER	131-28
E.on	E.on	ORG	118-23
Wintershall	Wintershall	ORG	174-20
Morze Bałtyckie	Morze bałtycki	LOC	123-41
Polska	Polska	LOC	124-62
Europie Środkowo - Wschodniej	Europa środkowy - wschodni	LOC	118-21
terminal LNG w Świnoujściu	terminal LNG w Świnoujście	LOC	139-69
Wojciech Jakóbik	Wojciech Jakóbik	PER	174-10
