pl-1070
Gazpromu	Gazprom	ORG	140-4
Nord Stream 3	Nord Stream 3	PRO	151-9
Gazprom	Gazprom	ORG	140-4
Aleksandr Miedwiediew	Aleksandr Miedwiediew	PER	131-6
Europy	Europa	LOC	118-43
Rosji	Rosja	LOC	158-19
Niemiec	Niemcy	LOC	151-49
Kommiersant	Kommiersant	PRO	137-5
Miedwiediew	Miedwiediew	PER	123-44
Rosja	Rosja	LOC	158-21
Berlinie	Berlin	LOC	149-4
Ukrainę	Ukraina	LOC	119-23
Miedwiediewa	Miedwiediew	PER	123-44
Ukraina	Ukraina	LOC	119-21
Ukrainy	Ukraina	LOC	119-19
Europie	Europa	LOC	118-44
Europie Środkowej	Europa Środkowy	LOC	118-19
Węgry	Węgry	LOC	174-18
Słowacja	Słowacja	LOC	134-75
Nord Stream	Nord Stream	PRO	151-9
Morza Bałtyckiego	morze Bałtycki	LOC	123-42
Nord Stream 2	Nord Stream 2	PRO	151-9
