pl-98
Atlantic Council	Atlantic Council	ORG	131-67
Nord Stream 2	Nord Stream 2	PRO	151-9
Europy	Europa	LOC	118-43
The Atlantic Council	The Atlantic Council	ORG	139-60
Ron Johnson	Ron Johnson	PER	158-36
Parlamentu Europejskiego	parlament europejski	ORG	124-53
Zdzisław Krasnodębski	Zdzisław Krasnodębski	PER	144-11
Piotr Naimski	Piotr Naimski	PER	124-80
Moskwa	Moskwa	LOC	123-43
Rosji	Rosja	LOC	158-19
Syrii	Syria	LOC	134-78
Krymu	Krym	LOC	137-6
Ukrainie	Ukraina	LOC	119-22
Rosja	Rosja	LOC	158-21
Johnson	Johnson	PER	114-35
Stany Zjednoczone	Stany Zjednoczone	LOC	134-76
Polska	Polska	LOC	124-62
Europy Wschodniej	Europa wschodni	LOC	118-20
niemiecko	niemiecki	LOC	151-51
Naimski	Naimski	PER	151-63
Kancelarii Prezesa Rady Ministrów	kancelaria prezes rada minister	ORG	137-58
PAP	PAP	ORG	124-51
Donalda Trumpa	Donald Trump	PER	143-7
Departamentu Stanu	departament stan	ORG	143-31
Sandra Oudkirk	Sandra Oudkirk	PER	134-18
Berlinie	Berlin	LOC	149-4
niemiecka	niemiecki	LOC	151-51
USA	USA	LOC	119-13
Mike Pompeo	Mike Pompeo	PER	123-33
polskiej	polski	LOC	xxx
Jackiem Czaputowiczem	Jacek Czaputowicz	PER	114-4
Senat	senat	ORG	xxx
Ameryki	Ameryka	LOC	131-36
CAATSA	CaATSA	PRO	169-7
Trumpa	Trump	PER	139-5
Wall Street Journal	Wall Street Journal	PRO	174-54
Niemiec	Niemcy	LOC	151-49
UE	UE	ORG	119-20
Pompeo	Pompeo	PER	124-22
Izby Reprezentantów	izba reprezentant	ORG	138-39
Kapitolu	Kapitol	LOC	137-29
Nord Stream	Nord Stream	PRO	151-9
Niemcami	Niemcy	LOC	151-52
Europy Środkowej	Europa Środkowy	LOC	118-19
PE	PE	ORG	124-71
Parlamencie Europejskim	parlament europejski	ORG	124-53
Richard Morningstar	Richard Morningstar	PER	158-116
Globalnego Ośrodka ds . Energii Rady Atlantyckiej	globalny ośrodek do spraw . energia rada atlantycki	ORG	140-60
Eurazji	Eurazja	LOC	118-69
Azerbejdżanie	Azerbejdżan	LOC	131-119
Informacyjna Agencja Radiowa	informacyjny agencja radiowy	ORG	138-6
Polska Agencja Prasowa	polski agencja prasowy	ORG	124-70
