pl-1064
Gazprom	Gazprom	ORG	140-14
Nord Stream 2	Nord Stream 2	PRO	151-9
Niemiec	Niemcy	LOC	151-49
Danii	Dania	LOC	143-38
Gazpromu	Gazprom	ORG	140-4
Moskwie	Moskwa	LOC	123-46
Aleksieja Millera	Aleksiej Miller	PER	131-7
Ruedigera von Fritscha	Ruediger von Fritsch	PER	158-74
Rosji	Rosja	LOC	158-19
Niemcom	Niemiec	PER	151-100
Europy	Europa	LOC	118-43
Polska	Polska	LOC	124-62
Europy Środkowo - Wschodniej	Europa środkowy - wschodni	LOC	118-21
Fritscha	Fritsch	PER	168-58
Niemczech	Niemcy	LOC	151-50
Finlandii	Finlandia	LOC	168-16
Szwecji	Szwecja	LOC	134-77
Dania	Dania	LOC	143-37
Kopenhaga	Kopenhaga	LOC	137-18
Warszawa	Warszawa	LOC	174-11
Rosję	Rosja	LOC	158-45
Wojciech Jakóbik	Wojciech Jakóbik	PER	174-10
