pl-959
Nord Stream 2	Nord Stream 2	PRO	151-9
Danii	Dania	LOC	143-38
Gazprom	Gazprom	ORG	140-14
Wiedomosti	Wiedomosti	PRO	174-17
Financial Times	Financial Times	PRO	168-24
Rosjanie	Rosjanin	PER	158-20
Niemczech	Niemcy	LOC	151-50
Finlandii	Finlandia	LOC	168-16
Dania	Dania	LOC	143-37
BiznesAlert.pl	BiznesAlert.pl	PRO	149-43
Kopenhagę	Kopenhaga	LOC	137-18
Nord Stream 2 AG	Nord Stream 2 aga	ORG	151-3
Gazpromu	Gazprom	ORG	140-4
Duńczyków	Duńczyk	PER	143-29
Rosji	Rosja	LOC	158-19
Niemiec	Niemcy	LOC	151-49
USA	USA	LOC	119-13
Europie Środkowo - Wschodniej	Europa środkowy - wschodni	LOC	118-21
Wojciech Jakóbik	Wojciech Jakóbik	PER	174-10
