pl-935
NS2	NS2	PRO	151-7
Ukrainę	Ukraina	LOC	119-23
Gazprom	Gazprom	ORG	140-4
Naftohaz	Naftohaz	ORG	151-38
Nord Stream 2	Nord Stream 2	PRO	151-9
Deutsche Welle	Deutsche Welle	PRO	143-32
Ukraina	Ukraina	LOC	119-21
Dania	Dania	LOC	143-37
USA	USA	LOC	119-13
Bałtyku	Bałtyk	LOC	149-39
Roland Götz	Roland Götz	PER	158-34
DW	Dwowina	PRO	143-42
RG	RG	PER	158-33
Danii	Dania	LOC	143-38
Bornholm	Bornholm	LOC	149-40
Stany Zjednoczone	Stany Zjednoczone	LOC	134-76
EUGAL	EUGAL	PRO	118-51
Niemcy	Niemiec	LOC	151-48
Kijów	Kij	LOC	137-25
Brukseli	Bruksela	LOC	149-21
Ukrainy	Ukraina	LOC	119-19
Moskwa	Moskwa	LOC	123-43
Rosją	Rosja	LOC	158-44
Ukrainą	Ukraina	LOC	119-27
Gazpromem	Gazprom	ORG	140-4
Naftohazem	Naftohaz	ORG	151-38
Gazpromu	Gazprom	ORG	140-4
Aleksiej Miller	Aleksiaj Miller	PER	131-7
Nord Stream	Nord Stream	PRO	151-9
Europie	Europa	LOC	118-44
Gazpromowi	Gazprom	ORG	140-4
Rosji	Rosja	LOC	158-19
Fundacji Nauka i Polityka	fundacja nauka i polityka	ORG	168-54
Stiftung Wissenschaft und Politik	Stiftung Wissenschaft undy Politik	ORG	134-96
SWP	SWP	ORG	134-145
Andriej Gurkow	Andriej Gurkow	PER	131-61
