pl-1042
Nord Stream 2	Nord Stream 2	PRO	151-9
Andrzeja Dudy	Andrzej Duda	PER	131-15
Angelą Merkel	Angela Merkel	PER	131-29
Krzysztof Szczerski	Krzysztof Szczerski	PER	137-72
Nord Stream2	Nord Stream2	PRO	151-9
Niemiec	Niemcy	LOC	151-49
Warszawie	Warszawa	LOC	174-11
Szczerski	Szczerski	PER	134-38
RMF FM	RMF FM	PRO	158-18
Polska	Polska	LOC	124-62
Niemcy	Niemiec	LOC	151-48
Rosją	Rosja	LOC	158-44
Gerhard Schroeder	Gerhard Schroeder	PER	140-6
Unii Europejskiej	unia europejski	ORG	119-24
Europy	Europa	LOC	118-43
Rosji	Rosja	LOC	158-19
Morze Bałtyckie	Morze bałtycki	LOC	123-41
Rosja	Rosja	LOC	158-21
Ukrainy	Ukraina	LOC	119-19
