pl-1050
Polski	Polska	LOC	124-63
Nord Stream 2	Nord Stream 2	PRO	151-9
RMF FM	RMF FM	PRO	158-18
Brukseli	Bruksela	LOC	149-21
Katarzynie Szymańskiej - Borginon	Katarzyna Szymańska - Borginon	PER	137-14
UE	UE	ORG	119-20
Unii	unia	ORG	119-12
Rady UE	rada UE	ORG	158-23
Gazpromie	Gazproma	ORG	140-4
Rosjan	Rosjanin	PER	158-20
Warszawa	Warszawa	LOC	174-11
Berlin	Berlin	LOC	149-4
Rady	rada	ORG	158-24
Unii Europejskiej	unia europejski	ORG	119-24
Konwencję Narodów Zjednoczonych o prawie morza	konwencja naród Zjednoczone o prawie morze	PRO	137-70
Komisji Europejskiej	komisja europejski	ORG	137-19
Niemcy	Niemiec	LOC	151-48
Ukrainy	Ukraina	LOC	119-19
Bułgaria	Bułgaria	LOC	149-42
