pl-582
Niemiec	Niemcy	LOC	151-49
Nord Stream 2	Nord Stream 2	PRO	151-9
Niemczech	Niemcy	LOC	151-50
Rosji	Rosja	LOC	158-19
Bałtyku	Bałtyk	LOC	149-39
Nord Stream	Nord Stream	PRO	151-9
dpa	dpa	ORG	143-4
Lubminie	Lubmin	LOC	163-7
Meklemburgii - Pomorzu Przednim	Meklemburgia - Pomorze przedni	LOC	123-1
urząd górniczy w Stralsundzie	urząd górniczy w Stralsund	ORG	119-3
Związek Ochrony Przyrody	związek ochrona przyroda	ORG	144-6
NABU	NABU	ORG	151-21
Morze Bałtyckie	Morze bałtycki	LOC	123-41
Wyborga	Wyborga	LOC	174-9
Greifswaldu	Greifswald	LOC	140-3
Rosja	Rosja	LOC	158-21
Ukrainy	Ukraina	LOC	119-19
Polska	Polska	LOC	124-62
Ukraina	Ukraina	LOC	119-21
Gazpromu	Gazprom	ORG	140-4
OMV	OMV	ORG	153-6
BASF- Wintershall	BASF- Wintershall	ORG	149-38
Uniper	Uniper	ORG	119-0
Engie	Enga	ORG	118-17
Royal Dutch Shell	Royal Dutch Shell	ORG	158-5
Gazprom	Gazprom	ORG	140-14
Ukrainę	Ukraina	LOC	119-23
PAP	PAP	ORG	124-51
