pl-1025
USA	USA	LOC	119-13
Niemcom	Niemiec	LOC	151-53
Nord Stream 2	Nord Stream 2	PRO	151-9
Rząd Niemiec	rząd Niemcy	ORG	158-22
Gazprom	Gazprom	ORG	140-4
Niemiec	Niemcy	LOC	151-49
Annika Einchorn	Annika Einchorn	PER	131-123
Berlin	Berlin	LOC	149-4
Waszyngton	Waszyngton	LOC	174-13
CAATSA	CaATSA	PRO	169-7
Rosję	Rosja	LOC	158-45
Donalda Trumpa	Donald Trump	PER	143-7
Europy	Europa	LOC	118-43
Rosji	Rosja	LOC	158-19
Azji	Azja	LOC	131-66
Putin	Putin	PER	124-0
Trumpa	Trump	PER	139-5
Nord Streamu 2	Nord Stream 2	PRO	151-9
Moskwy	Moskwa	LOC	123-43
Waszyngtonem	Waszyngton	LOC	174-13
