pl-1056
Polska	Polska	LOC	124-62
Nord Stream 2	Nord Stream 2	PRO	151-9
Polski	Polska	LOC	124-63
Bułgaria	Bułgaria	LOC	149-42
Wspólnoty	wspólnota	ORG	174-14
polska	polski	LOC	124-38
polskiej	polski	LOC	124-68
Polskiego Radia	polski radio	PRO	124-65
Michał Kurtyka	Michał Kurtyka	PER	123-27
Komisja Europejska	komisja europejski	ORG	137-17
Unii	unia	ORG	119-12
Europie	Europa	LOC	118-44
Kurtyka	Kurtyka	PER	137-15
Austrię	Austria	LOC	131-74
Austrii	Austria	LOC	131-31
Polskiemu Radiu	polski radio	PRO	124-65
Niemcy	Niemiec	LOC	151-48
Belgia	Belgia	LOC	149-25
Holandia	Holandia	LOC	157-5
Parlamentem Europejskim	parlament europejski	ORG	124-53
Informacyjna Agencja Radiowa	informacyjny agencja radiowy	ORG	138-6
