pl-588
FP	FP	ORG	168-8
USA	USA	LOC	119-13
Nord Stream 2	Nord Stream 2	PRO	151-9
Foreign Policy	Foreign Polica	PRO	168-3
Niemcami	Niemcy	LOC	151-52
Donalda Trumpa	Donald Trump	PER	143-7
Europy	Europa	LOC	118-43
Iranem	Iran	LOC	138-19
Biały Dom	biały dom	LOC	149-90
Departament Stanu	departament stan	ORG	143-26
Departamentu Stanu	departament stan	ORG	143-31
Niemcy	Niemiec	LOC	151-48
Repulbiki Federalnej	Repulbiki federalny	LOC	158-97
Heiko Maasa	Heiko Maas	PER	157-1
Waszyngtonie	Waszyngton	LOC	174-13
Rosji	Rosja	LOC	158-19
Niemiec	Niemcy	LOC	151-49
Morze Bałtyckie	Morze bałtycki	LOC	123-41
Nord Stream 1	Nord Stream 1	PRO	151-9
Ukrainę	Ukraina	LOC	119-23
E.on	E.on	ORG	118-23
Uniper	Uniper	ORG	119-0
ENGIE	ENGAE	ORG	118-22
Shell	Shell	ORG	134-1
OMV	OMV	ORG	153-10
Gazprom	Gazprom	ORG	140-4
Unii Europejskiej	unia europejski	ORG	119-24
Foreing Policy	Foreing Polica	PRO	168-69
Wojciech Jakóbik	Wojciech Jakóbik	PER	174-10
