pl-656
Nord Stream 2	Nord Stream 2	PRO	151-9
Baltic Pipe	Baltic Pipe	PRO	149-37
Dzienniku Gazecie Prawnej	dziennik gazeta prawny	PRO	143-25
Morza Bałtyckiego	morze Bałtycki	LOC	123-42
Low Impact Fishers of Europe	Low Impact Fishers of Europe	ORG	163-31
LIFE	LIFE	ORG	163-38
Komitetu Regionów	komitet region	ORG	137-26
Danii	Dania	LOC	143-38
Finlandii	Finlandia	LOC	168-16
Węgier	Węgry	LOC	174-19
Włoch	Włochy	LOC	174-22
Niemiec	Niemcy	LOC	151-49
Litwy	Litwa	LOC	163-9
Łotwy	Łotwa	LOC	122-1
woj . zachodniopomorskiego	województwo . zachodniopomorski	LOC	174-60
Olgierd Geblewicz	Olgierd Geblewicz	PER	153-12
DGP	DGP	PRO	143-24
Szczecinie	Szczecin	LOC	134-115
komisji	komisja	ORG	137-16
Europejskiego Komitetu Regionów	europejski komitet region	ORG	118-78
NAT	NAT	ORG	151-22
Bałtyku	Bałtyk	LOC	149-39
Komitet Regionów	komitet region	ORG	137-26
Komisji Europejskiej	komisja europejski	ORG	137-19
Parlamentu Europejskiego	parlament europejski	ORG	124-53
Rady Europejskiej	rada europejski	ORG	158-24
Dziennik Gazeta Prawna'	dziennik gazeta prawna	PRO	143-25
Komitet	komitet	ORG	137-26
Komisja Europejska	komisja europejski	ORG	137-17
