sl-10
Adria Airways	Adria Airways	ORG	ORG-Adria-Airways
Adrie Airways	Adria Airways	ORG	ORG-Adria-Airways
Adrii Airways	Adria Airways	ORG	ORG-Adria-Airways
Adrii	Adria	ORG	ORG-Adria-Airways
Adriinih	Adriini	ORG	ORG-Adria-Airways
Adrio Airways	Adria Airways	ORG	ORG-Adria-Airways
Aleša Petana	Aleš Petan	PER	PER-Aleš-Petan
Brniku	Brnik	ORG	ORG-Jože-Pučnik-Airport-Ljubljana
EU	EU	ORG	ORG-European-Union
Emirates	Emirates	ORG	ORG-Emirates
Fakulteto za strojništvo Univerze v Ljubljani	Fakulteta za strojništvo Univerze v Ljubljani	ORG	ORG-Faculty-of-Mechanical-Engineering-University-of-Ljubljana
Korean Air	Korean Air	ORG	ORG-Korean-Air
Letalske šole	Letalska šola	ORG	ORG-Adria-Airways-Letalska-šola
Lufthansa	Lufthansa	ORG	ORG-Lufthansa
Qatar Airways	Qatar Airways	ORG	ORG-Qatar-Airways
Regional Jet	Regional Jet	ORG	ORG-Regional-Jet-Xfly
Ryanair	Ryanair	ORG	ORG-Ryanair
Sloveniji	Slovenija	LOC	GPE-Slovenia
Sven Kukemelk	Sven Kukemelk	PER	PER-Sven-Kukemelk
Tadej Notersberg	Tadej Notersberg	PER	PER-Tadej-Notersberg
Turkish Airlines	Turkish Airlines	ORG	ORG-Turkish-Airlines
