sl-24
BBC	BBC	ORG	ORG-BBC-Ltd
Carl Bernstein	Carl Bernstein	PER	PER-Carl-Bernstein
Društva novinarjev Slovenije	Društvo novinarjev Slovenije	ORG	ORG-Slovene-Association-of-Journalists
EBU	EBU	ORG	ORG-EBU-European-Broadcasting-Union
Grenfell Tower	Grenfell Tower	LOC	LOC-Grenfell-Tower
Helmut Schmidt	Helmut Schmidt	PER	PER-Helmut-Schmidt
Jeb Bush	Jeb Bush	PER	PER-Jeb-Bush
Ljubljani	Ljubljana	LOC	GPE-Ljubljana
Londonu	London	LOC	GPE-London
Mark Egan	Mark Egan	PER	PER-Mark-Egan
New York Times	New York Times	PRO	PRO-The-New-York-Times
Norveško	Norveška	LOC	GPE-Norway
Purple Bridge Media	Purple Bridge Media	ORG	ORG-Purple-Bridge-Media
Ryanair	Ryanair	ORG	ORG-Ryanair
Sloveniji	Slovenija	LOC	GPE-Slovenia
Slovenijo	Slovenija	LOC	GPE-Slovenia
Trump	Trump	PER	PER-Donald-Trump
jugovzhoda Anglije	jugovzhod Anglije	LOC	LOC-Southeast-England
twitter	twitter	PRO	PRO-Twitter
