sl-35
Adria Airways	Adria Airways	ORG	ORG-Adria-Airways
Adrie Airways	Adria Airways	ORG	ORG-Adria-Airways
Adrie	Adria	ORG	ORG-Adria-Airways
Adrii	Adria	ORG	ORG-Adria-Airways
Adrijini	Adria	ORG	ORG-Adria-Airways
Adrijinih	Adria	ORG	ORG-Adria-Airways
Airline Crew Jobs Europe	Airline Crew Jobs Europe	PRO	PRO-Airline-Crew-Jobs-Europe
Aviation CV	Aviation CV	PRO	PRO-Aviation-CV
Barbara Vrtačnik	Barbara Vrtačnik	PER	PER-Barbara-Vrtačnik
British Airways	British Airways	ORG	ORG-British-Airways
Domžalah	Domžale	LOC	GPE-Domžale
EURES	EURES	ORG	ORG-European-Employment-Services
EU	EU	ORG	ORG-European-Union
Easyjet	Easyjet	ORG	ORG-EasyJet
Etihad	Etihad	ORG	ORG-Etihad-Airways
Kamniku	Kamnik	LOC	GPE-Kamnik
Kranju	Kranj	LOC	GPE-Kranj
Linkedin	Linkedin	PRO	PRO-Linkedin
Ljubljani	Ljubljana	LOC	GPE-Ljubljana
Okrožno sodišče v Kranju	Okrožno sodišče v Kranju	ORG	ORG-Kranjsko-okrožno-sodišče
Qatar Airways	Qatar Airways	ORG	ORG-Qatar-Airways
Ryanair	Ryanair	ORG	ORG-Ryanair
SPIN	SPIN	ORG	ORG-SPIN
STA	STA	ORG	ORG-Slovenian-Press-Agency
Veliki Britaniji	Velika Britanija	LOC	GPE-Great-Britain
Virgin Atlantic	Virgin Atlantic	ORG	ORG-Virgin-Atlantic
Zavod RS za zaposlovanje	Zavod RS za zaposlovanje	ORG	ORG-Employment-Service-of-Slovenia
Zavod za zaposlovanje	Zavod za zaposlovanje	ORG	ORG-Employment-Service-of-Slovenia
mreži evropskih služb za zaposlovanje	mreža evropskih služb za zaposlovanje	ORG	ORG-European-Employment-Services
sta	STA	ORG	ORG-Slovenian-Press-Agency
zakonom o dohodnini	zakon o dohodnini	PRO	PRO-Personal-Income-Tax-Act
zavodu za zaposlovanje	zavod za zaposlovanje	ORG	ORG-Employment-Service-of-Slovenia
