sl-34
4K Invest	4K Invest	ORG	ORG-4K-Invest
Adrie Airways	Adria Airwys	ORG	ORG-Adria-Airways
Adrie Ariways	Adria Ariways	ORG	ORG-Adria-Airways
Adrii Airways	Adria Airways	ORG	ORG-Adria-Airways
Adrii	Adria	ORG	ORG-Adria-Airways
Adrijini	Adria	ORG	ORG-Adria-Airways
Adrijinih	Adria	ORG	ORG-Adria-Airways
Adrijino	Adria	ORG	ORG-Adria-Airways
Airline Crew Jobs Europe	Airline Crew Jobs Europe	PRO	PRO-Airline-Crew-Jobs-Europe
Aviation CV	Aviation CV	PRO	PRO-Aviation-CV
Barbara Vrtačnik	Barbara Vrtačnik	PER	PER-Barbara-Vrtačnik
British Airways	British Airways	ORG	ORG-British-Airways
EURES	EURES	ORG	ORG-European-Employment-Services
EU	EU	ORG	ORG-European-Union
Easyjet	Easyjet	ORG	ORG-EasyJet
Etihad	Etihad	ORG	ORG-Etihad-Airways
Janezom Pustatičnikom	Janez Pustatičnik	PER	PER-Janez-Pustatičnik
Kranjsko okrožno sodišče	Kranjsko okrožno sodišče	ORG	ORG-Kranjsko-okrožno-sodišče
LJUBLJANA	Ljubljana	LOC	GPE-Ljubljana
Linkedin	Linkedin	PRO	PRO-Linkedin
Marko Kastelic	Marko Kastelic	PER	PER-Marko-Kastelic
Qatar Airways	Qatar Airways	ORG	ORG-Qatar-Airways
Ryanair	Ryanair	ORG	ORG-Ryanair
SPIN 	SPIN	ORG	ORG-SPIN
STA	STA	ORG	ORG-Slovenian-Press-Agency
Sindikata prometnih pilotov Slovenije	Sindikat prometnih pilotov Slovenije	ORG	ORG-Slovenian-Airline-Pilots'-Association
Sloveniji	Slovenija	LOC	GPE-Slovenia
Veliki Britaniji	Velika Britanija	LOC	GPE-Great-Britain
Virgin Atlantic	Virgin Atlantic	ORG	ORG-Virgin-Atlantic
Vrtačnikova	Vrtačnik	PER	PER-Barbara-Vrtačnik
Vrtačnikove	Vrtačnik	PER	PER-Barbara-Vrtačnik
ZZZS	ZZZS	ORG	ORG-Health-Insurance-Institute-of-Slovenia
Zavod za zaposlovanje	Zavod za zaposlovanje	ORG	ORG-Employment-Service-of-Slovenia
Zavoda RS za zaposlovanje	Zavoda RS za zaposlovanje	ORG	ORG-Employment-Service-of-Slovenia
Zavodu za zdravstveno zavarovanje Slovenije	Zavod za zdravstveno zavarovanje Slovenije	ORG	ORG-Health-Insurance-Institute-of-Slovenia
mreži evropskih služb za zaposlovanje	mreža evropskih služb za zaposlovanje	ORG	ORG-European-Employment-Services
zakonom o dohodnini	zakon o dohodnini	PRO	PRO-Personal-Income-Tax-Act
zavodu za zaposlovanje	zavod za zaposlovanje	ORG	ORG-Employment-Service-of-Slovenia
