bg-3069
Open Doors	Open Doors	ORG	ORG-Open-Doors
Академията по теология „Св. Игнатий“ в Швеция	Академия по теология „Св. Игнатий“ в Швеция	ORG	ORG-Sankt-Ignatios-Theological-Academy-Sweden
Андрей Лвов	Андрей Лвов	PER	PER-Andrej-Lvov
Асия Биби	Асия Биби	PER	PER-Asia-Bibi
Бог	Бог	PER	PER-God
Българинът	българин	PER	GPE-Bulgaria
България	България	LOC	GPE-Bulgaria
Васил Гунев	Васил Гунев	PER	PER-Vasil-Gunev
Върховният съд на Пакистан	Върховен съд на Пакистан	ORG	ORG-Supreme-Court-of-Pakistan
Джавед Анвар Масих	Джавед Анвар Масих	PER	PER-Javed-Masih
Джавед	Джавед	PER	PER-Javed-Masih
Йеремия	Йеремия	PER	PER-Jeremiah
Йосиф	Йосиф	PER	PER-Iosif-metropolitan-Russia
Католическата църква	Католическа църква	ORG	ORG-Catholic-Church
Къща за птици	Къща за птици	LOC	LOC-Kashta-za-ptici
Отворени врати	Отворени врати	ORG	ORG-Open-Doors
Пакистан	Пакистан	LOC	GPE-Pakistan
Русия	Русия	LOC	GPE-Russia
Св. Серафим Саровски	Св. Серафим Саровски	LOC	LOC-Saint-Seraphim-of-Sarov-church
Файсалабад	Файсалабад	LOC	GPE-Faisalabad
Христос	Христос	PER	PER-Jesus-Christ
пакистанец	пакистанец	PER	GPE-Pakistan
пакистанка	пакистанка	PER	GPE-Pakistan
