pl-110
Amber Rudd	Amber Rudd	PER	PER-Amber-Rudd
Ankary	Ankara	LOC	GPE-Ankara
Barnier	Barnier	PER	PER-Michel-Barnier
Berlin	Berlin	LOC	GPE-Berlin
Brexit	Brexit	EVT	EVT-Brexit
Brukselą	Bruksela	LOC	GPE-Brussles
Brytyjczycy	Brytyjczycy	PER	GPE-Great-Britain
David Davis	David Davis	PER	PER-David-Davis
Davidem Davisem	David Davis	PER	PER-David-Davis
Davis	Davis	PER	PER-David-Davis
Dominic Raab	Dominic Raab	PER	PER-Dominic-Raab
Essen	Essen	LOC	GPE-Essen
Irlandią Północną	Irlandia Północna	LOC	LOC-Irlends-countries
Irlandią	Irlandia	LOC	GPE-Ireland
Izba Gmin	Izba Gmin	ORG	ORG-House-of-Commons
James Slack	James Slack	PER	PER-James-Slack
Kijowa	Kijów	LOC	GPE-Kiev
Londyn	Londyn	LOC	GPE-London
Londynie	Londyn	LOC	GPE-London
Londynowi	Londyn	LOC	GPE-London
Londynu	Londyn	LOC	GPE-London
May	May	PER	PER-Theresa-May
Michel Barnier	Michel Barnier	PER	PER-Michel-Barnier
Niemiec	Niemcy	LOC	GPE-Germany
Partii Konserwatywnej	Partia Konserwatywna	ORG	ORG-Conservative-and-Unionist-Party-UK
Sigmar Gabriel	Sigmar Gabriel	PER	PER-Sigmar-Gabriel
Theresą May	Theresa May	PER	PER-Theresa-May
UE	UE	ORG	ORG-European-Union
Unii Europejskiej	Unia Europejska	ORG	ORG-European-Union
Unią Europejską	Unia Europejska	ORG	ORG-European-Union
Unię Europejską	Unia Europejska	ORG	ORG-European-Union
Wielka Brytania	Wielka Brytania	LOC	GPE-Great-Britain
Wielkiej Brytanii	Wielka Brytania	LOC	GPE-Great-Britain
Wielką Brytanią	Wielka Brytania	LOC	GPE-Great-Britain
Wielką Brytanię	Wielka Brytania	LOC	GPE-Great-Britain
brexicie	Brexit	EVT	EVT-Brexit
brexit	Brexit	EVT	EVT-Brexit
brexitu	Brexit	EVT	EVT-Brexit
