pl-1987
Anglicy	Anglicy	PER	GPE-Great-Britain
Anglii	Anglia	LOC	GPE-England
BBC	BBC	PRO	PRO-BBC
Brexitem	Brexit	EVT	EVT-Brexit
Brexitu	Brexit	EVT	EVT-Brexit
Brytyjczycy	Brytyjczycy	PER	GPE-Great-Britain
Bułgarzy	Bułgarzy	PER	GPE-Bulgaria
Edek	Edek	PER	PER-Edek
Europy Wschodniej	Europa Wschodnia	LOC	LOC-Eastern-Europe
Greville Richards	Greville Richards	PER	PER-Grenville-Richards
Hettie Burrows	Hettie Burrows	PER	PER-Hettie-Burrows
Jennifer Brunt	Jennifer Brunt	PER	PER-Jennifer-Brunt
Krzysztofa	Krzysztof	PER	PER-Krzysztof
Litwinów	Litwini	PER	GPE-Lithuania
Niemczech	Niemcy	LOC	GPE-Germany
Polacy	Polacy	PER	GPE-Poland
Polakach	Polacy	PER	GPE-Poland
Polaków	Polacy	PER	GPE-Poland
Polska	Polska	LOC	GPE-Poland
Polski	Polska	LOC	GPE-Poland
Richards	Richards	PER	PER-Grenville-Richards
Rumuni	Rumuni	PER	GPE-Romania
Saso	Saso	PER	PER-Saso
Teresy May	Teresa May	PER	PER-Theresa-May
Twitterze	Twitter	PRO	PRO-Twitter
Unii Europejskiej	Unia Europejska	ORG	ORG-European-Union
Wschodu	Wschód	LOC	LOC-East
wielkiej Brytanii	Wielka Brytania	LOC	GPE-Great-Britain
