pl-1520
Anglii	Anglia	LOC	GPE-England
Australii	Australia	LOC	GPE-Australia
Brexit	Brexit	EVT	EVT-Brexit
Dubowski	Dubowski	PER	PER-Tomasz-Dubowski
Eurostatu	Eurostat	ORG	ORG-Eurostat
Irlandii	Irlandia	LOC	GPE-Ireland
Katarzyna	Katarzyna	PER	PER-Katarzyna
Katarzyna	Katarzyna	PER	PER-Katarzyna-Kieli
Legii Cudzoziemskiej	Legia Cudzoziemska	ORG	ORG-French-Foreign-Legion
Londynie	Londyn	LOC	GPE-London
Niemiec	Niemcy	LOC	GPE-Germany
Nomad Passport Index 2018	Nomad Passport Index 2018	PRO	PRO-Nomad-Passport-Index-2018
Polacy	Polacy	PER	GPE-Poland
Polaków	Polacy	PER	GPE-Poland
Polka	Polka	PER	GPE-Poland
Polski	Polska	LOC	GPE-Poland
Rumuni	Rumunia	PER	GPE-Romania
Szwecji	Szwecja	LOC	GPE-Sweden
Tomasz Dubowski	Tomasz Dubowski	PER	PER-Tomasz-Dubowski
USA	USA	LOC	GPE-USA
Unii Europejskiej	Unia Europejska	ORG	ORG-European-Union
Unii	Unia	ORG	ORG-European-Union
Uniwersytetu w Białymstoku	Uniwersytet w Białymstoku	ORG	ORG-University-of-Białystok
Wielkiej Brytanii	Wielka Brytania	LOC	GPE-Great-Britain
Wyspach	Wyspy	LOC	GPE-Great-Britain
