pl-1403
Barbara Drozdowicz	Barbara Drozdowicz	PER	PER-Barbara-Drozdowicz
Brytyjczyków	Brytyjczycy	PER	GPE-Great-Britain
East European Resource Centre	East European Resource Centre	ORG	ORG-EERC-East-European-Resource-Centre
Evening Standard	Evening Standard	PRO	PRO-Evening-Standard
Hammersmith	Hammersmith	LOC	LOC-Hammersmith
Joanna Bagniewska	Joanna Bagniewska	PER	PER-Joanna-Bagniewska
London School of Economics	London School of Economics	ORG	ORG-London-School-of-Economics-and-Political-Science
Marta Krupińska	Marta Krupińska	PER	PER-Marta-Krupińska
May	May	PER	PER-Theresa-May
Polacy	Polacy	PER	GPE-Poland
Polakami	Polacy	PER	GPE-Poland
Polaków	Polacy	PER	GPE-Poland
Polka	Polka	PER	GPE-Poland
Polskim Ośrodku Społeczno-Kulturalnym	Polski Ośrodek Społeczno-Kulturalnym	ORG	ORG-POSK-Polish-Social-and-Cultural-Association
Roch Dunin - Wąsowicz	Roch Dunin - Wąsowicz	PER	PER-Roch-Dunin-Wąsowicz
Unii Europejskiej	Unia Europejska	ORG	ORG-European-Union
Unię Europejską	Unia Europejska	ORG	ORG-European-Union
Wielka Brytania	Wielka Brytania	LOC	GPE-Great-Britain
Wielkiej Brytanii	Wielka Brytania	LOC	GPE-Great-Britain
brexicie	Brexit	EVT	EVT-Brexit
brexit	Brexit	EVT	EVT-Brexit
