pl-1345
Arron Banks	Arron Banks	PER	PER-Arron-Banks
Beata Mazurek	Beata Mazurek	PER	PER-Beata-Mazurek
Belgii	Belgia	LOC	GPE-Belgium
Brexit	Brexit	EVT	EVT-Brexit
Brexitu	Brexit	EVT	EVT-Brexit
Europe	Europe	LOC	LOC-Europe
Europie	Europa	LOC	LOC-Europe
Europę	Europa	LOC	LOC-Europe
FN/RN	FN/RN	ORG	ORG-National-Rally-FR
Farage's	Farage	PER	PER-Nigel-Farage
Farage	Farage	PER	PER-Nigel-Farage
Farage’a	Farage	PER	PER-Nigel-Farage
Frontu Narodowego/Zgromadzenia Narodowego	Front Narodowy/Zgromadzenie Narodowe	ORG	ORG-National-Rally-FR
Geert Wilders	Geert Wilders	PER	PER-Geert-Wilders
Guy Verhofstadt	Guy Verhofstadt	PER	PER-Guy-Verhofstadt
Izby Reprezentantów	Izba Reprezentantów	ORG	ORG-Chamber-of-Representatives-NL
Kaczynski	Kaczyński	PER	PER-Jaroslav-Kaczyński
Kaczyński	Kaczyński	PER	PER-Jaroslav-Kaczyński
Kremla	Kreml	LOC	LOC-Kremlin
Le Pen	Le Pen	PER	PER-Marine-Le-Pen
Ligi Północnej	Liga Północna	ORG	ORG-Lega-Nord
Marine Le Pen	Marine Le Pen	PER	PER-Marine-Le-Pen
Matteo Salvini	Matteo Salvini	PER	PER-Matteo-Salvini
Nigel Farage	Nigel Farage	PER	PER-Nigel-Farage
Orbàn	Orbàn	PER	PER-Viktor-Orban
Orbán	Orbán	PER	PER-Viktor-Orban
PE	PE	ORG	ORG-European-Parliament
PVV	PVV	ORG	ORG-PVV-Party-for-Freedom
Parlamencie Europejskim	Parlament Europejski	ORG	ORG-European-Parliament
Parlamentu Europejskiego	Parlament Europejski	ORG	ORG-European-Parliament
Partii Ludowej na rzecz Wolności i Demokracji	Partia Ludowa na rzecz Wolności i Demokracji	ORG	ORG-VVD-Peoples-Party-for-Freedom-and-Democracy
Partii Niepodległości Zjednoczonego Królestwa	Partia Niepodległości Zjednoczonego Królestwa	ORG	ORG-UK-Independence-Party
Partii Wolności	Partia Wolności	ORG	ORG-PVV-Party-for-Freedom
PiS-u	PiS	ORG	ORG-PiS-Law-and-Justice
Putin's	Putin	PER	PER-Vladimir-Putin
Putina	Putin	PER	PER-Vladimir-Putin
Rosjanami	Rosjanie	PER	GPE-Russia
Salvini	Salvini	PER	PER-Matteo-Salvini
Tweede Kamer	Tweede Kamer	ORG	ORG-Tweede-Kamer
UKIP	UKIP	ORG	ORG-UK-Independence-Party
VVD	VVD	ORG	ORG-VVD-Peoples-Party-for-Freedom-and-Democracy
Verhofstadt	Verhofstadt	PER	PER-Guy-Verhofstadt
Viktor Orbán	Viktor Orbán	PER	PER-Viktor-Orban
Wilders	Wilders	PER	PER-Geert-Wilders
Węgier	Węgry	LOC	GPE-Hungary
Zgromadzenia Narodowego	Zgromadzenie Narodowe	ORG	ORG-National-Rally-FR
