pl-1941
Artur Kiełbasiński	Artur Kiełbasiński	PER	PER-Artur-Kiełbasiński
Brexicie	Brexit	EVT	EVT-Brexit
Brexitem	Brexit	EVT	EVT-Brexit
Dariusz Wieczorek	Dariusz Wieczorek	PER	PER-Dariusz-Wieczorek
Europa	Europa	LOC	LOC-Europe
Gdański Klub Biznesu	Gdański Klub Biznesu	ORG	ORG-GKB-Gdansk-Business-Club
Iwony Wysockiej	Iwona Wysocka	PER	PER-Iwona-Wysocka
Ludzie i Pieniądze	Ludzie i Pieniądze	PRO	PRO-Ludzie-i-Pieniądze
Nestlé	Nestlé	ORG	ORG-Nestle-SA
OM Finance	OM Finance	ORG	ORG-OM-Finance
Polsce	Polska	LOC	GPE-Poland
Polska	Polska	LOC	GPE-Poland
Polski	Polska	LOC	GPE-Poland
Radio Gdańsk	Radio Gdańsk	PRO	PRO-Radio-Gdańsk
UE	UE	ORG	ORG-European-Union
UG	UG	ORG	ORG-UG-University-of-Gdańsk
UK	UK	LOC	GPE-Great-Britain
Wieczorek	Wieczorek	PER	PER-Dariusz-Wieczorek
Wielkiej Brytanii	Wielka Brytania	LOC	GPE-Great-Britain
Zbigniew Markowski	Zbigniew Markowski	PER	PER-Zbigniew-Markowski
