pl-1509
Ambasadzie RP w Londynie	Ambasada RP w Londynie	LOC	LOC-Embassy-of-the-Republic-of-Poland-in-London
Anglii	Anglia	LOC	GPE-England
Barbara Drozdowicz	Barbara Drozdowicz	PER	PER-Barbara-Drozdowicz
Brexit	Brexit	EVT	EVT-Brexit
Drozdowicz	Drozdowicz	PER	PER-Barbara-Drozdowicz
East European Resource Centre	East European Resource Centre	ORG	ORG-EERC-East-European-Resource-Centre
Europy Wschodniej	Europa Wschodnia	LOC	LOC-Eastern-Europe
Grzegorz Baczewski	Grzegorz Baczewski	PER	PER-Grzegorz-Baczewski
Henryki Bochniarz	Henryka Bochniarz	PER	PER-Henryka-Bochniarz
Home Office	Home Office	ORG	ORG-Home-Office-UK
Komisji Spraw Zagranicznych	Komisja Spraw Zagranicznych	ORG	ORG-Committee-on-Foreign-Affairs
Konfederacja Lewiatan	Konfederacja Lewiatan	ORG	ORG-Confederation-of-Lewiatans
Konfederacji Lewiatan	Konfederacja Lewiatan	ORG	ORG-Confederation-of-Lewiatans
Londynie	Londyn	LOC	GPE-London
MSW	MSW	ORG	ORG-Home-Office-UK
PRL	PRL	LOC	GPE-Poland
Polacy	Polacy	PER	GPE-Poland
Polaków	Polacy	PER	GPE-Poland
Polonii	Polonia	ORG	ORG-Polinia
Polsce	Polska	LOC	GPE-Poland
Polska	Polska	LOC	GPE-Poland
Polski	Polska	LOC	GPE-Poland
Polskiej Rzeczypospolitej Ludowej	Polska Rzeczypospolita Ludowa	LOC	GPE-Poland
Polską	Polska	LOC	GPE-Poland
Rzeczpospolitej	Rzeczpospolita	PRO	PRO-Rzeczpospolita
Theresa May	Theresa May	PER	PER-Theresa-May
UE	UE	ORG	ORG-European-Union
Unii Europejskiej	Unia Europejska	ORG	ORG-European-Union
Unii	Unia	ORG	ORG-European-Union
Unią	Unia	ORG	ORG-European-Union
Wielka Brytania	Wielka Brytania	LOC	GPE-Great-Britain
Wielkiej Brytanii	Wielka Brytania	LOC	GPE-Great-Britain
Wielką Brytanią	Wielka Brytania	LOC	GPE-Great-Britain
Wyspach Brytyjskich	Wyspy Brytyjskie	LOC	GPE-Great-Britain
Wyspach	Wyspy	LOC	GPE-Great-Britain
Zjednoczonego Królestwa Wielkiej Brytanii i Irlandii Północnej	Zjednoczone Królestwo Wielkiej Brytanii i Irlandii Północnej	LOC	GPE-Great-Britain
Zjednoczonym Królestwie	Zjednoczone Królestwo	LOC	GPE-Great-Britain
brexicie	Brexit	EVT	EVT-Brexit
brexitu	Brexit	EVT	EVT-Brexit
