pl-1516
Belfaście	Belfast	LOC	GPE-Belfast
Birmingham	Birmingham	LOC	GPE-Birmingham
Brexicie	Brexit	EVT	EVT-Brexit
Brexit	Brexit	EVT	EVT-Brexit
Brexitem	Brexit	EVT	EVT-Brexit
Brexitu	Brexit	EVT	EVT-Brexit
Brytyjczycy	Brytyjczycy	PER	GPE-Great-Britain
Brytyjczyków	Brytyjczycy	PER	GPE-Great-Britain
Cardiff	Cardiff	LOC	GPE-Cardiff
Cooltura	Cooltura	PRO	PRO-Cooltura
Edynburgu	Edynburg	LOC	GPE-Edinburgh
Londynie	Londyn	LOC	GPE-London
May	May	PER	PER-Theresa-May
PAP	PAP	ORG	ORG-PAP-Polish-Press-Agency
Polacy	Polacy	PER	GPE-Poland
Polaków	Polacy	PER	GPE-Poland
Theresa May	Theresa May	PER	PER-Theresa-May
UE	UE	ORG	ORG-European-Union
Unii Europejskiej	Unia Europejska	ORG	ORG-European-Union
Wielka Brytania	Wielka Brytania	LOC	GPE-Great-Britain
Wielkiej Brytanii	Wielka Brytania	LOC	GPE-Great-Britain
Wielką Brytanię	Wielka Brytania	LOC	GPE-Great-Britain
Wspólnotą	Wspólnota	ORG	ORG-European-Union
Wspólnotę	Wspólnota	ORG	ORG-European-Union
