pl-28
Asii Bibi	Asia Bibi	PER	PER-Asia-Bibi
Asią Bibi	Asia Bibi	PER	PER-Asia-Bibi
Berthold Pelster	Berthold Pelster	PER	PER-Berthold-Pelster
Biblię	Biblia	PRO	PRO-The-Bible
Centrum Pokojowe	Centrum Pokojowe	ORG	ORG-Peace-Center-Lahore
Centrum Pokoju w Lahore	Centrum Pokoju w Lahore	ORG	ORG-Peace-Center-Lahore
Channan	Channan	PER	PER-James-Channan
Chin	Chiny	LOC	GPE-China
Frankfurcie nad Menem	Frankfurt nad Menem	LOC	GPE-Frankfurt-am-Main
Indii	Indie	LOC	GPE-India
James Channan	James Channan	PER	PER-James-Channan
Katechizm	Katechizm	PRO	PRO-Catechism
Lahore	Lahore	LOC	GPE-Lahore
Mahometowi	Mahomet	PER	PER-Mahomet
PKWP	PKWP	ORG	ORG-ACN-Aid-to-the-Church-in-Need
Pakistan	Pakistan	LOC	GPE-Pakistan
Pakistanie	Pakistan	LOC	GPE-Pakistan
Pakistanu	Pakistan	LOC	GPE-Pakistan
Papieskie Stowarzyszenie Pomoc Kościołowi w Potrzebie	Papieskie Stowarzyszenie Pomoc Kościołowi w Potrzebie	ORG	ORG-ACN-Aid-to-the-Church-in-Need
Rzymie	Rzym	LOC	GPE-Rome
Safqat i Shagufta Bibi	Safqat i Shagufta Bibi	PER	PER-Safqat-Shagufta-Bibi
Stowarzyszenia	Stowarzyszenie	ORG	ORG-ACN-Aid-to-the-Church-in-Need
