pl-23
AP	AP	ORG	ORG-AP-The-Associated-Press
Asia Bibi	Asia Bibi	PER	PER-Asia-Bibi
Asia Noreen	Asia Noreen	PER	PER-Asia-Bibi
Asię Bibi	Asia Bibi	PER	PER-Asia-Bibi
Associated Press	Associated Press	ORG	ORG-AP-The-Associated-Press
Bibi	Bibi	PER	PER-Asia-Bibi
Francji	Francja	LOC	GPE-France
Geo TV	Geo TV	PRO	PRO-Geo-TV
Hafiz Saeed	Hafiz Saeed	PER	PER-Hafiz-Muhammad-Saeed
Hiszpanii	Hiszoania	LOC	GPE-Spain
Imran Khan	Imran Khan	PER	PER-Imran-Khan
Islamabadzie	Islamabad	LOC	GPE-Islamabad
James Masih	James Masih	PER	PER-James-Masih
Karaczi	Karaczi	LOC	GPE-Karachi
Khan	Khan	PER	PER-Imran-Khan
Lahaur	Lahaur	LOC	GPE-Lahore
Mahometa	Mahomet	PER	PER-Mahomet
Mahometowi	Mahomet	PER	PER-Mahomet
Masih	Masih	PER	PER-James-Masih
Muhammad Afzal Qadri	Muhammad Afzal Qadri	PER	PER-Muhammad-Afzal-Qadri
Pakistan	Pakistan	LOC	GPE-Pakistan
Pakistanie	Pakistan	LOC	GPE-Pakistan
Pendżab	Pendżab	LOC	GPE-Punjab
Qadri	Qadri	PER	PER-Muhammad-Afzal-Qadri
Reutera	Reuter	ORG	ORG-Reuters
Sądu Najwyższego	Sąd Najwyższy	ORG	ORG-Supreme-Court-of-Pakistan
TLP	TLP	ORG	ORG-Tehreek-e-Labbaik-Pakistan
Tehreek-e-Labaik	Tehreek-e-Labaik	ORG	ORG-Tehreek-e-Labbaik-Pakistan
USA	USA	LOC	GPE-USA
ataków terrorystycznych w Bombaju w 2008 roku	ataki terrorystyczne w Bombaju w 2008 roku	EVT	EVT-terrorist-attacks-in-Mumbai-2008
