uk-17
Gazeta Polska Codziennie	Gazeta Polska Codziennie	ORG	ORG-Gazeta-Polska-Codziennie
Gazeta Wyborcza	Gazeta Wyborcza	ORG	ORG-Gazeta-Wyborcza
Nord Stream 2	Nord Stream 2	ORG	ORG-Nord-Stream-2-AG
Європі	Європа	LOC	GPE-Europe
Балтії	Балтії	LOC	LOC-Baltic-countries
Берліні	Берлін	LOC	GPE-Berlin
Вашингтон	Вашингтон	LOC	GPE-WashingtonDC
Вашингтона	Вашингтон	LOC	GPE-WashingtonDC
Вашингтоні	Вашингтон	LOC	GPE-WashingtonDC
Данія	Данія	LOC	GPE-Denmark
Данії	Данія	LOC	GPE-Denmark
Майк Помпео	Майк Помпео	PER	PER-Mike-Pompeo
Петро Порошенко	Петро Порошенко	PER	PER-Petro-Poroshenko
Польща	Польща	LOC	GPE-Poland
Північний потік – 2	Північний потік – 2	ORG	ORG-Nord-Stream-2-AG
Північний потік	Північний потік	ORG	ORG-Nord-Stream-AG
Російської Федерації	Російська Федерація	LOC	GPE-Russia
США	США	LOC	GPE-USA
Сандра Оудкірк	Сандра Оудкірк	PER	PER-Sandra-Oudkirk
Трампові	Трамп	PER	PER-Donald-Trump
Україна	Україна	LOC	GPE-Ukraine
закон CAATSA	закон CAATSA	EVT	EVT-Countering-America-Adversaries-Through-Sanctions-Act
німецький уряд	німецький уряд	ORG	ORG-German-Government
Ґазпромові	Ґазпром	ORG	ORG-Gazprom
Ґазпрому	Ґазпром	ORG	ORG-Gazprom
