bg-1782
Ангел Джамбазки	Ангел Джамбазки	PER	PER-Angel-Dzhambazki
Англия	Англия	LOC	GPE-England
Ашли Фокс	Ашли Фокс	PER	PER-Ashley-Fox
Брекзит	Брекзит	EVT	EVT-Brexit
Британците	британци	PER	GPE-Great-Britain
Брюксел	Брюксел	LOC	GPE-Brussles
ВМРО	ВМРО	ORG	ORG-VMRO-BG
Великобритаия	Великобритаия	LOC	GPE-Great-Britain
Великобритания	Великобритания	LOC	GPE-Great-Britain
Гибралтар	Гибралтар	LOC	GPE-Gibraltar
ЕК	ЕК	ORG	ORG-European-Commission
ЕП	ЕП	ORG	ORG-European-Parliament
ЕС	ЕС	ORG	ORG-European-Union
Европа	Европа	LOC	LOC-Europe
Европейските консерватори и реформисти	Европейски консерватори и реформисти	ORG	ORG-AECR-Alliance-of-European-Conservatives-and-Reformists
Европейския парламент	Европейски парламент	ORG	ORG-European-Parliament
Европейския съюз	Европейски съюз	ORG	ORG-European-Union
Еразъм	Еразъм	PRO	PRO-Erasmus-Programme
Източна Европа	Източна Европа	LOC	LOC-Eastern-Europe
Меркел	Меркел	PER	PER-Angela-Merkel
НАТО	НАТО	ORG	ORG-NATO
Обединеното кралство	Обединеното кралство	LOC	GPE-Great-Britain
Тереза Мей	Тереза Мей	PER	PER-Theresa-May
Фокс	Фокс	PER	PER-Ashley-Fox
Хоризонт 2020	Хоризонт 2020	PRO	PRO-Horizon-2020
консерваторите	консерватори	PER	ORG-European-Conservatives-and-Reformists-Group
консерваторът	консерватор	PER	ORG-Conservative-and-Unionist-Party-UK
реформаторите	реформатори	PER	ORG-European-Conservatives-and-Reformists-Group
