bg-1730
DUP	DUP	ORG	ORG-DUP-Democratic-Unionist-Party
Белфаст Телеграф	Белфаст Телеграф	PRO	PRO-Belfast-Telegraph
Брекзит	Брекзит	EVT	EVT-Brexit
Брюксел	Брюксел	LOC	GPE-Brussles
Великобритания	Великобритания	LOC	GPE-Great-Britain
Даунинг стрийт	Даунинг стрийт	LOC	LOC-Downing-Street
ЕК	ЕК	ORG	ORG-European-Commission
ЕС	ЕС	ORG	ORG-European-Union
Европейската комисия	Европейска комисия	ORG	ORG-European-Commission
Ирландско море	Ирландско море	LOC	LOC-Irish-Sea
Камарата на общините	Камара на общините	ORG	ORG-House-of-Commons
Мей	Мей	PER	PER-Theresa-May
Обединено кралство	Обединено кралство	LOC	GPE-Great-Britain
Обединеното кралство	Обединено кралство	LOC	GPE-Great-Britain
Северна Ирландия	Северна Ирландия	LOC	GPE-Northern-Ireland
Тереза Май	Тереза Май	PER	PER-Theresa-May
Тереза Мей	Тереза Мей	PER	PER-Theresa-May
британския парламент	британски парламент	ORG	ORG-British-Parlament
консерваторите	консерватори	PER	ORG-Conservative-and-Unionist-Party-UK
