bg-696
ONS	ONS	ORG	ORG-ONS-Office-for-National-Statistics
Би Би Си	Би Би Си	PRO	PRO-BBC
Брекзит	Брекзит	EVT	EVT-Brexit
България	България	LOC	GPE-Bulgaria
Великобритания	Великобритания	LOC	GPE-Great-Britain
Гийермо Меарди	Гийермо Меарди	PER	PER-Guglielmo-Meardi
Дейли телеграф	Дейли телеграф	PRO	PRO-The-Daily-Telegraph
ЕС	ЕС	ORG	ORG-European-Union
Европейския съюз	Европейски съюз	ORG	ORG-European-Union
Изток	Изток	LOC	LOC-Eastern-Europe
Източна Европа	Източна Европа	LOC	LOC-Eastern-Europe
Каролин Ноукс	Каролин Ноукс	PER	PER-Caroline-Nokes
Меарди	Меарди	PER	PER-Guglielmo-Meardi
Никола Уайт	Никола Уайт	PER	PER-Nicola-White
Обединеното кралство	Обединеното кралство	LOC	GPE-Great-Britain
Полша	Полша	LOC	GPE-Poland
Румъния	Румъния	LOC	GPE-Romania
Уоруик	Уоруик	ORG	ORG-Warwick-Business-School
британци	британци	PER	GPE-Great-Britain
британците	британци	PER	GPE-Great-Britain
европейци	европейци	PER	PER-Europe
