bg-771
Ана Субри	Ана Субри	PER	PER-Anna-Soubry
Барние	Барние	PER	PER-Michel-Barnier
Борис Джонсън	Борис Джонсън	PER	PER-Boris-Johnson
Брекзит	Брекзит	EVT	EVT-Brexit
Брюксел	Брюксел	LOC	GPE-Brussles
Великобритания	Великобритания	LOC	GPE-Great-Britain
Дейвид Дейвис	Дейвид Дейвис	PER	PER-David-Davis
Джейкъб Рийс-Мог	Джейкъб Рийс-Мог	PER	PER-Jacob-Rees-Mogg
Джереми Корбин	Джереми Корбин	PER	PER-Jeremy-Corbyn
Джон Мейджър	Джон Мейджър	PER	PER-John-Major
Джонсън	Джонсън	PER	PER-Boris-Johnson
ЕС	ЕС	ORG	ORG-European-Union
Европейския съюз	Европейски съюз	ORG	ORG-European-Union
Есекс	Есекс	LOC	GPE-Essex
Лондон	Лондон	LOC	GPE-London
Мей	Мей	PER	PER-Theresa-May
Мишел Барние	Мишел Барние	PER	PER-Michel-Barnier
САЩ	САЩ	LOC	GPE-USA
Тереза Май	Тереза Мей	PER	PER-Theresa-May
Тереза Мей	Тереза Мей	PER	PER-Theresa-May
Уинстън Чърчил	Уинстън Чърчил	PER	PER-Winston-Churchill
британците	британци	PER	GPE-Great-Britain
консервативната партия	Консервативна партия	ORG	ORG-Conservative-and-Unionist-Party-UK
консерваторите	консерватори	PER	ORG-Conservative-and-Unionist-Party-UK
лейбъристите	лейбъристи	PER	ORG-Labour-Party-UK
торите	тори	PER	ORG-Conservative-and-Unionist-Party-UK
