cs-467
Británii	Británie	LOC	86-15
EU	EU	ORG	53-83
Londýn	Londýn	LOC	100-3
Reuters	Reuters	ORG	95-3
The Guardian	the Guardian	PRO	76-3
Británie	Británie	LOC	86-15
brexitem	brexit	EVT	86-60
Nicola Whiteová	Nicola Whiteová	PER	88-16
OSN	OSN	ORG	91-65
Velké Británie	velký Británie	LOC	98-3
Brexit	Brexit	EVT	86-22
Britů	Brit	PER	86-46
Evropskou unii	evropský unie	ORG	53-8
Unii	unie	ORG	54-5
BBC	BBC	PRO	86-48
Danny Shaw	Danny Shaw	PER	79-25
Shawa	Shaw	PER	69-41
Spojeného království	spojený království	LOC	69-7
Evropské unie	evropský unie	ORG	53-8
