cs-1092
Mayová	Mayová	PER	58-69
Evropy	Evropa	LOC	53-7
Brexitu	Brexit	EVT	86-22
LONDÝN	Londýn	LOC	100-9
konzervativní strany	konzervativní strana	ORG	72-12
Theresa Mayová	Theresa Mayová	PER	76-17
Brexitem	Brexit	EVT	86-22
Británie	Británie	LOC	86-15
Evropskou unií	evropský unie	ORG	53-8
Mayovou	Mayová	PER	58-69
Spojené království	spojený království	LOC	69-7
Bruselu	Brusel	LOC	86-14
toryové	toryové	PER	76-21
The Sun	the Sun	PRO	76-23
Britové	Brit	PER	86-46
The Sunday Telegraph	the Sunday Telegraph	PRO	76-24
Labouristé	labourista	PER	100-2
konzervativci	konzervativec	PER	72-3
EU	EU	ORG	53-83
Evropského hospodářského prostoru	evropský hospodářský prostor	LOC	53-87
EHP	EHP	LOC	53-97
Evropského sdružení volného obchodu	evropský sdružení volný obchod	ORG	53-181
ESVO	ESVO	ORG	53-85
