cs-1049
Rusko	Rusko	LOC	95-5
brexitu	brexit	EVT	86-43
Damian Collins	Damian Collins	PER	79-18
Británie	Británie	LOC	86-15
Evropské unie	evropský unie	ORG	53-8
Arrona Bankse	Arrona Banks	PER	66-14
The Sunday Times	the Sunday Times	PRO	76-9
Banks	Banks	PER	86-62
Leave .	Leave .	ORG	100-6
EU	EU	ORG	100-6
Collinse	Collins	PER	107-8
výboru britského parlamentu pro kulturu , média a sport	výbor britský parlament pro kultura , médium a sport	ORG	98-48
Banksových	Banksův	PER	86-262
Ruskem	Rusko	LOC	95-6
Britové	Brit	PER	86-46
Leave . EU	Leave . EU	ORG	100-6
Bankse	Banks	PER	86-62
Británii	Británie	LOC	86-15
The Bad Boys of Brexit	the bad Boy of Brexit	PRO	76-110
Zlí chlapci brexitu	Zlí chlapec brexit	PRO	80-29
Collins	Collins	PER	107-8
BBC	BBC	PRO	86-48
ruskou	ruský	LOC	95-111
Andy Wigmore	Andy Wigmore	PER	66-16
Strany nezávislosti Spojeného království	strana závislost spojený království	ORG	69-17
UKIP	UKIP	ORG	54-0
Nigelem Faragem	Nigel Farag	PER	88-94
New Yorku	New York	LOC	88-10
Donaldem Trumpem	Donald Trump	PER	79-11
Wigmore	Wigmore	PER	111-3
Rusku	Rusko	LOC	95-6
Wigmorea	Wigmorea	PER	111-3
Isabela Oakeshottová	Isabela Oakeshottová	PER	75-117
Banksovi	Banks	PER	86-62
Bad Boys of Brexit	bad Boy of Brexit	PRO	86-279
Rusové	Rus	PER	95-11
brexit	brexit	EVT	86-45
Banksem	Banks	PER	86-62
Oakeshottová	Oakeshottová	PER	91-36
Rusovi	Rus	PER	95-11
Theresa Mayová	Theresa Mayová	PER	76-17
summitu G 7	summit g 7	EVT	69-190
