cs-453
Brexit	brexit	EVT	86-23
Severním Irsku	severní Irsko	LOC	69-6
Sinn Féin	Sinn Féin	ORG	69-35
Británie	Británie	LOC	86-15
Evropské unie	evropský unie	ORG	53-8
Mary Lou McDonaldová	Mary Lou McDonaldová	PER	58-79
Londýně	Londýn	LOC	100-3
Velkopáteční mírová dohoda	velkopáteční mírový dohoda	PRO	98-19
brexit	brexit	EVT	86-17
Irska	Irsko	LOC	75-7
brexitu	brexit	EVT	86-47
EU	EU	ORG	53-83
Irskou republikou	irský republika	LOC	75-8
Severním Irskem	severní Irsko	LOC	69-6
Spojeného království	spojený království	LOC	69-7
Unii	unie	ORG	54-5
Velkopáteční dohodu	velkopáteční dohoda	PRO	98-20
McDonaldová	McDonaldová	PER	58-78
Velkopáteční dohody	velkopáteční dohoda	PRO	98-20
Demokratická unionistická strana	demokratický unionistický strana	ORG	79-23
DUP	DUP	ORG	79-6
Irsku	Irsko	LOC	75-7
Garrym Adamsovi	Garrym Adams	PER	77-72
