cs-213
brexitu	brexit	EVT	86-43
Labouristická strana	labouristický strana	ORG	100-20
Británie	Británie	LOC	86-15
Evropské unii	evropský unie	ORG	53-8
labouristů	labourista	PER	100-2
Jeremy Corbyn	Jeremy Corbyn	PER	51-9
Britů	Brit	PER	86-46
Corbyn	Corbyn	PER	107-20
labouristé	labourista	PER	100-2
Strany nezávislosti Spojeného království	strana závislost spojený království	ORG	69-17
UKIP	UKIP	ORG	54-0
Nigel Farage	Nigel Farage	PER	88-4
Observer	Observer	PRO	91-0
Farage	Farage	PER	106-11
brexit	brexit	EVT	86-17
Skotská	skotský	LOC	69-32
Nicola Sturgeonová	Nicola Sturgeonová	PER	88-17
Skotska	Skotsko	LOC	69-22
Británií	Británie	LOC	86-15
Evropskou unií	evropský unie	ORG	53-8
Sturgeonová	Sturgeonová	PER	69-30
EU	EU	ORG	53-83
Skotové	Skot	PER	69-27
Británii	Británie	LOC	86-15
Skotů	Skot	PER	69-27
