cs-1279
brexit	brexit	EVT	86-17
Londýn	Londýn	LOC	100-3
Evropu	Evropa	LOC	53-7
EU	EU	ORG	53-83
Britové	Brit	PER	86-46
Pacifiku	Pacifik	LOC	59-132
Spojené království	spojený království	LOC	69-7
Evropskou unií	evropský unie	ORG	53-8
Velká Británie	velký Británie	LOC	98-3
brexitu	brexit	EVT	86-43
konzervativci	konzervativec	PER	72-3
Británie	Británie	LOC	86-15
Transpacifické partnerství	transpacifický partnerství	ORG	76-35
TPP	TPP	ORG	76-36
Japonska	Japonsko	LOC	51-13
Austrálie	Austrálie	LOC	66-25
Mexika	Mexiko	LOC	58-77
Spojené státy	spojený stát	LOC	69-8
Donald Trump	Donald Trump	PER	79-11
