cs-1025
Británie	Británie	LOC	86-15
brexitu	brexit	EVT	86-43
Jiří Hošek	Jiří Hošek	PER	51-2
Velké Británii	velký Británie	LOC	98-4
Host Lucie Výborné	host Lucie výborný	PRO	94-4
Českého rozhlasu	český rozhlas	ORG	70-8
Londýně	Londýn	LOC	100-3
Praha	Praha	LOC	59-2
Evropské unie	evropský unie	ORG	53-8
Radiožurnálu	Radiožurnál	PRO	95-7
Británii	Británie	LOC	86-15
Britů	Brit	PER	86-46
Německu	Německo	LOC	88-2
Seznam Zprávách	seznam zpráva	ORG	69-182
Českém rozhlasu Plus	český rozhlas plus	PRO	70-16
Jiná Británie	jiný Británie	PRO	51-108
Británie’	Británie’	LOC	86-15
Hošek	Hošek	PER	94-5
Cambridge Analytica	Cambridge Analytica	ORG	107-6
Cambridge Analytiku	Cambridge Analytik	ORG	107-72
