cs-350
EU	EU	ORG	53-83
brexitu	brexit	EVT	86-19
Česko	Česko	LOC	70-3
ČR	ČR	LOC	70-1
Viktora Orbána	Viktor Orbán	PER	98-9
János Lázár	János Lázár	PER	51-121
visegrádské skupiny	visegrádský skupina	ORG	98-14
V 4	v 4	ORG	98-17
Bulharska	Bulharsko	LOC	86-58
Chorvatska	Chorvatsko	LOC	107-9
Rumunska	Rumunsko	LOC	95-8
Slovinska	Slovinsko	LOC	69-14
Günterem Oettingerem	Günter Oettinger	PER	77-8
Bulharsko	Bulharsko	LOC	86-58
Unii	unie	ORG	54-5
Babiš	Babiš	PER	86-65
Budapešti	Budapešť	LOC	86-218
Jakub Vintrlík	Jakub Vintrlík	PER	51-160
Andrej Babiš	Andrej Babiš	PER	66-34
ANO	ano	ORG	66-35
Bruselu	Brusel	LOC	86-14
Unie	unie	ORG	54-3
Británie	Británie	LOC	86-15
