cs-1318
Labouristé	labourista	PER	100-2
brexitu	brexit	EVT	86-43
EU	EU	ORG	53-83
Mayovou	Mayová	PER	58-69
Severním Irskem	severní Irsko	LOC	69-6
Irskem	Irsko	LOC	75-6
Corbyn	Corbyn	PER	107-20
Británie	Británie	LOC	86-15
Čína	Čína	LOC	70-0
Indie	Indie	LOC	75-1
Mini	Mini	PRO	58-54
Lamanšský průliv	lamanšský průliv	LOC	100-76
Oxfordem	Oxford	LOC	91-7
Warwickshirem	Warwickshir	LOC	111-5
Británii	Británie	LOC	86-15
Mnichovem	Mnichov	LOC	58-76
Oxfordu	Oxford	LOC	91-7
brexit	brexit	EVT	86-17
Mayové	Mayo	PER	58-69
labouristů	labourista	PER	100-2
Corbyna	Corbyna	PER	107-20
Brexit	brexit	EVT	86-23
Londýn	Londýn	LOC	100-3
Konzervatiní strana	konzervatiní strana	ORG	72-12
konzervativců	konzervativec	PER	72-3
Dolní sněmovně	dolní sněmovna	ORG	79-17
labouristy	labourista	PER	100-2
Keir Starmer	Keir Starmer	PER	72-20
brexitem	brexit	EVT	86-60
