cs-1960
London City	London City	LOC	100-131
brexit	brexit	EVT	86-17
Británie	Británie	LOC	86-15
Evropské unie	evropský unie	ORG	53-8
Londýně	Londýn	LOC	100-3
Evropy	Evropa	LOC	53-7
City	City	LOC	107-19
Reuters	Reuters	ORG	95-3
Britové	Brit	PER	86-46
EU	EU	ORG	53-83
Londýna	Londýn	LOC	100-3
Evropě	Evropa	LOC	53-7
Británií	Británie	LOC	86-15
brexitu	brexit	EVT	86-43
Morgan Stanley	Morgan Stanley	ORG	58-67
Citigroup	Citigroup	ORG	107-18
Bank of America Merrill Lynch	Bank of America Merrill Lynch	ORG	86-12
Goldman Sachs	Goldman Sachs	ORG	77-5
Británii	Británie	LOC	86-15
Dublinu	Dublin	LOC	79-22
Frankfurtu	Frankfurt	LOC	106-19
Paříži	Paříž	LOC	59-20
Londýnu	Londýn	LOC	100-3
Morgan McKinley	Morgan McKinley	ORG	58-210
Darren Burns	Darren Burns	PER	79-120
Anne Murphyová	Anne Murphyová	PER	66-178
Odgers Berndtson	Odgers Berndtson	ORG	91-40
USA	USA	LOC	54-2
Londýn	Londýn	LOC	100-3
Bruselem	Brusel	LOC	86-14
