cs-1325
irskou	irský	LOC	75-10
brexitu	brexit	EVT	86-43
Británii	Británie	LOC	86-15
EU	EU	ORG	53-83
Evropskou unií	evropský unie	ORG	53-8
Británií	Británie	LOC	86-15
Irskem	Irsko	LOC	75-6
Severním Irsku	severní Irsko	LOC	69-6
Londýn	Londýn	LOC	100-3
Irsku	Irsko	LOC	75-7
Sněmovna lordů	sněmovna lord	ORG	69-10
Británie	Británie	LOC	86-15
Konzervativní strany	konzervativní strana	ORG	72-12
Mayová	Mayová	PER	58-69
Evropské unie	evropský unie	ORG	53-8
Boris Johnson	Boris Johnson	PER	86-54
Johnson	Johnson	PER	51-3
brexit	brexit	EVT	86-45
Brity	Brit	PER	86-46
Bruselu	Brusel	LOC	86-14
Jean - Yves Le Drian	Jean - Yves Le Drian	PER	51-117
Britové	Brit	PER	86-46
Spojené království	spojený království	LOC	69-7
Světové obchodní organizace	světový obchodní organizace	ORG	69-31
Evropa	Evropa	PER	53-9
Evropané	Evropan	PER	53-9
Čechů	Čech	PER	70-14
Evropská unie	evropský unie	ORG	53-8
