cs-399
Brexit	brexit	EVT	86-23
Cameron	Cameron	PER	107-27
Britové	Brit	PER	86-46
Spojeného království	spojený království	LOC	69-7
Evropské unie	evropský unie	ORG	53-8
Světovém ekonomickém fóru	světový ekonomický fórum	ORG	69-233
Davosu	Davos	LOC	69-233
David Cameron	David Cameron	PER	79-13
Davos	Davos	LOC	79-31
Švýcarsko	Švýcarsko	LOC	93-3
Richard Brian	Richard Brian	PER	95-17
Reuters	Reuters	ORG	95-3
Lakshmim Mittalem	Lakshmim Mittal	PER	100-23
Channel 5 News	Channel 5 News	PRO	107-30
Británie	Británie	LOC	86-15
brexitu	brexit	EVT	86-19
Konzervativní stranou	konzervativní strana	ORG	72-12
Británií	Británie	LOC	86-15
Theresa Mayová	Theresa Mayová	PER	76-17
Evropské unii	evropský unie	ORG	53-8
Sám	sám	PER	xxx
Project	Project	PRO	59-25
ČTK	ČTK	ORG	70-7
