cs-1890
VELKÁ BRITÁNIE	velký Británie	LOC	98-43
Brexit	brexit	EVT	86-23
konzervativců	konzervativec	PER	72-3
Karla Marxe	Karel Marx	PER	72-157
Británie	Británie	LOC	86-15
EU	EU	ORG	53-83
brexitu	brexit	EVT	86-47
czexitu	czexita	EVT	107-5
czexit	czexit	EVT	107-5
Polsko	Polsko	LOC	59-3
Maďarsko	Maďarsko	LOC	58-71
Rakousko	Rakousko	LOC	95-2
Itálie…	Itálie…	LOC	75-109
Dánsko	Dánsko	LOC	79-10
ČR	ČR	LOC	70-1
Slovensko	Slovensko	LOC	69-13
Německu	Německo	LOC	88-2
Francii	Francie	LOC	106-10
brexit	brexit	EVT	86-17
Angličan	Angličan	PER	66-13
Pákistance	Pákistance	PER	59-94
Araby	arab	PER	xxx
Poláky	Polák	PER	59-14
Evropské unii	evropský unie	ORG	53-8
Evropě	Evropa	LOC	53-7
Tyler Dooley	Tyler Dooley	PER	76-176
Meghan	Meghan	PER	58-58
