cs-1415
Lavrov	Lavrov	PER	100-63
Otrava	otrava	PER	xxx
Skripala	Skripal	PER	69-42
brexit	brexit	EVT	86-45
Sergeje Skripala	Sergej Skripal	PER	69-43
Británie	Británie	LOC	86-15
Evropské unie	evropský unie	ORG	53-8
Sergej Lavrov	Sergej Lavrov	PER	69-181
Rusku	Rusko	LOC	95-6
Skripal	Skripal	PER	69-42
Moskva	Moskva	LOC	58-15
Organizaci pro zákaz chemických zbraní	organizace pro zákaz chemický zbraň	ORG	91-13
OPCW	OPCW	ORG	91-11
Skripalova	Skripalův	PER	69-46
Lavrova	Lavrův	PER	100-79
brexitu“	brexitu“	EVT	86-180
studené války	studený válka	EVT	69-16
Spojené státy	spojený stát	LOC	69-8
Moskvě	Moskva	LOC	58-15
Londýn	Londýn	LOC	100-3
Juliji	Julij	PER	51-140
Salisbury	Salisbury	LOC	69-45
Rusko	Rusko	LOC	95-5
Francii	Francie	LOC	106-10
Británii	Británie	LOC	86-15
Paříž	Paříž	LOC	59-20
Rossijskaja gazeta	Rossijskij gazeta	PRO	95-127
Skripalových	Skripalův	PER	69-46
Alexandr Šulgin	Alexandr Šulgin	PER	66-166
