cs-1074
Anglii	Anglie	LOC	66-17
labouristé	labourista	PER	100-2
Londýně	Londýn	LOC	100-3
Londýn	Londýn	LOC	100-3
labouristy	labourista	PER	100-2
Konzervativci	konzervativec	PER	72-5
Theresy Mayové	Theresy Mayo	PER	76-16
Wandsworth	Wandsworth	LOC	111-4
BBC	BBC	PRO	86-48
konzervativci	konzervativec	PER	72-3
konzervativní	konzervativní	PER	72-4
Labouristům	labourista	PER	100-2
Nuneatonu	Nuneaton	LOC	88-98
Bedworthu	Bedworth	LOC	86-171
Warwickshire	Warwickshire	LOC	111-5
Plymouth	Plymouth	LOC	59-15
Traffordu	Trafford	LOC	76-162
Toryové	toryový	PER	76-98
Strany nezávislosti Spojeného království	strana závislost spojený království	ORG	69-17
UKIP	UKIP	ORG	54-0
Basildonu	Basildon	LOC	86-241
Essex	Essex	LOC	53-135
Peterboroughu	Peterborough	LOC	59-116
Londýna	Londýn	LOC	100-3
