cs-1084
Mayovou	Mayová	PER	58-69
brexitem	brexit	EVT	86-60
Sněmovně lordů	sněmovna lord	ORG	69-10
Euro Zprávy . cz /	Euro zpráva . cz /	PRO	53-11
ČTK	ČTK	ORG	70-7
Londýn	Londýn	LOC	100-3
Theresa Mayová	Theresa Mayová	PER	76-17
Evropské unie	evropský unie	ORG	53-8
Sněmovna lordů	sněmovna lord	ORG	69-10
brexit	brexit	EVT	86-45
Irskem	Irsko	LOC	75-6
konzervativci	konzervativec	PER	72-3
Mayové	Mayo	PER	58-69
Sněmovny lordů	sněmovna lord	ORG	69-10
brexitu	brexit	EVT	86-43
Dolní sněmovna	dolní sněmovna	ORG	79-17
Spojeného království	spojený království	LOC	69-7
EU	EU	ORG	53-83
Severní Irsko	severní Irsko	LOC	69-6
Anglie	Anglie	LOC	66-17
Skotsko	Skotsko	LOC	69-22
Wales	Wales	LOC	111-7
Británie	Británie	LOC	86-15
Severním Irskem	severní Irsko	LOC	69-6
Irskou republikou	irský republika	LOC	75-8
Británií	Británie	LOC	86-15
