cs-1231
Babiš	Babiš	PER	86-65
Junckerem	Juncker	PER	51-99
Andreje Babiše	Andrej Babiša	PER	66-34
Evropské komise	evropský komise	ORG	53-10
EK	EK	ORG	53-84
Jeanem - Claudem Junckerem	Jean - Claud Juncker	PER	51-12
Bruselu	Brusel	LOC	86-14
Junckera	Juncker	PER	51-93
brexit	brexit	EVT	86-45
visegrádské skupiny	visegrádský skupina	ORG	98-14
České republiky	český republika	LOC	70-2
Slovenska	Slovensko	LOC	69-13
Polska	Polsko	LOC	59-4
Maďarska	Maďarsko	LOC	58-71
Africe	Afrika	LOC	66-6
Itálií	Itálie	LOC	75-5
Česko	Česko	LOC	70-3
Slovinska	Slovinsko	LOC	69-14
Bulharska	Bulharsko	LOC	86-58
Andrej Babiš	Andrej Babiš	PER	66-34
Evropské unie	evropský unie	ORG	53-8
Británie	Británie	LOC	86-15
Babiše	Babiša	PER	86-65
Evropské unii	evropský unie	ORG	53-8
