cs-1006
brexit	brexit	EVT	86-45
německé	německý	LOC	88-1
Britové	Brit	PER	86-46
Farage	Farage	PER	106-11
Evropské unii	evropský unie	ORG	53-8
Kirsten Mehrovou	Kirsten Mehrová	PER	72-9
Německa	Německo	LOC	88-2
Guardian	Guardian	PRO	77-1
Brity	Brit	PER	86-46
Evropany	Evropan	PER	53-9
Farageovy	Farageův	PER	106-11
Britů	Brit	PER	86-46
brexitu	brexit	EVT	86-43
UKIP	UKIP	ORG	54-0
Velká Británie	velký Británie	LOC	98-3
Evropské unie	evropský unie	ORG	53-8
Brexit	brexit	EVT	86-23
EU	EU	ORG	53-83
Británie	Británie	LOC	86-15
TV Nova s . r . o .	televize Nova společnost . rok . omezený .	ORG	76-164
ČTK	ČTK	ORG	70-7
The Associated Press	the Associated Press	ORG	76-111
AP	AP	ORG	66-9
