cs-1027
Brexit	brexit	EVT	86-23
Johnson	Johnson	PER	51-3
EU	EU	ORG	53-83
Boris Johnson	Boris Johnson	PER	86-54
Evropské unie	evropský unie	ORG	53-8
brexitu	brexit	EVT	86-47
konzervativců	konzervativec	PER	72-3
Donaldu Trumpovi	Donald Trumpe	PER	79-11
Bruselem	Brusel	LOC	86-14
Britové	Brit	PER	86-46
Johnsonovy	Johnsonův	PER	51-4
Buzzfeed	Buzzfeed	PRO	86-55
brexit	brexit	EVT	86-17
Donalda Trumpa	Donald Trumpa	PER	79-11
Trump	Trump	PER	76-18
Conservative Way Forward	Conservative Way Forward	ORG	107-7
Konzervativní cesta vpřed	konzervativní cesta vpřed	ORG	72-11
Konzervativní strany	konzervativní strana	ORG	72-12
Severním Irskem	severní Irsko	LOC	69-6
Irskou republikou	irský republika	LOC	75-8
Británie	Británie	LOC	86-15
britského parlamentu	britský parlament	ORG	86-24
