cs-963
Británie	Británie	LOC	86-15
Bruselu	Brusel	LOC	86-14
brexitu	brexit	EVT	86-19
Evropské unie	evropský unie	ORG	53-8
EU	EU	ORG	53-83
Londýn	Londýn	LOC	100-3
brexit	brexit	EVT	86-45
BBC	BBC	PRO	86-48
Londýna	Londýn	LOC	100-3
Theresa Mayová	Theresa Mayová	PER	76-17
Severního Irska	severní Irsko	LOC	69-5
Britové	Brit	PER	86-46
Reuters	Reuters	ORG	95-3
Brusel	Brusel	LOC	86-14
Mayová	Mayová	PER	58-69
Greg Clark	Greg Clark	PER	77-13
The Daily Telegraph	the Daily Telegraph	PRO	76-31
Ivan Rogers	Ivan Rogers	PER	75-15
Británii	Británie	LOC	86-15
