cs-1087
Cambridge Analytica	Cambridge Analytica	ORG	107-6
Facebooku	Facebook	PRO	106-4
SCL Group	SCL Group	ORG	69-23
New Yorku	New York	LOC	88-10
Washingtonu	Washington	LOC	111-71
Londýně	Londýn	LOC	100-3
Brazílii	Brazílie	LOC	86-63
Malajsii	Malajsie	LOC	58-75
NYT	NYT	PRO	88-12
Robert Mercer	Robert Mercer	PER	95-13
Donalda Trumpa	Donald Trumpa	PER	79-11
Steve Bannon	Steve Bannon	PER	69-24
Britové	Brit	PER	86-46
Teda Cruze	Teda Cruha	PER	76-85
Trumpovi	Trumpe	PER	76-150
Channel 4	Channel 4	PRO	107-91
Uhurua Kenyatty	Uhurua Kenyatty	PER	54-51
Trump	Trump	PER	76-18
Alexander Nix	Alexander Nix	PER	66-19
Brad Parscale	brada Parscale	PER	86-233
Cambridge Analyticy	Cambridge Analytica	ORG	107-6
Brit	Brit	PER	86-46
Aleksandr Kogan	Aleksandr Kogan	PER	66-20
Kogan	Kogan	PER	72-18
The Guardian	the Guardian	PRO	76-3
Facebook	Facebook	PRO	106-4
Mark Zuckerberg	Mark Zuckerberg	PER	58-26
Spojeného království	spojený království	LOC	69-7
USA	USA	LOC	54-2
Federální komise pro obchod	federální komise pro obchod	ORG	106-66
FTC	FTC	ORG	106-74
Aggregate IQ	Aggregate IQ	ORG	66-23
brexitu	brexit	EVT	86-43
Vote Leave	Vote Leave	ORG	98-11
amerického kongresu	americký kongres	ORG	66-24
