cs-228
německá	německý	LOC	88-1
Evropu	Evropa	LOC	53-7
brexit	brexit	EVT	86-45
Německu	Německo	LOC	88-2
CDU	CDU	ORG	107-82
CSU	CSU	ORG	107-23
Angely Merkelové	Angela Merkelová	PER	66-41
sociálních demokratů	sociální demokrat	PER	69-52
SPD	SPD	ORG	69-3
Martin Schulz	Martin Schulz	PER	58-73
EU	EU	ORG	53-83
The Guardian	the Guardian	PRO	76-3
německý	německý	LOC	88-1
Die Welt	die Welt	PRO	79-28
Alan Posener	Alan Posener	PER	66-187
Alternativy pro Německo	alternativa pro Německo	ORG	66-168
AfD	AfD	ORG	66-43
Británii	Británie	LOC	86-15
Evropského parlamentu	evropský parlament	ORG	53-12
Schulz	Schulz	PER	69-53
Emmanuel Macron	Emmanuel Macron	PER	53-13
