cs-2
brexit	brexit	EVT	86-45
Sorose	Soros	PER	69-51
EU	EU	ORG	53-83
George Soros	George Soros	PER	77-6
Evropské unie	evropský unie	ORG	53-8
Guardian	Guardian	PRO	77-1
List Daily Telegraph	list Daily Telegraph	PRO	xxx
brexitu	brexit	EVT	86-47
Best for Britain	Best for Britain	ORG	86-6
Londýn	Londýn	LOC	100-3
Maďarský	maďarský	LOC	58-211
flickr . com	flickr . com	PRO	106-51
International Monetary Fund	International Monetary Fund	ORG	75-62
Michael Spilotro	Michael Spilotro	PER	58-260
Eloise Toddová	Elois Toddová	PER	53-22
Sorosovo	Sorosův	PER	69-177
Telegraph	Telegraph	PRO	76-1
Sorosovi	Soros	PER	69-51
Daily Mail	Daily Mail	PRO	79-2
Maďarsku	Maďarsko	LOC	58-71
Rusku	Rusko	LOC	95-6
George Sorose	George Soros	PER	77-6
Vědci pro EU	vědec pro EU	PRO	98-49
