cs-1153
brexitu	brexit	EVT	86-43
Británie	Británie	LOC	86-15
brexit	brexit	EVT	86-45
Liam Fox	Liam Fox	PER	100-13
brexitem	brexit	EVT	86-60
Theresy Mayové	Theresy Mayo	PER	76-16
Unie	unie	ORG	54-3
BBC	BBC	ORG	86-48
EU	EU	ORG	53-83
Brexit	Brexit	EVT	86-69
People ' s Vote	People ' státní Vote	ORG	59-17
UK	UK	LOC	54-1
Boris Johnson	Boris Johnson	PER	86-54
brexit“	brexit“	EVT	86-66
Brity	Brit	PER	86-46
David Davis	David Davis	PER	79-14
Daily Express	Daily Express	PRO	79-0
Mayová	Mayová	PER	58-69
Británii	Británie	LOC	86-15
Bruselem	Brusel	LOC	86-14
Spojené království	spojený království	LOC	69-7
