pl-25
AFP	AFP	ORG	ORG-AFP-Agence-France-Press
AP	AP	ORG	ORG-AP-The-Associated-Press
Agencją Reutera	Agencja Reutera	ORG	ORG-Reuters
Ashiq Masih	Ashiq Masih	PER	PER-Ashiq-Masih
Asi Bibi	Asia Bibi	PER	PER-Asia-Bibi
Asia Bibi	Asia Bibi	PER	PER-Asia-Bibi
Asia Noreen	Asia Noreen	PER	PER-Asia-Bibi
Asię Bibi	Asia Bibi	PER	PER-Asia-Bibi
Bibi	Bibi	PER	PER-Asia-Bibi
Donalda Trumpa	Donald Trump	PER	PER-Donald-Trump
EFE	EFE	ORG	ORG-EFE
Fayaz Ul-Hassan Chauhan	Fayaz Ul-Hassan Chauhan	PER	PER-Fayaz-Ul-Hassan-Chauhan
Holandii	Holandia	LOC	GPE-Holland
Islamabad	Islamabad	LOC	GPE-Islamabad
Islamabadu	Islamabad	LOC	GPE-Islamabad
Kanadzie	Kanada	LOC	GPE-Canada
Mahometa	Mahomet	PER	PER-Mahomet
Mulook	Mulook	PER	PER-Saif-Ul-Malook
Multan	Multan	LOC	GPE-Multan
Pakistanie	Pakistan	LOC	GPE-Pakistan
Pakistanu	Pakistan	LOC	GPE-Pakistan
Pakistańczykami	Pakistańczycy	PER	GPE-Pakistan
Pendżab	Pendżab	LOC	GPE-Punjab
Pendżabie	Pendżab	LOC	GPE-Punjab
Reutera	Reuter	ORG	ORG-Reuters
Saif ul-Mulook	Saif ul-Mulook	PER	PER-Saif-Ul-Malook
Stanach Zjednoczonych	Stany Zjednoczone	LOC	GPE-USA
Sąd Najwyższy w Lahaur	Sąd Najwyższy w Lahaur	ORG	ORG-Court-in-Lahur
Sąd Najwyższy	Sąd Najwyższy	ORG	ORG-Supreme-Court-of-Pakistan
TLP	TLP	ORG	ORG-Tehreek-e-Labbaik-Pakistan
Tehreek-e-Labbaik	Tehreek-e-Labbaik	ORG	ORG-Tehreek-e-Labbaik-Pakistan
Wielkiej Brytanii	Wielka Brytania	LOC	GPE-Great-Britain
holenderskim parlamencie	holenderski parlament	ORG	ORG-Dutch-Parlament
lotnisko w Multan	lotnisko w Multan	LOC	LOC-Multan-Airport
więzienia w Multan	więzienie w Multan	LOC	LOC-Multan-prison
