sl-191
Esperja	Esper	PER	999-8
demokrat	demokrat	PER	968-0
Joe Biden	Joe Biden	PER	1016-1
Bele hiše	bel hiša	LOC	804-4
Predsednik	predsednik	PER	xxx
Trump	Trump	PER	847-0
Esperjem	Esper	PER	999-8
ZDA	ZDA	LOC	1058-0
Donald Trump	Donald Trump	PER	968-2
Marka Esperja	Marko Esper	PER	935-9
zveznega preiskovalnega urada	zvezen preiskovalen urad	ORG	xxx
Christopherja Wraya	Christopher Wray	PER	899-0
obveščevalne agencije	obveščevalen agencija	ORG	xxx
Cia	Cia	ORG	899-5
Gino Haspel	Gina Haspel	PER	868-15
Esper	Esper	PER	999-8
Donaldu Trumpu	Donald Trump	PER	968-2
Georgea Floyda	George Floyd	PER	868-7
Minneapolisu	Minneapolis	LOC	935-10
cerkvi Sv. Janeza	cerkev sv. Janez	LOC	899-15
Biblijo	biblija	PRO	899-15
Bele hiše za boj proti terorizmu	bel hiša za boj proti terorizem	LOC	804-4
Christopher C. Miller	Christopher C. Miller	PER	899-31
FBI-ja	FBI	ORG	xxx
Christopher Wray	Christopher Wray	PER	899-0
Pentagon	Pentagon	ORG	922-8
Cie	Cie	ORG	899-33
Wray	Wray	PER	899-33
Haspelova	Haspelov	PER	912-26
Trumpovemu	Trumpov	PER	847-0
Joeju Bidnu	Joe Bidn	PER	1016-0
Hunterju	Hunter	PER	912-3
Ukrajini	Ukrajina	LOC	1035-0
senatnem odboru za državno varnost	senaten odbor za državen varnost	ORG	819-12
republikanski	republikanski	PER	xxx
Trumpovi	Trumpov	PER	847-0
covida 19	covid 19	EVT	899-17
Američane	Američan	PER	881-1
Pfizerja	Pfizer	ORG	923-9
BioNTecha	Biontech	ORG	804-12
