sl-12
Donald Trump	Donald Trump	PER	963-1
Upravi splošnih služb	uprava splošen služba	ORG	1034-13
GSA	GSA	ORG	866-3
Joseph Biden	Joseph Biden	PER	1013-11
FBI	FBI	ORG	980-3
Emily Murphy	Emily Murphy	PER	998-4
Bidnu	Biden	PER	797-5
Michigana	Michigan	LOC	1046-31
Bidnovo	Bidnov	PER	797-6
Trumpova	Trumpov	PER	837-0
Bidna	Bidn	PER	797-3
Nevada	Nevada	LOC	905-4
Georgia	Georgia	LOC	866-1
Turmpove	Turmpov	PER	837-4
Emily	Emily	PER	998-4
Trump	Trump	PER	837-0
Michiganu	Michigan	LOC	932-1
republikancev	republikanec	PER	990-1
Tennesseeja	Tennessee	LOC	837-3
Lamar Alexander	Lamar Alexander	PER	1049-14
Ohia	Ohio	LOC	1005-3
Rob Portman	Rob Portman	PER	990-21
Mitt Romney	Mitt Romney	PER	932-24
Utaha	Utah	LOC	1034-14
Lisa Murkowski	Lisa Murkowski	PER	1049-27
Aljaske	Aljaska	LOC	878-4
Ben Sasse	Ben Sasse	PER	797-10
Nebraske	Nebraska	LOC	905-26
Shelley Moore Capito	Shelley Moore Capito	PER	817-21
Zahodne Virginije	zahoden Virginija	LOC	1054-4
Susan Collins	Susan Collins	PER	817-0
Maina	Main	ORG	932-27
