sl-224
republikance	republikanec	PER	994-0
FBI	FBI	ORG	982-0
Donald Trump	Donald Trump	PER	970-1
Fox	Fox	ORG	982-2
Fox News	Fox News	PRO	982-1
Joeja Bidna	Joe Bidn	PER	1018-1
Arizoni	Arizona	LOC	884-1
Mario Bartiromo	Mario Bartiromo	PER	937-22
Ken Star	Ken Star	PER	1044-8
Trumpove	Trumpov	PER	853-0
Trump	Trump	PER	853-0
Bartiromovo	Bartiromov	PER	807-6
Bidna	Bidn	PER	807-3
Georgie	Georgie	LOC	869-6
Briana Kempa	Brian Kemp	PER	869-6
Kempa	Kemp	PER	1044-7
Biden	Biden	PER	807-2
Georgii	Georgia	LOC	869-2
Kemp	Kemp	PER	xxx
Trumpa	Trump	PER	853-0
vrhovno sodišče ZDA	vrhoven sodišče ZDA	ORG	xxx
ZDA	ZDA	LOC	1060-0
Jamesa Comeyja	James Comey	PER	1018-17
Hillary Clinton	Hillary Clinton	PER	912-5
Znova	znova	PER	xxx
Dominion	Dominion	ORG	970-5
Bidnu	Bidn	PER	807-3
Trumpovih	Trumpov	PER	853-0
Kuba	Kuba	LOC	1044-2
Venezuela	Venezuela	LOC	1048-0
Hugom Chavezom	Hugo Chavez	PER	912-6
Venezuelo	Venezuela	LOC	1048-13
Kubo	Kuba	LOC	1044-2
