sl-36
Donald Trump	Donald Trump	PER	972-0
Joe Biden	Joe Biden	PER	1019-0
John F. Kennedy	John F. Kennedy	PER	1019-12
Richarda Nixona	Richard Nixon	PER	995-13
ZDA	ZDA	LOC	1062-0
facebooka	facebook	PRO	983-1
twitterja	twitter	PRO	857-1
Hillary Clinton	Hillary Clinton	PER	913-1
Bele hiše	bel hiša	LOC	xxx
Donaldu Trumpu	Donald Trump	PER	972-0
Georgeem Washingtonom	George Washington	PER	869-14
Washington Post	Washington post	PRO	952-3
Trump	Trump	PER	857-0
New York Times	New York Times	PRO	909-2
Twitter	Twitter	PRO	857-5
Trumpovo	Trumpov	PER	857-0
Državo	država	PER	xxx
Ivanko	Ivanka	PER	890-4
Jaredom Kushnerjem	Jared Kushner	PER	1019-14
Najprej Amerika	najprej Amerika	PRO	909-10
America First	America First	PRO	885-11
Američanom	Američan	PER	885-3
Mike	Mike	PER	938-4
Če	če	PER	xxx
Mike Pence	Mike Pence	PER	938-4
Pence	Pence	PER	925-2
Trumpovega	Trumpov	PER	857-2
Kamalo Harris	Kamala Harris	PER	1044-4
konservativca	konservativec	PER	1044-1
Trumpa	Trump	PER	857-8
Trumpom	Trump	PER	857-0
Delaware	Delaware	LOC	972-2
Trumpov	Trumpov	PER	857-0
New Yorku	New York	LOC	909-1
Zaspani Joe	zaspan Joe	PER	xxx
republikanci	republikanec	PER	995-1
ZDA socialdemokrata	ZDA socialdemokrat	LOC	1062-0
Bidnovo	Bidnov	PER	xxx
Bernie Sanders	Bernie Sanders	PER	810-4
Biden	Biden	PER	810-1
Belo hišo	bel hiša	LOC	810-2
zgornjega doma ameriškega kongresa	zgornji dom ameriški kongres	ORG	xxx
Barack Obama	Barack Obama	PER	810-3
Obama	Obama	PER	1006-2
Barack-Michelle Obama	Barackxmichelle Obama	PER	1006-6
Revež	revež	PER	xxx
Forbes	Forbes	ORG	983-12
Forbesovi	Forbesov	ORG	983-16
Geraldine Ferraro	Geraldin Ferraro	PER	869-11
Walter Mondale	Walter Mondale	PER	952-14
Georgeu W. H. Bushu	George W. H. Bush	PER	870-5
Sarah Palin	Sarah Palin	PER	821-3
Johnu McCainu	John Mccain	PER	1020-1
Kamala Harris	Kamala Harris	PER	1045-0
Kalifornije	Kalifornija	LOC	1045-1
Bidnova	Bidnov	PER	810-15
Harrisova	Harrisov	PER	913-6
San Francisca	San Francisco	LOC	1006-18
Beli hiši	bel hiša	LOC	810-2
