cz-112
Belgie	Belgie	LOC	GPE-Belgium
Belgii	Belgie	LOC	GPE-Belgium
Bruselu	Brusel	LOC	GPE-Brussles
CNE	CNE	ORG	ORG-CNE/LBC-Union
Evropou	Evropa	LOC	LOC-Europe
Itálie	Itálie	LOC	GPE-Italy
Itálii	Itálie	LOC	GPE-Italy
Kenny Jacobs	Kenny Jacobs	PER	PER-Kenny-Jacobs
Nizozemska	Nizozemsko	LOC	GPE-Holland
Nizozemsku	Nizozemsko	LOC	GPE-Holland
Německa	Německo	LOC	GPE-Germany
Německu	Německo	LOC	GPE-Germany
Odborový svaz německých pilotů	Odborový svaz německých pilotů	ORG	ORG-Vereinigung-Cockpit
Portugalsku	Portugalsko	LOC	GPE-Portugal
Prahy	Praha	LOC	GPE-Prague
Ryanair	Ryanair	ORG	ORG-Ryanair
Ryanairu	Ryanair	ORG	ORG-Ryanair
Uiltrasporti	Uiltrasporti	ORG	ORG-UILTrasporti
Vereinigung Cockpit	Vereinigung Cockpit	ORG	ORG-Vereinigung-Cockpit
letiště Václava Havla	letiště Václava Havla	LOC	LOC-Vaclav-Havel-Airport-Prague
talský svaz pracovníků dopravy	italský svaz pracovníků dopravy	ORG	ORG-UILTrasporti
Čechů	Češi	PER	GPE-Czech-Republic
Česka	Česko	LOC	GPE-Czech-Republic
Španělska	Španělsko	LOC	GPE-Spain
Španělsku	Španělsko	LOC	GPE-Spain
