cs-new-17
American Airlines	American Airlines	ORG	ORG-American-Airlines
Aurigny Air Service	Aurigny Air Service	ORG	ORG-Aurigny-Air-Service
BBC	BBC	PRO	PRO-BBC
Chris Tarry	Chris Tarry	PER	PER-Chris-Tarry
Emirates	Emirates	ORG	ORG-Emirates
Evropě	Evropa	LOC	LOC-Europe
Jet2	Jet2	ORG	ORG-Jet2
Qatar Airways	Qatar Airways	ORG	ORG-Qatar-Airways
Reuters	Reuters	ORG	ORG-Reuters
Rory Bolandová	Rory Bolandová	PER	PER-Rory-Boland
Ryanair.com	Ryanair.com	PRO	PRO-Ryanair.com
Ryanair	Ryanair	ORG	ORG-Ryanair
Singapore Airlines	Singapore Airlines	ORG	ORG-Singapore-Airlines
Swiss Airlines	Swiss Airlines	ORG	ORG-Swiss-Airlines
Thomas Cook Airlines	Thomas Cook Airlines	ORG	ORG-Thomas-Cook-Airlines
Thomson	Thomson	ORG	ORG-Tui-Airways
Tui Airways	Tui Airways	ORG	ORG-Tui-Airways
United Airlines	United Airlines	ORG	ORG-United-Airlines
Which?	Which?	PRO	PRO-Which?-Magazine
Wizz Air	Wizz Air	ORG	ORG-Wizz-Air
