pl-109
Agencję Informacyjną Polska Press 	Agencja Informacyjna Polska Press	ORG	ORG-Agencja-Informacyjna-Polska-Press
Belgii	Belgia	LOC	GPE-Belgium
Europie	Europa	LOC	LOC-Europe
Hiszpanii	Hiszpania	LOC	GPE-Spain
Irlandii	Irlandia	LOC	GPE-Ireland
Jose Vieira da Silva	Jose Vieira da Silva	PER	PER-Jose-Vieira-da-Silva
Marius Stonkus	Marius Stonkus	PER	PER-Marius-Stonkus
Michael O'Leary	Michael O'Leary	PER	PER-Michael-O'Leary
O'Leary	O'Leary	PER	PER-Michael-O'Leary
Olga Pawlonka	Olga Pawlonka	PER	PER-Olga-Pawlonka
Portugalii	Portugalia	LOC	GPE-Portugal
Ryanair	Ryanair	ORG	ORG-Ryanair
Ryanaira	Ryanair	ORG	ORG-Ryanair
SKYCOP	SKYCOP	ORG	ORG-Skycop
SNPVAC	SNPVAC	ORG	ORG-SNPVAC-Union
Skycop	Skycop	ORG	ORG-Skycop
Strefa Biznesu	Strefa Biznesu	PRO	PRO-Strefa-Biznesu
Traktat Rzymski 	Traktat Rzymski	PRO	PRO-Treaty-of-Rome
Włoch	Włochy	LOC	GPE-Italy
