sl-54
Adria	Adria	ORG	ORG-Adria-Airways
Adrio	Adria	ORG	ORG-Adria-Airways
Aigle Azur	Aigle Azur	ORG	ORG-Aigle-Azur
Azur Air	Azur Air	ORG	ORG-Azur-Air
Benetk	Benetke	LOC	GPE-Venice
Brnika	Brnik	LOC	LOC-Ljubljana-Jože-Pučnik-Airport
Brniku	Brnik	LOC	LOC-Ljubljana-Jože-Pučnik-Airport
Bruslja	Bruselj	LOC	GPE-Brussles
Brussels Airlines	Brussels Airlines	ORG	ORG-Brussels-Airlines
Cityjet	Cityjet	ORG	ORG-CityJet
Cobalt Air	Cobalt Air	ORG	ORG-Cobalt-Air
Evrope	Evropa	LOC	LOC-Europe
Evropi	Evropa	LOC	LOC-Europe
Flybmi	Flybmi	ORG	ORG-Flybmi
Frankfurta	Frankfurt	LOC	GPE-Frankfurt-am-Main
Germania	Germania	ORG	ORG-Germania-(airline)
Houston	Houston	LOC	GPE-Houston
Latviji	Latvija	LOC	GPE-Latvia
Ljubljane	Ljubljana	LOC	GPE-Ljubljana
Ljubljano	Ljubljana	LOC	GPE-Ljubljana
Lufthansa	Lufthansa	ORG	ORG-Lufthansa
Michaela O'Learyja	Michael O'Leary	PER	PER-Michael-O'Leary
New York	New York	LOC	GPE-New-York
Primera Air	Primera Air	ORG	ORG-Primera-Air
Ryanair	Ryanair	ORG	ORG-Ryanair
Ryanaira	Ryanair	ORG	ORG-Ryanair
Ryanairovega	Ryanairov	ORG	ORG-Ryanair
San Francisco	San Francisco	LOC	GPE-San-Francisco
SkyWork	SkyWork	ORG	ORG-SkyWork
Slovenije	Slovenija	LOC	GPE-Slovenia
Small Planet Airlines	Small Planet Airlines	ORG	ORG-Small-Planet-Airlines
Swiss	Swiss	ORG	ORG-Swiss-International-Air-Lines
The Economist	The Economist	PRO	PRO-The-Economist
Trevisa	Treviso	LOC	GPE-Treviso
United	United	ORG	ORG-United-Airlines
VLM	VLM	ORG	ORG-VLM-Airlines
Wow	Wow	ORG	ORG-Wow-air
Združene države Amerike	Združene države Amerike	LOC	GPE-USA
Združenih državah	Združene države	LOC	GPE-USA
Züricha	Zürich	LOC	GPE-Zürich
Čikago	Čikago	LOC	GPE-Chicago
