pl-10
AFP	AFP	ORG	ORG-AFP-Agence-France-Press
Aasię Bibi	Asia Bibi	PER	PER-Asia-Bibi
Asia Bibi	Asia Bibi	PER	PER-Asia-Bibi
Asii Bibi	Asia Bibi	PER	PER-Asia-Bibi
Asię Bibi	Asia Bibi	PER	PER-Asia-Bibi
BBC	BBC	ORG	ORG-BBC-Ltd
Bibi	Bibi	PER	PER-Asia-Bibi
Franciszek	Franciszek	PER	PER-Pope-Francis
Itanwali	Itanwali	LOC	GPE-Itanwali
Mahometa	Mahomet	PER	PER-Mahomet
Mahometowi	Mahomet	PER	PER-Mahomet
Muhammada Zia-ul-Haqa	Muhammad Zia-ul-Haq	PER	PER-Muhammad-Zia-ul-Haq
Pakistan	Pakistan	LOC	GPE-Pakistan
Pakistanie	Pakistan	LOC	GPE-Pakistan
Pendżabie	Pendżab	LOC	GPE-Punjab
Sadu Najwyższego	Sąd Najwyższy	ORG	ORG-Supreme-Court-of-Pakistan
Saqib Nisarm	Saqib Nisarm	PER	PER-Mian-Saqib-Nisar
Sąd Najwyższy	Sąd Najwyższy	ORG	ORG-Supreme-Court-of-Pakistan
Sąd	Sąd	ORG	ORG-Supreme-Court-of-Pakistan
sądu pierwszej instancji	Sąd Pierwszej Instancji	ORG	ORG-Supreme-Court-of-Pakistan
