pl-49
AFP	AFP	ORG	ORG-AFP-Agence-France-Press
Asi Bibi	Asia Bibi	PER	PER-Asia-Bibi
Asia Bibi	Asia Bibi	PER	PER-Asia-Bibi
Asia Noreen	Asia Noreen	PER	PER-Asia-Bibi
Asię Bibi	Asia Bibi	PER	PER-Asia-Bibi
Associated Press	Associated Press	ORG	ORG-AP-The-Associated-Press
Bibi	Bibi	PER	PER-Asia-Bibi
Dawn	Dawn	ORG	ORG-Dawn-News
Imrana Khana	Imran Khan	PER	PER-Imran-Khan
Karaczi	Karaczi	LOC	GPE-Karachi
Mahometa	Mahomet	PER	PER-Mahomet
Mulooka	Mulook	PER	PER-Saif-Ul-Malook
Noor-ul-Haq Qadri	Noor-ul-Haq Qadri	PER	PER-Noor-ul-Haq-Qadri
PAP	PAP	ORG	ORG-PAP-Polish-Press-Agency
Pakistan	Pakistan	LOC	GPE-Pakistan
Pakistanie	Pakistan	LOC	GPE-Pakistan
Pakistanu	Pakistan	LOC	GPE-Pakistan
Saif-ul-Mulook	Saif-ul-Mulook	PER	PER-Saif-Ul-Malook
Sąd Najwyższy	Sąd Najwyższy	ORG	ORG-Supreme-Court-of-Pakistan
Sądu Najwyższego	Sąd Najwyższy	ORG	ORG-Supreme-Court-of-Pakistan
TLP	TLP	ORG	ORG-Tehreek-e-Labbaik-Pakistan
Tehreek-e-Labbaik Pakistan	Tehreek-e-Labbaik Pakistan	ORG	ORG-Tehreek-e-Labbaik-Pakistan
