pl-1599
Barnier	Barnier	PER	PER-Michel-Barnier
Brexit	Brexit	EVT	EVT-Brexit
Brexitu	Brexit	EVT	EVT-Brexit
Brukselą	Bruksela	LOC	GPE-Brussles
France 2	France 2	PRO	PRO-France-2-TV
Irlandii Północnej	Irlandia Północna	LOC	LOC-Irlends-countries
Irlandii	Irlandia	LOC	GPE-Ireland
Irlandią Północną	Irlandia Północna	LOC	LOC-Irlends-countries
Irlandią	Irlandia	LOC	GPE-Ireland
Londynem	Londyn	LOC	GPE-London
Michel Barnier	Michel Barnier	PER	PER-Michel-Barnier
Tony Blair	Tony Blair	PER	PER-Tony-Blair
UE	UE	ORG	ORG-European-Union
Ulsterze	Ulster	LOC	GPE-Ulster
W. Brytanii	W. Brytania	LOC	GPE-Great-Britain
Wielka Brytania	Wielka Brytania	LOC	GPE-Great-Britain
Wielkiej Brytanii	Wielka Brytania	LOC	GPE-Great-Britain
Zjednoczonego Królestwa	Zjednoczone Królestwo	LOC	GPE-Great-Britain
porozumieniem wielkopiątkowym	Porozumienie wielkopiątkowe	PRO	PRO-Good-Friday-Agreement
