pl-1632
Brexit	Brexit	EVT	EVT-Brexit
Churchill	Churchill	PER	PER-Winston-Churchil
Dunaju	Dunaj	LOC	LOC-Danube
Europejska Wspólnota Gospodarcza	Europejska Wspólnota Gospodarcza	ORG	ORG-EEC-European-Economic-Community
Europie	Europa	LOC	LOC-Europe
Komisja Europejska	Komisja Europejska	ORG	ORG-European-Commission
Komisji	Komisja	ORG	ORG-European-Commission
Komisją	Komisja	ORG	ORG-European-Commission
Polaków	Polacy	PER	GPE-Poland
Polsce	Polska	LOC	GPE-Poland
Polska	Polska	LOC	GPE-Poland
Polski	Polska	LOC	GPE-Poland
UE	UE	ORG	ORG-European-Union
Unia	Unia	ORG	ORG-European-Union
Unii Europejskiej	Unia Europejska	ORG	ORG-European-Union
Unii	Unia	ORG	ORG-European-Union
Wielkiej Brytanii	Wielka Brytania	LOC	GPE-Great-Britain
Węgrom	Węgrzy	PER	GPE-Hungary
polexitu	Polexit	EVT	EVT-Polexit
