183
europska komisija	europska komisija	ORG	1
cemexa hrvatska	cemex hrvatska	ORG	50437
hrvatskoj	hrvatska	LOC	41
heidelbergcement	heidelbergcement	ORG	50438
schwenk	schwenk	ORG	50439
duna dráva cement	duna dráva cement	ORG	50440
ddc	ddc	ORG	50440
mađarskoj	mađarska	LOC	294
cemexa	cemex	ORG	50445
komisija	komisija	ORG	1
dalmaciji	dalmacija	LOC	50441
splitu	split	LOC	50442
ddc-a	ddc	ORG	50440
bosne i hercegovine	bosna i hercegovina	LOC	299
komisije	komisija	ORG	1
hrvatske	hrvatska	LOC	41
lafargeholcim	lafargeholcim	ORG	50443
europske komisije	europska komisija	ORG	1
njemačkoj	njemačka	LOC	68
kakanj	kakanj	LOC	50444
bosni i hercegovini	bosna i hercegovina	LOC	299
cemex	cemex	ORG	50445
