sl-57
AFP	AFP	ORG	ORG-AFP-Agence-France-Press
Angela Merkel	Angela Merkel	PER	PER-Angela-Merkel
Baltskem morju	Baltsko morje	LOC	LOC-Baltic-Sea
Danska	Danska	LOC	GPE-Denmark
EU	EU	ORG	ORG-European-Union
Finska	Finska	LOC	GPE-Finland
Gazprom	Gazprom	ORG	ORG-Gazprom
Nemčije	Nemčija	LOC	GPE-Germany
Nemčijo	Nemčija	LOC	GPE-Germany
Nemška agencija za pomorstvo in hidrografijo	Nemška agencija za pomorstvo in hidrografijo	ORG	ORG-Federal-Maritime-and-Hydrographic-Agency-of-Germany
Nord Stream 2 AG	Nord Stream 2 AG	ORG	ORG-Nord-Stream-2-AG
Poljska	Poljska	LOC	GPE-Poland
Rusija	Rusija	LOC	GPE-Russia
Rusiji	Rusija	LOC	GPE-Russia
Sergeja Skripala	Sergej Skripal	PER	PER-Siergiej-Skripal
Severni tok 1	Severni tok 1	PRO	PRO-Nord-Stream-1
Severni tok 2	Severni tok 2	PRO	PRO-Nord-Stream-2
Ukrajine	Ukrajina	LOC	GPE-Ukraine
Ukrajini	Ukrajina	LOC	GPE-Ukraine
Veliki Britaniji	Velika Britanija	LOC	GPE-Great-Britain
baltske države	baltske države	LOC	LOC-Baltic-countries
Švedska	Švedska	LOC	GPE-Sweden
