sl-61
Allseas	Allseas	ORG	ORG-Allseas
Ameriški kongres	Ameriški kongres	ORG	ORG-United-States-Congress
Bruslju	Bruselj	LOC	GPE-Brussles
EU	EU	ORG	ORG-European-Union
Evropo	Evropa	LOC	LOC-Europe
Evropska unija	Evropska unija	ORG	ORG-European-Union
Facebooku	Facebook	PRO	PRO-Facebook
Marija Zaharova	Marija Zaharova	PER	PER-Maria-Zaharova
Moskvi	Moskva	LOC	GPE-Moscow
Nemčija	Nemčija	LOC	GPE-Germany
Nemčije	Nemčija	LOC	GPE-Germany
Nemčiji	Nemčija	LOC	GPE-Germany
Nemčijo	Nemčija	LOC	GPE-Germany
Pentagon	Pentagon	ORG	ORG-The-Pentagon
Peter Beyer	Peter Beyer	PER	PER-Peter-Beyer
Severnega toka 2	Severni tok 2	PRO	PRO-Nord-Stream-2
Severni tok 2	Severni tok 2	PRO	PRO-Nord-Stream-2
Trump	Trump	PER	PER-Donald-Trump
Turčije	Turčija	LOC	GPE-Turkey
Turčijo	Turčija	LOC	GPE-Turkey
Turški tok	Turški tok	PRO	PRO-TurkStream
ZDA	ZDA	LOC	GPE-USA
vzhodno Evropo	vzhodna Evropa	LOC	LOC-Eastern-Europe
Črnega morja	Črno morje	LOC	LOC-Black-Sea
