sl-79
Donald Trump	Donald Trump	PER	PER-Donald-Trump
Donalda Trumpa	Donald Trump	PER	PER-Donald-Trump
Donecku	Doneck	LOC	GPE-Donetsk
Kijevu	Kijev	LOC	GPE-Kiev
Moskvi	Moskva	LOC	GPE-Moscow
Putin	Putin	PER	PER-Vladimir-Putin
Putinova	Putin	PER	PER-Vladimir-Putin
Putinovem	Putin	PER	PER-Vladimir-Putin
Rdečem trgu	Rdeči trg	LOC	LOC-Red-Square
Rusija	Rusija	LOC	GPE-Russia
Rusijo	Rusija	LOC	GPE-Russia
Severni tok 2	Severni tok 2	PRO	PRO-Nord-Stream-2
Severni tok	Severni tok	PRO	PRO-Nord-Stream-1
Sovjetske zveze	Sovjetska zveza	LOC	GPE-Soviet-Union-USSR
Start	Start	PRO	PRO-START
Svetovne antidopinške agencije	Svetovna antidopinška agencija	ORG	ORG-World-Anti-Doping-Agency
Trumpu	Trump	PER	PER-Donald-Trump
Turški tok	Turški tok	PRO	PRO-TurkStream
Ukrajina	Ukrajina	LOC	GPE-Ukraine
Ukrajine	Ukrajina	LOC	GPE-Ukraine
Ukrajino	Ukrajina	LOC	GPE-Ukraine
Vladimir Putin	Vladimir Putin	PER	PER-Vladimir-Putin
Vladimirja Iljiča Lenina	Vladimir Iljič Lenin	PER	PER-Vladimir-Lenin
Vladimirja Zelenskega	Vladimir Zelenski	PER	PER-Volodymyr-Zelensky
WADA	WADA	ORG	ORG-World-Anti-Doping-Agency
ZDA	ZDA	LOC	GPE-USA
republikanci	republikanci	ORG	ORG-Republican-Party-USA
