ru-111
Ryanair	Ryanair	ORG	244-2
Европы	Европа	LOC	232-8
Польшу	Польша	LOC	219-8
The Sunday Telegraph	The Sunday Telegraph	PRO	225-63
Дирк Поллочек	Дирк Поллочек	PER	251-22
Европейской ассоциации пилотов	Европейский ассоциация пилот	ORG	232-11
ECA	ECA	ORG	206-14
Поллочика	Поллочика	PER	219-26
Польши	Польша	LOC	219-8
Польская ассоциация пилотов авиакомпаний	польский ассоциация пилот авиакомпания	ORG	219-17
LOT	LOT	ORG	248-24
Ирландии	Ирландия	LOC	250-13
Швеции	Швеция	LOC	256-3
Бельгии	Бельгия	LOC	215-13
Нидерландах	Нидерланды	LOC	246-5
Германии	Германия	LOC	227-3
Румынию	Румыния	LOC	237-17
Литву	Литва	LOC	258-7
Латвию	Латвия	LOC	258-8
Эстонию	Эстония	LOC	xxx
Болгарию	Болгарий	LOC	215-38
Яна Рождественская	Ян Рождественский	PER	xxx
