ru-71
Брюссель	Брюссель	LOC	215-10
IAG	IAG	ORG	224-5
British Airways	British Airways	ORG	236-7
Iberia	Iberia	ORG	224-8
Vueling	Vueling	ORG	247-1
easyJet	easyJet	ORG	206-15
Ryanair	Ryanair	ORG	244-2
Wizz Air	Wizz Air	ORG	259-0
Европейскую комиссию	Европейский комиссия	ORG	232-11
Францию	Франция	LOC	214-10
Европейском союзе»	Европейский союзе»	ORG	232-11
Франция	Франция	LOC	214-10
ЕС	ЕС	ORG	232-11
Европе	Европа	LOC	232-8
Уилли Уэлша	Уилли Уэлша	PER	233-9
Франции	Франция	LOC	214-10
Францией	Франция	LOC	214-10
Марселя	Марсель	LOC	239-36
Средиземного моря	средиземный море	LOC	249-19
Сената Франции	Сенат Франция	ORG	249-20
Греции	Греция	LOC	227-5
Италии	Италия	LOC	250-12
Филипп Ночевка	Филипп Ночевка	PER	214-7
