ru-125
Ryanair	Ryanair	ORG	244-2
Москва	Москва	LOC	239-11
INTERFAX.RU	INTERFAX.RU	ORG	224-9
Бельгии	Бельгия	LOC	215-13
Испании	Испания	LOC	250-11
Италии	Италия	LOC	250-12
Нидерландах	Нидерланды	LOC	246-5
Португалии	Португалия	LOC	219-7
Брюсселе	Брюссель	LOC	215-10
Германии	Германия	LOC	227-3
Кенни Джейкобса	Кенни Джейкобс	PER	245-1
Ирландия	Ирландия	LOC	250-15
Германия	Германия	LOC	227-3
Швеция	Швеция	LOC	256-5
Бельгия	Бельгия	LOC	215-13
Нидерланды	Нидерланды	LOC	246-6
Европе	Европа	LOC	232-8
Boeing - 737 - 800	Boeing - 737 - 800	PRO	236-2
Дублине	Дублин	LOC	251-10
