ru-64
Ryanair	Ryanair	ORG	244-2
Европы	Европа	LOC	232-8
Испании	Испания	LOC	250-11
Португалии	Португалия	LOC	219-7
Бельгии	Бельгия	LOC	215-13
Италии	Италия	LOC	250-12
Ryanair»	Ryanair»	ORG	244-25
Литвы	Литва	LOC	258-7
Бельгию	Бельгия	LOC	215-13
Испанию	Испания	LOC	250-18
Италию	Италия	LOC	250-17
Португалию	Португалия	LOC	219-7
Бельгия	Бельгия	LOC	215-13
Италия	Италия	LOC	250-24
Испания	Испания	LOC	250-22
Португалия	Португалия	LOC	219-7
Ryanair“	Ryanair“	ORG	244-65
Франции	Франция	LOC	214-10
Германии	Германия	LOC	227-3
Греции	Греция	LOC	227-5
Англии	Англия	LOC	217-9
CNE	CNE	ORG	255-0
Дидье Лебб.	Дидье Лебб.	PER	251-27
Евросоюз	Евросоюз	ORG	232-10
ЕС	ЕС	ORG	232-11
Майкл О’лири	Майкл Оллири	PER	239-6
Франция	Франция	LOC	214-10
