ru-87
Ryanair	Ryanair	ORG	244-2
Швеции	Швеция	LOC	256-3
Ирландии	Ирландия	LOC	250-13
Бельгию	Бельгия	LOC	215-13
Лондон	Лондон	LOC	258-9
Барселона	Барселон	LOC	215-11
Брюссель	Брюссель	LOC	215-10
Париж	Париж	LOC	219-9
Варшава	Варшав	LOC	220-2
Европе	Европа	LOC	232-8
Германии	Германия	LOC	227-3
Stork Tour	Stork Tour	ORG	221-23
Дмитрий Лелека	Дмитрий Лелека	PER	251-12
Sputnik Эстония	Sputnik Эстония	PRO	221-24
Германию	Германия	LOC	227-3
Великобританию	Великобритания	LOC	220-3
Италию	Италия	LOC	250-17
Испанию	Испания	LOC	250-18
Ирландию	Ирландия	LOC	250-14
Кипр	Кипр	LOC	245-10
Мальту	Мальта	LOC	239-15
Лелеки	Лелеки	PER	258-22
Бельгии	Бельгия	LOC	215-13
Испании	Испания	LOC	250-11
Португалии	Португалия	LOC	219-7
Италии	Италия	LOC	250-12
