uk-23
Nord Stream 2 AG	Nord Stream 2 AG	ORG	ORG-Nord-Stream-2-AG
Nord Stream 2	Nord Stream 2	ORG	ORG-Nord-Stream-2-AG
Nord Stream AG	Nord Stream AG	ORG	ORG-Nord-Stream-AG
Англії	Англія	LOC	GPE-England
Вищий суд швейцарського кантону Цуг	Вищий суд швейцарського кантону Цуг	ORG	ORG-Supreme-Court-Canton-Zug
Вищим судом	Вищий суд	ORG	ORG-Supreme-Court-Switzerland
Газпром	Газпром	ORG	ORG-Gazprom
Газпрому	Газпром	ORG	ORG-Gazprom
Нафтогаз	Нафтогаз	ORG	ORG-Naftogaz
Нафтогазом	Нафтогаз	ORG	ORG-Naftogaz
Нафтогазу	Нафтогаз	ORG	ORG-Naftogaz
Нідерландах	Нідерланди	LOC	GPE-Holland
Північний потік-1	Північний потік-1	ORG	ORG-Nord-Stream-AG
Північний потік-2	Північний потік-2	ORG	ORG-Nord-Stream-2-AG
Північного потоку-2	Північний потік-2	ORG	ORG-Nord-Stream-2-AG
Північного потоку	Північний потік	ORG	ORG-Nord-Stream-AG
Стокгольмського арбітражного суду	Стокгольмський арбітражний суд	ORG	ORG-Arbitration-Institute-of-the-Stockholm-Chamber-of-Commerce
Стокгольмського арбітражу	Стокгольмський арбітраж	ORG	ORG-Arbitration-Institute-of-the-Stockholm-Chamber-of-Commerce
Стокгольмському арбітражі	Стокгольмський арбітраж	ORG	ORG-Arbitration-Institute-of-the-Stockholm-Chamber-of-Commerce
УНІАН	УНІАН	ORG	ORG-UNIAN
України	Україна	LOC	GPE-Ukraine
Україною	Україна	LOC	GPE-Ukraine
Цуг	Цуг	LOC	GPE-Zug
Швейцарії	Швейцарія	LOC	GPE-Switzerland
Швеції	Швеція	LOC	GPE-Sweden
