uk-52
Axel Schmidt	Axel Schmidt	PER	PER-Helmut-Schmidt
Nord Stream 2	Nord Stream 2	ORG	ORG-Nord-Stream-2-AG
Ангела Меркель	Ангела Меркель	PER	PER-Angela-Merkel
Андрія Коболєва	Андрій Коболєв	PER	PER-Andrii-Kobliev
Балтійське море	Балтійське море	LOC	LOC-Baltic-Sea
Володимиром Путіним	Володимир Путін	PER	PER-Vladimir-Putin
Гайко Маас	Гайко Маас	PER	PER-Heiko-Maas
Грайфсвальд	Грайфсвальд	LOC	GPE-Greifswald
Данія	Данія	LOC	GPE-Denmark
Лубмин	Лубмин	LOC	GPE-Lubmin
МЗС	МЗС	ORG	ORG-Foreign-Office
Москві	Москва	LOC	GPE-Moscow
НАК	НАК	ORG	ORG-Naftogaz
Нафтогаз України	Нафтогаз України	ORG	ORG-Naftogaz
Німеччини	Німеччина	LOC	GPE-Germany
Північний потік-2	Північний потік - 2	ORG	ORG-Nord-Stream-2-AG
Північний потік	Північний потік	ORG	ORG-Nord-Stream-AG
Північним потоком-1	Північний потік - 1	ORG	ORG-Nord-Stream-AG
Північним потоком-2	Північний потік - 2	ORG	ORG-Nord-Stream-2-AG
Північного потоку-2	Північний потік - 2	ORG	ORG-Nord-Stream-2-AG
Північного потоку-2	Північний потік-2	ORG	ORG-Nord-Stream-2-AG
РФ	РФ	LOC	GPE-Russia
Росії	Росія	LOC	GPE-Russia
США	США	LOC	GPE-USA
Сочі	Сочі	LOC	GPE-Sochi
УНІАН	УНІАН	ORG	ORG-UNIAN
Україна	Україна	LOC	GPE-Ukraine
України	Україна	LOC	GPE-Ukraine
Україну	Україна	LOC	GPE-Ukraine
Усть-Лугу	Усть-Луга	LOC	GPE-Ust-Luga
ФРН	ФРН	LOC	GPE-Germany
Фінляндії	Фінляндія	LOC	GPE-Finland
Швеції	Швеція	LOC	GPE-Sweden
