pl-1939
Brexit	Brexit	EVT	EVT-Brexit
Brexitu	Brexit	EVT	EVT-Brexit
Brytyjczycy	Brytyjczycy	PER	GPE-Great-Britain
Caroline Lucas	Caroline Lucas	PER	PER-Caroline-Lucas
Downing Street	Downing Street	LOC	LOC-Downing-Street
Facebooka	Facebook	PRO	PRO-Facebook
Facebookowi	Facebook	PRO	PRO-Facebook
Facebooku	Facebook	PRO	PRO-Facebook
Gina Miller	Gina Miller	PER	PER-Gina-Miller
Głos narodu	Głos narodu	EVT	EVT-Peoples-Vote
Jeremy Corbyn	Jeremy Corbyn	PER	PER-Jeremy-Corbyn
Liberalnych Demokratów	Liberalni Demokraci	ORG	ORG-Scottish-Liberal-Democrats
Londynie	Londyn	LOC	GPE-London
Londynu	Londyn	LOC	GPE-London
Partii Zielonych	Partia Zielonych	ORG	ORG-Green-Party-UK
Partią Pracy	Partia Pracy	ORG	ORG-Labour-Party-UK
Theresy May	Theresa May	PER	PER-Theresa-May
UE	UE	ORG	ORG-European-Union
Unii Europejskiej	Unia Europejska	ORG	ORG-European-Union
Vince Cable	Vince Cable	PER	PER-Vince-Cable
Wielka Brytania	Wielka Brytania	LOC	GPE-Great-Britain
Wielkiej Brytanii	Wielka Brytania	LOC	GPE-Great-Britain
Wspólnoty	Wspólnota	ORG	ORG-European-Union
Wspólnotę	Wspólnota	ORG	ORG-European-Union
brytyjskiego parlamentu	Brytyjski Parlament	ORG	ORG-British-Parlament
