pl-1082
Amsterdamie	Amsterdam	LOC	GPE-Amsterdam
Bloomberg	Bloomberg	ORG	ORG-Bloomberg-LP
Brexicie	Brexit	EVT	EVT-Brexit
Brexit	Brexit	EVT	EVT-Brexit
Brexitem	Brexit	EVT	EVT-Brexit
Brexitu	Brexit	EVT	EVT-Brexit
Frankfurtu nad Menem	Frankfurt nad Menem	LOC	GPE-Frankfurt-am-Main
Frankfurtu	Frankfurt	LOC	GPE-Frankfurt-am-Main
Graeme Pitkethly	Graeme Pitkethly	PER	PER-Graeme-Pitkethly
Joachim Lang	Joachim Lang	PER	PER-Joachim-Lang
Londyn	Londyn	LOC	GPE-London
Londynie	Londyn	LOC	GPE-London
Londynu	Londyn	LOC	GPE-London
Niemcy	Niemcy	LOC	GPE-Germany
Niemiec	Niemcy	LOC	GPE-Germany
Rotterdam	Rotterdam	LOC	GPE-Rotterdam
UE	UE	ORG	ORG-European-Union
Unilever	Unilever	ORG	ORG-Unilever
Unilevera	Unilever	ORG	ORG-Unilever
Wielka Brytania	Wielka Brytania	LOC	GPE-Great-Britain
Wielkiej Brytanii	Wielka Brytania	LOC	GPE-Great-Britain
Wyspy	Wyspy	LOC	GPE-Great-Britain
