pl-1302
Brexit	Brexit	EVT	EVT-Brexit
Brytyjczycy	Brytyjczycy	PER	GPE-Great-Britain
Brytyjczykach	Brytyjczycy	PER	GPE-Great-Britain
Brytyjczykami	Brytyjczycy	PER	GPE-Great-Britain
Brytyjczykom	Brytyjczycy	PER	GPE-Great-Britain
Brytyjczyków	Brytyjczycy	PER	GPE-Great-Britain
Bułgarii	Bułgaria	LOC	GPE-Bulgaria
Canterbury	Canterbury	LOC	GPE-Canterbury
Doroty Staniak	Dorota Staniak	PER	PER-Dorota-Staniak
Europie	Europa	LOC	LOC-Europe
Francji	Francja	LOC	GPE-France
Gawain Towler	Gawain Towler	PER	PER-Gawain-Towler
Hiszpanii	Hiszpania	LOC	GPE-Spain
Jane Pierce	Jane Pierce	PER	PER-Jane-Pierce
Leave Means Leave	Leave Means Leave	ORG	ORG-Leave-Means-Leave
Londyn	Londyn	LOC	GPE-London
Londynie	Londyn	LOC	GPE-London
Londynu	Londyn	LOC	GPE-London
Lucia Campetella	Lucia Campetella	PER	PER-Lucia-Campetella
Minford	Minford	PER	PER-Patrick-Minford
Nick Otterwell	Nick Otterwell	PER	PER-Nick-Otterwell
Niemczech	Niemcy	LOC	GPE-Germany
Partii Niepodległości Zjednoczonego Królestwa	Partia Niepodległości Zjednoczonego Królestwa	ORG	ORG-UK-Independence-Party
Patrick Minford	Patrick Minford	PER	PER-Patrick-Minford
Polacy	Polacy	PER	GPE-Poland
Polakami	Polacy	PER	GPE-Poland
Polaków	Polacy	PER	GPE-Poland
Polki	Polka	PER	GPE-Poland
Richard Tice	Richard Tice	PER	PER-Richard-Tice
Rumunii	Rumunia	LOC	GPE-Romania
Steve Bray	Steve Bray	PER	PER-Steve-Bray
UE	UE	ORG	ORG-European-Union
UKIP	UKIP	ORG	ORG-UK-Independence-Party
Unii Europejskiej	Unia Europejska	ORG	ORG-European-Union
Uniwersytecie Cardiff	Uniwersytet Cardiff	ORG	ORG-University-of-Wales
Walii	Walia	LOC	GPE-Wales
Wielka Brytania	Wielka Brytania	LOC	GPE-Great-Britain
Wielkiej Brytanii	Wielka Brytania	LOC	GPE-Great-Britain
Wielką Brytanię	Wielka Brytania	LOC	GPE-Great-Britain
Wysp Brytyjskich	Wyspy Brytyjskie	LOC	GPE-Great-Britain
Włoszka	Włoszka	PER	GPE-Italy
brexicie	Brexit	EVT	EVT-Brexit
brexit	Brexit	EVT	EVT-Brexit
brexitu	Brexit	EVT	EVT-Brexit
parlamentem Wielkiej Brytanii	Parlament Wielkiej Brytanii	ORG	ORG-Parliament-of-the-United-Kingdom
