pl-1209
Davida Davisa	David Davis	PER	PER-David-Davis
Dover	Dover	LOC	GPE-Dover
Jakub Krupa	Jakub Krupa	PER	PER-Jakub-Krupa
Kornwalia	Kornwalia	LOC	GPE-Cornwall
Londynu	Londyn	LOC	GPE-London
PAP	PAP	ORG	ORG-PAP-Polish-Press-Agency
Sunday Times	Sunday Times	PRO	PRO-The-Sunday-Times
Sunday Timesa	Sunday Times	PRO	PRO-The-Sunday-Times
Szkocji	Szkocja	LOC	GPE-Scotland
Theresę May	Theresa May	PER	PER-Theresa-May
Times	Times	PRO	PRO-The-Sunday-Times
Timesa	Times	PRO	PRO-The-Sunday-Times
UE	UE	ORG	ORG-European-Union
Unii Europejskiej	Unia Europejska	ORG	ORG-European-Union
Wielka Brytania	Wielka Brytania	LOC	GPE-Great-Britain
Wielkiej Brytanii	Wielka Brytania	LOC	GPE-Great-Britain
Wspólnoty	Wspólnota	ORG	ORG-European-Union
Wspólnotę	Wspólnota	ORG	ORG-European-Union
brexitu	Brexit	EVT	EVT-Brexit
ministerstwa ds. brexitu	Ministerstwa ds. Brexitu	ORG	ORG-Ministry-of-Brexity
