pl-473
 Wielkiej Brytanii	Wielka Brytania	LOC	GPE-Great-Britain
Amber Rudd	Amber Rudd	PER	PER-Amber-Rudd
Boris Johnson	Boris Johnson	PER	PER-Boris-Johnson
Brexitu	Brexit	EVT	EVT-Brexit
Dominic Rudd	Dominic Rudd	PER	PER-Dominic-Rudd
Downing Street	Downing Street	LOC	LOC-Downing-Street
Jacob Rees-Mogg	Jacob Rees-Mogg	PER	PER-Jacob-Rees-Mogg
Johnsona	Johnson	PER	PER-Boris-Johnson
Londynie	Londyn	LOC	GPE-London
May	May	PER	PER-Theresa-May
Michael Gove	Michael Gove	PER	PER-Michael-Gove
Michela Barniera	Michel Barnier	PER	PER-Michel-Barnier
Partii Konserwatywnej	Partia Konserwatywna	ORG	ORG-Conservative-and-Unionist-Party-UK
Philipa Hammonda	Philip Hammond	PER	PER-Philip-Hammond
The Sunday Times	The Sunday Times	PRO	PRO-The-Sunday-Times
The Times	The Times	PRO	PRO-The-Times
UE	UE	ORG	ORG-European-Union
Unią Europejską	Unia Europejska	ORG	ORG-European-Union
Wielka Brytania	Wielka Brytania	LOC	GPE-Great-Britain
Wielkiej Brytanii	Wielka Brytania	LOC	GPE-Great-Britain
Wspólnotę	Wspólnota	ORG	ORG-European-Union
