pl-1548
Andrzej Kubisiak	Andrzej Kubisiak	PER	PER-Andrzej-Kubisiak
Brexicie	Brexit	EVT	EVT-Brexit
Brexitu	Brexit	EVT	EVT-Brexit
Eurostatu	Eurostat	ORG	ORG-Eurostat
Federacja Izb Handlu i Przemysłu	Federacja Izb Handlu i Przemysłu	ORG	ORG-DIHK-Association-of-German-Chambers-of-Industry-and-Commerce
Holandii	Holandia	LOC	GPE-Holland
Maciej Witucki	Maciej Witucki	PER	PER-Maciej-Witucki
Migracje Zarobkowe Polaków VIII	Migracje Zarobkowe Polaków VIII	PRO	PRO-Wage-migrations-of-Poles-VIII
Migracje zarobkowe Polaków VIII	Migracje zarobkowe Polaków VIII	PRO	PRO-Wage-migrations-of-Poles-VIII
Niemcy	Niemcy	LOC	GPE-Germany
Niemczech	Niemcy	LOC	GPE-Germany
Niemiec	Niemcy	LOC	GPE-Germany
Polacy	Polacy	PER	GPE-Poland
Polaków	Polacy	PER	GPE-Poland
Polsce	Polska	LOC	GPE-Poland
Polski	Polska	LOC	GPE-Poland
Theresa May	Theresa May	PER	PER-Theresa-May
Traktatu Lizbońskiego	Traktat Lizboński	PRO	PRO-Treaty-of-Lisbon
Unii Europejskiej	Unia Europejska	ORG	ORG-European-Union
Wielkiej Brytanii	Wielka Brytania	LOC	GPE-Great-Britain
Work Service	Work Service	ORG	ORG-Work-Service
Wyspy	Wyspy	LOC	GPE-Great-Britain
Zjednoczonego Królestwa	Zjednoczone Królestwo	LOC	GPE-Great-Britain
