pl-1997
AP Photo	AP Photo	ORG	ORG-AP-Photo
Brukseli	Bruksela	LOC	GPE-Brussles
Brytyjczyk贸w	Brytyjczycy	PER	GPE-Great-Britain
Davidem Davisem	David Davis	PER	PER-David-Davis
Donald Tusk	Donald Tusk	PER	PER-Donald-Tusk
Londynie	Londyn	LOC	GPE-London
Michel Barnier	Michel Barnier	PER	PER-Michel-Barnier
Michela Barniera	Michel Barnier	PER	PER-Michel-Barnier
Polacy	Polacy	PER	GPE-Poland
Polak贸w	Polacy	PER	GPE-Poland
Siegieja Skripala	Siegiej Skripal	PER	PER-Siergiej-Skripal
Twitterze	Twitter	PRO	PRO-Twitter
UE	UE	ORG	ORG-European-Union
Unia Europejska	Unia Europejska	ORG	ORG-European-Union
Unii Europejskiej	Unia Europejska	ORG	ORG-European-Union
Virginia Mayo	Virginia Mayo	PER	PER-Virginia-Mayo
Wielka Brytania	Wielka Brytania	LOC	GPE-Great-Britain
Wielkiej Brytanii	Wielka Brytania	LOC	GPE-Great-Britain
Wsp贸lnoty	Wsp贸lnota	ORG	ORG-European-Union
Wyspach	Wyspy	LOC	GPE-Great-Britain
Wyspy	Wyspy	LOC	GPE-Great-Britain
brexicie	Brexit	EVT	EVT-Brexit
brexitem	Brexit	EVT	EVT-Brexit
brexitu	Brexit	EVT	EVT-Brexit
