pl-1463
2SistersPR	2SistersPR	ORG	ORG-2SistersPR
Brexit	Brexit	EVT	EVT-Brexit
Brexitem	Brexit	EVT	EVT-Brexit
Brexitu	Brexit	EVT	EVT-Brexit
Brytyjczykom	Brytyjczycy	PER	GPE-Great-Britain
Europy Wschodniej	Europa Wschodnia	LOC	LOC-Eastern-Europe
Ewelina Krzysztofik	Ewelina Krzysztofik	PER	PER-Ewelina-Krzysztofik
HSBC	HSBC	ORG	ORG-HSBC
Holandia	Holandia	LOC	GPE-Holland
Niemcy	Niemcy	LOC	GPE-Germany
Polacy	Polacy	PER	GPE-Poland
Polaków	Polacy	PER	GPE-Poland
Polski	Polska	LOC	GPE-Poland
Strefa Biznesu	Strefa Biznesu	PRO	PRO-Strefa-Biznesu
The Office of National Statistics	The Office of National Statistics	ORG	ORG-ONS-Office-for-National-Statistics
The Times	The Times	PRO	PRO-The-Times
UK	UK	LOC	GPE-Great-Britain
Unii Europejskiej	Unia Europejska	ORG	ORG-European-Union
Wielka Brytania	Wielka Brytania	LOC	GPE-Great-Britain
Wielkiej Brytanii	Wielka Brytania	LOC	GPE-Great-Britain
Wielką Brytanię	Wielka Brytania	LOC	GPE-Great-Britain
Work Service	Work Service	ORG	ORG-Work-Service
Zjednoczonego Królestwa	Zjednoczone Królestwo	LOC	GPE-Great-Britain
brexitu	Brexit	EVT	EVT-Brexit
