pl-423
Amerykanie	Amerykanie	PER	GPE-USA
CAATSA	CAATSA	PRO	PRO-CAATSA-Bill
Europa	Europa	LOC	LOC-Europe
Europejczyków	Europejczycy	PER	LOC-Europe
Europie	Europa	LOC	LOC-Europe
Europy	Europa	LOC	LOC-Europe
Kaukaz	Kaukaz	LOC	LOC-Caucasus
Komisją Spraw Zagranicznych Senatu USA	Komisja Spraw Zagranicznych Senatu USA	ORG	ORG-United-States-Senate-Committee-on-Foreign-Relations
Kommiersant	Kommiersant	PRO	PRO-Kommersant
Mike Pompeo	Mike Pompeo	PER	PER-Mike-Pompeo
Niemiec	Niemcy	LOC	GPE-Germany
Nord Stream 2	Nord Stream 2	PRO	PRO-Nord-Stream-2
Polska	Polska	LOC	GPE-Poland
Pompeo	Pompeo	PER	PER-Mike-Pompeo
RIA Novosti	RIA Novosti	ORG	ORG-RIA-Novosti
Rosji	Rosja	LOC	GPE-Russia
Sandry Oudkirk	Sandra Oudkirk	PER	PER-Sandra-Oudkirk
UE	UE	ORG	ORG-European-Union
USA	USA	LOC	GPE-USA
Unią Europejską	Unia Europejska	ORG	ORG-European-Union
Ustawa o Zwalczaniu Wrogów USA z pomocą Sankcji	Ustawa o Zwalczaniu Wrogów USA z pomocą Sankcji	PRO	PRO-CAATSA-Bill
Wojciech Jakóbik	Wojciech Jakóbik	PER	PER-Wojciech-Jakóbik
