pl-920
BASF-Wintershall	BASF-Wintershall	ORG	ORG-BASF-Wintershall
BiznesAlert.pl	BiznesAlert.pl	PRO	PRO-BiznesAlert-pl
Engie	Engie	ORG	ORG-Engie
Gazprom	Gazprom	ORG	ORG-Gazprom
Gazpromu	Gazprom	ORG	ORG-Gazprom
Georg Nowack	Georg Nowack	PER	PER-Georg-Nowack
Greifswaldu	Greifswald	LOC	GPE-Greifswald
Lubmin	Lubmin	LOC	GPE-Lubmin
Lubminie	Lubmin	LOC	GPE-Lubmin
Meklemburgii-Pomorzu Przednim	Meklemburgia-Pomorze Przednie	LOC	GPE-Mecklenburg-Vorpommern
Morze Bałtyckie	Morze Bałtyckie	LOC	LOC-Baltic-Sea
NABU	NABU	ORG	ORG-NABU-NGO
Niemczech	Niemcy	LOC	GPE-Germany
Nord Stream 2 AG	Nord Stream 2 AG	ORG	ORG-Nord-Stream-2-AG
Nord Stream 2	Nord Stream 2	PRO	PRO-Nord-Stream-2
Nord Stream	Nord Stream	PRO	PRO-Nord-Stream-1
OMV	OMV	ORG	ORG-OMV
Polska Agencja Prasowa	Polska Agencja Prasowa	ORG	ORG-PAP-Polish-Press-Agency
Polska	Polska	LOC	GPE-Poland
Rosja	Rosja	LOC	GPE-Russia
Rosji	Rosja	LOC	GPE-Russia
Royal Dutch Shell	Royal Dutch Shell	ORG	ORG-Royal-Dutch-Shell-BG-Group
Ukraina	Ukraina	LOC	GPE-Ukraine
Ukrainy	Ukraina	LOC	GPE-Ukraine
Ukrainę	Ukraina	LOC	GPE-Ukraine
Uniper	Uniper	ORG	ORG-Uniper
Wyborga	Wyborg	LOC	GPE-Vyborg
Zatoki Greifswaldzkiej	Zatoka Greifswaldzka	LOC	LOC-Bay-of-Greifswald
Związek Ochrony Przyrody	Związek Ochrony Przyrody	ORG	ORG-NABU-NGO
urząd górniczy w Stralsundzie	urząd górniczy w Stralsundzie	ORG	ORG-Stralsund-Mining-Authority
