pl-341
Ambasada Republiki Litewskiej w Polsce	Ambasada Republiki Litewskiej w Polsce	ORG	ORG-Embassy-of-Lithuania-in-Poland
Dan E. Frederiksenem	Dan E. Frederiksen	PER	PER-Dan-E-Frederiksen
Dania	Dania	LOC	GPE-Denmark
Danii	Dania	LOC	GPE-Denmark
Litwa	Litwa	LOC	GPE-Lithuania
Litwie	Litwa	LOC	GPE-Lithuania
Morze Bałtyckie	Morze Bałtyckie	LOC	LOC-Baltic-Sea
Niemiec	Niemcy	LOC	GPE-Germany
Nord Stream 2	Nord Stream 2	PRO	PRO-Nord-Stream-2
Nord Stream	Nord Stream	PRO	PRO-Nord-Stream-1
Rosji	Rosja	LOC	GPE-Russia
Rosją	Rosja	LOC	GPE-Russia
Rosję	Rosja	LOC	GPE-Russia
UE	UE	ORG	ORG-European-Union
Ukrainę	Ukraina	LOC	GPE-Ukraine
Unii Energetycznej	Unia Energetyczna	ORG	ORG-Energy-union
Unii Europejskiej	Unia Europejska	ORG	ORG-European-Union
Wspólnotą	Wspólnota	ORG	ORG-European-Union
Žygimantas Vaičiūnas	Žygimantas Vaičiūnas	PER	PER-Zygimantas-Vaiciunas
