pl-301
Medium	Medium	PRO	PRO-Medium-online-platform
Morza Bałtyckiego	Morze Bałtyckie	LOC	LOC-Baltic-Sea
Niemcami	Niemcy	LOC	GPE-Germany
Niemczech	Niemcy	LOC	GPE-Germany
Niemiec	Niemcy	LOC	GPE-Germany
Nord Stream 2	Nord Stream 2	PRO	PRO-Nord-Stream-2
Nord Stream	Nord Stream	PRO	PRO-Nord-Stream-1
PAP	PAP	ORG	ORG-PAP-Polish-Press-Agency
Polska	Polska	LOC	GPE-Poland
Poroszenko	Poroszenko	PER	PER-Petro-Poroshenko
Putin	Putin	PER	PER-Vladimir-Putin
Rosja	Rosja	LOC	GPE-Russia
Rosji	Rosja	LOC	GPE-Russia
UE	UE	ORG	ORG-European-Union
Ukraina	Ukraina	LOC	GPE-Ukraine
Ukrainie	Ukraina	LOC	GPE-Ukraine
Ukrainy	Ukraina	LOC	GPE-Ukraine
Ukrainę	Ukraina	LOC	GPE-Ukraine
Władimir	Władimir	PER	PER-Vladimir-Putin
