cs-153
Angely Merkelové	Angela Merkelová	PER	PER-Angela-Merkel
Baltské moře	Baltské moře	LOC	LOC-Baltic-Sea
Berlíně	Berlín	LOC	GPE-Berlin
Engie	Engie	ORG	ORG-Engie
Evropské unie	Evropská unie	ORG	ORG-European-Union
Evropy	Evropa	LOC	LOC-Europe
Gazprom	Gazprom	ORG	ORG-Gazprom
Martin Weiser	Martin Weiser	PER	PER-Martin-Weiser
Merkelová	Merkelová	PER	PER-Angela-Merkel
Nord Stream 2	Nord Stream 2	PRO	PRO-Nord-Stream-2
Nord Stream	Nord Stream	PRO	PRO-Nord-Stream-1
Německo	Německo	LOC	GPE-Germany
OMV	OMV	ORG	ORG-OMV
Petrem Porošenkem	Petro Porošenko	PER	PER-Petro-Poroshenko
Polsku	Polsko	LOC	GPE-Poland
Rusko	Rusko	LOC	GPE-Russia
Shell	Shell	ORG	ORG-Royal-Dutch-Shell-BG-Group
Slovensko	Slovensko	LOC	GPE-Slovakia
Ukrajina	Ukrajina	LOC	GPE-Ukraine
Ukrajiny	Ukrajina	LOC	GPE-Ukraine
Ukrajině	Ukrajina	LOC	GPE-Ukraine
Uniper	Uniper	ORG	ORG-Uniper
Wintershall	Wintershall	ORG	ORG-Wintershall
Česko	Česko	LOC	GPE-Czech-Republic
