cs-504
ANO	ANO	ORG	ORG-ANO-political-party-CZ
Andrej Babiš	Andrej Babiš	PER	PER-Andrej-Babis
Babiš	Babiš	PER	PER-Andrej-Babis
EU	EU	ORG	ORG-European-Union
Evropě	Evropa	LOC	LOC-Europe
Maďarsko	Maďarsko	LOC	GPE-Hungary
Nord Stream 2	Nord Stream 2	PRO	PRO-Nord-Stream-2
Perry	Perry	PER	PER-Rick-Perry
Perrym	Perry	PER	PER-Rick-Perry
Polsko	Polsko	LOC	GPE-Poland
Prahy	Praha	LOC	GPE-Prague
Reuters	Reuters	ORG	ORG-Reuters
Rickem Perrym	Rick Perry	PER	PER-Rick-Perry
Sofie	Sofie	LOC	GPE-Sofia
Spojené státy	Spojené státy	LOC	GPE-USA
USA	USA	LOC	GPE-USA
Ukrajinu	Ukrajina	LOC	GPE-Ukraine
Westinghouse	Westinghouse	ORG	ORG-Westinghouse
evropský regionální úřad amerického ministerstva energetiky	evropský regionální úřad amerického ministerstva energetiky	ORG	ORG-DOE-European-Regional-Authority
střední Evropě	střední Evropa	LOC	LOC-Central-Europe
tiskový odbor Strakovy akademie	tiskový odbor Strakovy akademie	ORG	ORG-Press-Department-of-Straka-Academy
Česka	Česko	LOC	GPE-Czech-Republic
Česku	Česko	LOC	GPE-Czech-Republic
