cs-146
BSH	BSH	ORG	ORG-Federal-Office-for-Shipping-and-Hydrography-Germany
Baltského moře	Baltské moře	LOC	LOC-Baltic-Sea
Bulharsko	Bulharsko	LOC	GPE-Bulgaria
Dánska	Dánsko	LOC	GPE-Denmark
EU	EU	ORG	ORG-European-Union
Estonsko	Estonsko	LOC	GPE-Estonia
Evropy	Evropa	LOC	LOC-Europe
Finska	Finsko	LOC	GPE-Finland
Litva	Litva	LOC	GPE-Lithuania
Lotyšsko	Lotyšsko	LOC	GPE-Latvia
Mateusz Morawiecki	Mateusz Morawiecki	PER	PER-Mateusz-Morawiecki
Maďarsko	Maďarsko	LOC	GPE-Hungary
Nord Stream 2	Nord Stream 2	PRO	PRO-Nord-Stream-2
Nord Stream	Nord Stream	PRO	PRO-Nord-Stream-1
Německa	Německo	LOC	GPE-Germany
Německo	Německo	LOC	GPE-Germany
Polska	Polsko	LOC	GPE-Poland
Polsko	Polsko	LOC	GPE-Poland
Reuters	Reuters	ORG	ORG-Reuters
Rumunsko	Rumunsko	LOC	GPE-Romania
Ruska	Rusko	LOC	GPE-Russia
Rusku	Rusko	LOC	GPE-Russia
Slovensko	Slovensko	LOC	GPE-Slovakia
Spolkový úřad pro lodní dopravu a hydrografii	Spolkový úřad pro lodní dopravu a hydrografii	ORG	ORG-Federal-Office-for-Shipping-and-Hydrography-Germany
Ukrajinu	Ukrajina	LOC	GPE-Ukraine
Ukrajiny	Ukrajina	LOC	GPE-Ukraine
Varšava	Varšava	LOC	GPE-Warsaw
východní Evropy	východní Evropa	LOC	LOC-Eastern-Europe
Česká republika	Česká republika	LOC	GPE-Czech-Republic
České republiky	Česká republika	LOC	GPE-Czech-Republic
Řecko	Řecko	LOC	GPE-Greece
Švédska	Švédsko	LOC	GPE-Sweden
