cs-1087
Aggregate IQ	Aggregate IQ	ORG	ORG-Aggregate-IQ
Aleksandr Kogan	Aleksandr Kogan	PER	PER-Alexander-Kogan
Alexander Nix	Alexander Nix	PER	PER-Alexander-Nix
Brad Parscale	Brad Parscale	PER	PER-Brad-Parscale
Brazílii	Brazílie	LOC	GPE-Brazil
Brit	Brit	PER	GPE-Great-Britain
Britové	Britové	PER	GPE-Great-Britain
Cambridge Analytica	Cambridge Analytica	ORG	ORG-Cambridge-Analytica
Cambridge Analyticy	Cambridge Analyticy	ORG	ORG-Cambridge-Analytica
Channel 4	Channel 4	PRO	PRO-Channel-4
Donalda Trumpa	Donald Trump	PER	PER-Donald-Trump
FTC	FTC	ORG	ORG-Federal-Trade-Commission
Facebook	Facebook	ORG	ORG-Facebook
Facebook	Facebook	PRO	PRO-Facebook
Facebooku	Facebook	ORG	ORG-Facebook
Facebooku	Facebook	PRO	PRO-Facebook
Federální komise pro obchod	Federální komise pro obchod	ORG	ORG-Federal-Trade-Commission
Kogan	Kogan	PER	PER-Alexander-Kogan
Londýně	Londýn	LOC	GPE-London
Malajsii	Malajsie	LOC	GPE-Malaysia
Mark Zuckerberg	Mark Zuckerberg	PER	PER-Mark-Zuckerberg
NYT	NYT	PRO	PRO-The-New-York-Times
New Yorku	New York	LOC	GPE-New-York
Robert Mercer	Robert Mercer	PER	PER-Robert-mercer
SCL Group	SCL Group	ORG	ORG-SCL-Group
Spojeného království	Spojené království	LOC	GPE-Great-Britain
Steve Bannon	Steve Bannon	PER	PER-Steve-Bannon
Teda Cruze	Ted Cruz	PER	PER-Ted-Cruz
The Guardian	The Guardian	PRO	PRO-The-Guardian
Trump	Trump	PER	PER-Donald-Trump
Trumpovi	Trump	PER	PER-Donald-Trump
USA	USA	LOC	GPE-USA
Uhurua Kenyatty	Uhuru Kenyatta	PER	PER-Uhuru-Kenyatta
Vote Leave	Vote Leave	ORG	ORG-Vote-Leave
Washingtonu	Washington	LOC	GPE-Washington
amerického kongresu	americký kongres	ORG	ORG-United-States-Congress
brexitu	brexit	EVT	EVT-Brexit
