cs-1046
Británie	Británie	LOC	GPE-Great-Britain
EU	EU	ORG	ORG-European-Union
Evropskou unii	Evropská unie	ORG	ORG-European-Union
Evropská unie	Evropská unie	ORG	ORG-European-Union
Evropské unie	Evropská unie	ORG	ORG-European-Union
Evropské unii	Evropská unie	ORG	ORG-European-Union
Hnutí pěti hvězd	Hnutí pěti hvězd	ORG	ORG-Five-Star-Movement-IT-political-party
Institutu mezinárodních studií FSV UK	Institut mezinárodních studií FSV UK	ORG	ORG-Institute of International Studies, FSV U
Italexit	Italexit	EVT	EVT-Italexit
Italové	Itálie	PER	GPE-Italy
Italská Poslanecká sněmovna	Italská Poslanecká sněmovna	ORG	ORG-Italian-Chamber-of-Deputies
Itálie	Itálie	LOC	GPE-Italy
Itálii	Itálie	LOC	GPE-Italy
Liga	Liga	ORG	ORG-Northern-League-IT-politi
Martin Mejstřík	Martin Mejstřík	PER	PER-Martin-Mejstrik
Matteo Salvini	Matteo Salvini	PER	PER-Matteo-Salvini
Merkelovou	Merkelová	PER	PER-Angela-Merkel
Merkelová	Merkelová	PER	PER-Angela-Merkel
TÝDEN.CZ	TÝDEN.CZ	PRO	PRO-Tyden.cz
Velká Británie	Velká Británie	LOC	GPE-Great-Britain
Velké Británie	Velké Británie	LOC	GPE-Great-Britain
brexitu	brexit	EVT	EVT-Brexit
italexit	italexit	EVT	EVT-Italexit
italexitu	italexit	EVT	EVT-Italexit
Římě	Řím	LOC	GPE-Rome
