cs-1693
Andrej Babi	Andrej Babiš	PER	PER-Andrej-Babis
Andrej Babiš	Andrej Babiš	PER	PER-Andrej-Babis
Andrej Babiše	Andrej Babiš	PER	PER-Andrej-Babis
Brexit	Brexit	EVT	EVT-Brexit
Brexit	brexit	EVT	EVT-Brexit
Davidem Davisem	David Davis	PER	PER-David-Davis
EU27	EU27	ORG	ORG-European-Union
EU	EU	ORG	ORG-European-Union
Evropská komise	Evropská komise	ORG	ORG-European-Commission
Evropské rady	Evropská rada	ORG	ORG-European-Council
Hans Štembera	Hans Štembera	PER	PER-Hans-Stembera
Michela Barniera	Michel Barnier	PER	PER-Michel-Barnier
Michelem Barnierem	Michel Barnier	PER	PER-Michel-Barnier
Velkou Británií	Velká Británie	LOC	GPE-Great-Britain
Velká Británie	Velká Británie	LOC	GPE-Great-Britain
Velké Británie	Velká Británie	LOC	GPE-Great-Britain
brexit	brexit	EVT	EVT-Brexit
brexitu	brexit	EVT	EVT-Brexit
Českou republiku	Česká republika	LOC	GPE-Czech-Republic
České republiky	Česká republika	LOC	GPE-Czech-Republic
