sl-130
BBC	BBC	ORG	ORG-BBC-Ltd
Boris Johnson	Boris Johnson	PER	PER-Boris-Johnson
Brexit	Brexit	EVT	EVT-Brexit
Bruslju	Bruselj	LOC	GPE-Brussles
David Davis	David Davis	PER	PER-David-Davis
Dominic Raab	Dominic Raab	PER	PER-Dominic-Raab
EU	EU	ORG	ORG-European-Union
Jacob Rees-Mogg	Jacob Rees-Mogg	PER	PER-Jacob-Rees-Mogg
Mayeva	May	PER	PER-Theresa-May
Mayeve	May	PER	PER-Theresa-May
Mayevo	May	PER	PER-Theresa-May
Michelom Barnierjem	Michel Barnier	PER	PER-Michel-Barnier
Otok	Otok	LOC	GPE-Great-Britain
Otoka	Otok	LOC	GPE-Great-Britain
The Mail	The Mail	PRO	PRO-The-Mail
Theresa May	Theresa May	PER	PER-Theresa-May
Tom Watson	Tom Watson	PER	PER-Tom-Watson
Tony Blair	Tony Blair	PER	PER-Tony-Blair
Velika Britanija	Velika Britanija	LOC	GPE-Great-Britain
Velike Britanije	Velika Britanija	LOC	GPE-Great-Britain
Veliki Britaniji	Velika Britanija	LOC	GPE-Great-Britain
Veliko Britanijo	Velika Britanija	LOC	GPE-Great-Britain
brexit	brexit	EVT	EVT-Brexit
brexita	brexit	EVT	EVT-Brexit
brexitu	brexit	EVT	EVT-Brexit
konservativcev	konservativci	ORG	ORG-Conservative-and-Unionist-Party-UK
konservativni stranki	konservativna stranka	ORG	ORG-Conservative-and-Unionist-Party-UK
laburistov	laburist	ORG	ORG-Labour-Party-UK
torijcev	torijci	ORG	ORG-Tories
ulstrskih unionistov	ulstrski unionisti	ORG	ORG-Ulster-Unionist-Party
