sl-107
Beli hiši	bel hiša	LOC	795-0
Joe	Joe	PER	1012-5
Jill Biden	Jill Biden	PER	1012-14
Belo hišo	bel hiša	LOC	795-0
Champom	Champ	PER	896-3
Majorjem	Major	PER	931-1
Champa	Champ	PER	xxx
Bidnova	Bidnov	PER	795-1
Majorja	Major	PER	931-1
@Joe Biden	@Joe Biden	PER	xxx
Joeja Bidna	Joe Bidn	PER	1012-0
Jill	Jill	PER	1012-6
Major	Major	PER	931-1
Champ	Champ	PER	896-3
Barack Obama	Barack Obama	PER	795-10
Joe Biden	Joe Biden	PER	1012-1
Biden	Biden	PER	795-3
Pensilvaniji	Pensilvanija	LOC	920-5
Bidnove	Bidnov	PER	795-14
Bidnovi	Bidnov	PER	xxx
facebooka	facebook	MISC	980-16
Bidnu	Bidn	PER	xxx
Ashley	Ashley	PER	877-21
Majora	Major	PER	931-1
Trumpovi	Trumpov	PER	835-1
Donald Trump	Donald Trump	PER	962-3
Jamesu K. Polku	James K. Polk	PER	1012-11
Bele hiše	bel hiša	LOC	795-0
Ovalne pisarne	ovalen pisarna	LOC	1005-2
Richarda Nixona	Richard Nixon	PER	989-17
Kong Timahoe	Kong Timahoe	PER	1040-17
NBC Evening News	NBC Evening News	ORG	905-20
Nixonov	Nixonov	PER	905-28
Franklina Roosevelta	Franklin Roosevelt	PER	980-4
terier	terier	MISC	xxx
Fala	Fala	MISC	980-17
Družina Clinton	družina Clinton	PER	xxx
Socksa	Socks	PER	816-10
Buddyja	Buddy	PER	795-15
George W. Bush	George W. Bush	PER	865-21
Indie	Indie	MISC	888-23
Miss Beazley	Miss Beazley	PER	931-19
Barneyja	Barney	PER	795-18
Spota	Spot	MISC	816-17
Obamovi	Obamov	PER	1005-10
Bojem	Bo	PER	795-16
Sunnyjem	Sunny	PER	816-19
Gurbanguli Berdimuhamedov	Gurbanguli Berdimuhamedov	PER	865-23
Aškabad	Aškabad	LOC	877-10
Turkmenistana	Turkmenistan	LOC	835-11
