sl-163
Donalda Trumpa	Donald Trump	PER	966-1
Donald Trump	Donald Trump	PER	966-1
Hillary Clinton	Hillary Clinton	PER	912-1
Josephu Bidnu	Joseph Bidn	PER	1015-4
Donald John Trump	Donald John Trump	PER	966-0
Manhattnu	Manhattan	LOC	934-3
Mehika	Mehika	LOC	934-1
ZDA	ZDA	LOC	1056-0
Steve Bannon	Steve Bannon	PER	818-8
Queensu	Queens	LOC	974-2
Fred	Fred	PER	981-6
Trumpov	Trumpov	PER	844-0
Mary Anne MacLeod	Mary Anne Macleod	PER	934-22
Donald	Donald	PER	966-0
Robert	Robert	PER	992-2
vojaško akademijo New Yorka	vojaški akademija New York	ORG	1047-21
univerzi Fordham	univerza Fordham	ORG	1034-22
Bronxu	Bronx	LOC	801-16
Pensilvanijo	Pensilvanija	LOC	922-24
Wharton	Wharton	ORG	922-24
Maryanne Barry	Maryanne Barry	PER	934-2
Mary	Mary	PER	934-2
Freda	Fred	PER	981-6
Trumpove	Trumpov	PER	844-0
Fordham	Fordham	LOC	981-7
univerzi Pensilvanija	univerza Pensilvanija	ORG	1034-15
vietnamski vojni	vietnamski vojna	MISC	1047-4
Trumpovo	Trumpov	PER	844-0
New York Times	New York Times	ORG	906-5
Trumpovega	Trumpov	PER	844-4
Trump	Trump	PER	844-0
Atlantic Cityju	Atlantic City	LOC	880-0
New Yorku	New York	LOC	906-2
Mar-a-Lago	Marvallago	LOC	934-30
Floridi	Florida	LOC	981-3
Miss USA	Miss USA	MISC	934-16
Miss Teen USA	Miss Teen USA	MISC	934-17
Miss Universe	Miss Universe	MISC	934-4
NBC	NBC	ORG	906-3
Vajenec	vajenec	MISC	1047-5
Floride	Florida	LOC	981-3
Hillary	Hillary	PER	912-18
Bill Clinton	Bill Clinton	PER	801-9
Melanijo Knavs	Melanija Knavs	PER	934-29
Barack Obama	Barack Obama	PER	801-3
Obamovega	Obamov	PER	1005-6
Obama	Obama	PER	1005-0
Mehiko	Mehika	LOC	934-1
Obamovo	Obamov	PER	1005-15
Belo hišo	bel hiša	LOC	801-4
Beli hiši	bel hiša	ORG	801-4
Ivanko	Ivanka	PER	889-6
Jareda Kushnerja	Jared Kushner	PER	1015-16
Steva Bannona	Steve Bannon	PER	818-8
Natu	Nato	ORG	906-4
iranskega jedrskega sporazuma	iranski jedrski sporazum	MISC	889-17
Rusiji	Rusija	LOC	992-3
Siriji	Sirija	LOC	818-9
pariškega podnebnega sporazuma	pariški podneben sporazum	MISC	xxx
Jeruzalem	Jeruzalem	LOC	1015-8
Izraela	Izrael	LOC	889-7
Vladimir Putin	Vladimir Putin	PER	1047-0
Ukrajino	Ukrajina	LOC	1035-21
Bidna	Bidn	PER	801-14
Bidnom	Bidn	PER	801-2
Clevelandu	Cleveland	LOC	801-6
Konservativno Ameriko	konservativen Amerika	LOC	1042-22
Islamska država	islamski država	ORG	889-8
Združenimi arabskimi emirati	združen arabski emirat	LOC	1056-6
Izraelom	Izrael	LOC	889-22
Severno Korejo	severen Koreja	LOC	818-2
Kitajsko	Kitajska	LOC	1042-0
Američanom	Američan	PER	880-1
To	ta	LOC	xxx
Rusi	Rus	PER	992-4
Trumpovi	Trumpov	PER	844-0
Clintonovi	Clintonov	PER	898-1
Američanko	Američanka	PER	880-16
Melanio Trump	Melania Trump	PER	934-5
Barrona	Barron	PER	801-5
Čehinjo	Čehinja	PER	1036-10
Ivano Zelničkovo	Ivana Zelničkov	PER	1036-10
Donalda	Donald	PER	966-0
Erica	Eric	PER	999-6
Marlo Maples	Marla Maples	PER	934-25
Tiffany	Tiffany	PER	844-3
