sl-188
Trump	Trump	PER	847-0
Donald Trump	Donald Trump	PER	967-0
Joe Biden	Joe Biden	PER	1016-1
Teksas	Teksas	LOC	847-2
Dominion Voting	Dominion Voting	ORG	967-2
Pensilvaniji	Pensilvanija	LOC	922-0
Donalda Trumpa	Donald Trump	PER	967-0
Bidna	Bidn	PER	804-2
Twitterju	Twitter	MISC	847-3
Sydney Powell	Sydney Powell	PER	819-8
Michaela Flynna preiskovalnega urada	Michael Flynn preiskovalen urad	PER	935-23
FBI	FBI	ORG	982-0
Trumpovega	Trumpov	PER	847-0
Rudy Giuliani Borata «	Rudy Giuliani Borat «	PER	992-5
Sache Barona Cohena	Sache Baron Cohen	PER	819-13
Georgiji	Georgija	LOC	868-16
Trumpovi	Trumpov	PER	847-0
Bidnom	Bidn	PER	804-2
Trumpovem	Trumpov	PER	847-0
Trumpove	Trumpov	PER	847-0
Bidnu	Bidn	PER	804-2
Rudy Giuliani	Rudy Giuliani	PER	992-5
Američanov	Američan	PER	881-1
Washington	Washington	LOC	951-2
Biden	Biden	PER	1016-1
Trumpu	Trump	PER	847-0
