sl-42
Biden	Biden	PER	xxx
Georgio	Georgia	PER	870-3
Joe Biden	Joe Biden	PER	1020-0
Kamala Harris	Kamala Harris	PER	1045-0
AP	AP	ORG	885-2
Trumpovi	Trumpov	PER	858-0
ZDA	ZDA	LOC	1063-0
Reuters	Reuters	ORG	996-1
Bidnova	Bidnov	PER	xxx
Georgia	Georgia	LOC	870-3
Trump	Trump	PER	858-0
Severno Karolino	severen Karolina	LOC	821-2
Bidna	Bidn	PER	811-8
Trumpa	Trump	PER	858-0
Ta	ta	LOC	xxx
republikancem	republikanec	PER	996-0
Bill Clinton	Bill Clinton	PER	811-3
Bidnu	Bidn	LOC	xxx
Arizona	Arizona	LOC	885-4
Michigan	Michigan	LOC	938-0
Pensilvanija	Pensilvanija	LOC	926-0
Wisconsin	Wisconsin	LOC	952-1
Trumpu	Trump	PER	858-0
Donald Trump	Donald Trump	PER	972-0
Covid-19	covid-19	MISC	900-20
Izvršni odbor sveta za vladno usklajevanje volilne infrastrukture	izvršen odbor svet za vladen usklajevanje volilen infrastruktura	ORG	891-2
GCC	GCC	ORG	870-6
Svet za sektorsko usklajevanje volilne infrastrukture	svet za sektorski usklajevanje volilen infrastruktura	ORG	821-4
SCC	SCC	ORG	821-20
