bg-1755
Дания	дания	LOC	166-1
Северен поток-2	северен поток-2	PRO	164-1
Ларс Расмусен	ларс расмусен	PER	173-3
Украйна	украйна	LOC	147-0
Владимир Гройсман	владимир гройсман	PER	133-5
Altinget.dk.	altinget.dk.	PRO	131-104
Расмусен	расмусен	PER	150-13
ТАСС	тасс	ORG	120-0
Гройзман	гройзман	PER	141-10
Северен поток 2	северен поток два	PRO	164-1
Русия	русия	LOC	150-4
Северен поток	северен поток	PRO	164-1
Германия	германия	LOC	141-0
Балтийско море	балтийски море	LOC	127-0
Беларус	беларус	LOC	127-4
Полша	полша	LOC	132-0
Северния поток	северен поток	PRO	164-72
Финландия	финландия	LOC	126-0
Швеция	швеция	LOC	171-0
Северен поток - 2	северен поток - два	PRO	164-1
Днес+	днес+	ORG	166-2
