bg-690
Берлин	берлин	LOC	127-7
САЩ	сащ	LOC	164-0
Европа	европа	LOC	146-0
Вашингтон	вашингтон	LOC	133-0
Америка на първо място	америка на пръв място	PRO	130-11
Петер Алтмайер	петер алтмайер	PER	132-8
Ройтерс	ройтерс	ORG	150-0
Алтмайер	алтмайер	PER	130-9
А Ер Де	а ер де	PRO	130-6
Иран	иран	LOC	165-2
Северен поток -2	северен поток -2	PRO	xxx
Русия	русия	LOC	150-4
Германия	германия	LOC	141-0
Балтийско море	балтийски море	LOC	127-0
Ангела Меркел	ангела меркел	PER	130-5
Северен поток-2	северен поток-2	PRO	164-1
Уолстрийт джърнал	уолстрийт джърна-(се)	PRO	147-2
Доналд Тръмп	доналд тръмп	PER	166-0
Меркел	меркел	PER	152-9
Сандра Оудкирк	сандра оудкирк	PER	164-18
