bg-1211
Путин	путин	PER	132-4
Меркел	меркел	PER	152-9
Северен поток 2	северен поток 2	PRO	164-1
Владимир Путин	владимир путин	PER	133-4
РОЙТЕРС	ройтерс	ORG	150-36
Русия	русия	LOC	150-4
Германия	германия	LOC	141-0
Ангела Меркел	ангела меркел	PER	130-7
ТАСС	тасс	ORG	120-0
Кремъл	кремъл	LOC	159-4
БТА	бта	ORG	127-3
Северен поток	северен поток	PRO	164-1
Балтийско море	балтийски море	LOC	127-0
Украйна	украйна	LOC	147-0
Беларус	беларус	LOC	127-4
Полша	полша	LOC	132-0
Финландия	финландия	LOC	126-0
Швеция	швеция	LOC	171-0
Дания	дания	LOC	166-1
Петро Порошенко	петро порошенко	PER	132-2
Европа	европа	LOC	146-0
германския	германски	LOC	141-6
Ханделсблат	ханделсблат	PRO	116-3
Порошенко	порошенко	PER	132-3
Сирия	сирия	LOC	164-10
Дамаск	дамаск	LOC	166-43
нормандска четворка	нормандски четворка	ORG	160-40
Франция	франция	LOC	126-5
Тръмп	тръмп	PER	120-6
Северен поток-2	северен поток-2	PRO	164-1
Скрипал	скрипам-(се)	EVT	164-17
