bg-114
Германия	германия	LOC	141-0
Северен поток 2	северен поток два	PRO	164-1
Русия	русия	LOC	150-4
Украйна	украйна	LOC	147-0
Берлин	берлин	LOC	127-7
Щефен Зайберт	щефен зайберт	PER	155-4
ТАСС	тасс	ORG	120-0
Зайберт	зайберт	PER	154-9
Балтийско море	балтийски море	LOC	127-0
Беларус	беларус	LOC	127-4
Полша	полша	LOC	132-0
Финландия	финландия	LOC	126-0
Швеция	швеция	LOC	171-0
Дания	дания	LOC	166-1
Nord Stream 2 AG	nord stream два ag	ORG	151-0
Газпром	газпром	ORG	141-1
Християндемократическия съюз	християндемократически съюз	ORG	116-1
Анегрет Крамп-Каренбауер	анегрет крамп-каренбауер	PER	130-57
Крим	крим	LOC	159-3
Крамп-Каренбауер	крамп-каренбауер	PER	159-33
Ангела Меркел	ангела меркел	PER	130-5
ХДС	хдс	ORG	116-20
А Ер Де	а ер де	PRO	130-6
Хайко Маас	хайко маас	PER	116-2
Германската социалдемократическа партия	германски социалдемократически партия	ORG	141-7
Ройтерс	ройтерс	ORG	150-0
Европа	европа	LOC	146-0
БТА	бта	ORG	127-3
