bg-113
Моравецки	моравецки	PER	152-6
Северен поток 2	северен поток два	PRO	164-1
Русия	русия	LOC	150-4
Киев	киев	LOC	159-1
Матеуш Моравецки	матеуш моравецки	PER	152-8
ТАСС	тасс	ORG	120-0
Северен поток - 2	северен поток - 2	PRO	164-1
Москва	москва	LOC	152-0
Полша	полша	LOC	132-0
Хамбург	хамбург	LOC	116-0
Одер	одер	LOC	129-10
Ленин	ленин	PER	173-2
европейците	европеец	PER	146-18
руснаците	руснак	PER	150-3
Моровецки	моровецка	PER	152-57
Полската печатна агенция	полски печатен агенция	ORG	132-42
Балтийско море	балтийски море	LOC	127-0
Германия	германия	LOC	141-0
Украйна	украйна	LOC	147-0
Беларус	беларус	LOC	127-4
Финландия	финландия	LOC	126-0
Швеция	швеция	LOC	171-0
Дания	дания	LOC	166-1
Ларс Льоке Расмусен	ларс льоке расмусен	PER	173-3
Nord Stream 2 AG	nord stream два ag	ORG	151-0
Газпром	газпром	ORG	141-1
Wintershall	wintershall	ORG	174-0
Uniper	uniper	ORG	119-0
OMV	omv	ORG	153-1
Engie	engie	ORG	118-5
Royal Dutch Shell	royal dutch shell	ORG	158-5
Великобритания	великобритания	LOC	133-6
Холандия	холандия	LOC	116-7
Александър Иванников	александър иванников	PER	130-40
