bg-1206
Порошенко	порошенко	PER	132-3
Германия	германия	LOC	141-0
Петро Порошенко	петро порошенко	PER	132-2
Русия	русия	LOC	150-4
БГНЕС	бгнес	ORG	127-1
Северен поток-2	северен поток-2	PRO	164-2
Ханделсблат	ханделсблат	PRO	116-3
АФП	афп	ORG	130-66
Украйна“	украйна“	LOC	147-0
Ангела Меркел	ангела меркел	PER	130-5
Европейската комисия	европейски комисия	ORG	146-7
ЕС	ес	ORG	146-4
Балтийско море	балтийски море	LOC	127-0
Украйна	украйна	LOC	147-0
Газпром	газпром	ORG	141-1
Европа	европа	LOC	146-0
Москва	москва	LOC	152-0
Крим	крим	LOC	159-3
Меркел	меркел	PER	152-9
Зелените	зелен	ORG	154-1
Свободни демократи	свободен демократ	ORG	164-82
Полша	полша	LOC	132-0
Словакия	словакия	LOC	164-14
Швеция	швеция	LOC	171-0
Дания“	дания“	LOC	166-1
Матеуш Моравецки	матеуш моравецки	PER	152-8
Европейския съюз“	европейски съюз	ORG	146-5
Герхард Шрьодер	герхард шрьодер	PER	141-9
руския	руски	LOC	150-2
Роснефт	роснефт	ORG	150-7
Русал	русал	ORG	150-10
САЩ	сащ	LOC	164-0
Франс прес	франс прес	ORG	126-4
Хонконг	хонконг	LOC	116-17
Русал“	русал“	ORG	150-10
