bg-1153
Финландия	финландия	LOC	126-0
Северен поток 2	северен поток два	PRO	164-1
Балтийско море	балтийски море	LOC	127-0
РИА	риа	ORG	150-5
Германия	германия	LOC	141-0
Газпром	газпром	ORG	141-1
Норд Стрийм 2	норд стрийм 2	ORG	160-17
Русия	русия	LOC	150-4
Швеция	швеция	LOC	171-0
Дания	дания	LOC	166-1
Украйна	украйна	LOC	147-0
Европа	европа	LOC	146-0
Литва	литва	LOC	173-1
Латвия	латвия	LOC	173-0
Полша	полша	LOC	132-0
РИА Новости	риа новост	ORG	150-5
САЩ	сащ	LOC	164-0
Върховната рада на Украйна	върховен рада на украйна	ORG	133-30
Киев	киев	LOC	159-1
Централна Европа	централен европа	LOC	162-0
Европейската комисия	европейски комисия	ORG	146-7
Северен поток	северен поток	PRO	164-1
Северна Германия	северен германия	LOC	164-65
Чехия	чехия	LOC	175-1
Беларус	беларус	LOC	127-4
