bg-112
Северен поток	северен поток	PRO	164-1
Газпром	газпром	ORG	141-1
Северен поток“	северен поток	PRO	164-1
руския	руски	LOC	150-2
Нафтогаз	нафтогаз	ORG	160-1
Ройтерс	ройтерс	ORG	150-0
Nord Stream AG	nord stream ag	ORG	151-2
Nord Stream 2 AG	nord stream 2 ag	ORG	151-1
ТАСС	тасс	ORG	120-0
Виктор Зубков	виктор зубков	PER	133-29
Русия	русия	LOC	150-4
Европа	европа	LOC	146-0
Северен поток“ 2	северен поток два	PRO	164-1
Зубков	зубков	PER	154-16
Германия	германия	LOC	141-0
Стокхолм	стокхолм	LOC	164-7
Окръжният съд в Амстердам	окръжен съд в амстердам	ORG	129-9
BSPC	bspc	ORG	149-105
Син поток“	син поток	PRO	164-3
Турция	турция	LOC	120-2
Wintershall	wintershall	ORG	174-0
Gasunie	gasunie	ORG	140-31
Engie.	engie.	ORG	118-4
