bg-1631
Euronews	euronews	PRO	118-93
Герхард Шрьодер	герхард шрьодер	PER	141-9
ЕС	ес	ORG	146-4
САЩ	сащ	LOC	164-0
Доналд Тръмп	доналд тръмп	PER	166-0
Германия	германия	LOC	141-0
руския	руски	LOC	150-2
Северен поток 2	северен поток два	PRO	164-1
The Wall Street Journal	the wall street journal	PRO	139-52
Белия дом	бял дом	LOC	127-13
ФРГ	фрг	LOC	126-6
Ангела Меркел	ангела меркел	PER	130-5
Берлин	берлин	LOC	127-7
Европа	европа	LOC	146-0
Балтийско море	балтийски море	LOC	127-0
Вашингтон	вашингтон	LOC	133-0
Европейския съюз	европейски съюз	ORG	146-5
Сандра Оуткирк	сандра оуткирк	PER	164-18
Кремъл	кремъл	LOC	159-4
Руската федерация	руски федерация	LOC	150-12
Дмитрий Песков	дмитрий песков	PER	166-21
Украйна	украйна	LOC	147-0
Русия	русия	LOC	150-4
Меркел	меркел	PER	152-9
Тръмп	тръмп	PER	120-6
Тереза Герова	тереза герова	PER	120-19
