bg-59
Газпром	газпром	ORG	141-1
Северен поток 2	северен поток два	PRO	164-1
Лондон	лондон	LOC	173-5
Nord Stream 2 AG	nord stream два ag	ORG	151-0
руснаците	руснак	PER	150-3
Glas Trust	glas trust	ORG	140-1
Комерсант	комерсант	PRO	159-0
Русия	русия	LOC	150-4
Shell	shell	ORG	134-1
Engie	engie	ORG	118-5
Uniper	uniper	ORG	119-0
Wintershall	wintershall	ORG	174-0
OMV	omv	ORG	153-1
Северен поток-2	северен поток-2	PRO	164-1
британците	британец	PER	127-14
Германия	германия	LOC	141-0
Берлин	берлин	LOC	127-7
Финландия	финландия	LOC	126-0
Швеция	швеция	LOC	171-0
Дания	дания	LOC	166-1
