bg-486
САЩ	сащ	LOC	164-0
Русия	русия	LOC	150-4
Северен поток 2	северен поток 2	PRO	164-1
Европа	европа	LOC	146-0
Германия	германия	LOC	141-0
Рекс Тилърсън	рекс тилърсън	PER	150-11
Ройтерс	ройтерс	ORG	150-0
Полша	полша	LOC	132-0
Украйна	украйна	LOC	147-0
руския	руски	LOC	150-2
Кремъл	кремъл	LOC	159-4
ЕС	ес	ORG	146-4
Тилърсън	тилърсън	PER	120-7
Яцек Чапутович	яцек чапутович	PER	115-0
Москва	москва	LOC	152-0
Крим	крим	LOC	159-3
News.bg	news.bg	PRO	151-5
Уеб Медия	уеб медия	ORG	xxx
Закона за авторското право и сродните му права	закон за авторски право и сроден мой право	PRO	154-4
Уеб Медия Груп	уеб медия груп	ORG	xxx
WEB MEDIA GROUP	web media group	ORG	174-1
