bg-1020
Полша	полша	LOC	132-0
ЕС	ес	ORG	146-4
Северен поток 2	северен поток два	PRO	164-1
Европейския съюз	европейски съюз	ORG	146-5
Северен поток“2	северен поток“2	PRO	128-0
Михал Куртика	михал куртика	PER	152-2
Полско радио	полски радио	PRO	132-1
Европейската комисия	европейски комисия	ORG	146-7
България	българия	LOC	127-8
Евросъюза	евросъюз	ORG	146-6
Австрия	австрия	LOC	130-0
Куртика	куртика	PER	159-2
австрийците	австриец	PER	130-2
Русия	русия	LOC	150-4
Балтийско море	балтийски море	LOC	127-0
Германия	германия	LOC	141-0
Северен поток“	северен поток	PRO	164-1
Украйна	украйна	LOC	147-0
САЩ	сащ	LOC	164-0
Европа	европа	LOC	146-0
Латвия	латвия	LOC	173-0
Литва	литва	LOC	173-1
Владимир Путин	владимир путин	PER	133-4
Москва	москва	LOC	152-0
Вагнер	вагнер	ORG	133-33
Централна Африка	централен африка	LOC	162-7
Новая	новая	PRO	160-41
турците	турчин	PER	120-3
Реджеп Тайип Ердоган	реджеп тайип ердоган	PER	150-27
