bg-2012
САЩ	сащ	LOC	164-0
Северен поток 2	северен поток 2	PRO	164-1
Съединените щати	съединя-(се) щат	LOC	164-12
Русия	русия	LOC	150-4
Германия	германия	LOC	141-0
Майк Помпейо	майк помпейо	PER	152-13
Франс прес	франс прес	ORG	126-4
Помпейо	помпейо	PER	132-7
Вашингтон	вашингтон	LOC	133-0
Берлин	берлин	LOC	127-7
Европа	европа	LOC	146-0
Варшава	варшава	LOC	133-3
Яцек Чапутович	яцек чапутович	PER	115-0
Чапутович	чапутович	PER	175-2
Доналд	доналд	PER	166-20
Тръмп	тръмп	PER	120-6
Северен поток	северен поток	PRO	164-1
Франция	франция	LOC	126-5
Полша	полша	LOC	132-0
