bg-1199
Газпром	газпром	ORG	141-1
Меркел	меркел	PER	152-9
Украйна	украйна	LOC	147-0
Северен поток 2	северен поток два	PRO	164-1
Ангела Меркел	ангела меркел	PER	130-5
Балкански полуостров	балкански полуостров	LOC	127-32
Централна	централен	LOC	162-1
Източна Европа	източен европа	LOC	165-1
Турция	турция	LOC	120-2
Европа	европа	LOC	146-0
Киев	киев	LOC	159-1
Северен	северен	PRO	164-1
Южен поток	южен поток	PRO	136-4
Алексей Милер	алексей милер	PER	130-3
Милер	милер	PER	152-3
Петро Порошенко	петро порошенко	PER	132-2
Берлин	берлин	LOC	127-7
Русия	русия	LOC	150-4
Германия	германия	LOC	141-0
Северен поток	северен поток	PRO	164-1
Словакия	словакия	LOC	164-14
Европейската комисия	европейски комисия	ORG	146-7
