bg-50
Северен поток 2	северен поток 2	PRO	164-1
германския	германски	LOC	141-6
Лубмин	лубмин	LOC	173-11
РИА Новости	риа новост	ORG	150-5
Nord Stream 2 AG	nord stream два ag	ORG	151-0
Фокус	фокус	ORG	126-7
Русия	русия	LOC	150-4
Балтийско море	балтийски море	LOC	127-0
Германия	германия	LOC	141-0
Северен поток“	северен поток	PRO	164-1
Берлин	берлин	LOC	127-7
Финландия	финландия	LOC	126-0
Швеция	швеция	LOC	171-0
Дания	дания	LOC	166-1
Газпром“	газпром“	ORG	141-1
Shell	shell	ORG	134-99
OMV	omv	ORG	153-0
Engie	engie	ORG	118-5
Uniper	uniper	ORG	119-0
Wintershall	wintershall	ORG	174-0
