bg-591
Германия	германия	LOC	141-0
WWF	wwf	ORG	174-2
Nabu	nabu	ORG	151-6
Северен поток“	северен поток	PRO	164-1
Ангела Меркел	ангела меркел	PER	130-5
Християнсоциалния съюз	християнсоциален съюз	ORG	116-4
Хорст Зеехофер	хорст зеехофер	PER	116-6
Мартин Шулц	мартин шулц	PER	152-15
Балтийско море	балтийски море	LOC	127-0
Европейския съюз	европейски съюз	ORG	146-5
ЕС	ес	ORG	146-4
Северен поток“ 2	северен поток два	PRO	164-1
Парижкото споразумение за опазване на климата	парижки споразумение за опазване на климат	ORG	132-43
Натура 2000	натура 2000	PRO	160-36
Европа	европа	LOC	146-0
Централна	централен	LOC	162-1
Източна Европа	източен европа	LOC	165-1
Европейската комисия	европейски комисия	ORG	146-7
ЕК	ек	ORG	146-11
руския	руски	LOC	xxx
Социалистическата партия	социалистически партия	ORG	164-89
