bg-675
Германия	германия	LOC	141-0
Украйна	украйна	LOC	147-0
Северен поток	северен поток	PRO	164-1
Петер Алтмайер	петер алтмайер	PER	132-8
Русия	русия	LOC	150-4
DPA	dpa	ORG	143-2
Алтмайер	алтмайер	PER	130-9
Володимир Гройсман	володимир гройсман	PER	133-9
ЕС	ес	ORG	146-4
Крим	крим	LOC	159-3
Европа	европа	LOC	146-0
Киев	киев	LOC	159-1
Гросман	гросман	PER	141-10
Северен поток 2	северен поток два	PRO	164-1
Москва	москва	LOC	152-0
Берлин	берлин	LOC	127-7
Източна Украйна	източен украйна	LOC	165-3
Ангела Меркел	ангела меркел	PER	130-5
Владимир Путин	владимир путин	PER	133-4
руския	руски	LOC	150-2
Сочи.	сочи.	LOC	164-83
БТА	бта	ORG	127-3
