bg-100
Газпром	газпром	ORG	141-1
Северен	северен	PRO	164-1
руския	руски	LOC	150-2
"Северен поток "" 2"	"северен поток "" два"	PRO	164-1
Русия	русия	LOC	150-4
Германия	германия	LOC	141-0
Финландия	финландия	LOC	126-0
Nord Stream 2 AG	nord stream 2 ag	ORG	151-1
Ведомости	ведомости	PRO	133-1
Ройтерс	ройтерс	ORG	150-0
Европейския съюз	европейски съюз	ORG	146-5
ЕС	ес	ORG	146-4
Европа	европа	LOC	146-0
Solitaire”	solitaire”	PRO	134-0
Ведомости“	ведомости“	PRO	133-1
Швеция	швеция	LOC	171-0
Дания	дания	LOC	166-1
Националния фонд за енергийна сигурност на Русия	национален фонд за енергиен сигурност на русия	ORG	160-30
Алексей Гривач	алексей гривач	PER	130-45
САЩ	сащ	LOC	164-0
Газпром“	газпром“	ORG	141-1
