bg-690
А Ер Де	А Ер Де	PRO	PRO-ARD-Television
Алтмайер	Алтмайер	PER	PER-Peter-Altmaier
Америка на първо място	Америка на първо място	PRO	PRO-America-First
Ангела Меркел	Ангела Меркел	PER	PER-Angela-Merkel
Балтийско море	Балтийско море	LOC	LOC-Baltic-Sea
Берлин	Берлин	LOC	GPE-Berlin
Вашингтон	Вашингтон	LOC	GPE-WashingtonDC
Германия	Германия	LOC	GPE-Germany
Доналд Тръмп	Доналд Тръмп	PER	PER-Donald-Trump
Европа	Европа	LOC	LOC-Europe
Иран	Иран	LOC	GPE-Iran
Меркел	Меркел	PER	PER-Angela-Merkel
Петер Алтмайер	Петер Алтмайер	PER	PER-Peter-Altmaier
Ройтерс	Ройтерс	ORG	ORG-Reuters
Русия	Русия	LOC	GPE-Russia
САЩ	САЩ	LOC	GPE-USA
Сандра Оудкирк	Сандра Оудкирк	PER	PER-Sandra-Oudkirk
Северен поток -2	Северен поток 2	PRO	PRO-Nord-Stream-2
Северен поток-2	Северен поток 2	PRO	PRO-Nord-Stream-2
Уолстрийт джърнал	Уолстрийт джърнал	PRO	PRO-Wall-Street-Journal
