bg-114
Nord Stream 2 AG	Nord Stream 2 AG	ORG	ORG-Nord-Stream-2-AG
А Ер Де	А Ер Де	PRO	PRO-ARD-Television
Ангела Меркел	Ангела Меркел	PER	PER-Angela-Merkel
Анегрет Крамп-Каренбауер	Анегрет Крамп-Каренбауер	PER	PER-Annegret-Kramp-Karrenbauer
БТА	БТА	ORG	ORG-Bulgarian-News-Agency
Балтийско море	Балтийско море	LOC	LOC-Baltic-Sea
Беларус	Беларус	LOC	GPE-Belarus
Берлин	Берлин	LOC	GPE-Berlin
Газпром	Газпром	ORG	ORG-Gazprom
Германия	Германия	LOC	GPE-Germany
Германската социалдемократическа партия	Германска социалдемократическа партия	ORG	ORG-Sozialdemokratische-Partei-Deutschlands
Дания	Дания	LOC	GPE-Denmark
Европа	Европа	LOC	LOC-Europe
Зайберт	Зайберт	PER	PER-Steffen-Seibert
Крамп-Каренбауер	Крамп-Каренбауер	PER	PER-Annegret-Kramp-Karrenbauer
Крим	Крим	LOC	GPE-Crimea
Полша	Полша	LOC	GPE-Poland
Ройтерс	Ройтерс	ORG	ORG-Reuters
Русия	Русия	LOC	GPE-Russia
Северен поток 2	Северен поток 2	PRO	PRO-Nord-Stream-2
ТАСС	ТАСС	ORG	ORG-TASS-Agency
Украйна	Украйна	LOC	GPE-Ukraine
Финландия	Финландия	LOC	GPE-Finland
ХДС	ХДС	ORG	ORG-Christlich-Demokratische-Union
Хайко Маас	Хайко Маас	PER	PER-Heiko-Maas
Християндемократическия съюз	Християндемократически съюз	ORG	ORG-Christlich-Demokratische-Union
Швеция	Швеция	LOC	GPE-Sweden
Щефен Зайберт	Щефен Зайберт	PER	PER-Steffen-Seibert
