sl-167
Biden	Biden	LOC	xxx
Trumpovi	Trumpov	PER	844-0
Bidna	Bidna	PER	xxx
ZDA	ZDA	LOC	1057-0
Joe Biden	Joe Biden	PER	1015-2
Donald Trump	Donald Trump	PER	966-1
Trump	Trump	PER	844-0
Trumpovih	Trumpov	PER	844-0
Kamala Harris	Kamala Harris	PER	1042-5
senatnega odbora za obveščevalne dejavnosti	senaten odbor za obveščevalen dejavnost	ORG	818-17
Trump Iranom	Trump Iran	PER	844-0
Trumpu	Trump	PER	844-0
Bidnovo	Bidnov	PER	802-11
Ameriškega združenja bolnišnic	ameriški združenje bolnišnica	ORG	880-6
Richard Pollack	Richard Pollack	PER	992-18
Ameriškega zdravniškega združenja	ameriški zdravniški združenje	ORG	880-14
James Madara	James Madara	PER	1015-12
Združenja ameriških medicinskih sester	združenje ameriški medicinski sestra	ORG	1057-3
Debbie Dawson Hatmaker	Debbie Dawson Hatmaker	PER	966-13
univerze Johnsa Hopkinsa	univerza Johns Hopkins	ORG	1035-20
republikanec	republikanec	PER	992-0
Iowe	Iowa	LOC	889-25
Chuck Grassley	Chuck Grassley	PER	898-18
Mikom Penceom	Mika Pence	PER	934-20
Nancy Pelosi	Nancy Pelosa	PER	906-6
Grassley	Grassley	PER	867-8
Pfizer	Pfizer	ORG	922-3
Moderna	Moderna	ORG	934-31
Beli hiši	bel hiša	LOC	802-2
Pensilvaniji	Pensilvanija	LOC	922-0
Rudy Giuliani	Rudy Giuliani	PER	992-5
Giuliani	Giuliani	PER	867-3
Trumpove	Trumpov	PER	844-0
Rona Klaina	Ron Klain	PER	992-17
Jen O'Malley Dillon	Jen O'Malley Dillon	PER	1015-24
Dana Remus	Dana Remus	PER	966-11
Bele hiše	bel hiša	ORG	802-2
Louisiane	Louisiana	LOC	1050-13
Cedric Richmond	Cedric Richmond	PER	898-11
Annie Tomasini	Annie Tomasini	PER	880-12
Julie Chavez Rodriguez	Julie Chavez Rodriguez	PER	1015-20
Steve Richetti	Steve Richetti	PER	818-19
Mike Donilon	Mike Donilon	PER	934-14
Jill Biden	Jill Biden	PER	1015-3
Urugvaju	Urugvaj	LOC	1035-14
J	J	PER	1015-14
ulisso Reynoso Pantaleon	ulissa Reynoso Pantaleon	PER	1015-14
