sl-146
Trumpove	Trumpov	PER	841-0
Trumpovi	Trumpov	PER	841-0
ZDA	ZDA	LOC	1055-0
Izvršni odbor sveta za vladno usklajevanje volilne infrastrukture	izvršen odbor svet za vladen usklajevanje volilen infrastruktura	ORG	889-24
GCC	GCC	ORG	866-0
Svet za sektorsko usklajevanje volilne infrastrukture	svet za sektorski usklajevanje volilen infrastruktura	ORG	818-22
SCC	SCC	ORG	818-21
Agencija za kibernetsko varnost in infrastrukturo pri ministrstvu za domovinsko varnost ZDA	agencija za kibernetski varnost in infrastruktura pri ministrstvo za domovinski varnost ZDA	ORG	879-17
CISA	CISA	ORG	897-1
Christopher Krebs	Christopher Krebs	PER	897-2
Donald Trump	Donald Trump	PER	965-1
Trumpa	Trump	PER	841-1
Mark Warner	Mark Warner	PER	933-23
Virginije	Virginija	LOC	1046-5
Krebs	Krebs	PER	1041-3
demokrati	demokrat	PER	965-0
republikanci	republikanec	PER	991-0
Warner	Warner	PER	950-4
Trumpovimi	Trumpov	PER	841-0
Bele hiše	bel hiša	ORG	800-1
Trump	Trump	PER	841-2
Barack Obama	Barack Obama	PER	800-2
Obljubljena dežela	obljubljen dežela	MISC	1005-4
republikancev	republikanec	PER	991-0
Bidnovi	Bidnov	PER	800-10
Obama	Obama	PER	1005-0
