sl-41
Trump	Trump	PER	857-6
zvezne agencije za spletno varnost	zvezen agencija za spleten varnost	ORG	xxx
Donald Trump	Donald Trump	PER	972-0
Reuters	Reuters	ORG	996-1
Krebs	Krebs	PER	1045-2
Bele hiše	bel hiša	ORG	811-0
twitterja	twitter	MISC	857-1
Trumpovi	Trumpov	PER	857-0
Američane	Američan	PER	885-3
ZDA	ZDA	LOC	1063-0
Trumpova	Trumpov	PER	857-0
Marka Esperja	Marko Esper	PER	938-9
Pentagona	Pentagon	ORG	926-5
demokrata	demokrat	PER	972-1
Joeja Bidna	Joe Bidn	PER	1020-3
Bidna	Bidn	PER	811-1
Američani	Američan	PER	885-3
Trumpovih	Trumpov	PER	858-0
Bidnove	Bidnov	PER	811-15
Pensilvaniji	Pensilvanija	LOC	926-0
Philadelphie	Philadelphia	LOC	926-7
odbora za domovinsko varnost	odbor za domovinski varnost	ORG	1006-17
demokrat	demokrat	PER	972-1
Bennie Thompson	Bennie Thompson	PER	811-17
Trumpovo	Trumpov	PER	858-0
republikancem	republikanec	PER	996-0
Georgie Brad Raffensperger	Georgie Brad Raffensperger	PER	870-1
Biden	Biden	PER	811-2
Raffensperger	Raffensperger	PER	996-2
Washington Post	Washington Post	MISC	952-3
Južne Karoline	južen Karolina	LOC	1020-9
Lindseyja Grahama	Lindsey Graham	PER	1051-3
Georgii	Georgia	LOC	870-3
Graham	Graham	PER	870-2
