bg-1122
AFP	AFP	ORG	ORG-France-Presse
The Guardian	The Guardian	PRO	PRO-The-Guardian
The Sunday Times	The Sunday Times	PRO	PRO-The-Sunday-Times
The Telegraph	The Telegraph	PRO	PRO-The-Daily-Telegraph
Амбър Ръд	Амбър Ръд	PER	PER-Amber-Rudd
Белфаст	Белфаст	LOC	GPE-Belfast
Брекзит	Брекзит	EVT	EVT-Brexit
Великобритания	Великобритания	LOC	GPE-Great-Britain
Гевин Баруел	Гевин Баруел	PER	PER-Gavin-Barwell
ДЮП	ДЮП	ORG	ORG-DUP-Democratic-Unionist-Party
Дейвид Дейвис	Дейвид Дейвис	PER	PER-David-Davis
Дейвис	Дейвис	PER	PER-David-Davis
Демократичната юнионистка партия	Демократична юнионистка партия	ORG	ORG-DUP-Democratic-Unionist-Party
ЕС	ЕС	ORG	ORG-European-Union
Европейския съюз	Европейски съюз	ORG	ORG-European-Union
Иван Христов	Иван Христов	PER	PER-Ivan-Hristov
Ирландия	Ирландия	LOC	GPE-Ireland
Камарата на лордовете	Камара на лордовете	ORG	ORG-House-of-Lords
Лондон	Лондон	LOC	GPE-London
Маргарет Тачър	Маргарет Тачър	PER	PER-Margaret-Thatcher
Найджъл Одс	Найджъл Додс	PER	PER-Nigel-Dodds
Оливър Робинс	Оливър Робинс	PER	PER-Oliver-Robbins
Робинс	Робинс	PER	PER-Oliver-Robbins
Ръд	Ръд	PER	PER-Amber-Rudd
Садик Хан	Садик Хан	PER	PER-Sadiq-Khan
Северна Ирландия	Северна Ирландия	LOC	GPE-Northern-Ireland
Тереза Мей	Тереза Мей	PER	PER-Theresa-May
Уестминстър	Уестминстър	LOC	LOC-Westminster
Хан	Хан	PER	PER-Sadiq-Khan
Юлиян Марков	Юлиян Марков	PER	PER-Yuliyan-Markov
консерваторите	консерватори	PER	ORG-Conservative-and-Unionist-Party-UK
лейбъристите	лейбъристи	PER	ORG-Labour-Party-UK
