bg-131
Амбър Ръд	Амбър Ръд	PER	PER-Amber-Rudd
БТА	БТА	ORG	ORG-Bulgarian-News-Agency
Борис Джонсън	Борис Джонсън	PER	PER-Boris-Johnson
Брандън Луис	Брандън Луис	PER	PER-Branden-Lewis
Брекзит	Брекзит	EVT	EVT-Brexit
Брюксел	Брюксел	LOC	GPE-Brussles
Великобритания	Великобритания	LOC	GPE-Great-Britain
Гавин Уилямсън	Гавин Уилямсън	PER	PER-Gavin-Williamson
Грийн	Грийн	PER	PER-Damian-Green
Дейвид Дейвис	Дейвид Дейвис	PER	PER-David-Davis
Дейвид Лидингтън	Дейвид Лидингтън	PER	PER-David-Lidington
Деймиън Грийн	Деймиън Грийн	PER	PER-Damian-Green
Джеймс Броукъншър	Джеймс Броукъншър	PER	PER-James-Brokenshire
Джеръми Хънт	Джеръми Хънт	PER	PER-Jeremy-Hunt
ЕС	ЕС	ORG	ORG-European-Union
Израел	Израел	LOC	GPE-Israel
Консервативната партия	Консервативна партия	ORG	ORG-Conservative-and-Unionist-Party-UK
Крис Грейлинг	Крис Грейлинг	PER	PER-Chris-Grayling
Лидингтън	Лидингтън	PER	PER-David-Lidington
Лондон	Лондон	LOC	GPE-London
Майкъл Фалън	Майкъл Фалън	PER	PER-Michael-Fallon
Мей	Мей	PER	PER-Theresa-May
Патрик Маклохлин	Патрик Маклохлин	PER	PER-Patrick-McLoughlin
Прити Пател	Прити Пател	PER	PER-Priti-Patel
Ройтерс	Ройтерс	ORG	ORG-Reuters
Северна Ирландия	Северна Ирландия	LOC	GPE-Northern-Ireland
Тереза Мей	Тереза Мей	PER	PER-Theresa-May
Филип Хамънд	Филип Хамънд	PER	PER-Philip-Hammond
Франс прес	Франс прес	ORG	ORG-France-Presse
торите	тори	PER	ORG-Conservative-and-Unionist-Party-UK
