bg-1475
БТА	БТА	ORG	ORG-Bulgarian-News-Agency
Борис Джонсън	Борис Джонсън	PER	PER-Boris-Johnson
Брекзит	Брекзит	EVT	EVT-Brexit
Брюксел	Брюксел	LOC	GPE-Brussles
Великобритания	Великобритания	LOC	GPE-Great-Britain
Ги Верхофстат	Ги Верхофстат	PER	PER-Guy-Verhofstadt
Дейвид Дейвис	Дейвид Дейвис	PER	PER-David-Davis
Дейвис	Дейвис	PER	PER-David-Davis
Доминик Грийв	Доминик Грийв	PER	PER-Dominic-Grieve
ЕС	ЕС	ORG	ORG-European-Union
Европейския парламент	Европейски парламент	ORG	ORG-European-Parliament
Закон за оттегляне от ЕС	Закон за оттегляне от ЕС	PRO	PRO-Brexit-law
Закона за оттегляне от ЕС	Закон за оттегляне от ЕС	PRO	PRO-Brexit-law
Камарата на лордовете	Камара на лордовете	ORG	ORG-House-of-Lords
Камарата на общините	Камара на общините	ORG	ORG-House-of-Commons
Киър Стармър	Киър Стармър	PER	PER-Keir-Starmer
Консервативната партия	Консервативна партия	ORG	ORG-Conservative-and-Unionist-Party-UK
Лейбъристката партия	Лейбъристка партия	ORG	ORG-Labour-Party-UK
Лондон	Лондон	LOC	GPE-London
Мей	Мей	PER	PER-Theresa-May
Обединеното кралство	Обединеното кралство	LOC	GPE-Great-Britain
Тереза Мей	Тереза Мей	PER	PER-Theresa-May
Филип Хамънд	Филип Хамънд	PER	PER-Philip-Hammond
