bg-1415
Daily Express	Daily Express	PRO	PRO-Daily-Express
HSBC	HSBC	ORG	ORG-HSBC
Huffington Post	Huffington Post	PRO	PRO-Huffington-Post
The Guardian	The Guardian	PRO	PRO-The-Guardian
The Independent	The Independent	PRO	PRO-The-Independent
Брекзит	Брекзит	EVT	EVT-Brexit
Великобритания	Великобритания	LOC	GPE-Great-Britain
Джереми	Джереми	PER	PER-Jeremy-Corbyn
Донал Туск	Доналд Туск	PER	PER-Donald-Tusk
Доналд Туск	Доналд Туск	PER	PER-Donald-Tusk
ЕС	ЕС	ORG	ORG-European-Union
Европейския съвет	Европейски съвет	ORG	ORG-European-Council
Европейският съюз	Европейски съюз	ORG	ORG-European-Union
Евросъюза	Евросъюз	ORG	ORG-European-Union
Информационна агенция "Фокус"	Информационна агенция Фокус	ORG	ORG-Focus-News-Agency
Йемен	Йемен	LOC	GPE-Yemen
Корбин	Корбин	PER	PER-Jeremy-Corbyn
Лейбъристите	лейбъристи	PER	ORG-Labour-Party-UK
Лондон	Лондон	LOC	GPE-London
Ню Йорк	Ню Йорк	LOC	GPE-New-York
Саудитска Арабия	Саудитска Арабия	LOC	GPE-Saudi-Arabia
Сергей Скрипал	Сергей Скрипал	PER	PER-Siergiej-Skripal
Сингапур	Сингапур	LOC	GPE-Singapore
Тереза Мей	Тереза Мей	PER	PER-Theresa-May
Филип Хамънд	Филип Хамънд	PER	PER-Philip-Hammond
европейския съвет	Европейски съвет	ORG	ORG-European-Council
