bg-1665
Англия	Англия	LOC	GPE-England
Антъни Глийс	Антъни Глийс	PER	PER-Anthony-Glees
Атлантика	Атлантика	LOC	LOC-Atlantic-Ocean
Брекзит	Брекзит	EVT	EVT-Brexit
Брекзита	Брекзит	EVT	EVT-Brexit
Брекзитът	Брекзит	EVT	EVT-Brexit
Британците	британци	PER	GPE-Great-Britain
Великобритания	Великобритания	LOC	GPE-Great-Britain
Волфган Шойбле	Волфган Шойбле	PER	PER-Wolfgang-Schauble
Волфганг Шойбле	Волфганг Шойбле	PER	PER-Wolfgang-Schauble
Втората световна война	Втора световна война	EVT	EVT-World-War-II
Гевин Уилямсън	Гевин Уилямсън	PER	PER-Gavin-Williamson
Германия	Германия	LOC	GPE-Germany
Глийс	Глийс	PER	PER-Anthony-Glees
ЕС	ЕС	ORG	ORG-European-Union
Европа	Европа	LOC	LOC-Europe
Европол	Европол	ORG	ORG-Europol
Кремъл	Кремъл	LOC	LOC-Kremlin
Лондон	Лондон	LOC	GPE-London
Мей	Мей	PER	PER-Theresa-May
Москва	Москва	LOC	GPE-Moscow
Обединеното кралство	Обединеното кралство	LOC	GPE-Great-Britain
Путин	Путин	PER	PER-Vladimir-Putin
Русия	Русия	LOC	GPE-Russia
Сергей Скрипал	Сергей Скрипал	PER	PER-Siergiej-Skripal
Скрипал	Скрипал	PER	PER-Siergiej-Skripal
Солсбъри	Солсбъри	LOC	GPE-Salisbury
Телеграф	Телеграф	PRO	PRO-The-Daily-Telegraph
Тереза Мей	Тереза Мей	PER	PER-Theresa-May
Функе	Функе	ORG	ORG-Funke
Юлия	Юлия	PER	PER-Yulia-Skripal
британци	британци	PER	GPE-Great-Britain
британците	британци	PER	GPE-Great-Britain
