bg-745
Business Insider	Business Insider	PRO	PRO-Business-Insider
Бизнес Инсайдър	Бизнес Инсайдър	PRO	PRO-Business-Insider
Брекзит	Брекзит	EVT	EVT-Brexit
Великобритания	Великобритания	LOC	GPE-Great-Britain
Грузия	Грузия	LOC	GPE-Georgia
ЕК	ЕК	ORG	ORG-European-Commission
ЕП	ЕП	ORG	ORG-European-Parliament
ЕС	ЕС	ORG	ORG-European-Union
Европейския парламент	Европейски парламент	ORG	ORG-European-Parliament
Европейският парламент	Европейски парламент	ORG	ORG-European-Parliament
Западните Балкани	Западни Балкани	LOC	LOC-Western-Balkans
Канада	Канада	LOC	GPE-Canada
Киев	Киев	LOC	GPE-Kiev
Консервативната партия	Консервативна партия	ORG	ORG-Conservative-and-Unionist-Party-UK
Мишел Барние	Мишел Барние	PER	PER-Michel-Barnier
Молдова	Молдова	LOC	GPE-Moldova
Обединеното кралство	Обединеното кралство	LOC	GPE-Great-Britain
Тереза Мей	Тереза Мей	PER	PER-Theresa-May
Украйна	Украйна	LOC	GPE-Ukraine
