bg-1213
Brussels Times	Brussels Times	PRO	PRO-The-Brussels-Times
Белгия	Белгия	LOC	GPE-Belgium
Брекзит	Брекзит	EVT	EVT-Brexit
Брюксел	Брюксел	LOC	GPE-Brussles
Великобритания	Великобритания	LOC	GPE-Great-Britain
ЕС	ЕС	ORG	ORG-European-Union
Европейската народна партия	Европейска народна партия	ORG	ORG-EPP-European-Peoples-Party
Европейския парламент	Европейски парламент	ORG	ORG-European-Parliament
Закона за европейските избори	Закон за европейските избори	PRO	PRO-EU-electoral-law
Иван Христов	Иван Христов	PER	PER-Ivan-Hristov
Информационна агенция "Фокус"	Информационна агенция Фокус	ORG	ORG-Focus-News-Agency
Испания	Испания	LOC	GPE-Spain
Италия	Италия	LOC	GPE-Italy
Комитетът по конституционните въпроси на Европейския парламент	Комитет по конституционните въпроси на Европейския парламент	ORG	ORG-AFCO-The-Committee-on-Constitutional-Affairs
Обединеното кралство	Обединеното кралство	LOC	GPE-Great-Britain
Страсбург	Страсбург	LOC	GPE-Strasbourg
Франция	Франция	LOC	GPE-France
британците	британци	PER	GPE-Great-Britain
евродепутати	евродепутати	PER	ORG-European-Parlament
консерваторите	консерватори	PER	ORG-Conservative-and-Unionist-Party-UK
