cs-1013
ANO	ANO	ORG	ORG-ANO-political-party-CZ
Danuta Hübnerová	Danuta Hübnerová	PER	PER-Danuta-Hübnerova
EU	EU	ORG	ORG-European-Union
Europarlament	Europarlament	ORG	ORG-European-Parlament
Europoslanci	Europoslanci	PER	ORG-European-Parlament
Evropskou komisí	Evropská komise	ORG	ORG-European-Commission
Evropské unie	Evropská unie	ORG	ORG-European-Union
Evropského parlamentu	Evropský parlament	ORG	ORG-European-Parlament
Evropský parlament	Evropský parlament	ORG	ORG-European-Parlament
Komise	Komise	ORG	ORG-European-Commission
Lisabonské smlouvy	Lisabonská smlouva	PRO	PRO-Treaty-of-Lisbon
Parlament	Parlament	ORG	ORG-European-Parlament
Radou EU	Rada EU	ORG	ORG-Council-of-the-European-Union
Rady Evropské unie	Rada Evropské unie	ORG	ORG-Council-of-the-European-Union
STAN	STAN	ORG	ORG-STAN-political-party-CZ
TOP 09	TOP 09	ORG	ORG-TOP-09-political-party-CZ
Unie	Unie	ORG	ORG-European-Union
Velká Británie	Velká Británie	LOC	GPE-Great-Britain
brexitu	brexit	EVT	EVT-Brexit
europoslanci	europoslanci	PER	ORG-European-Parlament
ČSSD	ČSSD	ORG	ORG-CSSD-political-party-CZ
Česko	Česko	LOC	GPE-Czech-Republic
Česku	Česko	LOC	GPE-Czech-Republic
