cs-1025
Británie	Británie	LOC	GPE-Great-Britain
Británii	Británie	LOC	GPE-Great-Britain
Britů	Britové	PER	GPE-Great-Britain
Cambridge Analytica	Cambridge Analytica	ORG	ORG-Cambridge-Analytica
Cambridge Analytiku	Cambridge Analytica	ORG	ORG-Cambridge-Analytica
Evropské unie	Evropská unie	ORG	ORG-European-Union
Host Lucie Výborné	Host Lucie Výborné	PRO	PRO-Host-Lucie-Vyborne
Hošek	Hošek	PER	PER-Jiri-Hosek
Jiná Británie	Jiná Británie	PRO	PRO-Jina-Britanie-book
Jiří Hošek	Jiří Hošek	PER	GPE-Great-Britain
Jiří Hošek	Jiří Hošek	PER	PER-Jiri-Hosek
Londýně	Londýn	LOC	GPE-London
Německu	Německo	LOC	GPE-Germany
Praha	Praha	LOC	GPE-Prague
Radiožurnálu	Radiožurnál	PRO	PRO-Radiozurnal
Referendum o brexitu	Referendum o brexitu	EVT	EVT-Brexit-Referendum
Seznam Zprávách	Seznam Zprávy	ORG	ORG-Seznam-Zpravy
Velké Británii	Velká Británie	LOC	GPE-Great-Britain
brexitu	brexit	EVT	EVT-Brexit
Českého rozhlasu	Český rozhlas	ORG	ORG-Cesky-rozhlas
Českém rozhlasu Plus	Český rozhlas Plus	PRO	PRO-Cesky-rozhlas-Plus
