cs-104
Angelou Merkelovou	Angela Merkelová	PER	PER-Angela-Merkel
Baltské moře	Baltské moře	LOC	LOC-Baltic-Sea
Donalda Trumpa	Donald Trump	PER	PER-Donald-Trump
Evropská unie	Evropská unie	ORG	ORG-European-Union
Evropské unii	Evropská unie	ORG	ORG-European-Union
Evropu	Evropa	LOC	LOC-Europe
Evropy	Evropa	LOC	LOC-Europe
Evropě	Evropa	LOC	LOC-Europe
Ivanem Korčokem	Ivan Korčok	PER	PER-Ivan-Korcok
Korčok	Korčok	PER	PER-Ivan-Korcok
Mitchell	Mitchell	PER	PER-Wess-Mitchel
Moskvě	Moskva	LOC	GPE-Moscow
Nord Stream 2	Nord Stream 2	PRO	PRO-Nord-Stream-2
Nord Stream	Nord Stream	PRO	PRO-Nord-Stream-1
Německa	Německo	LOC	GPE-Germany
Ruska	Rusko	LOC	GPE-Russia
Rusko	Rusko	LOC	GPE-Russia
Slovensko	Slovensko	LOC	GPE-Slovakia
Spojené státy	Spojené státy	LOC	GPE-USA
Tatrami	Tatry	LOC	LOC-Tatra-Mountains
USA	USA	LOC	GPE-USA
Ukrajinu	Ukrajina	LOC	GPE-Ukraine
Vladimir Putin	Vladimir Putin	PER	PER-Vladimir-Putin
