cs-117
Angela Merkelová	Angela Merkelová	PER	PER-Angela-Merkel
Dánsko	Dánsko	LOC	GPE-Denmark
Dánsku	Dánsko	LOC	GPE-Denmark
Evropa	Evropa	LOC	LOC-Europe
Evropy	Evropa	LOC	LOC-Europe
Finskem	Finsko	LOC	GPE-Finland
Gazpromu	Gazprom	ORG	ORG-Gazprom
Kyjev	Kyjev	LOC	GPE-Kiev
Litva	Litva	LOC	GPE-Lithuania
Merkelové	Merkelová	PER	PER-Angela-Merkel
Nord Stream - 2	Nord Stream - 2	PRO	PRO-Nord-Stream-2
Nord Stream-2	Nord Stream-2	PRO	PRO-Nord-Stream-2
Nord Stream	Nord Stream	ORG	ORG-Nord-Stream-AG
Nord Stream	Nord Stream	PRO	PRO-Nord-Stream-1
Německa	Německo	LOC	GPE-Germany
Německu	Německo	LOC	GPE-Germany
Petro Porošenkem	Petro Porošenko	PER	PER-Petro-Poroshenko
Ruska	Rusko	LOC	GPE-Russia
Rusko	Rusko	LOC	GPE-Russia
Spojené státy	Spojené státy	LOC	GPE-USA
USA	USA	LOC	GPE-USA
Ukrajina	Ukrajina	LOC	GPE-Ukraine
Vladimírem Putinem	Vladimir Putin	PER	PER-Vladimir-Putin
Švédsko	Švédsko	LOC	GPE-Sweden
