cs-373
Angela Merkelová	Angela Merkelová	PER	PER-Angela-Merkel
Angele Merkelové	Angela Merkelová	PER	PER-Angela-Merkel
Baku	Baku	LOC	GPE-Baku
Baltského moře	Baltské moře	LOC	LOC-Baltic-Sea
Berlín	Berlín	LOC	GPE-Berlin
Evropané	Evropané	PER	LOC-Europe
Evropské unie	Evropská unie	ORG	ORG-European-Union
Evropy	Evropa	LOC	LOC-Europe
Ilhamem Alijevem	Ilham Alijev	PER	PER-Ilham-Aliyev
Merkelová	Merkelová	PER	PER-Angela-Merkel
Moskvou	Moskva	LOC	GPE-Moscow
Nord Stream 2	Nord Stream 2	PRO	PRO-Nord-Stream-2
Němci	Němci	PER	GPE-Germany
Německo	Německo	LOC	GPE-Germany
Ruskem	Rusko	LOC	GPE-Russia
Rusko	Rusko	LOC	GPE-Russia
Spojené státy	Spojené státy	LOC	GPE-USA
Turecko	Turecko	LOC	GPE-Turkey
Ukrajinou	Ukrajina	LOC	GPE-Ukraine
Ukrajiny	Ukrajina	LOC	GPE-Ukraine
střední	střední	LOC	LOC-Central-Europe
východní Evropy	východní Evropa	LOC	LOC-Eastern-Europe
Ázerbájdžánu	Ázerbájdžán	LOC	GPE-Azerbaijan
