cs-37
Alexandrem Novakem	Alexandr Novak	PER	PER-Aleksandr-Novak
Altmaier	Altmaier	PER	PER-Peter-Altmaier
Angelou Merkelovou	Angela Merkelová	PER	PER-Angela-Merkel
Berlínu	Berlín	LOC	GPE-Berlin
Die Welt	Die Welt	PRO	PRO-Die-Welt
Kyjevovi	Kyjev	LOC	GPE-Kiev
Moskva	Moskva	LOC	GPE-Moscow
Moskvě	Moskva	LOC	GPE-Moscow
Nikolaus Doll	Nikolaus Doll	PER	PER-Nikolaus-Doll
Nord Streamu - 2	Nord Stream - 2	PRO	PRO-Nord-Stream-2
Německo	Německo	LOC	GPE-Germany
Peterem Altmaierem	Peter Altmaier	PER	PER-Peter-Altmaier
Ruska	Rusko	LOC	GPE-Russia
Rusko	Rusko	LOC	GPE-Russia
Soči	Soči	LOC	GPE-Sochi
Ukrajinu	Ukrajina	LOC	GPE-Ukraine
Ukrajiny	Ukrajina	LOC	GPE-Ukraine
Vladimirem Putinem	Vladimir Putin	PER	PER-Vladimir-Putin
západní Evropy	západní Evropa	LOC	LOC-Western-Europe
