cs-155
Baltského moře	Baltské moře	LOC	LOC-Baltic-Sea
Bulharsko	Bulharsko	LOC	GPE-Bulgaria
Eugal	Eugal	PRO	PRO-Eugal
Eugalu	Eugal	PRO	PRO-Eugal
Evropské unii	Evropská unie	ORG	ORG-European-Union
Evropy	Evropa	LOC	LOC-Europe
Gascade	Gascade	ORG	ORG-Gascade
Gazprom	Gazprom	ORG	ORG-Gazprom
Kommersant	Kommersant	PRO	PRO-Kommersant
Maďarsko	Maďarsko	LOC	GPE-Hungary
Naftogaz	Naftogaz	ORG	ORG-Naftogaz
Nord Stream 2	Nord Stream 2	PRO	PRO-Nord-Stream-2
Polska	Polsko	LOC	GPE-Poland
Reuters	Reuters	ORG	ORG-Reuters
Srbsko	Srbsko	LOC	GPE-Serbia
Tureckem	Turecko	LOC	GPE-Turkey
TurkStream	TurkStream	PRO	PRO-Turkish-Stream
Ukrajinou	Ukrajina	LOC	GPE-Ukraine
Ukrajinu	Ukrajina	LOC	GPE-Ukraine
České republiky	Česká republika	LOC	GPE-Czech-Republic
