cs-39
Baltské moře	Baltské moře	LOC	LOC-Baltic-Sea
Evropy	Evropa	LOC	LOC-Europe
Finsko	Finsko	LOC	GPE-Finland
Grojsman	Grojsman	PER	PER-Volodymyr-Groysman
Grojsmana	Grojsman	PER	PER-Volodymyr-Groysman
Kyjev	Kyjev	LOC	GPE-Kiev
Kyjevu	Kyjev	LOC	GPE-Kiev
Leonid Kučma	Leonid Kučma	PER	PER-Leonid-Tibilov
Merkelové	Merkelová	PER	PER-Angela-Merkel
Nord Stream -2	Nord Stream -2	PRO	PRO-Nord-Stream-2
Nord Stream-2	Nord Stream-2	PRO	PRO-Nord-Stream-2
Nord Streamu	Nord Stream	PRO	PRO-Nord-Stream-1
Německa	Německo	LOC	GPE-Germany
Německo	Německo	LOC	GPE-Germany
Ruska	Rusko	LOC	GPE-Russia
Rusko	Rusko	LOC	GPE-Russia
USA	USA	LOC	GPE-USA
Ukrajina	Ukrajina	LOC	GPE-Ukraine
Ukrajiny	Ukrajina	LOC	GPE-Ukraine
Ukrajině	Ukrajina	LOC	GPE-Ukraine
