bg-1091
Райънеър	райънеър	ORG	237-0
българи	българин	LOC	215-4
италианци	италианец	PER	250-3
румънския	румънски	LOC	237-4
"Тимишоара "" Гражданска въздухоплавателна администрация"	"тимишоара "" граждански въздухоплавателен администрация"	LOC	208-2
"ГД "" ГВА """	"гд "" гва """	ORG	227-1
Ryanair	ryanair	ORG	244-0
Мая Манолова	мая манолова	PER	239-1
Диана Ковачева	диана ковачева	PER	251-21
Лондон-България	лондон-българия	LOC	xxx
Димитър Маргаритов	димитър маргаритов	PER	251-5
Европейския потребителски център	европейски потребителски център	ORG	232-3
ЕПЦ	епц	ORG	232-5
Игнат Арсенов	игнат арсенов	PER	250-5
Ирландия	ирландия	LOC	250-6
Румъния	румъния	LOC	237-4
българите	българин	PER	215-4
Тимишоара	тимишоара	LOC	208-2
"ГД "" ГВА"	"гд "" гва"	ORG	227-1
Лондон	лондон	LOC	258-1
Пловдив	пловдив	LOC	219-2
България	българия	LOC	215-6
Пловдивския районен съд за правна помощ на потребителите	пловдивски районен съд за правен помощ на потребител	ORG	219-29
Дечев.	дечев.	PER	251-6
/news.bg	/news.bg	PRO	xxx
Днес+	днес+	ORG	251-0
