bg-1316
Бергамо	бергамо	LOC	215-8
Шарлероа	шарлероа	LOC	256-1
Райънеър	райънеър	ORG	237-0
Пловдив	пловдив	LOC	219-2
Лондон	лондон	LOC	258-1
Москва	москва	LOC	239-11
Тел Авив	тел авив	LOC	208-5
Белфаст	белфаст	LOC	215-14
летище Пловдив	летище пловдив	LOC	258-4
Хайнан	хайнан	ORG	205-1
HNA Airport Group	hna airport group	ORG	243-13
Холандия	холандия	LOC	205-0
Пловдив Еърпорт Инвест	пловдив еърпорт инвест	ORG	219-13
Министерството на транспорта , информационните технологии и съобщенията	министерство на транспорт , информационен технология и съобщение	ORG	239-40
МТИТС	мтитс	ORG	239-30
Асен Василев	асен василев	PER	217-22
Франция	франция	LOC	214-5
Уанг Джиен	уанг джиен	PER	233-10
Консорциум Летище Пловдив	консорциум летище пловдив	ORG	245-2
Тракия икономическа зона	тракия икономически зона	ORG	208-10
ПИМК	пимк	ORG	219-21
Летище Пловдив	летище пловдив	LOC	258-4
Силк Роуд Пловдив Еърпорт“	силк роуд пловдив еърпорт“	ORG	249-31
Крумово	крумово	LOC	245-21
Росен Желязков	росен желязков	PER	237-19
БСП	бсп	ORG	215-15
Община Пловдив	община пловдив	ORG	216-6
Иван Тотев	иван тотев	PER	250-9
Бизнесът за Пловдив	бизнес за пловдив	ORG	215-16
Бойко Борисов	бойко борисов	PER	215-5
