bg-1897
Великобритания	великобритания	LOC	68-0
Брекзит	брекзит	EVT	63-2
ЕС	ес	ORG	82-0
Найджъл Фараж	найджъл фараж	PER	97-6
Европейският съюз	европейски съюз	ORG	82-2
Европейския парламент	европейски парламент	ORG	82-9
Найджъл Фарадж	найджъл фарадж	PER	97-6
Мишел Барние	мишел барние	PER	89-1
Ройтерс	ройтерс	ORG	87-0
Партията за независимост	партия за независимост	ORG	67-5
Обединеното кралство	обединя-(се) кралство	LOC	64-0
UKIP	ukip	ORG	54-0
Световната търговска организация	световен търговски организация	ORG	101-41
СТО	сто	ORG	101-57
Тереза Мей	тереза мей	PER	55-17
Барние	барние	PER	63-4
Фараж	фараж	PER	62-14
еврозоната	еврозона	LOC	82-6
Евростат	евростат	ORG	82-38
