bg-1649
германския	германски	LOC	78-15
Брекзит	брекзит	EVT	63-0
Филип Хамънд	филип хамънд	PER	62-3
Дейвид Дейвис	дейвид дейвис	PER	103-0
Обединеното кралство	обединя-(се) кралство	LOC	64-0
Гардиън	гардиън	PRO	78-0
Германия	германия	LOC	78-1
Берлин	берлин	LOC	63-1
ЕС	ес	ORG	82-0
еврозоната	еврозона	LOC	82-6
Ирландия	ирландия	LOC	102-6
Португалия	португалия	LOC	67-3
Гърция	гърция	LOC	78-16
Лондонското сити	лондонски сита	LOC	110-11
Файненшъл таймс	файненшъл таймс	PRO	62-17
Frankfurter Allgemeine	frankfurter allgemeine	PRO	106-2
Хамънд	хамънд	PER	52-4
Дейвис	дейвис	PER	103-8
Лондон	лондон	LOC	110-0
Великобритания	великобритания	LOC	68-0
