bg-1192
AFP	afp	ORG	66-1
Обединеното кралство	обединя-(се) кралство	LOC	64-0
Страсбург	страсбург	LOC	101-50
Великобритания	великобритания	LOC	68-0
Европейския съюз	европейски съюз	ORG	82-2
Лондон	лондон	LOC	110-0
Брюксел	брюксел	LOC	63-3
Европейския парламент	европейски парламент	ORG	82-9
Politico	politico	PRO	59-0
Проекторезолюция за приключване на дебата относно рамката на бъдещите отношения между ЕС и Обединеното кралство	проекторезолюция за приключване на дебат относно рамка на бъдещ отношение между ес и обединя-(се) кралство	PRO	67-12
ЕП	еп	ORG	82-20
ЕС	ес	ORG	82-0
Брекзит	брекзит	EVT	63-0
Тереза	тереза	PER	55-7
Меншън хаус	меншън хаус	LOC	89-26
Тереза Герова	тереза герова	PER	55-17
Тереза Мей	тереза мей	PER	55-17
Huffington Post	huffington post	PRO	94-0
консерваторите	консерватор	PER	96-1
Евросъюза	евросъюз	ORG	82-13
Мей	мей	PER	89-3
Юлиян Марков	юлиян марков	PER	71-0
Джереми Хънт	джереми хънт	PER	103-34
The Independent	the independent	PRO	76-5
Майкъл Хезълтайн	майкъл хезълтайн	PER	89-16
The Guardian	the guardian	PRO	76-3
Хезълтайн	хезълтайн	PER	52-5
Observer	observer	PRO	91-0
Европа	европа	LOC	82-3
Ирландия	ирландия	LOC	102-6
Тони Блеър	тони блеър	PER	55-18
Джон Мейджър	джон мейджър	PER	103-42
Мишел Барние	мишел барние	PER	89-1
Алеш Шмелар	алеш шмелар	PER	65-10
Чешката република	чешки република	LOC	112-0
Норвегия	норвегия	LOC	97-2
Канада	канада	LOC	96-12
Канада“	канада“	LOC	96-12
Европейската агенция за	европейски агенция за	ORG	xxx
Ги Верхофстад	аз верхофстад	PER	78-7
Брекзит“	брекзит	EVT	63-2
Манфред Вебер	манфред вебер	PER	89-22
ЕНП	енп	ORG	78-40
Виктор Турмаков	виктор турмаков	PER	68-4
Европейската агенция за лекарствата	европейски агенция за лекарство	ORG	82-23
Европейската агенция за химикалите	европейски агенция за химикал	ORG	82-22
Европейската агенциа	европейски агенциа	ORG	82-21
Андрю Диърден	андрю диърден	PER	65-12
Британската медицинска асоциация	британски медицински асоциация	ORG	63-14
Дъблин	дъблин	LOC	103-38
Лео Варадкар	лео варадкар	PER	110-1
Тереза Мей ЕС	тереза мей ес	PER	55-17
Reuters	reuters	ORG	95-0
Варадкар	варадкар	PER	68-5
Северна Ирландия	северен ирландия	LOC	101-25
Република Ирландия	република ирландия	LOC	87-4
