bg-982
Ангела Меркел	ангела меркел	PER	65-9
Тереза Мей	тереза мей	PER	55-17
Брекзита	брекзит	EVT	63-27
Берлин	берлин	LOC	63-1
Великобритания	великобритания	LOC	68-0
ЕС	ес	ORG	82-0
Ройтерс	ройтерс	ORG	87-0
Меркел	меркел	PER	89-10
БТА	бта	ORG	63-5
Лондон	лондон	LOC	110-0
Брюксел	брюксел	LOC	63-3
британците	британец	PER	63-26
Европейския съд	европейски съд	ORG	82-2
британските	британски	PER	63-189
Обединеното кралство	обединя-(се) кралство	LOC	64-0
Мей	мей	PER	89-4
Иран	иран	LOC	102-11
Техеран	техеран	LOC	55-10
ТАСС	тасс	ORG	55-8
Сирия	сирия	LOC	101-45
Турция	турция	LOC	55-6
НАТО	нато	ORG	97-4
