bg-807
Мишел Барние	мишел барние	PER	89-1
Великобритания	великобритания	LOC	68-0
ЕС	ес	ORG	82-0
Брекзит	брекзит	EVT	63-0
Европейският съюз	европейски съюз	ORG	82-2
ТАСС	тасс	ORG	55-8
Барние	барние	PER	63-4
Дейвид Дейвис	дейвид дейвис	PER	103-0
Лондон	лондон	LOC	110-0
Брюксел	брюксел	LOC	63-3
Прес Асошиейшън	прес асошиейшън	ORG	67-14
Тереза Мей	тереза мей	PER	55-17
Евросъюза	евросъюз	ORG	82-13
Сънди Таймс	сънди таймс	PRO	101-53
Мей	мей	PER	89-2
Обединеното кралство	обединя-(се) кралство	LOC	64-0
Консервативната партия	консервативен партия	ORG	96-6
Борис Джонсън	борис джонсън	PER	63-6
Майкъл Гоув	майкъл гоув	PER	89-15
Джейкъб Рийс-Мог	джейкъб рийс-мог	PER	103-16
Джонсън	джонсън	PER	103-22
ТРУД	труд	PRO	55-13
