bg-1415
Лондон	лондон	LOC	110-0
Великобритания	великобритания	LOC	68-0
Филип Хамънд	филип хамънд	PER	62-3
The Guardian	the guardian	PRO	76-3
HSBC	hsbc	ORG	94-45
Тереза Мей	тереза мей	PER	55-17
европейския съвет	европейски съвет	ORG	82-1
Доналд Туск	доналд туск	PER	103-12
ЕС	ес	ORG	82-0
Ню Йорк	ню йорк	LOC	97-10
Сингапур	сингапур	LOC	101-56
Сергей Скрипал	сергей скрипал	PER	101-7
The Independent	the independent	PRO	76-5
Европейският съюз	европейски съюз	ORG	82-2
Daily Express	daily express	PRO	79-0
Донал Туск	донал туск	PER	103-12
Европейския съвет	европейски съвет	ORG	82-1
Евросъюза	евросъюз	ORG	82-13
Брекзит“	брекзит	EVT	63-2
Джереми Корбин	джереми корбин	PER	103-53
Йемен	йемен	LOC	104-2
Huffington Post	huffington post	PRO	94-0
Саудитска Арабия	саудитски арабия	LOC	101-48
Лейбъристите	лейбърист	PER	110-7
"Информационна агенция "" Фокус """	"информационен агенция "" фокус """	ORG	102-3
