bg-1157
ЕС	ес	ORG	82-0
Лондон	лондон	LOC	110-0
Европейският съюз	европейски съюз	ORG	82-2
СССР	ссср	LOC	101-76
Лондонското училище по икономика	лондонски училище по икономика	ORG	110-13
Гуитиан	гуитиан	PER	xxx
Принс	принс	PER	67-4
The Times	the times	PRO	76-7
EurAsia Daily	eurasia daily	PRO	53-178
Европейския съюз	европейски съюз	ORG	82-2
Обединеното кралство	обединя-(се) кралство	LOC	64-0
Съветския съюз	съветски съюз	LOC	101-113
британците	британец	PER	63-26
Briefings for Brexit	briefings for brexit	ORG	86-280
Брекзит	брекзит	EVT	63-0
Великобритания	великобритания	LOC	68-0
университета в Кеймбридж	университет в кеймбридж	ORG	83-26
Грем Гаджин	грем гаджин	PER	78-37
Франция	франция	LOC	62-4
Роберт Тумс	роберт тумс	PER	87-62
Иван Христов	иван христов	PER	102-8
"Информационна агенция "" Фокус """	"информационен агенция "" фокус """	ORG	102-3
