bg-1873
Brexit	brexit	EVT	86-21
Найджъл Фараж	найджъл фараж	PER	97-6
Великобритания	великобритания	LOC	68-0
Европа	европа	LOC	82-3
ЕС	ес	ORG	82-0
британците	британец	PER	63-26
Кристоф Хаселбах	кристоф хаселбах	PER	96-71
Deutsche Welle	deutsche welle	PRO	79-7
Daily Telegraph	daily telegraph	PRO	79-8
Фараж	фараж	PER	62-14
лейбъристите	лейбърист	PER	110-5
консерваторите	консерватор	PER	96-1
Брекзита	брекзита	EVT	63-25
Лейбъристката партия	лейбъристки партия	ORG	110-6
Чъка Умуна	чъка умуна	PER	112-1
Том Брейк	том брейк	PER	55-40
ЮКИП	юкип	ORG	71-6
Европарламента	европарламент	ORG	82-26
британския парламент	британски парламент	ORG	63-16
Хенри Болтън	хенри болтън	PER	52-20
Тереза Мей	тереза мей	PER	55-17
Хаселбах	хаселбах	PER	52-9
BMG	bmg	ORG	86-1
британци	британец	PER	63-39
