bg-48
Мей	мей	PER	89-2
Брекзит	брекзит	EVT	63-0
Bild	bild	PRO	86-193
Интерфакс	интерфакс	ORG	102-22
Фокус	фокус	ORG	62-1
Лондон	лондон	LOC	110-0
ЕС	ес	ORG	82-0
Европа	европа	LOC	82-3
Даунинг стрийт“	даунинг стриен	LOC	103-84
Камарата на общините	камара на община	ORG	96-5
Великобритания	великобритания	LOC	68-0
Европейската комисия	европейски комисия	ORG	82-12
Жан-Клод Юнкер	жан-клод юнкер	PER	73-0
Европейския съвет	европейски съвет	ORG	82-1
Доналд Туск	доналд туск	PER	103-12
Тереза Мей	тереза мей	PER	55-17
Норвегия	норвегия	LOC	97-2
Канада	канада	LOC	96-12
Европа“	европа“	LOC	82-3
