bg-975
Сънди таймс	сънди таймс	PRO	101-53
Мей	мей	PER	89-4
Тереза Мей	тереза мей	PER	55-17
Лондон	лондон	LOC	110-0
ЕС	ес	ORG	82-0
Брекзит	брекзит	EVT	63-0
Асошиейтед прес	асошиейтед прес	ORG	65-0
ТАСС	тасс	ORG	55-8
Консервативна партия	консервативен партия	ORG	96-6
Борис Джонсън	борис джонсън	PER	63-6
Майкъл Гоув	майкъл гоув	PER	89-15
Джейкъб Рийс-Мог	джейкъб рийс-мог	PER	103-16
Брекзита	брекзита	EVT	63-25
Джонсън	джонсън	PER	103-22
БТА	бта	ORG	63-5
Лиъм Фокс	лиъм фокс	PER	110-15
Брюксел	брюксел	LOC	63-3
Филип Хамънд	филип хамънд	PER	62-3
Великобритания	великобритания	LOC	68-0
АП	ап	ORG	65-28
Бърнард Дженкин	бърнард дженкин	PER	63-60
Хамънд	хамънд	PER	52-4
британци	британец	PER	63-39
Сънди телеграф	сънди телеграф	PRO	101-97
