bg-958
The Independent	the independent	PRO	76-5
Джереми Хънт	джереми хънт	PER	103-34
ЕС	ес	ORG	82-0
Лондон	лондон	LOC	110-0
Майкъл Хезълтайн	майкъл хезълтайн	PER	89-16
Тереза Мей	тереза мей	PER	55-17
Европейския съюз	европейски съюз	ORG	82-2
The Guardian	the guardian	PRO	76-3
Мей	мей	PER	89-4
Хезълтайн	хезълтайн	PER	52-5
Великобритания	великобритания	LOC	68-0
Observer	observer	PRO	91-0
Европа	европа	LOC	82-3
Ирландия	ирландия	LOC	102-6
Тони Блеър	тони блеър	PER	55-18
Джон Мейджър	джон мейджър	PER	103-42
Юлиян Марков	юлиян марков	PER	71-0
Европейската агенция за лекарствата	европейски агенция за лекарство	ORG	82-23
Европейската агенция за химикалите	европейски агенция за химикал	ORG	82-22
Европейската агенциа	европейски агенциа	ORG	82-21
Брекзит	брекзит	EVT	63-0
Андрю Диърден	андрю диърден	PER	65-12
Британската медицинска асоциация	британски медицински асоциация	ORG	63-14
Виктор Турмаков	виктор турмаков	PER	68-4
Дъблин	дъблин	LOC	103-38
Лео Варадкар	лео варадкар	PER	110-1
Тереза Мей ЕС	тереза мей ес	PER	55-17
Reuters	reuters	ORG	95-0
Варадкар	варадкар	PER	68-5
Северна Ирландия	северен ирландия	LOC	101-25
Република Ирландия	република ирландия	LOC	87-4
