bg-1551
Брюксел	брюксел	LOC	63-3
Тони Блеър	тони блеър	PER	55-18
Тереза Мей	тереза мей	PER	55-17
Брекзит	брекзит	EVT	63-0
The Guardian	the guardian	PRO	76-3
Европейският съюз	европейски съюз	ORG	82-2
Европа	европа	LOC	82-3
Обединеното кралство	обединя-(се) кралство	LOC	64-0
Северна Ирландия	северен ирландия	LOC	101-25
Брекзит“	брекзит	EVT	63-2
Мей	мей	PER	89-4
Ла Манша	ла манша	LOC	110-9
Великобритания	великобритания	LOC	68-0
Блеър	блеър	PER	63-47
Джереми Корбин	джереми корбин	PER	103-33
ЕС	ес	ORG	82-0
Sky news	sky news	PRO	69-33
Лондон	лондон	LOC	110-0
The Independent	the independent	PRO	76-5
Гордън Браун	гордън браун	PER	78-42
лейбъристката партия	лейбъристки партия	ORG	110-6
Адонис	адонис	PER	65-24
консерваторите	консерватор	PER	96-1
Даунинг стрийт	даунинг стрийт	LOC	103-24
Европейския съвет	европейски съвет	ORG	82-1
Доналд Туск	доналд туск	PER	103-12
The Telegraph	the telegraph	PRO	76-0
Емма	емма	EVT	82-128
Европейския парламент	европейски парламент	ORG	82-9
Ги Верховстад	аз верховстад	PER	78-7
Европейския съюз	европейски съюз	ORG	82-2
Европейският парламент	европейски парламент	ORG	82-9
"Информационна агенция "" Фокус """	"информационен агенция "" фокус """	ORG	102-3
