bg-1308
The Daily Express	the daily express	PRO	76-2
Германия	германия	LOC	78-1
Берлин	берлин	LOC	63-1
Ангела Меркел	ангела меркел	PER	65-9
Брекзит	брекзит	EVT	63-0
Великобритания	великобритания	LOC	68-0
ЕС	ес	ORG	82-0
Eurasia Group	eurasia group	ORG	53-3
Мий Рахман	мий рахман	PER	89-95
Bloomberg	bloomberg	ORG	86-4
Eurasia group	eurasia group	ORG	53-3
Рахман	рахман	PER	87-29
Обединеното кралство	обединя-(се) кралство	LOC	64-0
Европейската икономическа зона	европейски икономически зона	ORG	82-18
Великобритания“	великобритания“	LOC	68-0
Меркел	меркел	PER	89-10
Иван Христов	иван христов	PER	102-8
"Информационна агенция "" Фокус """	"информационен агенция "" фокус """	ORG	102-3
Лондон	лондон	LOC	110-0
Тереза Мей	тереза мей	PER	55-17
Европейския съюз	европейски съюз	ORG	82-2
The Times	the times	PRO	76-7
Лейбъристката партия	лейбъристки партия	ORG	110-6
Европа	европа	LOC	82-3
Камарата на представителите	камара на представител	ORG	96-4
Филип Хамънд	филип хамънд	PER	62-3
Пол Бломфилд	пол бломфилд	PER	67-76
