bg-1450
Брекзит	брекзит	EVT	63-0
Великобритания	великобритания	LOC	68-0
ЕС	ес	ORG	82-0
Евросъюза	евросъюз	ORG	82-13
Скай нюз	скай нюз	PRO	101-34
Обединеното кралство	обединя-(се) кралство	LOC	64-0
Гринуич	гринуич	LOC	78-20
Брюксел	брюксел	LOC	63-3
Европейски съвет	европейски съвет	ORG	82-1
Тереза Мей	тереза мей	PER	55-17
Ройтерс	ройтерс	ORG	87-0
Бойко Борисов	бойко борисов	PER	63-45
Лондон	лондон	LOC	110-0
София	софия	LOC	101-40
Мишел Барние	мишел барние	PER	89-1
Борисов	борисов	PER	63-46
Българското председателство	български председателство	EVT	63-12
Брекзит”	брекзит	EVT	63-2
Барние	барние	PER	63-4
българите	българин	PER	63-30
България	българия	LOC	63-35
Европейския съд	европейски съд	ORG	82-2
Норвегия	норвегия	LOC	97-2
Франция	франция	LOC	62-4
Мей	мей	PER	89-4
Европейския съвет	европейски съвет	ORG	82-1
Северна Ирландия	северен ирландия	LOC	101-25
Дъблин	дъблин	LOC	103-38
Белфаст	белфаст	LOC	63-40
Тереза	тереза	PER	55-17
Май	май	PER	55-17
Доналд Туск	доналд туск	PER	103-12
