bg-245
Евродепутатите	евродепутат	PER	82-7
Брекзит	брекзит	EVT	63-0
евродепутатите	евродепутат	PER	82-7
София	софия	LOC	101-40
Европейския съвет	европейски съвет	ORG	82-1
Доналд Туск	доналд туск	PER	103-12
Жан-Клод Юнкер	жан-клод юнкер	PER	73-0
ЕС	ес	ORG	82-0
Великобритания	великобритания	LOC	68-0
евродепутати	евродепутат	PER	82-7
Ги Верхофстад	аз верхофстад	PER	78-7
еврозоната	еврозона	LOC	82-6
Европейската комисия	европейски комисия	ORG	82-12
Манфред Вебер	манфред вебер	PER	89-22
ЕНП	енп	ORG	82-8
Германия	германия	LOC	78-9
Мария Жуан Родригеш	мария жуан родригеш	PER	89-116
Португалия	португалия	LOC	67-3
Сайед Камал	сайед камал	PER	101-64
Белгия	белгия	LOC	63-38
Такис Хаджигеоргиу	такис хаджигеоргиу	PER	55-36
Кипър	кипър	LOC	96-15
Ска Келер	ска келер	PER	101-105
Зелените	зелен	ORG	92-1
Роландас	роландас	PER	87-48
Brexit	brexit	EVT	86-21
французи	французин	PER	62-2
германци	германец	PER	78-8
поляци	поляка	PER	67-1
българи	българин	PER	63-32
румънци	румънец	PER	87-34
ЕП	еп	ORG	82-16
