bg-967
Ирландия	ирландия	LOC	102-6
Лондон	лондон	LOC	110-0
ЕС	ес	ORG	82-0
Лио Варадкар	лио варадкар	PER	110-1
Великобритания	великобритания	LOC	68-0
Ройтерс	ройтерс	ORG	87-0
ДПА	дпа	ORG	103-39
Европейския съюз	европейски съюз	ORG	82-2
Европейската комисия	европейски комисия	ORG	82-12
ЕК	ек	ORG	82-15
Жан-Клод Юнкер	жан-клод юнкер	PER	73-0
Брекзита	брекзит	EVT	63-27
Мишел Барние	мишел барние	PER	89-1
БТА	бта	ORG	63-5
Варадкар	варадкар	PER	68-5
Саймън Ковини	саймън ковини	PER	101-38
Тереза Мей	тереза мей	PER	55-17
Ар Ти И	ар аз и	PRO	65-54
Ковини	ковини	PER	96-61
Дъблин	дъблин	LOC	103-38
Юнкер	юнкер	PER	71-3
ирландския	ирландски	LOC	102-7
Мери Лу Макдоналд	мери лу макдоналд	PER	89-114
Шин Фейн	шин фейн	ORG	108-4
