bg-1175
Франция	франция	LOC	62-4
Великобритания	великобритания	LOC	68-0
Брекзит	брекзит	EVT	63-2
Париж	париж	LOC	67-0
Рикетс	рикетс	PER	87-26
Guardian	guardian	PRO	77-95
Тереза Мей	тереза мей	PER	55-17
Еманюел Макрон	еманюел макрон	PER	82-55
Лондон	лондон	LOC	110-0
Европейския съюз	европейски съюз	ORG	82-2
НАТО	нато	ORG	97-4
ЕС	ес	ORG	82-0
Макрон	макрон	PER	89-6
Форин офис	форин офис	ORG	62-7
Мишел Барние	мишел барние	PER	89-1
Лейбъристката партия	лейбъристки партия	ORG	110-6
Консервативната партия	консервативен партия	ORG	96-6
Деймиън Грийн	деймиън грийн	PER	103-26
Барние	барние	PER	63-4
Грийн	грийн	PER	78-5
консерватори	консерватор	PER	96-2
Барние Фарадж	барние фарадж	PER	63-4
Борис Джонсън	борис джонсън	PER	63-6
Северна Корея	северен корея	LOC	101-24
Evening Standard	evening standard	PRO	53-0
Джонсън	джонсън	PER	103-22
Канада	канада	LOC	96-12
Япония	япония	LOC	xxx
Южна Корея	южен корея	LOC	71-1
Пхенян	пхенян	LOC	67-50
Ким Чен-ун“	ким чен-ун“	PER	96-78
Южна	южен	LOC	71-4
Джереми Корбин	джереми корбин	PER	103-33
САЩ	сащ	LOC	101-23
Вашингтон	вашингтон	LOC	68-6
The Times	the times	PRO	76-7
Доналд Тръмп	доналд тръмп	PER	103-13
Корбин	корбин	PER	96-9
Тръмп	тръмп	PER	55-0
"Информационна агенция "" Фокус """	"информационен агенция "" фокус """	ORG	102-3
