bg-1061
The Guardian	the guardian	PRO	76-3
Лондон	лондон	LOC	110-0
Лейбъристката партия	лейбъристки партия	ORG	110-6
Джереми Корбин	джереми корбин	PER	103-33
Брекзит	брекзит	EVT	63-0
лейбъристко	лейбъристки	PER	110-3
The Daily Express	the daily express	PRO	76-2
Momentum	momentum	ORG	58-66
Консервативната партия	консервативен партия	ORG	96-6
Брюксел	брюксел	LOC	63-3
ЕС	ес	ORG	82-0
Лейбъристи	лейбърист	PER	110-3
Корбин	корбин	PER	96-9
Консервативната партията	консервативен партия	ORG	96-101
Лейбъристите	лейбърист	PER	110-7
Тереза Мей	тереза мей	PER	55-17
Майкъл Чесъм	майкъл чесъм	PER	89-81
Брекзитът	брекзит	EVT	63-33
консерваторите	консерватор	PER	96-1
Чесъм	чесъм	PER	112-9
Мануел Кортес	мануел кортес	PER	89-119
Airbus	airbus	ORG	66-0
Siemens	siemens	ORG	69-128
CBI	cbi	ORG	107-0
Кортес	кортес	PER	96-91
Йонислав Дочев	йонислав дочев	PER	104-0
Европейския съюз	европейски съюз	ORG	82-2
The Independent	the independent	PRO	76-5
Пал Мол	пал мол	LOC	67-56
Уайтхол	уайтхол	LOC	83-2
Юлиян Марков	юлиян марков	PER	71-0
The Observe	the observe	PRO	76-6
консерватори	консерватор	PER	96-2
Тереза Май	тереза май	PER	55-17
Великобритания	великобритания	LOC	68-0
Маргарет Тачър	маргарет тачър	PER	89-17
лейбъристката партия	лейбъристки партия	ORG	110-6
Обединеното кралство	обединя-(се) кралство	LOC	64-0
Консерватори	консерватор	PER	96-2
лейбъристи	лейбърист	PER	110-3
либерал-демократи	либерал-демократ	PER	110-44
лейбъристите	лейбърист	PER	110-5
Европа	европа	LOC	82-3
BMW	bmw	ORG	86-177
НЗС	нзс	ORG	97-38
The Times	the times	PRO	76-7
LBC	lbc	PRO	100-57
НЗС Англия	нзс англия	ORG	97-1
Уелс	уелс	LOC	83-3
Северна Ирландия	северен ирландия	LOC	101-25
Джереми Хънт	джереми хънт	PER	103-34
Филип Хамънд	филип хамънд	PER	62-3
Саймън Стивънс	саймън стивънс	PER	101-118
Офисът за бюджетна отговорност	офис за бюджетен отговорност	ORG	64-23
Ирландия	ирландия	LOC	102-6
Даунинг стрийт	даунинг стрийт	LOC	103-24
Оливър Робинс	оливър робинс	PER	64-3
Мишел Барние	мишел барние	PER	89-1
Дауининг стрийт	дауининг стрийт	LOC	103-25
Робинс	робинс	PER	87-25
Мей	мей	PER	89-3
Дъблин	дъблин	LOC	103-38
Саймън Коувъни	саймън коувъни	PER	101-38
Коувъни	коувъни	PER	96-10
Република Ирландия	република ирландия	LOC	87-4
Европейският съюз	европейски съюз	ORG	82-2
ирландския	ирландски	LOC	102-7
The Economist	the economist	PRO	76-8
Разпети петък	разпета петък	EVT	87-36
Амбър Ръд	амбър ръд	PER	65-6
Саджид Джавид	саджид джавид	PER	101-30
Ръд	ръд	PER	87-24
Уиндръш	уиндръш	EVT	83-5
Камарата на общините	камара на община	ORG	96-5
