bg-422
Макрон	макрон	PER	89-6
Мей	мей	PER	89-4
Брекзит	брекзит	EVT	63-0
Еманюел Макрон	еманюел макрон	PER	82-55
лондонското Сити	лондонски сити	LOC	110-11
Великобритания	великобритания	LOC	68-0
ЕС	ес	ORG	82-0
Гардиън	гардиън	PRO	78-0
Тереза Мей	тереза мей	PER	55-17
Лондон	лондон	LOC	110-0
Париж	париж	LOC	67-0
Кале	кале	LOC	96-21
Франция	франция	LOC	62-4
Европа	европа	LOC	82-3
Канада	канада	LOC	96-12
Брюксел	брюксел	LOC	63-3
Вашингтон	вашингтон	LOC	68-6
Туке	туке	LOC	55-12
германския	германски	LOC	78-15
Ангела Меркел	ангела меркел	PER	65-9
Ню Йорк таймс	ню йорк таймс	PRO	97-15
Вивиан Пертюсо	вивиан пертюс	PER	68-61
Френския институт по международни отношения	френски институт по международен отношение	ORG	62-38
Пертюсо.	пертюсо.	PER	67-80
БТА	бта	ORG	63-5
Германия	германия	LOC	78-1
