bg-1213
Brussels Times	brussels times	PRO	86-3
Брекзит	брекзит	EVT	63-2
Брюксел	брюксел	LOC	63-3
Европейския парламент	европейски парламент	ORG	96-92
Великобритания	великобритания	LOC	68-0
Обединеното кралство	обединя-(се) кралство	LOC	64-0
ЕС	ес	ORG	82-0
британците	британец	PER	63-26
Франция	франция	LOC	62-4
Испания	испания	LOC	102-12
Италия	италия	LOC	102-2
Белгия	белгия	LOC	63-38
Закона за европейските избори	закон за европейски избор	PRO	92-15
Европейската народна партия	европейски народен партия	ORG	82-24
консерваторите	консерватор	PER	96-1
евродепутати	евродепутат	PER	82-7
Страсбург	страсбург	LOC	101-50
Иван Христов	иван христов	PER	102-8
"Информационна агенция "" Фокус """	"информационен агенция "" фокус """	ORG	102-3
