bg-1284
Великобритания	великобритания	LOC	68-0
Лондон	лондон	LOC	110-0
ЕС	ес	ORG	82-0
Тереза Мей	тереза мей	PER	55-17
Брекзит	брекзит	EVT	63-0
Югоизточна Азия	югоизточен азия	LOC	71-5
Обединеното кралство	обединя-(се) кралство	LOC	64-0
Азия	азия	LOC	65-60
Брюксел	брюксел	LOC	63-3
Барак Обама	барак обама	PER	63-131
Евросъюза	евросъюз	ORG	82-13
АСЕАН	асеан	ORG	65-20
Китай	китай	LOC	96-16
САЩ	сащ	LOC	101-23
Индонезия	индонезия	LOC	102-45
Нарендра Моди	нарендра моди	PER	97-47
Франция	франция	LOC	62-4
Западна	западен	LOC	xxx
Африка	африка	LOC	65-16
Юлиян Марков	юлиян марков	PER	71-0
