bg-1087
Франс прес	франс прес	ORG	62-0
Брекзит	брекзит	EVT	63-0
Лондон	лондон	LOC	110-0
ЕС	ес	ORG	82-0
Обединеното кралство	обединя-(се) кралство	LOC	64-0
Европейския съюз	европейски съюз	ORG	82-2
Брюксел	брюксел	LOC	63-3
Мишел Барние	мишел барние	PER	89-1
европейския блок	европейски блок	ORG	xxx
британците	британец	PER	63-26
Северна Ирландия	северен ирландия	LOC	101-25
Република Ирландия	република ирландия	LOC	87-4
Европейския съвет	европейски съвет	ORG	82-1
Доналд Туск	доналд туск	PER	103-12
европейци	европеец	PER	82-5
британци	британец	PER	63-39
Великобритания	великобритания	LOC	68-0
пост-Брекзит	пост-брекзит	EVT	xxx
Флоренция	флоренция	LOC	62-6
Тереза Мей	тереза мей	PER	55-17
лондонското Сити	лондонски сити	LOC	110-11
Европейската комисия	европейски комисия	ORG	82-12
Световната търговска организация	световен търговски организация	ORG	101-41
БТА	бта	ORG	63-5
