bg-186
Брекзит	брекзит	EVT	63-0
Брюксел	брюксел	LOC	63-3
Великобритания	великобритания	LOC	68-0
ЕС	ес	ORG	82-0
БгБен	бгбен	PRO	63-65
Политико	политико	ORG	67-18
британците	британец	PER	63-26
Коледа	коледа	EVT	96-30
Европа	европа	LOC	82-3
Тереза Мей	тереза мей	PER	55-17
Европарламента	европарламент	ORG	82-26
Канада	канада	LOC	96-12
Япония	япония	LOC	xxx
Южна Корея	южен корея	LOC	71-1
Лондон	лондон	LOC	110-0
Дейвид Дейвис	дейвид дейвис	PER	103-0
Флоренция	флоренция	LOC	62-6
британските	британски	PER	63-132
Мей	мей	PER	89-3
