bg-1168
Sunday Express	sunday express	PRO	69-0
Найджъл Фарадж	найджъл фарадж	PER	97-6
Лондон	лондон	LOC	110-0
Брекзит	брекзит	EVT	63-0
Лейбъристите	лейбърист	PER	xxx
Европейския съюз	европейски съюз	ORG	82-2
Партията на независимостта	партия на независимост	ORG	67-5
UKip	ukip	ORG	54-38
Джереми Корбин	джереми корбин	PER	103-33
ЕС	ес	ORG	82-0
Брекзит.	брекзит	EVT	63-2
Корбин	корбин	PER	96-9
Мишел Барние	мишел барние	PER	89-1
Великобритания	великобритания	LOC	68-0
Брюксел“	брюксел“	LOC	63-3
Юлиян Марков	юлиян марков	PER	71-0
"Информационна агенция "" Фокус """	"информационен агенция "" фокус """	ORG	102-3
Брюксел	брюксел	LOC	63-3
Тони Блеър	тони блеър	PER	55-18
Тереза Мей	тереза мей	PER	55-17
The Guardian	the guardian	PRO	76-3
Европейският съюз	европейски съюз	ORG	82-2
Европа	европа	LOC	82-3
Обединеното кралство	обединя-(се) кралство	LOC	64-0
Северна Ирландия	северен ирландия	LOC	101-25
Брекзит“	брекзит	EVT	63-2
Мей	мей	PER	89-4
Ла Манша	ла манша	LOC	110-9
Блеър	блеър	PER	63-47
Sky news	sky news	PRO	69-33
Найджъл Фараж	найджъл фараж	PER	97-6
британци	британец	PER	63-39
Барние	барние	PER	63-4
Европейската комисия	европейски комисия	ORG	82-12
Фараж	фараж	PER	62-10
британските	британски	PER	63-149
Виктор Турмаков	виктор турмаков	PER	68-4
Reuters	reuters	ORG	95-0
Британската партия на независимостта	британски партия на независимост	ORG	63-13
Дейвид Камерън	дейвид камерън	PER	103-1
Париж	париж	LOC	67-0
Франция	франция	LOC	62-4
Еманюел Макрон	еманюел макрон	PER	82-55
The Independent	the independent	PRO	76-5
Макрон	макрон	PER	89-6
британците	британец	PER	63-26
EurActiv	euractiv	PRO	53-2
Лейбъристката партия	лейбъристки партия	ORG	110-6
Цанко Цолов	цанко цолов	PER	99-1
