bg-1665
Скрипал	скрипам-(се)	PER	101-47
Брекзита	брекзит	EVT	63-27
британците	британец	PER	63-26
Брекзит	брекзит	EVT	63-0
Антъни Глийс	антъни глийс	PER	65-27
Германия	германия	LOC	78-1
Волфган Шойбле	волфган шойбле	PER	68-46
Функе	функе	ORG	62-26
руския	руски	LOC	87-64
Сергей Скрипал	сергей скрипам-(се)	PER	101-7
Европа	европа	LOC	82-3
германския	германски	LOC	78-15
Втората световна война	втори световен война	EVT	68-9
Великобритания	великобритания	LOC	68-0
Волфганг Шойбле	волфганг шойбле	PER	68-1
британци	британец	PER	63-39
ЕС	ес	ORG	82-0
Брекзитът	брекзит	EVT	63-33
Глийс	глийс	PER	78-6
Британците	британец	PER	63-41
Англия	англия	LOC	65-4
Русия	русия	LOC	87-6
Юлия	юлия	PER	71-10
Лондон	лондон	LOC	110-0
Атлантика	атлантика	LOC	65-72
Европол	европол	ORG	82-32
Тереза Мей	тереза мей	PER	55-17
Обединеното кралство	обединя-(се) кралство	LOC	64-0
Путин	путин	PER	67-6
Солсбъри	солсбъри	LOC	101-61
Мей	мей	PER	89-2
Гевин Уилямсън	гевин уилямсън	PER	78-12
Кремъл	кремъл	LOC	96-18
Телеграф	телеграф	PRO	55-9
Москва	москва	LOC	89-24
