bg-1684
Великобритания	великобритания	LOC	68-0
ЕС	ес	ORG	82-0
Файненшъл таймс	файненшъл таймс	PRO	62-17
Ройтерс	ройтерс	ORG	87-0
Обединеното кралство	обединя-(се) кралство	LOC	64-0
Брекзит	брекзит	EVT	63-0
САЩ	сащ	LOC	101-23
Япония	япония	LOC	xxx
Малайзия	малайзия	LOC	89-47
Виетнам	виетнам	LOC	68-8
Сингапур	сингапур	LOC	101-56
Бруней	бруней	LOC	63-162
Австралия	австралия	LOC	65-55
Нова Зеландия	нов зеландия	LOC	97-40
Канада	канада	LOC	96-12
Мексико	мексико	LOC	89-0
Чили	чили	LOC	112-11
Перу	перу	LOC	67-7
Лондон	лондон	LOC	110-0
