bg-994
Morning Star	morning star	ORG	58-229
Европейския съюз	европейски съюз	ORG	82-2
Великобритания	великобритания	LOC	68-0
ЕС	ес	ORG	82-0
Брюксел	брюксел	LOC	63-3
Северна Ирландия	северен ирландия	LOC	101-25
Брекзит	брекзит	EVT	63-0
Дейвид Дейвис	дейвид дейвис	PER	103-0
The Times	the times	PRO	76-7
Обединеното кралство	обединя-(се) кралство	LOC	64-0
Консервативна партия	консервативен партия	ORG	96-6
Дейвис	дейвис	PER	103-8
Република Ирландия	република ирландия	LOC	87-4
Лондон	лондон	LOC	110-0
Европейската комисия	европейски комисия	ORG	82-12
Европейския съд	европейски съд	ORG	82-2
Тереза Мей	тереза мей	PER	55-17
Европейския съвет	европейски съвет	ORG	82-1
Доналд Туск	доналд туск	PER	103-12
Мей	мей	PER	89-2
Британия	британия	LOC	63-73
Ирландско море	ирландски море	LOC	102-16
ЕК	ек	ORG	82-15
Мишел Барние	мишел барние	PER	89-1
Иван Христов	иван христов	PER	102-8
Лейбъристка	лейбъристки	ORG	110-4
Шотландска национална партия	шотландски национален партия	ORG	108-3
Ирландия	ирландия	LOC	102-6
Лейбъристката партия	лейбъристки партия	ORG	110-6
Кир Стармър	кир стармър	PER	96-11
Саймън Кавъни	саймън кавъни	PER	101-38
Виктор Турмаков	виктор турмаков	PER	68-4
Reuters	reuters	ORG	95-0
Барние	барние	PER	63-4
