bg-1371
Великобритания	великобритания	LOC	68-0
унгарците	унгарец	PER	83-0
Брекзит	брекзит	EVT	63-2
Централна Европа	централен европа	LOC	99-4
Брекзита	брекзит	EVT	63-27
Борис Джонсън	борис джонсън	PER	63-6
Будапеща	будапеща	LOC	63-55
Ройтерс	ройтерс	ORG	87-0
унгарския	унгарски	LOC	83-29
Петер Сиярто	петер сиярто	PER	67-86
Джонсън	джонсън	PER	103-22
британците	британец	PER	63-26
Унгария	унгария	LOC	83-1
британските	британски	PER	63-187
ЕС	ес	ORG	82-0
БТА	бта	ORG	63-5
Централна	централен	LOC	99-4
Източна Европа	източен европа	LOC	102-10
Лондон	лондон	LOC	110-0
