bg-413
ЕС	ес	ORG	82-0
Брекзит	брекзит	EVT	63-0
Великобритания	великобритания	LOC	68-0
Европейския съюз	европейски съюз	ORG	82-2
Би Би Си	би би си	PRO	63-29
Мишел Барние	мишел барние	PER	89-1
Файненшъл таймс	файненшъл таймс	PRO	62-17
Гардиън	гардиън	PRO	78-0
Брюксел	брюксел	LOC	63-3
Европейския съвет	европейски съвет	ORG	82-1
Доналд Туск	доналд туск	PER	103-12
Евродепутатите	евродепутат	PER	82-7
Туск	туск	PER	55-3
Европейската комисия	европейски комисия	ORG	82-12
Жан-Клод Юнкер	жан-клод юнкер	PER	73-0
евродепутатите	евродепутат	PER	82-7
Европейския парламент	европейски парламент	ORG	82-9
евродепутати	евродепутат	PER	82-7
Ги Верхофстад	аз верхофстад	PER	78-7
