bg-713
Меркел	меркел	PER	89-10
Мей	мей	PER	89-4
Ангела Меркел	ангела меркел	PER	65-9
Берлин	берлин	LOC	63-1
Тереза Мей	тереза мей	PER	55-17
Ройтерс	ройтерс	ORG	87-0
БТА	бта	ORG	63-5
Брекзита	брекзит	EVT	63-27
Лондон	лондон	LOC	110-0
Брюксел	брюксел	LOC	63-3
британците	британец	PER	63-26
ЕС	ес	ORG	82-0
Европейския съд	европейски съд	ORG	82-2
британските	британски	PER	63-144
Обединеното кралство	обединя-(се) кралство	LOC	64-0
Великобритания	великобритания	LOC	68-0
Иран	иран	LOC	102-11
Техеран	техеран	LOC	55-10
ТАСС	тасс	ORG	55-8
Сирия	сирия	LOC	101-45
Турция	турция	LOC	55-6
НАТО	нато	ORG	97-4
