bg-1776
Юнкер	юнкер	PER	71-2
Брекзит	брекзит	EVT	63-0
Великобритания	великобритания	LOC	68-0
ЕС	ес	ORG	82-0
Европейската комисия	европейски комисия	ORG	82-12
Жан-Клод Юнкер	жан-клод юнкер	PER	73-0
Ройтерс	ройтерс	ORG	87-0
Европейския парламент	европейски парламент	ORG	82-9
Страсбург	страсбург	LOC	101-50
ЕК	ек	ORG	82-15
Лондон	лондон	LOC	110-0
Брюксел	брюксел	LOC	63-3
Ирландия	ирландия	LOC	102-6
Северна Ирландия	северен ирландия	LOC	101-25
"Споразумението "" Добрият петък"	"споразумение "" добър петък"	PRO	101-81
Споразумението от	споразумение от	PRO	xxx
Белфаст	белфаст	LOC	63-40
Мишел Барние	мишел барние	PER	89-1
европарламента	европарламент	ORG	82-30
Барние	барние	PER	63-4
