bg-1780
Европейците	европеец	PER	82-5
Великобритания	великобритания	LOC	68-0
Брекзит	брекзит	EVT	63-2
ЕС	ес	ORG	82-0
Обединеното кралство	обединя-(се) кралство	LOC	64-0
британците	британец	PER	63-26
български	български	LOC	63-140
българите	българин	PER	63-30
румънците	румънец	PER	87-34
Източен блок	източен блок	LOC	102-39
Румъния	румъния	PER	87-57
България	българия	PER	63-36
българи	българин	PER	63-31
румънци	румънец	PER	87-34
Полша	полша	LOC	67-13
Западна Европа	западен европа	LOC	92-14
източноевропейците	източноевропеец	PER	102-15
Корнуол	корнуол	LOC	96-96
Англия	англия	LOC	65-4
източноевропейски	източноевропейски	PER	102-38
Европейския съюз	европейски съюз	ORG	82-2
българин	българин	PER	63-123
британци	британец	PER	63-39
европейските	европейски	PER	82-25
