bg-1122
AFP	afp	ORG	66-1
Камарата на лордовете	камара на лорд	ORG	96-3
Лондон	лондон	LOC	110-0
Садик Хан	садик хан	PER	101-44
Амбър Ръд	амбър ръд	PER	65-6
The Guardian	the guardian	PRO	76-3
Ръд	ръд	PER	87-24
лейбъристите	лейбърист	PER	110-5
консерваторите	консерватор	PER	96-1
Хан	хан	PER	52-2
Юлиян Марков	юлиян марков	PER	71-0
Тереза Мей	тереза мей	PER	55-17
Брекзит	брекзит	EVT	63-0
Оливър Робинс	оливър робинс	PER	64-3
The Sunday Times	the sunday times	PRO	76-9
Маргарет Тачър	маргарет тачър	PER	89-17
Европейския съюз	европейски съюз	ORG	82-2
Дейвид Дейвис	дейвид дейвис	PER	103-0
Робинс	робинс	PER	87-25
Дейвис	дейвис	PER	103-8
Гевин Баруел	гевин баруел	PER	78-13
Белфаст	белфаст	LOC	63-40
Демократичната юнионистка партия	демократичен юнионистка партия	ORG	103-9
Северна Ирландия	северен ирландия	LOC	101-25
ЕС	ес	ORG	82-0
The Telegraph	the telegraph	PRO	76-0
Найджъл Одс	найджъл одс	PER	97-3
ДЮП	дюп	ORG	103-40
Уестминстър	уестминстър	LOC	83-6
Великобритания	великобритания	LOC	68-0
Ирландия	ирландия	LOC	102-6
Иван Христов	иван христов	PER	102-8
