bg-771
Великобритания	великобритания	LOC	68-0
Европейския съюз	европейски съюз	ORG	82-2
ЕС	ес	ORG	82-0
Мишел Барние	мишел барние	PER	89-1
Лондон	лондон	LOC	110-0
Дейвид Дейвис	дейвид дейвис	PER	103-0
Тереза Мей	тереза мей	PER	55-17
Брекзит	брекзит	EVT	63-0
британците	британец	PER	63-26
консерваторите	консерватор	PER	96-1
Мей	мей	PER	89-4
Барние	барние	PER	63-4
Брюксел	брюксел	LOC	63-3
британските	британски	PER	63-148
Есекс	есекс	LOC	82-65
САЩ	сащ	LOC	101-23
консервативната партия	консервативен партия	ORG	96-6
Тереза Май	тереза май	PER	55-17
торите	тора	PER	55-5
Борис Джонсън	борис джонсън	PER	63-6
Уинстън Чърчил	уинстън чърчил	PER	83-22
Джон Мейджър	джон мейджър	PER	103-42
Джонсън	джонсън	PER	103-22
Джейкъб Рийс-Мог	джейкъб рийс-мог	PER	103-16
Ана Субри	ана субри	PER	65-2
лейбъристите	лейбърист	PER	110-5
Джереми Корбин	джереми корбин	PER	103-33
консерватор”	консерватор	PER	96-31
