bg-1519
Тереза Мей	тереза мей	PER	55-17
Лондон	лондон	LOC	110-0
Камарата на лордовете	камара на лорд	ORG	96-3
The Guardian	the guardian	PRO	76-3
лейбъристите	лейбърист	PER	110-5
Джереми Корбин	джереми корбин	PER	103-33
лейбъристи	лейбърист	PER	110-3
Камарата на общините	камара на община	ORG	96-5
Европейското икономическо пространство	европейски икономически пространство	ORG	82-11
Алли	алли	PER	65-57
Европейския съюз	европейски съюз	ORG	82-2
Юлиян Марков	юлиян марков	PER	71-0
The Telegraph	the telegraph	PRO	76-0
Великобритания	великобритания	LOC	68-0
Брекзит	брекзит	EVT	63-0
Грег Кларк	грег кларк	PER	78-10
Тойота	тойота	ORG	55-1
Sunday Express	sunday express	PRO	69-0
ЕС	ес	ORG	82-0
Каролин Флинт	каролин флинт	PER	96-8
лейбъристката партия	лейбъристки партия	ORG	110-6
консерваторите	консерватор	PER	96-1
Стив Хоуъл	стив хоуъл	PER	101-36
консерватори	консерватор	PER	96-2
Камарата на Общините	камара на община	ORG	96-5
Джулиян Смит	джулиян смит	PER	103-36
Европейската асоциация за свободна търговия	европейски асоциация за свободен търговия	ORG	xxx
Лейбъристката партия	лейбъристки партия	ORG	110-6
Консервативната партия	консервативен партия	ORG	96-6
The Daily Express	the daily express	PRO	76-2
Иън Дънкан Смит	иън дънкан смит	PER	102-5
Лейбъристите	лейбърист	PER	110-7
Смит	смит	PER	101-37
Джейкъб Рийс-Мог	джейкъб рийс-мог	PER	103-16
Йонислав Дочев	йонислав дочев	PER	104-0
