bg-1987
Мишел Барние	мишел барние	PER	89-1
Брюксел	брюксел	LOC	63-3
Консервативната партия	консервативен партия	ORG	96-6
Тереза Мей	тереза мей	PER	55-17
ЕС	ес	ORG	82-0
Лондон	лондон	LOC	110-0
Анна Соубри	анна соубри	PER	65-3
Чука Умуна	чукам-(се) умуна	PER	112-3
Лейбъристката партия	лейбъристки партия	ORG	110-6
Доминик Грийв	доминик грийв	PER	103-23
Барние	барние	PER	63-4
Брекзит“	брекзит	EVT	63-2
Джеръми Корбин	джеръми корбин	PER	103-33
Корбин	корбин	PER	96-9
Великобритания	великобритания	LOC	68-0
Евросъюза	евросъюз	ORG	82-13
Норвегия	норвегия	LOC	97-2
Лихтенщайн	лихтенщайн	LOC	110-21
Исландия	исландия	LOC	102-0
Доналд Тръмп	доналд тръмп	PER	103-13
сенатори	сенатор	PER	xxx
Белия дом	бял дом	LOC	63-43
Тръмп	тръмп	PER	55-0
Съединените щати	съединя-(се) щат	LOC	101-33
Хаити	хаити	LOC	52-26
