pl-1115
Amerykanie	Amerykanie	PER	GPE-USA
BASF/Wintershall	BASF/Wintershall	ORG	ORG-BASF-Wintershall
BiznesAlert.pl	BiznesAlert.pl	PRO	PRO-BiznesAlert-pl
CAATSA	CAATSA	PRO	PRO-CAATSA-Bill
CIRE.PL	CIRE.PL	PRO	PRO-CIRE.PL
CIRE	CIRE	PRO	PRO-CIRE.PL
Departamentu Stanu USA	Departament Stanu USA	ORG	ORG-Department-of-State-USA
Donalda Trumpa	Donald Trump	PER	PER-Donald-Trump
ENGIE	ENGIE	ORG	ORG-Engie
Gazprom	Gazprom	ORG	ORG-Gazprom
Hartmann	Hartmann	PER	PER-Rainer-Hartmann
Heather Nauert	Heather Nauert	PER	PER-Heather-Nauert
Nord Stream 2	Nord Stream 2	PRO	PRO-Nord-Stream-2
OMV	OMV	ORG	ORG-OMV
RBK	RBK	PRO	PRO-RBK
Rainera Hartmanna	Rainer Hartmann	PER	PER-Rainer-Hartmann
Shell	Shell	ORG	ORG-Royal-Dutch-Shell-BG-Group
USA	USA	LOC	GPE-USA
Uniper	Uniper	ORG	ORG-Uniper
Unipera	Uniper	ORG	ORG-Uniper
