pl-1057
Aleksieja Millera	Aleksiej Miller	PER	PER-Aleksey-Miller
Angela Merkel	Angela Merkel	PER	PER-Angela-Merkel
Austrii	Austria	LOC	GPE-Austria
Bodenseer	Bodenseer	PER	PER-Jürgen-Bodenseer
Clearstream	Clearstream	ORG	ORG-Clearstream
Dentonsa	Dentons	ORG	ORG-Dentons
Europie	Europa	LOC	LOC-Europe
Gazpromu	Gazprom	ORG	ORG-Gazprom
Handelsblatt	Handelsblatt	PRO	PRO-Handelsblatt
Handelsblattu	Handelsblatt	PRO	PRO-Handelsblatt
Julia Pfeil	Julia Pfeil	PER	PER-Julia-Pfeil
Jürgen Bodenseer	Jürgen Bodenseer	PER	PER-Jürgen-Bodenseer
Merkel	Merkel	PER	PER-Angela-Merkel
Morze Bałtyckie	Morze Bałtyckie	LOC	LOC-Baltic-Sea
Niemcy	Niemcy	LOC	GPE-Germany
Niemiec	Niemcy	LOC	GPE-Germany
Nord Stream 2	Nord Stream 2	PRO	PRO-Nord-Stream-2
OMV	OMV	ORG	ORG-OMV
Raiffeisen	Raiffeisen	ORG	ORG-Raiffeisen
Rosji	Rosja	LOC	GPE-Russia
Strabag	Strabag	ORG	ORG-Strabag-Czech-Republic
Tyrolskiej Izby Handlu	Tyrolska Izba Handlu	ORG	ORG-Economic-Chamber-of-Tyrol
USA	USA	LOC	GPE-USA
Ukrainę	Ukraina	LOC	GPE-Ukraine
Władimira Putina	Władimir Putin	PER	PER-Vladimir-Putin
