pl-951
BASF-Wintershall	BASF-Wintershall	ORG	ORG-BASF-Wintershall
Czaputowicz	Czaputowicz	PER	PER-Jacek-Czaputowicz
Donald Trump	Donald Trump	PER	PER-Donald-Trump
Engie	Engie	ORG	ORG-Engie
Europie	Europa	LOC	LOC-Europe
Gazprom	Gazprom	ORG	ORG-Gazprom
Gazpromu	Gazprom	ORG	ORG-Gazprom
Greifswaldu	Greifswald	LOC	GPE-Greifswald
Heiko Maas	Heiko Maas	PER	PER-Heiko-Maas
Jacek Czaputowicz	Jacek Czaputowicz	PER	PER-Jacek-Czaputowicz
MSZ	MSZ	ORG	ORG-Ministry-of-Foreign-Affairs-Germany
MSZ	MSZ	ORG	ORG-Ministry-of-Foreign-Affairs-Poland
Morze Bałtyckie	Morze Bałtyckie	LOC	LOC-Baltic-Sea
Niemcami	Niemcy	LOC	GPE-Germany
Niemcy	Niemcy	LOC	GPE-Germany
Niemczech	Niemcy	LOC	GPE-Germany
Niemiec	Niemcy	LOC	GPE-Germany
Nord Stream 2	Nord Stream 2	PRO	PRO-Nord-Stream-2
Nord Stream	Nord Stream	PRO	PRO-Nord-Stream-1
OMV	OMV	ORG	ORG-OMV
PAP	PAP	ORG	ORG-PAP-Polish-Press-Agency
Polska	Polska	LOC	GPE-Poland
Polski	Polska	LOC	GPE-Poland
Polskę	Polska	LOC	GPE-Poland
Rosja	Rosja	LOC	GPE-Russia
Rosji	Rosja	LOC	GPE-Russia
Royal Dutch Shell	Royal Dutch Shell	ORG	ORG-Royal-Dutch-Shell-BG-Group
USA	USA	LOC	GPE-USA
Ukraina	Ukraina	LOC	GPE-Ukraine
Ukrainy	Ukraina	LOC	GPE-Ukraine
Ukrainę	Ukraina	LOC	GPE-Ukraine
Uniper	Uniper	ORG	ORG-Uniper
Wyborga	Wyborg	LOC	GPE-Vyborg
