pl-1462
A2/AD	A2/AD	PRO	PRO-A2AD
Bałtyku	Bałtyk	LOC	LOC-Baltic-Sea
Białorusią	Białoruś	LOC	GPE-Belarus
DPA	DPA	ORG	ORG-DPA
Danii	Dania	LOC	GPE-Denmark
Departament Stanu	Departament Stanu	ORG	ORG-Department-of-State-USA
Europy	Europa	LOC	LOC-Europe
Finlandia	Finlandia	LOC	GPE-Finland
Gazprom	Gazprom	ORG	ORG-Gazprom
Gazpromu	Gazprom	ORG	ORG-Gazprom
German Marshall Fund	German Marshall Fund	ORG	ORG-German-Marshall-Fund
IAR	IAR	ORG	ORG-IAR
Joerg Forbrig	Joerg Forbrig	PER	PER-Joerg-Forbrig
Komisji Europejskiej	Komisja Europejska	ORG	ORG-European-Commission
Krym	Krym	LOC	GPE-Crimea
Lubmin	Lubmin	LOC	GPE-Lubmin
Lubminie	Lubmin	LOC	GPE-Lubmin
Marcel Van Herpen	Marcel Van Herpen	PER	PER-Marcel-Van-Herpen
Medżlisu Tatarów Krymskich	Medżlis Tatarów Krymskich	ORG	ORG-Mejlis-of-the-Crimean-Tatar-People
NATO	NATO	ORG	ORG-NATO
Niemcy	Niemcy	LOC	GPE-Germany
Nord Stream 2	Nord Stream 2	PRO	PRO-Nord-Stream-2
Nord Stream	Nord Stream	PRO	PRO-Nord-Stream-1
Polska	Polska	LOC	GPE-Poland
Polski	Polska	LOC	GPE-Poland
PolskieRadio.pl	PolskieRadio.pl	PRO	PRO-PolskieRadio.pl
Putin	Putin	PER	PER-Vladimir-Putin
Putina	Putin	PER	PER-Vladimir-Putin
Refat Czubarow	Refat Czubarow	PER	PER-Refat-Czubarow
Rosji	Rosja	LOC	GPE-Russia
Rumunii	Rumunia	LOC	GPE-Romania
Szwecji	Szwecja	LOC	GPE-Sweden
Ukrainy	Ukraina	LOC	GPE-Ukraine
Ukrainą	Ukraina	LOC	GPE-Ukraine
Unii Energetycznej	Unia Energetyczna	ORG	ORG-Energy-union
Władimirem Wielkim	Władimir Wielki	PER	PER-Vladimir-the-Great
ZSRR	ZSRR	LOC	GPE-ZSRR
