pl-291
Angeli Merkel	Angela Merkel	PER	PER-Angela-Merkel
Bałtyku	Bałtyk	LOC	LOC-Baltic-Sea
Berlinie	Berlin	LOC	GPE-Berlin
Biura ds. Zasobów Energii Departamentu Stanu USA	Biuro ds. Zasobów Energii Departamentu Stanu USA	ORG	ORG-Bureau-of-Energy-Resources-US-Department-of-State
Departamentu Stanu USA	Departament Stanu USA	ORG	ORG-Department-of-State-USA
Europie	Europa	LOC	LOC-Europe
Europy	Europa	LOC	LOC-Europe
Heather Nauert	Heather Nauert	PER	PER-Heather-Nauert
Morzu Bałtyckim	Morze Bałtyckie	LOC	LOC-Baltic-Sea
Niemczech	Niemcy	LOC	GPE-Germany
Niemiec	Niemcy	LOC	GPE-Germany
Nord Stream 2	Nord Stream 2	PRO	PRO-Nord-Stream-2
Nord Stream	Nord Stream	PRO	PRO-Nord-Stream-1
Oudkirk	Oudkirk	PER	PER-Sandra-Oudkirk
Polska Agencja Prasowa	Polska Agencja Prasowa	ORG	ORG-PAP-Polish-Press-Agency
Rosja	Rosja	LOC	GPE-Russia
Rosji	Rosja	LOC	GPE-Russia
Sandra Oudkirk	Sandra Oudkirk	PER	PER-Sandra-Oudkirk
Soczi	Soczi	LOC	GPE-Sochi
Stany Zjednoczone	Stany Zjednoczone	LOC	GPE-USA
USA	USA	LOC	GPE-USA
Ukraina	Ukraina	LOC	GPE-Ukraine
Ukrainy	Ukraina	LOC	GPE-Ukraine
Władimirem Putinem	Władimir Putin	PER	PER-Vladimir-Putin
