sl-173
Američani	Američani	PER	GPE-USA
Evropejci	Evropejci	PER	LOC-Europe
Kitajci	Kitajci	PER	GPE-China
Mars	Mars	LOC	LOC-Mars
Marsa	Mars	LOC	LOC-Mars
Marsovi	Mars	LOC	LOC-Mars
Marsu	Mars	LOC	LOC-Mars
Missouri	Missouri	LOC	GPE-Missouri
Nasa	Nasa	ORG	ORG-National-aeronautics-and-space-administration-NASA
Nasine	Nasa	ORG	ORG-National-aeronautics-and-space-administration-NASA
Nasinega	Nasa	ORG	ORG-National-aeronautics-and-space-administration-NASA
Romoser	Romoser	PER	PER-William-Romoser
Romoserjeva	Romoser	PER	PER-William-Romoser
St. Louisu	St. Louis	LOC	GPE-St.-Louis
William Romoser	William Romoser	PER	PER-William-Romoser
Zemlji	Zemlja	LOC	LOC-Earth
ameriškem entomološkem društvu	ameriško entomološko društvo	ORG	ORG-Entomological-society-of-america
univerze v Ohiu	univerza v Ohiu	ORG	ORG-The-Ohio-state-university
univerzi v Ohiu	univerza v Ohiu	ORG	ORG-The-Ohio-state-university
