sl-137
Dejana Valenčaka	Dejan Valenčak	PER	PER-Dejan-Valenčak
Furs	Furs	ORG	ORG-Finančna-uprava-Republike-Slovenije
Fursa	Furs	ORG	ORG-Finančna-uprava-Republike-Slovenije
Fursu	Furs	ORG	ORG-Finančna-uprava-Republike-Slovenije
Mitja Jelenič Novak	Mitja Jelenič Novak	PER	PER-Mitja-Jelenič-Novak
Mitjem Jeleničem Novakom	Mitja Jelenič Novak	PER	PER-Mitja-Jelenič-Novak
Natašo Šket	Nataša Šket	PER	PER-Nataša-Šket
Nove Ljubljanske banke	Nova Ljubljanska banka	ORG	ORG-Nova-Ljubljanska-Banka
Renata Vodnjov	Renata Vodnjov	PER	PER-Renata-Vodnjov
Rotnik	Rotnik	PER	PER-Uroš-Rotnik
Rotnika	Rotnik	PER	PER-Uroš-Rotnik
Rotnikom	Rotnik	PER	PER-Uroš-Rotnik
Rotnikov	Rotnik	PER	PER-Uroš-Rotnik
Rotnikovega	Rotnik	PER	PER-Uroš-Rotnik
Rotnikovem	Rotnik	PER	PER-Uroš-Rotnik
Rotnikovi	Rotnik	PER	PER-Uroš-Rotnik
Specializirano državno tožilstvo	Specializirano državno tožilstvo	ORG	ORG-Specializirano-Državno-Tožilstvo-Republike-Slovenije
TEŠ-a	TEŠ	ORG	ORG-TEŠ-Termoelektrarna-Šoštanj
TEŠ	TEŠ	ORG	ORG-TEŠ-Termoelektrarna-Šoštanj
Termoelektrarne Šoštanj	Termoelektrarna Šoštanj	ORG	ORG-TEŠ-Termoelektrarna-Šoštanj
Uroš Rotnik	Uroš Rotnik	PER	PER-Uroš-Rotnik
Uroša Rotnika	Uroš Rotnik	PER	PER-Uroš-Rotnik
Varjo Holec	Varja Holec	PER	PER-Varja-Holec
celjskem sodišču	celjsko sodišče	LOC	ORG-Okrožno-sodišče-v-Celju
šestega bloka TEŠ	šesti blok TEŠ	PRO	ORG-TEŠ-Termoelektrarna-Šoštanj
