bg-675
DPA	DPA	ORG	ORG-DPA
Алтмайер	Алтмайер	PER	PER-Peter-Altmaier
Ангела Меркел	Ангела Меркел	PER	PER-Angela-Merkel
БТА	БТА	ORG	ORG-Bulgarian-News-Agency
Берлин	Берлин	LOC	GPE-Berlin
Владимир Путин	Владимир Путин	PER	PER-Vladimir-Putin
Володимир Гройсман	Володимир Гройсман	PER	PER-Volodymyr-Groysman
Германия	Германия	LOC	GPE-Germany
Гросман	Гросман	PER	PER-Volodymyr-Groysman
ЕС	ЕС	ORG	ORG-European-Union
Европа	Европа	LOC	LOC-Europe
Източна Украйна	Източна Украйна	LOC	LOC-East-Ukraine
Киев	Киев	LOC	GPE-Kiev
Крим	Крим	LOC	GPE-Crimea
Москва	Москва	LOC	GPE-Moscow
Петер Алтмайер	Петер Алтмайер	PER	PER-Peter-Altmaier
Русия	Русия	LOC	GPE-Russia
Северен поток 2	Северен поток 2	PRO	PRO-Nord-Stream-2
Северен поток	Северен поток	PRO	PRO-Nord-Stream-1
Сочи	Сочи	LOC	GPE-Sochi
Украйна	Украйна	LOC	GPE-Ukraine
