bg-152
Engie	Engie	ORG	ORG-Engie
OMV	OMV	ORG	ORG-OMV
Shell	Shell	ORG	ORG-Royal-Dutch-Shell-BG-Group
Uniper	Uniper	ORG	ORG-Uniper
Wintershall	Wintershall	ORG	ORG-Wintershall
Алексей Милер	Алексей Милер	PER	PER-Aleksey-Miller
Балтийско море	Балтийско море	LOC	LOC-Baltic-Sea
Газпром	Газпром	ORG	ORG-Gazprom
Германия	Германия	LOC	GPE-Germany
Грайфсвалд	Грайфсвалд	LOC	GPE-Greifswald
Дания	Дания	LOC	GPE-Denmark
Русия	Русия	LOC	GPE-Russia
Северен поток 2	Северен поток 2	PRO	PRO-Nord-Stream-2
Северен поток-2	Северен поток 2	PRO	PRO-Nord-Stream-2
Северн поток-2	Северен поток 2	PRO	PRO-Nord-Stream-2
ТАСС	ТАСС	ORG	ORG-TASS-Agency
Федералната агенция за корабоплаване и хидрография	Федерална агенция за корабоплаване и хидрография	ORG	ORG-Federal-Office-for-Shipping-and-Hydrography-Germany
Финландия	Финландия	LOC	GPE-Finland
Швеция	Швеция	LOC	GPE-Sweden
Щралзунд	Щралзунд	LOC	GPE-Stralsund
