uk-23
Газпрому	Газпром	ORG	141-3
Вищий суд швейцарського кантону Цуг	вищий суд швейцарський кантон Цуг	ORG	133-22
Північного потоку	північний потік	ORG	132-27
Північного потоку - 2	північний потік - 2	ORG	132-24
Nord Stream AG	Nord Stream AG	ORG	151-12
Nord Stream 2 AG	Nord Stream 2 AG	ORG	151-3
Стокгольмського арбітражного суду	стокгольмський арбітражний суд	ORG	164-44
Нафтогазу	Нафтогаз	ORG	160-14
України	Україна	LOC	147-10
Nord Stream 2	Nord Stream 2	ORG	151-4
Цуг	Цуг	LOC	162-3
Вищим судом	вищий суд	ORG	133-23
Газпром	Газпром	ORG	141-4
УНІАН	УНІАН	ORG	147-14
Нафтогазом	Нафтогаз	ORG	160-0
Стокгольмському арбітражі	стокгольмський арбітраж	ORG	164-44
Україною	Україна	LOC	147-10
Нафтогаз	Нафтогаз	ORG	160-15
Англії	Англія	LOC	130-30
Швейцарії	Швейцарія	LOC	171-4
Нідерландах	Нідерландах	LOC	160-23
Північний потік - 1	північний потік - 1	ORG	132-25
Північний потік - 2	північний потік - 2	ORG	132-23
Швеції	Швеція	LOC	171-8
Стокгольмського арбітражу	стокгольмський арбітраж	ORG	164-44
країни	країна	LOC	159-17
