uk-14
Газпром	газпер	ORG	141-29
Nord Stream	Nord Stream	ORG	151-4
Нафтогаз	Нафтогаз	ORG	160-14
Нафтогазі	Нафтогаз	ORG	160-14
Газпрому	Газпром	ORG	141-3
НАК	НАК	ORG	160-26
Швейцарії	Швейцарія	LOC	171-4
Вищий суд швейцарського кантону Цуг	вищий суд швейцарський кантон Цуг	ORG	133-22
Nord Stream AG	Nord Stream AG	ORG	151-12
Nord Stream 2 AG	Nord Stream 2 AG	ORG	151-3
Нафтогазу	Нафтогаз	ORG	160-14
України	Україна	LOC	147-10
ГПУ	ГПУ	ORG	141-37
Газпромі	Газпром	ORG	141-28
Nord Stream 2	Nord Stream 2	ORG	151-4
Газпромом	Газпром	ORG	141-5
Нафтогазом	Нафтогаз	ORG	160-0
Стокгольмі	Стокгольм	LOC	164-8
Алли Єрьоменко	Алла Єрьоменко	PER	130-29
Олександра Малиновського	Олександр Малиновський	PER	129-6
Дзеркало тижня	дзеркало тиждень	ORG	166-13
Україна	Україна	LOC	147-9
