uk-52
США	США	LOC	164-29
Північним потоком - 2	північний потік - 2	ORG	132-23
Північний потік - 2	північний потік - 2	ORG	132-23
Росії	Росія	LOC	150-9
Балтійське море	балтійський море	LOC	127-31
Німеччини	Німеччина	LOC	160-24
Північного потоку - 2	північний потік - 2	ORG	132-24
Axel Schmidt	Axel Schmidt	PER	131-71
Північний потік 2	північний потік 2	ORG	132-28
УНІАН	УНІАН	ORG	147-14
України	Україна	LOC	147-10
Північним потоком - 1	північний потік - 1	ORG	132-25
Грайфсвальд	Грайфсвальд	LOC	141-18
Nord Stream 2	Nord Stream 2	ORG	151-4
Фінляндії	Фінляндія	LOC	126-18
Швеції	Швеція	LOC	171-8
Данія	Данія	LOC	166-17
Лубмин	Лубмин	LOC	173-9
Україна	Україна	LOC	147-9
НАК « Нафтогаз України	нак « Нафтогаз Україна	ORG	160-27
Андрія Коболєва	Андрій Коболєва	PER	130-32
Україну	Україна	LOC	147-10
Сочі	Сочі	LOC	164-46
РФ	РФ	LOC	150-17
Володимиром Путіним	Володимир Путін	PER	133-10
Ангела Меркель	Ангела Меркель	PER	130-5
Північний потік -	північний потік -	ORG	132-23
МЗС	МЗС	ORG	152-20
ФРН	ФРН	LOC	126-19
Гайко Маас	Гайко Маас	PER	141-16
Москві	Москва	LOC	152-0
