uk-24
Нафтогаз	Нафтогаз	ORG	160-15
Вищий суд швейцарського кантону Цуг	вищий суд швейцарський кантон Цуг	ORG	133-22
Nord Stream	Nord Stream	ORG	151-4
Газпрому	Газпром	ORG	141-3
Nord Stream AG	Nord Stream AG	ORG	151-12
Nord Stream 2 AG	Nord Stream 2 AG	ORG	151-3
Газпром	Газпром	ORG	141-4
"НАК "" Нафтогаз України """	"нак "" Нафтогаз Україна """	ORG	160-25
НАК	нак	ORG	160-27
Nord Stream 2	Nord Stream 2	ORG	151-4
Цуг	Цуг	LOC	162-3
Вищий суд	вищий суд	ORG	133-23
Нафтогазу	Нафтогаз	ORG	160-14
Стокгольмський арбітраж	стокгольмський арбітраж	ORG	164-44
Газпромом	газпром	ORG	141-30
України	Україна	LOC	147-10
Апеляційного суду округу Свеа	апеляційний суд округ свеа	ORG	130-31
Швейцарії	Швейцарія	LOC	171-4
Великій Британії	великий Британія	LOC	133-7
Голландії	Голландія	LOC	141-31
