uk-48
МЗС	МЗС	ORG	152-20
Естонії	Естонія	LOC	146-3
Північного потоку - 2	північний потік - 2	ORG	132-24
КИЇВ	КИЇВ	LOC	159-18
УНН	УНН	ORG	147-4
Свен Міксер	Свен Міксер	PER	164-47
Північний потік - 2	північний потік - 2	ORG	132-23
DW	DW	ORG	143-64
С . Міксера	С . Міксер	PER	164-79
Росії	Росія	LOC	150-9
Міксер	міксер	PER	152-44
ЄС	ЄС	LOC	145-2
Майкл Помпео	Майкл Помпео	PER	152-11
Адміністрація президента США	адміністрація президент США	ORG	130-51
Дональда Трампа	Дональд Трамп	PER	166-8
Європі	Європа	LOC	145-0
Вашингтон	Вашингтон	LOC	133-0
Пол Коркоран	Пол Коркоран	PER	132-5
Німеччини	Німеччина	LOC	160-24
Німеччині	Німеччина	LOC	160-24
Фінляндії	Фінляндія	LOC	126-17
Швеції	Швеція	LOC	171-8
Nord Stream 2	Nord Stream 2	ORG	151-4
Данії	Данія	LOC	166-18
