pl-500
Bornholm	Bornholm	LOC	LOC-Bornholm
Bornholmu	Bornholm	LOC	LOC-Bornholm
Danii	Dania	LOC	GPE-Denmark
Duńska Agencja Energii	Duńska Agencja Energii	ORG	ORG-Danish-Energy-Agency
Engie	Engie	ORG	ORG-Engie
Finlandia	Finlandia	LOC	GPE-Finland
Gazprom	Gazprom	ORG	ORG-Gazprom
MSZ	MSZ	ORG	ORG-Ministry-of-Foreign-Affairs-Danmark
Morze Bałtyckie	Morze Bałtyckie	LOC	LOC-Baltic-Sea
Morzu Bałtyckim	Morze Bałtyckie	LOC	LOC-Baltic-Sea
Niemcy	Niemcy	LOC	GPE-Germany
Niemiec	Niemcy	LOC	GPE-Germany
Nord Stream 2 AG	Nord Stream 2 AG	ORG	ORG-Nord-Stream-2-AG
Nord Stream 2	Nord Stream 2	PRO	PRO-Nord-Stream-2
Nord Stream	Nord Stream	PRO	PRO-Nord-Stream-1
OMV	OMV	ORG	ORG-OMV
Rosjanie	Rosjanie	PER	GPE-Russia
Rosji	Rosja	LOC	GPE-Russia
Shell	Shell	ORG	ORG-Royal-Dutch-Shell-BG-Group
Szwecji	Szwecja	LOC	GPE-Sweden
Uniper	Uniper	ORG	ORG-Uniper
Wintershall	Wintershall	ORG	ORG-Wintershall
ministerstwa energii i klimatu	Ministerstwo Energii i Klimatu	ORG	ORG-Ministry-of-Climate-Energy-and-Building-Denmark
