pl-665
Angelą Merkel	Angela Merkel	PER	PER-Angela-Merkel
Berlinie	Berlin	LOC	GPE-Berlin
Donbasie	Donbas	LOC	LOC-Donbass
Europy Zachodniej	Europa  Zachodnia	LOC	LOC-Western-Europe
Jedynce	Jedynka	PRO	PRO-Polish-Radio-1
Mateusz Morawiecki	Mateusz Morawiecki	PER	PER-Mateusz-Morawiecki
Morawiecki	Morawiecki	PER	PER-Mateusz-Morawiecki
Niemcami	Niemcy	LOC	GPE-Germany
Niemczech	Niemcy	LOC	GPE-Germany
Niemiec	Niemcy	LOC	GPE-Germany
Nord Stream 2	Nord Stream 2	PRO	PRO-Nord-Stream-2
Polska Agencja Prasowa	Polska Agencja Prasowa	ORG	ORG-PAP-Polish-Press-Agency
Rexem	Rex	PER	PER-Rex-Tillerson
Rosja	Rosja	LOC	GPE-Russia
Rosją	Rosja	LOC	GPE-Russia
Tillersonem	Tillerson	PER	PER-Rex-Tillerson
USA	USA	LOC	GPE-USA
Ukrainy	Ukraina	LOC	GPE-Ukraine
Ukrainę	Ukraina	LOC	GPE-Ukraine
Unii Europejskiej	Unia Europejska	ORG	ORG-European-Union
