pl-959
BiznesAlert.pl	BiznesAlert.pl	PRO	PRO-BiznesAlert-pl
Dania	Dania	LOC	GPE-Denmark
Danii	Dania	LOC	GPE-Denmark
Duńczyków	Duńczycy	PER	GPE-Denmark
Europie Środkowo-Wschodniej	Europa Środkowo-Wschodnia	LOC	LOC-Central-Eastern-Europe
Financial Times	Financial Times	PRO	PRO-Financial-Times
Finlandii	Finlandia	LOC	GPE-Finland
Gazprom	Gazprom	ORG	ORG-Gazprom
Gazpromu	Gazprom	ORG	ORG-Gazprom
Kopenhagę	Kopenhaga	LOC	GPE-Copenhagen
Niemczech	Niemcy	LOC	GPE-Germany
Niemiec	Niemcy	LOC	GPE-Germany
Nord Stream 2 AG	Nord Stream 2 AG	ORG	ORG-Nord-Stream-2-AG
Nord Stream 2	Nord Stream 2	PRO	PRO-Nord-Stream-2
Rosjanie	Rosjanie	PER	GPE-Russia
Rosji	Rosja	LOC	GPE-Russia
USA	USA	LOC	GPE-USA
Wiedomosti	Wiedomosti	PRO	PRO-Wiedomosti
Wojciech Jakóbik	Wojciech Jakóbik	PER	PER-Wojciech-Jakóbik
