pl-1464
Eiki Nestor	Eiki Nestor	PER	PER-Eiki-Nestor
Estonii	Estonia	LOC	GPE-Estonia
Europę	Europa	LOC	LOC-Europe
Ināra Mūrniece	Ināra Mūrniece	PER	PER-Ināra-Mūrniece
Litwa	Litwa	LOC	GPE-Lithuania
Litwy	Litwa	LOC	GPE-Lithuania
Marek Kuchciński	Marek Kuchciński	PER	PER-Marek-Kuchciński
Marka Kuchcińskiego	Marek Kuchciński	PER	PER-Marek-Kuchciński
Nord Stream 2	Nord Stream 2	PRO	PRO-Nord-Stream-2
Nord Stream II	Nord Stream II	PRO	PRO-Nord-Stream-2
Polska	Polska	LOC	GPE-Poland
Polski	Polska	LOC	GPE-Poland
Rosji	Rosja	LOC	GPE-Russia
Sejmu RP	Sejm RP	ORG	ORG-Sejm-of-the-Republic-of-Poland
Sejmu	Sejmu	ORG	ORG-Sejm-of-the-Republic-of-Poland
UE	UE	ORG	ORG-European-Union
Unii Europejskiej	Unia Europejska	ORG	ORG-European-Union
Viktorasa Pranckietisa	Viktoras Pranckietis	PER	PER-Viktoras-Pranckietis
Wschodniej Europy	Wschodnia Europa	LOC	LOC-Eastern-Europe
Łotwa	Łotwa	LOC	GPE-Latvia
Łotwy	Łotwa	LOC	GPE-Latvia
Środkowej	Środkowa	LOC	LOC-Central-Europe
