pl-1070
Aleksandr Miedwiediew	Aleksandr Miedwiediew	PER	PER-Alexander-Medvedev
Berlinie	Berlin	LOC	GPE-Berlin
Europie Środkowej	Europa Środkowa	LOC	LOC-Central-Europe
Europie	Europa	LOC	LOC-Europe
Europy	Europa	LOC	LOC-Europe
Gazprom	Gazprom	ORG	ORG-Gazprom
Gazpromu	Gazprom	ORG	ORG-Gazprom
Kommiersant	Kommiersant	PRO	PRO-Kommersant
Miedwiediew	Miedwiediew	PER	PER-Alexander-Medvedev
Morza Bałtyckiego	Morze Bałtyckie	LOC	LOC-Baltic-Sea
Niemiec	Niemcy	LOC	GPE-Germany
Nord Stream 2	Nord Stream 2	PRO	PRO-Nord-Stream-2
Nord Stream 3	Nord Stream 3	PRO	PRO-Nord-Stream-3
Nord Stream	Nord Stream	PRO	PRO-Nord-Stream-1
Rosja	Rosja	LOC	GPE-Russia
Rosji	Rosja	LOC	GPE-Russia
Słowacja	Słowacja	LOC	GPE-Slovakia
Ukraina	Ukraina	LOC	GPE-Ukraine
Ukrainy	Ukraina	LOC	GPE-Ukraine
Ukrainę	Ukraina	LOC	GPE-Ukraine
Węgry	Węgry	LOC	GPE-Hungary
