sl-109
Bidnu	Bidn	PER	xxx
EU	EU	ORG	998-2
Joe Biden	Joe Biden	PER	1012-1
ZDA	ZDA	LOC	1053-0
Justin Trudeau	Justin Trudeau	PER	1012-20
Boris Johnson	Boris Johnson	PER	796-11
Nemčiji	Nemčija	LOC	905-0
Trudeau	Trudeau	PER	835-5
Donald Trump	Donald Trump	PER	962-3
Kamali Harris	Kamala Harris	PER	1040-8
Angela Merkel	Angela Merkel	PER	877-5
Heiko Maas	Heiko Maas	PER	911-2
Twitterju	Twitter	MISC	835-4
Olaf Scholz	Olaf Scholz	PER	1005-11
Evrope	Evropa	LOC	998-1
Trumpa	Trump	PER	835-0
Nemčijo	Nemčija	LOC	905-0
Berlina	Berlin	LOC	796-10
Angelo Merkel	Angela Merkel	PER	877-5
Emmanuel Macron	Emmanuel Macron	PER	998-7
Macron	Macron	PER	931-0
Giuseppe Conte	Giuseppe Conte	PER	865-16
Bidnom	Bidn	PER	796-14
Italijo	Italija	LOC	888-8
Sebastian Kurz	Sebastian Kurz	PER	816-13
Evropa	Evropa	LOC	998-1
Andrej Plenković	Andrej Plenković	PER	877-12
Evropske ljudske stranke	evropski ljudski stranka	ORG	998-14
EPP	EPP	ORG	998-12
Donald Tusk	Donald Tusk	PER	962-22
Trumpov	Trumpov	PER	835-1
Evropi	Evropa	LOC	998-1
Micheal Martin	Micheal Martin	PER	931-7
irskega	irski	LOC	xxx
Nata	Nato	ORG	905-1
Jens Stoltenberg	Jens Stoltenberg	PER	1012-10
Joeja Bidna	Joe Bidn	PER	1012-0
Nato	Nato	ORG	905-1
Evropo	Evropa	LOC	998-1
Severno Ameriko	severen Amerika	LOC	816-16
Trumpovih	Trumpov	PER	835-1
Trump	Trump	PER	835-2
