sl-194
Trump	Trump	PER	848-0
Chris Krebs	Chris Krebs	PER	899-2
Krebs	Krebs	PER	1043-3
republikanske	republikanski	ORG	993-2
demokratske stranke	demokratski stranka	ORG	968-5
Donald Trump za kibernetsko varnost in infrastrukturo domovinsko varnost	Donald Trump za kibernetski varnost in infrastruktura domovinski varnost	PER	968-2
Chrisa Krebsa	Chris Krebs	PER	899-3
Trumpovi	Trumpov	PER	848-0
Bele hiše	bel hiša	ORG	804-4
twitterja	twitter	PRO	848-1
Američane	Američan	PER	882-1
ZDA	ZDA	LOC	1058-0
Bidnove	Bidnov	PER	xxx
Marka Esperja	Marko Esper	PER	935-9
Pentagona	Pentagon	ORG	923-1
demokrata	demokrat	PER	968-0
Joeja Bidna	Joe Bidn	PER	1017-0
Bidna	Bidn	PER	804-2
Američani	Američan	PER	882-1
Trumpovih	Trumpov	PER	848-0
Pensilvaniji	Pensilvanija	LOC	923-0
Philadelphie	Philadelphia	LOC	923-2
Krebs za domovinsko varnost	Krebs za domovinski varnost	PER	1043-3
Bennie Thompson	Bennie Thompson	PER	804-14
Trumpovo	Trumpov	PER	848-0
republikancem	republikanec	PER	993-0
Georgia	Georgia	LOC	868-1
Brad Raffensperger	Brad Raffensperger	PER	804-13
Biden	Biden	PER	804-0
Raffensperger	Raffensperger	PER	993-3
Washington Post	Washington Post	PRO	951-3
Južne Karoline	južen Karolina	LOC	1017-11
Lindseyja Grahama	Lindsey Graham	PER	1050-2
Georgii	Georgia	LOC	868-1
Graham	Graham	PER	868-2
