sl-147
Georgie	Georgia	LOC	866-1
Washingtonu	Washington	LOC	950-0
Josephu Bidnu	Joseph Bidn	PER	1014-3
Georgia	Georgia	LOC	866-1
republikanca	republikanec	PER	xxx
Donalda Trumpa	Donald Trump	PER	965-1
Biden	Biden	PER	800-3
demokratki	demokratka	PER	xxx
Hillary Clinton	Hillary Clinton	PER	911-5
Trump	Trump	PER	841-2
Zdaj	zdaj	PER	1055-1
AP	AP	ORG	879-13
Bidnu	Bidn	PER	800-0
Georgii	Georgia	LOC	866-1
Trumpu	Trump	PER	841-1
Severni Karolini	severen Karolina	LOC	818-1
ZDA	ZDA	LOC	1055-0
Trumpovo	Trumpov	PER	841-0
Pensilvanijo	Pensilvanija	LOC	922-0
Wisconsin	Wisconsin	LOC	950-2
Michigan	Michigan	LOC	933-0
Trumpova	Trumpov	PER	841-0
Arizono	Arizona	LOC	879-3
Georgio	Georgia	LOC	866-1
demokrat	demokrat	PER	xxx
Billa Clintona	Bill Clinton	PER	800-12
Clintonu	Clinton	PER	897-0
Arizoni	Arizona	LOC	879-3
Trumpovi	Trumpov	PER	841-0
konservativno	konservativen	ORG	1041-8
vrhovnega sodišča ZDA	vrhoven sodišče ZDA	ORG	xxx
demokrati	demokrat	PER	965-0
republikanci	republikanec	PER	991-0
Američani	Američan	PER	879-0
Nebraski	Nebraska	LOC	906-29
Mainu	Main	LOC	933-28
Trumpove	Trumpov	PER	841-0
Washington Post	Washington post	ORG	950-1
predstavniški dom zveznega kongresa	predstavniški dom zvezen kongres	ORG	xxx
republikancem	republikanec	PER	991-0
demokratom	demokrat	PER	965-0
republikancev	republikanec	PER	991-0
