sl-133
Trump	Trump	PER	839-1
Ruth Bader Ginsburg	Ruth Bader Ginsburg	PER	990-15
republikanski senatorji	republikanski senator	PER	991-14
Bader Ginsburgove	Bader Ginsburgov	PER	799-1
republikanci	republikanec	PER	991-0
demokrati	demokrat	PER	991-0
Melania	Melania	PER	932-2
ZDA	ZDA	LOC	1054-0
demokratka	demokratka	PER	964-0
Nancy Pelosi	Nancy Pelosi	PER	905-6
republikanec	republikanec	PER	991-0
Mitch McConnell	Mitch Mcconnell	PER	932-0
Trumpove	Trumpov	PER	839-1
Bele hiše	bel hiša	LOC	799-2
Josephu Bidnu	Joseph Bidn	PER	1014-3
McConnell	Mcconnell	PER	932-26
Pelosijeva	Pelosijev	PER	921-11
Južne Karoline	južen Karolina	LOC	1014-5
Lindsey Graham	Lindsey Graham	PER	1050-2
Fox News	Fox News	ORG	980-2
demokrata	demokrat	PER	964-9
Bidna	Bidn	PER	964-9
Graham	Graham	PER	866-6
konservativno	konservativen	ORG	1041-8
Trumpa	Trump	PER	839-1
Trenutno	trenutno	PER	xxx
Republikanci	Republikanec	PER	991-2
Merricka Garlanda	Merrick Garland	PER	932-8
Antonina Scalie	Antonin Scalie	PER	879-1
Barack Obama	Barack Obama	PER	799-4
