sl-157
Joe Biden	Joe Biden	PER	1014-2
Američanov	Američan	PER	880-1
Ala Gora	Ala Gora	PER	880-20
ZDA	ZDA	LOC	1056-0
NBC	NBC	ORG	906-3
Mike Conway	Mike Conway	PER	933-27
Univerzi v Indiani	univerza v Indiana	ORG	1034-17
The Conversation	the Conversation	PRO	843-4
Carterja	Carter	PER	898-13
Reagana	Reagan	PER	992-9
Associated Press	Associated Press	ORG	880-9
AP News Service	AP News Service	ORG	880-4
Arizono	Arizona	LOC	880-3
National Election Pool	National Election Pool	PRO	906-9
CNN	CNN	PRO	898-0
NBC News	NBC News	PRO	906-18
ABC News	ABC News	PRO	880-21
CBS News	CBS News	PRO	898-8
AP	AP	PRO	880-4
VoteCast	Votecast	PRO	1047-19
Fox News	Fox News	ORG	981-1
Biden	Biden	PER	801-0
Trump	Trump	PER	843-0
Bidnu	Bidn	PER	801-2
Arizoni	Arizona	LOC	880-3
Trumpove	Trumpov	PER	843-0
Nevadi	Nevada	LOC	906-1
Kalifornijo	Kalifornija	LOC	1042-4
Gora	Gora	PER	867-13
Pensilvaniji	Pensilvanija	LOC	922-0
