sl-182
Biden	Biden	ORG	xxx
Alejandra Mayorkasa	Alejandro Mayorkas	PER	881-9
Mayorkas	Mayorkas	PER	935-18
Kubi	Kuba	LOC	1043-0
Avril Haines	Avril Haines	PER	881-10
Cia	Cia	ORG	898-5
Anthonyja Blinkena	Anthony Blinken	PER	881-15
ZDA	ZDA	LOC	1057-0
Hillary Clinton	Hillary Clinton	PER	912-7
Jaka Sullivana	Jaka Sullivan	PER	1016-5
ZN	ZN	ORG	1057-2
Lindo Thomas Greenfield	Linda Thomas Greenfield	PER	1050-5
Kerryjev	Kerryjev	PER	1043-1
Trump	Trump	LOC	846-0
republikanca	republikanec	PER	992-0
Donalda Trumpa	Donald Trump	PER	967-0
republikanskih	republikanski	PER	xxx
republikance	republikanec	PER	992-1
Tom Ridge	Tom Ridge	PER	846-4
Agencije za nacionalno varnost	agencija za nacionalen varnost	ORG	881-11
NSA	NSA	ORG	907-14
Michael Hayden	Michael Hayden	PER	935-0
John Negroponte	John Negroponte	PER	1016-6
republikanec	republikanec	PER	992-0
Mitch McConnell	Mitch Mcconnell	PER	935-1
Bidnovo	Bidnov	PER	803-5
Irana	Iran	LOC	889-10
Izraela	Izrael	LOC	889-7
Kitajske	Kitajska	LOC	1043-2
Rusije	Rusija	LOC	992-7
Južnemkitajskem morju	južnemkitajski morje	LOC	1016-9
Palestincev	Palestinec	PER	922-12
Iraku	Irak	LOC	889-11
Afganistanu	Afganistan	LOC	881-2
