sl-23
Trumpove	Trumpov	PER	854-0
Amerike	Amerika	LOC	884-2
Gibanje	gibanje	ORG	xxx
Trumpom	Trump	PER	854-0
Bidnom	Bidn	PER	807-3
ameriških demokratov	ameriški demokrat	ORG	884-3
Zveznem preiskovalnem uradu	zvezen preiskovalen urad	ORG	1061-3
FBI	FBI	ORG	983-0
QAnon	QAnon	ORG	974-2
Comet Ping Pong	Comet Ping Pong	LOC	899-10
Washingtonu D. C.	Washington d. C.	LOC	952-13
AR-15	ar-15	PRO	884-5
Združene države	združen država	LOC	1061-5
Q	Q	PER	974-0
forumu	forum	PRO	xxx
4 chan	4 chan	PRO	xxx
Hillary Clinton	Hillary Clinton	PER	912-1
Edgar Maddison Welch	Edgar Maddison Welch	PER	1000-6
ZDA	ZDA	LOC	1061-0
Severni Karolini	severen Karolina	LOC	821-2
Comet	Comet	ORG	899-10
Wikileaks	Wikileaks	PRO	952-15
Johna Podeste	John Podesta	PER	1019-9
demokrati	demokrat	PER	970-2
Welch	Welch	PER	952-7
forum	forum	PRO	xxx
Donalda Trumpa	Donald Trump	PER	970-1
Trump	Trump	PER	854-0
4	4	PRO	xxx
Q-jevimi	qrjev	PER	xxx
Clintonovi	Clintonov	PER	899-8
forum 8 chan	forum 8 chan	PRO	xxx
Christchurcha	Christchurch	LOC	899-32
Brenton Tarrant	Brenton Tarrant	PER	807-8
8 chanu	8 chan	PRO	xxx
Qdrops	Qdrops	PRO	974-2
kult	kult	PRO	xxx
Fredrick Brennan	Fredrick Brennan	PER	983-14
8 chana	8 chan	PRO	xxx
Paul Furber	Paul Furber	PER	924-9
8 chan	8 chan	PRO	xxx
Jim Watkins	Jim Watkins	PER	1019-16
Ta	ta	PER	xxx
QAnona	Qanon	ORG	974-2
Furberja	Furber	PER	983-7
Infowarsu	Infowars	PRO	890-21
Alexa Jonesa	Alex Jones	PER	884-9
Tam	tam	PER	xxx
Watsonovi	Watsonov	PER	952-8
facebook	facebook	PRO	983-1
twitter	twitter	PRO	854-1
Trumpovih	Trumpov	PER	854-0
Združenih državah	združen država	LOC	1061-2
qanoncasualties	qanoncasualties	PRO	xxx
Trenutno	trenutno	ORG	xxx
Qdropov	Qdrop	PRO	974-3
Matthew Phillip Wright	Matthew Phillip Wright	PER	937-23
Hooverjev jez	Hooverjev jez	LOC	912-21
Donald Trump	Donald Trump	PER	970-1
Guantanamu	Guantanam	LOC	869-10
WWG1WGA	wwg1wga	PRO	952-2
#WWG1WGA	ZZWG1WGA	PRO	xxx
Elijah	Elijah	PER	1000-8
QAnonov	QAnonov	PER	974-15
twitterju	twitter	PRO	854-1
republikancev	republikanec	ORG	994-0
QAnonove	Qanonov	PER	974-13
Američani	Američan	PER	884-0
Pew Research	Pew Research	ORG	924-5
Evropejci	Evropejec	PER	1000-14
Veliki Britaniji	velik Britanija	LOC	1048-11
Freedom for the Children UK	Freedom for the Children UK	ORG	983-6
Nemčiji	Nemčija	LOC	908-8
Atilla Hildmann	Atilla Hildmann	PER	884-16
Angela Merkel	Angela Merkel	PER	884-7
Guantanamo	Guantanamo	LOC	869-12
facebooku	facebook	PRO	983-1
Slovencev	Slovenec	PER	821-23
Balkanu	Balkan	LOC	807-9
demokratsko	demokratski	ORG	970-7
republikansko	republikanski	ORG	994-5
covida-19	covida-19	PRO	994-5
omrežju 5	omrežje 5	PRO	xxx
naredi-si-sam	naredi-si-sam	PRO	xxx
Pokemon Go	Pokemon Go	PRO	924-8
youtube	youtube	PRO	xxx
Trumpa	Trump	PER	854-0
