sl-103
Trump agencije za spletno varnost	Trump agencija za spleten varnost	PER	834-3
Krebs	Krebs	PER	1040-6
Bele hiše	bel hiša	ORG	795-0
twitterja	twitter	PRO	834-4
Trumpovi	Trumpov	PER	834-0
Američane	Američan	PER	877-1
ZDA	ZDA	LOC	1052-3
Trump	Trump	PER	834-0
Marka Esperja	Marko Esper	PER	931-8
Pentagona	Pentagon	ORG	920-28
demokrata	demokrat	PER	962-4
Joeja Bidna	Joe Bidn	PER	1011-3
Bidna	Bidn	PER	795-5
Američani	Američan	PER	877-1
Trumpovih	Trumpov	PER	834-0
Bidnove	Bidnov	PER	795-8
Pensilvaniji	Pensilvanija	LOC	920-5
Philadelphie	Philadelphia	LOC	920-17
odbora za domovinsko varnost	odbor za domovinski varnost	ORG	1005-1
demokrat	demokrat	PER	962-4
Bennie Thompson	Bennie Thompson	PER	795-11
republikancem	republikanec	PER	989-6
Georgie	Georgie	ORG	865-11
Brad Raffensperger	Brad Raffensperger	PER	795-13
Biden	Biden	PER	795-3
Raffensperger	Raffensperger	PER	989-8
Washington Post	Washington Post	PRO	950-1
Južne Karoline	južen Karolina	LOC	1011-7
Lindseyja Grahama	Lindsey Graham	PER	1049-29
Graham	Graham	PER	865-6
Georgii	Georgia	LOC	865-5
