sl-177
Nedeljski dnevnik	nedeljski dnevnik	PRO	xxx
Nemčiji	Nemčija	LOC	907-1
Balkana	Balkan	LOC	803-4
Fidesz	Fidesz	ORG	981-11
Viktor Orban	Viktor Orban	PER	1047-8
Nedeljskega dnevnika	nedeljski dnevnik	PRO	907-19
Aleksander Lucu	Aleksander Lucu	PER	881-18
Angela Merkel	Angela Merkel	PER	881-6
Janez Janša	Janez Janša	PER	1016-3
Zakon in pravičnost	zakon in pravičnost	ORG	1057-4
Jaroslaw Kaczynski	Jaroslaw Kaczynski	PER	1016-8
Mateus Morawiecki	Mateus Morawiecki	PER	934-18
Andrzej Duda	Andrzej duda	PER	881-19
Poljskem	Poljsko	LOC	922-9
Borut Pahor	Borut Pahor	PER	803-10
Sloveniji	Slovenija	LOC	819-4
Janša	Janša	PER	1016-4
Mali Trumpek	Mali Trumpek	PER	934-10
Merklova	Merklov	PER	934-27
Janeza Janše	Janez Janša	PER	1016-3
EU	EU	ORG	999-1
Poljsko	Poljska	LOC	922-9
Madžarsko	Madžarska	LOC	934-7
Poljska	Poljska	LOC	922-9
Madžarska	Madžarska	LOC	934-7
Slovenija	Slovenija	LOC	819-4
lizbonski pogodbi	lizbonski pogodba	PRO	1050-22
Lukašenkove	Lukašenkov	PER	1050-29
Bruslju	Bruselj	LOC	803-9
Orban	Orban	PER	1005-7
Kaczynski	Kaczynski	PER	1042-10
Janšev	Janšev	PER	1016-17
Miro Cerar	Miro Cerar	PER	934-28
SMC	SMC	ORG	819-20
Janši	Janša	PER	1016-13
Donalda Trumpa	Donald Trump	PER	967-0
Ameriki	Amerika	LOC	881-14
Portugalski	Portugalska	LOC	922-22
Slovenije	Slovenija	LOC	819-4
Svetu EU	svet EU	ORG	819-5
evropske komisije	evropski komisija	ORG	999-3
Ursula von der Leyen	Ursula von der Leyen	PER	1035-1
Angelo Merkel	Angela Merkel	PER	881-6
