sl-108
Pahor	Pahor	PER	920-6
Janševih	Janšev	PER	1012-18
Janez Janša	Janez Janša	PER	1012-3
Borut Pahor	Borut Pahor	PER	795-7
Bojan Velikonja	Bojan Velikonja	PER	795-12
Republike Slovenije	republika Slovenija	LOC	989-16
ZDA	ZDA	LOC	1052-3
Predsednik Pahor	predsednik Pahor	PER	xxx
STA	biti	ORG	816-2
Janeza Janše	Janez Janša	PER	1012-3
Pahorjevem	Pahorjev	PER	920-13
Slovenijo	Slovenija	LOC	816-1
MZZ	MZZ	ORG	931-23
Janševo	Janšev	PER	1012-8
Aleksander Geržina	Aleksander Geržina	PER	877-11
Sloveniji	Slovenija	LOC	816-1
Evropo	Evropa	LOC	998-1
Premier Janša	premier Janša	PER	920-24
Američani	Američan	LOC	877-1
Trumpa	Trump	PER	835-0
republikancem	republikanec	PER	989-6
Janša	Janša	PER	1012-2
Trump	Trump	PER	835-2
Twitter	Twitter	PRO	835-4
Bidnovim	Bidnov	PER	796-20
Josepha Bidna	Joseph Bidn	PER	1012-17
Slovenije	Slovenija	LOC	816-1
Slovenija	Slovenija	LOC	816-1
Bidna	Bidn	PER	796-0
Melanie	Melanie	PER	931-3
Janše	Janša	PER	1012-13
