sl-193
Joeja Bidna	Joe Bidn	PER	1016-0
Donalda Trumpa	Donald Trump	PER	968-2
Biden	Biden	PER	804-0
Trump	Trump	PER	848-0
Mike Pompeo	Mike Pompeo	PER	935-5
Trumpovo	Trumpov	PER	848-0
Michiganu	Michigan	LOC	935-2
Trumpovi	Trumpov	PER	848-0
Detroit	Detroit	LOC	968-3
Pensilvaniji	Pensilvanija	LOC	923-0
Georgio	Georgia	LOC	868-1
Georgii	Georgia	LOC	868-1
Trumpu	Trump	PER	848-0
Aljaski	Aljaska	LOC	882-14
Urada za splošne službe	urad za splošen služba	ORG	1035-8
Chris Wallace	Chris Wallace	PER	899-1
Fox Newsa	Fox News	ORG	982-1
republikanske stranke	republikanski stranka	ORG	993-2
John Bolton	John Bolton	PER	1017-17
Trumpova	Trumpov	PER	848-0
republikanci	republikanec	PER	993-0
demokrati	demokrat	PER	968-0
Belo hišo	bel hiša	LOC	804-4
republikancem	republikanec	PER	993-0
ba	ba	PRO	xxx
