sl-127
Pence	Pence	PER	921-4
Američane	Američan	PER	878-1
Bidnovi	Bidnov	PER	798-4
Ameriki	Amerika	LOC	798-4
Ameriko	Amerika	LOC	878-0
Američani	Američan	PER	878-1
ZDA	ZDA	LOC	1054-0
Mike Pence	Mike Pence	PER	932-17
konvencije	konvencija	ORG	xxx
republikanske stranke	republikanski stranka	ORG	990-4
Josepha Bidna	Joseph Bidn	PER	1014-1
Amerika	Amerika	LOC	878-0
McHenry	Mchenry	LOC	921-5
Baltimoru	Baltimor	LOC	798-12
Britance	Britanec	PER	798-9
Karen	Karen	PER	1041-16
Donald Trump	Donald Trump	PER	964-2
Melania Trump	Melania Trump	PER	932-2
Trump	Trump	PER	838-0
Belo hišo	bel hiša	LOC	798-0
Charlotta	Charlott	LOC	897-6
Severni Karolini	severen Karolina	LOC	817-2
Trumpovim	Trumpov	PER	838-0
Američanov	Američan	PER	878-1
Baracka Obame	Baracko Obame	PER	798-16
Trumpovem	Trumpov	PER	838-0
Dežela herojev	dežela heroj	EVT	964-4
Amerike	Amerika	LOC	878-0
Trumpovega	Trumpov	PER	838-0
Biden	Biden	PER	798-3
Trumpu	Trump	PER	838-0
Washingtona	Washington	LOC	950-0
Bidna	Bidn	PER	798-2
Bernie Sanders	Bernie Sanders	PER	798-15
Trumpa	Trump	PER	838-0
Bidnove	Bidnov	PER	798-7
republikanci	republikanec	PER	990-1
Trumpom	Trump	PER	838-0
demokrati	demokrat	PER	964-0
Bidnom	Bidn	PER	798-2
Kenoshi	Kenosha	LOC	1041-5
Wisconsinu	Wisconsin	LOC	950-2
demokratom	demokrat	PER	964-0
Republikanci	republikanec	PER	990-6
NFL	NFL	ORG	905-8
temnopolti	temnopolt	PER	xxx
Burgess Owens kongres	Burgess Owens kongres	PER	798-14
Utaha	Utah	LOC	1054-6
drugi svetovni vojni	drug svetoven vojna	EVT	964-3
Sovjetsko zvezo	sovjetski zveza	LOC	817-1
Deidre Byrne	Deidre Byrne	PER	964-5
demokrate	demokrat	PER	964-0
New Yorka	New York	LOC	905-3
Južne Dakote	južen Dakota	LOC	1014-12
Kristi Noem	Krista Noem	PER	1041-18
gori	gora	LOC	xxx
Rushmore	Rushmore	LOC	990-14
Trumpova	Trumpov	PER	838-0
Kellyanne Conway	Kellyanne Conway	PER	1041-4
Jack Brewer	Jack Brewer	PER	1014-7
Brewer	Brewer	PER	798-13
