sl-173
Trump	Trump	PER	845-0
republikance	republikanec	PER	992-1
FBI	FBI	ORG	981-5
Donald	Donald	PER	967-0
Donald Trump	Donald Trump	PER	967-0
Fox	Fox	ORG	981-1
Fox News	Fox News	ORG	981-1
demokrata	demokrat	PER	967-1
Joeja Bidna	Joe Bidn	PER	1016-0
Arizoni	Arizona	LOC	881-5
Mario Bartiromo	Mario Bartiromo	PER	934-12
Ken Star	Ken Star	PER	1042-20
Trumpove	Trumpov	PER	845-0
Bartiromovo	Bartiromov	PER	803-18
Bidna	Bidn	PER	803-2
Georgie	Georgie	LOC	867-6
Briana Kempa	Brian Kemp	PER	867-6
Kempa	Kemp	PER	1042-13
Biden	Biden	PER	803-3
Georgii	Georgia	LOC	867-1
Trumpa	Trump	PER	845-0
vrhovno sodišče ZDA	vrhoven sodišče ZDA	ORG	xxx
Nato	nato	PER	906-11
pravosodno ministrstvo ZDA	pravosoden ministrstvo ZDA	ORG	xxx
Jamesa Comeyja	James Comey	PER	1016-12
Hillary Clinton	Hillary Clinton	PER	912-5
Znova	znova	PER	xxx
Dominion	Dominion	ORG	967-2
Bidnu	Bidn	PER	803-2
Trumpovih	Trumpov	PER	845-0
Kuba	Kuba	LOC	1042-7
Venezuela	Venezuela	LOC	1047-7
Hugom Chavezom	Hugo Chavez	PER	912-6
Venezuelo	Venezuela	LOC	1047-13
Kubo	Kuba	LOC	1042-7
