sl-199
Trump	Trump	LOC	849-0
Donald Trump	Donald Trump	PER	968-2
ZDA	ZDA	LOC	1058-0
Belo hišo	bel hiša	LOC	805-2
državnega kongresa	državen kongres	ORG	xxx
Michigana	Michigan	LOC	935-2
Trumpovi	Trumpov	PER	849-0
Wayne	Wayne	LOC	951-0
Michiganu	Michigan	LOC	935-2
Detroit	Detroit	LOC	968-3
republikanska	republikanski	PER	xxx
demokrata	demokrat	PER	968-0
Joeja Bidna	Joe Bidn	PER	1017-0
Trump Wayne komisijo	Trump Wayne komisija	PER	849-0
Biden	Biden	PER	805-1
Wilmingtonu	Wilmington	LOC	951-1
Trumpovem	Trumpov	PER	849-0
republikancev	republikanec	PER	993-0
Trumpovo	Trumpov	PER	849-0
republikance	republikanec	PER	993-0
Svet	svet	LOC	xxx
Trumpove	Trumpov	PER	849-0
Rudyja Giulianija	Rudy Giuliani	PER	993-6
Giuliani	Giuliani	PER	868-0
Chris	Chris	PER	899-2
Krebs	Krebs	PER	899-2
Giulianijeva	Giulianijev	PER	868-4
demokratska	demokratski	LOC	xxx
Tanzaniji	Tanzanija	LOC	849-7
Venezuele	Venezuela	LOC	1047-6
Kube	Kuba	LOC	1043-0
Kitajske	Kitajska	LOC	1043-2
My	my	PRO	936-26
Vinny	Vinny	PER	936-26
Joe Pesci	Joe Pesci	PER	1017-12
Arizoni	Arizona	LOC	882-3
Georgii	Georgia	LOC	868-1
Novi Mehiki	nov Mehika	LOC	907-5
republikanskih	republikanski	PER	xxx
Marc Scaringi	Marc Scaringi	PER	936-22
Bidnu	Biden	PER	805-1
Bidnov	Bidnov	PER	805-8
Harvarda	Harvard	ORG	912-4
Nicholas Stephanopoulos	Nicholas Stephanopoulos	PER	907-8
