sl-115
Janez Janša	Janez Janša	PER	1013-0
Donaldu Trampu	Donald Tramp	PER	963-12
Joe Biden	Joe Biden	PER	1013-1
Jure Eržen	Jure Eržen	PER	1013-21
Delo	delo	ORG	963-4
JNA	JNA	ORG	1013-18
ZDA	ZDA	LOC	1053-0
Slovencev	Slovenec	PER	816-20
samostojno	samostojen	LOC	xxx
Slovenijo	Slovenija	LOC	816-1
Donaldu Trumpu	Donald Trump	PER	963-1
Washingtonu	Washington	LOC	950-0
Sloveniji	Slovenija	LOC	816-1
Trump	Trump	PER	816-1
republikanski	republikanski	PER	xxx
Ameriki	Amerika	LOC	878-0
Kevin Lamarque	Kevin Lamarque	PER	1041-23
Reuters	Reuters	ORG	990-3
katoliška cerkev	katoliški cerkev	ORG	xxx
Pravičnost in mir	pravičnost in mir	PRO	1041-24
Noriškem kraljestvu	noriški kraljestvo	LOC	905-14
Janši	Janša	PER	xxx
ustavnega loka	ustaven lok	PRO	xxx
Slovenije	Slovenija	LOC	816-1
Američani	Američan	PER	878-1
Mefistom	Mefist	ORG	931-15
