sl-149
Trump	Trump	PER	841-2
Belo hišo	bel hiša	LOC	800-1
Bidnova	Bidnov	PER	800-4
Donald Trump	Donald Trump	PER	965-1
Joe Biden	Joe Biden	PER	1014-2
Bidnove	Bidnov	PER	800-5
Bidnovi	Bidnov	PER	800-6
Beli hiši	bel hiša	LOC	800-1
Biden	Biden	PER	800-3
Vendar	vendar	PER	xxx
Clintonova	Clintonov	PER	897-7
Bidna	biden	PER	800-7
Bidnu	Bidn	PER	800-0
Brez Trumpa	brez Trump	PER	xxx
republikanci	republikanec	PER	991-0
Trumpa	Trump	PER	841-1
Georgii	Georgia	LOC	867-1
Mitch McConnell	Mitch Mcconnell	PER	933-3
Trumpovo	Trumpov	PER	841-0
Georgio	Georgia	LOC	867-1
ZDA	ZDA	LOC	1055-0
republikanskih	republikanski	PER	xxx
Trumpu	Trump	PER	841-1
