sl-208
Američane	Američan	PER	883-0
Združenih državah Amerike	združen država Amerika	LOC	1059-2
guvernerjevo	guvernerjev	LOC	xxx
Austinu	Austin	LOC	883-14
Teksasu	Teksas	LOC	850-1
Clintonovim	Clintonov	PER	899-8
Alom Gorom	Alom Gore	PER	883-18
Georgom Bushem	Georg Bush	PER	868-12
republikancev	republikanec	PER	993-0
Ala Gora	ala Gora	PER	883-1
Busha	Bush	PER	806-3
Republikanci	republikanec	PER	993-10
Bush	Bush	PER	806-3
Teksasa	Teksas	LOC	851-0
Gora	Gora	PER	868-9
Floridi	Florida	LOC	982-3
Gore	Gore	PER	869-9
Bushu	Bush	PER	806-3
Hillary Clinton	Hillary Clinton	PER	912-1
Donaldom Trumpom	Donald Trump	PER	969-4
zvezno policijo obveščevalnimi	zvezen policija obveščevalen	ORG	1059-5
Trump	Trump	PER	851-1
Josephom Bidnom	Joseph Bidn	PER	1018-0
Ljubljani	Ljubljana	LOC	1050-6
Amerike	Amerika	LOC	883-2
George Bush	George Bush	PER	869-0
