sl-205
Donaldu Trumpu	Donald Trump	PER	969-2
Joeja Bidna	Joe Bidn	PER	1017-0
Američanov	Američan	PER	882-1
Trumpovega	Trumpov	PER	850-0
Združenih državah Amerike	združen država Amerika	LOC	1059-2
Fox TV	Fox TV	ORG	982-2
Economist	Economist	PRO	1000-12
Joeju Bidnu	Joe Bidn	PER	1017-0
Donald Trump	Donald Trump	PER	969-2
Trump	Trump	PER	850-0
Joseph	Joseph	PER	1017-22
Joe Biden	Joe Biden	PER	1017-13
igralniški	igralniški	LOC	xxx
Nevadi	Nevada	LOC	xxx
Arizoni	Arizona	LOC	882-3
Pensilvaniji	Pensilvanija	LOC	923-0
Severni Karolini	severen Karolina	LOC	820-2
ZDA	ZDA	LOC	1059-0
Muskegonu	Muskegon	LOC	936-8
Michigan	Michigan	LOC	936-1
demokrati	demokrat	ORG	969-0
Ostro	ostro	PER	xxx
Bidna	Bidn	PER	806-1
Bidnovega	Bidnov	PER	806-12
Hunterja	Hunter	PER	912-17
Ukrajini	Ukrajina	LOC	1035-0
Trumpove	Trumpov	PER	850-0
Trumpovi	Trumpov	PER	850-0
republikanci	republikanec	PER	993-0
Bidnova	Bidnov	PER	806-8
Fox News	Fox News	ORG	982-1
Trumpova	Trumpov	PER	850-0
Kayleigh McEnany	Kayleigh Mcenany	PER	1043-5
Američanom	Američan	PER	882-1
Twitter	Twitter	PER	850-2
Trumpu	Trump	PER	850-0
Beli hiši	bel hiša	LOC	806-2
Scott Atlas	Scott Atlas	PER	820-12
Atlas	Atlas	PRO	882-5
Trumpovih	Trumpov	PER	850-0
Ameriškega inštituta za ekonomske raziskave	ameriški inštitut za ekonomski raziskava	ORG	882-11
twitterja	twitter	PRO	850-3
Biden	Biden	PER	xxx
Trumpom	Trump	PER	850-0
Delaware	Delaware	LOC	969-5
Trumpa	Trump	PER	850-0
Michiganu	Michigan	LOC	936-1
Michigana	Michigan	LOC	936-1
covida-19	covida-19	PRO	xxx
Philadelphii	Philadelphia	LOC	923-2
ABC	ABC	ORG	882-15
Miamiju	Miami	LOC	936-16
