sl-165
Beli hiši	bel hiša	LOC	802-2
Washington	Washington	LOC	950-0
Joe Biden covida-19	Joe Biden covida-19	PER	1015-2
Jill	Jill	PER	1015-5
Bidnovi	Bidnov	PER	802-4
Melania Trump	Melania Trump	PER	934-5
Vanessa Friedman	Vanessa Friedman	PER	1047-11
New York Times	New York Times	MISC	906-5
republikanske	republikanski	PER	xxx
New York Timesa	New York Times	MISC	906-5
Michelle Obama	Michelle Obama	PER	934-6
ZDA	ZDA	LOC	1057-0
Jill Biden	Jill Biden	PER	1015-3
Belo hišo	bel hiša	LOC	802-2
Baracka Obame	Baracko Obame	PER	802-5
republikanca	republikanec	PER	992-0
Georgea W. Busha	George W. Bush	PER	867-2
Bidnovega	Bidnov	PER	802-7
Beauja	Beau	PER	802-3
iraški vojni	iraški vojna	MISC	889-16
Beau Biden	Beau Biden	PER	802-10
Neilie	Neilie	PER	906-7
Joe Biden	Joe Biden	PER	1015-2
Beauju	Beau	PER	802-3
Hunterju	Hunter	PER	912-3
Bill Stevenson	Bill Stevenson	PER	802-6
Ashley B «	Ashley B «	PER	880-18
Hunterja	Hunter	PER	912-2
Ukrajini	Ukrajina	LOC	1035-0
