sl-124
Steve	Steve	PER	817-14
Bannon	Bannon	PER	817-14
Bannona	Bannon	PER	797-7
Gradimo zid	graditi zid	PRO	866-19
Briana Kolfaga	Brian Kolfag	PER	797-8
Connecticuta	Connecticut	LOC	897-13
Guoja Wenguija	Guo Wengui	PER	866-16
ZDA	ZDA	LOC	1054-0
Na zvezno sodišče na	na zvezen sodišče na	ORG	xxx
Manhattnu	Manhattan	LOC	1054-9
Trumpove	Trumpov	PER	837-0
Najprej Amerika	najprej Amerika	PRO	905-7
New Yorka	New York	LOC	905-3
Manhattan	Manhattan	LOC	932-10
Wall Streeta	Wall Street	LOC	950-5
banki	banka	ORG	xxx
Goldman Sachs	Goldman Sachs	ORG	866-10
Breitbart News	Breitbart News	PRO	798-10
Trump	Trump	PER	837-0
Bele hiše	bel hiša	LOC	798-0
Mehiko	Mehika	LOC	932-3
Mehike	Mehika	LOC	932-3
Mehika	Mehika	LOC	932-3
Trumpovega	Trumpov	PER	837-2
demokrati	demokrat	PER	964-0
Pentagona	Pentagon	ORG	921-3
Zvezno tožilstvo južnega New Yorka	zvezen tožilstvo južen New York	ORG	1054-8
Trumpovi	Trumpov	PER	838-0
Josepha Bidna	Joseph Bidn	PER	1014-1
Kate Bedingfield	Kata Bedingfield	PER	1041-22
Novi Mehiki	nov Mehika	LOC	905-25
Teksasu	Teksas	LOC	838-4
Michaela Wolffa	Michael Wolff	PER	932-19
Fox News	Fox News	PRO	980-2
