sl-110
Joe Biden	Joe Biden	PER	1012-1
ZDA	ZDA	LOC	1053-0
Američane	Američan	PER	877-1
Kamala Harris	Kamala Harris	PER	1040-8
Amerika	Amerika	LOC	1053-2
Američani	Američan	PER	877-1
Wilmingtonu	Wilmington	LOC	950-3
Delaware	Delaware	LOC	963-10
Američanov	Američan	PER	877-1
Biden	Biden	PER	796-1
Združene države Amerike	združen država Amerika	LOC	1053-1
Donalda Trumpa	Donald Trump	PER	963-1
Trump	Trump	PER	835-2
Bidnovo	Bidnov	PER	796-17
Trumpu	Trump	PER	835-2
Fox News	Fox News	PRO	980-2
Bidna	Bidn	PER	796-0
Harrisove	Harrisov	PER	911-34
Bidnom	Bidn	PER	xxx
Harrisova	Harrisov	PER	911-12
Jamajke	Jamajka	LOC	1012-7
Indije	Indija	LOC	888-9
19. amandmaja k ameriški ustavi	19. amandma k ameriški ustava	PRO	xxx
Joa Bidna	Joa Bidn	PER	1012-15
Ameriko	Amerika	LOC	877-2
Georgie	Georgia	LOC	865-5
Johna Lewisa	John Lewis	PER	1012-16
demokratske	demokratski	ORG	xxx
Amerike	Amerika	LOC	877-2
Joe	Joe	PER	1012-5
Ameriki	Amerika	LOC	877-2
