sl-130
Trump	Trump	PER	839-1
Barr	Barr	PER	798-6
CNN	CNN	MISC	897-5
Trumpa	Trump	PER	839-1
demokratom	demokrat	PER	964-0
demokratov	demokrat	ORG	964-0
Turmp	Turmp	PER	839-3
Wilmingtonu	Wilmington	LOC	950-3
Severni Karolini	severen Karolina	LOC	817-2
demokrati	demokrat	PER	964-0
ZDA	ZDA	LOC	1054-0
Severno Karolino	severen Karolina	LOC	817-2
Severne Karoline	severen Karolina	LOC	817-2
Josh Stein	Josh Stein	PER	1014-17
Patrick Gannon	Patrick Gannon	PER	921-20
demokrate	demokrat	PER	964-0
Trumpu	Trump	PER	839-1
Josephom Bidnom	Joseph Bidn	PER	1014-25
Kitajskem	Kitajsko	LOC	1041-17
