sl-20
Bele hiše	bel hiša	LOC	805-2
Joe Biden	Joe Biden	PER	1017-3
Trumpove	Trumpov	PER	849-0
Amerike	Amerika	LOC	882-4
Donalda Trumpa	Donald Trump	PER	968-2
republikanca	republikanec	PER	993-0
Georgea W. Busha	George W. Bush	PER	868-13
Bidna	Bidn	PER	805-0
Janis Varufakis	Janis Varufakis	PER	1017-21
Guardianu	Guardian	PRO	868-8
Američani	Američan	LOC	882-1
Trump	Trump	PER	849-0
Američanom	Američan	PER	882-1
Varufakis	Varufakis	PER	1047-28
LGBT	LGBT	ORG	1050-20
ZDA	ZDA	LOC	1059-0
Branko Milanović	Branko Milanović	PER	805-15
Global Inequality	Global Inequality	PRO	868-11
Joeja Bidna	Joe Bidn	PER	1017-0
demokrate	demokrat	PER	968-0
republikance	republikanec	PER	993-0
Združene države	združen država	LOC	1059-4
Amerika Biden	Amerika Biden	LOC	882-4
Demokratska stranka	demokratski stranka	ORG	968-4
Demokrati	demokrat	PER	968-1
temnopoltimi	temnopolt	PER	xxx
Latinoameričani	Latinoameričan	PER	1050-8
Bernie Sanders	Bernie Sanders	PER	805-6
Elizabeth Warren	Elizabeth Warren	PER	1000-2
demokratov	demokrat	ORG	968-0
Hillary Clinton	Hillary Clinton	PER	912-1
Sandersa	Sanders	PER	820-15
republikanci	republikanec	ORG	993-0
Bidnovo	Bidnov	PER	805-13
Ameriko	Amerika	LOC	882-4
Američanov	Američan	PER	882-1
Biden	Biden	PER	805-1
republikancev	republikanec	ORG	993-0
Masha Gessen	Masha Gessen	PER	xxx
Bálinta Magyarja	Bálint Magyar	PER	805-11
Evropski uniji	evropski unija	ORG	1000-3
Madžarskem	Madžarsko	LOC	936-21
Gessen	Gessen	PER	868-5
evropskem vzhodu	evropski vzhod	LOC	1000-3
Združenih državah	združen država	LOC	1059-3
Williama Barra	William Barr	PER	951-10
republikanske	republikanski	ORG	xxx
Mitcha McConnella	Mitch Mcconnell	PER	936-13
Donald Trump	Donald Trump	PER	968-2
