sl-217
predstavniškega doma ameriškega kongresa	predstavniški dom ameriški kongres	ORG	924-12
Nancy Pelosi	Nancy Pelosi	PER	908-4
Washington	Washington	LOC	951-2
demokrati	demokrat	PER	970-2
Trumpove	Trumpov	PER	852-0
Odbor	odbor	ORG	1006-24
Louisa DeJoyja	Louis Dejoy	PER	1051-2
ZDA	ZDA	LOC	1060-0
Donalda Trumpa	Donald Trump	PER	970-1
Trumpov	Trumpov	PER	852-0
DeJoy	Dejoy	PER	970-3
Joy	Joy	PER	1018-19
Center za nadzor nad boleznimi	center za nadzor nad bolezen	ORG	899-18
CDC	CDC	ORG	899-20
Američanom	Američan	PER	883-0
Trump	Trump	PER	852-0
demokratom	demokrat	PER	970-0
Melanio Trump	Melania Trump	PER	937-1
Floride	Florida	LOC	982-3
Vermonta	Vermont	LOC	1047-10
Bernie Sanders	Bernie Sanders	PER	807-7
Josephom Bidnom	Joseph Bidn	PER	1018-0
kongresni demokrati	kongresen demokrat	PER	1044-14
DeJoya	Dejoy	PER	970-3
DeJoyja	Dejoy	PER	970-3
Obenem	obenem	PER	xxx
Mark Meadows poštnih delavcev	Mark Meadows pošten delavec	PER	937-24
Bidnovo	Bidnov	PER	807-19
Barack Obama	Barack Obama	PER	807-1
republikanci	republikanec	PER	994-0
Obama	Obama	PER	1006-2
Ameriška pošta	ameriški pošta	ORG	xxx
Washingtonu	Washington	LOC	951-2
Kim Frum	Kim Frum	PER	1044-9
Trumpovega	Trumpov	PER	852-4
Meadows	Meadows	PER	937-27
FedEx	Fedex	ORG	982-10
UPS	UPS	ORG	1035-12
Kolorado	Kolorado	LOC	1044-17
Havaji	Havaji	LOC	912-16
Oregon	Oregon	LOC	1006-3
Utah Washington	Utah Washington	LOC	1035-5
Kalifornija	Kalifornija	LOC	1044-0
Nevada	Nevada	LOC	908-0
Vermont	Vermont	LOC	1048-23
Pensilvanija	Pensilvanija	LOC	924-1
