sl-35
Trumpovo	Trumpov	PER	856-0
Donald Trump	Donald Trump	PER	972-0
Amy Coney Barrett	Amy Coney Barrett	PER	885-5
Amy Coney Barrett dom ameriškega parlamenta	Amy Coney Barrett dom ameriški parlament	PER	885-5
ustavnim sodiščem	ustaven sodišče	ORG	xxx
republikancev	republikanec	PER	995-2
Donalda Trumpa	Donald Trump	PER	972-0
Vrhovno sodišče	vrhoven sodišče	ORG	1048-5
demokratu	demokrat	PER	972-1
Joeju Bidnu	Joe Bidn	PER	1019-1
demokratom	demokrat	PER	972-1
Američani	Američan	PER	885-3
republikanci	republikanec	PER	995-1
Trump	Trump	PER	856-0
konservativcev	konservativec	PER	1044-1
Ruth Bader Ginsburg	Ruth Bader Ginsburg	PER	995-16
Bader Ginsburgove	Bader Ginsburgov	PER	810-16
Merricka Garlanda	Merrick Garland	PER	938-3
Barack Obama	Barack Obama	PER	810-3
Coney Barrettove	Coney Barrettov	PER	900-5
Neila Gorsucha	Neil Gorsuch	PER	909-6
Bretta Kavanaugha	Brett Kavanaugh	PER	810-22
Joeja Bidna	Joe Bidn	PER	1019-1
ZDA	ZDA	LOC	1062-0
Katoliške cerkve	katoliški cerkev	ORG	1044-10
Belo hišo	bel hiša	LOC	810-2
Melania	Melania	PER	938-1
covidom-19	covidom-19	PRO	xxx
Vseeno	vseeno	PER	xxx
