uk-48
DW	DW	ORG	ORG-Deutsche-Welle
Nord Stream 2	Nord Stream 2	ORG	ORG-Nord-Stream-2-AG
ЄС	ЄС	LOC	ORG-European-Union
Європі	Європа	LOC	GPE-Europe
Адміністрація президента	Адміністрація президента	ORG	ORG-US-President-Administration
Вашингтон	Вашингтон	LOC	GPE-WashingtonDC
Данії	Данія	LOC	GPE-Denmark
Дональда Трампа	Дональд Трамп	PER	PER-Donald-Trump
Естонії	Естонія	LOC	GPE-Estonia
КИЇВ	Київ	LOC	GPE-Kiev
МЗС	МЗС	ORG	ORG-Foreign-Office
Майкл Помпео	Майкл Помпео	PER	PER-Mike-Pompeo
Міксер	Міксер	PER	PER-Sven-Mikser
Німеччини	Німеччина	LOC	GPE-Germany
Німеччині	Німеччина	LOC	GPE-Germany
Пол Коркоран	Пол Коркоран	PER	PER-Paul-Corcoran
Північний потік-2	Північний потік-2	ORG	ORG-Nord-Stream-2-AG
Північного потоку-2	Північний потік-2	ORG	ORG-Nord-Stream-2-AG
Росії	Росія	LOC	GPE-Russia
С.Міксера	С.Міксер	PER	PER-Sven-Mikser
США	США	LOC	GPE-USA
Свен Міксер	Свен Міксер	PER	PER-Sven-Mikser
УНН	УНН	ORG	ORG-UNN
Фінляндії	Фінляндія	LOC	GPE-Finland
Швеції	Швеція	LOC	GPE-Sweden
