bg-754
БТА	БТА	ORG	ORG-Bulgarian-News-Agency
Берлин	Берлин	LOC	GPE-Berlin
Володимир Гройсман	Володимир Гройсман	PER	PER-Volodymyr-Groysman
Германия	Германия	LOC	GPE-Germany
ДПА	ДПА	ORG	ORG-DPA
ЕС	ЕС	ORG	ORG-European-Union
Източна Украйна	Източна Украйна	LOC	LOC-East-Ukraine
Киев	Киев	LOC	GPE-Kiev
Крим	Крим	LOC	GPE-Crimea
Лвов	Лвов	LOC	GPE-Lviv
Мариинския дворец	Мариински дворец	LOC	LOC-Mariyinsky-Palace-Kiev
Москва	Москва	LOC	GPE-Moscow
Паметника на незнайния войн	Паметник на незнайния войн	PRO	PRO-The-Tomb-of-the-Unknown-Soldier-Kiev
Петер Алтмайер	Петер Алтмайер	PER	PER-Peter-Altmaier
Петро Порошенко	Петро Порошенко	PER	PER-Petro-Poroshenko
Порошенко	Порошенко	PER	PER-Petro-Poroshenko
Русия	Русия	LOC	GPE-Russia
Северен поток-2	Северен поток 2	PRO	PRO-Nord-Stream-2
ТАСС	ТАСС	ORG	ORG-TASS-Agency
Украйна	Украйна	LOC	GPE-Ukraine
Укринфром	Укринформ	ORG	ORG-Ukrinform
Франк-Валтер Щайнмайер	Франк-Валтер Щайнмайер	PER	PER-Frank-Walter-Steinmeier
Щайнмайер	Щайнмайер	PER	PER-Frank-Walter-Steinmeier
