bg-10
"Северен поток" 2	Северен поток 2	PRO	PRO-Nord-Stream-2
Nord Stream 2 	Nord Stream 2	ORG	ORG-Nord-Stream-2-AG
Австрия 	Австрия	LOC	GPE-Austria
Балтийско море	Балтийско море	LOC	LOC-Baltic-Sea
Вашингтон 	Вашингтон	LOC	GPE-WashingtonDC
Германия 	Германия	LOC	GPE-Germany
Германия	Германия	LOC	GPE-Germany
Дания 	Дания	LOC	GPE-Denmark
Доналд Тръмп	Доналд Тръмп	PER	PER-Donald-Trump
Европа 	Европа	LOC	LOC-Europe
Европа	Европа	LOC	LOC-Europe
Москва 	Москва	LOC	GPE-Moscow
Полша	Полша	LOC	GPE-Poland
Ройтерс 	Ройтерс	ORG	ORG-Reuters
Ройтерс	Ройтерс	ORG	ORG-Reuters
Русия 	Русия	LOC	GPE-Russia
Русия	Русия	LOC	GPE-Russia
САЩ 	САЩ	LOC	GPE-USA
Северен поток	Северен поток	PRO	PRO-Nord-Stream-1
Украйна 	Украйна	LOC	GPE-Ukraine
Финландия	Финландия	LOC	GPE-Finland
Франсис Фенън	Франсис Фенън	PER	PER-Francis-Fannon
Швеция 	Швеция	LOC	GPE-Sweden
